[2025-11-27T06:58:20.391+0000] {processor.py:186} INFO - Started process (PID=282) to work on /opt/airflow/dags/collect_metrics.py
[2025-11-27T06:58:20.393+0000] {processor.py:914} INFO - Processing file /opt/airflow/dags/collect_metrics.py for tasks to queue
[2025-11-27T06:58:20.396+0000] {logging_mixin.py:190} INFO - [2025-11-27T06:58:20.395+0000] {dagbag.py:588} INFO - Filling up the DagBag from /opt/airflow/dags/collect_metrics.py
[2025-11-27T06:58:20.481+0000] {processor.py:925} INFO - DAG(s) 'collect_metrics' retrieved from /opt/airflow/dags/collect_metrics.py
[2025-11-27T06:58:20.658+0000] {logging_mixin.py:190} INFO - [2025-11-27T06:58:20.656+0000] {override.py:1901} INFO - Created Permission View: can read on DAG:collect_metrics
[2025-11-27T06:58:20.678+0000] {logging_mixin.py:190} INFO - [2025-11-27T06:58:20.677+0000] {override.py:1901} INFO - Created Permission View: can edit on DAG:collect_metrics
[2025-11-27T06:58:20.693+0000] {logging_mixin.py:190} INFO - [2025-11-27T06:58:20.693+0000] {override.py:1901} INFO - Created Permission View: can delete on DAG:collect_metrics
[2025-11-27T06:58:20.711+0000] {logging_mixin.py:190} INFO - [2025-11-27T06:58:20.711+0000] {override.py:1901} INFO - Created Permission View: can read on DAG Run:collect_metrics
[2025-11-27T06:58:20.725+0000] {logging_mixin.py:190} INFO - [2025-11-27T06:58:20.724+0000] {override.py:1901} INFO - Created Permission View: can create on DAG Run:collect_metrics
[2025-11-27T06:58:20.735+0000] {logging_mixin.py:190} INFO - [2025-11-27T06:58:20.734+0000] {override.py:1901} INFO - Created Permission View: menu access on DAG Run:collect_metrics
[2025-11-27T06:58:20.744+0000] {logging_mixin.py:190} INFO - [2025-11-27T06:58:20.744+0000] {override.py:1901} INFO - Created Permission View: can delete on DAG Run:collect_metrics
[2025-11-27T06:58:20.748+0000] {logging_mixin.py:190} INFO - [2025-11-27T06:58:20.748+0000] {dag.py:3239} INFO - Sync 1 DAGs
[2025-11-27T06:58:20.766+0000] {logging_mixin.py:190} INFO - [2025-11-27T06:58:20.765+0000] {dag.py:3262} INFO - Creating ORM DAG for collect_metrics
[2025-11-27T06:58:20.767+0000] {logging_mixin.py:190} INFO - [2025-11-27T06:58:20.767+0000] {dag.py:4180} INFO - Setting next_dagrun for collect_metrics to None, run_after=None
[2025-11-27T06:58:20.800+0000] {processor.py:208} INFO - Processing /opt/airflow/dags/collect_metrics.py took 0.419 seconds
[2025-11-27T06:58:50.919+0000] {processor.py:186} INFO - Started process (PID=291) to work on /opt/airflow/dags/collect_metrics.py
[2025-11-27T06:58:50.921+0000] {processor.py:914} INFO - Processing file /opt/airflow/dags/collect_metrics.py for tasks to queue
[2025-11-27T06:58:50.922+0000] {logging_mixin.py:190} INFO - [2025-11-27T06:58:50.922+0000] {dagbag.py:588} INFO - Filling up the DagBag from /opt/airflow/dags/collect_metrics.py
[2025-11-27T06:58:50.944+0000] {processor.py:925} INFO - DAG(s) 'collect_metrics' retrieved from /opt/airflow/dags/collect_metrics.py
[2025-11-27T06:58:50.982+0000] {logging_mixin.py:190} INFO - [2025-11-27T06:58:50.982+0000] {dag.py:3239} INFO - Sync 1 DAGs
[2025-11-27T06:58:51.002+0000] {logging_mixin.py:190} INFO - [2025-11-27T06:58:51.001+0000] {dag.py:4180} INFO - Setting next_dagrun for collect_metrics to None, run_after=None
[2025-11-27T06:58:51.035+0000] {processor.py:208} INFO - Processing /opt/airflow/dags/collect_metrics.py took 0.125 seconds
[2025-11-27T06:59:21.184+0000] {processor.py:186} INFO - Started process (PID=300) to work on /opt/airflow/dags/collect_metrics.py
[2025-11-27T06:59:21.188+0000] {processor.py:914} INFO - Processing file /opt/airflow/dags/collect_metrics.py for tasks to queue
[2025-11-27T06:59:21.191+0000] {logging_mixin.py:190} INFO - [2025-11-27T06:59:21.190+0000] {dagbag.py:588} INFO - Filling up the DagBag from /opt/airflow/dags/collect_metrics.py
[2025-11-27T06:59:21.250+0000] {processor.py:925} INFO - DAG(s) 'collect_metrics' retrieved from /opt/airflow/dags/collect_metrics.py
[2025-11-27T06:59:21.286+0000] {logging_mixin.py:190} INFO - [2025-11-27T06:59:21.285+0000] {dag.py:3239} INFO - Sync 1 DAGs
[2025-11-27T06:59:21.311+0000] {logging_mixin.py:190} INFO - [2025-11-27T06:59:21.311+0000] {dag.py:4180} INFO - Setting next_dagrun for collect_metrics to None, run_after=None
[2025-11-27T06:59:21.391+0000] {processor.py:208} INFO - Processing /opt/airflow/dags/collect_metrics.py took 0.222 seconds
[2025-11-27T06:59:51.749+0000] {processor.py:186} INFO - Started process (PID=309) to work on /opt/airflow/dags/collect_metrics.py
[2025-11-27T06:59:51.752+0000] {processor.py:914} INFO - Processing file /opt/airflow/dags/collect_metrics.py for tasks to queue
[2025-11-27T06:59:51.756+0000] {logging_mixin.py:190} INFO - [2025-11-27T06:59:51.755+0000] {dagbag.py:588} INFO - Filling up the DagBag from /opt/airflow/dags/collect_metrics.py
[2025-11-27T06:59:51.814+0000] {processor.py:925} INFO - DAG(s) 'collect_metrics' retrieved from /opt/airflow/dags/collect_metrics.py
[2025-11-27T06:59:51.856+0000] {logging_mixin.py:190} INFO - [2025-11-27T06:59:51.855+0000] {dag.py:3239} INFO - Sync 1 DAGs
[2025-11-27T06:59:51.878+0000] {logging_mixin.py:190} INFO - [2025-11-27T06:59:51.878+0000] {dag.py:4180} INFO - Setting next_dagrun for collect_metrics to None, run_after=None
[2025-11-27T06:59:51.923+0000] {processor.py:208} INFO - Processing /opt/airflow/dags/collect_metrics.py took 0.193 seconds
[2025-11-27T07:00:22.054+0000] {processor.py:186} INFO - Started process (PID=318) to work on /opt/airflow/dags/collect_metrics.py
[2025-11-27T07:00:22.056+0000] {processor.py:914} INFO - Processing file /opt/airflow/dags/collect_metrics.py for tasks to queue
[2025-11-27T07:00:22.058+0000] {logging_mixin.py:190} INFO - [2025-11-27T07:00:22.058+0000] {dagbag.py:588} INFO - Filling up the DagBag from /opt/airflow/dags/collect_metrics.py
[2025-11-27T07:00:22.116+0000] {processor.py:925} INFO - DAG(s) 'collect_metrics' retrieved from /opt/airflow/dags/collect_metrics.py
[2025-11-27T07:00:22.166+0000] {logging_mixin.py:190} INFO - [2025-11-27T07:00:22.166+0000] {dag.py:3239} INFO - Sync 1 DAGs
[2025-11-27T07:00:22.190+0000] {logging_mixin.py:190} INFO - [2025-11-27T07:00:22.190+0000] {dag.py:4180} INFO - Setting next_dagrun for collect_metrics to None, run_after=None
[2025-11-27T07:00:22.228+0000] {processor.py:208} INFO - Processing /opt/airflow/dags/collect_metrics.py took 0.185 seconds
[2025-11-27T07:00:52.493+0000] {processor.py:186} INFO - Started process (PID=327) to work on /opt/airflow/dags/collect_metrics.py
[2025-11-27T07:00:52.497+0000] {processor.py:914} INFO - Processing file /opt/airflow/dags/collect_metrics.py for tasks to queue
[2025-11-27T07:00:52.500+0000] {logging_mixin.py:190} INFO - [2025-11-27T07:00:52.499+0000] {dagbag.py:588} INFO - Filling up the DagBag from /opt/airflow/dags/collect_metrics.py
[2025-11-27T07:00:52.553+0000] {processor.py:925} INFO - DAG(s) 'collect_metrics' retrieved from /opt/airflow/dags/collect_metrics.py
[2025-11-27T07:00:52.608+0000] {logging_mixin.py:190} INFO - [2025-11-27T07:00:52.607+0000] {dag.py:3239} INFO - Sync 1 DAGs
[2025-11-27T07:00:52.634+0000] {logging_mixin.py:190} INFO - [2025-11-27T07:00:52.634+0000] {dag.py:4180} INFO - Setting next_dagrun for collect_metrics to None, run_after=None
[2025-11-27T07:00:52.687+0000] {processor.py:208} INFO - Processing /opt/airflow/dags/collect_metrics.py took 0.211 seconds
[2025-11-27T07:01:22.808+0000] {processor.py:186} INFO - Started process (PID=336) to work on /opt/airflow/dags/collect_metrics.py
[2025-11-27T07:01:22.812+0000] {processor.py:914} INFO - Processing file /opt/airflow/dags/collect_metrics.py for tasks to queue
[2025-11-27T07:01:22.814+0000] {logging_mixin.py:190} INFO - [2025-11-27T07:01:22.814+0000] {dagbag.py:588} INFO - Filling up the DagBag from /opt/airflow/dags/collect_metrics.py
[2025-11-27T07:01:22.891+0000] {processor.py:925} INFO - DAG(s) 'collect_metrics' retrieved from /opt/airflow/dags/collect_metrics.py
[2025-11-27T07:01:22.927+0000] {logging_mixin.py:190} INFO - [2025-11-27T07:01:22.927+0000] {dag.py:3239} INFO - Sync 1 DAGs
[2025-11-27T07:01:22.966+0000] {logging_mixin.py:190} INFO - [2025-11-27T07:01:22.965+0000] {dag.py:4180} INFO - Setting next_dagrun for collect_metrics to None, run_after=None
[2025-11-27T07:01:23.000+0000] {processor.py:208} INFO - Processing /opt/airflow/dags/collect_metrics.py took 0.205 seconds
[2025-11-27T07:01:53.744+0000] {processor.py:186} INFO - Started process (PID=345) to work on /opt/airflow/dags/collect_metrics.py
[2025-11-27T07:01:53.747+0000] {processor.py:914} INFO - Processing file /opt/airflow/dags/collect_metrics.py for tasks to queue
[2025-11-27T07:01:53.749+0000] {logging_mixin.py:190} INFO - [2025-11-27T07:01:53.749+0000] {dagbag.py:588} INFO - Filling up the DagBag from /opt/airflow/dags/collect_metrics.py
[2025-11-27T07:01:53.790+0000] {processor.py:925} INFO - DAG(s) 'collect_metrics' retrieved from /opt/airflow/dags/collect_metrics.py
[2025-11-27T07:01:53.828+0000] {logging_mixin.py:190} INFO - [2025-11-27T07:01:53.828+0000] {dag.py:3239} INFO - Sync 1 DAGs
[2025-11-27T07:01:53.854+0000] {logging_mixin.py:190} INFO - [2025-11-27T07:01:53.853+0000] {dag.py:4180} INFO - Setting next_dagrun for collect_metrics to None, run_after=None
[2025-11-27T07:01:53.901+0000] {processor.py:208} INFO - Processing /opt/airflow/dags/collect_metrics.py took 0.171 seconds
[2025-11-27T07:02:24.703+0000] {processor.py:186} INFO - Started process (PID=355) to work on /opt/airflow/dags/collect_metrics.py
[2025-11-27T07:02:24.710+0000] {processor.py:914} INFO - Processing file /opt/airflow/dags/collect_metrics.py for tasks to queue
[2025-11-27T07:02:24.719+0000] {logging_mixin.py:190} INFO - [2025-11-27T07:02:24.719+0000] {dagbag.py:588} INFO - Filling up the DagBag from /opt/airflow/dags/collect_metrics.py
[2025-11-27T07:02:24.770+0000] {processor.py:925} INFO - DAG(s) 'collect_metrics' retrieved from /opt/airflow/dags/collect_metrics.py
[2025-11-27T07:02:24.804+0000] {logging_mixin.py:190} INFO - [2025-11-27T07:02:24.804+0000] {dag.py:3239} INFO - Sync 1 DAGs
[2025-11-27T07:02:24.822+0000] {logging_mixin.py:190} INFO - [2025-11-27T07:02:24.822+0000] {dag.py:4180} INFO - Setting next_dagrun for collect_metrics to None, run_after=None
[2025-11-27T07:02:24.855+0000] {processor.py:208} INFO - Processing /opt/airflow/dags/collect_metrics.py took 0.162 seconds
[2025-11-27T07:02:55.782+0000] {processor.py:186} INFO - Started process (PID=370) to work on /opt/airflow/dags/collect_metrics.py
[2025-11-27T07:02:55.784+0000] {processor.py:914} INFO - Processing file /opt/airflow/dags/collect_metrics.py for tasks to queue
[2025-11-27T07:02:55.787+0000] {logging_mixin.py:190} INFO - [2025-11-27T07:02:55.786+0000] {dagbag.py:588} INFO - Filling up the DagBag from /opt/airflow/dags/collect_metrics.py
[2025-11-27T07:02:55.826+0000] {processor.py:925} INFO - DAG(s) 'collect_metrics' retrieved from /opt/airflow/dags/collect_metrics.py
[2025-11-27T07:02:55.862+0000] {logging_mixin.py:190} INFO - [2025-11-27T07:02:55.861+0000] {dag.py:3239} INFO - Sync 1 DAGs
[2025-11-27T07:02:55.882+0000] {logging_mixin.py:190} INFO - [2025-11-27T07:02:55.881+0000] {dag.py:4180} INFO - Setting next_dagrun for collect_metrics to None, run_after=None
[2025-11-27T07:02:55.910+0000] {processor.py:208} INFO - Processing /opt/airflow/dags/collect_metrics.py took 0.140 seconds
[2025-11-27T07:03:26.950+0000] {processor.py:186} INFO - Started process (PID=379) to work on /opt/airflow/dags/collect_metrics.py
[2025-11-27T07:03:26.954+0000] {processor.py:914} INFO - Processing file /opt/airflow/dags/collect_metrics.py for tasks to queue
[2025-11-27T07:03:26.957+0000] {logging_mixin.py:190} INFO - [2025-11-27T07:03:26.956+0000] {dagbag.py:588} INFO - Filling up the DagBag from /opt/airflow/dags/collect_metrics.py
[2025-11-27T07:03:27.006+0000] {processor.py:925} INFO - DAG(s) 'collect_metrics' retrieved from /opt/airflow/dags/collect_metrics.py
[2025-11-27T07:03:27.048+0000] {logging_mixin.py:190} INFO - [2025-11-27T07:03:27.048+0000] {dag.py:3239} INFO - Sync 1 DAGs
[2025-11-27T07:03:27.075+0000] {logging_mixin.py:190} INFO - [2025-11-27T07:03:27.074+0000] {dag.py:4180} INFO - Setting next_dagrun for collect_metrics to None, run_after=None
[2025-11-27T07:03:27.110+0000] {processor.py:208} INFO - Processing /opt/airflow/dags/collect_metrics.py took 0.173 seconds
[2025-11-27T07:03:57.459+0000] {processor.py:186} INFO - Started process (PID=388) to work on /opt/airflow/dags/collect_metrics.py
[2025-11-27T07:03:57.462+0000] {processor.py:914} INFO - Processing file /opt/airflow/dags/collect_metrics.py for tasks to queue
[2025-11-27T07:03:57.466+0000] {logging_mixin.py:190} INFO - [2025-11-27T07:03:57.465+0000] {dagbag.py:588} INFO - Filling up the DagBag from /opt/airflow/dags/collect_metrics.py
[2025-11-27T07:03:57.538+0000] {processor.py:925} INFO - DAG(s) 'collect_metrics' retrieved from /opt/airflow/dags/collect_metrics.py
[2025-11-27T07:03:57.585+0000] {logging_mixin.py:190} INFO - [2025-11-27T07:03:57.585+0000] {dag.py:3239} INFO - Sync 1 DAGs
[2025-11-27T07:03:57.608+0000] {logging_mixin.py:190} INFO - [2025-11-27T07:03:57.608+0000] {dag.py:4180} INFO - Setting next_dagrun for collect_metrics to None, run_after=None
[2025-11-27T07:03:57.650+0000] {processor.py:208} INFO - Processing /opt/airflow/dags/collect_metrics.py took 0.202 seconds
[2025-11-27T07:04:28.462+0000] {processor.py:186} INFO - Started process (PID=397) to work on /opt/airflow/dags/collect_metrics.py
[2025-11-27T07:04:28.465+0000] {processor.py:914} INFO - Processing file /opt/airflow/dags/collect_metrics.py for tasks to queue
[2025-11-27T07:04:28.468+0000] {logging_mixin.py:190} INFO - [2025-11-27T07:04:28.468+0000] {dagbag.py:588} INFO - Filling up the DagBag from /opt/airflow/dags/collect_metrics.py
[2025-11-27T07:04:28.520+0000] {processor.py:925} INFO - DAG(s) 'collect_metrics' retrieved from /opt/airflow/dags/collect_metrics.py
[2025-11-27T07:04:28.559+0000] {logging_mixin.py:190} INFO - [2025-11-27T07:04:28.559+0000] {dag.py:3239} INFO - Sync 1 DAGs
[2025-11-27T07:04:28.580+0000] {logging_mixin.py:190} INFO - [2025-11-27T07:04:28.580+0000] {dag.py:4180} INFO - Setting next_dagrun for collect_metrics to None, run_after=None
[2025-11-27T07:04:28.619+0000] {processor.py:208} INFO - Processing /opt/airflow/dags/collect_metrics.py took 0.167 seconds
[2025-11-27T07:04:59.579+0000] {processor.py:186} INFO - Started process (PID=406) to work on /opt/airflow/dags/collect_metrics.py
[2025-11-27T07:04:59.582+0000] {processor.py:914} INFO - Processing file /opt/airflow/dags/collect_metrics.py for tasks to queue
[2025-11-27T07:04:59.586+0000] {logging_mixin.py:190} INFO - [2025-11-27T07:04:59.585+0000] {dagbag.py:588} INFO - Filling up the DagBag from /opt/airflow/dags/collect_metrics.py
[2025-11-27T07:04:59.628+0000] {processor.py:925} INFO - DAG(s) 'collect_metrics' retrieved from /opt/airflow/dags/collect_metrics.py
[2025-11-27T07:04:59.667+0000] {logging_mixin.py:190} INFO - [2025-11-27T07:04:59.666+0000] {dag.py:3239} INFO - Sync 1 DAGs
[2025-11-27T07:04:59.684+0000] {logging_mixin.py:190} INFO - [2025-11-27T07:04:59.683+0000] {dag.py:4180} INFO - Setting next_dagrun for collect_metrics to None, run_after=None
[2025-11-27T07:04:59.719+0000] {processor.py:208} INFO - Processing /opt/airflow/dags/collect_metrics.py took 0.152 seconds
[2025-11-27T07:05:30.566+0000] {processor.py:186} INFO - Started process (PID=415) to work on /opt/airflow/dags/collect_metrics.py
[2025-11-27T07:05:30.569+0000] {processor.py:914} INFO - Processing file /opt/airflow/dags/collect_metrics.py for tasks to queue
[2025-11-27T07:05:30.571+0000] {logging_mixin.py:190} INFO - [2025-11-27T07:05:30.571+0000] {dagbag.py:588} INFO - Filling up the DagBag from /opt/airflow/dags/collect_metrics.py
[2025-11-27T07:05:30.625+0000] {processor.py:925} INFO - DAG(s) 'collect_metrics' retrieved from /opt/airflow/dags/collect_metrics.py
[2025-11-27T07:05:30.678+0000] {logging_mixin.py:190} INFO - [2025-11-27T07:05:30.678+0000] {dag.py:3239} INFO - Sync 1 DAGs
[2025-11-27T07:05:30.708+0000] {logging_mixin.py:190} INFO - [2025-11-27T07:05:30.707+0000] {dag.py:4180} INFO - Setting next_dagrun for collect_metrics to None, run_after=None
[2025-11-27T07:05:30.748+0000] {processor.py:208} INFO - Processing /opt/airflow/dags/collect_metrics.py took 0.196 seconds
[2025-11-27T07:06:38.696+0000] {processor.py:186} INFO - Started process (PID=70) to work on /opt/airflow/dags/collect_metrics.py
[2025-11-27T07:06:38.698+0000] {processor.py:914} INFO - Processing file /opt/airflow/dags/collect_metrics.py for tasks to queue
[2025-11-27T07:06:38.703+0000] {logging_mixin.py:190} INFO - [2025-11-27T07:06:38.703+0000] {dagbag.py:588} INFO - Filling up the DagBag from /opt/airflow/dags/collect_metrics.py
[2025-11-27T07:06:38.764+0000] {processor.py:925} INFO - DAG(s) 'collect_metrics' retrieved from /opt/airflow/dags/collect_metrics.py
[2025-11-27T07:06:38.828+0000] {logging_mixin.py:190} INFO - [2025-11-27T07:06:38.828+0000] {dag.py:3239} INFO - Sync 1 DAGs
[2025-11-27T07:06:38.847+0000] {logging_mixin.py:190} INFO - [2025-11-27T07:06:38.847+0000] {dag.py:4180} INFO - Setting next_dagrun for collect_metrics to None, run_after=None
[2025-11-27T07:06:38.882+0000] {processor.py:208} INFO - Processing /opt/airflow/dags/collect_metrics.py took 0.198 seconds
[2025-11-27T07:07:09.473+0000] {processor.py:186} INFO - Started process (PID=85) to work on /opt/airflow/dags/collect_metrics.py
[2025-11-27T07:07:09.476+0000] {processor.py:914} INFO - Processing file /opt/airflow/dags/collect_metrics.py for tasks to queue
[2025-11-27T07:07:09.480+0000] {logging_mixin.py:190} INFO - [2025-11-27T07:07:09.480+0000] {dagbag.py:588} INFO - Filling up the DagBag from /opt/airflow/dags/collect_metrics.py
[2025-11-27T07:07:09.530+0000] {processor.py:925} INFO - DAG(s) 'collect_metrics' retrieved from /opt/airflow/dags/collect_metrics.py
[2025-11-27T07:07:09.585+0000] {logging_mixin.py:190} INFO - [2025-11-27T07:07:09.584+0000] {dag.py:3239} INFO - Sync 1 DAGs
[2025-11-27T07:07:09.606+0000] {logging_mixin.py:190} INFO - [2025-11-27T07:07:09.606+0000] {dag.py:4180} INFO - Setting next_dagrun for collect_metrics to None, run_after=None
[2025-11-27T07:07:09.643+0000] {processor.py:208} INFO - Processing /opt/airflow/dags/collect_metrics.py took 0.183 seconds
[2025-11-27T07:07:40.293+0000] {processor.py:186} INFO - Started process (PID=94) to work on /opt/airflow/dags/collect_metrics.py
[2025-11-27T07:07:40.297+0000] {processor.py:914} INFO - Processing file /opt/airflow/dags/collect_metrics.py for tasks to queue
[2025-11-27T07:07:40.303+0000] {logging_mixin.py:190} INFO - [2025-11-27T07:07:40.302+0000] {dagbag.py:588} INFO - Filling up the DagBag from /opt/airflow/dags/collect_metrics.py
[2025-11-27T07:07:40.346+0000] {processor.py:925} INFO - DAG(s) 'collect_metrics' retrieved from /opt/airflow/dags/collect_metrics.py
[2025-11-27T07:07:40.402+0000] {logging_mixin.py:190} INFO - [2025-11-27T07:07:40.402+0000] {dag.py:3239} INFO - Sync 1 DAGs
[2025-11-27T07:07:40.426+0000] {logging_mixin.py:190} INFO - [2025-11-27T07:07:40.426+0000] {dag.py:4180} INFO - Setting next_dagrun for collect_metrics to None, run_after=None
[2025-11-27T07:07:40.465+0000] {processor.py:208} INFO - Processing /opt/airflow/dags/collect_metrics.py took 0.187 seconds
[2025-11-27T07:08:11.183+0000] {processor.py:186} INFO - Started process (PID=103) to work on /opt/airflow/dags/collect_metrics.py
[2025-11-27T07:08:11.185+0000] {processor.py:914} INFO - Processing file /opt/airflow/dags/collect_metrics.py for tasks to queue
[2025-11-27T07:08:11.190+0000] {logging_mixin.py:190} INFO - [2025-11-27T07:08:11.190+0000] {dagbag.py:588} INFO - Filling up the DagBag from /opt/airflow/dags/collect_metrics.py
[2025-11-27T07:08:11.241+0000] {processor.py:925} INFO - DAG(s) 'collect_metrics' retrieved from /opt/airflow/dags/collect_metrics.py
[2025-11-27T07:08:11.298+0000] {logging_mixin.py:190} INFO - [2025-11-27T07:08:11.297+0000] {dag.py:3239} INFO - Sync 1 DAGs
[2025-11-27T07:08:11.325+0000] {logging_mixin.py:190} INFO - [2025-11-27T07:08:11.325+0000] {dag.py:4180} INFO - Setting next_dagrun for collect_metrics to None, run_after=None
[2025-11-27T07:08:11.362+0000] {processor.py:208} INFO - Processing /opt/airflow/dags/collect_metrics.py took 0.193 seconds
[2025-11-27T07:08:42.152+0000] {processor.py:186} INFO - Started process (PID=112) to work on /opt/airflow/dags/collect_metrics.py
[2025-11-27T07:08:42.158+0000] {processor.py:914} INFO - Processing file /opt/airflow/dags/collect_metrics.py for tasks to queue
[2025-11-27T07:08:42.164+0000] {logging_mixin.py:190} INFO - [2025-11-27T07:08:42.163+0000] {dagbag.py:588} INFO - Filling up the DagBag from /opt/airflow/dags/collect_metrics.py
[2025-11-27T07:08:42.210+0000] {processor.py:925} INFO - DAG(s) 'collect_metrics' retrieved from /opt/airflow/dags/collect_metrics.py
[2025-11-27T07:08:42.255+0000] {logging_mixin.py:190} INFO - [2025-11-27T07:08:42.255+0000] {dag.py:3239} INFO - Sync 1 DAGs
[2025-11-27T07:08:42.280+0000] {logging_mixin.py:190} INFO - [2025-11-27T07:08:42.279+0000] {dag.py:4180} INFO - Setting next_dagrun for collect_metrics to None, run_after=None
[2025-11-27T07:08:42.325+0000] {processor.py:208} INFO - Processing /opt/airflow/dags/collect_metrics.py took 0.183 seconds
[2025-11-27T07:09:13.196+0000] {processor.py:186} INFO - Started process (PID=121) to work on /opt/airflow/dags/collect_metrics.py
[2025-11-27T07:09:13.199+0000] {processor.py:914} INFO - Processing file /opt/airflow/dags/collect_metrics.py for tasks to queue
[2025-11-27T07:09:13.204+0000] {logging_mixin.py:190} INFO - [2025-11-27T07:09:13.204+0000] {dagbag.py:588} INFO - Filling up the DagBag from /opt/airflow/dags/collect_metrics.py
[2025-11-27T07:09:13.272+0000] {processor.py:925} INFO - DAG(s) 'collect_metrics' retrieved from /opt/airflow/dags/collect_metrics.py
[2025-11-27T07:09:13.325+0000] {logging_mixin.py:190} INFO - [2025-11-27T07:09:13.325+0000] {dag.py:3239} INFO - Sync 1 DAGs
[2025-11-27T07:09:13.350+0000] {logging_mixin.py:190} INFO - [2025-11-27T07:09:13.349+0000] {dag.py:4180} INFO - Setting next_dagrun for collect_metrics to None, run_after=None
[2025-11-27T07:09:13.391+0000] {processor.py:208} INFO - Processing /opt/airflow/dags/collect_metrics.py took 0.205 seconds
[2025-11-27T07:09:44.172+0000] {processor.py:186} INFO - Started process (PID=130) to work on /opt/airflow/dags/collect_metrics.py
[2025-11-27T07:09:44.174+0000] {processor.py:914} INFO - Processing file /opt/airflow/dags/collect_metrics.py for tasks to queue
[2025-11-27T07:09:44.178+0000] {logging_mixin.py:190} INFO - [2025-11-27T07:09:44.177+0000] {dagbag.py:588} INFO - Filling up the DagBag from /opt/airflow/dags/collect_metrics.py
[2025-11-27T07:09:44.237+0000] {processor.py:925} INFO - DAG(s) 'collect_metrics' retrieved from /opt/airflow/dags/collect_metrics.py
[2025-11-27T07:09:44.288+0000] {logging_mixin.py:190} INFO - [2025-11-27T07:09:44.288+0000] {dag.py:3239} INFO - Sync 1 DAGs
[2025-11-27T07:09:44.313+0000] {logging_mixin.py:190} INFO - [2025-11-27T07:09:44.313+0000] {dag.py:4180} INFO - Setting next_dagrun for collect_metrics to None, run_after=None
[2025-11-27T07:09:44.352+0000] {processor.py:208} INFO - Processing /opt/airflow/dags/collect_metrics.py took 0.193 seconds
[2025-11-27T07:10:15.108+0000] {processor.py:186} INFO - Started process (PID=139) to work on /opt/airflow/dags/collect_metrics.py
[2025-11-27T07:10:15.110+0000] {processor.py:914} INFO - Processing file /opt/airflow/dags/collect_metrics.py for tasks to queue
[2025-11-27T07:10:15.116+0000] {logging_mixin.py:190} INFO - [2025-11-27T07:10:15.115+0000] {dagbag.py:588} INFO - Filling up the DagBag from /opt/airflow/dags/collect_metrics.py
[2025-11-27T07:10:15.215+0000] {processor.py:925} INFO - DAG(s) 'collect_metrics' retrieved from /opt/airflow/dags/collect_metrics.py
[2025-11-27T07:10:15.271+0000] {logging_mixin.py:190} INFO - [2025-11-27T07:10:15.271+0000] {dag.py:3239} INFO - Sync 1 DAGs
[2025-11-27T07:10:15.294+0000] {logging_mixin.py:190} INFO - [2025-11-27T07:10:15.293+0000] {dag.py:4180} INFO - Setting next_dagrun for collect_metrics to None, run_after=None
[2025-11-27T07:10:15.337+0000] {processor.py:208} INFO - Processing /opt/airflow/dags/collect_metrics.py took 0.246 seconds
[2025-11-27T07:10:45.996+0000] {processor.py:186} INFO - Started process (PID=147) to work on /opt/airflow/dags/collect_metrics.py
[2025-11-27T07:10:45.999+0000] {processor.py:914} INFO - Processing file /opt/airflow/dags/collect_metrics.py for tasks to queue
[2025-11-27T07:10:46.006+0000] {logging_mixin.py:190} INFO - [2025-11-27T07:10:46.005+0000] {dagbag.py:588} INFO - Filling up the DagBag from /opt/airflow/dags/collect_metrics.py
[2025-11-27T07:10:46.063+0000] {processor.py:925} INFO - DAG(s) 'collect_metrics' retrieved from /opt/airflow/dags/collect_metrics.py
[2025-11-27T07:10:46.108+0000] {logging_mixin.py:190} INFO - [2025-11-27T07:10:46.108+0000] {dag.py:3239} INFO - Sync 1 DAGs
[2025-11-27T07:10:46.132+0000] {logging_mixin.py:190} INFO - [2025-11-27T07:10:46.131+0000] {dag.py:4180} INFO - Setting next_dagrun for collect_metrics to None, run_after=None
[2025-11-27T07:10:46.166+0000] {processor.py:208} INFO - Processing /opt/airflow/dags/collect_metrics.py took 0.182 seconds
[2025-11-27T07:11:16.948+0000] {processor.py:186} INFO - Started process (PID=156) to work on /opt/airflow/dags/collect_metrics.py
[2025-11-27T07:11:16.952+0000] {processor.py:914} INFO - Processing file /opt/airflow/dags/collect_metrics.py for tasks to queue
[2025-11-27T07:11:16.956+0000] {logging_mixin.py:190} INFO - [2025-11-27T07:11:16.955+0000] {dagbag.py:588} INFO - Filling up the DagBag from /opt/airflow/dags/collect_metrics.py
[2025-11-27T07:11:16.996+0000] {processor.py:925} INFO - DAG(s) 'collect_metrics' retrieved from /opt/airflow/dags/collect_metrics.py
[2025-11-27T07:11:17.057+0000] {logging_mixin.py:190} INFO - [2025-11-27T07:11:17.056+0000] {dag.py:3239} INFO - Sync 1 DAGs
[2025-11-27T07:11:17.077+0000] {logging_mixin.py:190} INFO - [2025-11-27T07:11:17.076+0000] {dag.py:4180} INFO - Setting next_dagrun for collect_metrics to None, run_after=None
[2025-11-27T07:11:17.108+0000] {processor.py:208} INFO - Processing /opt/airflow/dags/collect_metrics.py took 0.182 seconds
[2025-11-27T07:11:47.228+0000] {processor.py:186} INFO - Started process (PID=165) to work on /opt/airflow/dags/collect_metrics.py
[2025-11-27T07:11:47.232+0000] {processor.py:914} INFO - Processing file /opt/airflow/dags/collect_metrics.py for tasks to queue
[2025-11-27T07:11:47.237+0000] {logging_mixin.py:190} INFO - [2025-11-27T07:11:47.237+0000] {dagbag.py:588} INFO - Filling up the DagBag from /opt/airflow/dags/collect_metrics.py
[2025-11-27T07:11:47.281+0000] {processor.py:925} INFO - DAG(s) 'collect_metrics' retrieved from /opt/airflow/dags/collect_metrics.py
[2025-11-27T07:11:47.318+0000] {logging_mixin.py:190} INFO - [2025-11-27T07:11:47.318+0000] {dag.py:3239} INFO - Sync 1 DAGs
[2025-11-27T07:11:47.341+0000] {logging_mixin.py:190} INFO - [2025-11-27T07:11:47.341+0000] {dag.py:4180} INFO - Setting next_dagrun for collect_metrics to None, run_after=None
[2025-11-27T07:11:47.384+0000] {processor.py:208} INFO - Processing /opt/airflow/dags/collect_metrics.py took 0.169 seconds
[2025-11-27T07:12:18.192+0000] {processor.py:186} INFO - Started process (PID=174) to work on /opt/airflow/dags/collect_metrics.py
[2025-11-27T07:12:18.198+0000] {processor.py:914} INFO - Processing file /opt/airflow/dags/collect_metrics.py for tasks to queue
[2025-11-27T07:12:18.204+0000] {logging_mixin.py:190} INFO - [2025-11-27T07:12:18.203+0000] {dagbag.py:588} INFO - Filling up the DagBag from /opt/airflow/dags/collect_metrics.py
[2025-11-27T07:12:18.247+0000] {processor.py:925} INFO - DAG(s) 'collect_metrics' retrieved from /opt/airflow/dags/collect_metrics.py
[2025-11-27T07:12:18.291+0000] {logging_mixin.py:190} INFO - [2025-11-27T07:12:18.291+0000] {dag.py:3239} INFO - Sync 1 DAGs
[2025-11-27T07:12:18.318+0000] {logging_mixin.py:190} INFO - [2025-11-27T07:12:18.318+0000] {dag.py:4180} INFO - Setting next_dagrun for collect_metrics to None, run_after=None
[2025-11-27T07:12:18.356+0000] {processor.py:208} INFO - Processing /opt/airflow/dags/collect_metrics.py took 0.174 seconds
[2025-11-27T07:12:49.100+0000] {processor.py:186} INFO - Started process (PID=183) to work on /opt/airflow/dags/collect_metrics.py
[2025-11-27T07:12:49.103+0000] {processor.py:914} INFO - Processing file /opt/airflow/dags/collect_metrics.py for tasks to queue
[2025-11-27T07:12:49.118+0000] {logging_mixin.py:190} INFO - [2025-11-27T07:12:49.117+0000] {dagbag.py:588} INFO - Filling up the DagBag from /opt/airflow/dags/collect_metrics.py
[2025-11-27T07:12:49.200+0000] {processor.py:925} INFO - DAG(s) 'collect_metrics' retrieved from /opt/airflow/dags/collect_metrics.py
[2025-11-27T07:12:49.255+0000] {logging_mixin.py:190} INFO - [2025-11-27T07:12:49.255+0000] {dag.py:3239} INFO - Sync 1 DAGs
[2025-11-27T07:12:49.277+0000] {logging_mixin.py:190} INFO - [2025-11-27T07:12:49.276+0000] {dag.py:4180} INFO - Setting next_dagrun for collect_metrics to None, run_after=None
[2025-11-27T07:12:49.311+0000] {processor.py:208} INFO - Processing /opt/airflow/dags/collect_metrics.py took 0.222 seconds
[2025-11-27T07:13:20.051+0000] {processor.py:186} INFO - Started process (PID=192) to work on /opt/airflow/dags/collect_metrics.py
[2025-11-27T07:13:20.053+0000] {processor.py:914} INFO - Processing file /opt/airflow/dags/collect_metrics.py for tasks to queue
[2025-11-27T07:13:20.059+0000] {logging_mixin.py:190} INFO - [2025-11-27T07:13:20.059+0000] {dagbag.py:588} INFO - Filling up the DagBag from /opt/airflow/dags/collect_metrics.py
[2025-11-27T07:13:20.101+0000] {processor.py:925} INFO - DAG(s) 'collect_metrics' retrieved from /opt/airflow/dags/collect_metrics.py
[2025-11-27T07:13:20.153+0000] {logging_mixin.py:190} INFO - [2025-11-27T07:13:20.153+0000] {dag.py:3239} INFO - Sync 1 DAGs
[2025-11-27T07:13:20.177+0000] {logging_mixin.py:190} INFO - [2025-11-27T07:13:20.176+0000] {dag.py:4180} INFO - Setting next_dagrun for collect_metrics to None, run_after=None
[2025-11-27T07:13:20.214+0000] {processor.py:208} INFO - Processing /opt/airflow/dags/collect_metrics.py took 0.176 seconds
[2025-11-27T07:13:50.927+0000] {processor.py:186} INFO - Started process (PID=201) to work on /opt/airflow/dags/collect_metrics.py
[2025-11-27T07:13:50.930+0000] {processor.py:914} INFO - Processing file /opt/airflow/dags/collect_metrics.py for tasks to queue
[2025-11-27T07:13:50.936+0000] {logging_mixin.py:190} INFO - [2025-11-27T07:13:50.936+0000] {dagbag.py:588} INFO - Filling up the DagBag from /opt/airflow/dags/collect_metrics.py
[2025-11-27T07:13:51.020+0000] {processor.py:925} INFO - DAG(s) 'collect_metrics' retrieved from /opt/airflow/dags/collect_metrics.py
[2025-11-27T07:13:51.071+0000] {logging_mixin.py:190} INFO - [2025-11-27T07:13:51.071+0000] {dag.py:3239} INFO - Sync 1 DAGs
[2025-11-27T07:13:51.094+0000] {logging_mixin.py:190} INFO - [2025-11-27T07:13:51.094+0000] {dag.py:4180} INFO - Setting next_dagrun for collect_metrics to None, run_after=None
[2025-11-27T07:13:51.128+0000] {processor.py:208} INFO - Processing /opt/airflow/dags/collect_metrics.py took 0.214 seconds
[2025-11-27T07:14:21.879+0000] {processor.py:186} INFO - Started process (PID=210) to work on /opt/airflow/dags/collect_metrics.py
[2025-11-27T07:14:21.882+0000] {processor.py:914} INFO - Processing file /opt/airflow/dags/collect_metrics.py for tasks to queue
[2025-11-27T07:14:21.886+0000] {logging_mixin.py:190} INFO - [2025-11-27T07:14:21.885+0000] {dagbag.py:588} INFO - Filling up the DagBag from /opt/airflow/dags/collect_metrics.py
[2025-11-27T07:14:21.940+0000] {processor.py:925} INFO - DAG(s) 'collect_metrics' retrieved from /opt/airflow/dags/collect_metrics.py
[2025-11-27T07:14:21.995+0000] {logging_mixin.py:190} INFO - [2025-11-27T07:14:21.995+0000] {dag.py:3239} INFO - Sync 1 DAGs
[2025-11-27T07:14:22.020+0000] {logging_mixin.py:190} INFO - [2025-11-27T07:14:22.020+0000] {dag.py:4180} INFO - Setting next_dagrun for collect_metrics to None, run_after=None
[2025-11-27T07:14:22.056+0000] {processor.py:208} INFO - Processing /opt/airflow/dags/collect_metrics.py took 0.189 seconds
[2025-11-27T07:14:52.820+0000] {processor.py:186} INFO - Started process (PID=218) to work on /opt/airflow/dags/collect_metrics.py
[2025-11-27T07:14:52.824+0000] {processor.py:914} INFO - Processing file /opt/airflow/dags/collect_metrics.py for tasks to queue
[2025-11-27T07:14:52.830+0000] {logging_mixin.py:190} INFO - [2025-11-27T07:14:52.829+0000] {dagbag.py:588} INFO - Filling up the DagBag from /opt/airflow/dags/collect_metrics.py
[2025-11-27T07:14:52.891+0000] {processor.py:925} INFO - DAG(s) 'collect_metrics' retrieved from /opt/airflow/dags/collect_metrics.py
[2025-11-27T07:14:52.965+0000] {logging_mixin.py:190} INFO - [2025-11-27T07:14:52.964+0000] {dag.py:3239} INFO - Sync 1 DAGs
[2025-11-27T07:14:52.993+0000] {logging_mixin.py:190} INFO - [2025-11-27T07:14:52.993+0000] {dag.py:4180} INFO - Setting next_dagrun for collect_metrics to None, run_after=None
[2025-11-27T07:14:53.029+0000] {processor.py:208} INFO - Processing /opt/airflow/dags/collect_metrics.py took 0.221 seconds
[2025-11-27T07:15:23.748+0000] {processor.py:186} INFO - Started process (PID=226) to work on /opt/airflow/dags/collect_metrics.py
[2025-11-27T07:15:23.752+0000] {processor.py:914} INFO - Processing file /opt/airflow/dags/collect_metrics.py for tasks to queue
[2025-11-27T07:15:23.755+0000] {logging_mixin.py:190} INFO - [2025-11-27T07:15:23.755+0000] {dagbag.py:588} INFO - Filling up the DagBag from /opt/airflow/dags/collect_metrics.py
[2025-11-27T07:15:23.783+0000] {processor.py:925} INFO - DAG(s) 'collect_metrics' retrieved from /opt/airflow/dags/collect_metrics.py
[2025-11-27T07:15:23.824+0000] {logging_mixin.py:190} INFO - [2025-11-27T07:15:23.824+0000] {dag.py:3239} INFO - Sync 1 DAGs
[2025-11-27T07:15:23.843+0000] {logging_mixin.py:190} INFO - [2025-11-27T07:15:23.843+0000] {dag.py:4180} INFO - Setting next_dagrun for collect_metrics to None, run_after=None
[2025-11-27T07:15:23.882+0000] {processor.py:208} INFO - Processing /opt/airflow/dags/collect_metrics.py took 0.142 seconds
[2025-11-27T07:15:54.655+0000] {processor.py:186} INFO - Started process (PID=235) to work on /opt/airflow/dags/collect_metrics.py
[2025-11-27T07:15:54.658+0000] {processor.py:914} INFO - Processing file /opt/airflow/dags/collect_metrics.py for tasks to queue
[2025-11-27T07:15:54.663+0000] {logging_mixin.py:190} INFO - [2025-11-27T07:15:54.662+0000] {dagbag.py:588} INFO - Filling up the DagBag from /opt/airflow/dags/collect_metrics.py
[2025-11-27T07:15:54.714+0000] {processor.py:925} INFO - DAG(s) 'collect_metrics' retrieved from /opt/airflow/dags/collect_metrics.py
[2025-11-27T07:15:54.767+0000] {logging_mixin.py:190} INFO - [2025-11-27T07:15:54.766+0000] {dag.py:3239} INFO - Sync 1 DAGs
[2025-11-27T07:15:54.793+0000] {logging_mixin.py:190} INFO - [2025-11-27T07:15:54.792+0000] {dag.py:4180} INFO - Setting next_dagrun for collect_metrics to None, run_after=None
[2025-11-27T07:15:54.831+0000] {processor.py:208} INFO - Processing /opt/airflow/dags/collect_metrics.py took 0.188 seconds
[2025-11-27T07:16:25.536+0000] {processor.py:186} INFO - Started process (PID=244) to work on /opt/airflow/dags/collect_metrics.py
[2025-11-27T07:16:25.540+0000] {processor.py:914} INFO - Processing file /opt/airflow/dags/collect_metrics.py for tasks to queue
[2025-11-27T07:16:25.543+0000] {logging_mixin.py:190} INFO - [2025-11-27T07:16:25.543+0000] {dagbag.py:588} INFO - Filling up the DagBag from /opt/airflow/dags/collect_metrics.py
[2025-11-27T07:16:25.591+0000] {processor.py:925} INFO - DAG(s) 'collect_metrics' retrieved from /opt/airflow/dags/collect_metrics.py
[2025-11-27T07:16:25.636+0000] {logging_mixin.py:190} INFO - [2025-11-27T07:16:25.636+0000] {dag.py:3239} INFO - Sync 1 DAGs
[2025-11-27T07:16:25.660+0000] {logging_mixin.py:190} INFO - [2025-11-27T07:16:25.659+0000] {dag.py:4180} INFO - Setting next_dagrun for collect_metrics to None, run_after=None
[2025-11-27T07:16:25.696+0000] {processor.py:208} INFO - Processing /opt/airflow/dags/collect_metrics.py took 0.174 seconds
[2025-11-27T07:16:56.767+0000] {processor.py:186} INFO - Started process (PID=253) to work on /opt/airflow/dags/collect_metrics.py
[2025-11-27T07:16:56.770+0000] {processor.py:914} INFO - Processing file /opt/airflow/dags/collect_metrics.py for tasks to queue
[2025-11-27T07:16:56.775+0000] {logging_mixin.py:190} INFO - [2025-11-27T07:16:56.775+0000] {dagbag.py:588} INFO - Filling up the DagBag from /opt/airflow/dags/collect_metrics.py
[2025-11-27T07:16:56.831+0000] {processor.py:925} INFO - DAG(s) 'collect_metrics' retrieved from /opt/airflow/dags/collect_metrics.py
[2025-11-27T07:16:56.881+0000] {logging_mixin.py:190} INFO - [2025-11-27T07:16:56.880+0000] {dag.py:3239} INFO - Sync 1 DAGs
[2025-11-27T07:16:56.904+0000] {logging_mixin.py:190} INFO - [2025-11-27T07:16:56.904+0000] {dag.py:4180} INFO - Setting next_dagrun for collect_metrics to None, run_after=None
[2025-11-27T07:16:56.975+0000] {processor.py:208} INFO - Processing /opt/airflow/dags/collect_metrics.py took 0.220 seconds
[2025-11-27T07:17:27.713+0000] {processor.py:186} INFO - Started process (PID=262) to work on /opt/airflow/dags/collect_metrics.py
[2025-11-27T07:17:27.715+0000] {processor.py:914} INFO - Processing file /opt/airflow/dags/collect_metrics.py for tasks to queue
[2025-11-27T07:17:27.719+0000] {logging_mixin.py:190} INFO - [2025-11-27T07:17:27.718+0000] {dagbag.py:588} INFO - Filling up the DagBag from /opt/airflow/dags/collect_metrics.py
[2025-11-27T07:17:27.797+0000] {processor.py:925} INFO - DAG(s) 'collect_metrics' retrieved from /opt/airflow/dags/collect_metrics.py
[2025-11-27T07:17:27.852+0000] {logging_mixin.py:190} INFO - [2025-11-27T07:17:27.852+0000] {dag.py:3239} INFO - Sync 1 DAGs
[2025-11-27T07:17:27.879+0000] {logging_mixin.py:190} INFO - [2025-11-27T07:17:27.879+0000] {dag.py:4180} INFO - Setting next_dagrun for collect_metrics to None, run_after=None
[2025-11-27T07:17:27.925+0000] {processor.py:208} INFO - Processing /opt/airflow/dags/collect_metrics.py took 0.223 seconds
[2025-11-27T07:17:58.654+0000] {processor.py:186} INFO - Started process (PID=271) to work on /opt/airflow/dags/collect_metrics.py
[2025-11-27T07:17:58.659+0000] {processor.py:914} INFO - Processing file /opt/airflow/dags/collect_metrics.py for tasks to queue
[2025-11-27T07:17:58.664+0000] {logging_mixin.py:190} INFO - [2025-11-27T07:17:58.664+0000] {dagbag.py:588} INFO - Filling up the DagBag from /opt/airflow/dags/collect_metrics.py
[2025-11-27T07:17:58.706+0000] {processor.py:925} INFO - DAG(s) 'collect_metrics' retrieved from /opt/airflow/dags/collect_metrics.py
[2025-11-27T07:17:58.764+0000] {logging_mixin.py:190} INFO - [2025-11-27T07:17:58.764+0000] {dag.py:3239} INFO - Sync 1 DAGs
[2025-11-27T07:17:58.790+0000] {logging_mixin.py:190} INFO - [2025-11-27T07:17:58.790+0000] {dag.py:4180} INFO - Setting next_dagrun for collect_metrics to None, run_after=None
[2025-11-27T07:17:58.826+0000] {processor.py:208} INFO - Processing /opt/airflow/dags/collect_metrics.py took 0.183 seconds
[2025-11-27T07:18:29.568+0000] {processor.py:186} INFO - Started process (PID=280) to work on /opt/airflow/dags/collect_metrics.py
[2025-11-27T07:18:29.571+0000] {processor.py:914} INFO - Processing file /opt/airflow/dags/collect_metrics.py for tasks to queue
[2025-11-27T07:18:29.577+0000] {logging_mixin.py:190} INFO - [2025-11-27T07:18:29.576+0000] {dagbag.py:588} INFO - Filling up the DagBag from /opt/airflow/dags/collect_metrics.py
[2025-11-27T07:18:29.618+0000] {processor.py:925} INFO - DAG(s) 'collect_metrics' retrieved from /opt/airflow/dags/collect_metrics.py
[2025-11-27T07:18:29.666+0000] {logging_mixin.py:190} INFO - [2025-11-27T07:18:29.665+0000] {dag.py:3239} INFO - Sync 1 DAGs
[2025-11-27T07:18:29.695+0000] {logging_mixin.py:190} INFO - [2025-11-27T07:18:29.694+0000] {dag.py:4180} INFO - Setting next_dagrun for collect_metrics to None, run_after=None
[2025-11-27T07:18:29.726+0000] {processor.py:208} INFO - Processing /opt/airflow/dags/collect_metrics.py took 0.172 seconds
[2025-11-27T07:19:00.497+0000] {processor.py:186} INFO - Started process (PID=289) to work on /opt/airflow/dags/collect_metrics.py
[2025-11-27T07:19:00.500+0000] {processor.py:914} INFO - Processing file /opt/airflow/dags/collect_metrics.py for tasks to queue
[2025-11-27T07:19:00.508+0000] {logging_mixin.py:190} INFO - [2025-11-27T07:19:00.508+0000] {dagbag.py:588} INFO - Filling up the DagBag from /opt/airflow/dags/collect_metrics.py
[2025-11-27T07:19:00.578+0000] {processor.py:925} INFO - DAG(s) 'collect_metrics' retrieved from /opt/airflow/dags/collect_metrics.py
[2025-11-27T07:19:00.627+0000] {logging_mixin.py:190} INFO - [2025-11-27T07:19:00.626+0000] {dag.py:3239} INFO - Sync 1 DAGs
[2025-11-27T07:19:00.646+0000] {logging_mixin.py:190} INFO - [2025-11-27T07:19:00.646+0000] {dag.py:4180} INFO - Setting next_dagrun for collect_metrics to None, run_after=None
[2025-11-27T07:19:00.680+0000] {processor.py:208} INFO - Processing /opt/airflow/dags/collect_metrics.py took 0.201 seconds
[2025-11-27T07:19:31.337+0000] {processor.py:186} INFO - Started process (PID=298) to work on /opt/airflow/dags/collect_metrics.py
[2025-11-27T07:19:31.340+0000] {processor.py:914} INFO - Processing file /opt/airflow/dags/collect_metrics.py for tasks to queue
[2025-11-27T07:19:31.348+0000] {logging_mixin.py:190} INFO - [2025-11-27T07:19:31.347+0000] {dagbag.py:588} INFO - Filling up the DagBag from /opt/airflow/dags/collect_metrics.py
[2025-11-27T07:19:31.404+0000] {processor.py:925} INFO - DAG(s) 'collect_metrics' retrieved from /opt/airflow/dags/collect_metrics.py
[2025-11-27T07:19:31.445+0000] {logging_mixin.py:190} INFO - [2025-11-27T07:19:31.445+0000] {dag.py:3239} INFO - Sync 1 DAGs
[2025-11-27T07:19:31.468+0000] {logging_mixin.py:190} INFO - [2025-11-27T07:19:31.468+0000] {dag.py:4180} INFO - Setting next_dagrun for collect_metrics to None, run_after=None
[2025-11-27T07:19:31.511+0000] {processor.py:208} INFO - Processing /opt/airflow/dags/collect_metrics.py took 0.187 seconds
[2025-11-27T07:20:02.214+0000] {processor.py:186} INFO - Started process (PID=307) to work on /opt/airflow/dags/collect_metrics.py
[2025-11-27T07:20:02.215+0000] {processor.py:914} INFO - Processing file /opt/airflow/dags/collect_metrics.py for tasks to queue
[2025-11-27T07:20:02.220+0000] {logging_mixin.py:190} INFO - [2025-11-27T07:20:02.219+0000] {dagbag.py:588} INFO - Filling up the DagBag from /opt/airflow/dags/collect_metrics.py
[2025-11-27T07:20:02.289+0000] {processor.py:925} INFO - DAG(s) 'collect_metrics' retrieved from /opt/airflow/dags/collect_metrics.py
[2025-11-27T07:20:02.337+0000] {logging_mixin.py:190} INFO - [2025-11-27T07:20:02.336+0000] {dag.py:3239} INFO - Sync 1 DAGs
[2025-11-27T07:20:02.363+0000] {logging_mixin.py:190} INFO - [2025-11-27T07:20:02.363+0000] {dag.py:4180} INFO - Setting next_dagrun for collect_metrics to None, run_after=None
[2025-11-27T07:20:02.405+0000] {processor.py:208} INFO - Processing /opt/airflow/dags/collect_metrics.py took 0.200 seconds
[2025-11-27T07:20:33.108+0000] {processor.py:186} INFO - Started process (PID=316) to work on /opt/airflow/dags/collect_metrics.py
[2025-11-27T07:20:33.110+0000] {processor.py:914} INFO - Processing file /opt/airflow/dags/collect_metrics.py for tasks to queue
[2025-11-27T07:20:33.113+0000] {logging_mixin.py:190} INFO - [2025-11-27T07:20:33.113+0000] {dagbag.py:588} INFO - Filling up the DagBag from /opt/airflow/dags/collect_metrics.py
[2025-11-27T07:20:33.132+0000] {processor.py:925} INFO - DAG(s) 'collect_metrics' retrieved from /opt/airflow/dags/collect_metrics.py
[2025-11-27T07:20:33.155+0000] {logging_mixin.py:190} INFO - [2025-11-27T07:20:33.154+0000] {dag.py:3239} INFO - Sync 1 DAGs
[2025-11-27T07:20:33.166+0000] {logging_mixin.py:190} INFO - [2025-11-27T07:20:33.166+0000] {dag.py:4180} INFO - Setting next_dagrun for collect_metrics to None, run_after=None
[2025-11-27T07:20:33.193+0000] {processor.py:208} INFO - Processing /opt/airflow/dags/collect_metrics.py took 0.091 seconds
[2025-11-27T07:21:03.899+0000] {processor.py:186} INFO - Started process (PID=325) to work on /opt/airflow/dags/collect_metrics.py
[2025-11-27T07:21:03.901+0000] {processor.py:914} INFO - Processing file /opt/airflow/dags/collect_metrics.py for tasks to queue
[2025-11-27T07:21:03.906+0000] {logging_mixin.py:190} INFO - [2025-11-27T07:21:03.905+0000] {dagbag.py:588} INFO - Filling up the DagBag from /opt/airflow/dags/collect_metrics.py
[2025-11-27T07:21:03.966+0000] {processor.py:925} INFO - DAG(s) 'collect_metrics' retrieved from /opt/airflow/dags/collect_metrics.py
[2025-11-27T07:21:04.014+0000] {logging_mixin.py:190} INFO - [2025-11-27T07:21:04.014+0000] {dag.py:3239} INFO - Sync 1 DAGs
[2025-11-27T07:21:04.039+0000] {logging_mixin.py:190} INFO - [2025-11-27T07:21:04.038+0000] {dag.py:4180} INFO - Setting next_dagrun for collect_metrics to None, run_after=None
[2025-11-27T07:21:04.083+0000] {processor.py:208} INFO - Processing /opt/airflow/dags/collect_metrics.py took 0.193 seconds
[2025-11-27T07:21:34.858+0000] {processor.py:186} INFO - Started process (PID=334) to work on /opt/airflow/dags/collect_metrics.py
[2025-11-27T07:21:34.861+0000] {processor.py:914} INFO - Processing file /opt/airflow/dags/collect_metrics.py for tasks to queue
[2025-11-27T07:21:34.866+0000] {logging_mixin.py:190} INFO - [2025-11-27T07:21:34.866+0000] {dagbag.py:588} INFO - Filling up the DagBag from /opt/airflow/dags/collect_metrics.py
[2025-11-27T07:21:34.922+0000] {processor.py:925} INFO - DAG(s) 'collect_metrics' retrieved from /opt/airflow/dags/collect_metrics.py
[2025-11-27T07:21:34.974+0000] {logging_mixin.py:190} INFO - [2025-11-27T07:21:34.974+0000] {dag.py:3239} INFO - Sync 1 DAGs
[2025-11-27T07:21:34.999+0000] {logging_mixin.py:190} INFO - [2025-11-27T07:21:34.999+0000] {dag.py:4180} INFO - Setting next_dagrun for collect_metrics to None, run_after=None
[2025-11-27T07:21:35.041+0000] {processor.py:208} INFO - Processing /opt/airflow/dags/collect_metrics.py took 0.195 seconds
[2025-11-27T07:22:05.954+0000] {processor.py:186} INFO - Started process (PID=343) to work on /opt/airflow/dags/collect_metrics.py
[2025-11-27T07:22:05.956+0000] {processor.py:914} INFO - Processing file /opt/airflow/dags/collect_metrics.py for tasks to queue
[2025-11-27T07:22:05.963+0000] {logging_mixin.py:190} INFO - [2025-11-27T07:22:05.962+0000] {dagbag.py:588} INFO - Filling up the DagBag from /opt/airflow/dags/collect_metrics.py
[2025-11-27T07:22:06.011+0000] {processor.py:925} INFO - DAG(s) 'collect_metrics' retrieved from /opt/airflow/dags/collect_metrics.py
[2025-11-27T07:22:06.066+0000] {logging_mixin.py:190} INFO - [2025-11-27T07:22:06.066+0000] {dag.py:3239} INFO - Sync 1 DAGs
[2025-11-27T07:22:06.090+0000] {logging_mixin.py:190} INFO - [2025-11-27T07:22:06.089+0000] {dag.py:4180} INFO - Setting next_dagrun for collect_metrics to None, run_after=None
[2025-11-27T07:22:06.127+0000] {processor.py:208} INFO - Processing /opt/airflow/dags/collect_metrics.py took 0.183 seconds
[2025-11-27T07:22:36.972+0000] {processor.py:186} INFO - Started process (PID=352) to work on /opt/airflow/dags/collect_metrics.py
[2025-11-27T07:22:36.977+0000] {processor.py:914} INFO - Processing file /opt/airflow/dags/collect_metrics.py for tasks to queue
[2025-11-27T07:22:36.982+0000] {logging_mixin.py:190} INFO - [2025-11-27T07:22:36.981+0000] {dagbag.py:588} INFO - Filling up the DagBag from /opt/airflow/dags/collect_metrics.py
[2025-11-27T07:22:37.081+0000] {processor.py:925} INFO - DAG(s) 'collect_metrics' retrieved from /opt/airflow/dags/collect_metrics.py
[2025-11-27T07:22:37.126+0000] {logging_mixin.py:190} INFO - [2025-11-27T07:22:37.125+0000] {dag.py:3239} INFO - Sync 1 DAGs
[2025-11-27T07:22:37.150+0000] {logging_mixin.py:190} INFO - [2025-11-27T07:22:37.150+0000] {dag.py:4180} INFO - Setting next_dagrun for collect_metrics to None, run_after=None
[2025-11-27T07:22:37.195+0000] {processor.py:208} INFO - Processing /opt/airflow/dags/collect_metrics.py took 0.236 seconds
[2025-11-27T07:23:07.948+0000] {processor.py:186} INFO - Started process (PID=361) to work on /opt/airflow/dags/collect_metrics.py
[2025-11-27T07:23:07.953+0000] {processor.py:914} INFO - Processing file /opt/airflow/dags/collect_metrics.py for tasks to queue
[2025-11-27T07:23:07.961+0000] {logging_mixin.py:190} INFO - [2025-11-27T07:23:07.960+0000] {dagbag.py:588} INFO - Filling up the DagBag from /opt/airflow/dags/collect_metrics.py
[2025-11-27T07:23:08.025+0000] {processor.py:925} INFO - DAG(s) 'collect_metrics' retrieved from /opt/airflow/dags/collect_metrics.py
[2025-11-27T07:23:08.096+0000] {logging_mixin.py:190} INFO - [2025-11-27T07:23:08.095+0000] {dag.py:3239} INFO - Sync 1 DAGs
[2025-11-27T07:23:08.117+0000] {logging_mixin.py:190} INFO - [2025-11-27T07:23:08.116+0000] {dag.py:4180} INFO - Setting next_dagrun for collect_metrics to None, run_after=None
[2025-11-27T07:23:08.152+0000] {processor.py:208} INFO - Processing /opt/airflow/dags/collect_metrics.py took 0.217 seconds
[2025-11-27T07:23:38.918+0000] {processor.py:186} INFO - Started process (PID=371) to work on /opt/airflow/dags/collect_metrics.py
[2025-11-27T07:23:38.920+0000] {processor.py:914} INFO - Processing file /opt/airflow/dags/collect_metrics.py for tasks to queue
[2025-11-27T07:23:38.927+0000] {logging_mixin.py:190} INFO - [2025-11-27T07:23:38.926+0000] {dagbag.py:588} INFO - Filling up the DagBag from /opt/airflow/dags/collect_metrics.py
[2025-11-27T07:23:38.983+0000] {processor.py:925} INFO - DAG(s) 'collect_metrics' retrieved from /opt/airflow/dags/collect_metrics.py
[2025-11-27T07:23:39.027+0000] {logging_mixin.py:190} INFO - [2025-11-27T07:23:39.027+0000] {dag.py:3239} INFO - Sync 1 DAGs
[2025-11-27T07:23:39.051+0000] {logging_mixin.py:190} INFO - [2025-11-27T07:23:39.051+0000] {dag.py:4180} INFO - Setting next_dagrun for collect_metrics to None, run_after=None
[2025-11-27T07:23:39.087+0000] {processor.py:208} INFO - Processing /opt/airflow/dags/collect_metrics.py took 0.179 seconds
[2025-11-27T07:24:09.267+0000] {processor.py:186} INFO - Started process (PID=380) to work on /opt/airflow/dags/collect_metrics.py
[2025-11-27T07:24:09.269+0000] {processor.py:914} INFO - Processing file /opt/airflow/dags/collect_metrics.py for tasks to queue
[2025-11-27T07:24:09.276+0000] {logging_mixin.py:190} INFO - [2025-11-27T07:24:09.275+0000] {dagbag.py:588} INFO - Filling up the DagBag from /opt/airflow/dags/collect_metrics.py
[2025-11-27T07:24:09.326+0000] {processor.py:925} INFO - DAG(s) 'collect_metrics' retrieved from /opt/airflow/dags/collect_metrics.py
[2025-11-27T07:24:09.373+0000] {logging_mixin.py:190} INFO - [2025-11-27T07:24:09.372+0000] {dag.py:3239} INFO - Sync 1 DAGs
[2025-11-27T07:24:09.393+0000] {logging_mixin.py:190} INFO - [2025-11-27T07:24:09.393+0000] {dag.py:4180} INFO - Setting next_dagrun for collect_metrics to None, run_after=None
[2025-11-27T07:24:09.427+0000] {processor.py:208} INFO - Processing /opt/airflow/dags/collect_metrics.py took 0.177 seconds
[2025-11-27T07:24:40.151+0000] {processor.py:186} INFO - Started process (PID=389) to work on /opt/airflow/dags/collect_metrics.py
[2025-11-27T07:24:40.154+0000] {processor.py:914} INFO - Processing file /opt/airflow/dags/collect_metrics.py for tasks to queue
[2025-11-27T07:24:40.158+0000] {logging_mixin.py:190} INFO - [2025-11-27T07:24:40.158+0000] {dagbag.py:588} INFO - Filling up the DagBag from /opt/airflow/dags/collect_metrics.py
[2025-11-27T07:24:40.200+0000] {processor.py:925} INFO - DAG(s) 'collect_metrics' retrieved from /opt/airflow/dags/collect_metrics.py
[2025-11-27T07:24:40.247+0000] {logging_mixin.py:190} INFO - [2025-11-27T07:24:40.247+0000] {dag.py:3239} INFO - Sync 1 DAGs
[2025-11-27T07:24:40.270+0000] {logging_mixin.py:190} INFO - [2025-11-27T07:24:40.270+0000] {dag.py:4180} INFO - Setting next_dagrun for collect_metrics to None, run_after=None
[2025-11-27T07:24:40.304+0000] {processor.py:208} INFO - Processing /opt/airflow/dags/collect_metrics.py took 0.166 seconds
[2025-11-27T07:25:11.107+0000] {processor.py:186} INFO - Started process (PID=398) to work on /opt/airflow/dags/collect_metrics.py
[2025-11-27T07:25:11.109+0000] {processor.py:914} INFO - Processing file /opt/airflow/dags/collect_metrics.py for tasks to queue
[2025-11-27T07:25:11.114+0000] {logging_mixin.py:190} INFO - [2025-11-27T07:25:11.114+0000] {dagbag.py:588} INFO - Filling up the DagBag from /opt/airflow/dags/collect_metrics.py
[2025-11-27T07:25:11.163+0000] {processor.py:925} INFO - DAG(s) 'collect_metrics' retrieved from /opt/airflow/dags/collect_metrics.py
[2025-11-27T07:25:11.210+0000] {logging_mixin.py:190} INFO - [2025-11-27T07:25:11.210+0000] {dag.py:3239} INFO - Sync 1 DAGs
[2025-11-27T07:25:11.231+0000] {logging_mixin.py:190} INFO - [2025-11-27T07:25:11.231+0000] {dag.py:4180} INFO - Setting next_dagrun for collect_metrics to None, run_after=None
[2025-11-27T07:25:11.263+0000] {processor.py:208} INFO - Processing /opt/airflow/dags/collect_metrics.py took 0.170 seconds
[2025-11-27T07:25:42.012+0000] {processor.py:186} INFO - Started process (PID=407) to work on /opt/airflow/dags/collect_metrics.py
[2025-11-27T07:25:42.016+0000] {processor.py:914} INFO - Processing file /opt/airflow/dags/collect_metrics.py for tasks to queue
[2025-11-27T07:25:42.020+0000] {logging_mixin.py:190} INFO - [2025-11-27T07:25:42.019+0000] {dagbag.py:588} INFO - Filling up the DagBag from /opt/airflow/dags/collect_metrics.py
[2025-11-27T07:25:42.065+0000] {processor.py:925} INFO - DAG(s) 'collect_metrics' retrieved from /opt/airflow/dags/collect_metrics.py
[2025-11-27T07:25:42.106+0000] {logging_mixin.py:190} INFO - [2025-11-27T07:25:42.105+0000] {dag.py:3239} INFO - Sync 1 DAGs
[2025-11-27T07:25:42.125+0000] {logging_mixin.py:190} INFO - [2025-11-27T07:25:42.125+0000] {dag.py:4180} INFO - Setting next_dagrun for collect_metrics to None, run_after=None
[2025-11-27T07:25:42.155+0000] {processor.py:208} INFO - Processing /opt/airflow/dags/collect_metrics.py took 0.164 seconds
[2025-11-27T07:26:12.363+0000] {processor.py:186} INFO - Started process (PID=417) to work on /opt/airflow/dags/collect_metrics.py
[2025-11-27T07:26:12.365+0000] {processor.py:914} INFO - Processing file /opt/airflow/dags/collect_metrics.py for tasks to queue
[2025-11-27T07:26:12.372+0000] {logging_mixin.py:190} INFO - [2025-11-27T07:26:12.371+0000] {dagbag.py:588} INFO - Filling up the DagBag from /opt/airflow/dags/collect_metrics.py
[2025-11-27T07:26:12.411+0000] {processor.py:925} INFO - DAG(s) 'collect_metrics' retrieved from /opt/airflow/dags/collect_metrics.py
[2025-11-27T07:26:12.453+0000] {logging_mixin.py:190} INFO - [2025-11-27T07:26:12.453+0000] {dag.py:3239} INFO - Sync 1 DAGs
[2025-11-27T07:26:12.477+0000] {logging_mixin.py:190} INFO - [2025-11-27T07:26:12.477+0000] {dag.py:4180} INFO - Setting next_dagrun for collect_metrics to None, run_after=None
[2025-11-27T07:26:12.518+0000] {processor.py:208} INFO - Processing /opt/airflow/dags/collect_metrics.py took 0.169 seconds
[2025-11-27T07:26:42.772+0000] {processor.py:186} INFO - Started process (PID=426) to work on /opt/airflow/dags/collect_metrics.py
[2025-11-27T07:26:42.774+0000] {processor.py:914} INFO - Processing file /opt/airflow/dags/collect_metrics.py for tasks to queue
[2025-11-27T07:26:42.778+0000] {logging_mixin.py:190} INFO - [2025-11-27T07:26:42.777+0000] {dagbag.py:588} INFO - Filling up the DagBag from /opt/airflow/dags/collect_metrics.py
[2025-11-27T07:26:42.821+0000] {processor.py:925} INFO - DAG(s) 'collect_metrics' retrieved from /opt/airflow/dags/collect_metrics.py
[2025-11-27T07:26:42.861+0000] {logging_mixin.py:190} INFO - [2025-11-27T07:26:42.861+0000] {dag.py:3239} INFO - Sync 1 DAGs
[2025-11-27T07:26:42.885+0000] {logging_mixin.py:190} INFO - [2025-11-27T07:26:42.884+0000] {dag.py:4180} INFO - Setting next_dagrun for collect_metrics to None, run_after=None
[2025-11-27T07:26:42.916+0000] {processor.py:208} INFO - Processing /opt/airflow/dags/collect_metrics.py took 0.155 seconds
[2025-11-27T07:27:13.138+0000] {processor.py:186} INFO - Started process (PID=435) to work on /opt/airflow/dags/collect_metrics.py
[2025-11-27T07:27:13.141+0000] {processor.py:914} INFO - Processing file /opt/airflow/dags/collect_metrics.py for tasks to queue
[2025-11-27T07:27:13.146+0000] {logging_mixin.py:190} INFO - [2025-11-27T07:27:13.145+0000] {dagbag.py:588} INFO - Filling up the DagBag from /opt/airflow/dags/collect_metrics.py
[2025-11-27T07:27:13.200+0000] {processor.py:925} INFO - DAG(s) 'collect_metrics' retrieved from /opt/airflow/dags/collect_metrics.py
[2025-11-27T07:27:13.243+0000] {logging_mixin.py:190} INFO - [2025-11-27T07:27:13.243+0000] {dag.py:3239} INFO - Sync 1 DAGs
[2025-11-27T07:27:13.265+0000] {logging_mixin.py:190} INFO - [2025-11-27T07:27:13.265+0000] {dag.py:4180} INFO - Setting next_dagrun for collect_metrics to None, run_after=None
[2025-11-27T07:27:13.322+0000] {processor.py:208} INFO - Processing /opt/airflow/dags/collect_metrics.py took 0.197 seconds
[2025-11-27T07:27:43.600+0000] {processor.py:186} INFO - Started process (PID=450) to work on /opt/airflow/dags/collect_metrics.py
[2025-11-27T07:27:43.603+0000] {processor.py:914} INFO - Processing file /opt/airflow/dags/collect_metrics.py for tasks to queue
[2025-11-27T07:27:43.609+0000] {logging_mixin.py:190} INFO - [2025-11-27T07:27:43.608+0000] {dagbag.py:588} INFO - Filling up the DagBag from /opt/airflow/dags/collect_metrics.py
[2025-11-27T07:27:43.660+0000] {processor.py:925} INFO - DAG(s) 'collect_metrics' retrieved from /opt/airflow/dags/collect_metrics.py
[2025-11-27T07:27:43.704+0000] {logging_mixin.py:190} INFO - [2025-11-27T07:27:43.703+0000] {dag.py:3239} INFO - Sync 1 DAGs
[2025-11-27T07:27:43.734+0000] {logging_mixin.py:190} INFO - [2025-11-27T07:27:43.734+0000] {dag.py:4180} INFO - Setting next_dagrun for collect_metrics to None, run_after=None
[2025-11-27T07:27:43.774+0000] {processor.py:208} INFO - Processing /opt/airflow/dags/collect_metrics.py took 0.186 seconds
[2025-11-27T07:28:14.043+0000] {processor.py:186} INFO - Started process (PID=459) to work on /opt/airflow/dags/collect_metrics.py
[2025-11-27T07:28:14.046+0000] {processor.py:914} INFO - Processing file /opt/airflow/dags/collect_metrics.py for tasks to queue
[2025-11-27T07:28:14.053+0000] {logging_mixin.py:190} INFO - [2025-11-27T07:28:14.052+0000] {dagbag.py:588} INFO - Filling up the DagBag from /opt/airflow/dags/collect_metrics.py
[2025-11-27T07:28:14.110+0000] {processor.py:925} INFO - DAG(s) 'collect_metrics' retrieved from /opt/airflow/dags/collect_metrics.py
[2025-11-27T07:28:14.154+0000] {logging_mixin.py:190} INFO - [2025-11-27T07:28:14.153+0000] {dag.py:3239} INFO - Sync 1 DAGs
[2025-11-27T07:28:14.174+0000] {logging_mixin.py:190} INFO - [2025-11-27T07:28:14.173+0000] {dag.py:4180} INFO - Setting next_dagrun for collect_metrics to None, run_after=None
[2025-11-27T07:28:14.211+0000] {processor.py:208} INFO - Processing /opt/airflow/dags/collect_metrics.py took 0.186 seconds
[2025-11-27T07:29:34.350+0000] {processor.py:186} INFO - Started process (PID=77) to work on /opt/airflow/dags/collect_metrics.py
[2025-11-27T07:29:34.353+0000] {processor.py:914} INFO - Processing file /opt/airflow/dags/collect_metrics.py for tasks to queue
[2025-11-27T07:29:34.360+0000] {logging_mixin.py:190} INFO - [2025-11-27T07:29:34.359+0000] {dagbag.py:588} INFO - Filling up the DagBag from /opt/airflow/dags/collect_metrics.py
[2025-11-27T07:29:34.408+0000] {processor.py:925} INFO - DAG(s) 'collect_metrics' retrieved from /opt/airflow/dags/collect_metrics.py
[2025-11-27T07:29:34.470+0000] {logging_mixin.py:190} INFO - [2025-11-27T07:29:34.469+0000] {dag.py:3239} INFO - Sync 1 DAGs
[2025-11-27T07:29:34.495+0000] {logging_mixin.py:190} INFO - [2025-11-27T07:29:34.495+0000] {dag.py:4180} INFO - Setting next_dagrun for collect_metrics to None, run_after=None
[2025-11-27T07:29:34.537+0000] {processor.py:208} INFO - Processing /opt/airflow/dags/collect_metrics.py took 0.199 seconds
[2025-11-27T07:30:05.239+0000] {processor.py:186} INFO - Started process (PID=86) to work on /opt/airflow/dags/collect_metrics.py
[2025-11-27T07:30:05.242+0000] {processor.py:914} INFO - Processing file /opt/airflow/dags/collect_metrics.py for tasks to queue
[2025-11-27T07:30:05.246+0000] {logging_mixin.py:190} INFO - [2025-11-27T07:30:05.246+0000] {dagbag.py:588} INFO - Filling up the DagBag from /opt/airflow/dags/collect_metrics.py
[2025-11-27T07:30:05.286+0000] {processor.py:925} INFO - DAG(s) 'collect_metrics' retrieved from /opt/airflow/dags/collect_metrics.py
[2025-11-27T07:30:05.325+0000] {logging_mixin.py:190} INFO - [2025-11-27T07:30:05.324+0000] {dag.py:3239} INFO - Sync 1 DAGs
[2025-11-27T07:30:05.341+0000] {logging_mixin.py:190} INFO - [2025-11-27T07:30:05.341+0000] {dag.py:4180} INFO - Setting next_dagrun for collect_metrics to None, run_after=None
[2025-11-27T07:30:05.372+0000] {processor.py:208} INFO - Processing /opt/airflow/dags/collect_metrics.py took 0.146 seconds
[2025-11-27T07:30:36.112+0000] {processor.py:186} INFO - Started process (PID=95) to work on /opt/airflow/dags/collect_metrics.py
[2025-11-27T07:30:36.115+0000] {processor.py:914} INFO - Processing file /opt/airflow/dags/collect_metrics.py for tasks to queue
[2025-11-27T07:30:36.124+0000] {logging_mixin.py:190} INFO - [2025-11-27T07:30:36.118+0000] {dagbag.py:588} INFO - Filling up the DagBag from /opt/airflow/dags/collect_metrics.py
[2025-11-27T07:30:36.163+0000] {processor.py:925} INFO - DAG(s) 'collect_metrics' retrieved from /opt/airflow/dags/collect_metrics.py
[2025-11-27T07:30:36.212+0000] {logging_mixin.py:190} INFO - [2025-11-27T07:30:36.212+0000] {dag.py:3239} INFO - Sync 1 DAGs
[2025-11-27T07:30:36.233+0000] {logging_mixin.py:190} INFO - [2025-11-27T07:30:36.232+0000] {dag.py:4180} INFO - Setting next_dagrun for collect_metrics to None, run_after=None
[2025-11-27T07:30:36.263+0000] {processor.py:208} INFO - Processing /opt/airflow/dags/collect_metrics.py took 0.164 seconds
[2025-11-27T07:31:07.065+0000] {processor.py:186} INFO - Started process (PID=104) to work on /opt/airflow/dags/collect_metrics.py
[2025-11-27T07:31:07.068+0000] {processor.py:914} INFO - Processing file /opt/airflow/dags/collect_metrics.py for tasks to queue
[2025-11-27T07:31:07.073+0000] {logging_mixin.py:190} INFO - [2025-11-27T07:31:07.072+0000] {dagbag.py:588} INFO - Filling up the DagBag from /opt/airflow/dags/collect_metrics.py
[2025-11-27T07:31:07.129+0000] {processor.py:925} INFO - DAG(s) 'collect_metrics' retrieved from /opt/airflow/dags/collect_metrics.py
[2025-11-27T07:31:07.175+0000] {logging_mixin.py:190} INFO - [2025-11-27T07:31:07.174+0000] {dag.py:3239} INFO - Sync 1 DAGs
[2025-11-27T07:31:07.206+0000] {logging_mixin.py:190} INFO - [2025-11-27T07:31:07.206+0000] {dag.py:4180} INFO - Setting next_dagrun for collect_metrics to None, run_after=None
[2025-11-27T07:31:07.254+0000] {processor.py:208} INFO - Processing /opt/airflow/dags/collect_metrics.py took 0.204 seconds
[2025-11-27T07:31:38.120+0000] {processor.py:186} INFO - Started process (PID=113) to work on /opt/airflow/dags/collect_metrics.py
[2025-11-27T07:31:38.122+0000] {processor.py:914} INFO - Processing file /opt/airflow/dags/collect_metrics.py for tasks to queue
[2025-11-27T07:31:38.125+0000] {logging_mixin.py:190} INFO - [2025-11-27T07:31:38.124+0000] {dagbag.py:588} INFO - Filling up the DagBag from /opt/airflow/dags/collect_metrics.py
[2025-11-27T07:31:38.179+0000] {processor.py:925} INFO - DAG(s) 'collect_metrics' retrieved from /opt/airflow/dags/collect_metrics.py
[2025-11-27T07:31:38.218+0000] {logging_mixin.py:190} INFO - [2025-11-27T07:31:38.218+0000] {dag.py:3239} INFO - Sync 1 DAGs
[2025-11-27T07:31:38.238+0000] {logging_mixin.py:190} INFO - [2025-11-27T07:31:38.238+0000] {dag.py:4180} INFO - Setting next_dagrun for collect_metrics to None, run_after=None
[2025-11-27T07:31:38.282+0000] {processor.py:208} INFO - Processing /opt/airflow/dags/collect_metrics.py took 0.170 seconds
[2025-11-27T07:32:09.100+0000] {processor.py:186} INFO - Started process (PID=122) to work on /opt/airflow/dags/collect_metrics.py
[2025-11-27T07:32:09.103+0000] {processor.py:914} INFO - Processing file /opt/airflow/dags/collect_metrics.py for tasks to queue
[2025-11-27T07:32:09.106+0000] {logging_mixin.py:190} INFO - [2025-11-27T07:32:09.106+0000] {dagbag.py:588} INFO - Filling up the DagBag from /opt/airflow/dags/collect_metrics.py
[2025-11-27T07:32:09.161+0000] {processor.py:925} INFO - DAG(s) 'collect_metrics' retrieved from /opt/airflow/dags/collect_metrics.py
[2025-11-27T07:32:09.206+0000] {logging_mixin.py:190} INFO - [2025-11-27T07:32:09.206+0000] {dag.py:3239} INFO - Sync 1 DAGs
[2025-11-27T07:32:09.227+0000] {logging_mixin.py:190} INFO - [2025-11-27T07:32:09.226+0000] {dag.py:4180} INFO - Setting next_dagrun for collect_metrics to None, run_after=None
[2025-11-27T07:32:09.257+0000] {processor.py:208} INFO - Processing /opt/airflow/dags/collect_metrics.py took 0.171 seconds
[2025-11-27T07:32:39.986+0000] {processor.py:186} INFO - Started process (PID=131) to work on /opt/airflow/dags/collect_metrics.py
[2025-11-27T07:32:39.988+0000] {processor.py:914} INFO - Processing file /opt/airflow/dags/collect_metrics.py for tasks to queue
[2025-11-27T07:32:39.992+0000] {logging_mixin.py:190} INFO - [2025-11-27T07:32:39.992+0000] {dagbag.py:588} INFO - Filling up the DagBag from /opt/airflow/dags/collect_metrics.py
[2025-11-27T07:32:40.049+0000] {processor.py:925} INFO - DAG(s) 'collect_metrics' retrieved from /opt/airflow/dags/collect_metrics.py
[2025-11-27T07:32:40.092+0000] {logging_mixin.py:190} INFO - [2025-11-27T07:32:40.091+0000] {dag.py:3239} INFO - Sync 1 DAGs
[2025-11-27T07:32:40.109+0000] {logging_mixin.py:190} INFO - [2025-11-27T07:32:40.109+0000] {dag.py:4180} INFO - Setting next_dagrun for collect_metrics to None, run_after=None
[2025-11-27T07:32:40.146+0000] {processor.py:208} INFO - Processing /opt/airflow/dags/collect_metrics.py took 0.169 seconds
[2025-11-27T07:33:10.920+0000] {processor.py:186} INFO - Started process (PID=140) to work on /opt/airflow/dags/collect_metrics.py
[2025-11-27T07:33:10.923+0000] {processor.py:914} INFO - Processing file /opt/airflow/dags/collect_metrics.py for tasks to queue
[2025-11-27T07:33:10.926+0000] {logging_mixin.py:190} INFO - [2025-11-27T07:33:10.926+0000] {dagbag.py:588} INFO - Filling up the DagBag from /opt/airflow/dags/collect_metrics.py
[2025-11-27T07:33:10.974+0000] {processor.py:925} INFO - DAG(s) 'collect_metrics' retrieved from /opt/airflow/dags/collect_metrics.py
[2025-11-27T07:33:11.024+0000] {logging_mixin.py:190} INFO - [2025-11-27T07:33:11.024+0000] {dag.py:3239} INFO - Sync 1 DAGs
[2025-11-27T07:33:11.051+0000] {logging_mixin.py:190} INFO - [2025-11-27T07:33:11.050+0000] {dag.py:4180} INFO - Setting next_dagrun for collect_metrics to None, run_after=None
[2025-11-27T07:33:11.080+0000] {processor.py:208} INFO - Processing /opt/airflow/dags/collect_metrics.py took 0.171 seconds
[2025-11-27T07:33:41.923+0000] {processor.py:186} INFO - Started process (PID=149) to work on /opt/airflow/dags/collect_metrics.py
[2025-11-27T07:33:41.927+0000] {processor.py:914} INFO - Processing file /opt/airflow/dags/collect_metrics.py for tasks to queue
[2025-11-27T07:33:41.931+0000] {logging_mixin.py:190} INFO - [2025-11-27T07:33:41.930+0000] {dagbag.py:588} INFO - Filling up the DagBag from /opt/airflow/dags/collect_metrics.py
[2025-11-27T07:33:41.991+0000] {processor.py:925} INFO - DAG(s) 'collect_metrics' retrieved from /opt/airflow/dags/collect_metrics.py
[2025-11-27T07:33:42.042+0000] {logging_mixin.py:190} INFO - [2025-11-27T07:33:42.042+0000] {dag.py:3239} INFO - Sync 1 DAGs
[2025-11-27T07:33:42.065+0000] {logging_mixin.py:190} INFO - [2025-11-27T07:33:42.065+0000] {dag.py:4180} INFO - Setting next_dagrun for collect_metrics to None, run_after=None
[2025-11-27T07:33:42.095+0000] {processor.py:208} INFO - Processing /opt/airflow/dags/collect_metrics.py took 0.182 seconds
[2025-11-27T07:34:12.855+0000] {processor.py:186} INFO - Started process (PID=158) to work on /opt/airflow/dags/collect_metrics.py
[2025-11-27T07:34:12.858+0000] {processor.py:914} INFO - Processing file /opt/airflow/dags/collect_metrics.py for tasks to queue
[2025-11-27T07:34:12.862+0000] {logging_mixin.py:190} INFO - [2025-11-27T07:34:12.861+0000] {dagbag.py:588} INFO - Filling up the DagBag from /opt/airflow/dags/collect_metrics.py
[2025-11-27T07:34:12.915+0000] {processor.py:925} INFO - DAG(s) 'collect_metrics' retrieved from /opt/airflow/dags/collect_metrics.py
[2025-11-27T07:34:12.968+0000] {logging_mixin.py:190} INFO - [2025-11-27T07:34:12.968+0000] {dag.py:3239} INFO - Sync 1 DAGs
[2025-11-27T07:34:12.990+0000] {logging_mixin.py:190} INFO - [2025-11-27T07:34:12.990+0000] {dag.py:4180} INFO - Setting next_dagrun for collect_metrics to None, run_after=None
[2025-11-27T07:34:13.018+0000] {processor.py:208} INFO - Processing /opt/airflow/dags/collect_metrics.py took 0.173 seconds
[2025-11-27T07:34:44.049+0000] {processor.py:186} INFO - Started process (PID=167) to work on /opt/airflow/dags/collect_metrics.py
[2025-11-27T07:34:44.051+0000] {processor.py:914} INFO - Processing file /opt/airflow/dags/collect_metrics.py for tasks to queue
[2025-11-27T07:34:44.055+0000] {logging_mixin.py:190} INFO - [2025-11-27T07:34:44.055+0000] {dagbag.py:588} INFO - Filling up the DagBag from /opt/airflow/dags/collect_metrics.py
[2025-11-27T07:34:44.087+0000] {processor.py:925} INFO - DAG(s) 'collect_metrics' retrieved from /opt/airflow/dags/collect_metrics.py
[2025-11-27T07:34:44.127+0000] {logging_mixin.py:190} INFO - [2025-11-27T07:34:44.127+0000] {dag.py:3239} INFO - Sync 1 DAGs
[2025-11-27T07:34:44.150+0000] {logging_mixin.py:190} INFO - [2025-11-27T07:34:44.150+0000] {dag.py:4180} INFO - Setting next_dagrun for collect_metrics to None, run_after=None
[2025-11-27T07:34:44.185+0000] {processor.py:208} INFO - Processing /opt/airflow/dags/collect_metrics.py took 0.149 seconds
[2025-11-27T07:35:14.933+0000] {processor.py:186} INFO - Started process (PID=176) to work on /opt/airflow/dags/collect_metrics.py
[2025-11-27T07:35:14.936+0000] {processor.py:914} INFO - Processing file /opt/airflow/dags/collect_metrics.py for tasks to queue
[2025-11-27T07:35:14.940+0000] {logging_mixin.py:190} INFO - [2025-11-27T07:35:14.940+0000] {dagbag.py:588} INFO - Filling up the DagBag from /opt/airflow/dags/collect_metrics.py
[2025-11-27T07:35:14.971+0000] {processor.py:925} INFO - DAG(s) 'collect_metrics' retrieved from /opt/airflow/dags/collect_metrics.py
[2025-11-27T07:35:15.010+0000] {logging_mixin.py:190} INFO - [2025-11-27T07:35:15.009+0000] {dag.py:3239} INFO - Sync 1 DAGs
[2025-11-27T07:35:15.031+0000] {logging_mixin.py:190} INFO - [2025-11-27T07:35:15.031+0000] {dag.py:4180} INFO - Setting next_dagrun for collect_metrics to None, run_after=None
[2025-11-27T07:35:15.068+0000] {processor.py:208} INFO - Processing /opt/airflow/dags/collect_metrics.py took 0.146 seconds
[2025-11-27T07:35:45.815+0000] {processor.py:186} INFO - Started process (PID=184) to work on /opt/airflow/dags/collect_metrics.py
[2025-11-27T07:35:45.818+0000] {processor.py:914} INFO - Processing file /opt/airflow/dags/collect_metrics.py for tasks to queue
[2025-11-27T07:35:45.823+0000] {logging_mixin.py:190} INFO - [2025-11-27T07:35:45.822+0000] {dagbag.py:588} INFO - Filling up the DagBag from /opt/airflow/dags/collect_metrics.py
[2025-11-27T07:35:45.897+0000] {processor.py:925} INFO - DAG(s) 'collect_metrics' retrieved from /opt/airflow/dags/collect_metrics.py
[2025-11-27T07:35:45.939+0000] {logging_mixin.py:190} INFO - [2025-11-27T07:35:45.939+0000] {dag.py:3239} INFO - Sync 1 DAGs
[2025-11-27T07:35:45.958+0000] {logging_mixin.py:190} INFO - [2025-11-27T07:35:45.957+0000] {dag.py:4180} INFO - Setting next_dagrun for collect_metrics to None, run_after=None
[2025-11-27T07:35:45.991+0000] {processor.py:208} INFO - Processing /opt/airflow/dags/collect_metrics.py took 0.187 seconds
[2025-11-27T07:36:16.877+0000] {processor.py:186} INFO - Started process (PID=194) to work on /opt/airflow/dags/collect_metrics.py
[2025-11-27T07:36:16.879+0000] {processor.py:914} INFO - Processing file /opt/airflow/dags/collect_metrics.py for tasks to queue
[2025-11-27T07:36:16.884+0000] {logging_mixin.py:190} INFO - [2025-11-27T07:36:16.883+0000] {dagbag.py:588} INFO - Filling up the DagBag from /opt/airflow/dags/collect_metrics.py
[2025-11-27T07:36:16.934+0000] {processor.py:925} INFO - DAG(s) 'collect_metrics' retrieved from /opt/airflow/dags/collect_metrics.py
[2025-11-27T07:36:16.975+0000] {logging_mixin.py:190} INFO - [2025-11-27T07:36:16.975+0000] {dag.py:3239} INFO - Sync 1 DAGs
[2025-11-27T07:36:16.999+0000] {logging_mixin.py:190} INFO - [2025-11-27T07:36:16.999+0000] {dag.py:4180} INFO - Setting next_dagrun for collect_metrics to None, run_after=None
[2025-11-27T07:36:17.033+0000] {processor.py:208} INFO - Processing /opt/airflow/dags/collect_metrics.py took 0.168 seconds
[2025-11-27T07:36:47.828+0000] {processor.py:186} INFO - Started process (PID=203) to work on /opt/airflow/dags/collect_metrics.py
[2025-11-27T07:36:47.830+0000] {processor.py:914} INFO - Processing file /opt/airflow/dags/collect_metrics.py for tasks to queue
[2025-11-27T07:36:47.840+0000] {logging_mixin.py:190} INFO - [2025-11-27T07:36:47.840+0000] {dagbag.py:588} INFO - Filling up the DagBag from /opt/airflow/dags/collect_metrics.py
[2025-11-27T07:36:47.919+0000] {processor.py:925} INFO - DAG(s) 'collect_metrics' retrieved from /opt/airflow/dags/collect_metrics.py
[2025-11-27T07:36:47.958+0000] {logging_mixin.py:190} INFO - [2025-11-27T07:36:47.958+0000] {dag.py:3239} INFO - Sync 1 DAGs
[2025-11-27T07:36:47.980+0000] {logging_mixin.py:190} INFO - [2025-11-27T07:36:47.980+0000] {dag.py:4180} INFO - Setting next_dagrun for collect_metrics to None, run_after=None
[2025-11-27T07:36:48.008+0000] {processor.py:208} INFO - Processing /opt/airflow/dags/collect_metrics.py took 0.196 seconds
[2025-11-27T07:37:18.811+0000] {processor.py:186} INFO - Started process (PID=212) to work on /opt/airflow/dags/collect_metrics.py
[2025-11-27T07:37:18.813+0000] {processor.py:914} INFO - Processing file /opt/airflow/dags/collect_metrics.py for tasks to queue
[2025-11-27T07:37:18.820+0000] {logging_mixin.py:190} INFO - [2025-11-27T07:37:18.819+0000] {dagbag.py:588} INFO - Filling up the DagBag from /opt/airflow/dags/collect_metrics.py
[2025-11-27T07:37:18.908+0000] {processor.py:925} INFO - DAG(s) 'collect_metrics' retrieved from /opt/airflow/dags/collect_metrics.py
[2025-11-27T07:37:18.956+0000] {logging_mixin.py:190} INFO - [2025-11-27T07:37:18.956+0000] {dag.py:3239} INFO - Sync 1 DAGs
[2025-11-27T07:37:18.979+0000] {logging_mixin.py:190} INFO - [2025-11-27T07:37:18.979+0000] {dag.py:4180} INFO - Setting next_dagrun for collect_metrics to None, run_after=None
[2025-11-27T07:37:19.018+0000] {processor.py:208} INFO - Processing /opt/airflow/dags/collect_metrics.py took 0.217 seconds
[2025-11-27T07:37:49.788+0000] {processor.py:186} INFO - Started process (PID=221) to work on /opt/airflow/dags/collect_metrics.py
[2025-11-27T07:37:49.790+0000] {processor.py:914} INFO - Processing file /opt/airflow/dags/collect_metrics.py for tasks to queue
[2025-11-27T07:37:49.794+0000] {logging_mixin.py:190} INFO - [2025-11-27T07:37:49.793+0000] {dagbag.py:588} INFO - Filling up the DagBag from /opt/airflow/dags/collect_metrics.py
[2025-11-27T07:37:49.843+0000] {processor.py:925} INFO - DAG(s) 'collect_metrics' retrieved from /opt/airflow/dags/collect_metrics.py
[2025-11-27T07:37:49.888+0000] {logging_mixin.py:190} INFO - [2025-11-27T07:37:49.888+0000] {dag.py:3239} INFO - Sync 1 DAGs
[2025-11-27T07:37:49.911+0000] {logging_mixin.py:190} INFO - [2025-11-27T07:37:49.911+0000] {dag.py:4180} INFO - Setting next_dagrun for collect_metrics to None, run_after=None
[2025-11-27T07:37:49.948+0000] {processor.py:208} INFO - Processing /opt/airflow/dags/collect_metrics.py took 0.170 seconds
[2025-11-27T07:38:20.712+0000] {processor.py:186} INFO - Started process (PID=229) to work on /opt/airflow/dags/collect_metrics.py
[2025-11-27T07:38:20.713+0000] {processor.py:914} INFO - Processing file /opt/airflow/dags/collect_metrics.py for tasks to queue
[2025-11-27T07:38:20.717+0000] {logging_mixin.py:190} INFO - [2025-11-27T07:38:20.716+0000] {dagbag.py:588} INFO - Filling up the DagBag from /opt/airflow/dags/collect_metrics.py
[2025-11-27T07:38:20.753+0000] {processor.py:925} INFO - DAG(s) 'collect_metrics' retrieved from /opt/airflow/dags/collect_metrics.py
[2025-11-27T07:38:20.807+0000] {logging_mixin.py:190} INFO - [2025-11-27T07:38:20.807+0000] {dag.py:3239} INFO - Sync 1 DAGs
[2025-11-27T07:38:20.826+0000] {logging_mixin.py:190} INFO - [2025-11-27T07:38:20.825+0000] {dag.py:4180} INFO - Setting next_dagrun for collect_metrics to None, run_after=None
[2025-11-27T07:38:20.855+0000] {processor.py:208} INFO - Processing /opt/airflow/dags/collect_metrics.py took 0.151 seconds
[2025-11-27T07:38:51.640+0000] {processor.py:186} INFO - Started process (PID=238) to work on /opt/airflow/dags/collect_metrics.py
[2025-11-27T07:38:51.643+0000] {processor.py:914} INFO - Processing file /opt/airflow/dags/collect_metrics.py for tasks to queue
[2025-11-27T07:38:51.649+0000] {logging_mixin.py:190} INFO - [2025-11-27T07:38:51.649+0000] {dagbag.py:588} INFO - Filling up the DagBag from /opt/airflow/dags/collect_metrics.py
[2025-11-27T07:38:51.700+0000] {processor.py:925} INFO - DAG(s) 'collect_metrics' retrieved from /opt/airflow/dags/collect_metrics.py
[2025-11-27T07:38:51.749+0000] {logging_mixin.py:190} INFO - [2025-11-27T07:38:51.749+0000] {dag.py:3239} INFO - Sync 1 DAGs
[2025-11-27T07:38:51.777+0000] {logging_mixin.py:190} INFO - [2025-11-27T07:38:51.776+0000] {dag.py:4180} INFO - Setting next_dagrun for collect_metrics to None, run_after=None
[2025-11-27T07:38:51.809+0000] {processor.py:208} INFO - Processing /opt/airflow/dags/collect_metrics.py took 0.180 seconds
[2025-11-27T07:39:22.500+0000] {processor.py:186} INFO - Started process (PID=247) to work on /opt/airflow/dags/collect_metrics.py
[2025-11-27T07:39:22.502+0000] {processor.py:914} INFO - Processing file /opt/airflow/dags/collect_metrics.py for tasks to queue
[2025-11-27T07:39:22.506+0000] {logging_mixin.py:190} INFO - [2025-11-27T07:39:22.506+0000] {dagbag.py:588} INFO - Filling up the DagBag from /opt/airflow/dags/collect_metrics.py
[2025-11-27T07:39:22.559+0000] {processor.py:925} INFO - DAG(s) 'collect_metrics' retrieved from /opt/airflow/dags/collect_metrics.py
[2025-11-27T07:39:22.610+0000] {logging_mixin.py:190} INFO - [2025-11-27T07:39:22.610+0000] {dag.py:3239} INFO - Sync 1 DAGs
[2025-11-27T07:39:22.631+0000] {logging_mixin.py:190} INFO - [2025-11-27T07:39:22.630+0000] {dag.py:4180} INFO - Setting next_dagrun for collect_metrics to None, run_after=None
[2025-11-27T07:39:22.658+0000] {processor.py:208} INFO - Processing /opt/airflow/dags/collect_metrics.py took 0.169 seconds
[2025-11-27T07:39:53.702+0000] {processor.py:186} INFO - Started process (PID=256) to work on /opt/airflow/dags/collect_metrics.py
[2025-11-27T07:39:53.704+0000] {processor.py:914} INFO - Processing file /opt/airflow/dags/collect_metrics.py for tasks to queue
[2025-11-27T07:39:53.707+0000] {logging_mixin.py:190} INFO - [2025-11-27T07:39:53.706+0000] {dagbag.py:588} INFO - Filling up the DagBag from /opt/airflow/dags/collect_metrics.py
[2025-11-27T07:39:53.753+0000] {processor.py:925} INFO - DAG(s) 'collect_metrics' retrieved from /opt/airflow/dags/collect_metrics.py
[2025-11-27T07:39:53.808+0000] {logging_mixin.py:190} INFO - [2025-11-27T07:39:53.808+0000] {dag.py:3239} INFO - Sync 1 DAGs
[2025-11-27T07:39:53.830+0000] {logging_mixin.py:190} INFO - [2025-11-27T07:39:53.830+0000] {dag.py:4180} INFO - Setting next_dagrun for collect_metrics to None, run_after=None
[2025-11-27T07:39:53.861+0000] {processor.py:208} INFO - Processing /opt/airflow/dags/collect_metrics.py took 0.168 seconds
[2025-11-27T07:40:24.597+0000] {processor.py:186} INFO - Started process (PID=265) to work on /opt/airflow/dags/collect_metrics.py
[2025-11-27T07:40:24.599+0000] {processor.py:914} INFO - Processing file /opt/airflow/dags/collect_metrics.py for tasks to queue
[2025-11-27T07:40:24.603+0000] {logging_mixin.py:190} INFO - [2025-11-27T07:40:24.603+0000] {dagbag.py:588} INFO - Filling up the DagBag from /opt/airflow/dags/collect_metrics.py
[2025-11-27T07:40:24.653+0000] {processor.py:925} INFO - DAG(s) 'collect_metrics' retrieved from /opt/airflow/dags/collect_metrics.py
[2025-11-27T07:40:24.689+0000] {logging_mixin.py:190} INFO - [2025-11-27T07:40:24.689+0000] {dag.py:3239} INFO - Sync 1 DAGs
[2025-11-27T07:40:24.711+0000] {logging_mixin.py:190} INFO - [2025-11-27T07:40:24.711+0000] {dag.py:4180} INFO - Setting next_dagrun for collect_metrics to None, run_after=None
[2025-11-27T07:40:24.750+0000] {processor.py:208} INFO - Processing /opt/airflow/dags/collect_metrics.py took 0.164 seconds
[2025-11-27T07:40:55.595+0000] {processor.py:186} INFO - Started process (PID=274) to work on /opt/airflow/dags/collect_metrics.py
[2025-11-27T07:40:55.597+0000] {processor.py:914} INFO - Processing file /opt/airflow/dags/collect_metrics.py for tasks to queue
[2025-11-27T07:40:55.600+0000] {logging_mixin.py:190} INFO - [2025-11-27T07:40:55.600+0000] {dagbag.py:588} INFO - Filling up the DagBag from /opt/airflow/dags/collect_metrics.py
[2025-11-27T07:40:55.644+0000] {processor.py:925} INFO - DAG(s) 'collect_metrics' retrieved from /opt/airflow/dags/collect_metrics.py
[2025-11-27T07:40:55.685+0000] {logging_mixin.py:190} INFO - [2025-11-27T07:40:55.685+0000] {dag.py:3239} INFO - Sync 1 DAGs
[2025-11-27T07:40:55.711+0000] {logging_mixin.py:190} INFO - [2025-11-27T07:40:55.710+0000] {dag.py:4180} INFO - Setting next_dagrun for collect_metrics to None, run_after=None
[2025-11-27T07:40:55.746+0000] {processor.py:208} INFO - Processing /opt/airflow/dags/collect_metrics.py took 0.162 seconds
[2025-11-27T07:41:25.957+0000] {processor.py:186} INFO - Started process (PID=283) to work on /opt/airflow/dags/collect_metrics.py
[2025-11-27T07:41:25.959+0000] {processor.py:914} INFO - Processing file /opt/airflow/dags/collect_metrics.py for tasks to queue
[2025-11-27T07:41:25.963+0000] {logging_mixin.py:190} INFO - [2025-11-27T07:41:25.962+0000] {dagbag.py:588} INFO - Filling up the DagBag from /opt/airflow/dags/collect_metrics.py
[2025-11-27T07:41:26.011+0000] {processor.py:925} INFO - DAG(s) 'collect_metrics' retrieved from /opt/airflow/dags/collect_metrics.py
[2025-11-27T07:41:26.055+0000] {logging_mixin.py:190} INFO - [2025-11-27T07:41:26.055+0000] {dag.py:3239} INFO - Sync 1 DAGs
[2025-11-27T07:41:26.079+0000] {logging_mixin.py:190} INFO - [2025-11-27T07:41:26.079+0000] {dag.py:4180} INFO - Setting next_dagrun for collect_metrics to None, run_after=None
[2025-11-27T07:41:26.117+0000] {processor.py:208} INFO - Processing /opt/airflow/dags/collect_metrics.py took 0.169 seconds
[2025-11-27T07:41:56.852+0000] {processor.py:186} INFO - Started process (PID=300) to work on /opt/airflow/dags/collect_metrics.py
[2025-11-27T07:41:56.856+0000] {processor.py:914} INFO - Processing file /opt/airflow/dags/collect_metrics.py for tasks to queue
[2025-11-27T07:41:56.860+0000] {logging_mixin.py:190} INFO - [2025-11-27T07:41:56.860+0000] {dagbag.py:588} INFO - Filling up the DagBag from /opt/airflow/dags/collect_metrics.py
[2025-11-27T07:41:56.900+0000] {processor.py:925} INFO - DAG(s) 'collect_metrics' retrieved from /opt/airflow/dags/collect_metrics.py
[2025-11-27T07:41:56.941+0000] {logging_mixin.py:190} INFO - [2025-11-27T07:41:56.941+0000] {dag.py:3239} INFO - Sync 1 DAGs
[2025-11-27T07:41:56.968+0000] {logging_mixin.py:190} INFO - [2025-11-27T07:41:56.968+0000] {dag.py:4180} INFO - Setting next_dagrun for collect_metrics to None, run_after=None
[2025-11-27T07:41:57.001+0000] {processor.py:208} INFO - Processing /opt/airflow/dags/collect_metrics.py took 0.167 seconds
[2025-11-27T07:42:27.935+0000] {processor.py:186} INFO - Started process (PID=309) to work on /opt/airflow/dags/collect_metrics.py
[2025-11-27T07:42:27.937+0000] {processor.py:914} INFO - Processing file /opt/airflow/dags/collect_metrics.py for tasks to queue
[2025-11-27T07:42:27.940+0000] {logging_mixin.py:190} INFO - [2025-11-27T07:42:27.940+0000] {dagbag.py:588} INFO - Filling up the DagBag from /opt/airflow/dags/collect_metrics.py
[2025-11-27T07:42:27.978+0000] {processor.py:925} INFO - DAG(s) 'collect_metrics' retrieved from /opt/airflow/dags/collect_metrics.py
[2025-11-27T07:42:28.025+0000] {logging_mixin.py:190} INFO - [2025-11-27T07:42:28.025+0000] {dag.py:3239} INFO - Sync 1 DAGs
[2025-11-27T07:42:28.048+0000] {logging_mixin.py:190} INFO - [2025-11-27T07:42:28.048+0000] {dag.py:4180} INFO - Setting next_dagrun for collect_metrics to None, run_after=None
[2025-11-27T07:42:28.091+0000] {processor.py:208} INFO - Processing /opt/airflow/dags/collect_metrics.py took 0.166 seconds
[2025-11-27T07:42:58.290+0000] {processor.py:186} INFO - Started process (PID=319) to work on /opt/airflow/dags/collect_metrics.py
[2025-11-27T07:42:58.292+0000] {processor.py:914} INFO - Processing file /opt/airflow/dags/collect_metrics.py for tasks to queue
[2025-11-27T07:42:58.297+0000] {logging_mixin.py:190} INFO - [2025-11-27T07:42:58.297+0000] {dagbag.py:588} INFO - Filling up the DagBag from /opt/airflow/dags/collect_metrics.py
[2025-11-27T07:42:58.345+0000] {processor.py:925} INFO - DAG(s) 'collect_metrics' retrieved from /opt/airflow/dags/collect_metrics.py
[2025-11-27T07:42:58.389+0000] {logging_mixin.py:190} INFO - [2025-11-27T07:42:58.388+0000] {dag.py:3239} INFO - Sync 1 DAGs
[2025-11-27T07:42:58.409+0000] {logging_mixin.py:190} INFO - [2025-11-27T07:42:58.409+0000] {dag.py:4180} INFO - Setting next_dagrun for collect_metrics to None, run_after=None
[2025-11-27T07:42:58.440+0000] {processor.py:208} INFO - Processing /opt/airflow/dags/collect_metrics.py took 0.159 seconds
[2025-11-27T07:43:29.261+0000] {processor.py:186} INFO - Started process (PID=328) to work on /opt/airflow/dags/collect_metrics.py
[2025-11-27T07:43:29.263+0000] {processor.py:914} INFO - Processing file /opt/airflow/dags/collect_metrics.py for tasks to queue
[2025-11-27T07:43:29.268+0000] {logging_mixin.py:190} INFO - [2025-11-27T07:43:29.267+0000] {dagbag.py:588} INFO - Filling up the DagBag from /opt/airflow/dags/collect_metrics.py
[2025-11-27T07:43:29.312+0000] {processor.py:925} INFO - DAG(s) 'collect_metrics' retrieved from /opt/airflow/dags/collect_metrics.py
[2025-11-27T07:43:29.349+0000] {logging_mixin.py:190} INFO - [2025-11-27T07:43:29.349+0000] {dag.py:3239} INFO - Sync 1 DAGs
[2025-11-27T07:43:29.370+0000] {logging_mixin.py:190} INFO - [2025-11-27T07:43:29.370+0000] {dag.py:4180} INFO - Setting next_dagrun for collect_metrics to None, run_after=None
[2025-11-27T07:43:29.399+0000] {processor.py:208} INFO - Processing /opt/airflow/dags/collect_metrics.py took 0.148 seconds
[2025-11-27T07:44:00.373+0000] {processor.py:186} INFO - Started process (PID=337) to work on /opt/airflow/dags/collect_metrics.py
[2025-11-27T07:44:00.376+0000] {processor.py:914} INFO - Processing file /opt/airflow/dags/collect_metrics.py for tasks to queue
[2025-11-27T07:44:00.380+0000] {logging_mixin.py:190} INFO - [2025-11-27T07:44:00.379+0000] {dagbag.py:588} INFO - Filling up the DagBag from /opt/airflow/dags/collect_metrics.py
[2025-11-27T07:44:00.431+0000] {processor.py:925} INFO - DAG(s) 'collect_metrics' retrieved from /opt/airflow/dags/collect_metrics.py
[2025-11-27T07:44:00.475+0000] {logging_mixin.py:190} INFO - [2025-11-27T07:44:00.475+0000] {dag.py:3239} INFO - Sync 1 DAGs
[2025-11-27T07:44:00.497+0000] {logging_mixin.py:190} INFO - [2025-11-27T07:44:00.497+0000] {dag.py:4180} INFO - Setting next_dagrun for collect_metrics to None, run_after=None
[2025-11-27T07:44:00.533+0000] {processor.py:208} INFO - Processing /opt/airflow/dags/collect_metrics.py took 0.174 seconds
[2025-11-27T07:44:30.853+0000] {processor.py:186} INFO - Started process (PID=346) to work on /opt/airflow/dags/collect_metrics.py
[2025-11-27T07:44:30.855+0000] {processor.py:914} INFO - Processing file /opt/airflow/dags/collect_metrics.py for tasks to queue
[2025-11-27T07:44:30.859+0000] {logging_mixin.py:190} INFO - [2025-11-27T07:44:30.859+0000] {dagbag.py:588} INFO - Filling up the DagBag from /opt/airflow/dags/collect_metrics.py
[2025-11-27T07:44:30.890+0000] {processor.py:925} INFO - DAG(s) 'collect_metrics' retrieved from /opt/airflow/dags/collect_metrics.py
[2025-11-27T07:44:30.925+0000] {logging_mixin.py:190} INFO - [2025-11-27T07:44:30.925+0000] {dag.py:3239} INFO - Sync 1 DAGs
[2025-11-27T07:44:30.945+0000] {logging_mixin.py:190} INFO - [2025-11-27T07:44:30.944+0000] {dag.py:4180} INFO - Setting next_dagrun for collect_metrics to None, run_after=None
[2025-11-27T07:44:30.980+0000] {processor.py:208} INFO - Processing /opt/airflow/dags/collect_metrics.py took 0.138 seconds
[2025-11-27T07:45:01.310+0000] {processor.py:186} INFO - Started process (PID=355) to work on /opt/airflow/dags/collect_metrics.py
[2025-11-27T07:45:01.313+0000] {processor.py:914} INFO - Processing file /opt/airflow/dags/collect_metrics.py for tasks to queue
[2025-11-27T07:45:01.317+0000] {logging_mixin.py:190} INFO - [2025-11-27T07:45:01.316+0000] {dagbag.py:588} INFO - Filling up the DagBag from /opt/airflow/dags/collect_metrics.py
[2025-11-27T07:45:01.358+0000] {processor.py:925} INFO - DAG(s) 'collect_metrics' retrieved from /opt/airflow/dags/collect_metrics.py
[2025-11-27T07:45:01.398+0000] {logging_mixin.py:190} INFO - [2025-11-27T07:45:01.397+0000] {dag.py:3239} INFO - Sync 1 DAGs
[2025-11-27T07:45:01.425+0000] {logging_mixin.py:190} INFO - [2025-11-27T07:45:01.425+0000] {dag.py:4180} INFO - Setting next_dagrun for collect_metrics to None, run_after=None
[2025-11-27T07:45:01.463+0000] {processor.py:208} INFO - Processing /opt/airflow/dags/collect_metrics.py took 0.162 seconds
[2025-11-27T07:45:31.644+0000] {processor.py:186} INFO - Started process (PID=363) to work on /opt/airflow/dags/collect_metrics.py
[2025-11-27T07:45:31.648+0000] {processor.py:914} INFO - Processing file /opt/airflow/dags/collect_metrics.py for tasks to queue
[2025-11-27T07:45:31.653+0000] {logging_mixin.py:190} INFO - [2025-11-27T07:45:31.653+0000] {dagbag.py:588} INFO - Filling up the DagBag from /opt/airflow/dags/collect_metrics.py
[2025-11-27T07:45:31.694+0000] {processor.py:925} INFO - DAG(s) 'collect_metrics' retrieved from /opt/airflow/dags/collect_metrics.py
[2025-11-27T07:45:31.741+0000] {logging_mixin.py:190} INFO - [2025-11-27T07:45:31.741+0000] {dag.py:3239} INFO - Sync 1 DAGs
[2025-11-27T07:45:31.766+0000] {logging_mixin.py:190} INFO - [2025-11-27T07:45:31.765+0000] {dag.py:4180} INFO - Setting next_dagrun for collect_metrics to None, run_after=None
[2025-11-27T07:45:31.795+0000] {processor.py:208} INFO - Processing /opt/airflow/dags/collect_metrics.py took 0.162 seconds
[2025-11-27T07:46:01.977+0000] {processor.py:186} INFO - Started process (PID=372) to work on /opt/airflow/dags/collect_metrics.py
[2025-11-27T07:46:01.981+0000] {processor.py:914} INFO - Processing file /opt/airflow/dags/collect_metrics.py for tasks to queue
[2025-11-27T07:46:01.986+0000] {logging_mixin.py:190} INFO - [2025-11-27T07:46:01.985+0000] {dagbag.py:588} INFO - Filling up the DagBag from /opt/airflow/dags/collect_metrics.py
[2025-11-27T07:46:02.044+0000] {processor.py:925} INFO - DAG(s) 'collect_metrics' retrieved from /opt/airflow/dags/collect_metrics.py
[2025-11-27T07:46:02.086+0000] {logging_mixin.py:190} INFO - [2025-11-27T07:46:02.085+0000] {dag.py:3239} INFO - Sync 1 DAGs
[2025-11-27T07:46:02.109+0000] {logging_mixin.py:190} INFO - [2025-11-27T07:46:02.109+0000] {dag.py:4180} INFO - Setting next_dagrun for collect_metrics to None, run_after=None
[2025-11-27T07:46:02.151+0000] {processor.py:208} INFO - Processing /opt/airflow/dags/collect_metrics.py took 0.189 seconds
[2025-11-27T07:46:32.265+0000] {processor.py:186} INFO - Started process (PID=381) to work on /opt/airflow/dags/collect_metrics.py
[2025-11-27T07:46:32.269+0000] {processor.py:914} INFO - Processing file /opt/airflow/dags/collect_metrics.py for tasks to queue
[2025-11-27T07:46:32.274+0000] {logging_mixin.py:190} INFO - [2025-11-27T07:46:32.273+0000] {dagbag.py:588} INFO - Filling up the DagBag from /opt/airflow/dags/collect_metrics.py
[2025-11-27T07:46:32.306+0000] {processor.py:925} INFO - DAG(s) 'collect_metrics' retrieved from /opt/airflow/dags/collect_metrics.py
[2025-11-27T07:46:32.357+0000] {logging_mixin.py:190} INFO - [2025-11-27T07:46:32.357+0000] {dag.py:3239} INFO - Sync 1 DAGs
[2025-11-27T07:46:32.377+0000] {logging_mixin.py:190} INFO - [2025-11-27T07:46:32.377+0000] {dag.py:4180} INFO - Setting next_dagrun for collect_metrics to None, run_after=None
[2025-11-27T07:46:32.413+0000] {processor.py:208} INFO - Processing /opt/airflow/dags/collect_metrics.py took 0.161 seconds
