[2025-11-27T07:43:22.953+0000] {local_task_job_runner.py:123} INFO - ::group::Pre task execution logs
[2025-11-27T07:43:22.973+0000] {taskinstance.py:2614} INFO - Dependencies all met for dep_context=non-requeueable deps ti=<TaskInstance: load_data.load_for_day scheduled__2025-05-03T07:00:00+00:00 [queued]>
[2025-11-27T07:43:22.984+0000] {taskinstance.py:2614} INFO - Dependencies all met for dep_context=requeueable deps ti=<TaskInstance: load_data.load_for_day scheduled__2025-05-03T07:00:00+00:00 [queued]>
[2025-11-27T07:43:22.992+0000] {taskinstance.py:2867} INFO - Starting attempt 1 of 1
[2025-11-27T07:43:23.011+0000] {taskinstance.py:2890} INFO - Executing <Task(PythonOperator): load_for_day> on 2025-05-03 07:00:00+00:00
[2025-11-27T07:43:23.017+0000] {standard_task_runner.py:72} INFO - Started process 439 to run task
[2025-11-27T07:43:23.022+0000] {standard_task_runner.py:104} INFO - Running: ['***', 'tasks', 'run', 'load_data', 'load_for_day', 'scheduled__2025-05-03T07:00:00+00:00', '--job-id', '71', '--raw', '--subdir', 'DAGS_FOLDER/load_data.py', '--cfg-path', '/tmp/tmpndkkeg5q']
[2025-11-27T07:43:23.025+0000] {standard_task_runner.py:105} INFO - Job 71: Subtask load_for_day
[2025-11-27T07:43:23.105+0000] {task_command.py:467} INFO - Running <TaskInstance: load_data.load_for_day scheduled__2025-05-03T07:00:00+00:00 [running]> on host 4fe1f26a2e62
[2025-11-27T07:43:23.234+0000] {taskinstance.py:3134} INFO - Exporting env vars: AIRFLOW_CTX_DAG_OWNER='bmstu' AIRFLOW_CTX_DAG_ID='load_data' AIRFLOW_CTX_TASK_ID='load_for_day' AIRFLOW_CTX_EXECUTION_DATE='2025-05-03T07:00:00+00:00' AIRFLOW_CTX_TRY_NUMBER='1' AIRFLOW_CTX_DAG_RUN_ID='scheduled__2025-05-03T07:00:00+00:00'
[2025-11-27T07:43:23.237+0000] {taskinstance.py:732} INFO - ::endgroup::
[2025-11-27T07:43:23.257+0000] {logging_mixin.py:190} INFO - Загружаем данные за дату 2025-05-03
[2025-11-27T07:43:23.274+0000] {logging_mixin.py:190} INFO - Найдено строк: 1
[2025-11-27T07:43:23.288+0000] {taskinstance.py:3313} ERROR - Task failed with exception
Traceback (most recent call last):
  File "/home/airflow/.local/lib/python3.8/site-packages/sqlalchemy/engine/base.py", line 1910, in _execute_context
    self.dialect.do_execute(
  File "/home/airflow/.local/lib/python3.8/site-packages/sqlalchemy/engine/default.py", line 736, in do_execute
    cursor.execute(statement, parameters)
psycopg2.errors.UndefinedTable: relation "ed_tech.course_completions" does not exist
LINE 2:         INSERT INTO ed_tech.course_completions(user_id, cour...
                            ^


The above exception was the direct cause of the following exception:

Traceback (most recent call last):
  File "/home/airflow/.local/lib/python3.8/site-packages/airflow/models/taskinstance.py", line 768, in _execute_task
    result = _execute_callable(context=context, **execute_callable_kwargs)
  File "/home/airflow/.local/lib/python3.8/site-packages/airflow/models/taskinstance.py", line 734, in _execute_callable
    return ExecutionCallableRunner(
  File "/home/airflow/.local/lib/python3.8/site-packages/airflow/utils/operator_helpers.py", line 252, in run
    return self.func(*args, **kwargs)
  File "/home/airflow/.local/lib/python3.8/site-packages/airflow/models/baseoperator.py", line 424, in wrapper
    return func(self, *args, **kwargs)
  File "/home/airflow/.local/lib/python3.8/site-packages/airflow/operators/python.py", line 238, in execute
    return_value = self.execute_callable()
  File "/home/airflow/.local/lib/python3.8/site-packages/airflow/operators/python.py", line 256, in execute_callable
    return runner.run(*self.op_args, **self.op_kwargs)
  File "/home/airflow/.local/lib/python3.8/site-packages/airflow/utils/operator_helpers.py", line 252, in run
    return self.func(*args, **kwargs)
  File "/opt/airflow/dags/load_data.py", line 51, in load_for_day
    conn.execute(text(insert_query), rows_to_insert)
  File "/home/airflow/.local/lib/python3.8/site-packages/sqlalchemy/engine/base.py", line 1385, in execute
    return meth(self, multiparams, params, _EMPTY_EXECUTION_OPTS)
  File "/home/airflow/.local/lib/python3.8/site-packages/sqlalchemy/sql/elements.py", line 334, in _execute_on_connection
    return connection._execute_clauseelement(
  File "/home/airflow/.local/lib/python3.8/site-packages/sqlalchemy/engine/base.py", line 1577, in _execute_clauseelement
    ret = self._execute_context(
  File "/home/airflow/.local/lib/python3.8/site-packages/sqlalchemy/engine/base.py", line 1953, in _execute_context
    self._handle_dbapi_exception(
  File "/home/airflow/.local/lib/python3.8/site-packages/sqlalchemy/engine/base.py", line 2134, in _handle_dbapi_exception
    util.raise_(
  File "/home/airflow/.local/lib/python3.8/site-packages/sqlalchemy/util/compat.py", line 211, in raise_
    raise exception
  File "/home/airflow/.local/lib/python3.8/site-packages/sqlalchemy/engine/base.py", line 1910, in _execute_context
    self.dialect.do_execute(
  File "/home/airflow/.local/lib/python3.8/site-packages/sqlalchemy/engine/default.py", line 736, in do_execute
    cursor.execute(statement, parameters)
sqlalchemy.exc.ProgrammingError: (psycopg2.errors.UndefinedTable) relation "ed_tech.course_completions" does not exist
LINE 2:         INSERT INTO ed_tech.course_completions(user_id, cour...
                            ^

[SQL: 
        INSERT INTO ed_tech.course_completions(user_id, course_name, completion_date)
        VALUES (%(user_id)s, %(course_name)s, %(completion_date)s)
    ]
[parameters: {'user_id': '276', 'course_name': 'Python Basics', 'completion_date': '2025-05-03'}]
(Background on this error at: https://sqlalche.me/e/14/f405)
[2025-11-27T07:43:23.312+0000] {taskinstance.py:1226} INFO - Marking task as FAILED. dag_id=load_data, task_id=load_for_day, run_id=scheduled__2025-05-03T07:00:00+00:00, execution_date=20250503T070000, start_date=20251127T074322, end_date=20251127T074323
[2025-11-27T07:43:23.356+0000] {taskinstance.py:341} INFO - ::group::Post task execution logs
[2025-11-27T07:43:23.357+0000] {standard_task_runner.py:124} ERROR - Failed to execute job 71 for task load_for_day ((psycopg2.errors.UndefinedTable) relation "ed_tech.course_completions" does not exist
LINE 2:         INSERT INTO ed_tech.course_completions(user_id, cour...
                            ^

[SQL: 
        INSERT INTO ed_tech.course_completions(user_id, course_name, completion_date)
        VALUES (%(user_id)s, %(course_name)s, %(completion_date)s)
    ]
[parameters: {'user_id': '276', 'course_name': 'Python Basics', 'completion_date': '2025-05-03'}]
(Background on this error at: https://sqlalche.me/e/14/f405); 439)
Traceback (most recent call last):
  File "/home/airflow/.local/lib/python3.8/site-packages/sqlalchemy/engine/base.py", line 1910, in _execute_context
    self.dialect.do_execute(
  File "/home/airflow/.local/lib/python3.8/site-packages/sqlalchemy/engine/default.py", line 736, in do_execute
    cursor.execute(statement, parameters)
psycopg2.errors.UndefinedTable: relation "ed_tech.course_completions" does not exist
LINE 2:         INSERT INTO ed_tech.course_completions(user_id, cour...
                            ^


The above exception was the direct cause of the following exception:

Traceback (most recent call last):
  File "/home/airflow/.local/lib/python3.8/site-packages/airflow/task/task_runner/standard_task_runner.py", line 117, in _start_by_fork
    ret = args.func(args, dag=self.dag)
  File "/home/airflow/.local/lib/python3.8/site-packages/airflow/cli/cli_config.py", line 49, in command
    return func(*args, **kwargs)
  File "/home/airflow/.local/lib/python3.8/site-packages/airflow/utils/cli.py", line 116, in wrapper
    return f(*args, **kwargs)
  File "/home/airflow/.local/lib/python3.8/site-packages/airflow/cli/commands/task_command.py", line 483, in task_run
    task_return_code = _run_task_by_selected_method(args, _dag, ti)
  File "/home/airflow/.local/lib/python3.8/site-packages/airflow/cli/commands/task_command.py", line 256, in _run_task_by_selected_method
    return _run_raw_task(args, ti)
  File "/home/airflow/.local/lib/python3.8/site-packages/airflow/cli/commands/task_command.py", line 341, in _run_raw_task
    return ti._run_raw_task(
  File "/home/airflow/.local/lib/python3.8/site-packages/airflow/utils/session.py", line 97, in wrapper
    return func(*args, session=session, **kwargs)
  File "/home/airflow/.local/lib/python3.8/site-packages/airflow/models/taskinstance.py", line 3006, in _run_raw_task
    return _run_raw_task(
  File "/home/airflow/.local/lib/python3.8/site-packages/airflow/models/taskinstance.py", line 274, in _run_raw_task
    TaskInstance._execute_task_with_callbacks(
  File "/home/airflow/.local/lib/python3.8/site-packages/airflow/models/taskinstance.py", line 3161, in _execute_task_with_callbacks
    result = self._execute_task(context, task_orig)
  File "/home/airflow/.local/lib/python3.8/site-packages/airflow/models/taskinstance.py", line 3185, in _execute_task
    return _execute_task(self, context, task_orig)
  File "/home/airflow/.local/lib/python3.8/site-packages/airflow/models/taskinstance.py", line 768, in _execute_task
    result = _execute_callable(context=context, **execute_callable_kwargs)
  File "/home/airflow/.local/lib/python3.8/site-packages/airflow/models/taskinstance.py", line 734, in _execute_callable
    return ExecutionCallableRunner(
  File "/home/airflow/.local/lib/python3.8/site-packages/airflow/utils/operator_helpers.py", line 252, in run
    return self.func(*args, **kwargs)
  File "/home/airflow/.local/lib/python3.8/site-packages/airflow/models/baseoperator.py", line 424, in wrapper
    return func(self, *args, **kwargs)
  File "/home/airflow/.local/lib/python3.8/site-packages/airflow/operators/python.py", line 238, in execute
    return_value = self.execute_callable()
  File "/home/airflow/.local/lib/python3.8/site-packages/airflow/operators/python.py", line 256, in execute_callable
    return runner.run(*self.op_args, **self.op_kwargs)
  File "/home/airflow/.local/lib/python3.8/site-packages/airflow/utils/operator_helpers.py", line 252, in run
    return self.func(*args, **kwargs)
  File "/opt/airflow/dags/load_data.py", line 51, in load_for_day
    conn.execute(text(insert_query), rows_to_insert)
  File "/home/airflow/.local/lib/python3.8/site-packages/sqlalchemy/engine/base.py", line 1385, in execute
    return meth(self, multiparams, params, _EMPTY_EXECUTION_OPTS)
  File "/home/airflow/.local/lib/python3.8/site-packages/sqlalchemy/sql/elements.py", line 334, in _execute_on_connection
    return connection._execute_clauseelement(
  File "/home/airflow/.local/lib/python3.8/site-packages/sqlalchemy/engine/base.py", line 1577, in _execute_clauseelement
    ret = self._execute_context(
  File "/home/airflow/.local/lib/python3.8/site-packages/sqlalchemy/engine/base.py", line 1953, in _execute_context
    self._handle_dbapi_exception(
  File "/home/airflow/.local/lib/python3.8/site-packages/sqlalchemy/engine/base.py", line 2134, in _handle_dbapi_exception
    util.raise_(
  File "/home/airflow/.local/lib/python3.8/site-packages/sqlalchemy/util/compat.py", line 211, in raise_
    raise exception
  File "/home/airflow/.local/lib/python3.8/site-packages/sqlalchemy/engine/base.py", line 1910, in _execute_context
    self.dialect.do_execute(
  File "/home/airflow/.local/lib/python3.8/site-packages/sqlalchemy/engine/default.py", line 736, in do_execute
    cursor.execute(statement, parameters)
sqlalchemy.exc.ProgrammingError: (psycopg2.errors.UndefinedTable) relation "ed_tech.course_completions" does not exist
LINE 2:         INSERT INTO ed_tech.course_completions(user_id, cour...
                            ^

[SQL: 
        INSERT INTO ed_tech.course_completions(user_id, course_name, completion_date)
        VALUES (%(user_id)s, %(course_name)s, %(completion_date)s)
    ]
[parameters: {'user_id': '276', 'course_name': 'Python Basics', 'completion_date': '2025-05-03'}]
(Background on this error at: https://sqlalche.me/e/14/f405)
[2025-11-27T07:43:23.399+0000] {local_task_job_runner.py:266} INFO - Task exited with return code 1
[2025-11-27T07:43:23.431+0000] {taskinstance.py:3901} INFO - 0 downstream tasks scheduled from follow-on schedule check
[2025-11-27T07:43:23.443+0000] {local_task_job_runner.py:245} INFO - ::endgroup::
