[2025-12-21T20:23:38.560+0000] {processor.py:186} INFO - Started process (PID=109) to work on /home/airflow/.local/lib/python3.12/site-packages/airflow/example_dags/example_short_circuit_decorator.py
[2025-12-21T20:23:38.561+0000] {processor.py:914} INFO - Processing file /home/airflow/.local/lib/python3.12/site-packages/airflow/example_dags/example_short_circuit_decorator.py for tasks to queue
[2025-12-21T20:23:38.564+0000] {logging_mixin.py:190} INFO - [2025-12-21T20:23:38.563+0000] {dagbag.py:588} INFO - Filling up the DagBag from /home/airflow/.local/lib/python3.12/site-packages/airflow/example_dags/example_short_circuit_decorator.py
[2025-12-21T20:23:38.575+0000] {processor.py:925} INFO - DAG(s) 'example_short_circuit_decorator' retrieved from /home/airflow/.local/lib/python3.12/site-packages/airflow/example_dags/example_short_circuit_decorator.py
[2025-12-21T20:23:38.699+0000] {logging_mixin.py:190} INFO - [2025-12-21T20:23:38.698+0000] {override.py:1912} INFO - Created Permission View: can delete on DAG:example_short_circuit_decorator
[2025-12-21T20:23:38.715+0000] {logging_mixin.py:190} INFO - [2025-12-21T20:23:38.715+0000] {override.py:1912} INFO - Created Permission View: can edit on DAG:example_short_circuit_decorator
[2025-12-21T20:23:38.726+0000] {logging_mixin.py:190} INFO - [2025-12-21T20:23:38.726+0000] {override.py:1912} INFO - Created Permission View: can read on DAG:example_short_circuit_decorator
[2025-12-21T20:23:38.747+0000] {logging_mixin.py:190} INFO - [2025-12-21T20:23:38.746+0000] {override.py:1912} INFO - Created Permission View: can delete on DAG Run:example_short_circuit_decorator
[2025-12-21T20:23:38.759+0000] {logging_mixin.py:190} INFO - [2025-12-21T20:23:38.759+0000] {override.py:1912} INFO - Created Permission View: can create on DAG Run:example_short_circuit_decorator
[2025-12-21T20:23:38.772+0000] {logging_mixin.py:190} INFO - [2025-12-21T20:23:38.772+0000] {override.py:1912} INFO - Created Permission View: menu access on DAG Run:example_short_circuit_decorator
[2025-12-21T20:23:38.784+0000] {logging_mixin.py:190} INFO - [2025-12-21T20:23:38.784+0000] {override.py:1912} INFO - Created Permission View: can read on DAG Run:example_short_circuit_decorator
[2025-12-21T20:23:38.786+0000] {logging_mixin.py:190} INFO - [2025-12-21T20:23:38.786+0000] {dag.py:3239} INFO - Sync 1 DAGs
[2025-12-21T20:23:38.799+0000] {logging_mixin.py:190} INFO - [2025-12-21T20:23:38.798+0000] {dag.py:3262} INFO - Creating ORM DAG for example_short_circuit_decorator
[2025-12-21T20:23:38.799+0000] {logging_mixin.py:190} INFO - [2025-12-21T20:23:38.799+0000] {dag.py:4180} INFO - Setting next_dagrun for example_short_circuit_decorator to None, run_after=None
[2025-12-21T20:23:38.823+0000] {processor.py:208} INFO - Processing /home/airflow/.local/lib/python3.12/site-packages/airflow/example_dags/example_short_circuit_decorator.py took 0.273 seconds
[2025-12-21T20:24:08.892+0000] {processor.py:186} INFO - Started process (PID=175) to work on /home/airflow/.local/lib/python3.12/site-packages/airflow/example_dags/example_short_circuit_decorator.py
[2025-12-21T20:24:08.893+0000] {processor.py:914} INFO - Processing file /home/airflow/.local/lib/python3.12/site-packages/airflow/example_dags/example_short_circuit_decorator.py for tasks to queue
[2025-12-21T20:24:08.896+0000] {logging_mixin.py:190} INFO - [2025-12-21T20:24:08.896+0000] {dagbag.py:588} INFO - Filling up the DagBag from /home/airflow/.local/lib/python3.12/site-packages/airflow/example_dags/example_short_circuit_decorator.py
[2025-12-21T20:24:08.906+0000] {processor.py:925} INFO - DAG(s) 'example_short_circuit_decorator' retrieved from /home/airflow/.local/lib/python3.12/site-packages/airflow/example_dags/example_short_circuit_decorator.py
[2025-12-21T20:24:08.937+0000] {logging_mixin.py:190} INFO - [2025-12-21T20:24:08.937+0000] {dag.py:3239} INFO - Sync 1 DAGs
[2025-12-21T20:24:08.954+0000] {logging_mixin.py:190} INFO - [2025-12-21T20:24:08.954+0000] {dag.py:4180} INFO - Setting next_dagrun for example_short_circuit_decorator to None, run_after=None
[2025-12-21T20:24:08.977+0000] {processor.py:208} INFO - Processing /home/airflow/.local/lib/python3.12/site-packages/airflow/example_dags/example_short_circuit_decorator.py took 0.091 seconds
[2025-12-21T20:24:39.416+0000] {processor.py:186} INFO - Started process (PID=241) to work on /home/airflow/.local/lib/python3.12/site-packages/airflow/example_dags/example_short_circuit_decorator.py
[2025-12-21T20:24:39.417+0000] {processor.py:914} INFO - Processing file /home/airflow/.local/lib/python3.12/site-packages/airflow/example_dags/example_short_circuit_decorator.py for tasks to queue
[2025-12-21T20:24:39.419+0000] {logging_mixin.py:190} INFO - [2025-12-21T20:24:39.419+0000] {dagbag.py:588} INFO - Filling up the DagBag from /home/airflow/.local/lib/python3.12/site-packages/airflow/example_dags/example_short_circuit_decorator.py
[2025-12-21T20:24:39.433+0000] {processor.py:925} INFO - DAG(s) 'example_short_circuit_decorator' retrieved from /home/airflow/.local/lib/python3.12/site-packages/airflow/example_dags/example_short_circuit_decorator.py
[2025-12-21T20:24:39.458+0000] {logging_mixin.py:190} INFO - [2025-12-21T20:24:39.458+0000] {dag.py:3239} INFO - Sync 1 DAGs
[2025-12-21T20:24:39.485+0000] {logging_mixin.py:190} INFO - [2025-12-21T20:24:39.485+0000] {dag.py:4180} INFO - Setting next_dagrun for example_short_circuit_decorator to None, run_after=None
[2025-12-21T20:24:39.509+0000] {processor.py:208} INFO - Processing /home/airflow/.local/lib/python3.12/site-packages/airflow/example_dags/example_short_circuit_decorator.py took 0.098 seconds
[2025-12-21T20:25:10.145+0000] {processor.py:186} INFO - Started process (PID=307) to work on /home/airflow/.local/lib/python3.12/site-packages/airflow/example_dags/example_short_circuit_decorator.py
[2025-12-21T20:25:10.146+0000] {processor.py:914} INFO - Processing file /home/airflow/.local/lib/python3.12/site-packages/airflow/example_dags/example_short_circuit_decorator.py for tasks to queue
[2025-12-21T20:25:10.149+0000] {logging_mixin.py:190} INFO - [2025-12-21T20:25:10.149+0000] {dagbag.py:588} INFO - Filling up the DagBag from /home/airflow/.local/lib/python3.12/site-packages/airflow/example_dags/example_short_circuit_decorator.py
[2025-12-21T20:25:10.159+0000] {processor.py:925} INFO - DAG(s) 'example_short_circuit_decorator' retrieved from /home/airflow/.local/lib/python3.12/site-packages/airflow/example_dags/example_short_circuit_decorator.py
[2025-12-21T20:25:10.188+0000] {logging_mixin.py:190} INFO - [2025-12-21T20:25:10.188+0000] {dag.py:3239} INFO - Sync 1 DAGs
[2025-12-21T20:25:10.205+0000] {logging_mixin.py:190} INFO - [2025-12-21T20:25:10.204+0000] {dag.py:4180} INFO - Setting next_dagrun for example_short_circuit_decorator to None, run_after=None
[2025-12-21T20:25:10.229+0000] {processor.py:208} INFO - Processing /home/airflow/.local/lib/python3.12/site-packages/airflow/example_dags/example_short_circuit_decorator.py took 0.089 seconds
[2025-12-21T20:25:40.525+0000] {processor.py:186} INFO - Started process (PID=373) to work on /home/airflow/.local/lib/python3.12/site-packages/airflow/example_dags/example_short_circuit_decorator.py
[2025-12-21T20:25:40.526+0000] {processor.py:914} INFO - Processing file /home/airflow/.local/lib/python3.12/site-packages/airflow/example_dags/example_short_circuit_decorator.py for tasks to queue
[2025-12-21T20:25:40.531+0000] {logging_mixin.py:190} INFO - [2025-12-21T20:25:40.530+0000] {dagbag.py:588} INFO - Filling up the DagBag from /home/airflow/.local/lib/python3.12/site-packages/airflow/example_dags/example_short_circuit_decorator.py
[2025-12-21T20:25:40.550+0000] {processor.py:925} INFO - DAG(s) 'example_short_circuit_decorator' retrieved from /home/airflow/.local/lib/python3.12/site-packages/airflow/example_dags/example_short_circuit_decorator.py
[2025-12-21T20:25:40.581+0000] {logging_mixin.py:190} INFO - [2025-12-21T20:25:40.581+0000] {dag.py:3239} INFO - Sync 1 DAGs
[2025-12-21T20:25:40.599+0000] {logging_mixin.py:190} INFO - [2025-12-21T20:25:40.598+0000] {dag.py:4180} INFO - Setting next_dagrun for example_short_circuit_decorator to None, run_after=None
[2025-12-21T20:25:40.641+0000] {processor.py:208} INFO - Processing /home/airflow/.local/lib/python3.12/site-packages/airflow/example_dags/example_short_circuit_decorator.py took 0.127 seconds
[2025-12-21T20:26:11.597+0000] {processor.py:186} INFO - Started process (PID=439) to work on /home/airflow/.local/lib/python3.12/site-packages/airflow/example_dags/example_short_circuit_decorator.py
[2025-12-21T20:26:11.600+0000] {processor.py:914} INFO - Processing file /home/airflow/.local/lib/python3.12/site-packages/airflow/example_dags/example_short_circuit_decorator.py for tasks to queue
[2025-12-21T20:26:11.606+0000] {logging_mixin.py:190} INFO - [2025-12-21T20:26:11.605+0000] {dagbag.py:588} INFO - Filling up the DagBag from /home/airflow/.local/lib/python3.12/site-packages/airflow/example_dags/example_short_circuit_decorator.py
[2025-12-21T20:26:11.629+0000] {processor.py:925} INFO - DAG(s) 'example_short_circuit_decorator' retrieved from /home/airflow/.local/lib/python3.12/site-packages/airflow/example_dags/example_short_circuit_decorator.py
[2025-12-21T20:26:11.679+0000] {logging_mixin.py:190} INFO - [2025-12-21T20:26:11.678+0000] {dag.py:3239} INFO - Sync 1 DAGs
[2025-12-21T20:26:11.698+0000] {logging_mixin.py:190} INFO - [2025-12-21T20:26:11.698+0000] {dag.py:4180} INFO - Setting next_dagrun for example_short_circuit_decorator to None, run_after=None
[2025-12-21T20:26:11.724+0000] {processor.py:208} INFO - Processing /home/airflow/.local/lib/python3.12/site-packages/airflow/example_dags/example_short_circuit_decorator.py took 0.143 seconds
[2025-12-21T20:26:41.945+0000] {processor.py:186} INFO - Started process (PID=504) to work on /home/airflow/.local/lib/python3.12/site-packages/airflow/example_dags/example_short_circuit_decorator.py
[2025-12-21T20:26:41.946+0000] {processor.py:914} INFO - Processing file /home/airflow/.local/lib/python3.12/site-packages/airflow/example_dags/example_short_circuit_decorator.py for tasks to queue
[2025-12-21T20:26:41.950+0000] {logging_mixin.py:190} INFO - [2025-12-21T20:26:41.950+0000] {dagbag.py:588} INFO - Filling up the DagBag from /home/airflow/.local/lib/python3.12/site-packages/airflow/example_dags/example_short_circuit_decorator.py
[2025-12-21T20:26:41.967+0000] {processor.py:925} INFO - DAG(s) 'example_short_circuit_decorator' retrieved from /home/airflow/.local/lib/python3.12/site-packages/airflow/example_dags/example_short_circuit_decorator.py
[2025-12-21T20:26:42.016+0000] {logging_mixin.py:190} INFO - [2025-12-21T20:26:42.016+0000] {dag.py:3239} INFO - Sync 1 DAGs
[2025-12-21T20:26:42.039+0000] {logging_mixin.py:190} INFO - [2025-12-21T20:26:42.039+0000] {dag.py:4180} INFO - Setting next_dagrun for example_short_circuit_decorator to None, run_after=None
[2025-12-21T20:26:42.098+0000] {processor.py:208} INFO - Processing /home/airflow/.local/lib/python3.12/site-packages/airflow/example_dags/example_short_circuit_decorator.py took 0.158 seconds
[2025-12-21T20:27:12.153+0000] {processor.py:186} INFO - Started process (PID=570) to work on /home/airflow/.local/lib/python3.12/site-packages/airflow/example_dags/example_short_circuit_decorator.py
[2025-12-21T20:27:12.155+0000] {processor.py:914} INFO - Processing file /home/airflow/.local/lib/python3.12/site-packages/airflow/example_dags/example_short_circuit_decorator.py for tasks to queue
[2025-12-21T20:27:12.160+0000] {logging_mixin.py:190} INFO - [2025-12-21T20:27:12.159+0000] {dagbag.py:588} INFO - Filling up the DagBag from /home/airflow/.local/lib/python3.12/site-packages/airflow/example_dags/example_short_circuit_decorator.py
[2025-12-21T20:27:12.180+0000] {processor.py:925} INFO - DAG(s) 'example_short_circuit_decorator' retrieved from /home/airflow/.local/lib/python3.12/site-packages/airflow/example_dags/example_short_circuit_decorator.py
[2025-12-21T20:27:12.203+0000] {logging_mixin.py:190} INFO - [2025-12-21T20:27:12.203+0000] {dag.py:3239} INFO - Sync 1 DAGs
[2025-12-21T20:27:12.216+0000] {logging_mixin.py:190} INFO - [2025-12-21T20:27:12.216+0000] {dag.py:4180} INFO - Setting next_dagrun for example_short_circuit_decorator to None, run_after=None
[2025-12-21T20:27:12.239+0000] {processor.py:208} INFO - Processing /home/airflow/.local/lib/python3.12/site-packages/airflow/example_dags/example_short_circuit_decorator.py took 0.095 seconds
[2025-12-21T20:27:42.298+0000] {processor.py:186} INFO - Started process (PID=636) to work on /home/airflow/.local/lib/python3.12/site-packages/airflow/example_dags/example_short_circuit_decorator.py
[2025-12-21T20:27:42.301+0000] {processor.py:914} INFO - Processing file /home/airflow/.local/lib/python3.12/site-packages/airflow/example_dags/example_short_circuit_decorator.py for tasks to queue
[2025-12-21T20:27:42.307+0000] {logging_mixin.py:190} INFO - [2025-12-21T20:27:42.306+0000] {dagbag.py:588} INFO - Filling up the DagBag from /home/airflow/.local/lib/python3.12/site-packages/airflow/example_dags/example_short_circuit_decorator.py
[2025-12-21T20:27:42.328+0000] {processor.py:925} INFO - DAG(s) 'example_short_circuit_decorator' retrieved from /home/airflow/.local/lib/python3.12/site-packages/airflow/example_dags/example_short_circuit_decorator.py
[2025-12-21T20:27:42.373+0000] {logging_mixin.py:190} INFO - [2025-12-21T20:27:42.372+0000] {dag.py:3239} INFO - Sync 1 DAGs
[2025-12-21T20:27:42.389+0000] {logging_mixin.py:190} INFO - [2025-12-21T20:27:42.389+0000] {dag.py:4180} INFO - Setting next_dagrun for example_short_circuit_decorator to None, run_after=None
[2025-12-21T20:27:42.435+0000] {processor.py:208} INFO - Processing /home/airflow/.local/lib/python3.12/site-packages/airflow/example_dags/example_short_circuit_decorator.py took 0.148 seconds
[2025-12-21T20:28:12.678+0000] {processor.py:186} INFO - Started process (PID=702) to work on /home/airflow/.local/lib/python3.12/site-packages/airflow/example_dags/example_short_circuit_decorator.py
[2025-12-21T20:28:12.680+0000] {processor.py:914} INFO - Processing file /home/airflow/.local/lib/python3.12/site-packages/airflow/example_dags/example_short_circuit_decorator.py for tasks to queue
[2025-12-21T20:28:12.686+0000] {logging_mixin.py:190} INFO - [2025-12-21T20:28:12.685+0000] {dagbag.py:588} INFO - Filling up the DagBag from /home/airflow/.local/lib/python3.12/site-packages/airflow/example_dags/example_short_circuit_decorator.py
[2025-12-21T20:28:12.696+0000] {processor.py:925} INFO - DAG(s) 'example_short_circuit_decorator' retrieved from /home/airflow/.local/lib/python3.12/site-packages/airflow/example_dags/example_short_circuit_decorator.py
[2025-12-21T20:28:12.722+0000] {logging_mixin.py:190} INFO - [2025-12-21T20:28:12.722+0000] {dag.py:3239} INFO - Sync 1 DAGs
[2025-12-21T20:28:12.738+0000] {logging_mixin.py:190} INFO - [2025-12-21T20:28:12.738+0000] {dag.py:4180} INFO - Setting next_dagrun for example_short_circuit_decorator to None, run_after=None
[2025-12-21T20:28:12.762+0000] {processor.py:208} INFO - Processing /home/airflow/.local/lib/python3.12/site-packages/airflow/example_dags/example_short_circuit_decorator.py took 0.095 seconds
[2025-12-21T20:28:43.344+0000] {processor.py:186} INFO - Started process (PID=768) to work on /home/airflow/.local/lib/python3.12/site-packages/airflow/example_dags/example_short_circuit_decorator.py
[2025-12-21T20:28:43.345+0000] {processor.py:914} INFO - Processing file /home/airflow/.local/lib/python3.12/site-packages/airflow/example_dags/example_short_circuit_decorator.py for tasks to queue
[2025-12-21T20:28:43.348+0000] {logging_mixin.py:190} INFO - [2025-12-21T20:28:43.347+0000] {dagbag.py:588} INFO - Filling up the DagBag from /home/airflow/.local/lib/python3.12/site-packages/airflow/example_dags/example_short_circuit_decorator.py
[2025-12-21T20:28:43.358+0000] {processor.py:925} INFO - DAG(s) 'example_short_circuit_decorator' retrieved from /home/airflow/.local/lib/python3.12/site-packages/airflow/example_dags/example_short_circuit_decorator.py
[2025-12-21T20:28:43.379+0000] {logging_mixin.py:190} INFO - [2025-12-21T20:28:43.379+0000] {dag.py:3239} INFO - Sync 1 DAGs
[2025-12-21T20:28:43.396+0000] {logging_mixin.py:190} INFO - [2025-12-21T20:28:43.396+0000] {dag.py:4180} INFO - Setting next_dagrun for example_short_circuit_decorator to None, run_after=None
[2025-12-21T20:28:43.446+0000] {processor.py:208} INFO - Processing /home/airflow/.local/lib/python3.12/site-packages/airflow/example_dags/example_short_circuit_decorator.py took 0.112 seconds
[2025-12-21T20:29:13.696+0000] {processor.py:186} INFO - Started process (PID=834) to work on /home/airflow/.local/lib/python3.12/site-packages/airflow/example_dags/example_short_circuit_decorator.py
[2025-12-21T20:29:13.697+0000] {processor.py:914} INFO - Processing file /home/airflow/.local/lib/python3.12/site-packages/airflow/example_dags/example_short_circuit_decorator.py for tasks to queue
[2025-12-21T20:29:13.700+0000] {logging_mixin.py:190} INFO - [2025-12-21T20:29:13.700+0000] {dagbag.py:588} INFO - Filling up the DagBag from /home/airflow/.local/lib/python3.12/site-packages/airflow/example_dags/example_short_circuit_decorator.py
[2025-12-21T20:29:13.714+0000] {processor.py:925} INFO - DAG(s) 'example_short_circuit_decorator' retrieved from /home/airflow/.local/lib/python3.12/site-packages/airflow/example_dags/example_short_circuit_decorator.py
[2025-12-21T20:29:13.736+0000] {logging_mixin.py:190} INFO - [2025-12-21T20:29:13.736+0000] {dag.py:3239} INFO - Sync 1 DAGs
[2025-12-21T20:29:13.749+0000] {logging_mixin.py:190} INFO - [2025-12-21T20:29:13.749+0000] {dag.py:4180} INFO - Setting next_dagrun for example_short_circuit_decorator to None, run_after=None
[2025-12-21T20:29:13.772+0000] {processor.py:208} INFO - Processing /home/airflow/.local/lib/python3.12/site-packages/airflow/example_dags/example_short_circuit_decorator.py took 0.082 seconds
[2025-12-21T20:29:44.098+0000] {processor.py:186} INFO - Started process (PID=900) to work on /home/airflow/.local/lib/python3.12/site-packages/airflow/example_dags/example_short_circuit_decorator.py
[2025-12-21T20:29:44.099+0000] {processor.py:914} INFO - Processing file /home/airflow/.local/lib/python3.12/site-packages/airflow/example_dags/example_short_circuit_decorator.py for tasks to queue
[2025-12-21T20:29:44.104+0000] {logging_mixin.py:190} INFO - [2025-12-21T20:29:44.103+0000] {dagbag.py:588} INFO - Filling up the DagBag from /home/airflow/.local/lib/python3.12/site-packages/airflow/example_dags/example_short_circuit_decorator.py
[2025-12-21T20:29:44.114+0000] {processor.py:925} INFO - DAG(s) 'example_short_circuit_decorator' retrieved from /home/airflow/.local/lib/python3.12/site-packages/airflow/example_dags/example_short_circuit_decorator.py
[2025-12-21T20:29:44.141+0000] {logging_mixin.py:190} INFO - [2025-12-21T20:29:44.141+0000] {dag.py:3239} INFO - Sync 1 DAGs
[2025-12-21T20:29:44.155+0000] {logging_mixin.py:190} INFO - [2025-12-21T20:29:44.154+0000] {dag.py:4180} INFO - Setting next_dagrun for example_short_circuit_decorator to None, run_after=None
[2025-12-21T20:29:44.178+0000] {processor.py:208} INFO - Processing /home/airflow/.local/lib/python3.12/site-packages/airflow/example_dags/example_short_circuit_decorator.py took 0.089 seconds
[2025-12-21T20:30:14.422+0000] {processor.py:186} INFO - Started process (PID=966) to work on /home/airflow/.local/lib/python3.12/site-packages/airflow/example_dags/example_short_circuit_decorator.py
[2025-12-21T20:30:14.423+0000] {processor.py:914} INFO - Processing file /home/airflow/.local/lib/python3.12/site-packages/airflow/example_dags/example_short_circuit_decorator.py for tasks to queue
[2025-12-21T20:30:14.426+0000] {logging_mixin.py:190} INFO - [2025-12-21T20:30:14.426+0000] {dagbag.py:588} INFO - Filling up the DagBag from /home/airflow/.local/lib/python3.12/site-packages/airflow/example_dags/example_short_circuit_decorator.py
[2025-12-21T20:30:14.439+0000] {processor.py:925} INFO - DAG(s) 'example_short_circuit_decorator' retrieved from /home/airflow/.local/lib/python3.12/site-packages/airflow/example_dags/example_short_circuit_decorator.py
[2025-12-21T20:30:14.463+0000] {logging_mixin.py:190} INFO - [2025-12-21T20:30:14.463+0000] {dag.py:3239} INFO - Sync 1 DAGs
[2025-12-21T20:30:14.477+0000] {logging_mixin.py:190} INFO - [2025-12-21T20:30:14.477+0000] {dag.py:4180} INFO - Setting next_dagrun for example_short_circuit_decorator to None, run_after=None
[2025-12-21T20:30:14.502+0000] {processor.py:208} INFO - Processing /home/airflow/.local/lib/python3.12/site-packages/airflow/example_dags/example_short_circuit_decorator.py took 0.092 seconds
[2025-12-21T20:30:44.721+0000] {processor.py:186} INFO - Started process (PID=1032) to work on /home/airflow/.local/lib/python3.12/site-packages/airflow/example_dags/example_short_circuit_decorator.py
[2025-12-21T20:30:44.722+0000] {processor.py:914} INFO - Processing file /home/airflow/.local/lib/python3.12/site-packages/airflow/example_dags/example_short_circuit_decorator.py for tasks to queue
[2025-12-21T20:30:44.726+0000] {logging_mixin.py:190} INFO - [2025-12-21T20:30:44.726+0000] {dagbag.py:588} INFO - Filling up the DagBag from /home/airflow/.local/lib/python3.12/site-packages/airflow/example_dags/example_short_circuit_decorator.py
[2025-12-21T20:30:44.737+0000] {processor.py:925} INFO - DAG(s) 'example_short_circuit_decorator' retrieved from /home/airflow/.local/lib/python3.12/site-packages/airflow/example_dags/example_short_circuit_decorator.py
[2025-12-21T20:30:44.765+0000] {logging_mixin.py:190} INFO - [2025-12-21T20:30:44.764+0000] {dag.py:3239} INFO - Sync 1 DAGs
[2025-12-21T20:30:44.780+0000] {logging_mixin.py:190} INFO - [2025-12-21T20:30:44.780+0000] {dag.py:4180} INFO - Setting next_dagrun for example_short_circuit_decorator to None, run_after=None
[2025-12-21T20:30:44.801+0000] {processor.py:208} INFO - Processing /home/airflow/.local/lib/python3.12/site-packages/airflow/example_dags/example_short_circuit_decorator.py took 0.091 seconds
[2025-12-21T20:31:15.138+0000] {processor.py:186} INFO - Started process (PID=1098) to work on /home/airflow/.local/lib/python3.12/site-packages/airflow/example_dags/example_short_circuit_decorator.py
[2025-12-21T20:31:15.139+0000] {processor.py:914} INFO - Processing file /home/airflow/.local/lib/python3.12/site-packages/airflow/example_dags/example_short_circuit_decorator.py for tasks to queue
[2025-12-21T20:31:15.142+0000] {logging_mixin.py:190} INFO - [2025-12-21T20:31:15.142+0000] {dagbag.py:588} INFO - Filling up the DagBag from /home/airflow/.local/lib/python3.12/site-packages/airflow/example_dags/example_short_circuit_decorator.py
[2025-12-21T20:31:15.151+0000] {processor.py:925} INFO - DAG(s) 'example_short_circuit_decorator' retrieved from /home/airflow/.local/lib/python3.12/site-packages/airflow/example_dags/example_short_circuit_decorator.py
[2025-12-21T20:31:15.175+0000] {logging_mixin.py:190} INFO - [2025-12-21T20:31:15.175+0000] {dag.py:3239} INFO - Sync 1 DAGs
[2025-12-21T20:31:15.190+0000] {logging_mixin.py:190} INFO - [2025-12-21T20:31:15.190+0000] {dag.py:4180} INFO - Setting next_dagrun for example_short_circuit_decorator to None, run_after=None
[2025-12-21T20:31:15.213+0000] {processor.py:208} INFO - Processing /home/airflow/.local/lib/python3.12/site-packages/airflow/example_dags/example_short_circuit_decorator.py took 0.084 seconds
[2025-12-21T20:31:45.350+0000] {processor.py:186} INFO - Started process (PID=1164) to work on /home/airflow/.local/lib/python3.12/site-packages/airflow/example_dags/example_short_circuit_decorator.py
[2025-12-21T20:31:45.352+0000] {processor.py:914} INFO - Processing file /home/airflow/.local/lib/python3.12/site-packages/airflow/example_dags/example_short_circuit_decorator.py for tasks to queue
[2025-12-21T20:31:45.355+0000] {logging_mixin.py:190} INFO - [2025-12-21T20:31:45.354+0000] {dagbag.py:588} INFO - Filling up the DagBag from /home/airflow/.local/lib/python3.12/site-packages/airflow/example_dags/example_short_circuit_decorator.py
[2025-12-21T20:31:45.371+0000] {processor.py:925} INFO - DAG(s) 'example_short_circuit_decorator' retrieved from /home/airflow/.local/lib/python3.12/site-packages/airflow/example_dags/example_short_circuit_decorator.py
[2025-12-21T20:31:45.398+0000] {logging_mixin.py:190} INFO - [2025-12-21T20:31:45.398+0000] {dag.py:3239} INFO - Sync 1 DAGs
[2025-12-21T20:31:45.417+0000] {logging_mixin.py:190} INFO - [2025-12-21T20:31:45.417+0000] {dag.py:4180} INFO - Setting next_dagrun for example_short_circuit_decorator to None, run_after=None
[2025-12-21T20:31:45.446+0000] {processor.py:208} INFO - Processing /home/airflow/.local/lib/python3.12/site-packages/airflow/example_dags/example_short_circuit_decorator.py took 0.103 seconds
[2025-12-21T20:32:16.424+0000] {processor.py:186} INFO - Started process (PID=1230) to work on /home/airflow/.local/lib/python3.12/site-packages/airflow/example_dags/example_short_circuit_decorator.py
[2025-12-21T20:32:16.426+0000] {processor.py:914} INFO - Processing file /home/airflow/.local/lib/python3.12/site-packages/airflow/example_dags/example_short_circuit_decorator.py for tasks to queue
[2025-12-21T20:32:16.432+0000] {logging_mixin.py:190} INFO - [2025-12-21T20:32:16.431+0000] {dagbag.py:588} INFO - Filling up the DagBag from /home/airflow/.local/lib/python3.12/site-packages/airflow/example_dags/example_short_circuit_decorator.py
[2025-12-21T20:32:16.455+0000] {processor.py:925} INFO - DAG(s) 'example_short_circuit_decorator' retrieved from /home/airflow/.local/lib/python3.12/site-packages/airflow/example_dags/example_short_circuit_decorator.py
[2025-12-21T20:32:16.480+0000] {logging_mixin.py:190} INFO - [2025-12-21T20:32:16.480+0000] {dag.py:3239} INFO - Sync 1 DAGs
[2025-12-21T20:32:16.496+0000] {logging_mixin.py:190} INFO - [2025-12-21T20:32:16.495+0000] {dag.py:4180} INFO - Setting next_dagrun for example_short_circuit_decorator to None, run_after=None
[2025-12-21T20:32:16.521+0000] {processor.py:208} INFO - Processing /home/airflow/.local/lib/python3.12/site-packages/airflow/example_dags/example_short_circuit_decorator.py took 0.106 seconds
[2025-12-21T20:32:46.981+0000] {processor.py:186} INFO - Started process (PID=1296) to work on /home/airflow/.local/lib/python3.12/site-packages/airflow/example_dags/example_short_circuit_decorator.py
[2025-12-21T20:32:46.982+0000] {processor.py:914} INFO - Processing file /home/airflow/.local/lib/python3.12/site-packages/airflow/example_dags/example_short_circuit_decorator.py for tasks to queue
[2025-12-21T20:32:46.985+0000] {logging_mixin.py:190} INFO - [2025-12-21T20:32:46.984+0000] {dagbag.py:588} INFO - Filling up the DagBag from /home/airflow/.local/lib/python3.12/site-packages/airflow/example_dags/example_short_circuit_decorator.py
[2025-12-21T20:32:46.994+0000] {processor.py:925} INFO - DAG(s) 'example_short_circuit_decorator' retrieved from /home/airflow/.local/lib/python3.12/site-packages/airflow/example_dags/example_short_circuit_decorator.py
[2025-12-21T20:32:47.015+0000] {logging_mixin.py:190} INFO - [2025-12-21T20:32:47.015+0000] {dag.py:3239} INFO - Sync 1 DAGs
[2025-12-21T20:32:47.028+0000] {logging_mixin.py:190} INFO - [2025-12-21T20:32:47.028+0000] {dag.py:4180} INFO - Setting next_dagrun for example_short_circuit_decorator to None, run_after=None
[2025-12-21T20:32:47.050+0000] {processor.py:208} INFO - Processing /home/airflow/.local/lib/python3.12/site-packages/airflow/example_dags/example_short_circuit_decorator.py took 0.076 seconds
[2025-12-21T20:33:17.196+0000] {processor.py:186} INFO - Started process (PID=1362) to work on /home/airflow/.local/lib/python3.12/site-packages/airflow/example_dags/example_short_circuit_decorator.py
[2025-12-21T20:33:17.197+0000] {processor.py:914} INFO - Processing file /home/airflow/.local/lib/python3.12/site-packages/airflow/example_dags/example_short_circuit_decorator.py for tasks to queue
[2025-12-21T20:33:17.199+0000] {logging_mixin.py:190} INFO - [2025-12-21T20:33:17.199+0000] {dagbag.py:588} INFO - Filling up the DagBag from /home/airflow/.local/lib/python3.12/site-packages/airflow/example_dags/example_short_circuit_decorator.py
[2025-12-21T20:33:17.209+0000] {processor.py:925} INFO - DAG(s) 'example_short_circuit_decorator' retrieved from /home/airflow/.local/lib/python3.12/site-packages/airflow/example_dags/example_short_circuit_decorator.py
[2025-12-21T20:33:17.233+0000] {logging_mixin.py:190} INFO - [2025-12-21T20:33:17.233+0000] {dag.py:3239} INFO - Sync 1 DAGs
[2025-12-21T20:33:17.249+0000] {logging_mixin.py:190} INFO - [2025-12-21T20:33:17.249+0000] {dag.py:4180} INFO - Setting next_dagrun for example_short_circuit_decorator to None, run_after=None
[2025-12-21T20:33:17.278+0000] {processor.py:208} INFO - Processing /home/airflow/.local/lib/python3.12/site-packages/airflow/example_dags/example_short_circuit_decorator.py took 0.087 seconds
[2025-12-21T20:33:47.696+0000] {processor.py:186} INFO - Started process (PID=1428) to work on /home/airflow/.local/lib/python3.12/site-packages/airflow/example_dags/example_short_circuit_decorator.py
[2025-12-21T20:33:47.698+0000] {processor.py:914} INFO - Processing file /home/airflow/.local/lib/python3.12/site-packages/airflow/example_dags/example_short_circuit_decorator.py for tasks to queue
[2025-12-21T20:33:47.700+0000] {logging_mixin.py:190} INFO - [2025-12-21T20:33:47.700+0000] {dagbag.py:588} INFO - Filling up the DagBag from /home/airflow/.local/lib/python3.12/site-packages/airflow/example_dags/example_short_circuit_decorator.py
[2025-12-21T20:33:47.710+0000] {processor.py:925} INFO - DAG(s) 'example_short_circuit_decorator' retrieved from /home/airflow/.local/lib/python3.12/site-packages/airflow/example_dags/example_short_circuit_decorator.py
[2025-12-21T20:33:47.745+0000] {logging_mixin.py:190} INFO - [2025-12-21T20:33:47.745+0000] {dag.py:3239} INFO - Sync 1 DAGs
[2025-12-21T20:33:47.760+0000] {logging_mixin.py:190} INFO - [2025-12-21T20:33:47.760+0000] {dag.py:4180} INFO - Setting next_dagrun for example_short_circuit_decorator to None, run_after=None
[2025-12-21T20:33:47.787+0000] {processor.py:208} INFO - Processing /home/airflow/.local/lib/python3.12/site-packages/airflow/example_dags/example_short_circuit_decorator.py took 0.101 seconds
[2025-12-21T20:34:18.130+0000] {processor.py:186} INFO - Started process (PID=1494) to work on /home/airflow/.local/lib/python3.12/site-packages/airflow/example_dags/example_short_circuit_decorator.py
[2025-12-21T20:34:18.131+0000] {processor.py:914} INFO - Processing file /home/airflow/.local/lib/python3.12/site-packages/airflow/example_dags/example_short_circuit_decorator.py for tasks to queue
[2025-12-21T20:34:18.133+0000] {logging_mixin.py:190} INFO - [2025-12-21T20:34:18.133+0000] {dagbag.py:588} INFO - Filling up the DagBag from /home/airflow/.local/lib/python3.12/site-packages/airflow/example_dags/example_short_circuit_decorator.py
[2025-12-21T20:34:18.143+0000] {processor.py:925} INFO - DAG(s) 'example_short_circuit_decorator' retrieved from /home/airflow/.local/lib/python3.12/site-packages/airflow/example_dags/example_short_circuit_decorator.py
[2025-12-21T20:34:18.167+0000] {logging_mixin.py:190} INFO - [2025-12-21T20:34:18.167+0000] {dag.py:3239} INFO - Sync 1 DAGs
[2025-12-21T20:34:18.183+0000] {logging_mixin.py:190} INFO - [2025-12-21T20:34:18.182+0000] {dag.py:4180} INFO - Setting next_dagrun for example_short_circuit_decorator to None, run_after=None
[2025-12-21T20:34:18.209+0000] {processor.py:208} INFO - Processing /home/airflow/.local/lib/python3.12/site-packages/airflow/example_dags/example_short_circuit_decorator.py took 0.084 seconds
[2025-12-21T20:34:48.476+0000] {processor.py:186} INFO - Started process (PID=1560) to work on /home/airflow/.local/lib/python3.12/site-packages/airflow/example_dags/example_short_circuit_decorator.py
[2025-12-21T20:34:48.477+0000] {processor.py:914} INFO - Processing file /home/airflow/.local/lib/python3.12/site-packages/airflow/example_dags/example_short_circuit_decorator.py for tasks to queue
[2025-12-21T20:34:48.480+0000] {logging_mixin.py:190} INFO - [2025-12-21T20:34:48.479+0000] {dagbag.py:588} INFO - Filling up the DagBag from /home/airflow/.local/lib/python3.12/site-packages/airflow/example_dags/example_short_circuit_decorator.py
[2025-12-21T20:34:48.491+0000] {processor.py:925} INFO - DAG(s) 'example_short_circuit_decorator' retrieved from /home/airflow/.local/lib/python3.12/site-packages/airflow/example_dags/example_short_circuit_decorator.py
[2025-12-21T20:34:48.515+0000] {logging_mixin.py:190} INFO - [2025-12-21T20:34:48.515+0000] {dag.py:3239} INFO - Sync 1 DAGs
[2025-12-21T20:34:48.531+0000] {logging_mixin.py:190} INFO - [2025-12-21T20:34:48.531+0000] {dag.py:4180} INFO - Setting next_dagrun for example_short_circuit_decorator to None, run_after=None
[2025-12-21T20:34:48.556+0000] {processor.py:208} INFO - Processing /home/airflow/.local/lib/python3.12/site-packages/airflow/example_dags/example_short_circuit_decorator.py took 0.085 seconds
[2025-12-21T20:35:19.062+0000] {processor.py:186} INFO - Started process (PID=1626) to work on /home/airflow/.local/lib/python3.12/site-packages/airflow/example_dags/example_short_circuit_decorator.py
[2025-12-21T20:35:19.064+0000] {processor.py:914} INFO - Processing file /home/airflow/.local/lib/python3.12/site-packages/airflow/example_dags/example_short_circuit_decorator.py for tasks to queue
[2025-12-21T20:35:19.069+0000] {logging_mixin.py:190} INFO - [2025-12-21T20:35:19.068+0000] {dagbag.py:588} INFO - Filling up the DagBag from /home/airflow/.local/lib/python3.12/site-packages/airflow/example_dags/example_short_circuit_decorator.py
[2025-12-21T20:35:19.090+0000] {processor.py:925} INFO - DAG(s) 'example_short_circuit_decorator' retrieved from /home/airflow/.local/lib/python3.12/site-packages/airflow/example_dags/example_short_circuit_decorator.py
[2025-12-21T20:35:19.119+0000] {logging_mixin.py:190} INFO - [2025-12-21T20:35:19.119+0000] {dag.py:3239} INFO - Sync 1 DAGs
[2025-12-21T20:35:19.134+0000] {logging_mixin.py:190} INFO - [2025-12-21T20:35:19.134+0000] {dag.py:4180} INFO - Setting next_dagrun for example_short_circuit_decorator to None, run_after=None
[2025-12-21T20:35:19.156+0000] {processor.py:208} INFO - Processing /home/airflow/.local/lib/python3.12/site-packages/airflow/example_dags/example_short_circuit_decorator.py took 0.106 seconds
[2025-12-21T20:35:49.346+0000] {processor.py:186} INFO - Started process (PID=1691) to work on /home/airflow/.local/lib/python3.12/site-packages/airflow/example_dags/example_short_circuit_decorator.py
[2025-12-21T20:35:49.347+0000] {processor.py:914} INFO - Processing file /home/airflow/.local/lib/python3.12/site-packages/airflow/example_dags/example_short_circuit_decorator.py for tasks to queue
[2025-12-21T20:35:49.350+0000] {logging_mixin.py:190} INFO - [2025-12-21T20:35:49.349+0000] {dagbag.py:588} INFO - Filling up the DagBag from /home/airflow/.local/lib/python3.12/site-packages/airflow/example_dags/example_short_circuit_decorator.py
[2025-12-21T20:35:49.360+0000] {processor.py:925} INFO - DAG(s) 'example_short_circuit_decorator' retrieved from /home/airflow/.local/lib/python3.12/site-packages/airflow/example_dags/example_short_circuit_decorator.py
[2025-12-21T20:35:49.384+0000] {logging_mixin.py:190} INFO - [2025-12-21T20:35:49.383+0000] {dag.py:3239} INFO - Sync 1 DAGs
[2025-12-21T20:35:49.399+0000] {logging_mixin.py:190} INFO - [2025-12-21T20:35:49.399+0000] {dag.py:4180} INFO - Setting next_dagrun for example_short_circuit_decorator to None, run_after=None
[2025-12-21T20:35:49.423+0000] {processor.py:208} INFO - Processing /home/airflow/.local/lib/python3.12/site-packages/airflow/example_dags/example_short_circuit_decorator.py took 0.082 seconds
[2025-12-21T20:36:19.935+0000] {processor.py:186} INFO - Started process (PID=1757) to work on /home/airflow/.local/lib/python3.12/site-packages/airflow/example_dags/example_short_circuit_decorator.py
[2025-12-21T20:36:19.936+0000] {processor.py:914} INFO - Processing file /home/airflow/.local/lib/python3.12/site-packages/airflow/example_dags/example_short_circuit_decorator.py for tasks to queue
[2025-12-21T20:36:19.939+0000] {logging_mixin.py:190} INFO - [2025-12-21T20:36:19.939+0000] {dagbag.py:588} INFO - Filling up the DagBag from /home/airflow/.local/lib/python3.12/site-packages/airflow/example_dags/example_short_circuit_decorator.py
[2025-12-21T20:36:19.948+0000] {processor.py:925} INFO - DAG(s) 'example_short_circuit_decorator' retrieved from /home/airflow/.local/lib/python3.12/site-packages/airflow/example_dags/example_short_circuit_decorator.py
[2025-12-21T20:36:19.970+0000] {logging_mixin.py:190} INFO - [2025-12-21T20:36:19.969+0000] {dag.py:3239} INFO - Sync 1 DAGs
[2025-12-21T20:36:19.984+0000] {logging_mixin.py:190} INFO - [2025-12-21T20:36:19.984+0000] {dag.py:4180} INFO - Setting next_dagrun for example_short_circuit_decorator to None, run_after=None
[2025-12-21T20:36:20.009+0000] {processor.py:208} INFO - Processing /home/airflow/.local/lib/python3.12/site-packages/airflow/example_dags/example_short_circuit_decorator.py took 0.078 seconds
[2025-12-21T20:36:50.575+0000] {processor.py:186} INFO - Started process (PID=1823) to work on /home/airflow/.local/lib/python3.12/site-packages/airflow/example_dags/example_short_circuit_decorator.py
[2025-12-21T20:36:50.576+0000] {processor.py:914} INFO - Processing file /home/airflow/.local/lib/python3.12/site-packages/airflow/example_dags/example_short_circuit_decorator.py for tasks to queue
[2025-12-21T20:36:50.580+0000] {logging_mixin.py:190} INFO - [2025-12-21T20:36:50.579+0000] {dagbag.py:588} INFO - Filling up the DagBag from /home/airflow/.local/lib/python3.12/site-packages/airflow/example_dags/example_short_circuit_decorator.py
[2025-12-21T20:36:50.590+0000] {processor.py:925} INFO - DAG(s) 'example_short_circuit_decorator' retrieved from /home/airflow/.local/lib/python3.12/site-packages/airflow/example_dags/example_short_circuit_decorator.py
[2025-12-21T20:36:50.616+0000] {logging_mixin.py:190} INFO - [2025-12-21T20:36:50.615+0000] {dag.py:3239} INFO - Sync 1 DAGs
[2025-12-21T20:36:50.632+0000] {logging_mixin.py:190} INFO - [2025-12-21T20:36:50.631+0000] {dag.py:4180} INFO - Setting next_dagrun for example_short_circuit_decorator to None, run_after=None
[2025-12-21T20:36:50.658+0000] {processor.py:208} INFO - Processing /home/airflow/.local/lib/python3.12/site-packages/airflow/example_dags/example_short_circuit_decorator.py took 0.088 seconds
[2025-12-21T20:37:21.175+0000] {processor.py:186} INFO - Started process (PID=1889) to work on /home/airflow/.local/lib/python3.12/site-packages/airflow/example_dags/example_short_circuit_decorator.py
[2025-12-21T20:37:21.176+0000] {processor.py:914} INFO - Processing file /home/airflow/.local/lib/python3.12/site-packages/airflow/example_dags/example_short_circuit_decorator.py for tasks to queue
[2025-12-21T20:37:21.179+0000] {logging_mixin.py:190} INFO - [2025-12-21T20:37:21.178+0000] {dagbag.py:588} INFO - Filling up the DagBag from /home/airflow/.local/lib/python3.12/site-packages/airflow/example_dags/example_short_circuit_decorator.py
[2025-12-21T20:37:21.189+0000] {processor.py:925} INFO - DAG(s) 'example_short_circuit_decorator' retrieved from /home/airflow/.local/lib/python3.12/site-packages/airflow/example_dags/example_short_circuit_decorator.py
[2025-12-21T20:37:21.212+0000] {logging_mixin.py:190} INFO - [2025-12-21T20:37:21.212+0000] {dag.py:3239} INFO - Sync 1 DAGs
[2025-12-21T20:37:21.228+0000] {logging_mixin.py:190} INFO - [2025-12-21T20:37:21.227+0000] {dag.py:4180} INFO - Setting next_dagrun for example_short_circuit_decorator to None, run_after=None
[2025-12-21T20:37:21.251+0000] {processor.py:208} INFO - Processing /home/airflow/.local/lib/python3.12/site-packages/airflow/example_dags/example_short_circuit_decorator.py took 0.085 seconds
[2025-12-21T20:37:51.701+0000] {processor.py:186} INFO - Started process (PID=1955) to work on /home/airflow/.local/lib/python3.12/site-packages/airflow/example_dags/example_short_circuit_decorator.py
[2025-12-21T20:37:51.702+0000] {processor.py:914} INFO - Processing file /home/airflow/.local/lib/python3.12/site-packages/airflow/example_dags/example_short_circuit_decorator.py for tasks to queue
[2025-12-21T20:37:51.705+0000] {logging_mixin.py:190} INFO - [2025-12-21T20:37:51.704+0000] {dagbag.py:588} INFO - Filling up the DagBag from /home/airflow/.local/lib/python3.12/site-packages/airflow/example_dags/example_short_circuit_decorator.py
[2025-12-21T20:37:51.714+0000] {processor.py:925} INFO - DAG(s) 'example_short_circuit_decorator' retrieved from /home/airflow/.local/lib/python3.12/site-packages/airflow/example_dags/example_short_circuit_decorator.py
[2025-12-21T20:37:51.736+0000] {logging_mixin.py:190} INFO - [2025-12-21T20:37:51.736+0000] {dag.py:3239} INFO - Sync 1 DAGs
[2025-12-21T20:37:51.751+0000] {logging_mixin.py:190} INFO - [2025-12-21T20:37:51.751+0000] {dag.py:4180} INFO - Setting next_dagrun for example_short_circuit_decorator to None, run_after=None
[2025-12-21T20:37:51.774+0000] {processor.py:208} INFO - Processing /home/airflow/.local/lib/python3.12/site-packages/airflow/example_dags/example_short_circuit_decorator.py took 0.077 seconds
[2025-12-21T20:38:21.842+0000] {processor.py:186} INFO - Started process (PID=2021) to work on /home/airflow/.local/lib/python3.12/site-packages/airflow/example_dags/example_short_circuit_decorator.py
[2025-12-21T20:38:21.842+0000] {processor.py:914} INFO - Processing file /home/airflow/.local/lib/python3.12/site-packages/airflow/example_dags/example_short_circuit_decorator.py for tasks to queue
[2025-12-21T20:38:21.845+0000] {logging_mixin.py:190} INFO - [2025-12-21T20:38:21.844+0000] {dagbag.py:588} INFO - Filling up the DagBag from /home/airflow/.local/lib/python3.12/site-packages/airflow/example_dags/example_short_circuit_decorator.py
[2025-12-21T20:38:21.853+0000] {processor.py:925} INFO - DAG(s) 'example_short_circuit_decorator' retrieved from /home/airflow/.local/lib/python3.12/site-packages/airflow/example_dags/example_short_circuit_decorator.py
[2025-12-21T20:38:21.878+0000] {logging_mixin.py:190} INFO - [2025-12-21T20:38:21.878+0000] {dag.py:3239} INFO - Sync 1 DAGs
[2025-12-21T20:38:21.892+0000] {logging_mixin.py:190} INFO - [2025-12-21T20:38:21.892+0000] {dag.py:4180} INFO - Setting next_dagrun for example_short_circuit_decorator to None, run_after=None
[2025-12-21T20:38:21.917+0000] {processor.py:208} INFO - Processing /home/airflow/.local/lib/python3.12/site-packages/airflow/example_dags/example_short_circuit_decorator.py took 0.080 seconds
[2025-12-21T20:38:52.191+0000] {processor.py:186} INFO - Started process (PID=2087) to work on /home/airflow/.local/lib/python3.12/site-packages/airflow/example_dags/example_short_circuit_decorator.py
[2025-12-21T20:38:52.193+0000] {processor.py:914} INFO - Processing file /home/airflow/.local/lib/python3.12/site-packages/airflow/example_dags/example_short_circuit_decorator.py for tasks to queue
[2025-12-21T20:38:52.195+0000] {logging_mixin.py:190} INFO - [2025-12-21T20:38:52.195+0000] {dagbag.py:588} INFO - Filling up the DagBag from /home/airflow/.local/lib/python3.12/site-packages/airflow/example_dags/example_short_circuit_decorator.py
[2025-12-21T20:38:52.204+0000] {processor.py:925} INFO - DAG(s) 'example_short_circuit_decorator' retrieved from /home/airflow/.local/lib/python3.12/site-packages/airflow/example_dags/example_short_circuit_decorator.py
[2025-12-21T20:38:52.227+0000] {logging_mixin.py:190} INFO - [2025-12-21T20:38:52.226+0000] {dag.py:3239} INFO - Sync 1 DAGs
[2025-12-21T20:38:52.241+0000] {logging_mixin.py:190} INFO - [2025-12-21T20:38:52.241+0000] {dag.py:4180} INFO - Setting next_dagrun for example_short_circuit_decorator to None, run_after=None
[2025-12-21T20:38:52.264+0000] {processor.py:208} INFO - Processing /home/airflow/.local/lib/python3.12/site-packages/airflow/example_dags/example_short_circuit_decorator.py took 0.082 seconds
[2025-12-21T20:39:22.528+0000] {processor.py:186} INFO - Started process (PID=2153) to work on /home/airflow/.local/lib/python3.12/site-packages/airflow/example_dags/example_short_circuit_decorator.py
[2025-12-21T20:39:22.529+0000] {processor.py:914} INFO - Processing file /home/airflow/.local/lib/python3.12/site-packages/airflow/example_dags/example_short_circuit_decorator.py for tasks to queue
[2025-12-21T20:39:22.531+0000] {logging_mixin.py:190} INFO - [2025-12-21T20:39:22.531+0000] {dagbag.py:588} INFO - Filling up the DagBag from /home/airflow/.local/lib/python3.12/site-packages/airflow/example_dags/example_short_circuit_decorator.py
[2025-12-21T20:39:22.542+0000] {processor.py:925} INFO - DAG(s) 'example_short_circuit_decorator' retrieved from /home/airflow/.local/lib/python3.12/site-packages/airflow/example_dags/example_short_circuit_decorator.py
[2025-12-21T20:39:22.562+0000] {logging_mixin.py:190} INFO - [2025-12-21T20:39:22.562+0000] {dag.py:3239} INFO - Sync 1 DAGs
[2025-12-21T20:39:22.575+0000] {logging_mixin.py:190} INFO - [2025-12-21T20:39:22.575+0000] {dag.py:4180} INFO - Setting next_dagrun for example_short_circuit_decorator to None, run_after=None
[2025-12-21T20:39:22.596+0000] {processor.py:208} INFO - Processing /home/airflow/.local/lib/python3.12/site-packages/airflow/example_dags/example_short_circuit_decorator.py took 0.073 seconds
[2025-12-21T20:39:52.803+0000] {processor.py:186} INFO - Started process (PID=2219) to work on /home/airflow/.local/lib/python3.12/site-packages/airflow/example_dags/example_short_circuit_decorator.py
[2025-12-21T20:39:52.804+0000] {processor.py:914} INFO - Processing file /home/airflow/.local/lib/python3.12/site-packages/airflow/example_dags/example_short_circuit_decorator.py for tasks to queue
[2025-12-21T20:39:52.808+0000] {logging_mixin.py:190} INFO - [2025-12-21T20:39:52.808+0000] {dagbag.py:588} INFO - Filling up the DagBag from /home/airflow/.local/lib/python3.12/site-packages/airflow/example_dags/example_short_circuit_decorator.py
[2025-12-21T20:39:52.818+0000] {processor.py:925} INFO - DAG(s) 'example_short_circuit_decorator' retrieved from /home/airflow/.local/lib/python3.12/site-packages/airflow/example_dags/example_short_circuit_decorator.py
[2025-12-21T20:39:52.858+0000] {logging_mixin.py:190} INFO - [2025-12-21T20:39:52.857+0000] {dag.py:3239} INFO - Sync 1 DAGs
[2025-12-21T20:39:52.875+0000] {logging_mixin.py:190} INFO - [2025-12-21T20:39:52.874+0000] {dag.py:4180} INFO - Setting next_dagrun for example_short_circuit_decorator to None, run_after=None
[2025-12-21T20:39:52.899+0000] {processor.py:208} INFO - Processing /home/airflow/.local/lib/python3.12/site-packages/airflow/example_dags/example_short_circuit_decorator.py took 0.106 seconds
[2025-12-21T20:43:17.525+0000] {processor.py:186} INFO - Started process (PID=2289) to work on /home/airflow/.local/lib/python3.12/site-packages/airflow/example_dags/example_short_circuit_decorator.py
[2025-12-21T20:43:17.526+0000] {processor.py:914} INFO - Processing file /home/airflow/.local/lib/python3.12/site-packages/airflow/example_dags/example_short_circuit_decorator.py for tasks to queue
[2025-12-21T20:43:17.530+0000] {logging_mixin.py:190} INFO - [2025-12-21T20:43:17.528+0000] {dagbag.py:588} INFO - Filling up the DagBag from /home/airflow/.local/lib/python3.12/site-packages/airflow/example_dags/example_short_circuit_decorator.py
[2025-12-21T20:43:17.549+0000] {processor.py:925} INFO - DAG(s) 'example_short_circuit_decorator' retrieved from /home/airflow/.local/lib/python3.12/site-packages/airflow/example_dags/example_short_circuit_decorator.py
[2025-12-21T20:43:17.588+0000] {logging_mixin.py:190} INFO - [2025-12-21T20:43:17.588+0000] {dag.py:3239} INFO - Sync 1 DAGs
[2025-12-21T20:43:17.615+0000] {logging_mixin.py:190} INFO - [2025-12-21T20:43:17.614+0000] {dag.py:4180} INFO - Setting next_dagrun for example_short_circuit_decorator to None, run_after=None
[2025-12-21T20:43:17.658+0000] {processor.py:208} INFO - Processing /home/airflow/.local/lib/python3.12/site-packages/airflow/example_dags/example_short_circuit_decorator.py took 0.141 seconds
[2025-12-21T20:43:48.093+0000] {processor.py:186} INFO - Started process (PID=2355) to work on /home/airflow/.local/lib/python3.12/site-packages/airflow/example_dags/example_short_circuit_decorator.py
[2025-12-21T20:43:48.095+0000] {processor.py:914} INFO - Processing file /home/airflow/.local/lib/python3.12/site-packages/airflow/example_dags/example_short_circuit_decorator.py for tasks to queue
[2025-12-21T20:43:48.096+0000] {logging_mixin.py:190} INFO - [2025-12-21T20:43:48.096+0000] {dagbag.py:588} INFO - Filling up the DagBag from /home/airflow/.local/lib/python3.12/site-packages/airflow/example_dags/example_short_circuit_decorator.py
[2025-12-21T20:43:48.107+0000] {processor.py:925} INFO - DAG(s) 'example_short_circuit_decorator' retrieved from /home/airflow/.local/lib/python3.12/site-packages/airflow/example_dags/example_short_circuit_decorator.py
[2025-12-21T20:43:48.135+0000] {logging_mixin.py:190} INFO - [2025-12-21T20:43:48.134+0000] {dag.py:3239} INFO - Sync 1 DAGs
[2025-12-21T20:43:48.152+0000] {logging_mixin.py:190} INFO - [2025-12-21T20:43:48.151+0000] {dag.py:4180} INFO - Setting next_dagrun for example_short_circuit_decorator to None, run_after=None
[2025-12-21T20:43:48.176+0000] {processor.py:208} INFO - Processing /home/airflow/.local/lib/python3.12/site-packages/airflow/example_dags/example_short_circuit_decorator.py took 0.088 seconds
[2025-12-21T20:44:18.680+0000] {processor.py:186} INFO - Started process (PID=2421) to work on /home/airflow/.local/lib/python3.12/site-packages/airflow/example_dags/example_short_circuit_decorator.py
[2025-12-21T20:44:18.681+0000] {processor.py:914} INFO - Processing file /home/airflow/.local/lib/python3.12/site-packages/airflow/example_dags/example_short_circuit_decorator.py for tasks to queue
[2025-12-21T20:44:18.682+0000] {logging_mixin.py:190} INFO - [2025-12-21T20:44:18.682+0000] {dagbag.py:588} INFO - Filling up the DagBag from /home/airflow/.local/lib/python3.12/site-packages/airflow/example_dags/example_short_circuit_decorator.py
[2025-12-21T20:44:18.692+0000] {processor.py:925} INFO - DAG(s) 'example_short_circuit_decorator' retrieved from /home/airflow/.local/lib/python3.12/site-packages/airflow/example_dags/example_short_circuit_decorator.py
[2025-12-21T20:44:18.715+0000] {logging_mixin.py:190} INFO - [2025-12-21T20:44:18.715+0000] {dag.py:3239} INFO - Sync 1 DAGs
[2025-12-21T20:44:18.730+0000] {logging_mixin.py:190} INFO - [2025-12-21T20:44:18.730+0000] {dag.py:4180} INFO - Setting next_dagrun for example_short_circuit_decorator to None, run_after=None
[2025-12-21T20:44:18.754+0000] {processor.py:208} INFO - Processing /home/airflow/.local/lib/python3.12/site-packages/airflow/example_dags/example_short_circuit_decorator.py took 0.079 seconds
[2025-12-21T20:44:49.239+0000] {processor.py:186} INFO - Started process (PID=2487) to work on /home/airflow/.local/lib/python3.12/site-packages/airflow/example_dags/example_short_circuit_decorator.py
[2025-12-21T20:44:49.241+0000] {processor.py:914} INFO - Processing file /home/airflow/.local/lib/python3.12/site-packages/airflow/example_dags/example_short_circuit_decorator.py for tasks to queue
[2025-12-21T20:44:49.243+0000] {logging_mixin.py:190} INFO - [2025-12-21T20:44:49.242+0000] {dagbag.py:588} INFO - Filling up the DagBag from /home/airflow/.local/lib/python3.12/site-packages/airflow/example_dags/example_short_circuit_decorator.py
[2025-12-21T20:44:49.256+0000] {processor.py:925} INFO - DAG(s) 'example_short_circuit_decorator' retrieved from /home/airflow/.local/lib/python3.12/site-packages/airflow/example_dags/example_short_circuit_decorator.py
[2025-12-21T20:44:49.284+0000] {logging_mixin.py:190} INFO - [2025-12-21T20:44:49.284+0000] {dag.py:3239} INFO - Sync 1 DAGs
[2025-12-21T20:44:49.300+0000] {logging_mixin.py:190} INFO - [2025-12-21T20:44:49.300+0000] {dag.py:4180} INFO - Setting next_dagrun for example_short_circuit_decorator to None, run_after=None
[2025-12-21T20:44:49.334+0000] {processor.py:208} INFO - Processing /home/airflow/.local/lib/python3.12/site-packages/airflow/example_dags/example_short_circuit_decorator.py took 0.105 seconds
[2025-12-21T20:45:19.547+0000] {processor.py:186} INFO - Started process (PID=2553) to work on /home/airflow/.local/lib/python3.12/site-packages/airflow/example_dags/example_short_circuit_decorator.py
[2025-12-21T20:45:19.548+0000] {processor.py:914} INFO - Processing file /home/airflow/.local/lib/python3.12/site-packages/airflow/example_dags/example_short_circuit_decorator.py for tasks to queue
[2025-12-21T20:45:19.551+0000] {logging_mixin.py:190} INFO - [2025-12-21T20:45:19.550+0000] {dagbag.py:588} INFO - Filling up the DagBag from /home/airflow/.local/lib/python3.12/site-packages/airflow/example_dags/example_short_circuit_decorator.py
[2025-12-21T20:45:19.567+0000] {processor.py:925} INFO - DAG(s) 'example_short_circuit_decorator' retrieved from /home/airflow/.local/lib/python3.12/site-packages/airflow/example_dags/example_short_circuit_decorator.py
[2025-12-21T20:45:19.595+0000] {logging_mixin.py:190} INFO - [2025-12-21T20:45:19.595+0000] {dag.py:3239} INFO - Sync 1 DAGs
[2025-12-21T20:45:19.610+0000] {logging_mixin.py:190} INFO - [2025-12-21T20:45:19.610+0000] {dag.py:4180} INFO - Setting next_dagrun for example_short_circuit_decorator to None, run_after=None
[2025-12-21T20:45:19.634+0000] {processor.py:208} INFO - Processing /home/airflow/.local/lib/python3.12/site-packages/airflow/example_dags/example_short_circuit_decorator.py took 0.097 seconds
[2025-12-21T20:45:49.691+0000] {processor.py:186} INFO - Started process (PID=2619) to work on /home/airflow/.local/lib/python3.12/site-packages/airflow/example_dags/example_short_circuit_decorator.py
[2025-12-21T20:45:49.692+0000] {processor.py:914} INFO - Processing file /home/airflow/.local/lib/python3.12/site-packages/airflow/example_dags/example_short_circuit_decorator.py for tasks to queue
[2025-12-21T20:45:49.693+0000] {logging_mixin.py:190} INFO - [2025-12-21T20:45:49.693+0000] {dagbag.py:588} INFO - Filling up the DagBag from /home/airflow/.local/lib/python3.12/site-packages/airflow/example_dags/example_short_circuit_decorator.py
[2025-12-21T20:45:49.703+0000] {processor.py:925} INFO - DAG(s) 'example_short_circuit_decorator' retrieved from /home/airflow/.local/lib/python3.12/site-packages/airflow/example_dags/example_short_circuit_decorator.py
[2025-12-21T20:45:49.743+0000] {logging_mixin.py:190} INFO - [2025-12-21T20:45:49.743+0000] {dag.py:3239} INFO - Sync 1 DAGs
[2025-12-21T20:45:49.763+0000] {logging_mixin.py:190} INFO - [2025-12-21T20:45:49.763+0000] {dag.py:4180} INFO - Setting next_dagrun for example_short_circuit_decorator to None, run_after=None
[2025-12-21T20:45:49.788+0000] {processor.py:208} INFO - Processing /home/airflow/.local/lib/python3.12/site-packages/airflow/example_dags/example_short_circuit_decorator.py took 0.104 seconds
[2025-12-21T20:46:20.579+0000] {processor.py:186} INFO - Started process (PID=2685) to work on /home/airflow/.local/lib/python3.12/site-packages/airflow/example_dags/example_short_circuit_decorator.py
[2025-12-21T20:46:20.580+0000] {processor.py:914} INFO - Processing file /home/airflow/.local/lib/python3.12/site-packages/airflow/example_dags/example_short_circuit_decorator.py for tasks to queue
[2025-12-21T20:46:20.583+0000] {logging_mixin.py:190} INFO - [2025-12-21T20:46:20.582+0000] {dagbag.py:588} INFO - Filling up the DagBag from /home/airflow/.local/lib/python3.12/site-packages/airflow/example_dags/example_short_circuit_decorator.py
[2025-12-21T20:46:20.595+0000] {processor.py:925} INFO - DAG(s) 'example_short_circuit_decorator' retrieved from /home/airflow/.local/lib/python3.12/site-packages/airflow/example_dags/example_short_circuit_decorator.py
[2025-12-21T20:46:20.617+0000] {logging_mixin.py:190} INFO - [2025-12-21T20:46:20.617+0000] {dag.py:3239} INFO - Sync 1 DAGs
[2025-12-21T20:46:20.632+0000] {logging_mixin.py:190} INFO - [2025-12-21T20:46:20.632+0000] {dag.py:4180} INFO - Setting next_dagrun for example_short_circuit_decorator to None, run_after=None
[2025-12-21T20:46:20.656+0000] {processor.py:208} INFO - Processing /home/airflow/.local/lib/python3.12/site-packages/airflow/example_dags/example_short_circuit_decorator.py took 0.086 seconds
[2025-12-21T20:46:51.366+0000] {processor.py:186} INFO - Started process (PID=2751) to work on /home/airflow/.local/lib/python3.12/site-packages/airflow/example_dags/example_short_circuit_decorator.py
[2025-12-21T20:46:51.368+0000] {processor.py:914} INFO - Processing file /home/airflow/.local/lib/python3.12/site-packages/airflow/example_dags/example_short_circuit_decorator.py for tasks to queue
[2025-12-21T20:46:51.372+0000] {logging_mixin.py:190} INFO - [2025-12-21T20:46:51.371+0000] {dagbag.py:588} INFO - Filling up the DagBag from /home/airflow/.local/lib/python3.12/site-packages/airflow/example_dags/example_short_circuit_decorator.py
[2025-12-21T20:46:51.396+0000] {processor.py:925} INFO - DAG(s) 'example_short_circuit_decorator' retrieved from /home/airflow/.local/lib/python3.12/site-packages/airflow/example_dags/example_short_circuit_decorator.py
[2025-12-21T20:46:51.427+0000] {logging_mixin.py:190} INFO - [2025-12-21T20:46:51.426+0000] {dag.py:3239} INFO - Sync 1 DAGs
[2025-12-21T20:46:51.441+0000] {logging_mixin.py:190} INFO - [2025-12-21T20:46:51.441+0000] {dag.py:4180} INFO - Setting next_dagrun for example_short_circuit_decorator to None, run_after=None
[2025-12-21T20:46:51.465+0000] {processor.py:208} INFO - Processing /home/airflow/.local/lib/python3.12/site-packages/airflow/example_dags/example_short_circuit_decorator.py took 0.109 seconds
[2025-12-21T20:47:22.237+0000] {processor.py:186} INFO - Started process (PID=2817) to work on /home/airflow/.local/lib/python3.12/site-packages/airflow/example_dags/example_short_circuit_decorator.py
[2025-12-21T20:47:22.238+0000] {processor.py:914} INFO - Processing file /home/airflow/.local/lib/python3.12/site-packages/airflow/example_dags/example_short_circuit_decorator.py for tasks to queue
[2025-12-21T20:47:22.240+0000] {logging_mixin.py:190} INFO - [2025-12-21T20:47:22.240+0000] {dagbag.py:588} INFO - Filling up the DagBag from /home/airflow/.local/lib/python3.12/site-packages/airflow/example_dags/example_short_circuit_decorator.py
[2025-12-21T20:47:22.249+0000] {processor.py:925} INFO - DAG(s) 'example_short_circuit_decorator' retrieved from /home/airflow/.local/lib/python3.12/site-packages/airflow/example_dags/example_short_circuit_decorator.py
[2025-12-21T20:47:22.270+0000] {logging_mixin.py:190} INFO - [2025-12-21T20:47:22.269+0000] {dag.py:3239} INFO - Sync 1 DAGs
[2025-12-21T20:47:22.284+0000] {logging_mixin.py:190} INFO - [2025-12-21T20:47:22.283+0000] {dag.py:4180} INFO - Setting next_dagrun for example_short_circuit_decorator to None, run_after=None
[2025-12-21T20:47:22.308+0000] {processor.py:208} INFO - Processing /home/airflow/.local/lib/python3.12/site-packages/airflow/example_dags/example_short_circuit_decorator.py took 0.077 seconds
[2025-12-21T20:47:52.412+0000] {processor.py:186} INFO - Started process (PID=2883) to work on /home/airflow/.local/lib/python3.12/site-packages/airflow/example_dags/example_short_circuit_decorator.py
[2025-12-21T20:47:52.412+0000] {processor.py:914} INFO - Processing file /home/airflow/.local/lib/python3.12/site-packages/airflow/example_dags/example_short_circuit_decorator.py for tasks to queue
[2025-12-21T20:47:52.414+0000] {logging_mixin.py:190} INFO - [2025-12-21T20:47:52.413+0000] {dagbag.py:588} INFO - Filling up the DagBag from /home/airflow/.local/lib/python3.12/site-packages/airflow/example_dags/example_short_circuit_decorator.py
[2025-12-21T20:47:52.424+0000] {processor.py:925} INFO - DAG(s) 'example_short_circuit_decorator' retrieved from /home/airflow/.local/lib/python3.12/site-packages/airflow/example_dags/example_short_circuit_decorator.py
[2025-12-21T20:47:52.453+0000] {logging_mixin.py:190} INFO - [2025-12-21T20:47:52.452+0000] {dag.py:3239} INFO - Sync 1 DAGs
[2025-12-21T20:47:52.471+0000] {logging_mixin.py:190} INFO - [2025-12-21T20:47:52.471+0000] {dag.py:4180} INFO - Setting next_dagrun for example_short_circuit_decorator to None, run_after=None
[2025-12-21T20:47:52.499+0000] {processor.py:208} INFO - Processing /home/airflow/.local/lib/python3.12/site-packages/airflow/example_dags/example_short_circuit_decorator.py took 0.093 seconds
