[2025-12-21T20:23:35.190+0000] {processor.py:186} INFO - Started process (PID=92) to work on /home/airflow/.local/lib/python3.12/site-packages/airflow/example_dags/example_complex.py
[2025-12-21T20:23:35.192+0000] {processor.py:914} INFO - Processing file /home/airflow/.local/lib/python3.12/site-packages/airflow/example_dags/example_complex.py for tasks to queue
[2025-12-21T20:23:35.196+0000] {logging_mixin.py:190} INFO - [2025-12-21T20:23:35.196+0000] {dagbag.py:588} INFO - Filling up the DagBag from /home/airflow/.local/lib/python3.12/site-packages/airflow/example_dags/example_complex.py
[2025-12-21T20:23:35.216+0000] {processor.py:925} INFO - DAG(s) 'example_complex' retrieved from /home/airflow/.local/lib/python3.12/site-packages/airflow/example_dags/example_complex.py
[2025-12-21T20:23:35.359+0000] {logging_mixin.py:190} INFO - [2025-12-21T20:23:35.358+0000] {override.py:1912} INFO - Created Permission View: can delete on DAG:example_complex
[2025-12-21T20:23:35.381+0000] {logging_mixin.py:190} INFO - [2025-12-21T20:23:35.380+0000] {override.py:1912} INFO - Created Permission View: can edit on DAG:example_complex
[2025-12-21T20:23:35.393+0000] {logging_mixin.py:190} INFO - [2025-12-21T20:23:35.393+0000] {override.py:1912} INFO - Created Permission View: can read on DAG:example_complex
[2025-12-21T20:23:35.410+0000] {logging_mixin.py:190} INFO - [2025-12-21T20:23:35.410+0000] {override.py:1912} INFO - Created Permission View: can delete on DAG Run:example_complex
[2025-12-21T20:23:35.425+0000] {logging_mixin.py:190} INFO - [2025-12-21T20:23:35.424+0000] {override.py:1912} INFO - Created Permission View: can create on DAG Run:example_complex
[2025-12-21T20:23:35.439+0000] {logging_mixin.py:190} INFO - [2025-12-21T20:23:35.439+0000] {override.py:1912} INFO - Created Permission View: menu access on DAG Run:example_complex
[2025-12-21T20:23:35.453+0000] {logging_mixin.py:190} INFO - [2025-12-21T20:23:35.453+0000] {override.py:1912} INFO - Created Permission View: can read on DAG Run:example_complex
[2025-12-21T20:23:35.454+0000] {logging_mixin.py:190} INFO - [2025-12-21T20:23:35.454+0000] {dag.py:3239} INFO - Sync 1 DAGs
[2025-12-21T20:23:35.471+0000] {logging_mixin.py:190} INFO - [2025-12-21T20:23:35.470+0000] {dag.py:3262} INFO - Creating ORM DAG for example_complex
[2025-12-21T20:23:35.472+0000] {logging_mixin.py:190} INFO - [2025-12-21T20:23:35.472+0000] {dag.py:4180} INFO - Setting next_dagrun for example_complex to None, run_after=None
[2025-12-21T20:23:35.512+0000] {processor.py:208} INFO - Processing /home/airflow/.local/lib/python3.12/site-packages/airflow/example_dags/example_complex.py took 0.329 seconds
[2025-12-21T20:24:05.770+0000] {processor.py:186} INFO - Started process (PID=157) to work on /home/airflow/.local/lib/python3.12/site-packages/airflow/example_dags/example_complex.py
[2025-12-21T20:24:05.771+0000] {processor.py:914} INFO - Processing file /home/airflow/.local/lib/python3.12/site-packages/airflow/example_dags/example_complex.py for tasks to queue
[2025-12-21T20:24:05.773+0000] {logging_mixin.py:190} INFO - [2025-12-21T20:24:05.773+0000] {dagbag.py:588} INFO - Filling up the DagBag from /home/airflow/.local/lib/python3.12/site-packages/airflow/example_dags/example_complex.py
[2025-12-21T20:24:05.784+0000] {processor.py:925} INFO - DAG(s) 'example_complex' retrieved from /home/airflow/.local/lib/python3.12/site-packages/airflow/example_dags/example_complex.py
[2025-12-21T20:24:05.810+0000] {logging_mixin.py:190} INFO - [2025-12-21T20:24:05.810+0000] {dag.py:3239} INFO - Sync 1 DAGs
[2025-12-21T20:24:05.823+0000] {logging_mixin.py:190} INFO - [2025-12-21T20:24:05.823+0000] {dag.py:4180} INFO - Setting next_dagrun for example_complex to None, run_after=None
[2025-12-21T20:24:05.846+0000] {processor.py:208} INFO - Processing /home/airflow/.local/lib/python3.12/site-packages/airflow/example_dags/example_complex.py took 0.081 seconds
[2025-12-21T20:24:36.005+0000] {processor.py:186} INFO - Started process (PID=223) to work on /home/airflow/.local/lib/python3.12/site-packages/airflow/example_dags/example_complex.py
[2025-12-21T20:24:36.006+0000] {processor.py:914} INFO - Processing file /home/airflow/.local/lib/python3.12/site-packages/airflow/example_dags/example_complex.py for tasks to queue
[2025-12-21T20:24:36.009+0000] {logging_mixin.py:190} INFO - [2025-12-21T20:24:36.009+0000] {dagbag.py:588} INFO - Filling up the DagBag from /home/airflow/.local/lib/python3.12/site-packages/airflow/example_dags/example_complex.py
[2025-12-21T20:24:36.020+0000] {processor.py:925} INFO - DAG(s) 'example_complex' retrieved from /home/airflow/.local/lib/python3.12/site-packages/airflow/example_dags/example_complex.py
[2025-12-21T20:24:36.048+0000] {logging_mixin.py:190} INFO - [2025-12-21T20:24:36.048+0000] {dag.py:3239} INFO - Sync 1 DAGs
[2025-12-21T20:24:36.061+0000] {logging_mixin.py:190} INFO - [2025-12-21T20:24:36.060+0000] {dag.py:4180} INFO - Setting next_dagrun for example_complex to None, run_after=None
[2025-12-21T20:24:36.083+0000] {processor.py:208} INFO - Processing /home/airflow/.local/lib/python3.12/site-packages/airflow/example_dags/example_complex.py took 0.091 seconds
[2025-12-21T20:25:06.625+0000] {processor.py:186} INFO - Started process (PID=289) to work on /home/airflow/.local/lib/python3.12/site-packages/airflow/example_dags/example_complex.py
[2025-12-21T20:25:06.626+0000] {processor.py:914} INFO - Processing file /home/airflow/.local/lib/python3.12/site-packages/airflow/example_dags/example_complex.py for tasks to queue
[2025-12-21T20:25:06.629+0000] {logging_mixin.py:190} INFO - [2025-12-21T20:25:06.628+0000] {dagbag.py:588} INFO - Filling up the DagBag from /home/airflow/.local/lib/python3.12/site-packages/airflow/example_dags/example_complex.py
[2025-12-21T20:25:06.646+0000] {processor.py:925} INFO - DAG(s) 'example_complex' retrieved from /home/airflow/.local/lib/python3.12/site-packages/airflow/example_dags/example_complex.py
[2025-12-21T20:25:06.675+0000] {logging_mixin.py:190} INFO - [2025-12-21T20:25:06.675+0000] {dag.py:3239} INFO - Sync 1 DAGs
[2025-12-21T20:25:06.688+0000] {logging_mixin.py:190} INFO - [2025-12-21T20:25:06.688+0000] {dag.py:4180} INFO - Setting next_dagrun for example_complex to None, run_after=None
[2025-12-21T20:25:06.709+0000] {processor.py:208} INFO - Processing /home/airflow/.local/lib/python3.12/site-packages/airflow/example_dags/example_complex.py took 0.089 seconds
[2025-12-21T20:25:37.018+0000] {processor.py:186} INFO - Started process (PID=355) to work on /home/airflow/.local/lib/python3.12/site-packages/airflow/example_dags/example_complex.py
[2025-12-21T20:25:37.019+0000] {processor.py:914} INFO - Processing file /home/airflow/.local/lib/python3.12/site-packages/airflow/example_dags/example_complex.py for tasks to queue
[2025-12-21T20:25:37.022+0000] {logging_mixin.py:190} INFO - [2025-12-21T20:25:37.021+0000] {dagbag.py:588} INFO - Filling up the DagBag from /home/airflow/.local/lib/python3.12/site-packages/airflow/example_dags/example_complex.py
[2025-12-21T20:25:37.034+0000] {processor.py:925} INFO - DAG(s) 'example_complex' retrieved from /home/airflow/.local/lib/python3.12/site-packages/airflow/example_dags/example_complex.py
[2025-12-21T20:25:37.067+0000] {logging_mixin.py:190} INFO - [2025-12-21T20:25:37.066+0000] {dag.py:3239} INFO - Sync 1 DAGs
[2025-12-21T20:25:37.082+0000] {logging_mixin.py:190} INFO - [2025-12-21T20:25:37.082+0000] {dag.py:4180} INFO - Setting next_dagrun for example_complex to None, run_after=None
[2025-12-21T20:25:37.112+0000] {processor.py:208} INFO - Processing /home/airflow/.local/lib/python3.12/site-packages/airflow/example_dags/example_complex.py took 0.103 seconds
[2025-12-21T20:26:07.251+0000] {processor.py:186} INFO - Started process (PID=421) to work on /home/airflow/.local/lib/python3.12/site-packages/airflow/example_dags/example_complex.py
[2025-12-21T20:26:07.253+0000] {processor.py:914} INFO - Processing file /home/airflow/.local/lib/python3.12/site-packages/airflow/example_dags/example_complex.py for tasks to queue
[2025-12-21T20:26:07.255+0000] {logging_mixin.py:190} INFO - [2025-12-21T20:26:07.255+0000] {dagbag.py:588} INFO - Filling up the DagBag from /home/airflow/.local/lib/python3.12/site-packages/airflow/example_dags/example_complex.py
[2025-12-21T20:26:07.267+0000] {processor.py:925} INFO - DAG(s) 'example_complex' retrieved from /home/airflow/.local/lib/python3.12/site-packages/airflow/example_dags/example_complex.py
[2025-12-21T20:26:07.299+0000] {logging_mixin.py:190} INFO - [2025-12-21T20:26:07.298+0000] {dag.py:3239} INFO - Sync 1 DAGs
[2025-12-21T20:26:07.313+0000] {logging_mixin.py:190} INFO - [2025-12-21T20:26:07.313+0000] {dag.py:4180} INFO - Setting next_dagrun for example_complex to None, run_after=None
[2025-12-21T20:26:07.359+0000] {processor.py:208} INFO - Processing /home/airflow/.local/lib/python3.12/site-packages/airflow/example_dags/example_complex.py took 0.122 seconds
[2025-12-21T20:26:37.554+0000] {processor.py:186} INFO - Started process (PID=487) to work on /home/airflow/.local/lib/python3.12/site-packages/airflow/example_dags/example_complex.py
[2025-12-21T20:26:37.555+0000] {processor.py:914} INFO - Processing file /home/airflow/.local/lib/python3.12/site-packages/airflow/example_dags/example_complex.py for tasks to queue
[2025-12-21T20:26:37.558+0000] {logging_mixin.py:190} INFO - [2025-12-21T20:26:37.557+0000] {dagbag.py:588} INFO - Filling up the DagBag from /home/airflow/.local/lib/python3.12/site-packages/airflow/example_dags/example_complex.py
[2025-12-21T20:26:37.569+0000] {processor.py:925} INFO - DAG(s) 'example_complex' retrieved from /home/airflow/.local/lib/python3.12/site-packages/airflow/example_dags/example_complex.py
[2025-12-21T20:26:37.599+0000] {logging_mixin.py:190} INFO - [2025-12-21T20:26:37.598+0000] {dag.py:3239} INFO - Sync 1 DAGs
[2025-12-21T20:26:37.615+0000] {logging_mixin.py:190} INFO - [2025-12-21T20:26:37.615+0000] {dag.py:4180} INFO - Setting next_dagrun for example_complex to None, run_after=None
[2025-12-21T20:26:37.660+0000] {processor.py:208} INFO - Processing /home/airflow/.local/lib/python3.12/site-packages/airflow/example_dags/example_complex.py took 0.116 seconds
[2025-12-21T20:27:07.983+0000] {processor.py:186} INFO - Started process (PID=553) to work on /home/airflow/.local/lib/python3.12/site-packages/airflow/example_dags/example_complex.py
[2025-12-21T20:27:07.984+0000] {processor.py:914} INFO - Processing file /home/airflow/.local/lib/python3.12/site-packages/airflow/example_dags/example_complex.py for tasks to queue
[2025-12-21T20:27:07.987+0000] {logging_mixin.py:190} INFO - [2025-12-21T20:27:07.986+0000] {dagbag.py:588} INFO - Filling up the DagBag from /home/airflow/.local/lib/python3.12/site-packages/airflow/example_dags/example_complex.py
[2025-12-21T20:27:07.998+0000] {processor.py:925} INFO - DAG(s) 'example_complex' retrieved from /home/airflow/.local/lib/python3.12/site-packages/airflow/example_dags/example_complex.py
[2025-12-21T20:27:08.029+0000] {logging_mixin.py:190} INFO - [2025-12-21T20:27:08.028+0000] {dag.py:3239} INFO - Sync 1 DAGs
[2025-12-21T20:27:08.044+0000] {logging_mixin.py:190} INFO - [2025-12-21T20:27:08.044+0000] {dag.py:4180} INFO - Setting next_dagrun for example_complex to None, run_after=None
[2025-12-21T20:27:08.100+0000] {processor.py:208} INFO - Processing /home/airflow/.local/lib/python3.12/site-packages/airflow/example_dags/example_complex.py took 0.122 seconds
[2025-12-21T20:27:38.127+0000] {processor.py:186} INFO - Started process (PID=619) to work on /home/airflow/.local/lib/python3.12/site-packages/airflow/example_dags/example_complex.py
[2025-12-21T20:27:38.128+0000] {processor.py:914} INFO - Processing file /home/airflow/.local/lib/python3.12/site-packages/airflow/example_dags/example_complex.py for tasks to queue
[2025-12-21T20:27:38.131+0000] {logging_mixin.py:190} INFO - [2025-12-21T20:27:38.130+0000] {dagbag.py:588} INFO - Filling up the DagBag from /home/airflow/.local/lib/python3.12/site-packages/airflow/example_dags/example_complex.py
[2025-12-21T20:27:38.141+0000] {processor.py:925} INFO - DAG(s) 'example_complex' retrieved from /home/airflow/.local/lib/python3.12/site-packages/airflow/example_dags/example_complex.py
[2025-12-21T20:27:38.174+0000] {logging_mixin.py:190} INFO - [2025-12-21T20:27:38.174+0000] {dag.py:3239} INFO - Sync 1 DAGs
[2025-12-21T20:27:38.189+0000] {logging_mixin.py:190} INFO - [2025-12-21T20:27:38.189+0000] {dag.py:4180} INFO - Setting next_dagrun for example_complex to None, run_after=None
[2025-12-21T20:27:38.232+0000] {processor.py:208} INFO - Processing /home/airflow/.local/lib/python3.12/site-packages/airflow/example_dags/example_complex.py took 0.109 seconds
[2025-12-21T20:28:09.186+0000] {processor.py:186} INFO - Started process (PID=685) to work on /home/airflow/.local/lib/python3.12/site-packages/airflow/example_dags/example_complex.py
[2025-12-21T20:28:09.187+0000] {processor.py:914} INFO - Processing file /home/airflow/.local/lib/python3.12/site-packages/airflow/example_dags/example_complex.py for tasks to queue
[2025-12-21T20:28:09.190+0000] {logging_mixin.py:190} INFO - [2025-12-21T20:28:09.189+0000] {dagbag.py:588} INFO - Filling up the DagBag from /home/airflow/.local/lib/python3.12/site-packages/airflow/example_dags/example_complex.py
[2025-12-21T20:28:09.200+0000] {processor.py:925} INFO - DAG(s) 'example_complex' retrieved from /home/airflow/.local/lib/python3.12/site-packages/airflow/example_dags/example_complex.py
[2025-12-21T20:28:09.233+0000] {logging_mixin.py:190} INFO - [2025-12-21T20:28:09.233+0000] {dag.py:3239} INFO - Sync 1 DAGs
[2025-12-21T20:28:09.249+0000] {logging_mixin.py:190} INFO - [2025-12-21T20:28:09.249+0000] {dag.py:4180} INFO - Setting next_dagrun for example_complex to None, run_after=None
[2025-12-21T20:28:09.281+0000] {processor.py:208} INFO - Processing /home/airflow/.local/lib/python3.12/site-packages/airflow/example_dags/example_complex.py took 0.100 seconds
[2025-12-21T20:28:40.059+0000] {processor.py:186} INFO - Started process (PID=751) to work on /home/airflow/.local/lib/python3.12/site-packages/airflow/example_dags/example_complex.py
[2025-12-21T20:28:40.061+0000] {processor.py:914} INFO - Processing file /home/airflow/.local/lib/python3.12/site-packages/airflow/example_dags/example_complex.py for tasks to queue
[2025-12-21T20:28:40.065+0000] {logging_mixin.py:190} INFO - [2025-12-21T20:28:40.064+0000] {dagbag.py:588} INFO - Filling up the DagBag from /home/airflow/.local/lib/python3.12/site-packages/airflow/example_dags/example_complex.py
[2025-12-21T20:28:40.086+0000] {processor.py:925} INFO - DAG(s) 'example_complex' retrieved from /home/airflow/.local/lib/python3.12/site-packages/airflow/example_dags/example_complex.py
[2025-12-21T20:28:40.112+0000] {logging_mixin.py:190} INFO - [2025-12-21T20:28:40.112+0000] {dag.py:3239} INFO - Sync 1 DAGs
[2025-12-21T20:28:40.128+0000] {logging_mixin.py:190} INFO - [2025-12-21T20:28:40.128+0000] {dag.py:4180} INFO - Setting next_dagrun for example_complex to None, run_after=None
[2025-12-21T20:28:40.156+0000] {processor.py:208} INFO - Processing /home/airflow/.local/lib/python3.12/site-packages/airflow/example_dags/example_complex.py took 0.109 seconds
[2025-12-21T20:29:10.498+0000] {processor.py:186} INFO - Started process (PID=817) to work on /home/airflow/.local/lib/python3.12/site-packages/airflow/example_dags/example_complex.py
[2025-12-21T20:29:10.499+0000] {processor.py:914} INFO - Processing file /home/airflow/.local/lib/python3.12/site-packages/airflow/example_dags/example_complex.py for tasks to queue
[2025-12-21T20:29:10.502+0000] {logging_mixin.py:190} INFO - [2025-12-21T20:29:10.501+0000] {dagbag.py:588} INFO - Filling up the DagBag from /home/airflow/.local/lib/python3.12/site-packages/airflow/example_dags/example_complex.py
[2025-12-21T20:29:10.515+0000] {processor.py:925} INFO - DAG(s) 'example_complex' retrieved from /home/airflow/.local/lib/python3.12/site-packages/airflow/example_dags/example_complex.py
[2025-12-21T20:29:10.561+0000] {logging_mixin.py:190} INFO - [2025-12-21T20:29:10.561+0000] {dag.py:3239} INFO - Sync 1 DAGs
[2025-12-21T20:29:10.586+0000] {logging_mixin.py:190} INFO - [2025-12-21T20:29:10.586+0000] {dag.py:4180} INFO - Setting next_dagrun for example_complex to None, run_after=None
[2025-12-21T20:29:10.622+0000] {processor.py:208} INFO - Processing /home/airflow/.local/lib/python3.12/site-packages/airflow/example_dags/example_complex.py took 0.130 seconds
[2025-12-21T20:29:41.036+0000] {processor.py:186} INFO - Started process (PID=883) to work on /home/airflow/.local/lib/python3.12/site-packages/airflow/example_dags/example_complex.py
[2025-12-21T20:29:41.037+0000] {processor.py:914} INFO - Processing file /home/airflow/.local/lib/python3.12/site-packages/airflow/example_dags/example_complex.py for tasks to queue
[2025-12-21T20:29:41.040+0000] {logging_mixin.py:190} INFO - [2025-12-21T20:29:41.040+0000] {dagbag.py:588} INFO - Filling up the DagBag from /home/airflow/.local/lib/python3.12/site-packages/airflow/example_dags/example_complex.py
[2025-12-21T20:29:41.051+0000] {processor.py:925} INFO - DAG(s) 'example_complex' retrieved from /home/airflow/.local/lib/python3.12/site-packages/airflow/example_dags/example_complex.py
[2025-12-21T20:29:41.079+0000] {logging_mixin.py:190} INFO - [2025-12-21T20:29:41.079+0000] {dag.py:3239} INFO - Sync 1 DAGs
[2025-12-21T20:29:41.093+0000] {logging_mixin.py:190} INFO - [2025-12-21T20:29:41.093+0000] {dag.py:4180} INFO - Setting next_dagrun for example_complex to None, run_after=None
[2025-12-21T20:29:41.117+0000] {processor.py:208} INFO - Processing /home/airflow/.local/lib/python3.12/site-packages/airflow/example_dags/example_complex.py took 0.091 seconds
[2025-12-21T20:30:11.279+0000] {processor.py:186} INFO - Started process (PID=949) to work on /home/airflow/.local/lib/python3.12/site-packages/airflow/example_dags/example_complex.py
[2025-12-21T20:30:11.280+0000] {processor.py:914} INFO - Processing file /home/airflow/.local/lib/python3.12/site-packages/airflow/example_dags/example_complex.py for tasks to queue
[2025-12-21T20:30:11.283+0000] {logging_mixin.py:190} INFO - [2025-12-21T20:30:11.283+0000] {dagbag.py:588} INFO - Filling up the DagBag from /home/airflow/.local/lib/python3.12/site-packages/airflow/example_dags/example_complex.py
[2025-12-21T20:30:11.295+0000] {processor.py:925} INFO - DAG(s) 'example_complex' retrieved from /home/airflow/.local/lib/python3.12/site-packages/airflow/example_dags/example_complex.py
[2025-12-21T20:30:11.322+0000] {logging_mixin.py:190} INFO - [2025-12-21T20:30:11.322+0000] {dag.py:3239} INFO - Sync 1 DAGs
[2025-12-21T20:30:11.337+0000] {logging_mixin.py:190} INFO - [2025-12-21T20:30:11.337+0000] {dag.py:4180} INFO - Setting next_dagrun for example_complex to None, run_after=None
[2025-12-21T20:30:11.361+0000] {processor.py:208} INFO - Processing /home/airflow/.local/lib/python3.12/site-packages/airflow/example_dags/example_complex.py took 0.092 seconds
[2025-12-21T20:30:41.575+0000] {processor.py:186} INFO - Started process (PID=1015) to work on /home/airflow/.local/lib/python3.12/site-packages/airflow/example_dags/example_complex.py
[2025-12-21T20:30:41.576+0000] {processor.py:914} INFO - Processing file /home/airflow/.local/lib/python3.12/site-packages/airflow/example_dags/example_complex.py for tasks to queue
[2025-12-21T20:30:41.581+0000] {logging_mixin.py:190} INFO - [2025-12-21T20:30:41.580+0000] {dagbag.py:588} INFO - Filling up the DagBag from /home/airflow/.local/lib/python3.12/site-packages/airflow/example_dags/example_complex.py
[2025-12-21T20:30:41.603+0000] {processor.py:925} INFO - DAG(s) 'example_complex' retrieved from /home/airflow/.local/lib/python3.12/site-packages/airflow/example_dags/example_complex.py
[2025-12-21T20:30:41.635+0000] {logging_mixin.py:190} INFO - [2025-12-21T20:30:41.635+0000] {dag.py:3239} INFO - Sync 1 DAGs
[2025-12-21T20:30:41.650+0000] {logging_mixin.py:190} INFO - [2025-12-21T20:30:41.649+0000] {dag.py:4180} INFO - Setting next_dagrun for example_complex to None, run_after=None
[2025-12-21T20:30:41.674+0000] {processor.py:208} INFO - Processing /home/airflow/.local/lib/python3.12/site-packages/airflow/example_dags/example_complex.py took 0.106 seconds
[2025-12-21T20:31:11.912+0000] {processor.py:186} INFO - Started process (PID=1081) to work on /home/airflow/.local/lib/python3.12/site-packages/airflow/example_dags/example_complex.py
[2025-12-21T20:31:11.914+0000] {processor.py:914} INFO - Processing file /home/airflow/.local/lib/python3.12/site-packages/airflow/example_dags/example_complex.py for tasks to queue
[2025-12-21T20:31:11.917+0000] {logging_mixin.py:190} INFO - [2025-12-21T20:31:11.917+0000] {dagbag.py:588} INFO - Filling up the DagBag from /home/airflow/.local/lib/python3.12/site-packages/airflow/example_dags/example_complex.py
[2025-12-21T20:31:11.928+0000] {processor.py:925} INFO - DAG(s) 'example_complex' retrieved from /home/airflow/.local/lib/python3.12/site-packages/airflow/example_dags/example_complex.py
[2025-12-21T20:31:11.958+0000] {logging_mixin.py:190} INFO - [2025-12-21T20:31:11.958+0000] {dag.py:3239} INFO - Sync 1 DAGs
[2025-12-21T20:31:11.972+0000] {logging_mixin.py:190} INFO - [2025-12-21T20:31:11.972+0000] {dag.py:4180} INFO - Setting next_dagrun for example_complex to None, run_after=None
[2025-12-21T20:31:11.997+0000] {processor.py:208} INFO - Processing /home/airflow/.local/lib/python3.12/site-packages/airflow/example_dags/example_complex.py took 0.096 seconds
[2025-12-21T20:31:42.208+0000] {processor.py:186} INFO - Started process (PID=1147) to work on /home/airflow/.local/lib/python3.12/site-packages/airflow/example_dags/example_complex.py
[2025-12-21T20:31:42.209+0000] {processor.py:914} INFO - Processing file /home/airflow/.local/lib/python3.12/site-packages/airflow/example_dags/example_complex.py for tasks to queue
[2025-12-21T20:31:42.211+0000] {logging_mixin.py:190} INFO - [2025-12-21T20:31:42.211+0000] {dagbag.py:588} INFO - Filling up the DagBag from /home/airflow/.local/lib/python3.12/site-packages/airflow/example_dags/example_complex.py
[2025-12-21T20:31:42.223+0000] {processor.py:925} INFO - DAG(s) 'example_complex' retrieved from /home/airflow/.local/lib/python3.12/site-packages/airflow/example_dags/example_complex.py
[2025-12-21T20:31:42.251+0000] {logging_mixin.py:190} INFO - [2025-12-21T20:31:42.251+0000] {dag.py:3239} INFO - Sync 1 DAGs
[2025-12-21T20:31:42.264+0000] {logging_mixin.py:190} INFO - [2025-12-21T20:31:42.264+0000] {dag.py:4180} INFO - Setting next_dagrun for example_complex to None, run_after=None
[2025-12-21T20:31:42.292+0000] {processor.py:208} INFO - Processing /home/airflow/.local/lib/python3.12/site-packages/airflow/example_dags/example_complex.py took 0.090 seconds
[2025-12-21T20:32:13.207+0000] {processor.py:186} INFO - Started process (PID=1213) to work on /home/airflow/.local/lib/python3.12/site-packages/airflow/example_dags/example_complex.py
[2025-12-21T20:32:13.208+0000] {processor.py:914} INFO - Processing file /home/airflow/.local/lib/python3.12/site-packages/airflow/example_dags/example_complex.py for tasks to queue
[2025-12-21T20:32:13.211+0000] {logging_mixin.py:190} INFO - [2025-12-21T20:32:13.210+0000] {dagbag.py:588} INFO - Filling up the DagBag from /home/airflow/.local/lib/python3.12/site-packages/airflow/example_dags/example_complex.py
[2025-12-21T20:32:13.222+0000] {processor.py:925} INFO - DAG(s) 'example_complex' retrieved from /home/airflow/.local/lib/python3.12/site-packages/airflow/example_dags/example_complex.py
[2025-12-21T20:32:13.268+0000] {logging_mixin.py:190} INFO - [2025-12-21T20:32:13.268+0000] {dag.py:3239} INFO - Sync 1 DAGs
[2025-12-21T20:32:13.285+0000] {logging_mixin.py:190} INFO - [2025-12-21T20:32:13.285+0000] {dag.py:4180} INFO - Setting next_dagrun for example_complex to None, run_after=None
[2025-12-21T20:32:13.311+0000] {processor.py:208} INFO - Processing /home/airflow/.local/lib/python3.12/site-packages/airflow/example_dags/example_complex.py took 0.109 seconds
[2025-12-21T20:32:43.787+0000] {processor.py:186} INFO - Started process (PID=1279) to work on /home/airflow/.local/lib/python3.12/site-packages/airflow/example_dags/example_complex.py
[2025-12-21T20:32:43.789+0000] {processor.py:914} INFO - Processing file /home/airflow/.local/lib/python3.12/site-packages/airflow/example_dags/example_complex.py for tasks to queue
[2025-12-21T20:32:43.791+0000] {logging_mixin.py:190} INFO - [2025-12-21T20:32:43.791+0000] {dagbag.py:588} INFO - Filling up the DagBag from /home/airflow/.local/lib/python3.12/site-packages/airflow/example_dags/example_complex.py
[2025-12-21T20:32:43.804+0000] {processor.py:925} INFO - DAG(s) 'example_complex' retrieved from /home/airflow/.local/lib/python3.12/site-packages/airflow/example_dags/example_complex.py
[2025-12-21T20:32:43.833+0000] {logging_mixin.py:190} INFO - [2025-12-21T20:32:43.832+0000] {dag.py:3239} INFO - Sync 1 DAGs
[2025-12-21T20:32:43.848+0000] {logging_mixin.py:190} INFO - [2025-12-21T20:32:43.848+0000] {dag.py:4180} INFO - Setting next_dagrun for example_complex to None, run_after=None
[2025-12-21T20:32:43.872+0000] {processor.py:208} INFO - Processing /home/airflow/.local/lib/python3.12/site-packages/airflow/example_dags/example_complex.py took 0.095 seconds
[2025-12-21T20:33:14.019+0000] {processor.py:186} INFO - Started process (PID=1345) to work on /home/airflow/.local/lib/python3.12/site-packages/airflow/example_dags/example_complex.py
[2025-12-21T20:33:14.020+0000] {processor.py:914} INFO - Processing file /home/airflow/.local/lib/python3.12/site-packages/airflow/example_dags/example_complex.py for tasks to queue
[2025-12-21T20:33:14.024+0000] {logging_mixin.py:190} INFO - [2025-12-21T20:33:14.023+0000] {dagbag.py:588} INFO - Filling up the DagBag from /home/airflow/.local/lib/python3.12/site-packages/airflow/example_dags/example_complex.py
[2025-12-21T20:33:14.034+0000] {processor.py:925} INFO - DAG(s) 'example_complex' retrieved from /home/airflow/.local/lib/python3.12/site-packages/airflow/example_dags/example_complex.py
[2025-12-21T20:33:14.065+0000] {logging_mixin.py:190} INFO - [2025-12-21T20:33:14.064+0000] {dag.py:3239} INFO - Sync 1 DAGs
[2025-12-21T20:33:14.079+0000] {logging_mixin.py:190} INFO - [2025-12-21T20:33:14.078+0000] {dag.py:4180} INFO - Setting next_dagrun for example_complex to None, run_after=None
[2025-12-21T20:33:14.102+0000] {processor.py:208} INFO - Processing /home/airflow/.local/lib/python3.12/site-packages/airflow/example_dags/example_complex.py took 0.088 seconds
[2025-12-21T20:33:44.598+0000] {processor.py:186} INFO - Started process (PID=1411) to work on /home/airflow/.local/lib/python3.12/site-packages/airflow/example_dags/example_complex.py
[2025-12-21T20:33:44.599+0000] {processor.py:914} INFO - Processing file /home/airflow/.local/lib/python3.12/site-packages/airflow/example_dags/example_complex.py for tasks to queue
[2025-12-21T20:33:44.601+0000] {logging_mixin.py:190} INFO - [2025-12-21T20:33:44.601+0000] {dagbag.py:588} INFO - Filling up the DagBag from /home/airflow/.local/lib/python3.12/site-packages/airflow/example_dags/example_complex.py
[2025-12-21T20:33:44.613+0000] {processor.py:925} INFO - DAG(s) 'example_complex' retrieved from /home/airflow/.local/lib/python3.12/site-packages/airflow/example_dags/example_complex.py
[2025-12-21T20:33:44.643+0000] {logging_mixin.py:190} INFO - [2025-12-21T20:33:44.643+0000] {dag.py:3239} INFO - Sync 1 DAGs
[2025-12-21T20:33:44.658+0000] {logging_mixin.py:190} INFO - [2025-12-21T20:33:44.658+0000] {dag.py:4180} INFO - Setting next_dagrun for example_complex to None, run_after=None
[2025-12-21T20:33:44.681+0000] {processor.py:208} INFO - Processing /home/airflow/.local/lib/python3.12/site-packages/airflow/example_dags/example_complex.py took 0.092 seconds
[2025-12-21T20:34:14.793+0000] {processor.py:186} INFO - Started process (PID=1477) to work on /home/airflow/.local/lib/python3.12/site-packages/airflow/example_dags/example_complex.py
[2025-12-21T20:34:14.794+0000] {processor.py:914} INFO - Processing file /home/airflow/.local/lib/python3.12/site-packages/airflow/example_dags/example_complex.py for tasks to queue
[2025-12-21T20:34:14.796+0000] {logging_mixin.py:190} INFO - [2025-12-21T20:34:14.796+0000] {dagbag.py:588} INFO - Filling up the DagBag from /home/airflow/.local/lib/python3.12/site-packages/airflow/example_dags/example_complex.py
[2025-12-21T20:34:14.807+0000] {processor.py:925} INFO - DAG(s) 'example_complex' retrieved from /home/airflow/.local/lib/python3.12/site-packages/airflow/example_dags/example_complex.py
[2025-12-21T20:34:14.841+0000] {logging_mixin.py:190} INFO - [2025-12-21T20:34:14.841+0000] {dag.py:3239} INFO - Sync 1 DAGs
[2025-12-21T20:34:14.857+0000] {logging_mixin.py:190} INFO - [2025-12-21T20:34:14.857+0000] {dag.py:4180} INFO - Setting next_dagrun for example_complex to None, run_after=None
[2025-12-21T20:34:14.882+0000] {processor.py:208} INFO - Processing /home/airflow/.local/lib/python3.12/site-packages/airflow/example_dags/example_complex.py took 0.094 seconds
[2025-12-21T20:34:45.343+0000] {processor.py:186} INFO - Started process (PID=1543) to work on /home/airflow/.local/lib/python3.12/site-packages/airflow/example_dags/example_complex.py
[2025-12-21T20:34:45.345+0000] {processor.py:914} INFO - Processing file /home/airflow/.local/lib/python3.12/site-packages/airflow/example_dags/example_complex.py for tasks to queue
[2025-12-21T20:34:45.348+0000] {logging_mixin.py:190} INFO - [2025-12-21T20:34:45.348+0000] {dagbag.py:588} INFO - Filling up the DagBag from /home/airflow/.local/lib/python3.12/site-packages/airflow/example_dags/example_complex.py
[2025-12-21T20:34:45.365+0000] {processor.py:925} INFO - DAG(s) 'example_complex' retrieved from /home/airflow/.local/lib/python3.12/site-packages/airflow/example_dags/example_complex.py
[2025-12-21T20:34:45.410+0000] {logging_mixin.py:190} INFO - [2025-12-21T20:34:45.410+0000] {dag.py:3239} INFO - Sync 1 DAGs
[2025-12-21T20:34:45.429+0000] {logging_mixin.py:190} INFO - [2025-12-21T20:34:45.428+0000] {dag.py:4180} INFO - Setting next_dagrun for example_complex to None, run_after=None
[2025-12-21T20:34:45.458+0000] {processor.py:208} INFO - Processing /home/airflow/.local/lib/python3.12/site-packages/airflow/example_dags/example_complex.py took 0.122 seconds
[2025-12-21T20:35:15.949+0000] {processor.py:186} INFO - Started process (PID=1609) to work on /home/airflow/.local/lib/python3.12/site-packages/airflow/example_dags/example_complex.py
[2025-12-21T20:35:15.950+0000] {processor.py:914} INFO - Processing file /home/airflow/.local/lib/python3.12/site-packages/airflow/example_dags/example_complex.py for tasks to queue
[2025-12-21T20:35:15.953+0000] {logging_mixin.py:190} INFO - [2025-12-21T20:35:15.953+0000] {dagbag.py:588} INFO - Filling up the DagBag from /home/airflow/.local/lib/python3.12/site-packages/airflow/example_dags/example_complex.py
[2025-12-21T20:35:15.964+0000] {processor.py:925} INFO - DAG(s) 'example_complex' retrieved from /home/airflow/.local/lib/python3.12/site-packages/airflow/example_dags/example_complex.py
[2025-12-21T20:35:15.996+0000] {logging_mixin.py:190} INFO - [2025-12-21T20:35:15.996+0000] {dag.py:3239} INFO - Sync 1 DAGs
[2025-12-21T20:35:16.012+0000] {logging_mixin.py:190} INFO - [2025-12-21T20:35:16.011+0000] {dag.py:4180} INFO - Setting next_dagrun for example_complex to None, run_after=None
[2025-12-21T20:35:16.038+0000] {processor.py:208} INFO - Processing /home/airflow/.local/lib/python3.12/site-packages/airflow/example_dags/example_complex.py took 0.100 seconds
[2025-12-21T20:35:46.082+0000] {processor.py:186} INFO - Started process (PID=1674) to work on /home/airflow/.local/lib/python3.12/site-packages/airflow/example_dags/example_complex.py
[2025-12-21T20:35:46.083+0000] {processor.py:914} INFO - Processing file /home/airflow/.local/lib/python3.12/site-packages/airflow/example_dags/example_complex.py for tasks to queue
[2025-12-21T20:35:46.088+0000] {logging_mixin.py:190} INFO - [2025-12-21T20:35:46.088+0000] {dagbag.py:588} INFO - Filling up the DagBag from /home/airflow/.local/lib/python3.12/site-packages/airflow/example_dags/example_complex.py
[2025-12-21T20:35:46.100+0000] {processor.py:925} INFO - DAG(s) 'example_complex' retrieved from /home/airflow/.local/lib/python3.12/site-packages/airflow/example_dags/example_complex.py
[2025-12-21T20:35:46.135+0000] {logging_mixin.py:190} INFO - [2025-12-21T20:35:46.135+0000] {dag.py:3239} INFO - Sync 1 DAGs
[2025-12-21T20:35:46.155+0000] {logging_mixin.py:190} INFO - [2025-12-21T20:35:46.154+0000] {dag.py:4180} INFO - Setting next_dagrun for example_complex to None, run_after=None
[2025-12-21T20:35:46.181+0000] {processor.py:208} INFO - Processing /home/airflow/.local/lib/python3.12/site-packages/airflow/example_dags/example_complex.py took 0.103 seconds
[2025-12-21T20:36:16.521+0000] {processor.py:186} INFO - Started process (PID=1740) to work on /home/airflow/.local/lib/python3.12/site-packages/airflow/example_dags/example_complex.py
[2025-12-21T20:36:16.522+0000] {processor.py:914} INFO - Processing file /home/airflow/.local/lib/python3.12/site-packages/airflow/example_dags/example_complex.py for tasks to queue
[2025-12-21T20:36:16.525+0000] {logging_mixin.py:190} INFO - [2025-12-21T20:36:16.525+0000] {dagbag.py:588} INFO - Filling up the DagBag from /home/airflow/.local/lib/python3.12/site-packages/airflow/example_dags/example_complex.py
[2025-12-21T20:36:16.538+0000] {processor.py:925} INFO - DAG(s) 'example_complex' retrieved from /home/airflow/.local/lib/python3.12/site-packages/airflow/example_dags/example_complex.py
[2025-12-21T20:36:16.587+0000] {logging_mixin.py:190} INFO - [2025-12-21T20:36:16.587+0000] {dag.py:3239} INFO - Sync 1 DAGs
[2025-12-21T20:36:16.603+0000] {logging_mixin.py:190} INFO - [2025-12-21T20:36:16.602+0000] {dag.py:4180} INFO - Setting next_dagrun for example_complex to None, run_after=None
[2025-12-21T20:36:16.623+0000] {processor.py:208} INFO - Processing /home/airflow/.local/lib/python3.12/site-packages/airflow/example_dags/example_complex.py took 0.112 seconds
[2025-12-21T20:36:47.458+0000] {processor.py:186} INFO - Started process (PID=1806) to work on /home/airflow/.local/lib/python3.12/site-packages/airflow/example_dags/example_complex.py
[2025-12-21T20:36:47.460+0000] {processor.py:914} INFO - Processing file /home/airflow/.local/lib/python3.12/site-packages/airflow/example_dags/example_complex.py for tasks to queue
[2025-12-21T20:36:47.463+0000] {logging_mixin.py:190} INFO - [2025-12-21T20:36:47.462+0000] {dagbag.py:588} INFO - Filling up the DagBag from /home/airflow/.local/lib/python3.12/site-packages/airflow/example_dags/example_complex.py
[2025-12-21T20:36:47.475+0000] {processor.py:925} INFO - DAG(s) 'example_complex' retrieved from /home/airflow/.local/lib/python3.12/site-packages/airflow/example_dags/example_complex.py
[2025-12-21T20:36:47.526+0000] {logging_mixin.py:190} INFO - [2025-12-21T20:36:47.526+0000] {dag.py:3239} INFO - Sync 1 DAGs
[2025-12-21T20:36:47.543+0000] {logging_mixin.py:190} INFO - [2025-12-21T20:36:47.543+0000] {dag.py:4180} INFO - Setting next_dagrun for example_complex to None, run_after=None
[2025-12-21T20:36:47.572+0000] {processor.py:208} INFO - Processing /home/airflow/.local/lib/python3.12/site-packages/airflow/example_dags/example_complex.py took 0.123 seconds
[2025-12-21T20:37:18.108+0000] {processor.py:186} INFO - Started process (PID=1872) to work on /home/airflow/.local/lib/python3.12/site-packages/airflow/example_dags/example_complex.py
[2025-12-21T20:37:18.109+0000] {processor.py:914} INFO - Processing file /home/airflow/.local/lib/python3.12/site-packages/airflow/example_dags/example_complex.py for tasks to queue
[2025-12-21T20:37:18.112+0000] {logging_mixin.py:190} INFO - [2025-12-21T20:37:18.111+0000] {dagbag.py:588} INFO - Filling up the DagBag from /home/airflow/.local/lib/python3.12/site-packages/airflow/example_dags/example_complex.py
[2025-12-21T20:37:18.123+0000] {processor.py:925} INFO - DAG(s) 'example_complex' retrieved from /home/airflow/.local/lib/python3.12/site-packages/airflow/example_dags/example_complex.py
[2025-12-21T20:37:18.155+0000] {logging_mixin.py:190} INFO - [2025-12-21T20:37:18.155+0000] {dag.py:3239} INFO - Sync 1 DAGs
[2025-12-21T20:37:18.171+0000] {logging_mixin.py:190} INFO - [2025-12-21T20:37:18.171+0000] {dag.py:4180} INFO - Setting next_dagrun for example_complex to None, run_after=None
[2025-12-21T20:37:18.198+0000] {processor.py:208} INFO - Processing /home/airflow/.local/lib/python3.12/site-packages/airflow/example_dags/example_complex.py took 0.094 seconds
[2025-12-21T20:37:48.272+0000] {processor.py:186} INFO - Started process (PID=1938) to work on /home/airflow/.local/lib/python3.12/site-packages/airflow/example_dags/example_complex.py
[2025-12-21T20:37:48.273+0000] {processor.py:914} INFO - Processing file /home/airflow/.local/lib/python3.12/site-packages/airflow/example_dags/example_complex.py for tasks to queue
[2025-12-21T20:37:48.276+0000] {logging_mixin.py:190} INFO - [2025-12-21T20:37:48.275+0000] {dagbag.py:588} INFO - Filling up the DagBag from /home/airflow/.local/lib/python3.12/site-packages/airflow/example_dags/example_complex.py
[2025-12-21T20:37:48.287+0000] {processor.py:925} INFO - DAG(s) 'example_complex' retrieved from /home/airflow/.local/lib/python3.12/site-packages/airflow/example_dags/example_complex.py
[2025-12-21T20:37:48.318+0000] {logging_mixin.py:190} INFO - [2025-12-21T20:37:48.318+0000] {dag.py:3239} INFO - Sync 1 DAGs
[2025-12-21T20:37:48.333+0000] {logging_mixin.py:190} INFO - [2025-12-21T20:37:48.333+0000] {dag.py:4180} INFO - Setting next_dagrun for example_complex to None, run_after=None
[2025-12-21T20:37:48.357+0000] {processor.py:208} INFO - Processing /home/airflow/.local/lib/python3.12/site-packages/airflow/example_dags/example_complex.py took 0.095 seconds
[2025-12-21T20:38:18.599+0000] {processor.py:186} INFO - Started process (PID=2004) to work on /home/airflow/.local/lib/python3.12/site-packages/airflow/example_dags/example_complex.py
[2025-12-21T20:38:18.600+0000] {processor.py:914} INFO - Processing file /home/airflow/.local/lib/python3.12/site-packages/airflow/example_dags/example_complex.py for tasks to queue
[2025-12-21T20:38:18.602+0000] {logging_mixin.py:190} INFO - [2025-12-21T20:38:18.602+0000] {dagbag.py:588} INFO - Filling up the DagBag from /home/airflow/.local/lib/python3.12/site-packages/airflow/example_dags/example_complex.py
[2025-12-21T20:38:18.613+0000] {processor.py:925} INFO - DAG(s) 'example_complex' retrieved from /home/airflow/.local/lib/python3.12/site-packages/airflow/example_dags/example_complex.py
[2025-12-21T20:38:18.643+0000] {logging_mixin.py:190} INFO - [2025-12-21T20:38:18.643+0000] {dag.py:3239} INFO - Sync 1 DAGs
[2025-12-21T20:38:18.659+0000] {logging_mixin.py:190} INFO - [2025-12-21T20:38:18.658+0000] {dag.py:4180} INFO - Setting next_dagrun for example_complex to None, run_after=None
[2025-12-21T20:38:18.685+0000] {processor.py:208} INFO - Processing /home/airflow/.local/lib/python3.12/site-packages/airflow/example_dags/example_complex.py took 0.091 seconds
[2025-12-21T20:38:49.085+0000] {processor.py:186} INFO - Started process (PID=2070) to work on /home/airflow/.local/lib/python3.12/site-packages/airflow/example_dags/example_complex.py
[2025-12-21T20:38:49.086+0000] {processor.py:914} INFO - Processing file /home/airflow/.local/lib/python3.12/site-packages/airflow/example_dags/example_complex.py for tasks to queue
[2025-12-21T20:38:49.089+0000] {logging_mixin.py:190} INFO - [2025-12-21T20:38:49.089+0000] {dagbag.py:588} INFO - Filling up the DagBag from /home/airflow/.local/lib/python3.12/site-packages/airflow/example_dags/example_complex.py
[2025-12-21T20:38:49.102+0000] {processor.py:925} INFO - DAG(s) 'example_complex' retrieved from /home/airflow/.local/lib/python3.12/site-packages/airflow/example_dags/example_complex.py
[2025-12-21T20:38:49.139+0000] {logging_mixin.py:190} INFO - [2025-12-21T20:38:49.138+0000] {dag.py:3239} INFO - Sync 1 DAGs
[2025-12-21T20:38:49.162+0000] {logging_mixin.py:190} INFO - [2025-12-21T20:38:49.162+0000] {dag.py:4180} INFO - Setting next_dagrun for example_complex to None, run_after=None
[2025-12-21T20:38:49.188+0000] {processor.py:208} INFO - Processing /home/airflow/.local/lib/python3.12/site-packages/airflow/example_dags/example_complex.py took 0.109 seconds
[2025-12-21T20:39:19.396+0000] {processor.py:186} INFO - Started process (PID=2136) to work on /home/airflow/.local/lib/python3.12/site-packages/airflow/example_dags/example_complex.py
[2025-12-21T20:39:19.398+0000] {processor.py:914} INFO - Processing file /home/airflow/.local/lib/python3.12/site-packages/airflow/example_dags/example_complex.py for tasks to queue
[2025-12-21T20:39:19.402+0000] {logging_mixin.py:190} INFO - [2025-12-21T20:39:19.402+0000] {dagbag.py:588} INFO - Filling up the DagBag from /home/airflow/.local/lib/python3.12/site-packages/airflow/example_dags/example_complex.py
[2025-12-21T20:39:19.417+0000] {processor.py:925} INFO - DAG(s) 'example_complex' retrieved from /home/airflow/.local/lib/python3.12/site-packages/airflow/example_dags/example_complex.py
[2025-12-21T20:39:19.455+0000] {logging_mixin.py:190} INFO - [2025-12-21T20:39:19.455+0000] {dag.py:3239} INFO - Sync 1 DAGs
[2025-12-21T20:39:19.475+0000] {logging_mixin.py:190} INFO - [2025-12-21T20:39:19.475+0000] {dag.py:4180} INFO - Setting next_dagrun for example_complex to None, run_after=None
[2025-12-21T20:39:19.497+0000] {processor.py:208} INFO - Processing /home/airflow/.local/lib/python3.12/site-packages/airflow/example_dags/example_complex.py took 0.111 seconds
[2025-12-21T20:39:49.632+0000] {processor.py:186} INFO - Started process (PID=2202) to work on /home/airflow/.local/lib/python3.12/site-packages/airflow/example_dags/example_complex.py
[2025-12-21T20:39:49.634+0000] {processor.py:914} INFO - Processing file /home/airflow/.local/lib/python3.12/site-packages/airflow/example_dags/example_complex.py for tasks to queue
[2025-12-21T20:39:49.638+0000] {logging_mixin.py:190} INFO - [2025-12-21T20:39:49.637+0000] {dagbag.py:588} INFO - Filling up the DagBag from /home/airflow/.local/lib/python3.12/site-packages/airflow/example_dags/example_complex.py
[2025-12-21T20:39:49.657+0000] {processor.py:925} INFO - DAG(s) 'example_complex' retrieved from /home/airflow/.local/lib/python3.12/site-packages/airflow/example_dags/example_complex.py
[2025-12-21T20:39:49.702+0000] {logging_mixin.py:190} INFO - [2025-12-21T20:39:49.701+0000] {dag.py:3239} INFO - Sync 1 DAGs
[2025-12-21T20:39:49.718+0000] {logging_mixin.py:190} INFO - [2025-12-21T20:39:49.718+0000] {dag.py:4180} INFO - Setting next_dagrun for example_complex to None, run_after=None
[2025-12-21T20:39:49.744+0000] {processor.py:208} INFO - Processing /home/airflow/.local/lib/python3.12/site-packages/airflow/example_dags/example_complex.py took 0.121 seconds
[2025-12-21T20:43:14.528+0000] {processor.py:186} INFO - Started process (PID=2272) to work on /home/airflow/.local/lib/python3.12/site-packages/airflow/example_dags/example_complex.py
[2025-12-21T20:43:14.529+0000] {processor.py:914} INFO - Processing file /home/airflow/.local/lib/python3.12/site-packages/airflow/example_dags/example_complex.py for tasks to queue
[2025-12-21T20:43:14.531+0000] {logging_mixin.py:190} INFO - [2025-12-21T20:43:14.530+0000] {dagbag.py:588} INFO - Filling up the DagBag from /home/airflow/.local/lib/python3.12/site-packages/airflow/example_dags/example_complex.py
[2025-12-21T20:43:14.548+0000] {processor.py:925} INFO - DAG(s) 'example_complex' retrieved from /home/airflow/.local/lib/python3.12/site-packages/airflow/example_dags/example_complex.py
[2025-12-21T20:43:14.935+0000] {logging_mixin.py:190} INFO - [2025-12-21T20:43:14.934+0000] {dag.py:3239} INFO - Sync 1 DAGs
[2025-12-21T20:43:14.964+0000] {logging_mixin.py:190} INFO - [2025-12-21T20:43:14.963+0000] {dag.py:4180} INFO - Setting next_dagrun for example_complex to None, run_after=None
[2025-12-21T20:43:15.019+0000] {processor.py:208} INFO - Processing /home/airflow/.local/lib/python3.12/site-packages/airflow/example_dags/example_complex.py took 0.499 seconds
[2025-12-21T20:43:45.887+0000] {processor.py:186} INFO - Started process (PID=2338) to work on /home/airflow/.local/lib/python3.12/site-packages/airflow/example_dags/example_complex.py
[2025-12-21T20:43:45.888+0000] {processor.py:914} INFO - Processing file /home/airflow/.local/lib/python3.12/site-packages/airflow/example_dags/example_complex.py for tasks to queue
[2025-12-21T20:43:45.890+0000] {logging_mixin.py:190} INFO - [2025-12-21T20:43:45.889+0000] {dagbag.py:588} INFO - Filling up the DagBag from /home/airflow/.local/lib/python3.12/site-packages/airflow/example_dags/example_complex.py
[2025-12-21T20:43:45.902+0000] {processor.py:925} INFO - DAG(s) 'example_complex' retrieved from /home/airflow/.local/lib/python3.12/site-packages/airflow/example_dags/example_complex.py
[2025-12-21T20:43:45.934+0000] {logging_mixin.py:190} INFO - [2025-12-21T20:43:45.934+0000] {dag.py:3239} INFO - Sync 1 DAGs
[2025-12-21T20:43:45.952+0000] {logging_mixin.py:190} INFO - [2025-12-21T20:43:45.952+0000] {dag.py:4180} INFO - Setting next_dagrun for example_complex to None, run_after=None
[2025-12-21T20:43:45.978+0000] {processor.py:208} INFO - Processing /home/airflow/.local/lib/python3.12/site-packages/airflow/example_dags/example_complex.py took 0.099 seconds
[2025-12-21T20:44:16.200+0000] {processor.py:186} INFO - Started process (PID=2404) to work on /home/airflow/.local/lib/python3.12/site-packages/airflow/example_dags/example_complex.py
[2025-12-21T20:44:16.202+0000] {processor.py:914} INFO - Processing file /home/airflow/.local/lib/python3.12/site-packages/airflow/example_dags/example_complex.py for tasks to queue
[2025-12-21T20:44:16.203+0000] {logging_mixin.py:190} INFO - [2025-12-21T20:44:16.203+0000] {dagbag.py:588} INFO - Filling up the DagBag from /home/airflow/.local/lib/python3.12/site-packages/airflow/example_dags/example_complex.py
[2025-12-21T20:44:16.215+0000] {processor.py:925} INFO - DAG(s) 'example_complex' retrieved from /home/airflow/.local/lib/python3.12/site-packages/airflow/example_dags/example_complex.py
[2025-12-21T20:44:16.246+0000] {logging_mixin.py:190} INFO - [2025-12-21T20:44:16.246+0000] {dag.py:3239} INFO - Sync 1 DAGs
[2025-12-21T20:44:16.260+0000] {logging_mixin.py:190} INFO - [2025-12-21T20:44:16.260+0000] {dag.py:4180} INFO - Setting next_dagrun for example_complex to None, run_after=None
[2025-12-21T20:44:16.283+0000] {processor.py:208} INFO - Processing /home/airflow/.local/lib/python3.12/site-packages/airflow/example_dags/example_complex.py took 0.088 seconds
[2025-12-21T20:44:46.729+0000] {processor.py:186} INFO - Started process (PID=2469) to work on /home/airflow/.local/lib/python3.12/site-packages/airflow/example_dags/example_complex.py
[2025-12-21T20:44:46.730+0000] {processor.py:914} INFO - Processing file /home/airflow/.local/lib/python3.12/site-packages/airflow/example_dags/example_complex.py for tasks to queue
[2025-12-21T20:44:46.731+0000] {logging_mixin.py:190} INFO - [2025-12-21T20:44:46.731+0000] {dagbag.py:588} INFO - Filling up the DagBag from /home/airflow/.local/lib/python3.12/site-packages/airflow/example_dags/example_complex.py
[2025-12-21T20:44:46.744+0000] {processor.py:925} INFO - DAG(s) 'example_complex' retrieved from /home/airflow/.local/lib/python3.12/site-packages/airflow/example_dags/example_complex.py
[2025-12-21T20:44:46.777+0000] {logging_mixin.py:190} INFO - [2025-12-21T20:44:46.776+0000] {dag.py:3239} INFO - Sync 1 DAGs
[2025-12-21T20:44:46.791+0000] {logging_mixin.py:190} INFO - [2025-12-21T20:44:46.791+0000] {dag.py:4180} INFO - Setting next_dagrun for example_complex to None, run_after=None
[2025-12-21T20:44:46.819+0000] {processor.py:208} INFO - Processing /home/airflow/.local/lib/python3.12/site-packages/airflow/example_dags/example_complex.py took 0.097 seconds
[2025-12-21T20:45:17.038+0000] {processor.py:186} INFO - Started process (PID=2535) to work on /home/airflow/.local/lib/python3.12/site-packages/airflow/example_dags/example_complex.py
[2025-12-21T20:45:17.040+0000] {processor.py:914} INFO - Processing file /home/airflow/.local/lib/python3.12/site-packages/airflow/example_dags/example_complex.py for tasks to queue
[2025-12-21T20:45:17.042+0000] {logging_mixin.py:190} INFO - [2025-12-21T20:45:17.041+0000] {dagbag.py:588} INFO - Filling up the DagBag from /home/airflow/.local/lib/python3.12/site-packages/airflow/example_dags/example_complex.py
[2025-12-21T20:45:17.064+0000] {processor.py:925} INFO - DAG(s) 'example_complex' retrieved from /home/airflow/.local/lib/python3.12/site-packages/airflow/example_dags/example_complex.py
[2025-12-21T20:45:17.128+0000] {logging_mixin.py:190} INFO - [2025-12-21T20:45:17.128+0000] {dag.py:3239} INFO - Sync 1 DAGs
[2025-12-21T20:45:17.150+0000] {logging_mixin.py:190} INFO - [2025-12-21T20:45:17.149+0000] {dag.py:4180} INFO - Setting next_dagrun for example_complex to None, run_after=None
[2025-12-21T20:45:17.177+0000] {processor.py:208} INFO - Processing /home/airflow/.local/lib/python3.12/site-packages/airflow/example_dags/example_complex.py took 0.151 seconds
[2025-12-21T20:45:47.832+0000] {processor.py:186} INFO - Started process (PID=2601) to work on /home/airflow/.local/lib/python3.12/site-packages/airflow/example_dags/example_complex.py
[2025-12-21T20:45:47.833+0000] {processor.py:914} INFO - Processing file /home/airflow/.local/lib/python3.12/site-packages/airflow/example_dags/example_complex.py for tasks to queue
[2025-12-21T20:45:47.834+0000] {logging_mixin.py:190} INFO - [2025-12-21T20:45:47.833+0000] {dagbag.py:588} INFO - Filling up the DagBag from /home/airflow/.local/lib/python3.12/site-packages/airflow/example_dags/example_complex.py
[2025-12-21T20:45:47.845+0000] {processor.py:925} INFO - DAG(s) 'example_complex' retrieved from /home/airflow/.local/lib/python3.12/site-packages/airflow/example_dags/example_complex.py
[2025-12-21T20:45:47.880+0000] {logging_mixin.py:190} INFO - [2025-12-21T20:45:47.880+0000] {dag.py:3239} INFO - Sync 1 DAGs
[2025-12-21T20:45:47.897+0000] {logging_mixin.py:190} INFO - [2025-12-21T20:45:47.897+0000] {dag.py:4180} INFO - Setting next_dagrun for example_complex to None, run_after=None
[2025-12-21T20:45:47.927+0000] {processor.py:208} INFO - Processing /home/airflow/.local/lib/python3.12/site-packages/airflow/example_dags/example_complex.py took 0.102 seconds
[2025-12-21T20:46:18.046+0000] {processor.py:186} INFO - Started process (PID=2667) to work on /home/airflow/.local/lib/python3.12/site-packages/airflow/example_dags/example_complex.py
[2025-12-21T20:46:18.048+0000] {processor.py:914} INFO - Processing file /home/airflow/.local/lib/python3.12/site-packages/airflow/example_dags/example_complex.py for tasks to queue
[2025-12-21T20:46:18.049+0000] {logging_mixin.py:190} INFO - [2025-12-21T20:46:18.049+0000] {dagbag.py:588} INFO - Filling up the DagBag from /home/airflow/.local/lib/python3.12/site-packages/airflow/example_dags/example_complex.py
[2025-12-21T20:46:18.062+0000] {processor.py:925} INFO - DAG(s) 'example_complex' retrieved from /home/airflow/.local/lib/python3.12/site-packages/airflow/example_dags/example_complex.py
[2025-12-21T20:46:18.094+0000] {logging_mixin.py:190} INFO - [2025-12-21T20:46:18.094+0000] {dag.py:3239} INFO - Sync 1 DAGs
[2025-12-21T20:46:18.112+0000] {logging_mixin.py:190} INFO - [2025-12-21T20:46:18.112+0000] {dag.py:4180} INFO - Setting next_dagrun for example_complex to None, run_after=None
[2025-12-21T20:46:18.136+0000] {processor.py:208} INFO - Processing /home/airflow/.local/lib/python3.12/site-packages/airflow/example_dags/example_complex.py took 0.101 seconds
[2025-12-21T20:46:48.396+0000] {processor.py:186} INFO - Started process (PID=2733) to work on /home/airflow/.local/lib/python3.12/site-packages/airflow/example_dags/example_complex.py
[2025-12-21T20:46:48.397+0000] {processor.py:914} INFO - Processing file /home/airflow/.local/lib/python3.12/site-packages/airflow/example_dags/example_complex.py for tasks to queue
[2025-12-21T20:46:48.399+0000] {logging_mixin.py:190} INFO - [2025-12-21T20:46:48.398+0000] {dagbag.py:588} INFO - Filling up the DagBag from /home/airflow/.local/lib/python3.12/site-packages/airflow/example_dags/example_complex.py
[2025-12-21T20:46:48.412+0000] {processor.py:925} INFO - DAG(s) 'example_complex' retrieved from /home/airflow/.local/lib/python3.12/site-packages/airflow/example_dags/example_complex.py
[2025-12-21T20:46:48.447+0000] {logging_mixin.py:190} INFO - [2025-12-21T20:46:48.447+0000] {dag.py:3239} INFO - Sync 1 DAGs
[2025-12-21T20:46:48.461+0000] {logging_mixin.py:190} INFO - [2025-12-21T20:46:48.460+0000] {dag.py:4180} INFO - Setting next_dagrun for example_complex to None, run_after=None
[2025-12-21T20:46:48.491+0000] {processor.py:208} INFO - Processing /home/airflow/.local/lib/python3.12/site-packages/airflow/example_dags/example_complex.py took 0.104 seconds
[2025-12-21T20:47:18.727+0000] {processor.py:186} INFO - Started process (PID=2799) to work on /home/airflow/.local/lib/python3.12/site-packages/airflow/example_dags/example_complex.py
[2025-12-21T20:47:18.729+0000] {processor.py:914} INFO - Processing file /home/airflow/.local/lib/python3.12/site-packages/airflow/example_dags/example_complex.py for tasks to queue
[2025-12-21T20:47:18.730+0000] {logging_mixin.py:190} INFO - [2025-12-21T20:47:18.730+0000] {dagbag.py:588} INFO - Filling up the DagBag from /home/airflow/.local/lib/python3.12/site-packages/airflow/example_dags/example_complex.py
[2025-12-21T20:47:18.752+0000] {processor.py:925} INFO - DAG(s) 'example_complex' retrieved from /home/airflow/.local/lib/python3.12/site-packages/airflow/example_dags/example_complex.py
[2025-12-21T20:47:18.789+0000] {logging_mixin.py:190} INFO - [2025-12-21T20:47:18.789+0000] {dag.py:3239} INFO - Sync 1 DAGs
[2025-12-21T20:47:18.804+0000] {logging_mixin.py:190} INFO - [2025-12-21T20:47:18.803+0000] {dag.py:4180} INFO - Setting next_dagrun for example_complex to None, run_after=None
[2025-12-21T20:47:18.831+0000] {processor.py:208} INFO - Processing /home/airflow/.local/lib/python3.12/site-packages/airflow/example_dags/example_complex.py took 0.113 seconds
[2025-12-21T20:47:49.036+0000] {processor.py:186} INFO - Started process (PID=2865) to work on /home/airflow/.local/lib/python3.12/site-packages/airflow/example_dags/example_complex.py
[2025-12-21T20:47:49.038+0000] {processor.py:914} INFO - Processing file /home/airflow/.local/lib/python3.12/site-packages/airflow/example_dags/example_complex.py for tasks to queue
[2025-12-21T20:47:49.040+0000] {logging_mixin.py:190} INFO - [2025-12-21T20:47:49.039+0000] {dagbag.py:588} INFO - Filling up the DagBag from /home/airflow/.local/lib/python3.12/site-packages/airflow/example_dags/example_complex.py
[2025-12-21T20:47:49.053+0000] {processor.py:925} INFO - DAG(s) 'example_complex' retrieved from /home/airflow/.local/lib/python3.12/site-packages/airflow/example_dags/example_complex.py
[2025-12-21T20:47:49.090+0000] {logging_mixin.py:190} INFO - [2025-12-21T20:47:49.090+0000] {dag.py:3239} INFO - Sync 1 DAGs
[2025-12-21T20:47:49.111+0000] {logging_mixin.py:190} INFO - [2025-12-21T20:47:49.110+0000] {dag.py:4180} INFO - Setting next_dagrun for example_complex to None, run_after=None
[2025-12-21T20:47:49.150+0000] {processor.py:208} INFO - Processing /home/airflow/.local/lib/python3.12/site-packages/airflow/example_dags/example_complex.py took 0.123 seconds
