[2025-12-21T20:23:34.127+0000] {processor.py:186} INFO - Started process (PID=89) to work on /home/airflow/.local/lib/python3.12/site-packages/airflow/example_dags/example_sensors.py
[2025-12-21T20:23:34.131+0000] {processor.py:914} INFO - Processing file /home/airflow/.local/lib/python3.12/site-packages/airflow/example_dags/example_sensors.py for tasks to queue
[2025-12-21T20:23:34.136+0000] {logging_mixin.py:190} INFO - [2025-12-21T20:23:34.136+0000] {dagbag.py:588} INFO - Filling up the DagBag from /home/airflow/.local/lib/python3.12/site-packages/airflow/example_dags/example_sensors.py
[2025-12-21T20:23:34.162+0000] {processor.py:925} INFO - DAG(s) 'example_sensors' retrieved from /home/airflow/.local/lib/python3.12/site-packages/airflow/example_dags/example_sensors.py
[2025-12-21T20:23:34.326+0000] {logging_mixin.py:190} INFO - [2025-12-21T20:23:34.325+0000] {override.py:1912} INFO - Created Permission View: can delete on DAG:example_sensors
[2025-12-21T20:23:34.343+0000] {logging_mixin.py:190} INFO - [2025-12-21T20:23:34.343+0000] {override.py:1912} INFO - Created Permission View: can edit on DAG:example_sensors
[2025-12-21T20:23:34.368+0000] {logging_mixin.py:190} INFO - [2025-12-21T20:23:34.367+0000] {override.py:1912} INFO - Created Permission View: can read on DAG:example_sensors
[2025-12-21T20:23:34.389+0000] {logging_mixin.py:190} INFO - [2025-12-21T20:23:34.388+0000] {override.py:1912} INFO - Created Permission View: can delete on DAG Run:example_sensors
[2025-12-21T20:23:34.402+0000] {logging_mixin.py:190} INFO - [2025-12-21T20:23:34.401+0000] {override.py:1912} INFO - Created Permission View: can create on DAG Run:example_sensors
[2025-12-21T20:23:34.416+0000] {logging_mixin.py:190} INFO - [2025-12-21T20:23:34.416+0000] {override.py:1912} INFO - Created Permission View: menu access on DAG Run:example_sensors
[2025-12-21T20:23:34.433+0000] {logging_mixin.py:190} INFO - [2025-12-21T20:23:34.433+0000] {override.py:1912} INFO - Created Permission View: can read on DAG Run:example_sensors
[2025-12-21T20:23:34.434+0000] {logging_mixin.py:190} INFO - [2025-12-21T20:23:34.434+0000] {dag.py:3239} INFO - Sync 1 DAGs
[2025-12-21T20:23:34.448+0000] {logging_mixin.py:190} INFO - [2025-12-21T20:23:34.447+0000] {dag.py:3262} INFO - Creating ORM DAG for example_sensors
[2025-12-21T20:23:34.449+0000] {logging_mixin.py:190} INFO - [2025-12-21T20:23:34.449+0000] {dag.py:4180} INFO - Setting next_dagrun for example_sensors to None, run_after=None
[2025-12-21T20:23:34.475+0000] {processor.py:208} INFO - Processing /home/airflow/.local/lib/python3.12/site-packages/airflow/example_dags/example_sensors.py took 0.353 seconds
[2025-12-21T20:24:04.595+0000] {processor.py:186} INFO - Started process (PID=154) to work on /home/airflow/.local/lib/python3.12/site-packages/airflow/example_dags/example_sensors.py
[2025-12-21T20:24:04.596+0000] {processor.py:914} INFO - Processing file /home/airflow/.local/lib/python3.12/site-packages/airflow/example_dags/example_sensors.py for tasks to queue
[2025-12-21T20:24:04.599+0000] {logging_mixin.py:190} INFO - [2025-12-21T20:24:04.598+0000] {dagbag.py:588} INFO - Filling up the DagBag from /home/airflow/.local/lib/python3.12/site-packages/airflow/example_dags/example_sensors.py
[2025-12-21T20:24:04.608+0000] {processor.py:925} INFO - DAG(s) 'example_sensors' retrieved from /home/airflow/.local/lib/python3.12/site-packages/airflow/example_dags/example_sensors.py
[2025-12-21T20:24:04.631+0000] {logging_mixin.py:190} INFO - [2025-12-21T20:24:04.630+0000] {dag.py:3239} INFO - Sync 1 DAGs
[2025-12-21T20:24:04.645+0000] {logging_mixin.py:190} INFO - [2025-12-21T20:24:04.644+0000] {dag.py:4180} INFO - Setting next_dagrun for example_sensors to None, run_after=None
[2025-12-21T20:24:04.671+0000] {processor.py:208} INFO - Processing /home/airflow/.local/lib/python3.12/site-packages/airflow/example_dags/example_sensors.py took 0.080 seconds
[2025-12-21T20:24:34.830+0000] {processor.py:186} INFO - Started process (PID=220) to work on /home/airflow/.local/lib/python3.12/site-packages/airflow/example_dags/example_sensors.py
[2025-12-21T20:24:34.831+0000] {processor.py:914} INFO - Processing file /home/airflow/.local/lib/python3.12/site-packages/airflow/example_dags/example_sensors.py for tasks to queue
[2025-12-21T20:24:34.834+0000] {logging_mixin.py:190} INFO - [2025-12-21T20:24:34.834+0000] {dagbag.py:588} INFO - Filling up the DagBag from /home/airflow/.local/lib/python3.12/site-packages/airflow/example_dags/example_sensors.py
[2025-12-21T20:24:34.845+0000] {processor.py:925} INFO - DAG(s) 'example_sensors' retrieved from /home/airflow/.local/lib/python3.12/site-packages/airflow/example_dags/example_sensors.py
[2025-12-21T20:24:34.870+0000] {logging_mixin.py:190} INFO - [2025-12-21T20:24:34.869+0000] {dag.py:3239} INFO - Sync 1 DAGs
[2025-12-21T20:24:34.884+0000] {logging_mixin.py:190} INFO - [2025-12-21T20:24:34.884+0000] {dag.py:4180} INFO - Setting next_dagrun for example_sensors to None, run_after=None
[2025-12-21T20:24:34.907+0000] {processor.py:208} INFO - Processing /home/airflow/.local/lib/python3.12/site-packages/airflow/example_dags/example_sensors.py took 0.082 seconds
[2025-12-21T20:25:05.472+0000] {processor.py:186} INFO - Started process (PID=286) to work on /home/airflow/.local/lib/python3.12/site-packages/airflow/example_dags/example_sensors.py
[2025-12-21T20:25:05.473+0000] {processor.py:914} INFO - Processing file /home/airflow/.local/lib/python3.12/site-packages/airflow/example_dags/example_sensors.py for tasks to queue
[2025-12-21T20:25:05.476+0000] {logging_mixin.py:190} INFO - [2025-12-21T20:25:05.475+0000] {dagbag.py:588} INFO - Filling up the DagBag from /home/airflow/.local/lib/python3.12/site-packages/airflow/example_dags/example_sensors.py
[2025-12-21T20:25:05.486+0000] {processor.py:925} INFO - DAG(s) 'example_sensors' retrieved from /home/airflow/.local/lib/python3.12/site-packages/airflow/example_dags/example_sensors.py
[2025-12-21T20:25:05.512+0000] {logging_mixin.py:190} INFO - [2025-12-21T20:25:05.512+0000] {dag.py:3239} INFO - Sync 1 DAGs
[2025-12-21T20:25:05.526+0000] {logging_mixin.py:190} INFO - [2025-12-21T20:25:05.526+0000] {dag.py:4180} INFO - Setting next_dagrun for example_sensors to None, run_after=None
[2025-12-21T20:25:05.547+0000] {processor.py:208} INFO - Processing /home/airflow/.local/lib/python3.12/site-packages/airflow/example_dags/example_sensors.py took 0.085 seconds
[2025-12-21T20:25:35.859+0000] {processor.py:186} INFO - Started process (PID=352) to work on /home/airflow/.local/lib/python3.12/site-packages/airflow/example_dags/example_sensors.py
[2025-12-21T20:25:35.861+0000] {processor.py:914} INFO - Processing file /home/airflow/.local/lib/python3.12/site-packages/airflow/example_dags/example_sensors.py for tasks to queue
[2025-12-21T20:25:35.864+0000] {logging_mixin.py:190} INFO - [2025-12-21T20:25:35.863+0000] {dagbag.py:588} INFO - Filling up the DagBag from /home/airflow/.local/lib/python3.12/site-packages/airflow/example_dags/example_sensors.py
[2025-12-21T20:25:35.875+0000] {processor.py:925} INFO - DAG(s) 'example_sensors' retrieved from /home/airflow/.local/lib/python3.12/site-packages/airflow/example_dags/example_sensors.py
[2025-12-21T20:25:35.900+0000] {logging_mixin.py:190} INFO - [2025-12-21T20:25:35.900+0000] {dag.py:3239} INFO - Sync 1 DAGs
[2025-12-21T20:25:35.914+0000] {logging_mixin.py:190} INFO - [2025-12-21T20:25:35.913+0000] {dag.py:4180} INFO - Setting next_dagrun for example_sensors to None, run_after=None
[2025-12-21T20:25:35.935+0000] {processor.py:208} INFO - Processing /home/airflow/.local/lib/python3.12/site-packages/airflow/example_dags/example_sensors.py took 0.085 seconds
[2025-12-21T20:26:06.058+0000] {processor.py:186} INFO - Started process (PID=418) to work on /home/airflow/.local/lib/python3.12/site-packages/airflow/example_dags/example_sensors.py
[2025-12-21T20:26:06.059+0000] {processor.py:914} INFO - Processing file /home/airflow/.local/lib/python3.12/site-packages/airflow/example_dags/example_sensors.py for tasks to queue
[2025-12-21T20:26:06.064+0000] {logging_mixin.py:190} INFO - [2025-12-21T20:26:06.063+0000] {dagbag.py:588} INFO - Filling up the DagBag from /home/airflow/.local/lib/python3.12/site-packages/airflow/example_dags/example_sensors.py
[2025-12-21T20:26:06.084+0000] {processor.py:925} INFO - DAG(s) 'example_sensors' retrieved from /home/airflow/.local/lib/python3.12/site-packages/airflow/example_dags/example_sensors.py
[2025-12-21T20:26:06.110+0000] {logging_mixin.py:190} INFO - [2025-12-21T20:26:06.110+0000] {dag.py:3239} INFO - Sync 1 DAGs
[2025-12-21T20:26:06.125+0000] {logging_mixin.py:190} INFO - [2025-12-21T20:26:06.125+0000] {dag.py:4180} INFO - Setting next_dagrun for example_sensors to None, run_after=None
[2025-12-21T20:26:06.150+0000] {processor.py:208} INFO - Processing /home/airflow/.local/lib/python3.12/site-packages/airflow/example_dags/example_sensors.py took 0.097 seconds
[2025-12-21T20:26:36.364+0000] {processor.py:186} INFO - Started process (PID=484) to work on /home/airflow/.local/lib/python3.12/site-packages/airflow/example_dags/example_sensors.py
[2025-12-21T20:26:36.365+0000] {processor.py:914} INFO - Processing file /home/airflow/.local/lib/python3.12/site-packages/airflow/example_dags/example_sensors.py for tasks to queue
[2025-12-21T20:26:36.371+0000] {logging_mixin.py:190} INFO - [2025-12-21T20:26:36.370+0000] {dagbag.py:588} INFO - Filling up the DagBag from /home/airflow/.local/lib/python3.12/site-packages/airflow/example_dags/example_sensors.py
[2025-12-21T20:26:36.383+0000] {processor.py:925} INFO - DAG(s) 'example_sensors' retrieved from /home/airflow/.local/lib/python3.12/site-packages/airflow/example_dags/example_sensors.py
[2025-12-21T20:26:36.407+0000] {logging_mixin.py:190} INFO - [2025-12-21T20:26:36.407+0000] {dag.py:3239} INFO - Sync 1 DAGs
[2025-12-21T20:26:36.422+0000] {logging_mixin.py:190} INFO - [2025-12-21T20:26:36.422+0000] {dag.py:4180} INFO - Setting next_dagrun for example_sensors to None, run_after=None
[2025-12-21T20:26:36.454+0000] {processor.py:208} INFO - Processing /home/airflow/.local/lib/python3.12/site-packages/airflow/example_dags/example_sensors.py took 0.097 seconds
[2025-12-21T20:27:06.772+0000] {processor.py:186} INFO - Started process (PID=550) to work on /home/airflow/.local/lib/python3.12/site-packages/airflow/example_dags/example_sensors.py
[2025-12-21T20:27:06.773+0000] {processor.py:914} INFO - Processing file /home/airflow/.local/lib/python3.12/site-packages/airflow/example_dags/example_sensors.py for tasks to queue
[2025-12-21T20:27:06.776+0000] {logging_mixin.py:190} INFO - [2025-12-21T20:27:06.775+0000] {dagbag.py:588} INFO - Filling up the DagBag from /home/airflow/.local/lib/python3.12/site-packages/airflow/example_dags/example_sensors.py
[2025-12-21T20:27:06.789+0000] {processor.py:925} INFO - DAG(s) 'example_sensors' retrieved from /home/airflow/.local/lib/python3.12/site-packages/airflow/example_dags/example_sensors.py
[2025-12-21T20:27:06.815+0000] {logging_mixin.py:190} INFO - [2025-12-21T20:27:06.815+0000] {dag.py:3239} INFO - Sync 1 DAGs
[2025-12-21T20:27:06.830+0000] {logging_mixin.py:190} INFO - [2025-12-21T20:27:06.829+0000] {dag.py:4180} INFO - Setting next_dagrun for example_sensors to None, run_after=None
[2025-12-21T20:27:06.883+0000] {processor.py:208} INFO - Processing /home/airflow/.local/lib/python3.12/site-packages/airflow/example_dags/example_sensors.py took 0.118 seconds
[2025-12-21T20:27:37.883+0000] {processor.py:186} INFO - Started process (PID=616) to work on /home/airflow/.local/lib/python3.12/site-packages/airflow/example_dags/example_sensors.py
[2025-12-21T20:27:37.884+0000] {processor.py:914} INFO - Processing file /home/airflow/.local/lib/python3.12/site-packages/airflow/example_dags/example_sensors.py for tasks to queue
[2025-12-21T20:27:37.887+0000] {logging_mixin.py:190} INFO - [2025-12-21T20:27:37.886+0000] {dagbag.py:588} INFO - Filling up the DagBag from /home/airflow/.local/lib/python3.12/site-packages/airflow/example_dags/example_sensors.py
[2025-12-21T20:27:37.902+0000] {processor.py:925} INFO - DAG(s) 'example_sensors' retrieved from /home/airflow/.local/lib/python3.12/site-packages/airflow/example_dags/example_sensors.py
[2025-12-21T20:27:37.937+0000] {logging_mixin.py:190} INFO - [2025-12-21T20:27:37.936+0000] {dag.py:3239} INFO - Sync 1 DAGs
[2025-12-21T20:27:37.952+0000] {logging_mixin.py:190} INFO - [2025-12-21T20:27:37.952+0000] {dag.py:4180} INFO - Setting next_dagrun for example_sensors to None, run_after=None
[2025-12-21T20:27:37.976+0000] {processor.py:208} INFO - Processing /home/airflow/.local/lib/python3.12/site-packages/airflow/example_dags/example_sensors.py took 0.098 seconds
[2025-12-21T20:28:08.008+0000] {processor.py:186} INFO - Started process (PID=682) to work on /home/airflow/.local/lib/python3.12/site-packages/airflow/example_dags/example_sensors.py
[2025-12-21T20:28:08.008+0000] {processor.py:914} INFO - Processing file /home/airflow/.local/lib/python3.12/site-packages/airflow/example_dags/example_sensors.py for tasks to queue
[2025-12-21T20:28:08.011+0000] {logging_mixin.py:190} INFO - [2025-12-21T20:28:08.011+0000] {dagbag.py:588} INFO - Filling up the DagBag from /home/airflow/.local/lib/python3.12/site-packages/airflow/example_dags/example_sensors.py
[2025-12-21T20:28:08.023+0000] {processor.py:925} INFO - DAG(s) 'example_sensors' retrieved from /home/airflow/.local/lib/python3.12/site-packages/airflow/example_dags/example_sensors.py
[2025-12-21T20:28:08.044+0000] {logging_mixin.py:190} INFO - [2025-12-21T20:28:08.044+0000] {dag.py:3239} INFO - Sync 1 DAGs
[2025-12-21T20:28:08.060+0000] {logging_mixin.py:190} INFO - [2025-12-21T20:28:08.059+0000] {dag.py:4180} INFO - Setting next_dagrun for example_sensors to None, run_after=None
[2025-12-21T20:28:08.083+0000] {processor.py:208} INFO - Processing /home/airflow/.local/lib/python3.12/site-packages/airflow/example_dags/example_sensors.py took 0.081 seconds
[2025-12-21T20:28:38.895+0000] {processor.py:186} INFO - Started process (PID=748) to work on /home/airflow/.local/lib/python3.12/site-packages/airflow/example_dags/example_sensors.py
[2025-12-21T20:28:38.897+0000] {processor.py:914} INFO - Processing file /home/airflow/.local/lib/python3.12/site-packages/airflow/example_dags/example_sensors.py for tasks to queue
[2025-12-21T20:28:38.900+0000] {logging_mixin.py:190} INFO - [2025-12-21T20:28:38.899+0000] {dagbag.py:588} INFO - Filling up the DagBag from /home/airflow/.local/lib/python3.12/site-packages/airflow/example_dags/example_sensors.py
[2025-12-21T20:28:38.910+0000] {processor.py:925} INFO - DAG(s) 'example_sensors' retrieved from /home/airflow/.local/lib/python3.12/site-packages/airflow/example_dags/example_sensors.py
[2025-12-21T20:28:38.935+0000] {logging_mixin.py:190} INFO - [2025-12-21T20:28:38.935+0000] {dag.py:3239} INFO - Sync 1 DAGs
[2025-12-21T20:28:38.949+0000] {logging_mixin.py:190} INFO - [2025-12-21T20:28:38.949+0000] {dag.py:4180} INFO - Setting next_dagrun for example_sensors to None, run_after=None
[2025-12-21T20:28:39.001+0000] {processor.py:208} INFO - Processing /home/airflow/.local/lib/python3.12/site-packages/airflow/example_dags/example_sensors.py took 0.114 seconds
[2025-12-21T20:29:09.280+0000] {processor.py:186} INFO - Started process (PID=814) to work on /home/airflow/.local/lib/python3.12/site-packages/airflow/example_dags/example_sensors.py
[2025-12-21T20:29:09.282+0000] {processor.py:914} INFO - Processing file /home/airflow/.local/lib/python3.12/site-packages/airflow/example_dags/example_sensors.py for tasks to queue
[2025-12-21T20:29:09.284+0000] {logging_mixin.py:190} INFO - [2025-12-21T20:29:09.284+0000] {dagbag.py:588} INFO - Filling up the DagBag from /home/airflow/.local/lib/python3.12/site-packages/airflow/example_dags/example_sensors.py
[2025-12-21T20:29:09.296+0000] {processor.py:925} INFO - DAG(s) 'example_sensors' retrieved from /home/airflow/.local/lib/python3.12/site-packages/airflow/example_dags/example_sensors.py
[2025-12-21T20:29:09.344+0000] {logging_mixin.py:190} INFO - [2025-12-21T20:29:09.343+0000] {dag.py:3239} INFO - Sync 1 DAGs
[2025-12-21T20:29:09.372+0000] {logging_mixin.py:190} INFO - [2025-12-21T20:29:09.371+0000] {dag.py:4180} INFO - Setting next_dagrun for example_sensors to None, run_after=None
[2025-12-21T20:29:09.401+0000] {processor.py:208} INFO - Processing /home/airflow/.local/lib/python3.12/site-packages/airflow/example_dags/example_sensors.py took 0.130 seconds
[2025-12-21T20:29:39.814+0000] {processor.py:186} INFO - Started process (PID=880) to work on /home/airflow/.local/lib/python3.12/site-packages/airflow/example_dags/example_sensors.py
[2025-12-21T20:29:39.816+0000] {processor.py:914} INFO - Processing file /home/airflow/.local/lib/python3.12/site-packages/airflow/example_dags/example_sensors.py for tasks to queue
[2025-12-21T20:29:39.820+0000] {logging_mixin.py:190} INFO - [2025-12-21T20:29:39.819+0000] {dagbag.py:588} INFO - Filling up the DagBag from /home/airflow/.local/lib/python3.12/site-packages/airflow/example_dags/example_sensors.py
[2025-12-21T20:29:39.842+0000] {processor.py:925} INFO - DAG(s) 'example_sensors' retrieved from /home/airflow/.local/lib/python3.12/site-packages/airflow/example_dags/example_sensors.py
[2025-12-21T20:29:39.877+0000] {logging_mixin.py:190} INFO - [2025-12-21T20:29:39.877+0000] {dag.py:3239} INFO - Sync 1 DAGs
[2025-12-21T20:29:39.916+0000] {logging_mixin.py:190} INFO - [2025-12-21T20:29:39.915+0000] {dag.py:4180} INFO - Setting next_dagrun for example_sensors to None, run_after=None
[2025-12-21T20:29:39.939+0000] {processor.py:208} INFO - Processing /home/airflow/.local/lib/python3.12/site-packages/airflow/example_dags/example_sensors.py took 0.131 seconds
[2025-12-21T20:30:10.086+0000] {processor.py:186} INFO - Started process (PID=946) to work on /home/airflow/.local/lib/python3.12/site-packages/airflow/example_dags/example_sensors.py
[2025-12-21T20:30:10.088+0000] {processor.py:914} INFO - Processing file /home/airflow/.local/lib/python3.12/site-packages/airflow/example_dags/example_sensors.py for tasks to queue
[2025-12-21T20:30:10.090+0000] {logging_mixin.py:190} INFO - [2025-12-21T20:30:10.090+0000] {dagbag.py:588} INFO - Filling up the DagBag from /home/airflow/.local/lib/python3.12/site-packages/airflow/example_dags/example_sensors.py
[2025-12-21T20:30:10.100+0000] {processor.py:925} INFO - DAG(s) 'example_sensors' retrieved from /home/airflow/.local/lib/python3.12/site-packages/airflow/example_dags/example_sensors.py
[2025-12-21T20:30:10.127+0000] {logging_mixin.py:190} INFO - [2025-12-21T20:30:10.127+0000] {dag.py:3239} INFO - Sync 1 DAGs
[2025-12-21T20:30:10.143+0000] {logging_mixin.py:190} INFO - [2025-12-21T20:30:10.142+0000] {dag.py:4180} INFO - Setting next_dagrun for example_sensors to None, run_after=None
[2025-12-21T20:30:10.167+0000] {processor.py:208} INFO - Processing /home/airflow/.local/lib/python3.12/site-packages/airflow/example_dags/example_sensors.py took 0.094 seconds
[2025-12-21T20:30:40.419+0000] {processor.py:186} INFO - Started process (PID=1012) to work on /home/airflow/.local/lib/python3.12/site-packages/airflow/example_dags/example_sensors.py
[2025-12-21T20:30:40.421+0000] {processor.py:914} INFO - Processing file /home/airflow/.local/lib/python3.12/site-packages/airflow/example_dags/example_sensors.py for tasks to queue
[2025-12-21T20:30:40.424+0000] {logging_mixin.py:190} INFO - [2025-12-21T20:30:40.424+0000] {dagbag.py:588} INFO - Filling up the DagBag from /home/airflow/.local/lib/python3.12/site-packages/airflow/example_dags/example_sensors.py
[2025-12-21T20:30:40.434+0000] {processor.py:925} INFO - DAG(s) 'example_sensors' retrieved from /home/airflow/.local/lib/python3.12/site-packages/airflow/example_dags/example_sensors.py
[2025-12-21T20:30:40.461+0000] {logging_mixin.py:190} INFO - [2025-12-21T20:30:40.460+0000] {dag.py:3239} INFO - Sync 1 DAGs
[2025-12-21T20:30:40.476+0000] {logging_mixin.py:190} INFO - [2025-12-21T20:30:40.475+0000] {dag.py:4180} INFO - Setting next_dagrun for example_sensors to None, run_after=None
[2025-12-21T20:30:40.500+0000] {processor.py:208} INFO - Processing /home/airflow/.local/lib/python3.12/site-packages/airflow/example_dags/example_sensors.py took 0.097 seconds
[2025-12-21T20:31:10.748+0000] {processor.py:186} INFO - Started process (PID=1078) to work on /home/airflow/.local/lib/python3.12/site-packages/airflow/example_dags/example_sensors.py
[2025-12-21T20:31:10.750+0000] {processor.py:914} INFO - Processing file /home/airflow/.local/lib/python3.12/site-packages/airflow/example_dags/example_sensors.py for tasks to queue
[2025-12-21T20:31:10.753+0000] {logging_mixin.py:190} INFO - [2025-12-21T20:31:10.753+0000] {dagbag.py:588} INFO - Filling up the DagBag from /home/airflow/.local/lib/python3.12/site-packages/airflow/example_dags/example_sensors.py
[2025-12-21T20:31:10.763+0000] {processor.py:925} INFO - DAG(s) 'example_sensors' retrieved from /home/airflow/.local/lib/python3.12/site-packages/airflow/example_dags/example_sensors.py
[2025-12-21T20:31:10.790+0000] {logging_mixin.py:190} INFO - [2025-12-21T20:31:10.790+0000] {dag.py:3239} INFO - Sync 1 DAGs
[2025-12-21T20:31:10.805+0000] {logging_mixin.py:190} INFO - [2025-12-21T20:31:10.805+0000] {dag.py:4180} INFO - Setting next_dagrun for example_sensors to None, run_after=None
[2025-12-21T20:31:10.833+0000] {processor.py:208} INFO - Processing /home/airflow/.local/lib/python3.12/site-packages/airflow/example_dags/example_sensors.py took 0.094 seconds
[2025-12-21T20:31:41.000+0000] {processor.py:186} INFO - Started process (PID=1144) to work on /home/airflow/.local/lib/python3.12/site-packages/airflow/example_dags/example_sensors.py
[2025-12-21T20:31:41.002+0000] {processor.py:914} INFO - Processing file /home/airflow/.local/lib/python3.12/site-packages/airflow/example_dags/example_sensors.py for tasks to queue
[2025-12-21T20:31:41.005+0000] {logging_mixin.py:190} INFO - [2025-12-21T20:31:41.004+0000] {dagbag.py:588} INFO - Filling up the DagBag from /home/airflow/.local/lib/python3.12/site-packages/airflow/example_dags/example_sensors.py
[2025-12-21T20:31:41.017+0000] {processor.py:925} INFO - DAG(s) 'example_sensors' retrieved from /home/airflow/.local/lib/python3.12/site-packages/airflow/example_dags/example_sensors.py
[2025-12-21T20:31:41.048+0000] {logging_mixin.py:190} INFO - [2025-12-21T20:31:41.048+0000] {dag.py:3239} INFO - Sync 1 DAGs
[2025-12-21T20:31:41.063+0000] {logging_mixin.py:190} INFO - [2025-12-21T20:31:41.062+0000] {dag.py:4180} INFO - Setting next_dagrun for example_sensors to None, run_after=None
[2025-12-21T20:31:41.087+0000] {processor.py:208} INFO - Processing /home/airflow/.local/lib/python3.12/site-packages/airflow/example_dags/example_sensors.py took 0.096 seconds
[2025-12-21T20:32:11.979+0000] {processor.py:186} INFO - Started process (PID=1210) to work on /home/airflow/.local/lib/python3.12/site-packages/airflow/example_dags/example_sensors.py
[2025-12-21T20:32:11.982+0000] {processor.py:914} INFO - Processing file /home/airflow/.local/lib/python3.12/site-packages/airflow/example_dags/example_sensors.py for tasks to queue
[2025-12-21T20:32:11.985+0000] {logging_mixin.py:190} INFO - [2025-12-21T20:32:11.985+0000] {dagbag.py:588} INFO - Filling up the DagBag from /home/airflow/.local/lib/python3.12/site-packages/airflow/example_dags/example_sensors.py
[2025-12-21T20:32:12.008+0000] {processor.py:925} INFO - DAG(s) 'example_sensors' retrieved from /home/airflow/.local/lib/python3.12/site-packages/airflow/example_dags/example_sensors.py
[2025-12-21T20:32:12.046+0000] {logging_mixin.py:190} INFO - [2025-12-21T20:32:12.046+0000] {dag.py:3239} INFO - Sync 1 DAGs
[2025-12-21T20:32:12.062+0000] {logging_mixin.py:190} INFO - [2025-12-21T20:32:12.062+0000] {dag.py:4180} INFO - Setting next_dagrun for example_sensors to None, run_after=None
[2025-12-21T20:32:12.090+0000] {processor.py:208} INFO - Processing /home/airflow/.local/lib/python3.12/site-packages/airflow/example_dags/example_sensors.py took 0.118 seconds
[2025-12-21T20:32:42.572+0000] {processor.py:186} INFO - Started process (PID=1276) to work on /home/airflow/.local/lib/python3.12/site-packages/airflow/example_dags/example_sensors.py
[2025-12-21T20:32:42.573+0000] {processor.py:914} INFO - Processing file /home/airflow/.local/lib/python3.12/site-packages/airflow/example_dags/example_sensors.py for tasks to queue
[2025-12-21T20:32:42.578+0000] {logging_mixin.py:190} INFO - [2025-12-21T20:32:42.577+0000] {dagbag.py:588} INFO - Filling up the DagBag from /home/airflow/.local/lib/python3.12/site-packages/airflow/example_dags/example_sensors.py
[2025-12-21T20:32:42.604+0000] {processor.py:925} INFO - DAG(s) 'example_sensors' retrieved from /home/airflow/.local/lib/python3.12/site-packages/airflow/example_dags/example_sensors.py
[2025-12-21T20:32:42.632+0000] {logging_mixin.py:190} INFO - [2025-12-21T20:32:42.632+0000] {dag.py:3239} INFO - Sync 1 DAGs
[2025-12-21T20:32:42.648+0000] {logging_mixin.py:190} INFO - [2025-12-21T20:32:42.648+0000] {dag.py:4180} INFO - Setting next_dagrun for example_sensors to None, run_after=None
[2025-12-21T20:32:42.673+0000] {processor.py:208} INFO - Processing /home/airflow/.local/lib/python3.12/site-packages/airflow/example_dags/example_sensors.py took 0.111 seconds
[2025-12-21T20:33:12.748+0000] {processor.py:186} INFO - Started process (PID=1342) to work on /home/airflow/.local/lib/python3.12/site-packages/airflow/example_dags/example_sensors.py
[2025-12-21T20:33:12.749+0000] {processor.py:914} INFO - Processing file /home/airflow/.local/lib/python3.12/site-packages/airflow/example_dags/example_sensors.py for tasks to queue
[2025-12-21T20:33:12.751+0000] {logging_mixin.py:190} INFO - [2025-12-21T20:33:12.751+0000] {dagbag.py:588} INFO - Filling up the DagBag from /home/airflow/.local/lib/python3.12/site-packages/airflow/example_dags/example_sensors.py
[2025-12-21T20:33:12.764+0000] {processor.py:925} INFO - DAG(s) 'example_sensors' retrieved from /home/airflow/.local/lib/python3.12/site-packages/airflow/example_dags/example_sensors.py
[2025-12-21T20:33:12.817+0000] {logging_mixin.py:190} INFO - [2025-12-21T20:33:12.816+0000] {dag.py:3239} INFO - Sync 1 DAGs
[2025-12-21T20:33:12.832+0000] {logging_mixin.py:190} INFO - [2025-12-21T20:33:12.831+0000] {dag.py:4180} INFO - Setting next_dagrun for example_sensors to None, run_after=None
[2025-12-21T20:33:12.853+0000] {processor.py:208} INFO - Processing /home/airflow/.local/lib/python3.12/site-packages/airflow/example_dags/example_sensors.py took 0.111 seconds
[2025-12-21T20:33:43.398+0000] {processor.py:186} INFO - Started process (PID=1408) to work on /home/airflow/.local/lib/python3.12/site-packages/airflow/example_dags/example_sensors.py
[2025-12-21T20:33:43.400+0000] {processor.py:914} INFO - Processing file /home/airflow/.local/lib/python3.12/site-packages/airflow/example_dags/example_sensors.py for tasks to queue
[2025-12-21T20:33:43.403+0000] {logging_mixin.py:190} INFO - [2025-12-21T20:33:43.402+0000] {dagbag.py:588} INFO - Filling up the DagBag from /home/airflow/.local/lib/python3.12/site-packages/airflow/example_dags/example_sensors.py
[2025-12-21T20:33:43.413+0000] {processor.py:925} INFO - DAG(s) 'example_sensors' retrieved from /home/airflow/.local/lib/python3.12/site-packages/airflow/example_dags/example_sensors.py
[2025-12-21T20:33:43.442+0000] {logging_mixin.py:190} INFO - [2025-12-21T20:33:43.442+0000] {dag.py:3239} INFO - Sync 1 DAGs
[2025-12-21T20:33:43.457+0000] {logging_mixin.py:190} INFO - [2025-12-21T20:33:43.457+0000] {dag.py:4180} INFO - Setting next_dagrun for example_sensors to None, run_after=None
[2025-12-21T20:33:43.483+0000] {processor.py:208} INFO - Processing /home/airflow/.local/lib/python3.12/site-packages/airflow/example_dags/example_sensors.py took 0.093 seconds
[2025-12-21T20:34:14.473+0000] {processor.py:186} INFO - Started process (PID=1474) to work on /home/airflow/.local/lib/python3.12/site-packages/airflow/example_dags/example_sensors.py
[2025-12-21T20:34:14.474+0000] {processor.py:914} INFO - Processing file /home/airflow/.local/lib/python3.12/site-packages/airflow/example_dags/example_sensors.py for tasks to queue
[2025-12-21T20:34:14.477+0000] {logging_mixin.py:190} INFO - [2025-12-21T20:34:14.477+0000] {dagbag.py:588} INFO - Filling up the DagBag from /home/airflow/.local/lib/python3.12/site-packages/airflow/example_dags/example_sensors.py
[2025-12-21T20:34:14.488+0000] {processor.py:925} INFO - DAG(s) 'example_sensors' retrieved from /home/airflow/.local/lib/python3.12/site-packages/airflow/example_dags/example_sensors.py
[2025-12-21T20:34:14.515+0000] {logging_mixin.py:190} INFO - [2025-12-21T20:34:14.515+0000] {dag.py:3239} INFO - Sync 1 DAGs
[2025-12-21T20:34:14.532+0000] {logging_mixin.py:190} INFO - [2025-12-21T20:34:14.532+0000] {dag.py:4180} INFO - Setting next_dagrun for example_sensors to None, run_after=None
[2025-12-21T20:34:14.559+0000] {processor.py:208} INFO - Processing /home/airflow/.local/lib/python3.12/site-packages/airflow/example_dags/example_sensors.py took 0.101 seconds
[2025-12-21T20:34:45.057+0000] {processor.py:186} INFO - Started process (PID=1540) to work on /home/airflow/.local/lib/python3.12/site-packages/airflow/example_dags/example_sensors.py
[2025-12-21T20:34:45.059+0000] {processor.py:914} INFO - Processing file /home/airflow/.local/lib/python3.12/site-packages/airflow/example_dags/example_sensors.py for tasks to queue
[2025-12-21T20:34:45.061+0000] {logging_mixin.py:190} INFO - [2025-12-21T20:34:45.061+0000] {dagbag.py:588} INFO - Filling up the DagBag from /home/airflow/.local/lib/python3.12/site-packages/airflow/example_dags/example_sensors.py
[2025-12-21T20:34:45.072+0000] {processor.py:925} INFO - DAG(s) 'example_sensors' retrieved from /home/airflow/.local/lib/python3.12/site-packages/airflow/example_dags/example_sensors.py
[2025-12-21T20:34:45.118+0000] {logging_mixin.py:190} INFO - [2025-12-21T20:34:45.118+0000] {dag.py:3239} INFO - Sync 1 DAGs
[2025-12-21T20:34:45.152+0000] {logging_mixin.py:190} INFO - [2025-12-21T20:34:45.152+0000] {dag.py:4180} INFO - Setting next_dagrun for example_sensors to None, run_after=None
[2025-12-21T20:34:45.178+0000] {processor.py:208} INFO - Processing /home/airflow/.local/lib/python3.12/site-packages/airflow/example_dags/example_sensors.py took 0.127 seconds
[2025-12-21T20:35:15.702+0000] {processor.py:186} INFO - Started process (PID=1606) to work on /home/airflow/.local/lib/python3.12/site-packages/airflow/example_dags/example_sensors.py
[2025-12-21T20:35:15.703+0000] {processor.py:914} INFO - Processing file /home/airflow/.local/lib/python3.12/site-packages/airflow/example_dags/example_sensors.py for tasks to queue
[2025-12-21T20:35:15.706+0000] {logging_mixin.py:190} INFO - [2025-12-21T20:35:15.705+0000] {dagbag.py:588} INFO - Filling up the DagBag from /home/airflow/.local/lib/python3.12/site-packages/airflow/example_dags/example_sensors.py
[2025-12-21T20:35:15.716+0000] {processor.py:925} INFO - DAG(s) 'example_sensors' retrieved from /home/airflow/.local/lib/python3.12/site-packages/airflow/example_dags/example_sensors.py
[2025-12-21T20:35:15.742+0000] {logging_mixin.py:190} INFO - [2025-12-21T20:35:15.741+0000] {dag.py:3239} INFO - Sync 1 DAGs
[2025-12-21T20:35:15.757+0000] {logging_mixin.py:190} INFO - [2025-12-21T20:35:15.757+0000] {dag.py:4180} INFO - Setting next_dagrun for example_sensors to None, run_after=None
[2025-12-21T20:35:15.783+0000] {processor.py:208} INFO - Processing /home/airflow/.local/lib/python3.12/site-packages/airflow/example_dags/example_sensors.py took 0.086 seconds
[2025-12-21T20:35:45.915+0000] {processor.py:186} INFO - Started process (PID=1671) to work on /home/airflow/.local/lib/python3.12/site-packages/airflow/example_dags/example_sensors.py
[2025-12-21T20:35:45.917+0000] {processor.py:914} INFO - Processing file /home/airflow/.local/lib/python3.12/site-packages/airflow/example_dags/example_sensors.py for tasks to queue
[2025-12-21T20:35:45.920+0000] {logging_mixin.py:190} INFO - [2025-12-21T20:35:45.919+0000] {dagbag.py:588} INFO - Filling up the DagBag from /home/airflow/.local/lib/python3.12/site-packages/airflow/example_dags/example_sensors.py
[2025-12-21T20:35:45.932+0000] {processor.py:925} INFO - DAG(s) 'example_sensors' retrieved from /home/airflow/.local/lib/python3.12/site-packages/airflow/example_dags/example_sensors.py
[2025-12-21T20:35:45.956+0000] {logging_mixin.py:190} INFO - [2025-12-21T20:35:45.955+0000] {dag.py:3239} INFO - Sync 1 DAGs
[2025-12-21T20:35:45.973+0000] {logging_mixin.py:190} INFO - [2025-12-21T20:35:45.972+0000] {dag.py:4180} INFO - Setting next_dagrun for example_sensors to None, run_after=None
[2025-12-21T20:35:45.997+0000] {processor.py:208} INFO - Processing /home/airflow/.local/lib/python3.12/site-packages/airflow/example_dags/example_sensors.py took 0.094 seconds
[2025-12-21T20:36:16.290+0000] {processor.py:186} INFO - Started process (PID=1737) to work on /home/airflow/.local/lib/python3.12/site-packages/airflow/example_dags/example_sensors.py
[2025-12-21T20:36:16.291+0000] {processor.py:914} INFO - Processing file /home/airflow/.local/lib/python3.12/site-packages/airflow/example_dags/example_sensors.py for tasks to queue
[2025-12-21T20:36:16.293+0000] {logging_mixin.py:190} INFO - [2025-12-21T20:36:16.293+0000] {dagbag.py:588} INFO - Filling up the DagBag from /home/airflow/.local/lib/python3.12/site-packages/airflow/example_dags/example_sensors.py
[2025-12-21T20:36:16.303+0000] {processor.py:925} INFO - DAG(s) 'example_sensors' retrieved from /home/airflow/.local/lib/python3.12/site-packages/airflow/example_dags/example_sensors.py
[2025-12-21T20:36:16.330+0000] {logging_mixin.py:190} INFO - [2025-12-21T20:36:16.330+0000] {dag.py:3239} INFO - Sync 1 DAGs
[2025-12-21T20:36:16.346+0000] {logging_mixin.py:190} INFO - [2025-12-21T20:36:16.346+0000] {dag.py:4180} INFO - Setting next_dagrun for example_sensors to None, run_after=None
[2025-12-21T20:36:16.370+0000] {processor.py:208} INFO - Processing /home/airflow/.local/lib/python3.12/site-packages/airflow/example_dags/example_sensors.py took 0.085 seconds
[2025-12-21T20:36:47.277+0000] {processor.py:186} INFO - Started process (PID=1803) to work on /home/airflow/.local/lib/python3.12/site-packages/airflow/example_dags/example_sensors.py
[2025-12-21T20:36:47.279+0000] {processor.py:914} INFO - Processing file /home/airflow/.local/lib/python3.12/site-packages/airflow/example_dags/example_sensors.py for tasks to queue
[2025-12-21T20:36:47.282+0000] {logging_mixin.py:190} INFO - [2025-12-21T20:36:47.282+0000] {dagbag.py:588} INFO - Filling up the DagBag from /home/airflow/.local/lib/python3.12/site-packages/airflow/example_dags/example_sensors.py
[2025-12-21T20:36:47.293+0000] {processor.py:925} INFO - DAG(s) 'example_sensors' retrieved from /home/airflow/.local/lib/python3.12/site-packages/airflow/example_dags/example_sensors.py
[2025-12-21T20:36:47.320+0000] {logging_mixin.py:190} INFO - [2025-12-21T20:36:47.320+0000] {dag.py:3239} INFO - Sync 1 DAGs
[2025-12-21T20:36:47.337+0000] {logging_mixin.py:190} INFO - [2025-12-21T20:36:47.337+0000] {dag.py:4180} INFO - Setting next_dagrun for example_sensors to None, run_after=None
[2025-12-21T20:36:47.366+0000] {processor.py:208} INFO - Processing /home/airflow/.local/lib/python3.12/site-packages/airflow/example_dags/example_sensors.py took 0.100 seconds
[2025-12-21T20:37:17.866+0000] {processor.py:186} INFO - Started process (PID=1869) to work on /home/airflow/.local/lib/python3.12/site-packages/airflow/example_dags/example_sensors.py
[2025-12-21T20:37:17.868+0000] {processor.py:914} INFO - Processing file /home/airflow/.local/lib/python3.12/site-packages/airflow/example_dags/example_sensors.py for tasks to queue
[2025-12-21T20:37:17.871+0000] {logging_mixin.py:190} INFO - [2025-12-21T20:37:17.870+0000] {dagbag.py:588} INFO - Filling up the DagBag from /home/airflow/.local/lib/python3.12/site-packages/airflow/example_dags/example_sensors.py
[2025-12-21T20:37:17.912+0000] {processor.py:925} INFO - DAG(s) 'example_sensors' retrieved from /home/airflow/.local/lib/python3.12/site-packages/airflow/example_dags/example_sensors.py
[2025-12-21T20:37:17.934+0000] {logging_mixin.py:190} INFO - [2025-12-21T20:37:17.934+0000] {dag.py:3239} INFO - Sync 1 DAGs
[2025-12-21T20:37:17.948+0000] {logging_mixin.py:190} INFO - [2025-12-21T20:37:17.947+0000] {dag.py:4180} INFO - Setting next_dagrun for example_sensors to None, run_after=None
[2025-12-21T20:37:17.973+0000] {processor.py:208} INFO - Processing /home/airflow/.local/lib/python3.12/site-packages/airflow/example_dags/example_sensors.py took 0.113 seconds
[2025-12-21T20:37:48.030+0000] {processor.py:186} INFO - Started process (PID=1935) to work on /home/airflow/.local/lib/python3.12/site-packages/airflow/example_dags/example_sensors.py
[2025-12-21T20:37:48.032+0000] {processor.py:914} INFO - Processing file /home/airflow/.local/lib/python3.12/site-packages/airflow/example_dags/example_sensors.py for tasks to queue
[2025-12-21T20:37:48.035+0000] {logging_mixin.py:190} INFO - [2025-12-21T20:37:48.035+0000] {dagbag.py:588} INFO - Filling up the DagBag from /home/airflow/.local/lib/python3.12/site-packages/airflow/example_dags/example_sensors.py
[2025-12-21T20:37:48.045+0000] {processor.py:925} INFO - DAG(s) 'example_sensors' retrieved from /home/airflow/.local/lib/python3.12/site-packages/airflow/example_dags/example_sensors.py
[2025-12-21T20:37:48.075+0000] {logging_mixin.py:190} INFO - [2025-12-21T20:37:48.075+0000] {dag.py:3239} INFO - Sync 1 DAGs
[2025-12-21T20:37:48.102+0000] {logging_mixin.py:190} INFO - [2025-12-21T20:37:48.101+0000] {dag.py:4180} INFO - Setting next_dagrun for example_sensors to None, run_after=None
[2025-12-21T20:37:48.130+0000] {processor.py:208} INFO - Processing /home/airflow/.local/lib/python3.12/site-packages/airflow/example_dags/example_sensors.py took 0.105 seconds
[2025-12-21T20:38:18.361+0000] {processor.py:186} INFO - Started process (PID=2001) to work on /home/airflow/.local/lib/python3.12/site-packages/airflow/example_dags/example_sensors.py
[2025-12-21T20:38:18.362+0000] {processor.py:914} INFO - Processing file /home/airflow/.local/lib/python3.12/site-packages/airflow/example_dags/example_sensors.py for tasks to queue
[2025-12-21T20:38:18.365+0000] {logging_mixin.py:190} INFO - [2025-12-21T20:38:18.365+0000] {dagbag.py:588} INFO - Filling up the DagBag from /home/airflow/.local/lib/python3.12/site-packages/airflow/example_dags/example_sensors.py
[2025-12-21T20:38:18.376+0000] {processor.py:925} INFO - DAG(s) 'example_sensors' retrieved from /home/airflow/.local/lib/python3.12/site-packages/airflow/example_dags/example_sensors.py
[2025-12-21T20:38:18.414+0000] {logging_mixin.py:190} INFO - [2025-12-21T20:38:18.413+0000] {dag.py:3239} INFO - Sync 1 DAGs
[2025-12-21T20:38:18.429+0000] {logging_mixin.py:190} INFO - [2025-12-21T20:38:18.429+0000] {dag.py:4180} INFO - Setting next_dagrun for example_sensors to None, run_after=None
[2025-12-21T20:38:18.461+0000] {processor.py:208} INFO - Processing /home/airflow/.local/lib/python3.12/site-packages/airflow/example_dags/example_sensors.py took 0.110 seconds
[2025-12-21T20:38:48.916+0000] {processor.py:186} INFO - Started process (PID=2067) to work on /home/airflow/.local/lib/python3.12/site-packages/airflow/example_dags/example_sensors.py
[2025-12-21T20:38:48.917+0000] {processor.py:914} INFO - Processing file /home/airflow/.local/lib/python3.12/site-packages/airflow/example_dags/example_sensors.py for tasks to queue
[2025-12-21T20:38:48.920+0000] {logging_mixin.py:190} INFO - [2025-12-21T20:38:48.919+0000] {dagbag.py:588} INFO - Filling up the DagBag from /home/airflow/.local/lib/python3.12/site-packages/airflow/example_dags/example_sensors.py
[2025-12-21T20:38:48.933+0000] {processor.py:925} INFO - DAG(s) 'example_sensors' retrieved from /home/airflow/.local/lib/python3.12/site-packages/airflow/example_dags/example_sensors.py
[2025-12-21T20:38:48.963+0000] {logging_mixin.py:190} INFO - [2025-12-21T20:38:48.963+0000] {dag.py:3239} INFO - Sync 1 DAGs
[2025-12-21T20:38:48.983+0000] {logging_mixin.py:190} INFO - [2025-12-21T20:38:48.983+0000] {dag.py:4180} INFO - Setting next_dagrun for example_sensors to None, run_after=None
[2025-12-21T20:38:49.010+0000] {processor.py:208} INFO - Processing /home/airflow/.local/lib/python3.12/site-packages/airflow/example_dags/example_sensors.py took 0.101 seconds
[2025-12-21T20:39:19.249+0000] {processor.py:186} INFO - Started process (PID=2133) to work on /home/airflow/.local/lib/python3.12/site-packages/airflow/example_dags/example_sensors.py
[2025-12-21T20:39:19.250+0000] {processor.py:914} INFO - Processing file /home/airflow/.local/lib/python3.12/site-packages/airflow/example_dags/example_sensors.py for tasks to queue
[2025-12-21T20:39:19.252+0000] {logging_mixin.py:190} INFO - [2025-12-21T20:39:19.252+0000] {dagbag.py:588} INFO - Filling up the DagBag from /home/airflow/.local/lib/python3.12/site-packages/airflow/example_dags/example_sensors.py
[2025-12-21T20:39:19.264+0000] {processor.py:925} INFO - DAG(s) 'example_sensors' retrieved from /home/airflow/.local/lib/python3.12/site-packages/airflow/example_dags/example_sensors.py
[2025-12-21T20:39:19.290+0000] {logging_mixin.py:190} INFO - [2025-12-21T20:39:19.289+0000] {dag.py:3239} INFO - Sync 1 DAGs
[2025-12-21T20:39:19.306+0000] {logging_mixin.py:190} INFO - [2025-12-21T20:39:19.306+0000] {dag.py:4180} INFO - Setting next_dagrun for example_sensors to None, run_after=None
[2025-12-21T20:39:19.331+0000] {processor.py:208} INFO - Processing /home/airflow/.local/lib/python3.12/site-packages/airflow/example_dags/example_sensors.py took 0.088 seconds
[2025-12-21T20:39:49.454+0000] {processor.py:186} INFO - Started process (PID=2199) to work on /home/airflow/.local/lib/python3.12/site-packages/airflow/example_dags/example_sensors.py
[2025-12-21T20:39:49.455+0000] {processor.py:914} INFO - Processing file /home/airflow/.local/lib/python3.12/site-packages/airflow/example_dags/example_sensors.py for tasks to queue
[2025-12-21T20:39:49.457+0000] {logging_mixin.py:190} INFO - [2025-12-21T20:39:49.457+0000] {dagbag.py:588} INFO - Filling up the DagBag from /home/airflow/.local/lib/python3.12/site-packages/airflow/example_dags/example_sensors.py
[2025-12-21T20:39:49.467+0000] {processor.py:925} INFO - DAG(s) 'example_sensors' retrieved from /home/airflow/.local/lib/python3.12/site-packages/airflow/example_dags/example_sensors.py
[2025-12-21T20:39:49.502+0000] {logging_mixin.py:190} INFO - [2025-12-21T20:39:49.502+0000] {dag.py:3239} INFO - Sync 1 DAGs
[2025-12-21T20:39:49.520+0000] {logging_mixin.py:190} INFO - [2025-12-21T20:39:49.520+0000] {dag.py:4180} INFO - Setting next_dagrun for example_sensors to None, run_after=None
[2025-12-21T20:39:49.547+0000] {processor.py:208} INFO - Processing /home/airflow/.local/lib/python3.12/site-packages/airflow/example_dags/example_sensors.py took 0.100 seconds
[2025-12-21T20:43:14.124+0000] {processor.py:186} INFO - Started process (PID=2269) to work on /home/airflow/.local/lib/python3.12/site-packages/airflow/example_dags/example_sensors.py
[2025-12-21T20:43:14.125+0000] {processor.py:914} INFO - Processing file /home/airflow/.local/lib/python3.12/site-packages/airflow/example_dags/example_sensors.py for tasks to queue
[2025-12-21T20:43:14.128+0000] {logging_mixin.py:190} INFO - [2025-12-21T20:43:14.127+0000] {dagbag.py:588} INFO - Filling up the DagBag from /home/airflow/.local/lib/python3.12/site-packages/airflow/example_dags/example_sensors.py
[2025-12-21T20:43:14.160+0000] {processor.py:925} INFO - DAG(s) 'example_sensors' retrieved from /home/airflow/.local/lib/python3.12/site-packages/airflow/example_dags/example_sensors.py
[2025-12-21T20:43:14.221+0000] {logging_mixin.py:190} INFO - [2025-12-21T20:43:14.220+0000] {dag.py:3239} INFO - Sync 1 DAGs
[2025-12-21T20:43:14.248+0000] {logging_mixin.py:190} INFO - [2025-12-21T20:43:14.248+0000] {dag.py:4180} INFO - Setting next_dagrun for example_sensors to None, run_after=None
[2025-12-21T20:43:14.301+0000] {processor.py:208} INFO - Processing /home/airflow/.local/lib/python3.12/site-packages/airflow/example_dags/example_sensors.py took 0.186 seconds
[2025-12-21T20:43:44.735+0000] {processor.py:186} INFO - Started process (PID=2329) to work on /home/airflow/.local/lib/python3.12/site-packages/airflow/example_dags/example_sensors.py
[2025-12-21T20:43:44.736+0000] {processor.py:914} INFO - Processing file /home/airflow/.local/lib/python3.12/site-packages/airflow/example_dags/example_sensors.py for tasks to queue
[2025-12-21T20:43:44.737+0000] {logging_mixin.py:190} INFO - [2025-12-21T20:43:44.737+0000] {dagbag.py:588} INFO - Filling up the DagBag from /home/airflow/.local/lib/python3.12/site-packages/airflow/example_dags/example_sensors.py
[2025-12-21T20:43:44.757+0000] {processor.py:925} INFO - DAG(s) 'example_sensors' retrieved from /home/airflow/.local/lib/python3.12/site-packages/airflow/example_dags/example_sensors.py
[2025-12-21T20:43:44.783+0000] {logging_mixin.py:190} INFO - [2025-12-21T20:43:44.782+0000] {dag.py:3239} INFO - Sync 1 DAGs
[2025-12-21T20:43:44.797+0000] {logging_mixin.py:190} INFO - [2025-12-21T20:43:44.797+0000] {dag.py:4180} INFO - Setting next_dagrun for example_sensors to None, run_after=None
[2025-12-21T20:43:44.821+0000] {processor.py:208} INFO - Processing /home/airflow/.local/lib/python3.12/site-packages/airflow/example_dags/example_sensors.py took 0.092 seconds
[2025-12-21T20:44:15.826+0000] {processor.py:186} INFO - Started process (PID=2401) to work on /home/airflow/.local/lib/python3.12/site-packages/airflow/example_dags/example_sensors.py
[2025-12-21T20:44:15.827+0000] {processor.py:914} INFO - Processing file /home/airflow/.local/lib/python3.12/site-packages/airflow/example_dags/example_sensors.py for tasks to queue
[2025-12-21T20:44:15.829+0000] {logging_mixin.py:190} INFO - [2025-12-21T20:44:15.828+0000] {dagbag.py:588} INFO - Filling up the DagBag from /home/airflow/.local/lib/python3.12/site-packages/airflow/example_dags/example_sensors.py
[2025-12-21T20:44:15.842+0000] {processor.py:925} INFO - DAG(s) 'example_sensors' retrieved from /home/airflow/.local/lib/python3.12/site-packages/airflow/example_dags/example_sensors.py
[2025-12-21T20:44:15.900+0000] {logging_mixin.py:190} INFO - [2025-12-21T20:44:15.899+0000] {dag.py:3239} INFO - Sync 1 DAGs
[2025-12-21T20:44:15.913+0000] {logging_mixin.py:190} INFO - [2025-12-21T20:44:15.913+0000] {dag.py:4180} INFO - Setting next_dagrun for example_sensors to None, run_after=None
[2025-12-21T20:44:15.943+0000] {processor.py:208} INFO - Processing /home/airflow/.local/lib/python3.12/site-packages/airflow/example_dags/example_sensors.py took 0.123 seconds
[2025-12-21T20:44:46.464+0000] {processor.py:186} INFO - Started process (PID=2466) to work on /home/airflow/.local/lib/python3.12/site-packages/airflow/example_dags/example_sensors.py
[2025-12-21T20:44:46.465+0000] {processor.py:914} INFO - Processing file /home/airflow/.local/lib/python3.12/site-packages/airflow/example_dags/example_sensors.py for tasks to queue
[2025-12-21T20:44:46.468+0000] {logging_mixin.py:190} INFO - [2025-12-21T20:44:46.467+0000] {dagbag.py:588} INFO - Filling up the DagBag from /home/airflow/.local/lib/python3.12/site-packages/airflow/example_dags/example_sensors.py
[2025-12-21T20:44:46.491+0000] {processor.py:925} INFO - DAG(s) 'example_sensors' retrieved from /home/airflow/.local/lib/python3.12/site-packages/airflow/example_dags/example_sensors.py
[2025-12-21T20:44:46.542+0000] {logging_mixin.py:190} INFO - [2025-12-21T20:44:46.542+0000] {dag.py:3239} INFO - Sync 1 DAGs
[2025-12-21T20:44:46.557+0000] {logging_mixin.py:190} INFO - [2025-12-21T20:44:46.556+0000] {dag.py:4180} INFO - Setting next_dagrun for example_sensors to None, run_after=None
[2025-12-21T20:44:46.580+0000] {processor.py:208} INFO - Processing /home/airflow/.local/lib/python3.12/site-packages/airflow/example_dags/example_sensors.py took 0.129 seconds
[2025-12-21T20:45:16.782+0000] {processor.py:186} INFO - Started process (PID=2532) to work on /home/airflow/.local/lib/python3.12/site-packages/airflow/example_dags/example_sensors.py
[2025-12-21T20:45:16.783+0000] {processor.py:914} INFO - Processing file /home/airflow/.local/lib/python3.12/site-packages/airflow/example_dags/example_sensors.py for tasks to queue
[2025-12-21T20:45:16.785+0000] {logging_mixin.py:190} INFO - [2025-12-21T20:45:16.785+0000] {dagbag.py:588} INFO - Filling up the DagBag from /home/airflow/.local/lib/python3.12/site-packages/airflow/example_dags/example_sensors.py
[2025-12-21T20:45:16.797+0000] {processor.py:925} INFO - DAG(s) 'example_sensors' retrieved from /home/airflow/.local/lib/python3.12/site-packages/airflow/example_dags/example_sensors.py
[2025-12-21T20:45:16.851+0000] {logging_mixin.py:190} INFO - [2025-12-21T20:45:16.850+0000] {dag.py:3239} INFO - Sync 1 DAGs
[2025-12-21T20:45:16.866+0000] {logging_mixin.py:190} INFO - [2025-12-21T20:45:16.866+0000] {dag.py:4180} INFO - Setting next_dagrun for example_sensors to None, run_after=None
[2025-12-21T20:45:16.898+0000] {processor.py:208} INFO - Processing /home/airflow/.local/lib/python3.12/site-packages/airflow/example_dags/example_sensors.py took 0.127 seconds
[2025-12-21T20:45:47.560+0000] {processor.py:186} INFO - Started process (PID=2598) to work on /home/airflow/.local/lib/python3.12/site-packages/airflow/example_dags/example_sensors.py
[2025-12-21T20:45:47.562+0000] {processor.py:914} INFO - Processing file /home/airflow/.local/lib/python3.12/site-packages/airflow/example_dags/example_sensors.py for tasks to queue
[2025-12-21T20:45:47.564+0000] {logging_mixin.py:190} INFO - [2025-12-21T20:45:47.563+0000] {dagbag.py:588} INFO - Filling up the DagBag from /home/airflow/.local/lib/python3.12/site-packages/airflow/example_dags/example_sensors.py
[2025-12-21T20:45:47.579+0000] {processor.py:925} INFO - DAG(s) 'example_sensors' retrieved from /home/airflow/.local/lib/python3.12/site-packages/airflow/example_dags/example_sensors.py
[2025-12-21T20:45:47.635+0000] {logging_mixin.py:190} INFO - [2025-12-21T20:45:47.635+0000] {dag.py:3239} INFO - Sync 1 DAGs
[2025-12-21T20:45:47.659+0000] {logging_mixin.py:190} INFO - [2025-12-21T20:45:47.659+0000] {dag.py:4180} INFO - Setting next_dagrun for example_sensors to None, run_after=None
[2025-12-21T20:45:47.686+0000] {processor.py:208} INFO - Processing /home/airflow/.local/lib/python3.12/site-packages/airflow/example_dags/example_sensors.py took 0.136 seconds
[2025-12-21T20:46:17.813+0000] {processor.py:186} INFO - Started process (PID=2664) to work on /home/airflow/.local/lib/python3.12/site-packages/airflow/example_dags/example_sensors.py
[2025-12-21T20:46:17.815+0000] {processor.py:914} INFO - Processing file /home/airflow/.local/lib/python3.12/site-packages/airflow/example_dags/example_sensors.py for tasks to queue
[2025-12-21T20:46:17.816+0000] {logging_mixin.py:190} INFO - [2025-12-21T20:46:17.816+0000] {dagbag.py:588} INFO - Filling up the DagBag from /home/airflow/.local/lib/python3.12/site-packages/airflow/example_dags/example_sensors.py
[2025-12-21T20:46:17.829+0000] {processor.py:925} INFO - DAG(s) 'example_sensors' retrieved from /home/airflow/.local/lib/python3.12/site-packages/airflow/example_dags/example_sensors.py
[2025-12-21T20:46:17.864+0000] {logging_mixin.py:190} INFO - [2025-12-21T20:46:17.863+0000] {dag.py:3239} INFO - Sync 1 DAGs
[2025-12-21T20:46:17.889+0000] {logging_mixin.py:190} INFO - [2025-12-21T20:46:17.889+0000] {dag.py:4180} INFO - Setting next_dagrun for example_sensors to None, run_after=None
[2025-12-21T20:46:17.918+0000] {processor.py:208} INFO - Processing /home/airflow/.local/lib/python3.12/site-packages/airflow/example_dags/example_sensors.py took 0.109 seconds
[2025-12-21T20:46:48.128+0000] {processor.py:186} INFO - Started process (PID=2730) to work on /home/airflow/.local/lib/python3.12/site-packages/airflow/example_dags/example_sensors.py
[2025-12-21T20:46:48.130+0000] {processor.py:914} INFO - Processing file /home/airflow/.local/lib/python3.12/site-packages/airflow/example_dags/example_sensors.py for tasks to queue
[2025-12-21T20:46:48.133+0000] {logging_mixin.py:190} INFO - [2025-12-21T20:46:48.132+0000] {dagbag.py:588} INFO - Filling up the DagBag from /home/airflow/.local/lib/python3.12/site-packages/airflow/example_dags/example_sensors.py
[2025-12-21T20:46:48.159+0000] {processor.py:925} INFO - DAG(s) 'example_sensors' retrieved from /home/airflow/.local/lib/python3.12/site-packages/airflow/example_dags/example_sensors.py
[2025-12-21T20:46:48.200+0000] {logging_mixin.py:190} INFO - [2025-12-21T20:46:48.199+0000] {dag.py:3239} INFO - Sync 1 DAGs
[2025-12-21T20:46:48.214+0000] {logging_mixin.py:190} INFO - [2025-12-21T20:46:48.214+0000] {dag.py:4180} INFO - Setting next_dagrun for example_sensors to None, run_after=None
[2025-12-21T20:46:48.250+0000] {processor.py:208} INFO - Processing /home/airflow/.local/lib/python3.12/site-packages/airflow/example_dags/example_sensors.py took 0.134 seconds
[2025-12-21T20:47:18.454+0000] {processor.py:186} INFO - Started process (PID=2796) to work on /home/airflow/.local/lib/python3.12/site-packages/airflow/example_dags/example_sensors.py
[2025-12-21T20:47:18.456+0000] {processor.py:914} INFO - Processing file /home/airflow/.local/lib/python3.12/site-packages/airflow/example_dags/example_sensors.py for tasks to queue
[2025-12-21T20:47:18.459+0000] {logging_mixin.py:190} INFO - [2025-12-21T20:47:18.458+0000] {dagbag.py:588} INFO - Filling up the DagBag from /home/airflow/.local/lib/python3.12/site-packages/airflow/example_dags/example_sensors.py
[2025-12-21T20:47:18.486+0000] {processor.py:925} INFO - DAG(s) 'example_sensors' retrieved from /home/airflow/.local/lib/python3.12/site-packages/airflow/example_dags/example_sensors.py
[2025-12-21T20:47:18.530+0000] {logging_mixin.py:190} INFO - [2025-12-21T20:47:18.529+0000] {dag.py:3239} INFO - Sync 1 DAGs
[2025-12-21T20:47:18.543+0000] {logging_mixin.py:190} INFO - [2025-12-21T20:47:18.543+0000] {dag.py:4180} INFO - Setting next_dagrun for example_sensors to None, run_after=None
[2025-12-21T20:47:18.569+0000] {processor.py:208} INFO - Processing /home/airflow/.local/lib/python3.12/site-packages/airflow/example_dags/example_sensors.py took 0.127 seconds
[2025-12-21T20:47:48.769+0000] {processor.py:186} INFO - Started process (PID=2862) to work on /home/airflow/.local/lib/python3.12/site-packages/airflow/example_dags/example_sensors.py
[2025-12-21T20:47:48.771+0000] {processor.py:914} INFO - Processing file /home/airflow/.local/lib/python3.12/site-packages/airflow/example_dags/example_sensors.py for tasks to queue
[2025-12-21T20:47:48.772+0000] {logging_mixin.py:190} INFO - [2025-12-21T20:47:48.772+0000] {dagbag.py:588} INFO - Filling up the DagBag from /home/airflow/.local/lib/python3.12/site-packages/airflow/example_dags/example_sensors.py
[2025-12-21T20:47:48.784+0000] {processor.py:925} INFO - DAG(s) 'example_sensors' retrieved from /home/airflow/.local/lib/python3.12/site-packages/airflow/example_dags/example_sensors.py
[2025-12-21T20:47:48.816+0000] {logging_mixin.py:190} INFO - [2025-12-21T20:47:48.816+0000] {dag.py:3239} INFO - Sync 1 DAGs
[2025-12-21T20:47:48.833+0000] {logging_mixin.py:190} INFO - [2025-12-21T20:47:48.832+0000] {dag.py:4180} INFO - Setting next_dagrun for example_sensors to None, run_after=None
[2025-12-21T20:47:48.863+0000] {processor.py:208} INFO - Processing /home/airflow/.local/lib/python3.12/site-packages/airflow/example_dags/example_sensors.py took 0.107 seconds
