[2025-12-21T20:23:39.386+0000] {processor.py:186} INFO - Started process (PID=113) to work on /home/airflow/.local/lib/python3.12/site-packages/airflow/example_dags/example_xcom.py
[2025-12-21T20:23:39.387+0000] {processor.py:914} INFO - Processing file /home/airflow/.local/lib/python3.12/site-packages/airflow/example_dags/example_xcom.py for tasks to queue
[2025-12-21T20:23:39.389+0000] {logging_mixin.py:190} INFO - [2025-12-21T20:23:39.388+0000] {dagbag.py:588} INFO - Filling up the DagBag from /home/airflow/.local/lib/python3.12/site-packages/airflow/example_dags/example_xcom.py
[2025-12-21T20:23:39.403+0000] {processor.py:925} INFO - DAG(s) 'example_xcom' retrieved from /home/airflow/.local/lib/python3.12/site-packages/airflow/example_dags/example_xcom.py
[2025-12-21T20:23:39.528+0000] {logging_mixin.py:190} INFO - [2025-12-21T20:23:39.527+0000] {override.py:1912} INFO - Created Permission View: can delete on DAG:example_xcom
[2025-12-21T20:23:39.544+0000] {logging_mixin.py:190} INFO - [2025-12-21T20:23:39.543+0000] {override.py:1912} INFO - Created Permission View: can edit on DAG:example_xcom
[2025-12-21T20:23:39.558+0000] {logging_mixin.py:190} INFO - [2025-12-21T20:23:39.557+0000] {override.py:1912} INFO - Created Permission View: can read on DAG:example_xcom
[2025-12-21T20:23:39.573+0000] {logging_mixin.py:190} INFO - [2025-12-21T20:23:39.573+0000] {override.py:1912} INFO - Created Permission View: can delete on DAG Run:example_xcom
[2025-12-21T20:23:39.586+0000] {logging_mixin.py:190} INFO - [2025-12-21T20:23:39.586+0000] {override.py:1912} INFO - Created Permission View: can create on DAG Run:example_xcom
[2025-12-21T20:23:39.600+0000] {logging_mixin.py:190} INFO - [2025-12-21T20:23:39.599+0000] {override.py:1912} INFO - Created Permission View: menu access on DAG Run:example_xcom
[2025-12-21T20:23:39.612+0000] {logging_mixin.py:190} INFO - [2025-12-21T20:23:39.611+0000] {override.py:1912} INFO - Created Permission View: can read on DAG Run:example_xcom
[2025-12-21T20:23:39.613+0000] {logging_mixin.py:190} INFO - [2025-12-21T20:23:39.613+0000] {dag.py:3239} INFO - Sync 1 DAGs
[2025-12-21T20:23:39.630+0000] {logging_mixin.py:190} INFO - [2025-12-21T20:23:39.630+0000] {dag.py:3262} INFO - Creating ORM DAG for example_xcom
[2025-12-21T20:23:39.643+0000] {logging_mixin.py:190} INFO - [2025-12-21T20:23:39.642+0000] {dag.py:4180} INFO - Setting next_dagrun for example_xcom to 2021-01-01 00:00:00+00:00, run_after=2021-01-01 00:00:00+00:00
[2025-12-21T20:23:39.674+0000] {processor.py:208} INFO - Processing /home/airflow/.local/lib/python3.12/site-packages/airflow/example_dags/example_xcom.py took 0.293 seconds
[2025-12-21T20:24:10.114+0000] {processor.py:186} INFO - Started process (PID=178) to work on /home/airflow/.local/lib/python3.12/site-packages/airflow/example_dags/example_xcom.py
[2025-12-21T20:24:10.115+0000] {processor.py:914} INFO - Processing file /home/airflow/.local/lib/python3.12/site-packages/airflow/example_dags/example_xcom.py for tasks to queue
[2025-12-21T20:24:10.118+0000] {logging_mixin.py:190} INFO - [2025-12-21T20:24:10.118+0000] {dagbag.py:588} INFO - Filling up the DagBag from /home/airflow/.local/lib/python3.12/site-packages/airflow/example_dags/example_xcom.py
[2025-12-21T20:24:10.127+0000] {processor.py:925} INFO - DAG(s) 'example_xcom' retrieved from /home/airflow/.local/lib/python3.12/site-packages/airflow/example_dags/example_xcom.py
[2025-12-21T20:24:10.149+0000] {logging_mixin.py:190} INFO - [2025-12-21T20:24:10.148+0000] {dag.py:3239} INFO - Sync 1 DAGs
[2025-12-21T20:24:10.169+0000] {logging_mixin.py:190} INFO - [2025-12-21T20:24:10.169+0000] {dag.py:4180} INFO - Setting next_dagrun for example_xcom to 2021-01-01 00:00:00+00:00, run_after=2021-01-01 00:00:00+00:00
[2025-12-21T20:24:10.192+0000] {processor.py:208} INFO - Processing /home/airflow/.local/lib/python3.12/site-packages/airflow/example_dags/example_xcom.py took 0.088 seconds
[2025-12-21T20:24:40.682+0000] {processor.py:186} INFO - Started process (PID=245) to work on /home/airflow/.local/lib/python3.12/site-packages/airflow/example_dags/example_xcom.py
[2025-12-21T20:24:40.684+0000] {processor.py:914} INFO - Processing file /home/airflow/.local/lib/python3.12/site-packages/airflow/example_dags/example_xcom.py for tasks to queue
[2025-12-21T20:24:40.687+0000] {logging_mixin.py:190} INFO - [2025-12-21T20:24:40.686+0000] {dagbag.py:588} INFO - Filling up the DagBag from /home/airflow/.local/lib/python3.12/site-packages/airflow/example_dags/example_xcom.py
[2025-12-21T20:24:40.696+0000] {processor.py:925} INFO - DAG(s) 'example_xcom' retrieved from /home/airflow/.local/lib/python3.12/site-packages/airflow/example_dags/example_xcom.py
[2025-12-21T20:24:40.719+0000] {logging_mixin.py:190} INFO - [2025-12-21T20:24:40.718+0000] {dag.py:3239} INFO - Sync 1 DAGs
[2025-12-21T20:24:40.744+0000] {logging_mixin.py:190} INFO - [2025-12-21T20:24:40.744+0000] {dag.py:4180} INFO - Setting next_dagrun for example_xcom to 2021-01-01 00:00:00+00:00, run_after=2021-01-01 00:00:00+00:00
[2025-12-21T20:24:40.771+0000] {processor.py:208} INFO - Processing /home/airflow/.local/lib/python3.12/site-packages/airflow/example_dags/example_xcom.py took 0.094 seconds
[2025-12-21T20:25:11.323+0000] {processor.py:186} INFO - Started process (PID=311) to work on /home/airflow/.local/lib/python3.12/site-packages/airflow/example_dags/example_xcom.py
[2025-12-21T20:25:11.324+0000] {processor.py:914} INFO - Processing file /home/airflow/.local/lib/python3.12/site-packages/airflow/example_dags/example_xcom.py for tasks to queue
[2025-12-21T20:25:11.326+0000] {logging_mixin.py:190} INFO - [2025-12-21T20:25:11.326+0000] {dagbag.py:588} INFO - Filling up the DagBag from /home/airflow/.local/lib/python3.12/site-packages/airflow/example_dags/example_xcom.py
[2025-12-21T20:25:11.339+0000] {processor.py:925} INFO - DAG(s) 'example_xcom' retrieved from /home/airflow/.local/lib/python3.12/site-packages/airflow/example_dags/example_xcom.py
[2025-12-21T20:25:11.365+0000] {logging_mixin.py:190} INFO - [2025-12-21T20:25:11.365+0000] {dag.py:3239} INFO - Sync 1 DAGs
[2025-12-21T20:25:11.406+0000] {logging_mixin.py:190} INFO - [2025-12-21T20:25:11.406+0000] {dag.py:4180} INFO - Setting next_dagrun for example_xcom to 2021-01-01 00:00:00+00:00, run_after=2021-01-01 00:00:00+00:00
[2025-12-21T20:25:11.436+0000] {processor.py:208} INFO - Processing /home/airflow/.local/lib/python3.12/site-packages/airflow/example_dags/example_xcom.py took 0.119 seconds
[2025-12-21T20:25:41.845+0000] {processor.py:186} INFO - Started process (PID=376) to work on /home/airflow/.local/lib/python3.12/site-packages/airflow/example_dags/example_xcom.py
[2025-12-21T20:25:41.846+0000] {processor.py:914} INFO - Processing file /home/airflow/.local/lib/python3.12/site-packages/airflow/example_dags/example_xcom.py for tasks to queue
[2025-12-21T20:25:41.850+0000] {logging_mixin.py:190} INFO - [2025-12-21T20:25:41.849+0000] {dagbag.py:588} INFO - Filling up the DagBag from /home/airflow/.local/lib/python3.12/site-packages/airflow/example_dags/example_xcom.py
[2025-12-21T20:25:41.860+0000] {processor.py:925} INFO - DAG(s) 'example_xcom' retrieved from /home/airflow/.local/lib/python3.12/site-packages/airflow/example_dags/example_xcom.py
[2025-12-21T20:25:41.882+0000] {logging_mixin.py:190} INFO - [2025-12-21T20:25:41.881+0000] {dag.py:3239} INFO - Sync 1 DAGs
[2025-12-21T20:25:41.903+0000] {logging_mixin.py:190} INFO - [2025-12-21T20:25:41.902+0000] {dag.py:4180} INFO - Setting next_dagrun for example_xcom to 2021-01-01 00:00:00+00:00, run_after=2021-01-01 00:00:00+00:00
[2025-12-21T20:25:41.943+0000] {processor.py:208} INFO - Processing /home/airflow/.local/lib/python3.12/site-packages/airflow/example_dags/example_xcom.py took 0.107 seconds
[2025-12-21T20:26:12.510+0000] {processor.py:186} INFO - Started process (PID=443) to work on /home/airflow/.local/lib/python3.12/site-packages/airflow/example_dags/example_xcom.py
[2025-12-21T20:26:12.512+0000] {processor.py:914} INFO - Processing file /home/airflow/.local/lib/python3.12/site-packages/airflow/example_dags/example_xcom.py for tasks to queue
[2025-12-21T20:26:12.515+0000] {logging_mixin.py:190} INFO - [2025-12-21T20:26:12.515+0000] {dagbag.py:588} INFO - Filling up the DagBag from /home/airflow/.local/lib/python3.12/site-packages/airflow/example_dags/example_xcom.py
[2025-12-21T20:26:12.525+0000] {processor.py:925} INFO - DAG(s) 'example_xcom' retrieved from /home/airflow/.local/lib/python3.12/site-packages/airflow/example_dags/example_xcom.py
[2025-12-21T20:26:12.546+0000] {logging_mixin.py:190} INFO - [2025-12-21T20:26:12.545+0000] {dag.py:3239} INFO - Sync 1 DAGs
[2025-12-21T20:26:12.568+0000] {logging_mixin.py:190} INFO - [2025-12-21T20:26:12.568+0000] {dag.py:4180} INFO - Setting next_dagrun for example_xcom to 2021-01-01 00:00:00+00:00, run_after=2021-01-01 00:00:00+00:00
[2025-12-21T20:26:12.597+0000] {processor.py:208} INFO - Processing /home/airflow/.local/lib/python3.12/site-packages/airflow/example_dags/example_xcom.py took 0.096 seconds
[2025-12-21T20:26:43.738+0000] {processor.py:186} INFO - Started process (PID=509) to work on /home/airflow/.local/lib/python3.12/site-packages/airflow/example_dags/example_xcom.py
[2025-12-21T20:26:43.739+0000] {processor.py:914} INFO - Processing file /home/airflow/.local/lib/python3.12/site-packages/airflow/example_dags/example_xcom.py for tasks to queue
[2025-12-21T20:26:43.742+0000] {logging_mixin.py:190} INFO - [2025-12-21T20:26:43.742+0000] {dagbag.py:588} INFO - Filling up the DagBag from /home/airflow/.local/lib/python3.12/site-packages/airflow/example_dags/example_xcom.py
[2025-12-21T20:26:43.753+0000] {processor.py:925} INFO - DAG(s) 'example_xcom' retrieved from /home/airflow/.local/lib/python3.12/site-packages/airflow/example_dags/example_xcom.py
[2025-12-21T20:26:43.785+0000] {logging_mixin.py:190} INFO - [2025-12-21T20:26:43.785+0000] {dag.py:3239} INFO - Sync 1 DAGs
[2025-12-21T20:26:43.816+0000] {logging_mixin.py:190} INFO - [2025-12-21T20:26:43.816+0000] {dag.py:4180} INFO - Setting next_dagrun for example_xcom to 2021-01-01 00:00:00+00:00, run_after=2021-01-01 00:00:00+00:00
[2025-12-21T20:26:43.844+0000] {processor.py:208} INFO - Processing /home/airflow/.local/lib/python3.12/site-packages/airflow/example_dags/example_xcom.py took 0.115 seconds
[2025-12-21T20:27:14.788+0000] {processor.py:186} INFO - Started process (PID=575) to work on /home/airflow/.local/lib/python3.12/site-packages/airflow/example_dags/example_xcom.py
[2025-12-21T20:27:14.790+0000] {processor.py:914} INFO - Processing file /home/airflow/.local/lib/python3.12/site-packages/airflow/example_dags/example_xcom.py for tasks to queue
[2025-12-21T20:27:14.794+0000] {logging_mixin.py:190} INFO - [2025-12-21T20:27:14.793+0000] {dagbag.py:588} INFO - Filling up the DagBag from /home/airflow/.local/lib/python3.12/site-packages/airflow/example_dags/example_xcom.py
[2025-12-21T20:27:14.806+0000] {processor.py:925} INFO - DAG(s) 'example_xcom' retrieved from /home/airflow/.local/lib/python3.12/site-packages/airflow/example_dags/example_xcom.py
[2025-12-21T20:27:14.843+0000] {logging_mixin.py:190} INFO - [2025-12-21T20:27:14.843+0000] {dag.py:3239} INFO - Sync 1 DAGs
[2025-12-21T20:27:14.869+0000] {logging_mixin.py:190} INFO - [2025-12-21T20:27:14.869+0000] {dag.py:4180} INFO - Setting next_dagrun for example_xcom to 2021-01-01 00:00:00+00:00, run_after=2021-01-01 00:00:00+00:00
[2025-12-21T20:27:14.923+0000] {processor.py:208} INFO - Processing /home/airflow/.local/lib/python3.12/site-packages/airflow/example_dags/example_xcom.py took 0.141 seconds
[2025-12-21T20:27:45.945+0000] {processor.py:186} INFO - Started process (PID=641) to work on /home/airflow/.local/lib/python3.12/site-packages/airflow/example_dags/example_xcom.py
[2025-12-21T20:27:45.946+0000] {processor.py:914} INFO - Processing file /home/airflow/.local/lib/python3.12/site-packages/airflow/example_dags/example_xcom.py for tasks to queue
[2025-12-21T20:27:45.949+0000] {logging_mixin.py:190} INFO - [2025-12-21T20:27:45.949+0000] {dagbag.py:588} INFO - Filling up the DagBag from /home/airflow/.local/lib/python3.12/site-packages/airflow/example_dags/example_xcom.py
[2025-12-21T20:27:45.961+0000] {processor.py:925} INFO - DAG(s) 'example_xcom' retrieved from /home/airflow/.local/lib/python3.12/site-packages/airflow/example_dags/example_xcom.py
[2025-12-21T20:27:45.989+0000] {logging_mixin.py:190} INFO - [2025-12-21T20:27:45.989+0000] {dag.py:3239} INFO - Sync 1 DAGs
[2025-12-21T20:27:46.023+0000] {logging_mixin.py:190} INFO - [2025-12-21T20:27:46.023+0000] {dag.py:4180} INFO - Setting next_dagrun for example_xcom to 2021-01-01 00:00:00+00:00, run_after=2021-01-01 00:00:00+00:00
[2025-12-21T20:27:46.069+0000] {processor.py:208} INFO - Processing /home/airflow/.local/lib/python3.12/site-packages/airflow/example_dags/example_xcom.py took 0.130 seconds
[2025-12-21T20:28:16.316+0000] {processor.py:186} INFO - Started process (PID=706) to work on /home/airflow/.local/lib/python3.12/site-packages/airflow/example_dags/example_xcom.py
[2025-12-21T20:28:16.317+0000] {processor.py:914} INFO - Processing file /home/airflow/.local/lib/python3.12/site-packages/airflow/example_dags/example_xcom.py for tasks to queue
[2025-12-21T20:28:16.319+0000] {logging_mixin.py:190} INFO - [2025-12-21T20:28:16.318+0000] {dagbag.py:588} INFO - Filling up the DagBag from /home/airflow/.local/lib/python3.12/site-packages/airflow/example_dags/example_xcom.py
[2025-12-21T20:28:16.327+0000] {processor.py:925} INFO - DAG(s) 'example_xcom' retrieved from /home/airflow/.local/lib/python3.12/site-packages/airflow/example_dags/example_xcom.py
[2025-12-21T20:28:16.351+0000] {logging_mixin.py:190} INFO - [2025-12-21T20:28:16.350+0000] {dag.py:3239} INFO - Sync 1 DAGs
[2025-12-21T20:28:16.375+0000] {logging_mixin.py:190} INFO - [2025-12-21T20:28:16.374+0000] {dag.py:4180} INFO - Setting next_dagrun for example_xcom to 2021-01-01 00:00:00+00:00, run_after=2021-01-01 00:00:00+00:00
[2025-12-21T20:28:16.426+0000] {processor.py:208} INFO - Processing /home/airflow/.local/lib/python3.12/site-packages/airflow/example_dags/example_xcom.py took 0.115 seconds
[2025-12-21T20:28:46.576+0000] {processor.py:186} INFO - Started process (PID=772) to work on /home/airflow/.local/lib/python3.12/site-packages/airflow/example_dags/example_xcom.py
[2025-12-21T20:28:46.577+0000] {processor.py:914} INFO - Processing file /home/airflow/.local/lib/python3.12/site-packages/airflow/example_dags/example_xcom.py for tasks to queue
[2025-12-21T20:28:46.580+0000] {logging_mixin.py:190} INFO - [2025-12-21T20:28:46.580+0000] {dagbag.py:588} INFO - Filling up the DagBag from /home/airflow/.local/lib/python3.12/site-packages/airflow/example_dags/example_xcom.py
[2025-12-21T20:28:46.590+0000] {processor.py:925} INFO - DAG(s) 'example_xcom' retrieved from /home/airflow/.local/lib/python3.12/site-packages/airflow/example_dags/example_xcom.py
[2025-12-21T20:28:46.612+0000] {logging_mixin.py:190} INFO - [2025-12-21T20:28:46.611+0000] {dag.py:3239} INFO - Sync 1 DAGs
[2025-12-21T20:28:46.640+0000] {logging_mixin.py:190} INFO - [2025-12-21T20:28:46.640+0000] {dag.py:4180} INFO - Setting next_dagrun for example_xcom to 2021-01-01 00:00:00+00:00, run_after=2021-01-01 00:00:00+00:00
[2025-12-21T20:28:46.664+0000] {processor.py:208} INFO - Processing /home/airflow/.local/lib/python3.12/site-packages/airflow/example_dags/example_xcom.py took 0.106 seconds
[2025-12-21T20:29:16.957+0000] {processor.py:186} INFO - Started process (PID=838) to work on /home/airflow/.local/lib/python3.12/site-packages/airflow/example_dags/example_xcom.py
[2025-12-21T20:29:16.959+0000] {processor.py:914} INFO - Processing file /home/airflow/.local/lib/python3.12/site-packages/airflow/example_dags/example_xcom.py for tasks to queue
[2025-12-21T20:29:16.965+0000] {logging_mixin.py:190} INFO - [2025-12-21T20:29:16.964+0000] {dagbag.py:588} INFO - Filling up the DagBag from /home/airflow/.local/lib/python3.12/site-packages/airflow/example_dags/example_xcom.py
[2025-12-21T20:29:16.982+0000] {processor.py:925} INFO - DAG(s) 'example_xcom' retrieved from /home/airflow/.local/lib/python3.12/site-packages/airflow/example_dags/example_xcom.py
[2025-12-21T20:29:17.005+0000] {logging_mixin.py:190} INFO - [2025-12-21T20:29:17.005+0000] {dag.py:3239} INFO - Sync 1 DAGs
[2025-12-21T20:29:17.028+0000] {logging_mixin.py:190} INFO - [2025-12-21T20:29:17.028+0000] {dag.py:4180} INFO - Setting next_dagrun for example_xcom to 2021-01-01 00:00:00+00:00, run_after=2021-01-01 00:00:00+00:00
[2025-12-21T20:29:17.054+0000] {processor.py:208} INFO - Processing /home/airflow/.local/lib/python3.12/site-packages/airflow/example_dags/example_xcom.py took 0.111 seconds
[2025-12-21T20:29:47.397+0000] {processor.py:186} INFO - Started process (PID=904) to work on /home/airflow/.local/lib/python3.12/site-packages/airflow/example_dags/example_xcom.py
[2025-12-21T20:29:47.399+0000] {processor.py:914} INFO - Processing file /home/airflow/.local/lib/python3.12/site-packages/airflow/example_dags/example_xcom.py for tasks to queue
[2025-12-21T20:29:47.403+0000] {logging_mixin.py:190} INFO - [2025-12-21T20:29:47.403+0000] {dagbag.py:588} INFO - Filling up the DagBag from /home/airflow/.local/lib/python3.12/site-packages/airflow/example_dags/example_xcom.py
[2025-12-21T20:29:47.417+0000] {processor.py:925} INFO - DAG(s) 'example_xcom' retrieved from /home/airflow/.local/lib/python3.12/site-packages/airflow/example_dags/example_xcom.py
[2025-12-21T20:29:47.435+0000] {logging_mixin.py:190} INFO - [2025-12-21T20:29:47.435+0000] {dag.py:3239} INFO - Sync 1 DAGs
[2025-12-21T20:29:47.458+0000] {logging_mixin.py:190} INFO - [2025-12-21T20:29:47.458+0000] {dag.py:4180} INFO - Setting next_dagrun for example_xcom to 2021-01-01 00:00:00+00:00, run_after=2021-01-01 00:00:00+00:00
[2025-12-21T20:29:47.483+0000] {processor.py:208} INFO - Processing /home/airflow/.local/lib/python3.12/site-packages/airflow/example_dags/example_xcom.py took 0.100 seconds
[2025-12-21T20:30:17.623+0000] {processor.py:186} INFO - Started process (PID=969) to work on /home/airflow/.local/lib/python3.12/site-packages/airflow/example_dags/example_xcom.py
[2025-12-21T20:30:17.625+0000] {processor.py:914} INFO - Processing file /home/airflow/.local/lib/python3.12/site-packages/airflow/example_dags/example_xcom.py for tasks to queue
[2025-12-21T20:30:17.631+0000] {logging_mixin.py:190} INFO - [2025-12-21T20:30:17.630+0000] {dagbag.py:588} INFO - Filling up the DagBag from /home/airflow/.local/lib/python3.12/site-packages/airflow/example_dags/example_xcom.py
[2025-12-21T20:30:17.650+0000] {processor.py:925} INFO - DAG(s) 'example_xcom' retrieved from /home/airflow/.local/lib/python3.12/site-packages/airflow/example_dags/example_xcom.py
[2025-12-21T20:30:17.691+0000] {logging_mixin.py:190} INFO - [2025-12-21T20:30:17.691+0000] {dag.py:3239} INFO - Sync 1 DAGs
[2025-12-21T20:30:17.715+0000] {logging_mixin.py:190} INFO - [2025-12-21T20:30:17.715+0000] {dag.py:4180} INFO - Setting next_dagrun for example_xcom to 2021-01-01 00:00:00+00:00, run_after=2021-01-01 00:00:00+00:00
[2025-12-21T20:30:17.742+0000] {processor.py:208} INFO - Processing /home/airflow/.local/lib/python3.12/site-packages/airflow/example_dags/example_xcom.py took 0.130 seconds
[2025-12-21T20:30:47.955+0000] {processor.py:186} INFO - Started process (PID=1035) to work on /home/airflow/.local/lib/python3.12/site-packages/airflow/example_dags/example_xcom.py
[2025-12-21T20:30:47.957+0000] {processor.py:914} INFO - Processing file /home/airflow/.local/lib/python3.12/site-packages/airflow/example_dags/example_xcom.py for tasks to queue
[2025-12-21T20:30:47.962+0000] {logging_mixin.py:190} INFO - [2025-12-21T20:30:47.961+0000] {dagbag.py:588} INFO - Filling up the DagBag from /home/airflow/.local/lib/python3.12/site-packages/airflow/example_dags/example_xcom.py
[2025-12-21T20:30:47.984+0000] {processor.py:925} INFO - DAG(s) 'example_xcom' retrieved from /home/airflow/.local/lib/python3.12/site-packages/airflow/example_dags/example_xcom.py
[2025-12-21T20:30:48.020+0000] {logging_mixin.py:190} INFO - [2025-12-21T20:30:48.019+0000] {dag.py:3239} INFO - Sync 1 DAGs
[2025-12-21T20:30:48.042+0000] {logging_mixin.py:190} INFO - [2025-12-21T20:30:48.042+0000] {dag.py:4180} INFO - Setting next_dagrun for example_xcom to 2021-01-01 00:00:00+00:00, run_after=2021-01-01 00:00:00+00:00
[2025-12-21T20:30:48.066+0000] {processor.py:208} INFO - Processing /home/airflow/.local/lib/python3.12/site-packages/airflow/example_dags/example_xcom.py took 0.117 seconds
[2025-12-21T20:31:18.342+0000] {processor.py:186} INFO - Started process (PID=1101) to work on /home/airflow/.local/lib/python3.12/site-packages/airflow/example_dags/example_xcom.py
[2025-12-21T20:31:18.343+0000] {processor.py:914} INFO - Processing file /home/airflow/.local/lib/python3.12/site-packages/airflow/example_dags/example_xcom.py for tasks to queue
[2025-12-21T20:31:18.348+0000] {logging_mixin.py:190} INFO - [2025-12-21T20:31:18.347+0000] {dagbag.py:588} INFO - Filling up the DagBag from /home/airflow/.local/lib/python3.12/site-packages/airflow/example_dags/example_xcom.py
[2025-12-21T20:31:18.364+0000] {processor.py:925} INFO - DAG(s) 'example_xcom' retrieved from /home/airflow/.local/lib/python3.12/site-packages/airflow/example_dags/example_xcom.py
[2025-12-21T20:31:18.396+0000] {logging_mixin.py:190} INFO - [2025-12-21T20:31:18.396+0000] {dag.py:3239} INFO - Sync 1 DAGs
[2025-12-21T20:31:18.430+0000] {logging_mixin.py:190} INFO - [2025-12-21T20:31:18.430+0000] {dag.py:4180} INFO - Setting next_dagrun for example_xcom to 2021-01-01 00:00:00+00:00, run_after=2021-01-01 00:00:00+00:00
[2025-12-21T20:31:18.457+0000] {processor.py:208} INFO - Processing /home/airflow/.local/lib/python3.12/site-packages/airflow/example_dags/example_xcom.py took 0.125 seconds
[2025-12-21T20:31:48.606+0000] {processor.py:186} INFO - Started process (PID=1167) to work on /home/airflow/.local/lib/python3.12/site-packages/airflow/example_dags/example_xcom.py
[2025-12-21T20:31:48.608+0000] {processor.py:914} INFO - Processing file /home/airflow/.local/lib/python3.12/site-packages/airflow/example_dags/example_xcom.py for tasks to queue
[2025-12-21T20:31:48.614+0000] {logging_mixin.py:190} INFO - [2025-12-21T20:31:48.613+0000] {dagbag.py:588} INFO - Filling up the DagBag from /home/airflow/.local/lib/python3.12/site-packages/airflow/example_dags/example_xcom.py
[2025-12-21T20:31:48.637+0000] {processor.py:925} INFO - DAG(s) 'example_xcom' retrieved from /home/airflow/.local/lib/python3.12/site-packages/airflow/example_dags/example_xcom.py
[2025-12-21T20:31:48.663+0000] {logging_mixin.py:190} INFO - [2025-12-21T20:31:48.663+0000] {dag.py:3239} INFO - Sync 1 DAGs
[2025-12-21T20:31:48.695+0000] {logging_mixin.py:190} INFO - [2025-12-21T20:31:48.695+0000] {dag.py:4180} INFO - Setting next_dagrun for example_xcom to 2021-01-01 00:00:00+00:00, run_after=2021-01-01 00:00:00+00:00
[2025-12-21T20:31:48.722+0000] {processor.py:208} INFO - Processing /home/airflow/.local/lib/python3.12/site-packages/airflow/example_dags/example_xcom.py took 0.127 seconds
[2025-12-21T20:32:18.764+0000] {processor.py:186} INFO - Started process (PID=1233) to work on /home/airflow/.local/lib/python3.12/site-packages/airflow/example_dags/example_xcom.py
[2025-12-21T20:32:18.765+0000] {processor.py:914} INFO - Processing file /home/airflow/.local/lib/python3.12/site-packages/airflow/example_dags/example_xcom.py for tasks to queue
[2025-12-21T20:32:18.767+0000] {logging_mixin.py:190} INFO - [2025-12-21T20:32:18.767+0000] {dagbag.py:588} INFO - Filling up the DagBag from /home/airflow/.local/lib/python3.12/site-packages/airflow/example_dags/example_xcom.py
[2025-12-21T20:32:18.779+0000] {processor.py:925} INFO - DAG(s) 'example_xcom' retrieved from /home/airflow/.local/lib/python3.12/site-packages/airflow/example_dags/example_xcom.py
[2025-12-21T20:32:18.801+0000] {logging_mixin.py:190} INFO - [2025-12-21T20:32:18.801+0000] {dag.py:3239} INFO - Sync 1 DAGs
[2025-12-21T20:32:18.824+0000] {logging_mixin.py:190} INFO - [2025-12-21T20:32:18.823+0000] {dag.py:4180} INFO - Setting next_dagrun for example_xcom to 2021-01-01 00:00:00+00:00, run_after=2021-01-01 00:00:00+00:00
[2025-12-21T20:32:18.848+0000] {processor.py:208} INFO - Processing /home/airflow/.local/lib/python3.12/site-packages/airflow/example_dags/example_xcom.py took 0.089 seconds
[2025-12-21T20:32:49.130+0000] {processor.py:186} INFO - Started process (PID=1299) to work on /home/airflow/.local/lib/python3.12/site-packages/airflow/example_dags/example_xcom.py
[2025-12-21T20:32:49.132+0000] {processor.py:914} INFO - Processing file /home/airflow/.local/lib/python3.12/site-packages/airflow/example_dags/example_xcom.py for tasks to queue
[2025-12-21T20:32:49.139+0000] {logging_mixin.py:190} INFO - [2025-12-21T20:32:49.137+0000] {dagbag.py:588} INFO - Filling up the DagBag from /home/airflow/.local/lib/python3.12/site-packages/airflow/example_dags/example_xcom.py
[2025-12-21T20:32:49.161+0000] {processor.py:925} INFO - DAG(s) 'example_xcom' retrieved from /home/airflow/.local/lib/python3.12/site-packages/airflow/example_dags/example_xcom.py
[2025-12-21T20:32:49.192+0000] {logging_mixin.py:190} INFO - [2025-12-21T20:32:49.192+0000] {dag.py:3239} INFO - Sync 1 DAGs
[2025-12-21T20:32:49.234+0000] {logging_mixin.py:190} INFO - [2025-12-21T20:32:49.233+0000] {dag.py:4180} INFO - Setting next_dagrun for example_xcom to 2021-01-01 00:00:00+00:00, run_after=2021-01-01 00:00:00+00:00
[2025-12-21T20:32:49.261+0000] {processor.py:208} INFO - Processing /home/airflow/.local/lib/python3.12/site-packages/airflow/example_dags/example_xcom.py took 0.144 seconds
[2025-12-21T20:33:19.351+0000] {processor.py:186} INFO - Started process (PID=1365) to work on /home/airflow/.local/lib/python3.12/site-packages/airflow/example_dags/example_xcom.py
[2025-12-21T20:33:19.355+0000] {processor.py:914} INFO - Processing file /home/airflow/.local/lib/python3.12/site-packages/airflow/example_dags/example_xcom.py for tasks to queue
[2025-12-21T20:33:19.359+0000] {logging_mixin.py:190} INFO - [2025-12-21T20:33:19.359+0000] {dagbag.py:588} INFO - Filling up the DagBag from /home/airflow/.local/lib/python3.12/site-packages/airflow/example_dags/example_xcom.py
[2025-12-21T20:33:19.376+0000] {processor.py:925} INFO - DAG(s) 'example_xcom' retrieved from /home/airflow/.local/lib/python3.12/site-packages/airflow/example_dags/example_xcom.py
[2025-12-21T20:33:19.408+0000] {logging_mixin.py:190} INFO - [2025-12-21T20:33:19.407+0000] {dag.py:3239} INFO - Sync 1 DAGs
[2025-12-21T20:33:19.443+0000] {logging_mixin.py:190} INFO - [2025-12-21T20:33:19.442+0000] {dag.py:4180} INFO - Setting next_dagrun for example_xcom to 2021-01-01 00:00:00+00:00, run_after=2021-01-01 00:00:00+00:00
[2025-12-21T20:33:19.467+0000] {processor.py:208} INFO - Processing /home/airflow/.local/lib/python3.12/site-packages/airflow/example_dags/example_xcom.py took 0.127 seconds
[2025-12-21T20:33:49.907+0000] {processor.py:186} INFO - Started process (PID=1431) to work on /home/airflow/.local/lib/python3.12/site-packages/airflow/example_dags/example_xcom.py
[2025-12-21T20:33:49.908+0000] {processor.py:914} INFO - Processing file /home/airflow/.local/lib/python3.12/site-packages/airflow/example_dags/example_xcom.py for tasks to queue
[2025-12-21T20:33:49.910+0000] {logging_mixin.py:190} INFO - [2025-12-21T20:33:49.910+0000] {dagbag.py:588} INFO - Filling up the DagBag from /home/airflow/.local/lib/python3.12/site-packages/airflow/example_dags/example_xcom.py
[2025-12-21T20:33:49.919+0000] {processor.py:925} INFO - DAG(s) 'example_xcom' retrieved from /home/airflow/.local/lib/python3.12/site-packages/airflow/example_dags/example_xcom.py
[2025-12-21T20:33:49.953+0000] {logging_mixin.py:190} INFO - [2025-12-21T20:33:49.953+0000] {dag.py:3239} INFO - Sync 1 DAGs
[2025-12-21T20:33:49.984+0000] {logging_mixin.py:190} INFO - [2025-12-21T20:33:49.984+0000] {dag.py:4180} INFO - Setting next_dagrun for example_xcom to 2021-01-01 00:00:00+00:00, run_after=2021-01-01 00:00:00+00:00
[2025-12-21T20:33:50.016+0000] {processor.py:208} INFO - Processing /home/airflow/.local/lib/python3.12/site-packages/airflow/example_dags/example_xcom.py took 0.158 seconds
[2025-12-21T20:34:20.276+0000] {processor.py:186} INFO - Started process (PID=1497) to work on /home/airflow/.local/lib/python3.12/site-packages/airflow/example_dags/example_xcom.py
[2025-12-21T20:34:20.278+0000] {processor.py:914} INFO - Processing file /home/airflow/.local/lib/python3.12/site-packages/airflow/example_dags/example_xcom.py for tasks to queue
[2025-12-21T20:34:20.285+0000] {logging_mixin.py:190} INFO - [2025-12-21T20:34:20.284+0000] {dagbag.py:588} INFO - Filling up the DagBag from /home/airflow/.local/lib/python3.12/site-packages/airflow/example_dags/example_xcom.py
[2025-12-21T20:34:20.314+0000] {processor.py:925} INFO - DAG(s) 'example_xcom' retrieved from /home/airflow/.local/lib/python3.12/site-packages/airflow/example_dags/example_xcom.py
[2025-12-21T20:34:20.339+0000] {logging_mixin.py:190} INFO - [2025-12-21T20:34:20.338+0000] {dag.py:3239} INFO - Sync 1 DAGs
[2025-12-21T20:34:20.369+0000] {logging_mixin.py:190} INFO - [2025-12-21T20:34:20.369+0000] {dag.py:4180} INFO - Setting next_dagrun for example_xcom to 2021-01-01 00:00:00+00:00, run_after=2021-01-01 00:00:00+00:00
[2025-12-21T20:34:20.397+0000] {processor.py:208} INFO - Processing /home/airflow/.local/lib/python3.12/site-packages/airflow/example_dags/example_xcom.py took 0.136 seconds
[2025-12-21T20:34:50.630+0000] {processor.py:186} INFO - Started process (PID=1563) to work on /home/airflow/.local/lib/python3.12/site-packages/airflow/example_dags/example_xcom.py
[2025-12-21T20:34:50.631+0000] {processor.py:914} INFO - Processing file /home/airflow/.local/lib/python3.12/site-packages/airflow/example_dags/example_xcom.py for tasks to queue
[2025-12-21T20:34:50.635+0000] {logging_mixin.py:190} INFO - [2025-12-21T20:34:50.635+0000] {dagbag.py:588} INFO - Filling up the DagBag from /home/airflow/.local/lib/python3.12/site-packages/airflow/example_dags/example_xcom.py
[2025-12-21T20:34:50.649+0000] {processor.py:925} INFO - DAG(s) 'example_xcom' retrieved from /home/airflow/.local/lib/python3.12/site-packages/airflow/example_dags/example_xcom.py
[2025-12-21T20:34:50.676+0000] {logging_mixin.py:190} INFO - [2025-12-21T20:34:50.675+0000] {dag.py:3239} INFO - Sync 1 DAGs
[2025-12-21T20:34:50.713+0000] {logging_mixin.py:190} INFO - [2025-12-21T20:34:50.713+0000] {dag.py:4180} INFO - Setting next_dagrun for example_xcom to 2021-01-01 00:00:00+00:00, run_after=2021-01-01 00:00:00+00:00
[2025-12-21T20:34:50.750+0000] {processor.py:208} INFO - Processing /home/airflow/.local/lib/python3.12/site-packages/airflow/example_dags/example_xcom.py took 0.131 seconds
[2025-12-21T20:35:21.230+0000] {processor.py:186} INFO - Started process (PID=1629) to work on /home/airflow/.local/lib/python3.12/site-packages/airflow/example_dags/example_xcom.py
[2025-12-21T20:35:21.233+0000] {processor.py:914} INFO - Processing file /home/airflow/.local/lib/python3.12/site-packages/airflow/example_dags/example_xcom.py for tasks to queue
[2025-12-21T20:35:21.238+0000] {logging_mixin.py:190} INFO - [2025-12-21T20:35:21.237+0000] {dagbag.py:588} INFO - Filling up the DagBag from /home/airflow/.local/lib/python3.12/site-packages/airflow/example_dags/example_xcom.py
[2025-12-21T20:35:21.255+0000] {processor.py:925} INFO - DAG(s) 'example_xcom' retrieved from /home/airflow/.local/lib/python3.12/site-packages/airflow/example_dags/example_xcom.py
[2025-12-21T20:35:21.293+0000] {logging_mixin.py:190} INFO - [2025-12-21T20:35:21.292+0000] {dag.py:3239} INFO - Sync 1 DAGs
[2025-12-21T20:35:21.337+0000] {logging_mixin.py:190} INFO - [2025-12-21T20:35:21.337+0000] {dag.py:4180} INFO - Setting next_dagrun for example_xcom to 2021-01-01 00:00:00+00:00, run_after=2021-01-01 00:00:00+00:00
[2025-12-21T20:35:21.366+0000] {processor.py:208} INFO - Processing /home/airflow/.local/lib/python3.12/site-packages/airflow/example_dags/example_xcom.py took 0.148 seconds
[2025-12-21T20:35:51.492+0000] {processor.py:186} INFO - Started process (PID=1694) to work on /home/airflow/.local/lib/python3.12/site-packages/airflow/example_dags/example_xcom.py
[2025-12-21T20:35:51.494+0000] {processor.py:914} INFO - Processing file /home/airflow/.local/lib/python3.12/site-packages/airflow/example_dags/example_xcom.py for tasks to queue
[2025-12-21T20:35:51.499+0000] {logging_mixin.py:190} INFO - [2025-12-21T20:35:51.499+0000] {dagbag.py:588} INFO - Filling up the DagBag from /home/airflow/.local/lib/python3.12/site-packages/airflow/example_dags/example_xcom.py
[2025-12-21T20:35:51.509+0000] {processor.py:925} INFO - DAG(s) 'example_xcom' retrieved from /home/airflow/.local/lib/python3.12/site-packages/airflow/example_dags/example_xcom.py
[2025-12-21T20:35:51.534+0000] {logging_mixin.py:190} INFO - [2025-12-21T20:35:51.534+0000] {dag.py:3239} INFO - Sync 1 DAGs
[2025-12-21T20:35:51.562+0000] {logging_mixin.py:190} INFO - [2025-12-21T20:35:51.561+0000] {dag.py:4180} INFO - Setting next_dagrun for example_xcom to 2021-01-01 00:00:00+00:00, run_after=2021-01-01 00:00:00+00:00
[2025-12-21T20:35:51.593+0000] {processor.py:208} INFO - Processing /home/airflow/.local/lib/python3.12/site-packages/airflow/example_dags/example_xcom.py took 0.111 seconds
[2025-12-21T20:36:22.078+0000] {processor.py:186} INFO - Started process (PID=1760) to work on /home/airflow/.local/lib/python3.12/site-packages/airflow/example_dags/example_xcom.py
[2025-12-21T20:36:22.080+0000] {processor.py:914} INFO - Processing file /home/airflow/.local/lib/python3.12/site-packages/airflow/example_dags/example_xcom.py for tasks to queue
[2025-12-21T20:36:22.083+0000] {logging_mixin.py:190} INFO - [2025-12-21T20:36:22.082+0000] {dagbag.py:588} INFO - Filling up the DagBag from /home/airflow/.local/lib/python3.12/site-packages/airflow/example_dags/example_xcom.py
[2025-12-21T20:36:22.093+0000] {processor.py:925} INFO - DAG(s) 'example_xcom' retrieved from /home/airflow/.local/lib/python3.12/site-packages/airflow/example_dags/example_xcom.py
[2025-12-21T20:36:22.119+0000] {logging_mixin.py:190} INFO - [2025-12-21T20:36:22.119+0000] {dag.py:3239} INFO - Sync 1 DAGs
[2025-12-21T20:36:22.156+0000] {logging_mixin.py:190} INFO - [2025-12-21T20:36:22.155+0000] {dag.py:4180} INFO - Setting next_dagrun for example_xcom to 2021-01-01 00:00:00+00:00, run_after=2021-01-01 00:00:00+00:00
[2025-12-21T20:36:22.186+0000] {processor.py:208} INFO - Processing /home/airflow/.local/lib/python3.12/site-packages/airflow/example_dags/example_xcom.py took 0.120 seconds
[2025-12-21T20:36:52.739+0000] {processor.py:186} INFO - Started process (PID=1826) to work on /home/airflow/.local/lib/python3.12/site-packages/airflow/example_dags/example_xcom.py
[2025-12-21T20:36:52.741+0000] {processor.py:914} INFO - Processing file /home/airflow/.local/lib/python3.12/site-packages/airflow/example_dags/example_xcom.py for tasks to queue
[2025-12-21T20:36:52.746+0000] {logging_mixin.py:190} INFO - [2025-12-21T20:36:52.745+0000] {dagbag.py:588} INFO - Filling up the DagBag from /home/airflow/.local/lib/python3.12/site-packages/airflow/example_dags/example_xcom.py
[2025-12-21T20:36:52.767+0000] {processor.py:925} INFO - DAG(s) 'example_xcom' retrieved from /home/airflow/.local/lib/python3.12/site-packages/airflow/example_dags/example_xcom.py
[2025-12-21T20:36:52.792+0000] {logging_mixin.py:190} INFO - [2025-12-21T20:36:52.791+0000] {dag.py:3239} INFO - Sync 1 DAGs
[2025-12-21T20:36:52.814+0000] {logging_mixin.py:190} INFO - [2025-12-21T20:36:52.814+0000] {dag.py:4180} INFO - Setting next_dagrun for example_xcom to 2021-01-01 00:00:00+00:00, run_after=2021-01-01 00:00:00+00:00
[2025-12-21T20:36:52.841+0000] {processor.py:208} INFO - Processing /home/airflow/.local/lib/python3.12/site-packages/airflow/example_dags/example_xcom.py took 0.115 seconds
[2025-12-21T20:37:23.328+0000] {processor.py:186} INFO - Started process (PID=1892) to work on /home/airflow/.local/lib/python3.12/site-packages/airflow/example_dags/example_xcom.py
[2025-12-21T20:37:23.331+0000] {processor.py:914} INFO - Processing file /home/airflow/.local/lib/python3.12/site-packages/airflow/example_dags/example_xcom.py for tasks to queue
[2025-12-21T20:37:23.337+0000] {logging_mixin.py:190} INFO - [2025-12-21T20:37:23.336+0000] {dagbag.py:588} INFO - Filling up the DagBag from /home/airflow/.local/lib/python3.12/site-packages/airflow/example_dags/example_xcom.py
[2025-12-21T20:37:23.356+0000] {processor.py:925} INFO - DAG(s) 'example_xcom' retrieved from /home/airflow/.local/lib/python3.12/site-packages/airflow/example_dags/example_xcom.py
[2025-12-21T20:37:23.379+0000] {logging_mixin.py:190} INFO - [2025-12-21T20:37:23.379+0000] {dag.py:3239} INFO - Sync 1 DAGs
[2025-12-21T20:37:23.402+0000] {logging_mixin.py:190} INFO - [2025-12-21T20:37:23.402+0000] {dag.py:4180} INFO - Setting next_dagrun for example_xcom to 2021-01-01 00:00:00+00:00, run_after=2021-01-01 00:00:00+00:00
[2025-12-21T20:37:23.435+0000] {processor.py:208} INFO - Processing /home/airflow/.local/lib/python3.12/site-packages/airflow/example_dags/example_xcom.py took 0.123 seconds
[2025-12-21T20:37:53.832+0000] {processor.py:186} INFO - Started process (PID=1958) to work on /home/airflow/.local/lib/python3.12/site-packages/airflow/example_dags/example_xcom.py
[2025-12-21T20:37:53.834+0000] {processor.py:914} INFO - Processing file /home/airflow/.local/lib/python3.12/site-packages/airflow/example_dags/example_xcom.py for tasks to queue
[2025-12-21T20:37:53.837+0000] {logging_mixin.py:190} INFO - [2025-12-21T20:37:53.836+0000] {dagbag.py:588} INFO - Filling up the DagBag from /home/airflow/.local/lib/python3.12/site-packages/airflow/example_dags/example_xcom.py
[2025-12-21T20:37:53.850+0000] {processor.py:925} INFO - DAG(s) 'example_xcom' retrieved from /home/airflow/.local/lib/python3.12/site-packages/airflow/example_dags/example_xcom.py
[2025-12-21T20:37:53.882+0000] {logging_mixin.py:190} INFO - [2025-12-21T20:37:53.882+0000] {dag.py:3239} INFO - Sync 1 DAGs
[2025-12-21T20:37:53.914+0000] {logging_mixin.py:190} INFO - [2025-12-21T20:37:53.914+0000] {dag.py:4180} INFO - Setting next_dagrun for example_xcom to 2021-01-01 00:00:00+00:00, run_after=2021-01-01 00:00:00+00:00
[2025-12-21T20:37:53.945+0000] {processor.py:208} INFO - Processing /home/airflow/.local/lib/python3.12/site-packages/airflow/example_dags/example_xcom.py took 0.120 seconds
[2025-12-21T20:38:23.985+0000] {processor.py:186} INFO - Started process (PID=2023) to work on /home/airflow/.local/lib/python3.12/site-packages/airflow/example_dags/example_xcom.py
[2025-12-21T20:38:23.987+0000] {processor.py:914} INFO - Processing file /home/airflow/.local/lib/python3.12/site-packages/airflow/example_dags/example_xcom.py for tasks to queue
[2025-12-21T20:38:23.989+0000] {logging_mixin.py:190} INFO - [2025-12-21T20:38:23.989+0000] {dagbag.py:588} INFO - Filling up the DagBag from /home/airflow/.local/lib/python3.12/site-packages/airflow/example_dags/example_xcom.py
[2025-12-21T20:38:23.999+0000] {processor.py:925} INFO - DAG(s) 'example_xcom' retrieved from /home/airflow/.local/lib/python3.12/site-packages/airflow/example_dags/example_xcom.py
[2025-12-21T20:38:24.023+0000] {logging_mixin.py:190} INFO - [2025-12-21T20:38:24.022+0000] {dag.py:3239} INFO - Sync 1 DAGs
[2025-12-21T20:38:24.049+0000] {logging_mixin.py:190} INFO - [2025-12-21T20:38:24.048+0000] {dag.py:4180} INFO - Setting next_dagrun for example_xcom to 2021-01-01 00:00:00+00:00, run_after=2021-01-01 00:00:00+00:00
[2025-12-21T20:38:24.074+0000] {processor.py:208} INFO - Processing /home/airflow/.local/lib/python3.12/site-packages/airflow/example_dags/example_xcom.py took 0.099 seconds
[2025-12-21T20:38:54.333+0000] {processor.py:186} INFO - Started process (PID=2090) to work on /home/airflow/.local/lib/python3.12/site-packages/airflow/example_dags/example_xcom.py
[2025-12-21T20:38:54.334+0000] {processor.py:914} INFO - Processing file /home/airflow/.local/lib/python3.12/site-packages/airflow/example_dags/example_xcom.py for tasks to queue
[2025-12-21T20:38:54.338+0000] {logging_mixin.py:190} INFO - [2025-12-21T20:38:54.337+0000] {dagbag.py:588} INFO - Filling up the DagBag from /home/airflow/.local/lib/python3.12/site-packages/airflow/example_dags/example_xcom.py
[2025-12-21T20:38:54.356+0000] {processor.py:925} INFO - DAG(s) 'example_xcom' retrieved from /home/airflow/.local/lib/python3.12/site-packages/airflow/example_dags/example_xcom.py
[2025-12-21T20:38:54.385+0000] {logging_mixin.py:190} INFO - [2025-12-21T20:38:54.385+0000] {dag.py:3239} INFO - Sync 1 DAGs
[2025-12-21T20:38:54.410+0000] {logging_mixin.py:190} INFO - [2025-12-21T20:38:54.410+0000] {dag.py:4180} INFO - Setting next_dagrun for example_xcom to 2021-01-01 00:00:00+00:00, run_after=2021-01-01 00:00:00+00:00
[2025-12-21T20:38:54.441+0000] {processor.py:208} INFO - Processing /home/airflow/.local/lib/python3.12/site-packages/airflow/example_dags/example_xcom.py took 0.119 seconds
[2025-12-21T20:39:24.662+0000] {processor.py:186} INFO - Started process (PID=2156) to work on /home/airflow/.local/lib/python3.12/site-packages/airflow/example_dags/example_xcom.py
[2025-12-21T20:39:24.663+0000] {processor.py:914} INFO - Processing file /home/airflow/.local/lib/python3.12/site-packages/airflow/example_dags/example_xcom.py for tasks to queue
[2025-12-21T20:39:24.667+0000] {logging_mixin.py:190} INFO - [2025-12-21T20:39:24.666+0000] {dagbag.py:588} INFO - Filling up the DagBag from /home/airflow/.local/lib/python3.12/site-packages/airflow/example_dags/example_xcom.py
[2025-12-21T20:39:24.685+0000] {processor.py:925} INFO - DAG(s) 'example_xcom' retrieved from /home/airflow/.local/lib/python3.12/site-packages/airflow/example_dags/example_xcom.py
[2025-12-21T20:39:24.712+0000] {logging_mixin.py:190} INFO - [2025-12-21T20:39:24.712+0000] {dag.py:3239} INFO - Sync 1 DAGs
[2025-12-21T20:39:24.739+0000] {logging_mixin.py:190} INFO - [2025-12-21T20:39:24.739+0000] {dag.py:4180} INFO - Setting next_dagrun for example_xcom to 2021-01-01 00:00:00+00:00, run_after=2021-01-01 00:00:00+00:00
[2025-12-21T20:39:24.772+0000] {processor.py:208} INFO - Processing /home/airflow/.local/lib/python3.12/site-packages/airflow/example_dags/example_xcom.py took 0.115 seconds
[2025-12-21T20:39:54.972+0000] {processor.py:186} INFO - Started process (PID=2222) to work on /home/airflow/.local/lib/python3.12/site-packages/airflow/example_dags/example_xcom.py
[2025-12-21T20:39:54.975+0000] {processor.py:914} INFO - Processing file /home/airflow/.local/lib/python3.12/site-packages/airflow/example_dags/example_xcom.py for tasks to queue
[2025-12-21T20:39:54.979+0000] {logging_mixin.py:190} INFO - [2025-12-21T20:39:54.978+0000] {dagbag.py:588} INFO - Filling up the DagBag from /home/airflow/.local/lib/python3.12/site-packages/airflow/example_dags/example_xcom.py
[2025-12-21T20:39:54.996+0000] {processor.py:925} INFO - DAG(s) 'example_xcom' retrieved from /home/airflow/.local/lib/python3.12/site-packages/airflow/example_dags/example_xcom.py
[2025-12-21T20:39:55.031+0000] {logging_mixin.py:190} INFO - [2025-12-21T20:39:55.030+0000] {dag.py:3239} INFO - Sync 1 DAGs
[2025-12-21T20:39:55.060+0000] {logging_mixin.py:190} INFO - [2025-12-21T20:39:55.059+0000] {dag.py:4180} INFO - Setting next_dagrun for example_xcom to 2021-01-01 00:00:00+00:00, run_after=2021-01-01 00:00:00+00:00
[2025-12-21T20:39:55.086+0000] {processor.py:208} INFO - Processing /home/airflow/.local/lib/python3.12/site-packages/airflow/example_dags/example_xcom.py took 0.126 seconds
[2025-12-21T20:43:21.355+0000] {processor.py:186} INFO - Started process (PID=2316) to work on /home/airflow/.local/lib/python3.12/site-packages/airflow/example_dags/example_xcom.py
[2025-12-21T20:43:21.356+0000] {processor.py:914} INFO - Processing file /home/airflow/.local/lib/python3.12/site-packages/airflow/example_dags/example_xcom.py for tasks to queue
[2025-12-21T20:43:21.357+0000] {logging_mixin.py:190} INFO - [2025-12-21T20:43:21.357+0000] {dagbag.py:588} INFO - Filling up the DagBag from /home/airflow/.local/lib/python3.12/site-packages/airflow/example_dags/example_xcom.py
[2025-12-21T20:43:21.366+0000] {processor.py:925} INFO - DAG(s) 'example_xcom' retrieved from /home/airflow/.local/lib/python3.12/site-packages/airflow/example_dags/example_xcom.py
[2025-12-21T20:43:21.384+0000] {logging_mixin.py:190} INFO - [2025-12-21T20:43:21.384+0000] {dag.py:3239} INFO - Sync 1 DAGs
[2025-12-21T20:43:21.406+0000] {logging_mixin.py:190} INFO - [2025-12-21T20:43:21.406+0000] {dag.py:4180} INFO - Setting next_dagrun for example_xcom to 2021-01-01 00:00:00+00:00, run_after=2021-01-01 00:00:00+00:00
[2025-12-21T20:43:21.430+0000] {processor.py:208} INFO - Processing /home/airflow/.local/lib/python3.12/site-packages/airflow/example_dags/example_xcom.py took 0.080 seconds
[2025-12-21T20:43:52.585+0000] {processor.py:186} INFO - Started process (PID=2382) to work on /home/airflow/.local/lib/python3.12/site-packages/airflow/example_dags/example_xcom.py
[2025-12-21T20:43:52.586+0000] {processor.py:914} INFO - Processing file /home/airflow/.local/lib/python3.12/site-packages/airflow/example_dags/example_xcom.py for tasks to queue
[2025-12-21T20:43:52.588+0000] {logging_mixin.py:190} INFO - [2025-12-21T20:43:52.588+0000] {dagbag.py:588} INFO - Filling up the DagBag from /home/airflow/.local/lib/python3.12/site-packages/airflow/example_dags/example_xcom.py
[2025-12-21T20:43:52.600+0000] {processor.py:925} INFO - DAG(s) 'example_xcom' retrieved from /home/airflow/.local/lib/python3.12/site-packages/airflow/example_dags/example_xcom.py
[2025-12-21T20:43:52.624+0000] {logging_mixin.py:190} INFO - [2025-12-21T20:43:52.624+0000] {dag.py:3239} INFO - Sync 1 DAGs
[2025-12-21T20:43:52.652+0000] {logging_mixin.py:190} INFO - [2025-12-21T20:43:52.651+0000] {dag.py:4180} INFO - Setting next_dagrun for example_xcom to 2021-01-01 00:00:00+00:00, run_after=2021-01-01 00:00:00+00:00
[2025-12-21T20:43:52.680+0000] {processor.py:208} INFO - Processing /home/airflow/.local/lib/python3.12/site-packages/airflow/example_dags/example_xcom.py took 0.102 seconds
[2025-12-21T20:44:23.099+0000] {processor.py:186} INFO - Started process (PID=2440) to work on /home/airflow/.local/lib/python3.12/site-packages/airflow/example_dags/example_xcom.py
[2025-12-21T20:44:23.100+0000] {processor.py:914} INFO - Processing file /home/airflow/.local/lib/python3.12/site-packages/airflow/example_dags/example_xcom.py for tasks to queue
[2025-12-21T20:44:23.101+0000] {logging_mixin.py:190} INFO - [2025-12-21T20:44:23.101+0000] {dagbag.py:588} INFO - Filling up the DagBag from /home/airflow/.local/lib/python3.12/site-packages/airflow/example_dags/example_xcom.py
[2025-12-21T20:44:23.111+0000] {processor.py:925} INFO - DAG(s) 'example_xcom' retrieved from /home/airflow/.local/lib/python3.12/site-packages/airflow/example_dags/example_xcom.py
[2025-12-21T20:44:23.134+0000] {logging_mixin.py:190} INFO - [2025-12-21T20:44:23.133+0000] {dag.py:3239} INFO - Sync 1 DAGs
[2025-12-21T20:44:23.155+0000] {logging_mixin.py:190} INFO - [2025-12-21T20:44:23.155+0000] {dag.py:4180} INFO - Setting next_dagrun for example_xcom to 2021-01-01 00:00:00+00:00, run_after=2021-01-01 00:00:00+00:00
[2025-12-21T20:44:23.186+0000] {processor.py:208} INFO - Processing /home/airflow/.local/lib/python3.12/site-packages/airflow/example_dags/example_xcom.py took 0.092 seconds
[2025-12-21T20:44:54.124+0000] {processor.py:186} INFO - Started process (PID=2505) to work on /home/airflow/.local/lib/python3.12/site-packages/airflow/example_dags/example_xcom.py
[2025-12-21T20:44:54.127+0000] {processor.py:914} INFO - Processing file /home/airflow/.local/lib/python3.12/site-packages/airflow/example_dags/example_xcom.py for tasks to queue
[2025-12-21T20:44:54.131+0000] {logging_mixin.py:190} INFO - [2025-12-21T20:44:54.129+0000] {dagbag.py:588} INFO - Filling up the DagBag from /home/airflow/.local/lib/python3.12/site-packages/airflow/example_dags/example_xcom.py
[2025-12-21T20:44:54.147+0000] {processor.py:925} INFO - DAG(s) 'example_xcom' retrieved from /home/airflow/.local/lib/python3.12/site-packages/airflow/example_dags/example_xcom.py
[2025-12-21T20:44:54.175+0000] {logging_mixin.py:190} INFO - [2025-12-21T20:44:54.174+0000] {dag.py:3239} INFO - Sync 1 DAGs
[2025-12-21T20:44:54.195+0000] {logging_mixin.py:190} INFO - [2025-12-21T20:44:54.195+0000] {dag.py:4180} INFO - Setting next_dagrun for example_xcom to 2021-01-01 00:00:00+00:00, run_after=2021-01-01 00:00:00+00:00
[2025-12-21T20:44:54.221+0000] {processor.py:208} INFO - Processing /home/airflow/.local/lib/python3.12/site-packages/airflow/example_dags/example_xcom.py took 0.112 seconds
[2025-12-21T20:45:24.764+0000] {processor.py:186} INFO - Started process (PID=2571) to work on /home/airflow/.local/lib/python3.12/site-packages/airflow/example_dags/example_xcom.py
[2025-12-21T20:45:24.765+0000] {processor.py:914} INFO - Processing file /home/airflow/.local/lib/python3.12/site-packages/airflow/example_dags/example_xcom.py for tasks to queue
[2025-12-21T20:45:24.767+0000] {logging_mixin.py:190} INFO - [2025-12-21T20:45:24.766+0000] {dagbag.py:588} INFO - Filling up the DagBag from /home/airflow/.local/lib/python3.12/site-packages/airflow/example_dags/example_xcom.py
[2025-12-21T20:45:24.776+0000] {processor.py:925} INFO - DAG(s) 'example_xcom' retrieved from /home/airflow/.local/lib/python3.12/site-packages/airflow/example_dags/example_xcom.py
[2025-12-21T20:45:24.799+0000] {logging_mixin.py:190} INFO - [2025-12-21T20:45:24.798+0000] {dag.py:3239} INFO - Sync 1 DAGs
[2025-12-21T20:45:24.835+0000] {logging_mixin.py:190} INFO - [2025-12-21T20:45:24.834+0000] {dag.py:4180} INFO - Setting next_dagrun for example_xcom to 2021-01-01 00:00:00+00:00, run_after=2021-01-01 00:00:00+00:00
[2025-12-21T20:45:24.868+0000] {processor.py:208} INFO - Processing /home/airflow/.local/lib/python3.12/site-packages/airflow/example_dags/example_xcom.py took 0.110 seconds
[2025-12-21T20:45:55.281+0000] {processor.py:186} INFO - Started process (PID=2637) to work on /home/airflow/.local/lib/python3.12/site-packages/airflow/example_dags/example_xcom.py
[2025-12-21T20:45:55.283+0000] {processor.py:914} INFO - Processing file /home/airflow/.local/lib/python3.12/site-packages/airflow/example_dags/example_xcom.py for tasks to queue
[2025-12-21T20:45:55.284+0000] {logging_mixin.py:190} INFO - [2025-12-21T20:45:55.284+0000] {dagbag.py:588} INFO - Filling up the DagBag from /home/airflow/.local/lib/python3.12/site-packages/airflow/example_dags/example_xcom.py
[2025-12-21T20:45:55.298+0000] {processor.py:925} INFO - DAG(s) 'example_xcom' retrieved from /home/airflow/.local/lib/python3.12/site-packages/airflow/example_dags/example_xcom.py
[2025-12-21T20:45:55.353+0000] {logging_mixin.py:190} INFO - [2025-12-21T20:45:55.353+0000] {dag.py:3239} INFO - Sync 1 DAGs
[2025-12-21T20:45:55.388+0000] {logging_mixin.py:190} INFO - [2025-12-21T20:45:55.387+0000] {dag.py:4180} INFO - Setting next_dagrun for example_xcom to 2021-01-01 00:00:00+00:00, run_after=2021-01-01 00:00:00+00:00
[2025-12-21T20:45:55.424+0000] {processor.py:208} INFO - Processing /home/airflow/.local/lib/python3.12/site-packages/airflow/example_dags/example_xcom.py took 0.155 seconds
[2025-12-21T20:46:25.999+0000] {processor.py:186} INFO - Started process (PID=2704) to work on /home/airflow/.local/lib/python3.12/site-packages/airflow/example_dags/example_xcom.py
[2025-12-21T20:46:26.000+0000] {processor.py:914} INFO - Processing file /home/airflow/.local/lib/python3.12/site-packages/airflow/example_dags/example_xcom.py for tasks to queue
[2025-12-21T20:46:26.002+0000] {logging_mixin.py:190} INFO - [2025-12-21T20:46:26.002+0000] {dagbag.py:588} INFO - Filling up the DagBag from /home/airflow/.local/lib/python3.12/site-packages/airflow/example_dags/example_xcom.py
[2025-12-21T20:46:26.014+0000] {processor.py:925} INFO - DAG(s) 'example_xcom' retrieved from /home/airflow/.local/lib/python3.12/site-packages/airflow/example_dags/example_xcom.py
[2025-12-21T20:46:26.035+0000] {logging_mixin.py:190} INFO - [2025-12-21T20:46:26.034+0000] {dag.py:3239} INFO - Sync 1 DAGs
[2025-12-21T20:46:26.058+0000] {logging_mixin.py:190} INFO - [2025-12-21T20:46:26.057+0000] {dag.py:4180} INFO - Setting next_dagrun for example_xcom to 2021-01-01 00:00:00+00:00, run_after=2021-01-01 00:00:00+00:00
[2025-12-21T20:46:26.081+0000] {processor.py:208} INFO - Processing /home/airflow/.local/lib/python3.12/site-packages/airflow/example_dags/example_xcom.py took 0.088 seconds
[2025-12-21T20:46:56.738+0000] {processor.py:186} INFO - Started process (PID=2769) to work on /home/airflow/.local/lib/python3.12/site-packages/airflow/example_dags/example_xcom.py
[2025-12-21T20:46:56.739+0000] {processor.py:914} INFO - Processing file /home/airflow/.local/lib/python3.12/site-packages/airflow/example_dags/example_xcom.py for tasks to queue
[2025-12-21T20:46:56.740+0000] {logging_mixin.py:190} INFO - [2025-12-21T20:46:56.740+0000] {dagbag.py:588} INFO - Filling up the DagBag from /home/airflow/.local/lib/python3.12/site-packages/airflow/example_dags/example_xcom.py
[2025-12-21T20:46:56.751+0000] {processor.py:925} INFO - DAG(s) 'example_xcom' retrieved from /home/airflow/.local/lib/python3.12/site-packages/airflow/example_dags/example_xcom.py
[2025-12-21T20:46:56.771+0000] {logging_mixin.py:190} INFO - [2025-12-21T20:46:56.771+0000] {dag.py:3239} INFO - Sync 1 DAGs
[2025-12-21T20:46:56.799+0000] {logging_mixin.py:190} INFO - [2025-12-21T20:46:56.799+0000] {dag.py:4180} INFO - Setting next_dagrun for example_xcom to 2021-01-01 00:00:00+00:00, run_after=2021-01-01 00:00:00+00:00
[2025-12-21T20:46:56.827+0000] {processor.py:208} INFO - Processing /home/airflow/.local/lib/python3.12/site-packages/airflow/example_dags/example_xcom.py took 0.100 seconds
[2025-12-21T20:47:27.422+0000] {processor.py:186} INFO - Started process (PID=2832) to work on /home/airflow/.local/lib/python3.12/site-packages/airflow/example_dags/example_xcom.py
[2025-12-21T20:47:27.424+0000] {processor.py:914} INFO - Processing file /home/airflow/.local/lib/python3.12/site-packages/airflow/example_dags/example_xcom.py for tasks to queue
[2025-12-21T20:47:27.427+0000] {logging_mixin.py:190} INFO - [2025-12-21T20:47:27.426+0000] {dagbag.py:588} INFO - Filling up the DagBag from /home/airflow/.local/lib/python3.12/site-packages/airflow/example_dags/example_xcom.py
[2025-12-21T20:47:27.437+0000] {processor.py:925} INFO - DAG(s) 'example_xcom' retrieved from /home/airflow/.local/lib/python3.12/site-packages/airflow/example_dags/example_xcom.py
[2025-12-21T20:47:27.458+0000] {logging_mixin.py:190} INFO - [2025-12-21T20:47:27.458+0000] {dag.py:3239} INFO - Sync 1 DAGs
[2025-12-21T20:47:27.479+0000] {logging_mixin.py:190} INFO - [2025-12-21T20:47:27.479+0000] {dag.py:4180} INFO - Setting next_dagrun for example_xcom to 2021-01-01 00:00:00+00:00, run_after=2021-01-01 00:00:00+00:00
[2025-12-21T20:47:27.505+0000] {processor.py:208} INFO - Processing /home/airflow/.local/lib/python3.12/site-packages/airflow/example_dags/example_xcom.py took 0.088 seconds
