[2025-12-21T20:23:37.537+0000] {processor.py:186} INFO - Started process (PID=103) to work on /home/airflow/.local/lib/python3.12/site-packages/airflow/example_dags/example_latest_only.py
[2025-12-21T20:23:37.538+0000] {processor.py:914} INFO - Processing file /home/airflow/.local/lib/python3.12/site-packages/airflow/example_dags/example_latest_only.py for tasks to queue
[2025-12-21T20:23:37.542+0000] {logging_mixin.py:190} INFO - [2025-12-21T20:23:37.542+0000] {dagbag.py:588} INFO - Filling up the DagBag from /home/airflow/.local/lib/python3.12/site-packages/airflow/example_dags/example_latest_only.py
[2025-12-21T20:23:37.552+0000] {processor.py:925} INFO - DAG(s) 'latest_only' retrieved from /home/airflow/.local/lib/python3.12/site-packages/airflow/example_dags/example_latest_only.py
[2025-12-21T20:23:37.671+0000] {logging_mixin.py:190} INFO - [2025-12-21T20:23:37.670+0000] {override.py:1912} INFO - Created Permission View: can delete on DAG:latest_only
[2025-12-21T20:23:37.688+0000] {logging_mixin.py:190} INFO - [2025-12-21T20:23:37.687+0000] {override.py:1912} INFO - Created Permission View: can edit on DAG:latest_only
[2025-12-21T20:23:37.701+0000] {logging_mixin.py:190} INFO - [2025-12-21T20:23:37.700+0000] {override.py:1912} INFO - Created Permission View: can read on DAG:latest_only
[2025-12-21T20:23:37.719+0000] {logging_mixin.py:190} INFO - [2025-12-21T20:23:37.718+0000] {override.py:1912} INFO - Created Permission View: can delete on DAG Run:latest_only
[2025-12-21T20:23:37.734+0000] {logging_mixin.py:190} INFO - [2025-12-21T20:23:37.734+0000] {override.py:1912} INFO - Created Permission View: can create on DAG Run:latest_only
[2025-12-21T20:23:37.748+0000] {logging_mixin.py:190} INFO - [2025-12-21T20:23:37.747+0000] {override.py:1912} INFO - Created Permission View: menu access on DAG Run:latest_only
[2025-12-21T20:23:37.760+0000] {logging_mixin.py:190} INFO - [2025-12-21T20:23:37.759+0000] {override.py:1912} INFO - Created Permission View: can read on DAG Run:latest_only
[2025-12-21T20:23:37.761+0000] {logging_mixin.py:190} INFO - [2025-12-21T20:23:37.761+0000] {dag.py:3239} INFO - Sync 1 DAGs
[2025-12-21T20:23:37.777+0000] {logging_mixin.py:190} INFO - [2025-12-21T20:23:37.777+0000] {dag.py:3262} INFO - Creating ORM DAG for latest_only
[2025-12-21T20:23:37.791+0000] {logging_mixin.py:190} INFO - [2025-12-21T20:23:37.791+0000] {dag.py:4180} INFO - Setting next_dagrun for latest_only to 2025-12-21 16:00:00+00:00, run_after=2025-12-21 20:00:00+00:00
[2025-12-21T20:23:37.820+0000] {processor.py:208} INFO - Processing /home/airflow/.local/lib/python3.12/site-packages/airflow/example_dags/example_latest_only.py took 0.294 seconds
[2025-12-21T20:24:07.995+0000] {processor.py:186} INFO - Started process (PID=169) to work on /home/airflow/.local/lib/python3.12/site-packages/airflow/example_dags/example_latest_only.py
[2025-12-21T20:24:07.996+0000] {processor.py:914} INFO - Processing file /home/airflow/.local/lib/python3.12/site-packages/airflow/example_dags/example_latest_only.py for tasks to queue
[2025-12-21T20:24:07.998+0000] {logging_mixin.py:190} INFO - [2025-12-21T20:24:07.998+0000] {dagbag.py:588} INFO - Filling up the DagBag from /home/airflow/.local/lib/python3.12/site-packages/airflow/example_dags/example_latest_only.py
[2025-12-21T20:24:08.007+0000] {processor.py:925} INFO - DAG(s) 'latest_only' retrieved from /home/airflow/.local/lib/python3.12/site-packages/airflow/example_dags/example_latest_only.py
[2025-12-21T20:24:08.033+0000] {logging_mixin.py:190} INFO - [2025-12-21T20:24:08.033+0000] {dag.py:3239} INFO - Sync 1 DAGs
[2025-12-21T20:24:08.056+0000] {logging_mixin.py:190} INFO - [2025-12-21T20:24:08.056+0000] {dag.py:4180} INFO - Setting next_dagrun for latest_only to 2025-12-21 16:00:00+00:00, run_after=2025-12-21 20:00:00+00:00
[2025-12-21T20:24:08.077+0000] {processor.py:208} INFO - Processing /home/airflow/.local/lib/python3.12/site-packages/airflow/example_dags/example_latest_only.py took 0.088 seconds
[2025-12-21T20:24:39.041+0000] {processor.py:186} INFO - Started process (PID=235) to work on /home/airflow/.local/lib/python3.12/site-packages/airflow/example_dags/example_latest_only.py
[2025-12-21T20:24:39.042+0000] {processor.py:914} INFO - Processing file /home/airflow/.local/lib/python3.12/site-packages/airflow/example_dags/example_latest_only.py for tasks to queue
[2025-12-21T20:24:39.048+0000] {logging_mixin.py:190} INFO - [2025-12-21T20:24:39.047+0000] {dagbag.py:588} INFO - Filling up the DagBag from /home/airflow/.local/lib/python3.12/site-packages/airflow/example_dags/example_latest_only.py
[2025-12-21T20:24:39.056+0000] {processor.py:925} INFO - DAG(s) 'latest_only' retrieved from /home/airflow/.local/lib/python3.12/site-packages/airflow/example_dags/example_latest_only.py
[2025-12-21T20:24:39.083+0000] {logging_mixin.py:190} INFO - [2025-12-21T20:24:39.083+0000] {dag.py:3239} INFO - Sync 1 DAGs
[2025-12-21T20:24:39.109+0000] {logging_mixin.py:190} INFO - [2025-12-21T20:24:39.108+0000] {dag.py:4180} INFO - Setting next_dagrun for latest_only to 2025-12-21 16:00:00+00:00, run_after=2025-12-21 20:00:00+00:00
[2025-12-21T20:24:39.135+0000] {processor.py:208} INFO - Processing /home/airflow/.local/lib/python3.12/site-packages/airflow/example_dags/example_latest_only.py took 0.100 seconds
[2025-12-21T20:25:09.504+0000] {processor.py:186} INFO - Started process (PID=301) to work on /home/airflow/.local/lib/python3.12/site-packages/airflow/example_dags/example_latest_only.py
[2025-12-21T20:25:09.505+0000] {processor.py:914} INFO - Processing file /home/airflow/.local/lib/python3.12/site-packages/airflow/example_dags/example_latest_only.py for tasks to queue
[2025-12-21T20:25:09.509+0000] {logging_mixin.py:190} INFO - [2025-12-21T20:25:09.508+0000] {dagbag.py:588} INFO - Filling up the DagBag from /home/airflow/.local/lib/python3.12/site-packages/airflow/example_dags/example_latest_only.py
[2025-12-21T20:25:09.522+0000] {processor.py:925} INFO - DAG(s) 'latest_only' retrieved from /home/airflow/.local/lib/python3.12/site-packages/airflow/example_dags/example_latest_only.py
[2025-12-21T20:25:09.546+0000] {logging_mixin.py:190} INFO - [2025-12-21T20:25:09.546+0000] {dag.py:3239} INFO - Sync 1 DAGs
[2025-12-21T20:25:09.583+0000] {logging_mixin.py:190} INFO - [2025-12-21T20:25:09.582+0000] {dag.py:4180} INFO - Setting next_dagrun for latest_only to 2025-12-21 16:00:00+00:00, run_after=2025-12-21 20:00:00+00:00
[2025-12-21T20:25:09.608+0000] {processor.py:208} INFO - Processing /home/airflow/.local/lib/python3.12/site-packages/airflow/example_dags/example_latest_only.py took 0.114 seconds
[2025-12-21T20:25:39.837+0000] {processor.py:186} INFO - Started process (PID=366) to work on /home/airflow/.local/lib/python3.12/site-packages/airflow/example_dags/example_latest_only.py
[2025-12-21T20:25:39.838+0000] {processor.py:914} INFO - Processing file /home/airflow/.local/lib/python3.12/site-packages/airflow/example_dags/example_latest_only.py for tasks to queue
[2025-12-21T20:25:39.841+0000] {logging_mixin.py:190} INFO - [2025-12-21T20:25:39.841+0000] {dagbag.py:588} INFO - Filling up the DagBag from /home/airflow/.local/lib/python3.12/site-packages/airflow/example_dags/example_latest_only.py
[2025-12-21T20:25:39.849+0000] {processor.py:925} INFO - DAG(s) 'latest_only' retrieved from /home/airflow/.local/lib/python3.12/site-packages/airflow/example_dags/example_latest_only.py
[2025-12-21T20:25:39.900+0000] {logging_mixin.py:190} INFO - [2025-12-21T20:25:39.900+0000] {dag.py:3239} INFO - Sync 1 DAGs
[2025-12-21T20:25:39.923+0000] {logging_mixin.py:190} INFO - [2025-12-21T20:25:39.923+0000] {dag.py:4180} INFO - Setting next_dagrun for latest_only to 2025-12-21 16:00:00+00:00, run_after=2025-12-21 20:00:00+00:00
[2025-12-21T20:25:39.956+0000] {processor.py:208} INFO - Processing /home/airflow/.local/lib/python3.12/site-packages/airflow/example_dags/example_latest_only.py took 0.128 seconds
[2025-12-21T20:26:10.149+0000] {processor.py:186} INFO - Started process (PID=432) to work on /home/airflow/.local/lib/python3.12/site-packages/airflow/example_dags/example_latest_only.py
[2025-12-21T20:26:10.152+0000] {processor.py:914} INFO - Processing file /home/airflow/.local/lib/python3.12/site-packages/airflow/example_dags/example_latest_only.py for tasks to queue
[2025-12-21T20:26:10.155+0000] {logging_mixin.py:190} INFO - [2025-12-21T20:26:10.155+0000] {dagbag.py:588} INFO - Filling up the DagBag from /home/airflow/.local/lib/python3.12/site-packages/airflow/example_dags/example_latest_only.py
[2025-12-21T20:26:10.165+0000] {processor.py:925} INFO - DAG(s) 'latest_only' retrieved from /home/airflow/.local/lib/python3.12/site-packages/airflow/example_dags/example_latest_only.py
[2025-12-21T20:26:10.184+0000] {logging_mixin.py:190} INFO - [2025-12-21T20:26:10.183+0000] {dag.py:3239} INFO - Sync 1 DAGs
[2025-12-21T20:26:10.218+0000] {logging_mixin.py:190} INFO - [2025-12-21T20:26:10.218+0000] {dag.py:4180} INFO - Setting next_dagrun for latest_only to 2025-12-21 16:00:00+00:00, run_after=2025-12-21 20:00:00+00:00
[2025-12-21T20:26:10.270+0000] {processor.py:208} INFO - Processing /home/airflow/.local/lib/python3.12/site-packages/airflow/example_dags/example_latest_only.py took 0.127 seconds
[2025-12-21T20:26:40.553+0000] {processor.py:186} INFO - Started process (PID=498) to work on /home/airflow/.local/lib/python3.12/site-packages/airflow/example_dags/example_latest_only.py
[2025-12-21T20:26:40.554+0000] {processor.py:914} INFO - Processing file /home/airflow/.local/lib/python3.12/site-packages/airflow/example_dags/example_latest_only.py for tasks to queue
[2025-12-21T20:26:40.557+0000] {logging_mixin.py:190} INFO - [2025-12-21T20:26:40.557+0000] {dagbag.py:588} INFO - Filling up the DagBag from /home/airflow/.local/lib/python3.12/site-packages/airflow/example_dags/example_latest_only.py
[2025-12-21T20:26:40.569+0000] {processor.py:925} INFO - DAG(s) 'latest_only' retrieved from /home/airflow/.local/lib/python3.12/site-packages/airflow/example_dags/example_latest_only.py
[2025-12-21T20:26:40.596+0000] {logging_mixin.py:190} INFO - [2025-12-21T20:26:40.595+0000] {dag.py:3239} INFO - Sync 1 DAGs
[2025-12-21T20:26:40.634+0000] {logging_mixin.py:190} INFO - [2025-12-21T20:26:40.633+0000] {dag.py:4180} INFO - Setting next_dagrun for latest_only to 2025-12-21 16:00:00+00:00, run_after=2025-12-21 20:00:00+00:00
[2025-12-21T20:26:40.681+0000] {processor.py:208} INFO - Processing /home/airflow/.local/lib/python3.12/site-packages/airflow/example_dags/example_latest_only.py took 0.133 seconds
[2025-12-21T20:27:10.753+0000] {processor.py:186} INFO - Started process (PID=564) to work on /home/airflow/.local/lib/python3.12/site-packages/airflow/example_dags/example_latest_only.py
[2025-12-21T20:27:10.754+0000] {processor.py:914} INFO - Processing file /home/airflow/.local/lib/python3.12/site-packages/airflow/example_dags/example_latest_only.py for tasks to queue
[2025-12-21T20:27:10.757+0000] {logging_mixin.py:190} INFO - [2025-12-21T20:27:10.757+0000] {dagbag.py:588} INFO - Filling up the DagBag from /home/airflow/.local/lib/python3.12/site-packages/airflow/example_dags/example_latest_only.py
[2025-12-21T20:27:10.766+0000] {processor.py:925} INFO - DAG(s) 'latest_only' retrieved from /home/airflow/.local/lib/python3.12/site-packages/airflow/example_dags/example_latest_only.py
[2025-12-21T20:27:10.786+0000] {logging_mixin.py:190} INFO - [2025-12-21T20:27:10.786+0000] {dag.py:3239} INFO - Sync 1 DAGs
[2025-12-21T20:27:10.812+0000] {logging_mixin.py:190} INFO - [2025-12-21T20:27:10.812+0000] {dag.py:4180} INFO - Setting next_dagrun for latest_only to 2025-12-21 16:00:00+00:00, run_after=2025-12-21 20:00:00+00:00
[2025-12-21T20:27:10.861+0000] {processor.py:208} INFO - Processing /home/airflow/.local/lib/python3.12/site-packages/airflow/example_dags/example_latest_only.py took 0.117 seconds
[2025-12-21T20:27:40.931+0000] {processor.py:186} INFO - Started process (PID=630) to work on /home/airflow/.local/lib/python3.12/site-packages/airflow/example_dags/example_latest_only.py
[2025-12-21T20:27:40.932+0000] {processor.py:914} INFO - Processing file /home/airflow/.local/lib/python3.12/site-packages/airflow/example_dags/example_latest_only.py for tasks to queue
[2025-12-21T20:27:40.935+0000] {logging_mixin.py:190} INFO - [2025-12-21T20:27:40.934+0000] {dagbag.py:588} INFO - Filling up the DagBag from /home/airflow/.local/lib/python3.12/site-packages/airflow/example_dags/example_latest_only.py
[2025-12-21T20:27:40.942+0000] {processor.py:925} INFO - DAG(s) 'latest_only' retrieved from /home/airflow/.local/lib/python3.12/site-packages/airflow/example_dags/example_latest_only.py
[2025-12-21T20:27:40.965+0000] {logging_mixin.py:190} INFO - [2025-12-21T20:27:40.964+0000] {dag.py:3239} INFO - Sync 1 DAGs
[2025-12-21T20:27:41.000+0000] {logging_mixin.py:190} INFO - [2025-12-21T20:27:41.000+0000] {dag.py:4180} INFO - Setting next_dagrun for latest_only to 2025-12-21 16:00:00+00:00, run_after=2025-12-21 20:00:00+00:00
[2025-12-21T20:27:41.036+0000] {processor.py:208} INFO - Processing /home/airflow/.local/lib/python3.12/site-packages/airflow/example_dags/example_latest_only.py took 0.116 seconds
[2025-12-21T20:28:12.026+0000] {processor.py:186} INFO - Started process (PID=696) to work on /home/airflow/.local/lib/python3.12/site-packages/airflow/example_dags/example_latest_only.py
[2025-12-21T20:28:12.027+0000] {processor.py:914} INFO - Processing file /home/airflow/.local/lib/python3.12/site-packages/airflow/example_dags/example_latest_only.py for tasks to queue
[2025-12-21T20:28:12.030+0000] {logging_mixin.py:190} INFO - [2025-12-21T20:28:12.029+0000] {dagbag.py:588} INFO - Filling up the DagBag from /home/airflow/.local/lib/python3.12/site-packages/airflow/example_dags/example_latest_only.py
[2025-12-21T20:28:12.037+0000] {processor.py:925} INFO - DAG(s) 'latest_only' retrieved from /home/airflow/.local/lib/python3.12/site-packages/airflow/example_dags/example_latest_only.py
[2025-12-21T20:28:12.058+0000] {logging_mixin.py:190} INFO - [2025-12-21T20:28:12.058+0000] {dag.py:3239} INFO - Sync 1 DAGs
[2025-12-21T20:28:12.080+0000] {logging_mixin.py:190} INFO - [2025-12-21T20:28:12.080+0000] {dag.py:4180} INFO - Setting next_dagrun for latest_only to 2025-12-21 16:00:00+00:00, run_after=2025-12-21 20:00:00+00:00
[2025-12-21T20:28:12.107+0000] {processor.py:208} INFO - Processing /home/airflow/.local/lib/python3.12/site-packages/airflow/example_dags/example_latest_only.py took 0.092 seconds
[2025-12-21T20:28:42.849+0000] {processor.py:186} INFO - Started process (PID=762) to work on /home/airflow/.local/lib/python3.12/site-packages/airflow/example_dags/example_latest_only.py
[2025-12-21T20:28:42.850+0000] {processor.py:914} INFO - Processing file /home/airflow/.local/lib/python3.12/site-packages/airflow/example_dags/example_latest_only.py for tasks to queue
[2025-12-21T20:28:42.853+0000] {logging_mixin.py:190} INFO - [2025-12-21T20:28:42.852+0000] {dagbag.py:588} INFO - Filling up the DagBag from /home/airflow/.local/lib/python3.12/site-packages/airflow/example_dags/example_latest_only.py
[2025-12-21T20:28:42.859+0000] {processor.py:925} INFO - DAG(s) 'latest_only' retrieved from /home/airflow/.local/lib/python3.12/site-packages/airflow/example_dags/example_latest_only.py
[2025-12-21T20:28:42.880+0000] {logging_mixin.py:190} INFO - [2025-12-21T20:28:42.880+0000] {dag.py:3239} INFO - Sync 1 DAGs
[2025-12-21T20:28:42.901+0000] {logging_mixin.py:190} INFO - [2025-12-21T20:28:42.901+0000] {dag.py:4180} INFO - Setting next_dagrun for latest_only to 2025-12-21 16:00:00+00:00, run_after=2025-12-21 20:00:00+00:00
[2025-12-21T20:28:42.940+0000] {processor.py:208} INFO - Processing /home/airflow/.local/lib/python3.12/site-packages/airflow/example_dags/example_latest_only.py took 0.095 seconds
[2025-12-21T20:29:13.230+0000] {processor.py:186} INFO - Started process (PID=828) to work on /home/airflow/.local/lib/python3.12/site-packages/airflow/example_dags/example_latest_only.py
[2025-12-21T20:29:13.231+0000] {processor.py:914} INFO - Processing file /home/airflow/.local/lib/python3.12/site-packages/airflow/example_dags/example_latest_only.py for tasks to queue
[2025-12-21T20:29:13.236+0000] {logging_mixin.py:190} INFO - [2025-12-21T20:29:13.235+0000] {dagbag.py:588} INFO - Filling up the DagBag from /home/airflow/.local/lib/python3.12/site-packages/airflow/example_dags/example_latest_only.py
[2025-12-21T20:29:13.243+0000] {processor.py:925} INFO - DAG(s) 'latest_only' retrieved from /home/airflow/.local/lib/python3.12/site-packages/airflow/example_dags/example_latest_only.py
[2025-12-21T20:29:13.264+0000] {logging_mixin.py:190} INFO - [2025-12-21T20:29:13.264+0000] {dag.py:3239} INFO - Sync 1 DAGs
[2025-12-21T20:29:13.288+0000] {logging_mixin.py:190} INFO - [2025-12-21T20:29:13.288+0000] {dag.py:4180} INFO - Setting next_dagrun for latest_only to 2025-12-21 16:00:00+00:00, run_after=2025-12-21 20:00:00+00:00
[2025-12-21T20:29:13.310+0000] {processor.py:208} INFO - Processing /home/airflow/.local/lib/python3.12/site-packages/airflow/example_dags/example_latest_only.py took 0.085 seconds
[2025-12-21T20:29:43.741+0000] {processor.py:186} INFO - Started process (PID=894) to work on /home/airflow/.local/lib/python3.12/site-packages/airflow/example_dags/example_latest_only.py
[2025-12-21T20:29:43.743+0000] {processor.py:914} INFO - Processing file /home/airflow/.local/lib/python3.12/site-packages/airflow/example_dags/example_latest_only.py for tasks to queue
[2025-12-21T20:29:43.745+0000] {logging_mixin.py:190} INFO - [2025-12-21T20:29:43.745+0000] {dagbag.py:588} INFO - Filling up the DagBag from /home/airflow/.local/lib/python3.12/site-packages/airflow/example_dags/example_latest_only.py
[2025-12-21T20:29:43.752+0000] {processor.py:925} INFO - DAG(s) 'latest_only' retrieved from /home/airflow/.local/lib/python3.12/site-packages/airflow/example_dags/example_latest_only.py
[2025-12-21T20:29:43.774+0000] {logging_mixin.py:190} INFO - [2025-12-21T20:29:43.774+0000] {dag.py:3239} INFO - Sync 1 DAGs
[2025-12-21T20:29:43.807+0000] {logging_mixin.py:190} INFO - [2025-12-21T20:29:43.807+0000] {dag.py:4180} INFO - Setting next_dagrun for latest_only to 2025-12-21 16:00:00+00:00, run_after=2025-12-21 20:00:00+00:00
[2025-12-21T20:29:43.836+0000] {processor.py:208} INFO - Processing /home/airflow/.local/lib/python3.12/site-packages/airflow/example_dags/example_latest_only.py took 0.101 seconds
[2025-12-21T20:30:14.019+0000] {processor.py:186} INFO - Started process (PID=960) to work on /home/airflow/.local/lib/python3.12/site-packages/airflow/example_dags/example_latest_only.py
[2025-12-21T20:30:14.020+0000] {processor.py:914} INFO - Processing file /home/airflow/.local/lib/python3.12/site-packages/airflow/example_dags/example_latest_only.py for tasks to queue
[2025-12-21T20:30:14.025+0000] {logging_mixin.py:190} INFO - [2025-12-21T20:30:14.025+0000] {dagbag.py:588} INFO - Filling up the DagBag from /home/airflow/.local/lib/python3.12/site-packages/airflow/example_dags/example_latest_only.py
[2025-12-21T20:30:14.037+0000] {processor.py:925} INFO - DAG(s) 'latest_only' retrieved from /home/airflow/.local/lib/python3.12/site-packages/airflow/example_dags/example_latest_only.py
[2025-12-21T20:30:14.070+0000] {logging_mixin.py:190} INFO - [2025-12-21T20:30:14.070+0000] {dag.py:3239} INFO - Sync 1 DAGs
[2025-12-21T20:30:14.113+0000] {logging_mixin.py:190} INFO - [2025-12-21T20:30:14.113+0000] {dag.py:4180} INFO - Setting next_dagrun for latest_only to 2025-12-21 16:00:00+00:00, run_after=2025-12-21 20:00:00+00:00
[2025-12-21T20:30:14.141+0000] {processor.py:208} INFO - Processing /home/airflow/.local/lib/python3.12/site-packages/airflow/example_dags/example_latest_only.py took 0.128 seconds
[2025-12-21T20:30:44.325+0000] {processor.py:186} INFO - Started process (PID=1026) to work on /home/airflow/.local/lib/python3.12/site-packages/airflow/example_dags/example_latest_only.py
[2025-12-21T20:30:44.327+0000] {processor.py:914} INFO - Processing file /home/airflow/.local/lib/python3.12/site-packages/airflow/example_dags/example_latest_only.py for tasks to queue
[2025-12-21T20:30:44.331+0000] {logging_mixin.py:190} INFO - [2025-12-21T20:30:44.330+0000] {dagbag.py:588} INFO - Filling up the DagBag from /home/airflow/.local/lib/python3.12/site-packages/airflow/example_dags/example_latest_only.py
[2025-12-21T20:30:44.338+0000] {processor.py:925} INFO - DAG(s) 'latest_only' retrieved from /home/airflow/.local/lib/python3.12/site-packages/airflow/example_dags/example_latest_only.py
[2025-12-21T20:30:44.362+0000] {logging_mixin.py:190} INFO - [2025-12-21T20:30:44.362+0000] {dag.py:3239} INFO - Sync 1 DAGs
[2025-12-21T20:30:44.390+0000] {logging_mixin.py:190} INFO - [2025-12-21T20:30:44.390+0000] {dag.py:4180} INFO - Setting next_dagrun for latest_only to 2025-12-21 16:00:00+00:00, run_after=2025-12-21 20:00:00+00:00
[2025-12-21T20:30:44.423+0000] {processor.py:208} INFO - Processing /home/airflow/.local/lib/python3.12/site-packages/airflow/example_dags/example_latest_only.py took 0.108 seconds
[2025-12-21T20:31:14.641+0000] {processor.py:186} INFO - Started process (PID=1092) to work on /home/airflow/.local/lib/python3.12/site-packages/airflow/example_dags/example_latest_only.py
[2025-12-21T20:31:14.642+0000] {processor.py:914} INFO - Processing file /home/airflow/.local/lib/python3.12/site-packages/airflow/example_dags/example_latest_only.py for tasks to queue
[2025-12-21T20:31:14.644+0000] {logging_mixin.py:190} INFO - [2025-12-21T20:31:14.643+0000] {dagbag.py:588} INFO - Filling up the DagBag from /home/airflow/.local/lib/python3.12/site-packages/airflow/example_dags/example_latest_only.py
[2025-12-21T20:31:14.650+0000] {processor.py:925} INFO - DAG(s) 'latest_only' retrieved from /home/airflow/.local/lib/python3.12/site-packages/airflow/example_dags/example_latest_only.py
[2025-12-21T20:31:14.672+0000] {logging_mixin.py:190} INFO - [2025-12-21T20:31:14.672+0000] {dag.py:3239} INFO - Sync 1 DAGs
[2025-12-21T20:31:14.697+0000] {logging_mixin.py:190} INFO - [2025-12-21T20:31:14.696+0000] {dag.py:4180} INFO - Setting next_dagrun for latest_only to 2025-12-21 16:00:00+00:00, run_after=2025-12-21 20:00:00+00:00
[2025-12-21T20:31:14.721+0000] {processor.py:208} INFO - Processing /home/airflow/.local/lib/python3.12/site-packages/airflow/example_dags/example_latest_only.py took 0.085 seconds
[2025-12-21T20:31:44.954+0000] {processor.py:186} INFO - Started process (PID=1158) to work on /home/airflow/.local/lib/python3.12/site-packages/airflow/example_dags/example_latest_only.py
[2025-12-21T20:31:44.955+0000] {processor.py:914} INFO - Processing file /home/airflow/.local/lib/python3.12/site-packages/airflow/example_dags/example_latest_only.py for tasks to queue
[2025-12-21T20:31:44.960+0000] {logging_mixin.py:190} INFO - [2025-12-21T20:31:44.959+0000] {dagbag.py:588} INFO - Filling up the DagBag from /home/airflow/.local/lib/python3.12/site-packages/airflow/example_dags/example_latest_only.py
[2025-12-21T20:31:44.970+0000] {processor.py:925} INFO - DAG(s) 'latest_only' retrieved from /home/airflow/.local/lib/python3.12/site-packages/airflow/example_dags/example_latest_only.py
[2025-12-21T20:31:45.007+0000] {logging_mixin.py:190} INFO - [2025-12-21T20:31:45.007+0000] {dag.py:3239} INFO - Sync 1 DAGs
[2025-12-21T20:31:45.041+0000] {logging_mixin.py:190} INFO - [2025-12-21T20:31:45.041+0000] {dag.py:4180} INFO - Setting next_dagrun for latest_only to 2025-12-21 16:00:00+00:00, run_after=2025-12-21 20:00:00+00:00
[2025-12-21T20:31:45.071+0000] {processor.py:208} INFO - Processing /home/airflow/.local/lib/python3.12/site-packages/airflow/example_dags/example_latest_only.py took 0.133 seconds
[2025-12-21T20:32:16.001+0000] {processor.py:186} INFO - Started process (PID=1224) to work on /home/airflow/.local/lib/python3.12/site-packages/airflow/example_dags/example_latest_only.py
[2025-12-21T20:32:16.003+0000] {processor.py:914} INFO - Processing file /home/airflow/.local/lib/python3.12/site-packages/airflow/example_dags/example_latest_only.py for tasks to queue
[2025-12-21T20:32:16.008+0000] {logging_mixin.py:190} INFO - [2025-12-21T20:32:16.007+0000] {dagbag.py:588} INFO - Filling up the DagBag from /home/airflow/.local/lib/python3.12/site-packages/airflow/example_dags/example_latest_only.py
[2025-12-21T20:32:16.025+0000] {processor.py:925} INFO - DAG(s) 'latest_only' retrieved from /home/airflow/.local/lib/python3.12/site-packages/airflow/example_dags/example_latest_only.py
[2025-12-21T20:32:16.050+0000] {logging_mixin.py:190} INFO - [2025-12-21T20:32:16.050+0000] {dag.py:3239} INFO - Sync 1 DAGs
[2025-12-21T20:32:16.083+0000] {logging_mixin.py:190} INFO - [2025-12-21T20:32:16.083+0000] {dag.py:4180} INFO - Setting next_dagrun for latest_only to 2025-12-21 16:00:00+00:00, run_after=2025-12-21 20:00:00+00:00
[2025-12-21T20:32:16.114+0000] {processor.py:208} INFO - Processing /home/airflow/.local/lib/python3.12/site-packages/airflow/example_dags/example_latest_only.py took 0.125 seconds
[2025-12-21T20:32:46.478+0000] {processor.py:186} INFO - Started process (PID=1290) to work on /home/airflow/.local/lib/python3.12/site-packages/airflow/example_dags/example_latest_only.py
[2025-12-21T20:32:46.479+0000] {processor.py:914} INFO - Processing file /home/airflow/.local/lib/python3.12/site-packages/airflow/example_dags/example_latest_only.py for tasks to queue
[2025-12-21T20:32:46.483+0000] {logging_mixin.py:190} INFO - [2025-12-21T20:32:46.482+0000] {dagbag.py:588} INFO - Filling up the DagBag from /home/airflow/.local/lib/python3.12/site-packages/airflow/example_dags/example_latest_only.py
[2025-12-21T20:32:46.490+0000] {processor.py:925} INFO - DAG(s) 'latest_only' retrieved from /home/airflow/.local/lib/python3.12/site-packages/airflow/example_dags/example_latest_only.py
[2025-12-21T20:32:46.510+0000] {logging_mixin.py:190} INFO - [2025-12-21T20:32:46.510+0000] {dag.py:3239} INFO - Sync 1 DAGs
[2025-12-21T20:32:46.553+0000] {logging_mixin.py:190} INFO - [2025-12-21T20:32:46.552+0000] {dag.py:4180} INFO - Setting next_dagrun for latest_only to 2025-12-21 16:00:00+00:00, run_after=2025-12-21 20:00:00+00:00
[2025-12-21T20:32:46.588+0000] {processor.py:208} INFO - Processing /home/airflow/.local/lib/python3.12/site-packages/airflow/example_dags/example_latest_only.py took 0.117 seconds
[2025-12-21T20:33:16.818+0000] {processor.py:186} INFO - Started process (PID=1356) to work on /home/airflow/.local/lib/python3.12/site-packages/airflow/example_dags/example_latest_only.py
[2025-12-21T20:33:16.819+0000] {processor.py:914} INFO - Processing file /home/airflow/.local/lib/python3.12/site-packages/airflow/example_dags/example_latest_only.py for tasks to queue
[2025-12-21T20:33:16.822+0000] {logging_mixin.py:190} INFO - [2025-12-21T20:33:16.821+0000] {dagbag.py:588} INFO - Filling up the DagBag from /home/airflow/.local/lib/python3.12/site-packages/airflow/example_dags/example_latest_only.py
[2025-12-21T20:33:16.830+0000] {processor.py:925} INFO - DAG(s) 'latest_only' retrieved from /home/airflow/.local/lib/python3.12/site-packages/airflow/example_dags/example_latest_only.py
[2025-12-21T20:33:16.852+0000] {logging_mixin.py:190} INFO - [2025-12-21T20:33:16.852+0000] {dag.py:3239} INFO - Sync 1 DAGs
[2025-12-21T20:33:16.885+0000] {logging_mixin.py:190} INFO - [2025-12-21T20:33:16.884+0000] {dag.py:4180} INFO - Setting next_dagrun for latest_only to 2025-12-21 16:00:00+00:00, run_after=2025-12-21 20:00:00+00:00
[2025-12-21T20:33:16.910+0000] {processor.py:208} INFO - Processing /home/airflow/.local/lib/python3.12/site-packages/airflow/example_dags/example_latest_only.py took 0.099 seconds
[2025-12-21T20:33:47.245+0000] {processor.py:186} INFO - Started process (PID=1422) to work on /home/airflow/.local/lib/python3.12/site-packages/airflow/example_dags/example_latest_only.py
[2025-12-21T20:33:47.246+0000] {processor.py:914} INFO - Processing file /home/airflow/.local/lib/python3.12/site-packages/airflow/example_dags/example_latest_only.py for tasks to queue
[2025-12-21T20:33:47.249+0000] {logging_mixin.py:190} INFO - [2025-12-21T20:33:47.248+0000] {dagbag.py:588} INFO - Filling up the DagBag from /home/airflow/.local/lib/python3.12/site-packages/airflow/example_dags/example_latest_only.py
[2025-12-21T20:33:47.256+0000] {processor.py:925} INFO - DAG(s) 'latest_only' retrieved from /home/airflow/.local/lib/python3.12/site-packages/airflow/example_dags/example_latest_only.py
[2025-12-21T20:33:47.274+0000] {logging_mixin.py:190} INFO - [2025-12-21T20:33:47.274+0000] {dag.py:3239} INFO - Sync 1 DAGs
[2025-12-21T20:33:47.297+0000] {logging_mixin.py:190} INFO - [2025-12-21T20:33:47.297+0000] {dag.py:4180} INFO - Setting next_dagrun for latest_only to 2025-12-21 16:00:00+00:00, run_after=2025-12-21 20:00:00+00:00
[2025-12-21T20:33:47.320+0000] {processor.py:208} INFO - Processing /home/airflow/.local/lib/python3.12/site-packages/airflow/example_dags/example_latest_only.py took 0.080 seconds
[2025-12-21T20:34:17.529+0000] {processor.py:186} INFO - Started process (PID=1488) to work on /home/airflow/.local/lib/python3.12/site-packages/airflow/example_dags/example_latest_only.py
[2025-12-21T20:34:17.530+0000] {processor.py:914} INFO - Processing file /home/airflow/.local/lib/python3.12/site-packages/airflow/example_dags/example_latest_only.py for tasks to queue
[2025-12-21T20:34:17.533+0000] {logging_mixin.py:190} INFO - [2025-12-21T20:34:17.533+0000] {dagbag.py:588} INFO - Filling up the DagBag from /home/airflow/.local/lib/python3.12/site-packages/airflow/example_dags/example_latest_only.py
[2025-12-21T20:34:17.541+0000] {processor.py:925} INFO - DAG(s) 'latest_only' retrieved from /home/airflow/.local/lib/python3.12/site-packages/airflow/example_dags/example_latest_only.py
[2025-12-21T20:34:17.569+0000] {logging_mixin.py:190} INFO - [2025-12-21T20:34:17.569+0000] {dag.py:3239} INFO - Sync 1 DAGs
[2025-12-21T20:34:17.596+0000] {logging_mixin.py:190} INFO - [2025-12-21T20:34:17.596+0000] {dag.py:4180} INFO - Setting next_dagrun for latest_only to 2025-12-21 16:00:00+00:00, run_after=2025-12-21 20:00:00+00:00
[2025-12-21T20:34:17.624+0000] {processor.py:208} INFO - Processing /home/airflow/.local/lib/python3.12/site-packages/airflow/example_dags/example_latest_only.py took 0.106 seconds
[2025-12-21T20:34:47.993+0000] {processor.py:186} INFO - Started process (PID=1554) to work on /home/airflow/.local/lib/python3.12/site-packages/airflow/example_dags/example_latest_only.py
[2025-12-21T20:34:47.994+0000] {processor.py:914} INFO - Processing file /home/airflow/.local/lib/python3.12/site-packages/airflow/example_dags/example_latest_only.py for tasks to queue
[2025-12-21T20:34:47.997+0000] {logging_mixin.py:190} INFO - [2025-12-21T20:34:47.996+0000] {dagbag.py:588} INFO - Filling up the DagBag from /home/airflow/.local/lib/python3.12/site-packages/airflow/example_dags/example_latest_only.py
[2025-12-21T20:34:48.005+0000] {processor.py:925} INFO - DAG(s) 'latest_only' retrieved from /home/airflow/.local/lib/python3.12/site-packages/airflow/example_dags/example_latest_only.py
[2025-12-21T20:34:48.024+0000] {logging_mixin.py:190} INFO - [2025-12-21T20:34:48.023+0000] {dag.py:3239} INFO - Sync 1 DAGs
[2025-12-21T20:34:48.047+0000] {logging_mixin.py:190} INFO - [2025-12-21T20:34:48.047+0000] {dag.py:4180} INFO - Setting next_dagrun for latest_only to 2025-12-21 16:00:00+00:00, run_after=2025-12-21 20:00:00+00:00
[2025-12-21T20:34:48.074+0000] {processor.py:208} INFO - Processing /home/airflow/.local/lib/python3.12/site-packages/airflow/example_dags/example_latest_only.py took 0.085 seconds
[2025-12-21T20:35:18.657+0000] {processor.py:186} INFO - Started process (PID=1620) to work on /home/airflow/.local/lib/python3.12/site-packages/airflow/example_dags/example_latest_only.py
[2025-12-21T20:35:18.658+0000] {processor.py:914} INFO - Processing file /home/airflow/.local/lib/python3.12/site-packages/airflow/example_dags/example_latest_only.py for tasks to queue
[2025-12-21T20:35:18.661+0000] {logging_mixin.py:190} INFO - [2025-12-21T20:35:18.661+0000] {dagbag.py:588} INFO - Filling up the DagBag from /home/airflow/.local/lib/python3.12/site-packages/airflow/example_dags/example_latest_only.py
[2025-12-21T20:35:18.668+0000] {processor.py:925} INFO - DAG(s) 'latest_only' retrieved from /home/airflow/.local/lib/python3.12/site-packages/airflow/example_dags/example_latest_only.py
[2025-12-21T20:35:18.693+0000] {logging_mixin.py:190} INFO - [2025-12-21T20:35:18.693+0000] {dag.py:3239} INFO - Sync 1 DAGs
[2025-12-21T20:35:18.728+0000] {logging_mixin.py:190} INFO - [2025-12-21T20:35:18.727+0000] {dag.py:4180} INFO - Setting next_dagrun for latest_only to 2025-12-21 16:00:00+00:00, run_after=2025-12-21 20:00:00+00:00
[2025-12-21T20:35:18.754+0000] {processor.py:208} INFO - Processing /home/airflow/.local/lib/python3.12/site-packages/airflow/example_dags/example_latest_only.py took 0.101 seconds
[2025-12-21T20:35:48.866+0000] {processor.py:186} INFO - Started process (PID=1685) to work on /home/airflow/.local/lib/python3.12/site-packages/airflow/example_dags/example_latest_only.py
[2025-12-21T20:35:48.867+0000] {processor.py:914} INFO - Processing file /home/airflow/.local/lib/python3.12/site-packages/airflow/example_dags/example_latest_only.py for tasks to queue
[2025-12-21T20:35:48.872+0000] {logging_mixin.py:190} INFO - [2025-12-21T20:35:48.871+0000] {dagbag.py:588} INFO - Filling up the DagBag from /home/airflow/.local/lib/python3.12/site-packages/airflow/example_dags/example_latest_only.py
[2025-12-21T20:35:48.881+0000] {processor.py:925} INFO - DAG(s) 'latest_only' retrieved from /home/airflow/.local/lib/python3.12/site-packages/airflow/example_dags/example_latest_only.py
[2025-12-21T20:35:48.908+0000] {logging_mixin.py:190} INFO - [2025-12-21T20:35:48.908+0000] {dag.py:3239} INFO - Sync 1 DAGs
[2025-12-21T20:35:48.937+0000] {logging_mixin.py:190} INFO - [2025-12-21T20:35:48.937+0000] {dag.py:4180} INFO - Setting next_dagrun for latest_only to 2025-12-21 16:00:00+00:00, run_after=2025-12-21 20:00:00+00:00
[2025-12-21T20:35:48.972+0000] {processor.py:208} INFO - Processing /home/airflow/.local/lib/python3.12/site-packages/airflow/example_dags/example_latest_only.py took 0.118 seconds
[2025-12-21T20:36:19.397+0000] {processor.py:186} INFO - Started process (PID=1751) to work on /home/airflow/.local/lib/python3.12/site-packages/airflow/example_dags/example_latest_only.py
[2025-12-21T20:36:19.398+0000] {processor.py:914} INFO - Processing file /home/airflow/.local/lib/python3.12/site-packages/airflow/example_dags/example_latest_only.py for tasks to queue
[2025-12-21T20:36:19.401+0000] {logging_mixin.py:190} INFO - [2025-12-21T20:36:19.401+0000] {dagbag.py:588} INFO - Filling up the DagBag from /home/airflow/.local/lib/python3.12/site-packages/airflow/example_dags/example_latest_only.py
[2025-12-21T20:36:19.415+0000] {processor.py:925} INFO - DAG(s) 'latest_only' retrieved from /home/airflow/.local/lib/python3.12/site-packages/airflow/example_dags/example_latest_only.py
[2025-12-21T20:36:19.447+0000] {logging_mixin.py:190} INFO - [2025-12-21T20:36:19.447+0000] {dag.py:3239} INFO - Sync 1 DAGs
[2025-12-21T20:36:19.469+0000] {logging_mixin.py:190} INFO - [2025-12-21T20:36:19.469+0000] {dag.py:4180} INFO - Setting next_dagrun for latest_only to 2025-12-21 16:00:00+00:00, run_after=2025-12-21 20:00:00+00:00
[2025-12-21T20:36:19.493+0000] {processor.py:208} INFO - Processing /home/airflow/.local/lib/python3.12/site-packages/airflow/example_dags/example_latest_only.py took 0.107 seconds
[2025-12-21T20:36:50.222+0000] {processor.py:186} INFO - Started process (PID=1817) to work on /home/airflow/.local/lib/python3.12/site-packages/airflow/example_dags/example_latest_only.py
[2025-12-21T20:36:50.224+0000] {processor.py:914} INFO - Processing file /home/airflow/.local/lib/python3.12/site-packages/airflow/example_dags/example_latest_only.py for tasks to queue
[2025-12-21T20:36:50.227+0000] {logging_mixin.py:190} INFO - [2025-12-21T20:36:50.226+0000] {dagbag.py:588} INFO - Filling up the DagBag from /home/airflow/.local/lib/python3.12/site-packages/airflow/example_dags/example_latest_only.py
[2025-12-21T20:36:50.239+0000] {processor.py:925} INFO - DAG(s) 'latest_only' retrieved from /home/airflow/.local/lib/python3.12/site-packages/airflow/example_dags/example_latest_only.py
[2025-12-21T20:36:50.260+0000] {logging_mixin.py:190} INFO - [2025-12-21T20:36:50.259+0000] {dag.py:3239} INFO - Sync 1 DAGs
[2025-12-21T20:36:50.294+0000] {logging_mixin.py:190} INFO - [2025-12-21T20:36:50.293+0000] {dag.py:4180} INFO - Setting next_dagrun for latest_only to 2025-12-21 16:00:00+00:00, run_after=2025-12-21 20:00:00+00:00
[2025-12-21T20:36:50.318+0000] {processor.py:208} INFO - Processing /home/airflow/.local/lib/python3.12/site-packages/airflow/example_dags/example_latest_only.py took 0.102 seconds
[2025-12-21T20:37:20.785+0000] {processor.py:186} INFO - Started process (PID=1883) to work on /home/airflow/.local/lib/python3.12/site-packages/airflow/example_dags/example_latest_only.py
[2025-12-21T20:37:20.786+0000] {processor.py:914} INFO - Processing file /home/airflow/.local/lib/python3.12/site-packages/airflow/example_dags/example_latest_only.py for tasks to queue
[2025-12-21T20:37:20.789+0000] {logging_mixin.py:190} INFO - [2025-12-21T20:37:20.788+0000] {dagbag.py:588} INFO - Filling up the DagBag from /home/airflow/.local/lib/python3.12/site-packages/airflow/example_dags/example_latest_only.py
[2025-12-21T20:37:20.796+0000] {processor.py:925} INFO - DAG(s) 'latest_only' retrieved from /home/airflow/.local/lib/python3.12/site-packages/airflow/example_dags/example_latest_only.py
[2025-12-21T20:37:20.829+0000] {logging_mixin.py:190} INFO - [2025-12-21T20:37:20.828+0000] {dag.py:3239} INFO - Sync 1 DAGs
[2025-12-21T20:37:20.853+0000] {logging_mixin.py:190} INFO - [2025-12-21T20:37:20.852+0000] {dag.py:4180} INFO - Setting next_dagrun for latest_only to 2025-12-21 16:00:00+00:00, run_after=2025-12-21 20:00:00+00:00
[2025-12-21T20:37:20.881+0000] {processor.py:208} INFO - Processing /home/airflow/.local/lib/python3.12/site-packages/airflow/example_dags/example_latest_only.py took 0.105 seconds
[2025-12-21T20:37:51.121+0000] {processor.py:186} INFO - Started process (PID=1949) to work on /home/airflow/.local/lib/python3.12/site-packages/airflow/example_dags/example_latest_only.py
[2025-12-21T20:37:51.123+0000] {processor.py:914} INFO - Processing file /home/airflow/.local/lib/python3.12/site-packages/airflow/example_dags/example_latest_only.py for tasks to queue
[2025-12-21T20:37:51.131+0000] {logging_mixin.py:190} INFO - [2025-12-21T20:37:51.130+0000] {dagbag.py:588} INFO - Filling up the DagBag from /home/airflow/.local/lib/python3.12/site-packages/airflow/example_dags/example_latest_only.py
[2025-12-21T20:37:51.140+0000] {processor.py:925} INFO - DAG(s) 'latest_only' retrieved from /home/airflow/.local/lib/python3.12/site-packages/airflow/example_dags/example_latest_only.py
[2025-12-21T20:37:51.165+0000] {logging_mixin.py:190} INFO - [2025-12-21T20:37:51.165+0000] {dag.py:3239} INFO - Sync 1 DAGs
[2025-12-21T20:37:51.190+0000] {logging_mixin.py:190} INFO - [2025-12-21T20:37:51.190+0000] {dag.py:4180} INFO - Setting next_dagrun for latest_only to 2025-12-21 16:00:00+00:00, run_after=2025-12-21 20:00:00+00:00
[2025-12-21T20:37:51.219+0000] {processor.py:208} INFO - Processing /home/airflow/.local/lib/python3.12/site-packages/airflow/example_dags/example_latest_only.py took 0.110 seconds
[2025-12-21T20:38:21.340+0000] {processor.py:186} INFO - Started process (PID=2015) to work on /home/airflow/.local/lib/python3.12/site-packages/airflow/example_dags/example_latest_only.py
[2025-12-21T20:38:21.341+0000] {processor.py:914} INFO - Processing file /home/airflow/.local/lib/python3.12/site-packages/airflow/example_dags/example_latest_only.py for tasks to queue
[2025-12-21T20:38:21.343+0000] {logging_mixin.py:190} INFO - [2025-12-21T20:38:21.343+0000] {dagbag.py:588} INFO - Filling up the DagBag from /home/airflow/.local/lib/python3.12/site-packages/airflow/example_dags/example_latest_only.py
[2025-12-21T20:38:21.351+0000] {processor.py:925} INFO - DAG(s) 'latest_only' retrieved from /home/airflow/.local/lib/python3.12/site-packages/airflow/example_dags/example_latest_only.py
[2025-12-21T20:38:21.370+0000] {logging_mixin.py:190} INFO - [2025-12-21T20:38:21.370+0000] {dag.py:3239} INFO - Sync 1 DAGs
[2025-12-21T20:38:21.397+0000] {logging_mixin.py:190} INFO - [2025-12-21T20:38:21.397+0000] {dag.py:4180} INFO - Setting next_dagrun for latest_only to 2025-12-21 16:00:00+00:00, run_after=2025-12-21 20:00:00+00:00
[2025-12-21T20:38:21.422+0000] {processor.py:208} INFO - Processing /home/airflow/.local/lib/python3.12/site-packages/airflow/example_dags/example_latest_only.py took 0.088 seconds
[2025-12-21T20:38:51.804+0000] {processor.py:186} INFO - Started process (PID=2081) to work on /home/airflow/.local/lib/python3.12/site-packages/airflow/example_dags/example_latest_only.py
[2025-12-21T20:38:51.806+0000] {processor.py:914} INFO - Processing file /home/airflow/.local/lib/python3.12/site-packages/airflow/example_dags/example_latest_only.py for tasks to queue
[2025-12-21T20:38:51.809+0000] {logging_mixin.py:190} INFO - [2025-12-21T20:38:51.808+0000] {dagbag.py:588} INFO - Filling up the DagBag from /home/airflow/.local/lib/python3.12/site-packages/airflow/example_dags/example_latest_only.py
[2025-12-21T20:38:51.817+0000] {processor.py:925} INFO - DAG(s) 'latest_only' retrieved from /home/airflow/.local/lib/python3.12/site-packages/airflow/example_dags/example_latest_only.py
[2025-12-21T20:38:51.845+0000] {logging_mixin.py:190} INFO - [2025-12-21T20:38:51.844+0000] {dag.py:3239} INFO - Sync 1 DAGs
[2025-12-21T20:38:51.879+0000] {logging_mixin.py:190} INFO - [2025-12-21T20:38:51.879+0000] {dag.py:4180} INFO - Setting next_dagrun for latest_only to 2025-12-21 16:00:00+00:00, run_after=2025-12-21 20:00:00+00:00
[2025-12-21T20:38:51.903+0000] {processor.py:208} INFO - Processing /home/airflow/.local/lib/python3.12/site-packages/airflow/example_dags/example_latest_only.py took 0.108 seconds
[2025-12-21T20:39:22.149+0000] {processor.py:186} INFO - Started process (PID=2147) to work on /home/airflow/.local/lib/python3.12/site-packages/airflow/example_dags/example_latest_only.py
[2025-12-21T20:39:22.151+0000] {processor.py:914} INFO - Processing file /home/airflow/.local/lib/python3.12/site-packages/airflow/example_dags/example_latest_only.py for tasks to queue
[2025-12-21T20:39:22.154+0000] {logging_mixin.py:190} INFO - [2025-12-21T20:39:22.154+0000] {dagbag.py:588} INFO - Filling up the DagBag from /home/airflow/.local/lib/python3.12/site-packages/airflow/example_dags/example_latest_only.py
[2025-12-21T20:39:22.165+0000] {processor.py:925} INFO - DAG(s) 'latest_only' retrieved from /home/airflow/.local/lib/python3.12/site-packages/airflow/example_dags/example_latest_only.py
[2025-12-21T20:39:22.186+0000] {logging_mixin.py:190} INFO - [2025-12-21T20:39:22.186+0000] {dag.py:3239} INFO - Sync 1 DAGs
[2025-12-21T20:39:22.214+0000] {logging_mixin.py:190} INFO - [2025-12-21T20:39:22.214+0000] {dag.py:4180} INFO - Setting next_dagrun for latest_only to 2025-12-21 16:00:00+00:00, run_after=2025-12-21 20:00:00+00:00
[2025-12-21T20:39:22.238+0000] {processor.py:208} INFO - Processing /home/airflow/.local/lib/python3.12/site-packages/airflow/example_dags/example_latest_only.py took 0.100 seconds
[2025-12-21T20:39:52.402+0000] {processor.py:186} INFO - Started process (PID=2213) to work on /home/airflow/.local/lib/python3.12/site-packages/airflow/example_dags/example_latest_only.py
[2025-12-21T20:39:52.404+0000] {processor.py:914} INFO - Processing file /home/airflow/.local/lib/python3.12/site-packages/airflow/example_dags/example_latest_only.py for tasks to queue
[2025-12-21T20:39:52.410+0000] {logging_mixin.py:190} INFO - [2025-12-21T20:39:52.409+0000] {dagbag.py:588} INFO - Filling up the DagBag from /home/airflow/.local/lib/python3.12/site-packages/airflow/example_dags/example_latest_only.py
[2025-12-21T20:39:52.426+0000] {processor.py:925} INFO - DAG(s) 'latest_only' retrieved from /home/airflow/.local/lib/python3.12/site-packages/airflow/example_dags/example_latest_only.py
[2025-12-21T20:39:52.447+0000] {logging_mixin.py:190} INFO - [2025-12-21T20:39:52.447+0000] {dag.py:3239} INFO - Sync 1 DAGs
[2025-12-21T20:39:52.471+0000] {logging_mixin.py:190} INFO - [2025-12-21T20:39:52.471+0000] {dag.py:4180} INFO - Setting next_dagrun for latest_only to 2025-12-21 16:00:00+00:00, run_after=2025-12-21 20:00:00+00:00
[2025-12-21T20:39:52.507+0000] {processor.py:208} INFO - Processing /home/airflow/.local/lib/python3.12/site-packages/airflow/example_dags/example_latest_only.py took 0.114 seconds
[2025-12-21T20:43:17.000+0000] {processor.py:186} INFO - Started process (PID=2283) to work on /home/airflow/.local/lib/python3.12/site-packages/airflow/example_dags/example_latest_only.py
[2025-12-21T20:43:17.002+0000] {processor.py:914} INFO - Processing file /home/airflow/.local/lib/python3.12/site-packages/airflow/example_dags/example_latest_only.py for tasks to queue
[2025-12-21T20:43:17.003+0000] {logging_mixin.py:190} INFO - [2025-12-21T20:43:17.003+0000] {dagbag.py:588} INFO - Filling up the DagBag from /home/airflow/.local/lib/python3.12/site-packages/airflow/example_dags/example_latest_only.py
[2025-12-21T20:43:17.019+0000] {processor.py:925} INFO - DAG(s) 'latest_only' retrieved from /home/airflow/.local/lib/python3.12/site-packages/airflow/example_dags/example_latest_only.py
[2025-12-21T20:43:17.054+0000] {logging_mixin.py:190} INFO - [2025-12-21T20:43:17.054+0000] {dag.py:3239} INFO - Sync 1 DAGs
[2025-12-21T20:43:17.096+0000] {logging_mixin.py:190} INFO - [2025-12-21T20:43:17.096+0000] {dag.py:4180} INFO - Setting next_dagrun for latest_only to 2025-12-21 16:00:00+00:00, run_after=2025-12-21 20:00:00+00:00
[2025-12-21T20:43:17.133+0000] {processor.py:208} INFO - Processing /home/airflow/.local/lib/python3.12/site-packages/airflow/example_dags/example_latest_only.py took 0.142 seconds
[2025-12-21T20:43:47.700+0000] {processor.py:186} INFO - Started process (PID=2349) to work on /home/airflow/.local/lib/python3.12/site-packages/airflow/example_dags/example_latest_only.py
[2025-12-21T20:43:47.702+0000] {processor.py:914} INFO - Processing file /home/airflow/.local/lib/python3.12/site-packages/airflow/example_dags/example_latest_only.py for tasks to queue
[2025-12-21T20:43:47.704+0000] {logging_mixin.py:190} INFO - [2025-12-21T20:43:47.704+0000] {dagbag.py:588} INFO - Filling up the DagBag from /home/airflow/.local/lib/python3.12/site-packages/airflow/example_dags/example_latest_only.py
[2025-12-21T20:43:47.716+0000] {processor.py:925} INFO - DAG(s) 'latest_only' retrieved from /home/airflow/.local/lib/python3.12/site-packages/airflow/example_dags/example_latest_only.py
[2025-12-21T20:43:47.737+0000] {logging_mixin.py:190} INFO - [2025-12-21T20:43:47.737+0000] {dag.py:3239} INFO - Sync 1 DAGs
[2025-12-21T20:43:47.764+0000] {logging_mixin.py:190} INFO - [2025-12-21T20:43:47.763+0000] {dag.py:4180} INFO - Setting next_dagrun for latest_only to 2025-12-21 16:00:00+00:00, run_after=2025-12-21 20:00:00+00:00
[2025-12-21T20:43:47.791+0000] {processor.py:208} INFO - Processing /home/airflow/.local/lib/python3.12/site-packages/airflow/example_dags/example_latest_only.py took 0.101 seconds
[2025-12-21T20:44:18.161+0000] {processor.py:186} INFO - Started process (PID=2415) to work on /home/airflow/.local/lib/python3.12/site-packages/airflow/example_dags/example_latest_only.py
[2025-12-21T20:44:18.163+0000] {processor.py:914} INFO - Processing file /home/airflow/.local/lib/python3.12/site-packages/airflow/example_dags/example_latest_only.py for tasks to queue
[2025-12-21T20:44:18.166+0000] {logging_mixin.py:190} INFO - [2025-12-21T20:44:18.166+0000] {dagbag.py:588} INFO - Filling up the DagBag from /home/airflow/.local/lib/python3.12/site-packages/airflow/example_dags/example_latest_only.py
[2025-12-21T20:44:18.175+0000] {processor.py:925} INFO - DAG(s) 'latest_only' retrieved from /home/airflow/.local/lib/python3.12/site-packages/airflow/example_dags/example_latest_only.py
[2025-12-21T20:44:18.204+0000] {logging_mixin.py:190} INFO - [2025-12-21T20:44:18.204+0000] {dag.py:3239} INFO - Sync 1 DAGs
[2025-12-21T20:44:18.244+0000] {logging_mixin.py:190} INFO - [2025-12-21T20:44:18.244+0000] {dag.py:4180} INFO - Setting next_dagrun for latest_only to 2025-12-21 16:00:00+00:00, run_after=2025-12-21 20:00:00+00:00
[2025-12-21T20:44:18.267+0000] {processor.py:208} INFO - Processing /home/airflow/.local/lib/python3.12/site-packages/airflow/example_dags/example_latest_only.py took 0.114 seconds
[2025-12-21T20:44:48.848+0000] {processor.py:186} INFO - Started process (PID=2481) to work on /home/airflow/.local/lib/python3.12/site-packages/airflow/example_dags/example_latest_only.py
[2025-12-21T20:44:48.850+0000] {processor.py:914} INFO - Processing file /home/airflow/.local/lib/python3.12/site-packages/airflow/example_dags/example_latest_only.py for tasks to queue
[2025-12-21T20:44:48.852+0000] {logging_mixin.py:190} INFO - [2025-12-21T20:44:48.851+0000] {dagbag.py:588} INFO - Filling up the DagBag from /home/airflow/.local/lib/python3.12/site-packages/airflow/example_dags/example_latest_only.py
[2025-12-21T20:44:48.860+0000] {processor.py:925} INFO - DAG(s) 'latest_only' retrieved from /home/airflow/.local/lib/python3.12/site-packages/airflow/example_dags/example_latest_only.py
[2025-12-21T20:44:48.882+0000] {logging_mixin.py:190} INFO - [2025-12-21T20:44:48.881+0000] {dag.py:3239} INFO - Sync 1 DAGs
[2025-12-21T20:44:48.922+0000] {logging_mixin.py:190} INFO - [2025-12-21T20:44:48.922+0000] {dag.py:4180} INFO - Setting next_dagrun for latest_only to 2025-12-21 16:00:00+00:00, run_after=2025-12-21 20:00:00+00:00
[2025-12-21T20:44:48.946+0000] {processor.py:208} INFO - Processing /home/airflow/.local/lib/python3.12/site-packages/airflow/example_dags/example_latest_only.py took 0.108 seconds
[2025-12-21T20:45:19.067+0000] {processor.py:186} INFO - Started process (PID=2547) to work on /home/airflow/.local/lib/python3.12/site-packages/airflow/example_dags/example_latest_only.py
[2025-12-21T20:45:19.069+0000] {processor.py:914} INFO - Processing file /home/airflow/.local/lib/python3.12/site-packages/airflow/example_dags/example_latest_only.py for tasks to queue
[2025-12-21T20:45:19.071+0000] {logging_mixin.py:190} INFO - [2025-12-21T20:45:19.071+0000] {dagbag.py:588} INFO - Filling up the DagBag from /home/airflow/.local/lib/python3.12/site-packages/airflow/example_dags/example_latest_only.py
[2025-12-21T20:45:19.079+0000] {processor.py:925} INFO - DAG(s) 'latest_only' retrieved from /home/airflow/.local/lib/python3.12/site-packages/airflow/example_dags/example_latest_only.py
[2025-12-21T20:45:19.101+0000] {logging_mixin.py:190} INFO - [2025-12-21T20:45:19.100+0000] {dag.py:3239} INFO - Sync 1 DAGs
[2025-12-21T20:45:19.125+0000] {logging_mixin.py:190} INFO - [2025-12-21T20:45:19.125+0000] {dag.py:4180} INFO - Setting next_dagrun for latest_only to 2025-12-21 16:00:00+00:00, run_after=2025-12-21 20:00:00+00:00
[2025-12-21T20:45:19.149+0000] {processor.py:208} INFO - Processing /home/airflow/.local/lib/python3.12/site-packages/airflow/example_dags/example_latest_only.py took 0.094 seconds
[2025-12-21T20:45:49.326+0000] {processor.py:186} INFO - Started process (PID=2613) to work on /home/airflow/.local/lib/python3.12/site-packages/airflow/example_dags/example_latest_only.py
[2025-12-21T20:45:49.327+0000] {processor.py:914} INFO - Processing file /home/airflow/.local/lib/python3.12/site-packages/airflow/example_dags/example_latest_only.py for tasks to queue
[2025-12-21T20:45:49.330+0000] {logging_mixin.py:190} INFO - [2025-12-21T20:45:49.329+0000] {dagbag.py:588} INFO - Filling up the DagBag from /home/airflow/.local/lib/python3.12/site-packages/airflow/example_dags/example_latest_only.py
[2025-12-21T20:45:49.340+0000] {processor.py:925} INFO - DAG(s) 'latest_only' retrieved from /home/airflow/.local/lib/python3.12/site-packages/airflow/example_dags/example_latest_only.py
[2025-12-21T20:45:49.365+0000] {logging_mixin.py:190} INFO - [2025-12-21T20:45:49.364+0000] {dag.py:3239} INFO - Sync 1 DAGs
[2025-12-21T20:45:49.399+0000] {logging_mixin.py:190} INFO - [2025-12-21T20:45:49.399+0000] {dag.py:4180} INFO - Setting next_dagrun for latest_only to 2025-12-21 16:00:00+00:00, run_after=2025-12-21 20:00:00+00:00
[2025-12-21T20:45:49.425+0000] {processor.py:208} INFO - Processing /home/airflow/.local/lib/python3.12/site-packages/airflow/example_dags/example_latest_only.py took 0.111 seconds
[2025-12-21T20:46:20.206+0000] {processor.py:186} INFO - Started process (PID=2679) to work on /home/airflow/.local/lib/python3.12/site-packages/airflow/example_dags/example_latest_only.py
[2025-12-21T20:46:20.208+0000] {processor.py:914} INFO - Processing file /home/airflow/.local/lib/python3.12/site-packages/airflow/example_dags/example_latest_only.py for tasks to queue
[2025-12-21T20:46:20.211+0000] {logging_mixin.py:190} INFO - [2025-12-21T20:46:20.211+0000] {dagbag.py:588} INFO - Filling up the DagBag from /home/airflow/.local/lib/python3.12/site-packages/airflow/example_dags/example_latest_only.py
[2025-12-21T20:46:20.226+0000] {processor.py:925} INFO - DAG(s) 'latest_only' retrieved from /home/airflow/.local/lib/python3.12/site-packages/airflow/example_dags/example_latest_only.py
[2025-12-21T20:46:20.252+0000] {logging_mixin.py:190} INFO - [2025-12-21T20:46:20.252+0000] {dag.py:3239} INFO - Sync 1 DAGs
[2025-12-21T20:46:20.286+0000] {logging_mixin.py:190} INFO - [2025-12-21T20:46:20.285+0000] {dag.py:4180} INFO - Setting next_dagrun for latest_only to 2025-12-21 16:00:00+00:00, run_after=2025-12-21 20:00:00+00:00
[2025-12-21T20:46:20.312+0000] {processor.py:208} INFO - Processing /home/airflow/.local/lib/python3.12/site-packages/airflow/example_dags/example_latest_only.py took 0.119 seconds
[2025-12-21T20:46:50.963+0000] {processor.py:186} INFO - Started process (PID=2745) to work on /home/airflow/.local/lib/python3.12/site-packages/airflow/example_dags/example_latest_only.py
[2025-12-21T20:46:50.964+0000] {processor.py:914} INFO - Processing file /home/airflow/.local/lib/python3.12/site-packages/airflow/example_dags/example_latest_only.py for tasks to queue
[2025-12-21T20:46:50.965+0000] {logging_mixin.py:190} INFO - [2025-12-21T20:46:50.965+0000] {dagbag.py:588} INFO - Filling up the DagBag from /home/airflow/.local/lib/python3.12/site-packages/airflow/example_dags/example_latest_only.py
[2025-12-21T20:46:50.976+0000] {processor.py:925} INFO - DAG(s) 'latest_only' retrieved from /home/airflow/.local/lib/python3.12/site-packages/airflow/example_dags/example_latest_only.py
[2025-12-21T20:46:51.009+0000] {logging_mixin.py:190} INFO - [2025-12-21T20:46:51.009+0000] {dag.py:3239} INFO - Sync 1 DAGs
[2025-12-21T20:46:51.046+0000] {logging_mixin.py:190} INFO - [2025-12-21T20:46:51.046+0000] {dag.py:4180} INFO - Setting next_dagrun for latest_only to 2025-12-21 16:00:00+00:00, run_after=2025-12-21 20:00:00+00:00
[2025-12-21T20:46:51.072+0000] {processor.py:208} INFO - Processing /home/airflow/.local/lib/python3.12/site-packages/airflow/example_dags/example_latest_only.py took 0.114 seconds
[2025-12-21T20:47:21.565+0000] {processor.py:186} INFO - Started process (PID=2811) to work on /home/airflow/.local/lib/python3.12/site-packages/airflow/example_dags/example_latest_only.py
[2025-12-21T20:47:21.570+0000] {processor.py:914} INFO - Processing file /home/airflow/.local/lib/python3.12/site-packages/airflow/example_dags/example_latest_only.py for tasks to queue
[2025-12-21T20:47:21.572+0000] {logging_mixin.py:190} INFO - [2025-12-21T20:47:21.572+0000] {dagbag.py:588} INFO - Filling up the DagBag from /home/airflow/.local/lib/python3.12/site-packages/airflow/example_dags/example_latest_only.py
[2025-12-21T20:47:21.579+0000] {processor.py:925} INFO - DAG(s) 'latest_only' retrieved from /home/airflow/.local/lib/python3.12/site-packages/airflow/example_dags/example_latest_only.py
[2025-12-21T20:47:21.601+0000] {logging_mixin.py:190} INFO - [2025-12-21T20:47:21.600+0000] {dag.py:3239} INFO - Sync 1 DAGs
[2025-12-21T20:47:21.622+0000] {logging_mixin.py:190} INFO - [2025-12-21T20:47:21.622+0000] {dag.py:4180} INFO - Setting next_dagrun for latest_only to 2025-12-21 16:00:00+00:00, run_after=2025-12-21 20:00:00+00:00
[2025-12-21T20:47:21.647+0000] {processor.py:208} INFO - Processing /home/airflow/.local/lib/python3.12/site-packages/airflow/example_dags/example_latest_only.py took 0.094 seconds
[2025-12-21T20:47:51.891+0000] {processor.py:186} INFO - Started process (PID=2876) to work on /home/airflow/.local/lib/python3.12/site-packages/airflow/example_dags/example_latest_only.py
[2025-12-21T20:47:51.894+0000] {processor.py:914} INFO - Processing file /home/airflow/.local/lib/python3.12/site-packages/airflow/example_dags/example_latest_only.py for tasks to queue
[2025-12-21T20:47:51.897+0000] {logging_mixin.py:190} INFO - [2025-12-21T20:47:51.896+0000] {dagbag.py:588} INFO - Filling up the DagBag from /home/airflow/.local/lib/python3.12/site-packages/airflow/example_dags/example_latest_only.py
[2025-12-21T20:47:51.917+0000] {processor.py:925} INFO - DAG(s) 'latest_only' retrieved from /home/airflow/.local/lib/python3.12/site-packages/airflow/example_dags/example_latest_only.py
[2025-12-21T20:47:51.948+0000] {logging_mixin.py:190} INFO - [2025-12-21T20:47:51.948+0000] {dag.py:3239} INFO - Sync 1 DAGs
[2025-12-21T20:47:51.987+0000] {logging_mixin.py:190} INFO - [2025-12-21T20:47:51.986+0000] {dag.py:4180} INFO - Setting next_dagrun for latest_only to 2025-12-21 16:00:00+00:00, run_after=2025-12-21 20:00:00+00:00
[2025-12-21T20:47:52.024+0000] {processor.py:208} INFO - Processing /home/airflow/.local/lib/python3.12/site-packages/airflow/example_dags/example_latest_only.py took 0.145 seconds
