[2025-12-21T20:23:42.599+0000] {processor.py:186} INFO - Started process (PID=122) to work on /home/airflow/.local/lib/python3.12/site-packages/airflow/example_dags/example_sensor_decorator.py
[2025-12-21T20:23:42.601+0000] {processor.py:914} INFO - Processing file /home/airflow/.local/lib/python3.12/site-packages/airflow/example_dags/example_sensor_decorator.py for tasks to queue
[2025-12-21T20:23:42.607+0000] {logging_mixin.py:190} INFO - [2025-12-21T20:23:42.606+0000] {dagbag.py:588} INFO - Filling up the DagBag from /home/airflow/.local/lib/python3.12/site-packages/airflow/example_dags/example_sensor_decorator.py
[2025-12-21T20:23:42.617+0000] {processor.py:925} INFO - DAG(s) 'example_sensor_decorator' retrieved from /home/airflow/.local/lib/python3.12/site-packages/airflow/example_dags/example_sensor_decorator.py
[2025-12-21T20:23:42.731+0000] {logging_mixin.py:190} INFO - [2025-12-21T20:23:42.730+0000] {override.py:1912} INFO - Created Permission View: can delete on DAG:example_sensor_decorator
[2025-12-21T20:23:42.748+0000] {logging_mixin.py:190} INFO - [2025-12-21T20:23:42.747+0000] {override.py:1912} INFO - Created Permission View: can edit on DAG:example_sensor_decorator
[2025-12-21T20:23:42.762+0000] {logging_mixin.py:190} INFO - [2025-12-21T20:23:42.762+0000] {override.py:1912} INFO - Created Permission View: can read on DAG:example_sensor_decorator
[2025-12-21T20:23:42.780+0000] {logging_mixin.py:190} INFO - [2025-12-21T20:23:42.780+0000] {override.py:1912} INFO - Created Permission View: can delete on DAG Run:example_sensor_decorator
[2025-12-21T20:23:42.793+0000] {logging_mixin.py:190} INFO - [2025-12-21T20:23:42.792+0000] {override.py:1912} INFO - Created Permission View: can create on DAG Run:example_sensor_decorator
[2025-12-21T20:23:42.809+0000] {logging_mixin.py:190} INFO - [2025-12-21T20:23:42.809+0000] {override.py:1912} INFO - Created Permission View: menu access on DAG Run:example_sensor_decorator
[2025-12-21T20:23:42.823+0000] {logging_mixin.py:190} INFO - [2025-12-21T20:23:42.823+0000] {override.py:1912} INFO - Created Permission View: can read on DAG Run:example_sensor_decorator
[2025-12-21T20:23:42.824+0000] {logging_mixin.py:190} INFO - [2025-12-21T20:23:42.824+0000] {dag.py:3239} INFO - Sync 1 DAGs
[2025-12-21T20:23:42.837+0000] {logging_mixin.py:190} INFO - [2025-12-21T20:23:42.837+0000] {dag.py:3262} INFO - Creating ORM DAG for example_sensor_decorator
[2025-12-21T20:23:42.838+0000] {logging_mixin.py:190} INFO - [2025-12-21T20:23:42.838+0000] {dag.py:4180} INFO - Setting next_dagrun for example_sensor_decorator to None, run_after=None
[2025-12-21T20:23:42.864+0000] {processor.py:208} INFO - Processing /home/airflow/.local/lib/python3.12/site-packages/airflow/example_dags/example_sensor_decorator.py took 0.276 seconds
[2025-12-21T20:24:13.499+0000] {processor.py:186} INFO - Started process (PID=188) to work on /home/airflow/.local/lib/python3.12/site-packages/airflow/example_dags/example_sensor_decorator.py
[2025-12-21T20:24:13.500+0000] {processor.py:914} INFO - Processing file /home/airflow/.local/lib/python3.12/site-packages/airflow/example_dags/example_sensor_decorator.py for tasks to queue
[2025-12-21T20:24:13.502+0000] {logging_mixin.py:190} INFO - [2025-12-21T20:24:13.502+0000] {dagbag.py:588} INFO - Filling up the DagBag from /home/airflow/.local/lib/python3.12/site-packages/airflow/example_dags/example_sensor_decorator.py
[2025-12-21T20:24:13.510+0000] {processor.py:925} INFO - DAG(s) 'example_sensor_decorator' retrieved from /home/airflow/.local/lib/python3.12/site-packages/airflow/example_dags/example_sensor_decorator.py
[2025-12-21T20:24:13.529+0000] {logging_mixin.py:190} INFO - [2025-12-21T20:24:13.529+0000] {dag.py:3239} INFO - Sync 1 DAGs
[2025-12-21T20:24:13.543+0000] {logging_mixin.py:190} INFO - [2025-12-21T20:24:13.543+0000] {dag.py:4180} INFO - Setting next_dagrun for example_sensor_decorator to None, run_after=None
[2025-12-21T20:24:13.566+0000] {processor.py:208} INFO - Processing /home/airflow/.local/lib/python3.12/site-packages/airflow/example_dags/example_sensor_decorator.py took 0.072 seconds
[2025-12-21T20:24:44.229+0000] {processor.py:186} INFO - Started process (PID=254) to work on /home/airflow/.local/lib/python3.12/site-packages/airflow/example_dags/example_sensor_decorator.py
[2025-12-21T20:24:44.230+0000] {processor.py:914} INFO - Processing file /home/airflow/.local/lib/python3.12/site-packages/airflow/example_dags/example_sensor_decorator.py for tasks to queue
[2025-12-21T20:24:44.234+0000] {logging_mixin.py:190} INFO - [2025-12-21T20:24:44.233+0000] {dagbag.py:588} INFO - Filling up the DagBag from /home/airflow/.local/lib/python3.12/site-packages/airflow/example_dags/example_sensor_decorator.py
[2025-12-21T20:24:44.243+0000] {processor.py:925} INFO - DAG(s) 'example_sensor_decorator' retrieved from /home/airflow/.local/lib/python3.12/site-packages/airflow/example_dags/example_sensor_decorator.py
[2025-12-21T20:24:44.269+0000] {logging_mixin.py:190} INFO - [2025-12-21T20:24:44.268+0000] {dag.py:3239} INFO - Sync 1 DAGs
[2025-12-21T20:24:44.284+0000] {logging_mixin.py:190} INFO - [2025-12-21T20:24:44.283+0000] {dag.py:4180} INFO - Setting next_dagrun for example_sensor_decorator to None, run_after=None
[2025-12-21T20:24:44.310+0000] {processor.py:208} INFO - Processing /home/airflow/.local/lib/python3.12/site-packages/airflow/example_dags/example_sensor_decorator.py took 0.086 seconds
[2025-12-21T20:25:15.495+0000] {processor.py:186} INFO - Started process (PID=319) to work on /home/airflow/.local/lib/python3.12/site-packages/airflow/example_dags/example_sensor_decorator.py
[2025-12-21T20:25:15.497+0000] {processor.py:914} INFO - Processing file /home/airflow/.local/lib/python3.12/site-packages/airflow/example_dags/example_sensor_decorator.py for tasks to queue
[2025-12-21T20:25:15.500+0000] {logging_mixin.py:190} INFO - [2025-12-21T20:25:15.499+0000] {dagbag.py:588} INFO - Filling up the DagBag from /home/airflow/.local/lib/python3.12/site-packages/airflow/example_dags/example_sensor_decorator.py
[2025-12-21T20:25:15.511+0000] {processor.py:925} INFO - DAG(s) 'example_sensor_decorator' retrieved from /home/airflow/.local/lib/python3.12/site-packages/airflow/example_dags/example_sensor_decorator.py
[2025-12-21T20:25:15.536+0000] {logging_mixin.py:190} INFO - [2025-12-21T20:25:15.535+0000] {dag.py:3239} INFO - Sync 1 DAGs
[2025-12-21T20:25:15.552+0000] {logging_mixin.py:190} INFO - [2025-12-21T20:25:15.551+0000] {dag.py:4180} INFO - Setting next_dagrun for example_sensor_decorator to None, run_after=None
[2025-12-21T20:25:15.577+0000] {processor.py:208} INFO - Processing /home/airflow/.local/lib/python3.12/site-packages/airflow/example_dags/example_sensor_decorator.py took 0.087 seconds
[2025-12-21T20:25:47.129+0000] {processor.py:186} INFO - Started process (PID=385) to work on /home/airflow/.local/lib/python3.12/site-packages/airflow/example_dags/example_sensor_decorator.py
[2025-12-21T20:25:47.130+0000] {processor.py:914} INFO - Processing file /home/airflow/.local/lib/python3.12/site-packages/airflow/example_dags/example_sensor_decorator.py for tasks to queue
[2025-12-21T20:25:47.133+0000] {logging_mixin.py:190} INFO - [2025-12-21T20:25:47.133+0000] {dagbag.py:588} INFO - Filling up the DagBag from /home/airflow/.local/lib/python3.12/site-packages/airflow/example_dags/example_sensor_decorator.py
[2025-12-21T20:25:47.142+0000] {processor.py:925} INFO - DAG(s) 'example_sensor_decorator' retrieved from /home/airflow/.local/lib/python3.12/site-packages/airflow/example_dags/example_sensor_decorator.py
[2025-12-21T20:25:47.163+0000] {logging_mixin.py:190} INFO - [2025-12-21T20:25:47.163+0000] {dag.py:3239} INFO - Sync 1 DAGs
[2025-12-21T20:25:47.176+0000] {logging_mixin.py:190} INFO - [2025-12-21T20:25:47.176+0000] {dag.py:4180} INFO - Setting next_dagrun for example_sensor_decorator to None, run_after=None
[2025-12-21T20:25:47.198+0000] {processor.py:208} INFO - Processing /home/airflow/.local/lib/python3.12/site-packages/airflow/example_dags/example_sensor_decorator.py took 0.076 seconds
[2025-12-21T20:26:18.051+0000] {processor.py:186} INFO - Started process (PID=451) to work on /home/airflow/.local/lib/python3.12/site-packages/airflow/example_dags/example_sensor_decorator.py
[2025-12-21T20:26:18.052+0000] {processor.py:914} INFO - Processing file /home/airflow/.local/lib/python3.12/site-packages/airflow/example_dags/example_sensor_decorator.py for tasks to queue
[2025-12-21T20:26:18.055+0000] {logging_mixin.py:190} INFO - [2025-12-21T20:26:18.055+0000] {dagbag.py:588} INFO - Filling up the DagBag from /home/airflow/.local/lib/python3.12/site-packages/airflow/example_dags/example_sensor_decorator.py
[2025-12-21T20:26:18.070+0000] {processor.py:925} INFO - DAG(s) 'example_sensor_decorator' retrieved from /home/airflow/.local/lib/python3.12/site-packages/airflow/example_dags/example_sensor_decorator.py
[2025-12-21T20:26:18.098+0000] {logging_mixin.py:190} INFO - [2025-12-21T20:26:18.097+0000] {dag.py:3239} INFO - Sync 1 DAGs
[2025-12-21T20:26:18.113+0000] {logging_mixin.py:190} INFO - [2025-12-21T20:26:18.113+0000] {dag.py:4180} INFO - Setting next_dagrun for example_sensor_decorator to None, run_after=None
[2025-12-21T20:26:18.142+0000] {processor.py:208} INFO - Processing /home/airflow/.local/lib/python3.12/site-packages/airflow/example_dags/example_sensor_decorator.py took 0.103 seconds
[2025-12-21T20:26:49.013+0000] {processor.py:186} INFO - Started process (PID=517) to work on /home/airflow/.local/lib/python3.12/site-packages/airflow/example_dags/example_sensor_decorator.py
[2025-12-21T20:26:49.014+0000] {processor.py:914} INFO - Processing file /home/airflow/.local/lib/python3.12/site-packages/airflow/example_dags/example_sensor_decorator.py for tasks to queue
[2025-12-21T20:26:49.018+0000] {logging_mixin.py:190} INFO - [2025-12-21T20:26:49.018+0000] {dagbag.py:588} INFO - Filling up the DagBag from /home/airflow/.local/lib/python3.12/site-packages/airflow/example_dags/example_sensor_decorator.py
[2025-12-21T20:26:49.039+0000] {processor.py:925} INFO - DAG(s) 'example_sensor_decorator' retrieved from /home/airflow/.local/lib/python3.12/site-packages/airflow/example_dags/example_sensor_decorator.py
[2025-12-21T20:26:49.068+0000] {logging_mixin.py:190} INFO - [2025-12-21T20:26:49.068+0000] {dag.py:3239} INFO - Sync 1 DAGs
[2025-12-21T20:26:49.084+0000] {logging_mixin.py:190} INFO - [2025-12-21T20:26:49.084+0000] {dag.py:4180} INFO - Setting next_dagrun for example_sensor_decorator to None, run_after=None
[2025-12-21T20:26:49.114+0000] {processor.py:208} INFO - Processing /home/airflow/.local/lib/python3.12/site-packages/airflow/example_dags/example_sensor_decorator.py took 0.110 seconds
[2025-12-21T20:27:20.185+0000] {processor.py:186} INFO - Started process (PID=583) to work on /home/airflow/.local/lib/python3.12/site-packages/airflow/example_dags/example_sensor_decorator.py
[2025-12-21T20:27:20.186+0000] {processor.py:914} INFO - Processing file /home/airflow/.local/lib/python3.12/site-packages/airflow/example_dags/example_sensor_decorator.py for tasks to queue
[2025-12-21T20:27:20.190+0000] {logging_mixin.py:190} INFO - [2025-12-21T20:27:20.189+0000] {dagbag.py:588} INFO - Filling up the DagBag from /home/airflow/.local/lib/python3.12/site-packages/airflow/example_dags/example_sensor_decorator.py
[2025-12-21T20:27:20.201+0000] {processor.py:925} INFO - DAG(s) 'example_sensor_decorator' retrieved from /home/airflow/.local/lib/python3.12/site-packages/airflow/example_dags/example_sensor_decorator.py
[2025-12-21T20:27:20.225+0000] {logging_mixin.py:190} INFO - [2025-12-21T20:27:20.225+0000] {dag.py:3239} INFO - Sync 1 DAGs
[2025-12-21T20:27:20.240+0000] {logging_mixin.py:190} INFO - [2025-12-21T20:27:20.240+0000] {dag.py:4180} INFO - Setting next_dagrun for example_sensor_decorator to None, run_after=None
[2025-12-21T20:27:20.300+0000] {processor.py:208} INFO - Processing /home/airflow/.local/lib/python3.12/site-packages/airflow/example_dags/example_sensor_decorator.py took 0.119 seconds
[2025-12-21T20:27:51.147+0000] {processor.py:186} INFO - Started process (PID=649) to work on /home/airflow/.local/lib/python3.12/site-packages/airflow/example_dags/example_sensor_decorator.py
[2025-12-21T20:27:51.148+0000] {processor.py:914} INFO - Processing file /home/airflow/.local/lib/python3.12/site-packages/airflow/example_dags/example_sensor_decorator.py for tasks to queue
[2025-12-21T20:27:51.154+0000] {logging_mixin.py:190} INFO - [2025-12-21T20:27:51.153+0000] {dagbag.py:588} INFO - Filling up the DagBag from /home/airflow/.local/lib/python3.12/site-packages/airflow/example_dags/example_sensor_decorator.py
[2025-12-21T20:27:51.169+0000] {processor.py:925} INFO - DAG(s) 'example_sensor_decorator' retrieved from /home/airflow/.local/lib/python3.12/site-packages/airflow/example_dags/example_sensor_decorator.py
[2025-12-21T20:27:51.199+0000] {logging_mixin.py:190} INFO - [2025-12-21T20:27:51.199+0000] {dag.py:3239} INFO - Sync 1 DAGs
[2025-12-21T20:27:51.220+0000] {logging_mixin.py:190} INFO - [2025-12-21T20:27:51.220+0000] {dag.py:4180} INFO - Setting next_dagrun for example_sensor_decorator to None, run_after=None
[2025-12-21T20:27:51.269+0000] {processor.py:208} INFO - Processing /home/airflow/.local/lib/python3.12/site-packages/airflow/example_dags/example_sensor_decorator.py took 0.134 seconds
[2025-12-21T20:28:22.148+0000] {processor.py:186} INFO - Started process (PID=715) to work on /home/airflow/.local/lib/python3.12/site-packages/airflow/example_dags/example_sensor_decorator.py
[2025-12-21T20:28:22.149+0000] {processor.py:914} INFO - Processing file /home/airflow/.local/lib/python3.12/site-packages/airflow/example_dags/example_sensor_decorator.py for tasks to queue
[2025-12-21T20:28:22.152+0000] {logging_mixin.py:190} INFO - [2025-12-21T20:28:22.151+0000] {dagbag.py:588} INFO - Filling up the DagBag from /home/airflow/.local/lib/python3.12/site-packages/airflow/example_dags/example_sensor_decorator.py
[2025-12-21T20:28:22.161+0000] {processor.py:925} INFO - DAG(s) 'example_sensor_decorator' retrieved from /home/airflow/.local/lib/python3.12/site-packages/airflow/example_dags/example_sensor_decorator.py
[2025-12-21T20:28:22.181+0000] {logging_mixin.py:190} INFO - [2025-12-21T20:28:22.181+0000] {dag.py:3239} INFO - Sync 1 DAGs
[2025-12-21T20:28:22.193+0000] {logging_mixin.py:190} INFO - [2025-12-21T20:28:22.193+0000] {dag.py:4180} INFO - Setting next_dagrun for example_sensor_decorator to None, run_after=None
[2025-12-21T20:28:22.216+0000] {processor.py:208} INFO - Processing /home/airflow/.local/lib/python3.12/site-packages/airflow/example_dags/example_sensor_decorator.py took 0.074 seconds
[2025-12-21T20:28:52.937+0000] {processor.py:186} INFO - Started process (PID=781) to work on /home/airflow/.local/lib/python3.12/site-packages/airflow/example_dags/example_sensor_decorator.py
[2025-12-21T20:28:52.938+0000] {processor.py:914} INFO - Processing file /home/airflow/.local/lib/python3.12/site-packages/airflow/example_dags/example_sensor_decorator.py for tasks to queue
[2025-12-21T20:28:52.941+0000] {logging_mixin.py:190} INFO - [2025-12-21T20:28:52.941+0000] {dagbag.py:588} INFO - Filling up the DagBag from /home/airflow/.local/lib/python3.12/site-packages/airflow/example_dags/example_sensor_decorator.py
[2025-12-21T20:28:52.955+0000] {processor.py:925} INFO - DAG(s) 'example_sensor_decorator' retrieved from /home/airflow/.local/lib/python3.12/site-packages/airflow/example_dags/example_sensor_decorator.py
[2025-12-21T20:28:52.979+0000] {logging_mixin.py:190} INFO - [2025-12-21T20:28:52.978+0000] {dag.py:3239} INFO - Sync 1 DAGs
[2025-12-21T20:28:52.991+0000] {logging_mixin.py:190} INFO - [2025-12-21T20:28:52.991+0000] {dag.py:4180} INFO - Setting next_dagrun for example_sensor_decorator to None, run_after=None
[2025-12-21T20:28:53.017+0000] {processor.py:208} INFO - Processing /home/airflow/.local/lib/python3.12/site-packages/airflow/example_dags/example_sensor_decorator.py took 0.086 seconds
[2025-12-21T20:29:23.869+0000] {processor.py:186} INFO - Started process (PID=847) to work on /home/airflow/.local/lib/python3.12/site-packages/airflow/example_dags/example_sensor_decorator.py
[2025-12-21T20:29:23.870+0000] {processor.py:914} INFO - Processing file /home/airflow/.local/lib/python3.12/site-packages/airflow/example_dags/example_sensor_decorator.py for tasks to queue
[2025-12-21T20:29:23.872+0000] {logging_mixin.py:190} INFO - [2025-12-21T20:29:23.872+0000] {dagbag.py:588} INFO - Filling up the DagBag from /home/airflow/.local/lib/python3.12/site-packages/airflow/example_dags/example_sensor_decorator.py
[2025-12-21T20:29:23.884+0000] {processor.py:925} INFO - DAG(s) 'example_sensor_decorator' retrieved from /home/airflow/.local/lib/python3.12/site-packages/airflow/example_dags/example_sensor_decorator.py
[2025-12-21T20:29:23.905+0000] {logging_mixin.py:190} INFO - [2025-12-21T20:29:23.905+0000] {dag.py:3239} INFO - Sync 1 DAGs
[2025-12-21T20:29:23.921+0000] {logging_mixin.py:190} INFO - [2025-12-21T20:29:23.921+0000] {dag.py:4180} INFO - Setting next_dagrun for example_sensor_decorator to None, run_after=None
[2025-12-21T20:29:23.953+0000] {processor.py:208} INFO - Processing /home/airflow/.local/lib/python3.12/site-packages/airflow/example_dags/example_sensor_decorator.py took 0.089 seconds
[2025-12-21T20:29:54.736+0000] {processor.py:186} INFO - Started process (PID=913) to work on /home/airflow/.local/lib/python3.12/site-packages/airflow/example_dags/example_sensor_decorator.py
[2025-12-21T20:29:54.739+0000] {processor.py:914} INFO - Processing file /home/airflow/.local/lib/python3.12/site-packages/airflow/example_dags/example_sensor_decorator.py for tasks to queue
[2025-12-21T20:29:54.744+0000] {logging_mixin.py:190} INFO - [2025-12-21T20:29:54.743+0000] {dagbag.py:588} INFO - Filling up the DagBag from /home/airflow/.local/lib/python3.12/site-packages/airflow/example_dags/example_sensor_decorator.py
[2025-12-21T20:29:54.757+0000] {processor.py:925} INFO - DAG(s) 'example_sensor_decorator' retrieved from /home/airflow/.local/lib/python3.12/site-packages/airflow/example_dags/example_sensor_decorator.py
[2025-12-21T20:29:54.781+0000] {logging_mixin.py:190} INFO - [2025-12-21T20:29:54.781+0000] {dag.py:3239} INFO - Sync 1 DAGs
[2025-12-21T20:29:54.799+0000] {logging_mixin.py:190} INFO - [2025-12-21T20:29:54.799+0000] {dag.py:4180} INFO - Setting next_dagrun for example_sensor_decorator to None, run_after=None
[2025-12-21T20:29:54.824+0000] {processor.py:208} INFO - Processing /home/airflow/.local/lib/python3.12/site-packages/airflow/example_dags/example_sensor_decorator.py took 0.092 seconds
[2025-12-21T20:30:25.652+0000] {processor.py:186} INFO - Started process (PID=979) to work on /home/airflow/.local/lib/python3.12/site-packages/airflow/example_dags/example_sensor_decorator.py
[2025-12-21T20:30:25.654+0000] {processor.py:914} INFO - Processing file /home/airflow/.local/lib/python3.12/site-packages/airflow/example_dags/example_sensor_decorator.py for tasks to queue
[2025-12-21T20:30:25.656+0000] {logging_mixin.py:190} INFO - [2025-12-21T20:30:25.655+0000] {dagbag.py:588} INFO - Filling up the DagBag from /home/airflow/.local/lib/python3.12/site-packages/airflow/example_dags/example_sensor_decorator.py
[2025-12-21T20:30:25.664+0000] {processor.py:925} INFO - DAG(s) 'example_sensor_decorator' retrieved from /home/airflow/.local/lib/python3.12/site-packages/airflow/example_dags/example_sensor_decorator.py
[2025-12-21T20:30:25.687+0000] {logging_mixin.py:190} INFO - [2025-12-21T20:30:25.687+0000] {dag.py:3239} INFO - Sync 1 DAGs
[2025-12-21T20:30:25.702+0000] {logging_mixin.py:190} INFO - [2025-12-21T20:30:25.702+0000] {dag.py:4180} INFO - Setting next_dagrun for example_sensor_decorator to None, run_after=None
[2025-12-21T20:30:25.730+0000] {processor.py:208} INFO - Processing /home/airflow/.local/lib/python3.12/site-packages/airflow/example_dags/example_sensor_decorator.py took 0.083 seconds
[2025-12-21T20:30:56.469+0000] {processor.py:186} INFO - Started process (PID=1045) to work on /home/airflow/.local/lib/python3.12/site-packages/airflow/example_dags/example_sensor_decorator.py
[2025-12-21T20:30:56.471+0000] {processor.py:914} INFO - Processing file /home/airflow/.local/lib/python3.12/site-packages/airflow/example_dags/example_sensor_decorator.py for tasks to queue
[2025-12-21T20:30:56.474+0000] {logging_mixin.py:190} INFO - [2025-12-21T20:30:56.473+0000] {dagbag.py:588} INFO - Filling up the DagBag from /home/airflow/.local/lib/python3.12/site-packages/airflow/example_dags/example_sensor_decorator.py
[2025-12-21T20:30:56.482+0000] {processor.py:925} INFO - DAG(s) 'example_sensor_decorator' retrieved from /home/airflow/.local/lib/python3.12/site-packages/airflow/example_dags/example_sensor_decorator.py
[2025-12-21T20:30:56.502+0000] {logging_mixin.py:190} INFO - [2025-12-21T20:30:56.502+0000] {dag.py:3239} INFO - Sync 1 DAGs
[2025-12-21T20:30:56.518+0000] {logging_mixin.py:190} INFO - [2025-12-21T20:30:56.518+0000] {dag.py:4180} INFO - Setting next_dagrun for example_sensor_decorator to None, run_after=None
[2025-12-21T20:30:56.544+0000] {processor.py:208} INFO - Processing /home/airflow/.local/lib/python3.12/site-packages/airflow/example_dags/example_sensor_decorator.py took 0.080 seconds
[2025-12-21T20:31:27.558+0000] {processor.py:186} INFO - Started process (PID=1111) to work on /home/airflow/.local/lib/python3.12/site-packages/airflow/example_dags/example_sensor_decorator.py
[2025-12-21T20:31:27.559+0000] {processor.py:914} INFO - Processing file /home/airflow/.local/lib/python3.12/site-packages/airflow/example_dags/example_sensor_decorator.py for tasks to queue
[2025-12-21T20:31:27.562+0000] {logging_mixin.py:190} INFO - [2025-12-21T20:31:27.561+0000] {dagbag.py:588} INFO - Filling up the DagBag from /home/airflow/.local/lib/python3.12/site-packages/airflow/example_dags/example_sensor_decorator.py
[2025-12-21T20:31:27.570+0000] {processor.py:925} INFO - DAG(s) 'example_sensor_decorator' retrieved from /home/airflow/.local/lib/python3.12/site-packages/airflow/example_dags/example_sensor_decorator.py
[2025-12-21T20:31:27.595+0000] {logging_mixin.py:190} INFO - [2025-12-21T20:31:27.595+0000] {dag.py:3239} INFO - Sync 1 DAGs
[2025-12-21T20:31:27.617+0000] {logging_mixin.py:190} INFO - [2025-12-21T20:31:27.617+0000] {dag.py:4180} INFO - Setting next_dagrun for example_sensor_decorator to None, run_after=None
[2025-12-21T20:31:27.648+0000] {processor.py:208} INFO - Processing /home/airflow/.local/lib/python3.12/site-packages/airflow/example_dags/example_sensor_decorator.py took 0.102 seconds
[2025-12-21T20:31:58.533+0000] {processor.py:186} INFO - Started process (PID=1177) to work on /home/airflow/.local/lib/python3.12/site-packages/airflow/example_dags/example_sensor_decorator.py
[2025-12-21T20:31:58.535+0000] {processor.py:914} INFO - Processing file /home/airflow/.local/lib/python3.12/site-packages/airflow/example_dags/example_sensor_decorator.py for tasks to queue
[2025-12-21T20:31:58.538+0000] {logging_mixin.py:190} INFO - [2025-12-21T20:31:58.537+0000] {dagbag.py:588} INFO - Filling up the DagBag from /home/airflow/.local/lib/python3.12/site-packages/airflow/example_dags/example_sensor_decorator.py
[2025-12-21T20:31:58.549+0000] {processor.py:925} INFO - DAG(s) 'example_sensor_decorator' retrieved from /home/airflow/.local/lib/python3.12/site-packages/airflow/example_dags/example_sensor_decorator.py
[2025-12-21T20:31:58.569+0000] {logging_mixin.py:190} INFO - [2025-12-21T20:31:58.569+0000] {dag.py:3239} INFO - Sync 1 DAGs
[2025-12-21T20:31:58.586+0000] {logging_mixin.py:190} INFO - [2025-12-21T20:31:58.586+0000] {dag.py:4180} INFO - Setting next_dagrun for example_sensor_decorator to None, run_after=None
[2025-12-21T20:31:58.613+0000] {processor.py:208} INFO - Processing /home/airflow/.local/lib/python3.12/site-packages/airflow/example_dags/example_sensor_decorator.py took 0.088 seconds
[2025-12-21T20:32:29.657+0000] {processor.py:186} INFO - Started process (PID=1243) to work on /home/airflow/.local/lib/python3.12/site-packages/airflow/example_dags/example_sensor_decorator.py
[2025-12-21T20:32:29.658+0000] {processor.py:914} INFO - Processing file /home/airflow/.local/lib/python3.12/site-packages/airflow/example_dags/example_sensor_decorator.py for tasks to queue
[2025-12-21T20:32:29.661+0000] {logging_mixin.py:190} INFO - [2025-12-21T20:32:29.661+0000] {dagbag.py:588} INFO - Filling up the DagBag from /home/airflow/.local/lib/python3.12/site-packages/airflow/example_dags/example_sensor_decorator.py
[2025-12-21T20:32:29.669+0000] {processor.py:925} INFO - DAG(s) 'example_sensor_decorator' retrieved from /home/airflow/.local/lib/python3.12/site-packages/airflow/example_dags/example_sensor_decorator.py
[2025-12-21T20:32:29.688+0000] {logging_mixin.py:190} INFO - [2025-12-21T20:32:29.688+0000] {dag.py:3239} INFO - Sync 1 DAGs
[2025-12-21T20:32:29.702+0000] {logging_mixin.py:190} INFO - [2025-12-21T20:32:29.702+0000] {dag.py:4180} INFO - Setting next_dagrun for example_sensor_decorator to None, run_after=None
[2025-12-21T20:32:29.736+0000] {processor.py:208} INFO - Processing /home/airflow/.local/lib/python3.12/site-packages/airflow/example_dags/example_sensor_decorator.py took 0.088 seconds
[2025-12-21T20:33:00.601+0000] {processor.py:186} INFO - Started process (PID=1309) to work on /home/airflow/.local/lib/python3.12/site-packages/airflow/example_dags/example_sensor_decorator.py
[2025-12-21T20:33:00.602+0000] {processor.py:914} INFO - Processing file /home/airflow/.local/lib/python3.12/site-packages/airflow/example_dags/example_sensor_decorator.py for tasks to queue
[2025-12-21T20:33:00.606+0000] {logging_mixin.py:190} INFO - [2025-12-21T20:33:00.606+0000] {dagbag.py:588} INFO - Filling up the DagBag from /home/airflow/.local/lib/python3.12/site-packages/airflow/example_dags/example_sensor_decorator.py
[2025-12-21T20:33:00.615+0000] {processor.py:925} INFO - DAG(s) 'example_sensor_decorator' retrieved from /home/airflow/.local/lib/python3.12/site-packages/airflow/example_dags/example_sensor_decorator.py
[2025-12-21T20:33:00.636+0000] {logging_mixin.py:190} INFO - [2025-12-21T20:33:00.636+0000] {dag.py:3239} INFO - Sync 1 DAGs
[2025-12-21T20:33:00.653+0000] {logging_mixin.py:190} INFO - [2025-12-21T20:33:00.652+0000] {dag.py:4180} INFO - Setting next_dagrun for example_sensor_decorator to None, run_after=None
[2025-12-21T20:33:00.680+0000] {processor.py:208} INFO - Processing /home/airflow/.local/lib/python3.12/site-packages/airflow/example_dags/example_sensor_decorator.py took 0.091 seconds
[2025-12-21T20:33:31.437+0000] {processor.py:186} INFO - Started process (PID=1375) to work on /home/airflow/.local/lib/python3.12/site-packages/airflow/example_dags/example_sensor_decorator.py
[2025-12-21T20:33:31.439+0000] {processor.py:914} INFO - Processing file /home/airflow/.local/lib/python3.12/site-packages/airflow/example_dags/example_sensor_decorator.py for tasks to queue
[2025-12-21T20:33:31.442+0000] {logging_mixin.py:190} INFO - [2025-12-21T20:33:31.441+0000] {dagbag.py:588} INFO - Filling up the DagBag from /home/airflow/.local/lib/python3.12/site-packages/airflow/example_dags/example_sensor_decorator.py
[2025-12-21T20:33:31.456+0000] {processor.py:925} INFO - DAG(s) 'example_sensor_decorator' retrieved from /home/airflow/.local/lib/python3.12/site-packages/airflow/example_dags/example_sensor_decorator.py
[2025-12-21T20:33:31.487+0000] {logging_mixin.py:190} INFO - [2025-12-21T20:33:31.486+0000] {dag.py:3239} INFO - Sync 1 DAGs
[2025-12-21T20:33:31.520+0000] {logging_mixin.py:190} INFO - [2025-12-21T20:33:31.520+0000] {dag.py:4180} INFO - Setting next_dagrun for example_sensor_decorator to None, run_after=None
[2025-12-21T20:33:31.552+0000] {processor.py:208} INFO - Processing /home/airflow/.local/lib/python3.12/site-packages/airflow/example_dags/example_sensor_decorator.py took 0.124 seconds
[2025-12-21T20:34:02.222+0000] {processor.py:186} INFO - Started process (PID=1441) to work on /home/airflow/.local/lib/python3.12/site-packages/airflow/example_dags/example_sensor_decorator.py
[2025-12-21T20:34:02.224+0000] {processor.py:914} INFO - Processing file /home/airflow/.local/lib/python3.12/site-packages/airflow/example_dags/example_sensor_decorator.py for tasks to queue
[2025-12-21T20:34:02.226+0000] {logging_mixin.py:190} INFO - [2025-12-21T20:34:02.226+0000] {dagbag.py:588} INFO - Filling up the DagBag from /home/airflow/.local/lib/python3.12/site-packages/airflow/example_dags/example_sensor_decorator.py
[2025-12-21T20:34:02.234+0000] {processor.py:925} INFO - DAG(s) 'example_sensor_decorator' retrieved from /home/airflow/.local/lib/python3.12/site-packages/airflow/example_dags/example_sensor_decorator.py
[2025-12-21T20:34:02.253+0000] {logging_mixin.py:190} INFO - [2025-12-21T20:34:02.253+0000] {dag.py:3239} INFO - Sync 1 DAGs
[2025-12-21T20:34:02.268+0000] {logging_mixin.py:190} INFO - [2025-12-21T20:34:02.268+0000] {dag.py:4180} INFO - Setting next_dagrun for example_sensor_decorator to None, run_after=None
[2025-12-21T20:34:02.294+0000] {processor.py:208} INFO - Processing /home/airflow/.local/lib/python3.12/site-packages/airflow/example_dags/example_sensor_decorator.py took 0.077 seconds
[2025-12-21T20:34:32.699+0000] {processor.py:186} INFO - Started process (PID=1512) to work on /home/airflow/.local/lib/python3.12/site-packages/airflow/example_dags/example_sensor_decorator.py
[2025-12-21T20:34:32.700+0000] {processor.py:914} INFO - Processing file /home/airflow/.local/lib/python3.12/site-packages/airflow/example_dags/example_sensor_decorator.py for tasks to queue
[2025-12-21T20:34:32.703+0000] {logging_mixin.py:190} INFO - [2025-12-21T20:34:32.703+0000] {dagbag.py:588} INFO - Filling up the DagBag from /home/airflow/.local/lib/python3.12/site-packages/airflow/example_dags/example_sensor_decorator.py
[2025-12-21T20:34:32.711+0000] {processor.py:925} INFO - DAG(s) 'example_sensor_decorator' retrieved from /home/airflow/.local/lib/python3.12/site-packages/airflow/example_dags/example_sensor_decorator.py
[2025-12-21T20:34:32.731+0000] {logging_mixin.py:190} INFO - [2025-12-21T20:34:32.730+0000] {dag.py:3239} INFO - Sync 1 DAGs
[2025-12-21T20:34:32.746+0000] {logging_mixin.py:190} INFO - [2025-12-21T20:34:32.745+0000] {dag.py:4180} INFO - Setting next_dagrun for example_sensor_decorator to None, run_after=None
[2025-12-21T20:34:32.770+0000] {processor.py:208} INFO - Processing /home/airflow/.local/lib/python3.12/site-packages/airflow/example_dags/example_sensor_decorator.py took 0.076 seconds
[2025-12-21T20:35:02.982+0000] {processor.py:186} INFO - Started process (PID=1577) to work on /home/airflow/.local/lib/python3.12/site-packages/airflow/example_dags/example_sensor_decorator.py
[2025-12-21T20:35:02.983+0000] {processor.py:914} INFO - Processing file /home/airflow/.local/lib/python3.12/site-packages/airflow/example_dags/example_sensor_decorator.py for tasks to queue
[2025-12-21T20:35:02.986+0000] {logging_mixin.py:190} INFO - [2025-12-21T20:35:02.986+0000] {dagbag.py:588} INFO - Filling up the DagBag from /home/airflow/.local/lib/python3.12/site-packages/airflow/example_dags/example_sensor_decorator.py
[2025-12-21T20:35:02.995+0000] {processor.py:925} INFO - DAG(s) 'example_sensor_decorator' retrieved from /home/airflow/.local/lib/python3.12/site-packages/airflow/example_dags/example_sensor_decorator.py
[2025-12-21T20:35:03.021+0000] {logging_mixin.py:190} INFO - [2025-12-21T20:35:03.021+0000] {dag.py:3239} INFO - Sync 1 DAGs
[2025-12-21T20:35:03.037+0000] {logging_mixin.py:190} INFO - [2025-12-21T20:35:03.037+0000] {dag.py:4180} INFO - Setting next_dagrun for example_sensor_decorator to None, run_after=None
[2025-12-21T20:35:03.061+0000] {processor.py:208} INFO - Processing /home/airflow/.local/lib/python3.12/site-packages/airflow/example_dags/example_sensor_decorator.py took 0.084 seconds
[2025-12-21T20:35:33.330+0000] {processor.py:186} INFO - Started process (PID=1642) to work on /home/airflow/.local/lib/python3.12/site-packages/airflow/example_dags/example_sensor_decorator.py
[2025-12-21T20:35:33.332+0000] {processor.py:914} INFO - Processing file /home/airflow/.local/lib/python3.12/site-packages/airflow/example_dags/example_sensor_decorator.py for tasks to queue
[2025-12-21T20:35:33.335+0000] {logging_mixin.py:190} INFO - [2025-12-21T20:35:33.334+0000] {dagbag.py:588} INFO - Filling up the DagBag from /home/airflow/.local/lib/python3.12/site-packages/airflow/example_dags/example_sensor_decorator.py
[2025-12-21T20:35:33.352+0000] {processor.py:925} INFO - DAG(s) 'example_sensor_decorator' retrieved from /home/airflow/.local/lib/python3.12/site-packages/airflow/example_dags/example_sensor_decorator.py
[2025-12-21T20:35:33.390+0000] {logging_mixin.py:190} INFO - [2025-12-21T20:35:33.389+0000] {dag.py:3239} INFO - Sync 1 DAGs
[2025-12-21T20:35:33.407+0000] {logging_mixin.py:190} INFO - [2025-12-21T20:35:33.407+0000] {dag.py:4180} INFO - Setting next_dagrun for example_sensor_decorator to None, run_after=None
[2025-12-21T20:35:33.433+0000] {processor.py:208} INFO - Processing /home/airflow/.local/lib/python3.12/site-packages/airflow/example_dags/example_sensor_decorator.py took 0.115 seconds
[2025-12-21T20:36:03.641+0000] {processor.py:186} INFO - Started process (PID=1708) to work on /home/airflow/.local/lib/python3.12/site-packages/airflow/example_dags/example_sensor_decorator.py
[2025-12-21T20:36:03.643+0000] {processor.py:914} INFO - Processing file /home/airflow/.local/lib/python3.12/site-packages/airflow/example_dags/example_sensor_decorator.py for tasks to queue
[2025-12-21T20:36:03.646+0000] {logging_mixin.py:190} INFO - [2025-12-21T20:36:03.646+0000] {dagbag.py:588} INFO - Filling up the DagBag from /home/airflow/.local/lib/python3.12/site-packages/airflow/example_dags/example_sensor_decorator.py
[2025-12-21T20:36:03.654+0000] {processor.py:925} INFO - DAG(s) 'example_sensor_decorator' retrieved from /home/airflow/.local/lib/python3.12/site-packages/airflow/example_dags/example_sensor_decorator.py
[2025-12-21T20:36:03.673+0000] {logging_mixin.py:190} INFO - [2025-12-21T20:36:03.673+0000] {dag.py:3239} INFO - Sync 1 DAGs
[2025-12-21T20:36:03.687+0000] {logging_mixin.py:190} INFO - [2025-12-21T20:36:03.687+0000] {dag.py:4180} INFO - Setting next_dagrun for example_sensor_decorator to None, run_after=None
[2025-12-21T20:36:03.710+0000] {processor.py:208} INFO - Processing /home/airflow/.local/lib/python3.12/site-packages/airflow/example_dags/example_sensor_decorator.py took 0.078 seconds
[2025-12-21T20:36:33.793+0000] {processor.py:186} INFO - Started process (PID=1773) to work on /home/airflow/.local/lib/python3.12/site-packages/airflow/example_dags/example_sensor_decorator.py
[2025-12-21T20:36:33.794+0000] {processor.py:914} INFO - Processing file /home/airflow/.local/lib/python3.12/site-packages/airflow/example_dags/example_sensor_decorator.py for tasks to queue
[2025-12-21T20:36:33.797+0000] {logging_mixin.py:190} INFO - [2025-12-21T20:36:33.796+0000] {dagbag.py:588} INFO - Filling up the DagBag from /home/airflow/.local/lib/python3.12/site-packages/airflow/example_dags/example_sensor_decorator.py
[2025-12-21T20:36:33.805+0000] {processor.py:925} INFO - DAG(s) 'example_sensor_decorator' retrieved from /home/airflow/.local/lib/python3.12/site-packages/airflow/example_dags/example_sensor_decorator.py
[2025-12-21T20:36:33.823+0000] {logging_mixin.py:190} INFO - [2025-12-21T20:36:33.823+0000] {dag.py:3239} INFO - Sync 1 DAGs
[2025-12-21T20:36:33.839+0000] {logging_mixin.py:190} INFO - [2025-12-21T20:36:33.839+0000] {dag.py:4180} INFO - Setting next_dagrun for example_sensor_decorator to None, run_after=None
[2025-12-21T20:36:33.864+0000] {processor.py:208} INFO - Processing /home/airflow/.local/lib/python3.12/site-packages/airflow/example_dags/example_sensor_decorator.py took 0.076 seconds
[2025-12-21T20:37:04.202+0000] {processor.py:186} INFO - Started process (PID=1839) to work on /home/airflow/.local/lib/python3.12/site-packages/airflow/example_dags/example_sensor_decorator.py
[2025-12-21T20:37:04.204+0000] {processor.py:914} INFO - Processing file /home/airflow/.local/lib/python3.12/site-packages/airflow/example_dags/example_sensor_decorator.py for tasks to queue
[2025-12-21T20:37:04.207+0000] {logging_mixin.py:190} INFO - [2025-12-21T20:37:04.207+0000] {dagbag.py:588} INFO - Filling up the DagBag from /home/airflow/.local/lib/python3.12/site-packages/airflow/example_dags/example_sensor_decorator.py
[2025-12-21T20:37:04.215+0000] {processor.py:925} INFO - DAG(s) 'example_sensor_decorator' retrieved from /home/airflow/.local/lib/python3.12/site-packages/airflow/example_dags/example_sensor_decorator.py
[2025-12-21T20:37:04.233+0000] {logging_mixin.py:190} INFO - [2025-12-21T20:37:04.233+0000] {dag.py:3239} INFO - Sync 1 DAGs
[2025-12-21T20:37:04.252+0000] {logging_mixin.py:190} INFO - [2025-12-21T20:37:04.252+0000] {dag.py:4180} INFO - Setting next_dagrun for example_sensor_decorator to None, run_after=None
[2025-12-21T20:37:04.280+0000] {processor.py:208} INFO - Processing /home/airflow/.local/lib/python3.12/site-packages/airflow/example_dags/example_sensor_decorator.py took 0.085 seconds
[2025-12-21T20:37:35.014+0000] {processor.py:186} INFO - Started process (PID=1905) to work on /home/airflow/.local/lib/python3.12/site-packages/airflow/example_dags/example_sensor_decorator.py
[2025-12-21T20:37:35.015+0000] {processor.py:914} INFO - Processing file /home/airflow/.local/lib/python3.12/site-packages/airflow/example_dags/example_sensor_decorator.py for tasks to queue
[2025-12-21T20:37:35.017+0000] {logging_mixin.py:190} INFO - [2025-12-21T20:37:35.017+0000] {dagbag.py:588} INFO - Filling up the DagBag from /home/airflow/.local/lib/python3.12/site-packages/airflow/example_dags/example_sensor_decorator.py
[2025-12-21T20:37:35.025+0000] {processor.py:925} INFO - DAG(s) 'example_sensor_decorator' retrieved from /home/airflow/.local/lib/python3.12/site-packages/airflow/example_dags/example_sensor_decorator.py
[2025-12-21T20:37:35.061+0000] {logging_mixin.py:190} INFO - [2025-12-21T20:37:35.061+0000] {dag.py:3239} INFO - Sync 1 DAGs
[2025-12-21T20:37:35.074+0000] {logging_mixin.py:190} INFO - [2025-12-21T20:37:35.074+0000] {dag.py:4180} INFO - Setting next_dagrun for example_sensor_decorator to None, run_after=None
[2025-12-21T20:37:35.100+0000] {processor.py:208} INFO - Processing /home/airflow/.local/lib/python3.12/site-packages/airflow/example_dags/example_sensor_decorator.py took 0.092 seconds
[2025-12-21T20:38:05.515+0000] {processor.py:186} INFO - Started process (PID=1971) to work on /home/airflow/.local/lib/python3.12/site-packages/airflow/example_dags/example_sensor_decorator.py
[2025-12-21T20:38:05.516+0000] {processor.py:914} INFO - Processing file /home/airflow/.local/lib/python3.12/site-packages/airflow/example_dags/example_sensor_decorator.py for tasks to queue
[2025-12-21T20:38:05.519+0000] {logging_mixin.py:190} INFO - [2025-12-21T20:38:05.518+0000] {dagbag.py:588} INFO - Filling up the DagBag from /home/airflow/.local/lib/python3.12/site-packages/airflow/example_dags/example_sensor_decorator.py
[2025-12-21T20:38:05.528+0000] {processor.py:925} INFO - DAG(s) 'example_sensor_decorator' retrieved from /home/airflow/.local/lib/python3.12/site-packages/airflow/example_dags/example_sensor_decorator.py
[2025-12-21T20:38:05.555+0000] {logging_mixin.py:190} INFO - [2025-12-21T20:38:05.554+0000] {dag.py:3239} INFO - Sync 1 DAGs
[2025-12-21T20:38:05.571+0000] {logging_mixin.py:190} INFO - [2025-12-21T20:38:05.570+0000] {dag.py:4180} INFO - Setting next_dagrun for example_sensor_decorator to None, run_after=None
[2025-12-21T20:38:05.602+0000] {processor.py:208} INFO - Processing /home/airflow/.local/lib/python3.12/site-packages/airflow/example_dags/example_sensor_decorator.py took 0.092 seconds
[2025-12-21T20:38:35.804+0000] {processor.py:186} INFO - Started process (PID=2037) to work on /home/airflow/.local/lib/python3.12/site-packages/airflow/example_dags/example_sensor_decorator.py
[2025-12-21T20:38:35.805+0000] {processor.py:914} INFO - Processing file /home/airflow/.local/lib/python3.12/site-packages/airflow/example_dags/example_sensor_decorator.py for tasks to queue
[2025-12-21T20:38:35.807+0000] {logging_mixin.py:190} INFO - [2025-12-21T20:38:35.807+0000] {dagbag.py:588} INFO - Filling up the DagBag from /home/airflow/.local/lib/python3.12/site-packages/airflow/example_dags/example_sensor_decorator.py
[2025-12-21T20:38:35.817+0000] {processor.py:925} INFO - DAG(s) 'example_sensor_decorator' retrieved from /home/airflow/.local/lib/python3.12/site-packages/airflow/example_dags/example_sensor_decorator.py
[2025-12-21T20:38:35.838+0000] {logging_mixin.py:190} INFO - [2025-12-21T20:38:35.838+0000] {dag.py:3239} INFO - Sync 1 DAGs
[2025-12-21T20:38:35.854+0000] {logging_mixin.py:190} INFO - [2025-12-21T20:38:35.854+0000] {dag.py:4180} INFO - Setting next_dagrun for example_sensor_decorator to None, run_after=None
[2025-12-21T20:38:35.881+0000] {processor.py:208} INFO - Processing /home/airflow/.local/lib/python3.12/site-packages/airflow/example_dags/example_sensor_decorator.py took 0.086 seconds
[2025-12-21T20:39:06.283+0000] {processor.py:186} INFO - Started process (PID=2104) to work on /home/airflow/.local/lib/python3.12/site-packages/airflow/example_dags/example_sensor_decorator.py
[2025-12-21T20:39:06.284+0000] {processor.py:914} INFO - Processing file /home/airflow/.local/lib/python3.12/site-packages/airflow/example_dags/example_sensor_decorator.py for tasks to queue
[2025-12-21T20:39:06.287+0000] {logging_mixin.py:190} INFO - [2025-12-21T20:39:06.286+0000] {dagbag.py:588} INFO - Filling up the DagBag from /home/airflow/.local/lib/python3.12/site-packages/airflow/example_dags/example_sensor_decorator.py
[2025-12-21T20:39:06.295+0000] {processor.py:925} INFO - DAG(s) 'example_sensor_decorator' retrieved from /home/airflow/.local/lib/python3.12/site-packages/airflow/example_dags/example_sensor_decorator.py
[2025-12-21T20:39:06.312+0000] {logging_mixin.py:190} INFO - [2025-12-21T20:39:06.312+0000] {dag.py:3239} INFO - Sync 1 DAGs
[2025-12-21T20:39:06.325+0000] {logging_mixin.py:190} INFO - [2025-12-21T20:39:06.325+0000] {dag.py:4180} INFO - Setting next_dagrun for example_sensor_decorator to None, run_after=None
[2025-12-21T20:39:06.347+0000] {processor.py:208} INFO - Processing /home/airflow/.local/lib/python3.12/site-packages/airflow/example_dags/example_sensor_decorator.py took 0.068 seconds
[2025-12-21T20:39:36.511+0000] {processor.py:186} INFO - Started process (PID=2170) to work on /home/airflow/.local/lib/python3.12/site-packages/airflow/example_dags/example_sensor_decorator.py
[2025-12-21T20:39:36.512+0000] {processor.py:914} INFO - Processing file /home/airflow/.local/lib/python3.12/site-packages/airflow/example_dags/example_sensor_decorator.py for tasks to queue
[2025-12-21T20:39:36.517+0000] {logging_mixin.py:190} INFO - [2025-12-21T20:39:36.516+0000] {dagbag.py:588} INFO - Filling up the DagBag from /home/airflow/.local/lib/python3.12/site-packages/airflow/example_dags/example_sensor_decorator.py
[2025-12-21T20:39:36.526+0000] {processor.py:925} INFO - DAG(s) 'example_sensor_decorator' retrieved from /home/airflow/.local/lib/python3.12/site-packages/airflow/example_dags/example_sensor_decorator.py
[2025-12-21T20:39:36.560+0000] {logging_mixin.py:190} INFO - [2025-12-21T20:39:36.559+0000] {dag.py:3239} INFO - Sync 1 DAGs
[2025-12-21T20:39:36.592+0000] {logging_mixin.py:190} INFO - [2025-12-21T20:39:36.592+0000] {dag.py:4180} INFO - Setting next_dagrun for example_sensor_decorator to None, run_after=None
[2025-12-21T20:39:36.619+0000] {processor.py:208} INFO - Processing /home/airflow/.local/lib/python3.12/site-packages/airflow/example_dags/example_sensor_decorator.py took 0.114 seconds
[2025-12-21T20:43:19.552+0000] {processor.py:186} INFO - Started process (PID=2299) to work on /home/airflow/.local/lib/python3.12/site-packages/airflow/example_dags/example_sensor_decorator.py
[2025-12-21T20:43:19.553+0000] {processor.py:914} INFO - Processing file /home/airflow/.local/lib/python3.12/site-packages/airflow/example_dags/example_sensor_decorator.py for tasks to queue
[2025-12-21T20:43:19.554+0000] {logging_mixin.py:190} INFO - [2025-12-21T20:43:19.554+0000] {dagbag.py:588} INFO - Filling up the DagBag from /home/airflow/.local/lib/python3.12/site-packages/airflow/example_dags/example_sensor_decorator.py
[2025-12-21T20:43:19.564+0000] {processor.py:925} INFO - DAG(s) 'example_sensor_decorator' retrieved from /home/airflow/.local/lib/python3.12/site-packages/airflow/example_dags/example_sensor_decorator.py
[2025-12-21T20:43:19.588+0000] {logging_mixin.py:190} INFO - [2025-12-21T20:43:19.587+0000] {dag.py:3239} INFO - Sync 1 DAGs
[2025-12-21T20:43:19.604+0000] {logging_mixin.py:190} INFO - [2025-12-21T20:43:19.604+0000] {dag.py:4180} INFO - Setting next_dagrun for example_sensor_decorator to None, run_after=None
[2025-12-21T20:43:19.632+0000] {processor.py:208} INFO - Processing /home/airflow/.local/lib/python3.12/site-packages/airflow/example_dags/example_sensor_decorator.py took 0.086 seconds
[2025-12-21T20:43:50.296+0000] {processor.py:186} INFO - Started process (PID=2364) to work on /home/airflow/.local/lib/python3.12/site-packages/airflow/example_dags/example_sensor_decorator.py
[2025-12-21T20:43:50.297+0000] {processor.py:914} INFO - Processing file /home/airflow/.local/lib/python3.12/site-packages/airflow/example_dags/example_sensor_decorator.py for tasks to queue
[2025-12-21T20:43:50.299+0000] {logging_mixin.py:190} INFO - [2025-12-21T20:43:50.299+0000] {dagbag.py:588} INFO - Filling up the DagBag from /home/airflow/.local/lib/python3.12/site-packages/airflow/example_dags/example_sensor_decorator.py
[2025-12-21T20:43:50.316+0000] {processor.py:925} INFO - DAG(s) 'example_sensor_decorator' retrieved from /home/airflow/.local/lib/python3.12/site-packages/airflow/example_dags/example_sensor_decorator.py
[2025-12-21T20:43:50.341+0000] {logging_mixin.py:190} INFO - [2025-12-21T20:43:50.340+0000] {dag.py:3239} INFO - Sync 1 DAGs
[2025-12-21T20:43:50.356+0000] {logging_mixin.py:190} INFO - [2025-12-21T20:43:50.356+0000] {dag.py:4180} INFO - Setting next_dagrun for example_sensor_decorator to None, run_after=None
[2025-12-21T20:43:50.382+0000] {processor.py:208} INFO - Processing /home/airflow/.local/lib/python3.12/site-packages/airflow/example_dags/example_sensor_decorator.py took 0.093 seconds
[2025-12-21T20:44:21.067+0000] {processor.py:186} INFO - Started process (PID=2430) to work on /home/airflow/.local/lib/python3.12/site-packages/airflow/example_dags/example_sensor_decorator.py
[2025-12-21T20:44:21.068+0000] {processor.py:914} INFO - Processing file /home/airflow/.local/lib/python3.12/site-packages/airflow/example_dags/example_sensor_decorator.py for tasks to queue
[2025-12-21T20:44:21.071+0000] {logging_mixin.py:190} INFO - [2025-12-21T20:44:21.070+0000] {dagbag.py:588} INFO - Filling up the DagBag from /home/airflow/.local/lib/python3.12/site-packages/airflow/example_dags/example_sensor_decorator.py
[2025-12-21T20:44:21.080+0000] {processor.py:925} INFO - DAG(s) 'example_sensor_decorator' retrieved from /home/airflow/.local/lib/python3.12/site-packages/airflow/example_dags/example_sensor_decorator.py
[2025-12-21T20:44:21.101+0000] {logging_mixin.py:190} INFO - [2025-12-21T20:44:21.100+0000] {dag.py:3239} INFO - Sync 1 DAGs
[2025-12-21T20:44:21.117+0000] {logging_mixin.py:190} INFO - [2025-12-21T20:44:21.116+0000] {dag.py:4180} INFO - Setting next_dagrun for example_sensor_decorator to None, run_after=None
[2025-12-21T20:44:21.144+0000] {processor.py:208} INFO - Processing /home/airflow/.local/lib/python3.12/site-packages/airflow/example_dags/example_sensor_decorator.py took 0.083 seconds
[2025-12-21T20:44:51.720+0000] {processor.py:186} INFO - Started process (PID=2496) to work on /home/airflow/.local/lib/python3.12/site-packages/airflow/example_dags/example_sensor_decorator.py
[2025-12-21T20:44:51.721+0000] {processor.py:914} INFO - Processing file /home/airflow/.local/lib/python3.12/site-packages/airflow/example_dags/example_sensor_decorator.py for tasks to queue
[2025-12-21T20:44:51.723+0000] {logging_mixin.py:190} INFO - [2025-12-21T20:44:51.723+0000] {dagbag.py:588} INFO - Filling up the DagBag from /home/airflow/.local/lib/python3.12/site-packages/airflow/example_dags/example_sensor_decorator.py
[2025-12-21T20:44:51.733+0000] {processor.py:925} INFO - DAG(s) 'example_sensor_decorator' retrieved from /home/airflow/.local/lib/python3.12/site-packages/airflow/example_dags/example_sensor_decorator.py
[2025-12-21T20:44:51.756+0000] {logging_mixin.py:190} INFO - [2025-12-21T20:44:51.756+0000] {dag.py:3239} INFO - Sync 1 DAGs
[2025-12-21T20:44:51.772+0000] {logging_mixin.py:190} INFO - [2025-12-21T20:44:51.771+0000] {dag.py:4180} INFO - Setting next_dagrun for example_sensor_decorator to None, run_after=None
[2025-12-21T20:44:51.801+0000] {processor.py:208} INFO - Processing /home/airflow/.local/lib/python3.12/site-packages/airflow/example_dags/example_sensor_decorator.py took 0.086 seconds
[2025-12-21T20:45:23.146+0000] {processor.py:186} INFO - Started process (PID=2565) to work on /home/airflow/.local/lib/python3.12/site-packages/airflow/example_dags/example_sensor_decorator.py
[2025-12-21T20:45:23.147+0000] {processor.py:914} INFO - Processing file /home/airflow/.local/lib/python3.12/site-packages/airflow/example_dags/example_sensor_decorator.py for tasks to queue
[2025-12-21T20:45:23.148+0000] {logging_mixin.py:190} INFO - [2025-12-21T20:45:23.148+0000] {dagbag.py:588} INFO - Filling up the DagBag from /home/airflow/.local/lib/python3.12/site-packages/airflow/example_dags/example_sensor_decorator.py
[2025-12-21T20:45:23.158+0000] {processor.py:925} INFO - DAG(s) 'example_sensor_decorator' retrieved from /home/airflow/.local/lib/python3.12/site-packages/airflow/example_dags/example_sensor_decorator.py
[2025-12-21T20:45:23.188+0000] {logging_mixin.py:190} INFO - [2025-12-21T20:45:23.187+0000] {dag.py:3239} INFO - Sync 1 DAGs
[2025-12-21T20:45:23.211+0000] {logging_mixin.py:190} INFO - [2025-12-21T20:45:23.211+0000] {dag.py:4180} INFO - Setting next_dagrun for example_sensor_decorator to None, run_after=None
[2025-12-21T20:45:23.246+0000] {processor.py:208} INFO - Processing /home/airflow/.local/lib/python3.12/site-packages/airflow/example_dags/example_sensor_decorator.py took 0.106 seconds
[2025-12-21T20:45:54.632+0000] {processor.py:186} INFO - Started process (PID=2631) to work on /home/airflow/.local/lib/python3.12/site-packages/airflow/example_dags/example_sensor_decorator.py
[2025-12-21T20:45:54.633+0000] {processor.py:914} INFO - Processing file /home/airflow/.local/lib/python3.12/site-packages/airflow/example_dags/example_sensor_decorator.py for tasks to queue
[2025-12-21T20:45:54.634+0000] {logging_mixin.py:190} INFO - [2025-12-21T20:45:54.634+0000] {dagbag.py:588} INFO - Filling up the DagBag from /home/airflow/.local/lib/python3.12/site-packages/airflow/example_dags/example_sensor_decorator.py
[2025-12-21T20:45:54.643+0000] {processor.py:925} INFO - DAG(s) 'example_sensor_decorator' retrieved from /home/airflow/.local/lib/python3.12/site-packages/airflow/example_dags/example_sensor_decorator.py
[2025-12-21T20:45:54.663+0000] {logging_mixin.py:190} INFO - [2025-12-21T20:45:54.663+0000] {dag.py:3239} INFO - Sync 1 DAGs
[2025-12-21T20:45:54.679+0000] {logging_mixin.py:190} INFO - [2025-12-21T20:45:54.679+0000] {dag.py:4180} INFO - Setting next_dagrun for example_sensor_decorator to None, run_after=None
[2025-12-21T20:45:54.702+0000] {processor.py:208} INFO - Processing /home/airflow/.local/lib/python3.12/site-packages/airflow/example_dags/example_sensor_decorator.py took 0.076 seconds
[2025-12-21T20:46:25.288+0000] {processor.py:186} INFO - Started process (PID=2696) to work on /home/airflow/.local/lib/python3.12/site-packages/airflow/example_dags/example_sensor_decorator.py
[2025-12-21T20:46:25.289+0000] {processor.py:914} INFO - Processing file /home/airflow/.local/lib/python3.12/site-packages/airflow/example_dags/example_sensor_decorator.py for tasks to queue
[2025-12-21T20:46:25.290+0000] {logging_mixin.py:190} INFO - [2025-12-21T20:46:25.290+0000] {dagbag.py:588} INFO - Filling up the DagBag from /home/airflow/.local/lib/python3.12/site-packages/airflow/example_dags/example_sensor_decorator.py
[2025-12-21T20:46:25.299+0000] {processor.py:925} INFO - DAG(s) 'example_sensor_decorator' retrieved from /home/airflow/.local/lib/python3.12/site-packages/airflow/example_dags/example_sensor_decorator.py
[2025-12-21T20:46:25.335+0000] {logging_mixin.py:190} INFO - [2025-12-21T20:46:25.335+0000] {dag.py:3239} INFO - Sync 1 DAGs
[2025-12-21T20:46:25.352+0000] {logging_mixin.py:190} INFO - [2025-12-21T20:46:25.352+0000] {dag.py:4180} INFO - Setting next_dagrun for example_sensor_decorator to None, run_after=None
[2025-12-21T20:46:25.379+0000] {processor.py:208} INFO - Processing /home/airflow/.local/lib/python3.12/site-packages/airflow/example_dags/example_sensor_decorator.py took 0.096 seconds
[2025-12-21T20:46:56.512+0000] {processor.py:186} INFO - Started process (PID=2766) to work on /home/airflow/.local/lib/python3.12/site-packages/airflow/example_dags/example_sensor_decorator.py
[2025-12-21T20:46:56.513+0000] {processor.py:914} INFO - Processing file /home/airflow/.local/lib/python3.12/site-packages/airflow/example_dags/example_sensor_decorator.py for tasks to queue
[2025-12-21T20:46:56.515+0000] {logging_mixin.py:190} INFO - [2025-12-21T20:46:56.515+0000] {dagbag.py:588} INFO - Filling up the DagBag from /home/airflow/.local/lib/python3.12/site-packages/airflow/example_dags/example_sensor_decorator.py
[2025-12-21T20:46:56.523+0000] {processor.py:925} INFO - DAG(s) 'example_sensor_decorator' retrieved from /home/airflow/.local/lib/python3.12/site-packages/airflow/example_dags/example_sensor_decorator.py
[2025-12-21T20:46:56.547+0000] {logging_mixin.py:190} INFO - [2025-12-21T20:46:56.547+0000] {dag.py:3239} INFO - Sync 1 DAGs
[2025-12-21T20:46:56.561+0000] {logging_mixin.py:190} INFO - [2025-12-21T20:46:56.561+0000] {dag.py:4180} INFO - Setting next_dagrun for example_sensor_decorator to None, run_after=None
[2025-12-21T20:46:56.587+0000] {processor.py:208} INFO - Processing /home/airflow/.local/lib/python3.12/site-packages/airflow/example_dags/example_sensor_decorator.py took 0.083 seconds
[2025-12-21T20:47:27.537+0000] {processor.py:186} INFO - Started process (PID=2833) to work on /home/airflow/.local/lib/python3.12/site-packages/airflow/example_dags/example_sensor_decorator.py
[2025-12-21T20:47:27.538+0000] {processor.py:914} INFO - Processing file /home/airflow/.local/lib/python3.12/site-packages/airflow/example_dags/example_sensor_decorator.py for tasks to queue
[2025-12-21T20:47:27.540+0000] {logging_mixin.py:190} INFO - [2025-12-21T20:47:27.540+0000] {dagbag.py:588} INFO - Filling up the DagBag from /home/airflow/.local/lib/python3.12/site-packages/airflow/example_dags/example_sensor_decorator.py
[2025-12-21T20:47:27.549+0000] {processor.py:925} INFO - DAG(s) 'example_sensor_decorator' retrieved from /home/airflow/.local/lib/python3.12/site-packages/airflow/example_dags/example_sensor_decorator.py
[2025-12-21T20:47:27.587+0000] {logging_mixin.py:190} INFO - [2025-12-21T20:47:27.586+0000] {dag.py:3239} INFO - Sync 1 DAGs
[2025-12-21T20:47:27.604+0000] {logging_mixin.py:190} INFO - [2025-12-21T20:47:27.604+0000] {dag.py:4180} INFO - Setting next_dagrun for example_sensor_decorator to None, run_after=None
[2025-12-21T20:47:27.640+0000] {processor.py:208} INFO - Processing /home/airflow/.local/lib/python3.12/site-packages/airflow/example_dags/example_sensor_decorator.py took 0.111 seconds
