[2025-12-21T20:23:41.235+0000] {processor.py:186} INFO - Started process (PID=117) to work on /home/airflow/.local/lib/python3.12/site-packages/airflow/example_dags/example_python_operator.py
[2025-12-21T20:23:41.237+0000] {processor.py:914} INFO - Processing file /home/airflow/.local/lib/python3.12/site-packages/airflow/example_dags/example_python_operator.py for tasks to queue
[2025-12-21T20:23:41.239+0000] {logging_mixin.py:190} INFO - [2025-12-21T20:23:41.239+0000] {dagbag.py:588} INFO - Filling up the DagBag from /home/airflow/.local/lib/python3.12/site-packages/airflow/example_dags/example_python_operator.py
[2025-12-21T20:23:41.253+0000] {processor.py:925} INFO - DAG(s) 'example_python_operator' retrieved from /home/airflow/.local/lib/python3.12/site-packages/airflow/example_dags/example_python_operator.py
[2025-12-21T20:23:41.374+0000] {logging_mixin.py:190} INFO - [2025-12-21T20:23:41.373+0000] {override.py:1912} INFO - Created Permission View: can delete on DAG:example_python_operator
[2025-12-21T20:23:41.392+0000] {logging_mixin.py:190} INFO - [2025-12-21T20:23:41.391+0000] {override.py:1912} INFO - Created Permission View: can edit on DAG:example_python_operator
[2025-12-21T20:23:41.408+0000] {logging_mixin.py:190} INFO - [2025-12-21T20:23:41.407+0000] {override.py:1912} INFO - Created Permission View: can read on DAG:example_python_operator
[2025-12-21T20:23:41.434+0000] {logging_mixin.py:190} INFO - [2025-12-21T20:23:41.433+0000] {override.py:1912} INFO - Created Permission View: can delete on DAG Run:example_python_operator
[2025-12-21T20:23:41.451+0000] {logging_mixin.py:190} INFO - [2025-12-21T20:23:41.451+0000] {override.py:1912} INFO - Created Permission View: can create on DAG Run:example_python_operator
[2025-12-21T20:23:41.466+0000] {logging_mixin.py:190} INFO - [2025-12-21T20:23:41.466+0000] {override.py:1912} INFO - Created Permission View: menu access on DAG Run:example_python_operator
[2025-12-21T20:23:41.482+0000] {logging_mixin.py:190} INFO - [2025-12-21T20:23:41.481+0000] {override.py:1912} INFO - Created Permission View: can read on DAG Run:example_python_operator
[2025-12-21T20:23:41.483+0000] {logging_mixin.py:190} INFO - [2025-12-21T20:23:41.483+0000] {dag.py:3239} INFO - Sync 1 DAGs
[2025-12-21T20:23:41.495+0000] {logging_mixin.py:190} INFO - [2025-12-21T20:23:41.495+0000] {dag.py:3262} INFO - Creating ORM DAG for example_python_operator
[2025-12-21T20:23:41.496+0000] {logging_mixin.py:190} INFO - [2025-12-21T20:23:41.496+0000] {dag.py:4180} INFO - Setting next_dagrun for example_python_operator to None, run_after=None
[2025-12-21T20:23:41.527+0000] {processor.py:208} INFO - Processing /home/airflow/.local/lib/python3.12/site-packages/airflow/example_dags/example_python_operator.py took 0.302 seconds
[2025-12-21T20:24:12.096+0000] {processor.py:186} INFO - Started process (PID=183) to work on /home/airflow/.local/lib/python3.12/site-packages/airflow/example_dags/example_python_operator.py
[2025-12-21T20:24:12.097+0000] {processor.py:914} INFO - Processing file /home/airflow/.local/lib/python3.12/site-packages/airflow/example_dags/example_python_operator.py for tasks to queue
[2025-12-21T20:24:12.102+0000] {logging_mixin.py:190} INFO - [2025-12-21T20:24:12.101+0000] {dagbag.py:588} INFO - Filling up the DagBag from /home/airflow/.local/lib/python3.12/site-packages/airflow/example_dags/example_python_operator.py
[2025-12-21T20:24:12.121+0000] {processor.py:925} INFO - DAG(s) 'example_python_operator' retrieved from /home/airflow/.local/lib/python3.12/site-packages/airflow/example_dags/example_python_operator.py
[2025-12-21T20:24:12.152+0000] {logging_mixin.py:190} INFO - [2025-12-21T20:24:12.151+0000] {dag.py:3239} INFO - Sync 1 DAGs
[2025-12-21T20:24:12.168+0000] {logging_mixin.py:190} INFO - [2025-12-21T20:24:12.168+0000] {dag.py:4180} INFO - Setting next_dagrun for example_python_operator to None, run_after=None
[2025-12-21T20:24:12.193+0000] {processor.py:208} INFO - Processing /home/airflow/.local/lib/python3.12/site-packages/airflow/example_dags/example_python_operator.py took 0.108 seconds
[2025-12-21T20:24:43.844+0000] {processor.py:186} INFO - Started process (PID=249) to work on /home/airflow/.local/lib/python3.12/site-packages/airflow/example_dags/example_python_operator.py
[2025-12-21T20:24:43.846+0000] {processor.py:914} INFO - Processing file /home/airflow/.local/lib/python3.12/site-packages/airflow/example_dags/example_python_operator.py for tasks to queue
[2025-12-21T20:24:43.849+0000] {logging_mixin.py:190} INFO - [2025-12-21T20:24:43.849+0000] {dagbag.py:588} INFO - Filling up the DagBag from /home/airflow/.local/lib/python3.12/site-packages/airflow/example_dags/example_python_operator.py
[2025-12-21T20:24:43.866+0000] {processor.py:925} INFO - DAG(s) 'example_python_operator' retrieved from /home/airflow/.local/lib/python3.12/site-packages/airflow/example_dags/example_python_operator.py
[2025-12-21T20:24:43.892+0000] {logging_mixin.py:190} INFO - [2025-12-21T20:24:43.892+0000] {dag.py:3239} INFO - Sync 1 DAGs
[2025-12-21T20:24:43.909+0000] {logging_mixin.py:190} INFO - [2025-12-21T20:24:43.909+0000] {dag.py:4180} INFO - Setting next_dagrun for example_python_operator to None, run_after=None
[2025-12-21T20:24:43.938+0000] {processor.py:208} INFO - Processing /home/airflow/.local/lib/python3.12/site-packages/airflow/example_dags/example_python_operator.py took 0.101 seconds
[2025-12-21T20:25:15.254+0000] {processor.py:186} INFO - Started process (PID=315) to work on /home/airflow/.local/lib/python3.12/site-packages/airflow/example_dags/example_python_operator.py
[2025-12-21T20:25:15.256+0000] {processor.py:914} INFO - Processing file /home/airflow/.local/lib/python3.12/site-packages/airflow/example_dags/example_python_operator.py for tasks to queue
[2025-12-21T20:25:15.259+0000] {logging_mixin.py:190} INFO - [2025-12-21T20:25:15.258+0000] {dagbag.py:588} INFO - Filling up the DagBag from /home/airflow/.local/lib/python3.12/site-packages/airflow/example_dags/example_python_operator.py
[2025-12-21T20:25:15.275+0000] {processor.py:925} INFO - DAG(s) 'example_python_operator' retrieved from /home/airflow/.local/lib/python3.12/site-packages/airflow/example_dags/example_python_operator.py
[2025-12-21T20:25:15.298+0000] {logging_mixin.py:190} INFO - [2025-12-21T20:25:15.298+0000] {dag.py:3239} INFO - Sync 1 DAGs
[2025-12-21T20:25:15.313+0000] {logging_mixin.py:190} INFO - [2025-12-21T20:25:15.312+0000] {dag.py:4180} INFO - Setting next_dagrun for example_python_operator to None, run_after=None
[2025-12-21T20:25:15.339+0000] {processor.py:208} INFO - Processing /home/airflow/.local/lib/python3.12/site-packages/airflow/example_dags/example_python_operator.py took 0.096 seconds
[2025-12-21T20:25:46.810+0000] {processor.py:186} INFO - Started process (PID=381) to work on /home/airflow/.local/lib/python3.12/site-packages/airflow/example_dags/example_python_operator.py
[2025-12-21T20:25:46.811+0000] {processor.py:914} INFO - Processing file /home/airflow/.local/lib/python3.12/site-packages/airflow/example_dags/example_python_operator.py for tasks to queue
[2025-12-21T20:25:46.819+0000] {logging_mixin.py:190} INFO - [2025-12-21T20:25:46.818+0000] {dagbag.py:588} INFO - Filling up the DagBag from /home/airflow/.local/lib/python3.12/site-packages/airflow/example_dags/example_python_operator.py
[2025-12-21T20:25:46.841+0000] {processor.py:925} INFO - DAG(s) 'example_python_operator' retrieved from /home/airflow/.local/lib/python3.12/site-packages/airflow/example_dags/example_python_operator.py
[2025-12-21T20:25:46.883+0000] {logging_mixin.py:190} INFO - [2025-12-21T20:25:46.882+0000] {dag.py:3239} INFO - Sync 1 DAGs
[2025-12-21T20:25:46.908+0000] {logging_mixin.py:190} INFO - [2025-12-21T20:25:46.908+0000] {dag.py:4180} INFO - Setting next_dagrun for example_python_operator to None, run_after=None
[2025-12-21T20:25:46.950+0000] {processor.py:208} INFO - Processing /home/airflow/.local/lib/python3.12/site-packages/airflow/example_dags/example_python_operator.py took 0.148 seconds
[2025-12-21T20:26:17.708+0000] {processor.py:186} INFO - Started process (PID=447) to work on /home/airflow/.local/lib/python3.12/site-packages/airflow/example_dags/example_python_operator.py
[2025-12-21T20:26:17.711+0000] {processor.py:914} INFO - Processing file /home/airflow/.local/lib/python3.12/site-packages/airflow/example_dags/example_python_operator.py for tasks to queue
[2025-12-21T20:26:17.714+0000] {logging_mixin.py:190} INFO - [2025-12-21T20:26:17.713+0000] {dagbag.py:588} INFO - Filling up the DagBag from /home/airflow/.local/lib/python3.12/site-packages/airflow/example_dags/example_python_operator.py
[2025-12-21T20:26:17.726+0000] {processor.py:925} INFO - DAG(s) 'example_python_operator' retrieved from /home/airflow/.local/lib/python3.12/site-packages/airflow/example_dags/example_python_operator.py
[2025-12-21T20:26:17.768+0000] {logging_mixin.py:190} INFO - [2025-12-21T20:26:17.767+0000] {dag.py:3239} INFO - Sync 1 DAGs
[2025-12-21T20:26:17.785+0000] {logging_mixin.py:190} INFO - [2025-12-21T20:26:17.784+0000] {dag.py:4180} INFO - Setting next_dagrun for example_python_operator to None, run_after=None
[2025-12-21T20:26:17.860+0000] {processor.py:208} INFO - Processing /home/airflow/.local/lib/python3.12/site-packages/airflow/example_dags/example_python_operator.py took 0.157 seconds
[2025-12-21T20:26:48.718+0000] {processor.py:186} INFO - Started process (PID=513) to work on /home/airflow/.local/lib/python3.12/site-packages/airflow/example_dags/example_python_operator.py
[2025-12-21T20:26:48.720+0000] {processor.py:914} INFO - Processing file /home/airflow/.local/lib/python3.12/site-packages/airflow/example_dags/example_python_operator.py for tasks to queue
[2025-12-21T20:26:48.725+0000] {logging_mixin.py:190} INFO - [2025-12-21T20:26:48.724+0000] {dagbag.py:588} INFO - Filling up the DagBag from /home/airflow/.local/lib/python3.12/site-packages/airflow/example_dags/example_python_operator.py
[2025-12-21T20:26:48.746+0000] {processor.py:925} INFO - DAG(s) 'example_python_operator' retrieved from /home/airflow/.local/lib/python3.12/site-packages/airflow/example_dags/example_python_operator.py
[2025-12-21T20:26:48.775+0000] {logging_mixin.py:190} INFO - [2025-12-21T20:26:48.774+0000] {dag.py:3239} INFO - Sync 1 DAGs
[2025-12-21T20:26:48.789+0000] {logging_mixin.py:190} INFO - [2025-12-21T20:26:48.788+0000] {dag.py:4180} INFO - Setting next_dagrun for example_python_operator to None, run_after=None
[2025-12-21T20:26:48.850+0000] {processor.py:208} INFO - Processing /home/airflow/.local/lib/python3.12/site-packages/airflow/example_dags/example_python_operator.py took 0.140 seconds
[2025-12-21T20:27:19.702+0000] {processor.py:186} INFO - Started process (PID=579) to work on /home/airflow/.local/lib/python3.12/site-packages/airflow/example_dags/example_python_operator.py
[2025-12-21T20:27:19.703+0000] {processor.py:914} INFO - Processing file /home/airflow/.local/lib/python3.12/site-packages/airflow/example_dags/example_python_operator.py for tasks to queue
[2025-12-21T20:27:19.708+0000] {logging_mixin.py:190} INFO - [2025-12-21T20:27:19.707+0000] {dagbag.py:588} INFO - Filling up the DagBag from /home/airflow/.local/lib/python3.12/site-packages/airflow/example_dags/example_python_operator.py
[2025-12-21T20:27:19.719+0000] {processor.py:925} INFO - DAG(s) 'example_python_operator' retrieved from /home/airflow/.local/lib/python3.12/site-packages/airflow/example_dags/example_python_operator.py
[2025-12-21T20:27:19.745+0000] {logging_mixin.py:190} INFO - [2025-12-21T20:27:19.745+0000] {dag.py:3239} INFO - Sync 1 DAGs
[2025-12-21T20:27:19.759+0000] {logging_mixin.py:190} INFO - [2025-12-21T20:27:19.759+0000] {dag.py:4180} INFO - Setting next_dagrun for example_python_operator to None, run_after=None
[2025-12-21T20:27:19.787+0000] {processor.py:208} INFO - Processing /home/airflow/.local/lib/python3.12/site-packages/airflow/example_dags/example_python_operator.py took 0.094 seconds
[2025-12-21T20:27:50.869+0000] {processor.py:186} INFO - Started process (PID=645) to work on /home/airflow/.local/lib/python3.12/site-packages/airflow/example_dags/example_python_operator.py
[2025-12-21T20:27:50.872+0000] {processor.py:914} INFO - Processing file /home/airflow/.local/lib/python3.12/site-packages/airflow/example_dags/example_python_operator.py for tasks to queue
[2025-12-21T20:27:50.875+0000] {logging_mixin.py:190} INFO - [2025-12-21T20:27:50.875+0000] {dagbag.py:588} INFO - Filling up the DagBag from /home/airflow/.local/lib/python3.12/site-packages/airflow/example_dags/example_python_operator.py
[2025-12-21T20:27:50.888+0000] {processor.py:925} INFO - DAG(s) 'example_python_operator' retrieved from /home/airflow/.local/lib/python3.12/site-packages/airflow/example_dags/example_python_operator.py
[2025-12-21T20:27:50.921+0000] {logging_mixin.py:190} INFO - [2025-12-21T20:27:50.921+0000] {dag.py:3239} INFO - Sync 1 DAGs
[2025-12-21T20:27:50.935+0000] {logging_mixin.py:190} INFO - [2025-12-21T20:27:50.934+0000] {dag.py:4180} INFO - Setting next_dagrun for example_python_operator to None, run_after=None
[2025-12-21T20:27:50.957+0000] {processor.py:208} INFO - Processing /home/airflow/.local/lib/python3.12/site-packages/airflow/example_dags/example_python_operator.py took 0.105 seconds
[2025-12-21T20:28:21.886+0000] {processor.py:186} INFO - Started process (PID=711) to work on /home/airflow/.local/lib/python3.12/site-packages/airflow/example_dags/example_python_operator.py
[2025-12-21T20:28:21.887+0000] {processor.py:914} INFO - Processing file /home/airflow/.local/lib/python3.12/site-packages/airflow/example_dags/example_python_operator.py for tasks to queue
[2025-12-21T20:28:21.891+0000] {logging_mixin.py:190} INFO - [2025-12-21T20:28:21.890+0000] {dagbag.py:588} INFO - Filling up the DagBag from /home/airflow/.local/lib/python3.12/site-packages/airflow/example_dags/example_python_operator.py
[2025-12-21T20:28:21.912+0000] {processor.py:925} INFO - DAG(s) 'example_python_operator' retrieved from /home/airflow/.local/lib/python3.12/site-packages/airflow/example_dags/example_python_operator.py
[2025-12-21T20:28:21.938+0000] {logging_mixin.py:190} INFO - [2025-12-21T20:28:21.938+0000] {dag.py:3239} INFO - Sync 1 DAGs
[2025-12-21T20:28:21.955+0000] {logging_mixin.py:190} INFO - [2025-12-21T20:28:21.955+0000] {dag.py:4180} INFO - Setting next_dagrun for example_python_operator to None, run_after=None
[2025-12-21T20:28:21.986+0000] {processor.py:208} INFO - Processing /home/airflow/.local/lib/python3.12/site-packages/airflow/example_dags/example_python_operator.py took 0.105 seconds
[2025-12-21T20:28:52.649+0000] {processor.py:186} INFO - Started process (PID=777) to work on /home/airflow/.local/lib/python3.12/site-packages/airflow/example_dags/example_python_operator.py
[2025-12-21T20:28:52.651+0000] {processor.py:914} INFO - Processing file /home/airflow/.local/lib/python3.12/site-packages/airflow/example_dags/example_python_operator.py for tasks to queue
[2025-12-21T20:28:52.654+0000] {logging_mixin.py:190} INFO - [2025-12-21T20:28:52.653+0000] {dagbag.py:588} INFO - Filling up the DagBag from /home/airflow/.local/lib/python3.12/site-packages/airflow/example_dags/example_python_operator.py
[2025-12-21T20:28:52.674+0000] {processor.py:925} INFO - DAG(s) 'example_python_operator' retrieved from /home/airflow/.local/lib/python3.12/site-packages/airflow/example_dags/example_python_operator.py
[2025-12-21T20:28:52.710+0000] {logging_mixin.py:190} INFO - [2025-12-21T20:28:52.709+0000] {dag.py:3239} INFO - Sync 1 DAGs
[2025-12-21T20:28:52.727+0000] {logging_mixin.py:190} INFO - [2025-12-21T20:28:52.726+0000] {dag.py:4180} INFO - Setting next_dagrun for example_python_operator to None, run_after=None
[2025-12-21T20:28:52.754+0000] {processor.py:208} INFO - Processing /home/airflow/.local/lib/python3.12/site-packages/airflow/example_dags/example_python_operator.py took 0.117 seconds
[2025-12-21T20:29:23.606+0000] {processor.py:186} INFO - Started process (PID=843) to work on /home/airflow/.local/lib/python3.12/site-packages/airflow/example_dags/example_python_operator.py
[2025-12-21T20:29:23.607+0000] {processor.py:914} INFO - Processing file /home/airflow/.local/lib/python3.12/site-packages/airflow/example_dags/example_python_operator.py for tasks to queue
[2025-12-21T20:29:23.610+0000] {logging_mixin.py:190} INFO - [2025-12-21T20:29:23.610+0000] {dagbag.py:588} INFO - Filling up the DagBag from /home/airflow/.local/lib/python3.12/site-packages/airflow/example_dags/example_python_operator.py
[2025-12-21T20:29:23.625+0000] {processor.py:925} INFO - DAG(s) 'example_python_operator' retrieved from /home/airflow/.local/lib/python3.12/site-packages/airflow/example_dags/example_python_operator.py
[2025-12-21T20:29:23.651+0000] {logging_mixin.py:190} INFO - [2025-12-21T20:29:23.650+0000] {dag.py:3239} INFO - Sync 1 DAGs
[2025-12-21T20:29:23.667+0000] {logging_mixin.py:190} INFO - [2025-12-21T20:29:23.666+0000] {dag.py:4180} INFO - Setting next_dagrun for example_python_operator to None, run_after=None
[2025-12-21T20:29:23.697+0000] {processor.py:208} INFO - Processing /home/airflow/.local/lib/python3.12/site-packages/airflow/example_dags/example_python_operator.py took 0.098 seconds
[2025-12-21T20:29:54.498+0000] {processor.py:186} INFO - Started process (PID=909) to work on /home/airflow/.local/lib/python3.12/site-packages/airflow/example_dags/example_python_operator.py
[2025-12-21T20:29:54.499+0000] {processor.py:914} INFO - Processing file /home/airflow/.local/lib/python3.12/site-packages/airflow/example_dags/example_python_operator.py for tasks to queue
[2025-12-21T20:29:54.502+0000] {logging_mixin.py:190} INFO - [2025-12-21T20:29:54.501+0000] {dagbag.py:588} INFO - Filling up the DagBag from /home/airflow/.local/lib/python3.12/site-packages/airflow/example_dags/example_python_operator.py
[2025-12-21T20:29:54.514+0000] {processor.py:925} INFO - DAG(s) 'example_python_operator' retrieved from /home/airflow/.local/lib/python3.12/site-packages/airflow/example_dags/example_python_operator.py
[2025-12-21T20:29:54.538+0000] {logging_mixin.py:190} INFO - [2025-12-21T20:29:54.538+0000] {dag.py:3239} INFO - Sync 1 DAGs
[2025-12-21T20:29:54.555+0000] {logging_mixin.py:190} INFO - [2025-12-21T20:29:54.555+0000] {dag.py:4180} INFO - Setting next_dagrun for example_python_operator to None, run_after=None
[2025-12-21T20:29:54.583+0000] {processor.py:208} INFO - Processing /home/airflow/.local/lib/python3.12/site-packages/airflow/example_dags/example_python_operator.py took 0.096 seconds
[2025-12-21T20:30:25.278+0000] {processor.py:186} INFO - Started process (PID=975) to work on /home/airflow/.local/lib/python3.12/site-packages/airflow/example_dags/example_python_operator.py
[2025-12-21T20:30:25.280+0000] {processor.py:914} INFO - Processing file /home/airflow/.local/lib/python3.12/site-packages/airflow/example_dags/example_python_operator.py for tasks to queue
[2025-12-21T20:30:25.282+0000] {logging_mixin.py:190} INFO - [2025-12-21T20:30:25.282+0000] {dagbag.py:588} INFO - Filling up the DagBag from /home/airflow/.local/lib/python3.12/site-packages/airflow/example_dags/example_python_operator.py
[2025-12-21T20:30:25.294+0000] {processor.py:925} INFO - DAG(s) 'example_python_operator' retrieved from /home/airflow/.local/lib/python3.12/site-packages/airflow/example_dags/example_python_operator.py
[2025-12-21T20:30:25.327+0000] {logging_mixin.py:190} INFO - [2025-12-21T20:30:25.327+0000] {dag.py:3239} INFO - Sync 1 DAGs
[2025-12-21T20:30:25.343+0000] {logging_mixin.py:190} INFO - [2025-12-21T20:30:25.343+0000] {dag.py:4180} INFO - Setting next_dagrun for example_python_operator to None, run_after=None
[2025-12-21T20:30:25.374+0000] {processor.py:208} INFO - Processing /home/airflow/.local/lib/python3.12/site-packages/airflow/example_dags/example_python_operator.py took 0.110 seconds
[2025-12-21T20:30:56.114+0000] {processor.py:186} INFO - Started process (PID=1041) to work on /home/airflow/.local/lib/python3.12/site-packages/airflow/example_dags/example_python_operator.py
[2025-12-21T20:30:56.115+0000] {processor.py:914} INFO - Processing file /home/airflow/.local/lib/python3.12/site-packages/airflow/example_dags/example_python_operator.py for tasks to queue
[2025-12-21T20:30:56.117+0000] {logging_mixin.py:190} INFO - [2025-12-21T20:30:56.117+0000] {dagbag.py:588} INFO - Filling up the DagBag from /home/airflow/.local/lib/python3.12/site-packages/airflow/example_dags/example_python_operator.py
[2025-12-21T20:30:56.129+0000] {processor.py:925} INFO - DAG(s) 'example_python_operator' retrieved from /home/airflow/.local/lib/python3.12/site-packages/airflow/example_dags/example_python_operator.py
[2025-12-21T20:30:56.156+0000] {logging_mixin.py:190} INFO - [2025-12-21T20:30:56.156+0000] {dag.py:3239} INFO - Sync 1 DAGs
[2025-12-21T20:30:56.174+0000] {logging_mixin.py:190} INFO - [2025-12-21T20:30:56.173+0000] {dag.py:4180} INFO - Setting next_dagrun for example_python_operator to None, run_after=None
[2025-12-21T20:30:56.200+0000] {processor.py:208} INFO - Processing /home/airflow/.local/lib/python3.12/site-packages/airflow/example_dags/example_python_operator.py took 0.092 seconds
[2025-12-21T20:31:27.294+0000] {processor.py:186} INFO - Started process (PID=1107) to work on /home/airflow/.local/lib/python3.12/site-packages/airflow/example_dags/example_python_operator.py
[2025-12-21T20:31:27.295+0000] {processor.py:914} INFO - Processing file /home/airflow/.local/lib/python3.12/site-packages/airflow/example_dags/example_python_operator.py for tasks to queue
[2025-12-21T20:31:27.300+0000] {logging_mixin.py:190} INFO - [2025-12-21T20:31:27.299+0000] {dagbag.py:588} INFO - Filling up the DagBag from /home/airflow/.local/lib/python3.12/site-packages/airflow/example_dags/example_python_operator.py
[2025-12-21T20:31:27.324+0000] {processor.py:925} INFO - DAG(s) 'example_python_operator' retrieved from /home/airflow/.local/lib/python3.12/site-packages/airflow/example_dags/example_python_operator.py
[2025-12-21T20:31:27.354+0000] {logging_mixin.py:190} INFO - [2025-12-21T20:31:27.354+0000] {dag.py:3239} INFO - Sync 1 DAGs
[2025-12-21T20:31:27.370+0000] {logging_mixin.py:190} INFO - [2025-12-21T20:31:27.369+0000] {dag.py:4180} INFO - Setting next_dagrun for example_python_operator to None, run_after=None
[2025-12-21T20:31:27.401+0000] {processor.py:208} INFO - Processing /home/airflow/.local/lib/python3.12/site-packages/airflow/example_dags/example_python_operator.py took 0.120 seconds
[2025-12-21T20:31:58.240+0000] {processor.py:186} INFO - Started process (PID=1173) to work on /home/airflow/.local/lib/python3.12/site-packages/airflow/example_dags/example_python_operator.py
[2025-12-21T20:31:58.242+0000] {processor.py:914} INFO - Processing file /home/airflow/.local/lib/python3.12/site-packages/airflow/example_dags/example_python_operator.py for tasks to queue
[2025-12-21T20:31:58.244+0000] {logging_mixin.py:190} INFO - [2025-12-21T20:31:58.244+0000] {dagbag.py:588} INFO - Filling up the DagBag from /home/airflow/.local/lib/python3.12/site-packages/airflow/example_dags/example_python_operator.py
[2025-12-21T20:31:58.256+0000] {processor.py:925} INFO - DAG(s) 'example_python_operator' retrieved from /home/airflow/.local/lib/python3.12/site-packages/airflow/example_dags/example_python_operator.py
[2025-12-21T20:31:58.289+0000] {logging_mixin.py:190} INFO - [2025-12-21T20:31:58.288+0000] {dag.py:3239} INFO - Sync 1 DAGs
[2025-12-21T20:31:58.312+0000] {logging_mixin.py:190} INFO - [2025-12-21T20:31:58.312+0000] {dag.py:4180} INFO - Setting next_dagrun for example_python_operator to None, run_after=None
[2025-12-21T20:31:58.341+0000] {processor.py:208} INFO - Processing /home/airflow/.local/lib/python3.12/site-packages/airflow/example_dags/example_python_operator.py took 0.111 seconds
[2025-12-21T20:32:29.382+0000] {processor.py:186} INFO - Started process (PID=1239) to work on /home/airflow/.local/lib/python3.12/site-packages/airflow/example_dags/example_python_operator.py
[2025-12-21T20:32:29.383+0000] {processor.py:914} INFO - Processing file /home/airflow/.local/lib/python3.12/site-packages/airflow/example_dags/example_python_operator.py for tasks to queue
[2025-12-21T20:32:29.390+0000] {logging_mixin.py:190} INFO - [2025-12-21T20:32:29.389+0000] {dagbag.py:588} INFO - Filling up the DagBag from /home/airflow/.local/lib/python3.12/site-packages/airflow/example_dags/example_python_operator.py
[2025-12-21T20:32:29.402+0000] {processor.py:925} INFO - DAG(s) 'example_python_operator' retrieved from /home/airflow/.local/lib/python3.12/site-packages/airflow/example_dags/example_python_operator.py
[2025-12-21T20:32:29.435+0000] {logging_mixin.py:190} INFO - [2025-12-21T20:32:29.435+0000] {dag.py:3239} INFO - Sync 1 DAGs
[2025-12-21T20:32:29.469+0000] {logging_mixin.py:190} INFO - [2025-12-21T20:32:29.469+0000] {dag.py:4180} INFO - Setting next_dagrun for example_python_operator to None, run_after=None
[2025-12-21T20:32:29.499+0000] {processor.py:208} INFO - Processing /home/airflow/.local/lib/python3.12/site-packages/airflow/example_dags/example_python_operator.py took 0.128 seconds
[2025-12-21T20:33:00.212+0000] {processor.py:186} INFO - Started process (PID=1305) to work on /home/airflow/.local/lib/python3.12/site-packages/airflow/example_dags/example_python_operator.py
[2025-12-21T20:33:00.212+0000] {processor.py:914} INFO - Processing file /home/airflow/.local/lib/python3.12/site-packages/airflow/example_dags/example_python_operator.py for tasks to queue
[2025-12-21T20:33:00.215+0000] {logging_mixin.py:190} INFO - [2025-12-21T20:33:00.214+0000] {dagbag.py:588} INFO - Filling up the DagBag from /home/airflow/.local/lib/python3.12/site-packages/airflow/example_dags/example_python_operator.py
[2025-12-21T20:33:00.225+0000] {processor.py:925} INFO - DAG(s) 'example_python_operator' retrieved from /home/airflow/.local/lib/python3.12/site-packages/airflow/example_dags/example_python_operator.py
[2025-12-21T20:33:00.248+0000] {logging_mixin.py:190} INFO - [2025-12-21T20:33:00.247+0000] {dag.py:3239} INFO - Sync 1 DAGs
[2025-12-21T20:33:00.262+0000] {logging_mixin.py:190} INFO - [2025-12-21T20:33:00.262+0000] {dag.py:4180} INFO - Setting next_dagrun for example_python_operator to None, run_after=None
[2025-12-21T20:33:00.287+0000] {processor.py:208} INFO - Processing /home/airflow/.local/lib/python3.12/site-packages/airflow/example_dags/example_python_operator.py took 0.081 seconds
[2025-12-21T20:33:30.485+0000] {processor.py:186} INFO - Started process (PID=1370) to work on /home/airflow/.local/lib/python3.12/site-packages/airflow/example_dags/example_python_operator.py
[2025-12-21T20:33:30.486+0000] {processor.py:914} INFO - Processing file /home/airflow/.local/lib/python3.12/site-packages/airflow/example_dags/example_python_operator.py for tasks to queue
[2025-12-21T20:33:30.489+0000] {logging_mixin.py:190} INFO - [2025-12-21T20:33:30.488+0000] {dagbag.py:588} INFO - Filling up the DagBag from /home/airflow/.local/lib/python3.12/site-packages/airflow/example_dags/example_python_operator.py
[2025-12-21T20:33:30.501+0000] {processor.py:925} INFO - DAG(s) 'example_python_operator' retrieved from /home/airflow/.local/lib/python3.12/site-packages/airflow/example_dags/example_python_operator.py
[2025-12-21T20:33:30.525+0000] {logging_mixin.py:190} INFO - [2025-12-21T20:33:30.524+0000] {dag.py:3239} INFO - Sync 1 DAGs
[2025-12-21T20:33:30.544+0000] {logging_mixin.py:190} INFO - [2025-12-21T20:33:30.544+0000] {dag.py:4180} INFO - Setting next_dagrun for example_python_operator to None, run_after=None
[2025-12-21T20:33:30.567+0000] {processor.py:208} INFO - Processing /home/airflow/.local/lib/python3.12/site-packages/airflow/example_dags/example_python_operator.py took 0.087 seconds
[2025-12-21T20:34:01.105+0000] {processor.py:186} INFO - Started process (PID=1435) to work on /home/airflow/.local/lib/python3.12/site-packages/airflow/example_dags/example_python_operator.py
[2025-12-21T20:34:01.107+0000] {processor.py:914} INFO - Processing file /home/airflow/.local/lib/python3.12/site-packages/airflow/example_dags/example_python_operator.py for tasks to queue
[2025-12-21T20:34:01.113+0000] {logging_mixin.py:190} INFO - [2025-12-21T20:34:01.112+0000] {dagbag.py:588} INFO - Filling up the DagBag from /home/airflow/.local/lib/python3.12/site-packages/airflow/example_dags/example_python_operator.py
[2025-12-21T20:34:01.146+0000] {processor.py:925} INFO - DAG(s) 'example_python_operator' retrieved from /home/airflow/.local/lib/python3.12/site-packages/airflow/example_dags/example_python_operator.py
[2025-12-21T20:34:01.177+0000] {logging_mixin.py:190} INFO - [2025-12-21T20:34:01.177+0000] {dag.py:3239} INFO - Sync 1 DAGs
[2025-12-21T20:34:01.191+0000] {logging_mixin.py:190} INFO - [2025-12-21T20:34:01.191+0000] {dag.py:4180} INFO - Setting next_dagrun for example_python_operator to None, run_after=None
[2025-12-21T20:34:01.218+0000] {processor.py:208} INFO - Processing /home/airflow/.local/lib/python3.12/site-packages/airflow/example_dags/example_python_operator.py took 0.126 seconds
[2025-12-21T20:34:31.290+0000] {processor.py:186} INFO - Started process (PID=1501) to work on /home/airflow/.local/lib/python3.12/site-packages/airflow/example_dags/example_python_operator.py
[2025-12-21T20:34:31.292+0000] {processor.py:914} INFO - Processing file /home/airflow/.local/lib/python3.12/site-packages/airflow/example_dags/example_python_operator.py for tasks to queue
[2025-12-21T20:34:31.297+0000] {logging_mixin.py:190} INFO - [2025-12-21T20:34:31.296+0000] {dagbag.py:588} INFO - Filling up the DagBag from /home/airflow/.local/lib/python3.12/site-packages/airflow/example_dags/example_python_operator.py
[2025-12-21T20:34:31.315+0000] {processor.py:925} INFO - DAG(s) 'example_python_operator' retrieved from /home/airflow/.local/lib/python3.12/site-packages/airflow/example_dags/example_python_operator.py
[2025-12-21T20:34:31.344+0000] {logging_mixin.py:190} INFO - [2025-12-21T20:34:31.344+0000] {dag.py:3239} INFO - Sync 1 DAGs
[2025-12-21T20:34:31.361+0000] {logging_mixin.py:190} INFO - [2025-12-21T20:34:31.361+0000] {dag.py:4180} INFO - Setting next_dagrun for example_python_operator to None, run_after=None
[2025-12-21T20:34:31.394+0000] {processor.py:208} INFO - Processing /home/airflow/.local/lib/python3.12/site-packages/airflow/example_dags/example_python_operator.py took 0.117 seconds
[2025-12-21T20:35:01.605+0000] {processor.py:186} INFO - Started process (PID=1567) to work on /home/airflow/.local/lib/python3.12/site-packages/airflow/example_dags/example_python_operator.py
[2025-12-21T20:35:01.607+0000] {processor.py:914} INFO - Processing file /home/airflow/.local/lib/python3.12/site-packages/airflow/example_dags/example_python_operator.py for tasks to queue
[2025-12-21T20:35:01.610+0000] {logging_mixin.py:190} INFO - [2025-12-21T20:35:01.610+0000] {dagbag.py:588} INFO - Filling up the DagBag from /home/airflow/.local/lib/python3.12/site-packages/airflow/example_dags/example_python_operator.py
[2025-12-21T20:35:01.622+0000] {processor.py:925} INFO - DAG(s) 'example_python_operator' retrieved from /home/airflow/.local/lib/python3.12/site-packages/airflow/example_dags/example_python_operator.py
[2025-12-21T20:35:01.647+0000] {logging_mixin.py:190} INFO - [2025-12-21T20:35:01.647+0000] {dag.py:3239} INFO - Sync 1 DAGs
[2025-12-21T20:35:01.662+0000] {logging_mixin.py:190} INFO - [2025-12-21T20:35:01.662+0000] {dag.py:4180} INFO - Setting next_dagrun for example_python_operator to None, run_after=None
[2025-12-21T20:35:01.696+0000] {processor.py:208} INFO - Processing /home/airflow/.local/lib/python3.12/site-packages/airflow/example_dags/example_python_operator.py took 0.103 seconds
[2025-12-21T20:35:31.928+0000] {processor.py:186} INFO - Started process (PID=1633) to work on /home/airflow/.local/lib/python3.12/site-packages/airflow/example_dags/example_python_operator.py
[2025-12-21T20:35:31.929+0000] {processor.py:914} INFO - Processing file /home/airflow/.local/lib/python3.12/site-packages/airflow/example_dags/example_python_operator.py for tasks to queue
[2025-12-21T20:35:31.931+0000] {logging_mixin.py:190} INFO - [2025-12-21T20:35:31.931+0000] {dagbag.py:588} INFO - Filling up the DagBag from /home/airflow/.local/lib/python3.12/site-packages/airflow/example_dags/example_python_operator.py
[2025-12-21T20:35:31.942+0000] {processor.py:925} INFO - DAG(s) 'example_python_operator' retrieved from /home/airflow/.local/lib/python3.12/site-packages/airflow/example_dags/example_python_operator.py
[2025-12-21T20:35:31.963+0000] {logging_mixin.py:190} INFO - [2025-12-21T20:35:31.962+0000] {dag.py:3239} INFO - Sync 1 DAGs
[2025-12-21T20:35:31.976+0000] {logging_mixin.py:190} INFO - [2025-12-21T20:35:31.976+0000] {dag.py:4180} INFO - Setting next_dagrun for example_python_operator to None, run_after=None
[2025-12-21T20:35:31.999+0000] {processor.py:208} INFO - Processing /home/airflow/.local/lib/python3.12/site-packages/airflow/example_dags/example_python_operator.py took 0.076 seconds
[2025-12-21T20:36:02.123+0000] {processor.py:186} INFO - Started process (PID=1697) to work on /home/airflow/.local/lib/python3.12/site-packages/airflow/example_dags/example_python_operator.py
[2025-12-21T20:36:02.124+0000] {processor.py:914} INFO - Processing file /home/airflow/.local/lib/python3.12/site-packages/airflow/example_dags/example_python_operator.py for tasks to queue
[2025-12-21T20:36:02.127+0000] {logging_mixin.py:190} INFO - [2025-12-21T20:36:02.126+0000] {dagbag.py:588} INFO - Filling up the DagBag from /home/airflow/.local/lib/python3.12/site-packages/airflow/example_dags/example_python_operator.py
[2025-12-21T20:36:02.138+0000] {processor.py:925} INFO - DAG(s) 'example_python_operator' retrieved from /home/airflow/.local/lib/python3.12/site-packages/airflow/example_dags/example_python_operator.py
[2025-12-21T20:36:02.160+0000] {logging_mixin.py:190} INFO - [2025-12-21T20:36:02.160+0000] {dag.py:3239} INFO - Sync 1 DAGs
[2025-12-21T20:36:02.177+0000] {logging_mixin.py:190} INFO - [2025-12-21T20:36:02.177+0000] {dag.py:4180} INFO - Setting next_dagrun for example_python_operator to None, run_after=None
[2025-12-21T20:36:02.201+0000] {processor.py:208} INFO - Processing /home/airflow/.local/lib/python3.12/site-packages/airflow/example_dags/example_python_operator.py took 0.082 seconds
[2025-12-21T20:36:32.353+0000] {processor.py:186} INFO - Started process (PID=1763) to work on /home/airflow/.local/lib/python3.12/site-packages/airflow/example_dags/example_python_operator.py
[2025-12-21T20:36:32.355+0000] {processor.py:914} INFO - Processing file /home/airflow/.local/lib/python3.12/site-packages/airflow/example_dags/example_python_operator.py for tasks to queue
[2025-12-21T20:36:32.360+0000] {logging_mixin.py:190} INFO - [2025-12-21T20:36:32.359+0000] {dagbag.py:588} INFO - Filling up the DagBag from /home/airflow/.local/lib/python3.12/site-packages/airflow/example_dags/example_python_operator.py
[2025-12-21T20:36:32.390+0000] {processor.py:925} INFO - DAG(s) 'example_python_operator' retrieved from /home/airflow/.local/lib/python3.12/site-packages/airflow/example_dags/example_python_operator.py
[2025-12-21T20:36:32.424+0000] {logging_mixin.py:190} INFO - [2025-12-21T20:36:32.423+0000] {dag.py:3239} INFO - Sync 1 DAGs
[2025-12-21T20:36:32.438+0000] {logging_mixin.py:190} INFO - [2025-12-21T20:36:32.438+0000] {dag.py:4180} INFO - Setting next_dagrun for example_python_operator to None, run_after=None
[2025-12-21T20:36:32.470+0000] {processor.py:208} INFO - Processing /home/airflow/.local/lib/python3.12/site-packages/airflow/example_dags/example_python_operator.py took 0.124 seconds
[2025-12-21T20:37:03.018+0000] {processor.py:186} INFO - Started process (PID=1835) to work on /home/airflow/.local/lib/python3.12/site-packages/airflow/example_dags/example_python_operator.py
[2025-12-21T20:37:03.019+0000] {processor.py:914} INFO - Processing file /home/airflow/.local/lib/python3.12/site-packages/airflow/example_dags/example_python_operator.py for tasks to queue
[2025-12-21T20:37:03.022+0000] {logging_mixin.py:190} INFO - [2025-12-21T20:37:03.022+0000] {dagbag.py:588} INFO - Filling up the DagBag from /home/airflow/.local/lib/python3.12/site-packages/airflow/example_dags/example_python_operator.py
[2025-12-21T20:37:03.034+0000] {processor.py:925} INFO - DAG(s) 'example_python_operator' retrieved from /home/airflow/.local/lib/python3.12/site-packages/airflow/example_dags/example_python_operator.py
[2025-12-21T20:37:03.070+0000] {logging_mixin.py:190} INFO - [2025-12-21T20:37:03.070+0000] {dag.py:3239} INFO - Sync 1 DAGs
[2025-12-21T20:37:03.089+0000] {logging_mixin.py:190} INFO - [2025-12-21T20:37:03.089+0000] {dag.py:4180} INFO - Setting next_dagrun for example_python_operator to None, run_after=None
[2025-12-21T20:37:03.119+0000] {processor.py:208} INFO - Processing /home/airflow/.local/lib/python3.12/site-packages/airflow/example_dags/example_python_operator.py took 0.108 seconds
[2025-12-21T20:37:33.626+0000] {processor.py:186} INFO - Started process (PID=1901) to work on /home/airflow/.local/lib/python3.12/site-packages/airflow/example_dags/example_python_operator.py
[2025-12-21T20:37:33.628+0000] {processor.py:914} INFO - Processing file /home/airflow/.local/lib/python3.12/site-packages/airflow/example_dags/example_python_operator.py for tasks to queue
[2025-12-21T20:37:33.633+0000] {logging_mixin.py:190} INFO - [2025-12-21T20:37:33.633+0000] {dagbag.py:588} INFO - Filling up the DagBag from /home/airflow/.local/lib/python3.12/site-packages/airflow/example_dags/example_python_operator.py
[2025-12-21T20:37:33.651+0000] {processor.py:925} INFO - DAG(s) 'example_python_operator' retrieved from /home/airflow/.local/lib/python3.12/site-packages/airflow/example_dags/example_python_operator.py
[2025-12-21T20:37:33.692+0000] {logging_mixin.py:190} INFO - [2025-12-21T20:37:33.691+0000] {dag.py:3239} INFO - Sync 1 DAGs
[2025-12-21T20:37:33.709+0000] {logging_mixin.py:190} INFO - [2025-12-21T20:37:33.709+0000] {dag.py:4180} INFO - Setting next_dagrun for example_python_operator to None, run_after=None
[2025-12-21T20:37:33.736+0000] {processor.py:208} INFO - Processing /home/airflow/.local/lib/python3.12/site-packages/airflow/example_dags/example_python_operator.py took 0.123 seconds
[2025-12-21T20:38:04.124+0000] {processor.py:186} INFO - Started process (PID=1967) to work on /home/airflow/.local/lib/python3.12/site-packages/airflow/example_dags/example_python_operator.py
[2025-12-21T20:38:04.125+0000] {processor.py:914} INFO - Processing file /home/airflow/.local/lib/python3.12/site-packages/airflow/example_dags/example_python_operator.py for tasks to queue
[2025-12-21T20:38:04.129+0000] {logging_mixin.py:190} INFO - [2025-12-21T20:38:04.128+0000] {dagbag.py:588} INFO - Filling up the DagBag from /home/airflow/.local/lib/python3.12/site-packages/airflow/example_dags/example_python_operator.py
[2025-12-21T20:38:04.146+0000] {processor.py:925} INFO - DAG(s) 'example_python_operator' retrieved from /home/airflow/.local/lib/python3.12/site-packages/airflow/example_dags/example_python_operator.py
[2025-12-21T20:38:04.189+0000] {logging_mixin.py:190} INFO - [2025-12-21T20:38:04.189+0000] {dag.py:3239} INFO - Sync 1 DAGs
[2025-12-21T20:38:04.204+0000] {logging_mixin.py:190} INFO - [2025-12-21T20:38:04.204+0000] {dag.py:4180} INFO - Setting next_dagrun for example_python_operator to None, run_after=None
[2025-12-21T20:38:04.228+0000] {processor.py:208} INFO - Processing /home/airflow/.local/lib/python3.12/site-packages/airflow/example_dags/example_python_operator.py took 0.116 seconds
[2025-12-21T20:38:34.376+0000] {processor.py:186} INFO - Started process (PID=2033) to work on /home/airflow/.local/lib/python3.12/site-packages/airflow/example_dags/example_python_operator.py
[2025-12-21T20:38:34.378+0000] {processor.py:914} INFO - Processing file /home/airflow/.local/lib/python3.12/site-packages/airflow/example_dags/example_python_operator.py for tasks to queue
[2025-12-21T20:38:34.383+0000] {logging_mixin.py:190} INFO - [2025-12-21T20:38:34.383+0000] {dagbag.py:588} INFO - Filling up the DagBag from /home/airflow/.local/lib/python3.12/site-packages/airflow/example_dags/example_python_operator.py
[2025-12-21T20:38:34.397+0000] {processor.py:925} INFO - DAG(s) 'example_python_operator' retrieved from /home/airflow/.local/lib/python3.12/site-packages/airflow/example_dags/example_python_operator.py
[2025-12-21T20:38:34.422+0000] {logging_mixin.py:190} INFO - [2025-12-21T20:38:34.422+0000] {dag.py:3239} INFO - Sync 1 DAGs
[2025-12-21T20:38:34.439+0000] {logging_mixin.py:190} INFO - [2025-12-21T20:38:34.438+0000] {dag.py:4180} INFO - Setting next_dagrun for example_python_operator to None, run_after=None
[2025-12-21T20:38:34.467+0000] {processor.py:208} INFO - Processing /home/airflow/.local/lib/python3.12/site-packages/airflow/example_dags/example_python_operator.py took 0.103 seconds
[2025-12-21T20:39:04.904+0000] {processor.py:186} INFO - Started process (PID=2100) to work on /home/airflow/.local/lib/python3.12/site-packages/airflow/example_dags/example_python_operator.py
[2025-12-21T20:39:04.906+0000] {processor.py:914} INFO - Processing file /home/airflow/.local/lib/python3.12/site-packages/airflow/example_dags/example_python_operator.py for tasks to queue
[2025-12-21T20:39:04.909+0000] {logging_mixin.py:190} INFO - [2025-12-21T20:39:04.909+0000] {dagbag.py:588} INFO - Filling up the DagBag from /home/airflow/.local/lib/python3.12/site-packages/airflow/example_dags/example_python_operator.py
[2025-12-21T20:39:04.933+0000] {processor.py:925} INFO - DAG(s) 'example_python_operator' retrieved from /home/airflow/.local/lib/python3.12/site-packages/airflow/example_dags/example_python_operator.py
[2025-12-21T20:39:04.976+0000] {logging_mixin.py:190} INFO - [2025-12-21T20:39:04.975+0000] {dag.py:3239} INFO - Sync 1 DAGs
[2025-12-21T20:39:04.993+0000] {logging_mixin.py:190} INFO - [2025-12-21T20:39:04.993+0000] {dag.py:4180} INFO - Setting next_dagrun for example_python_operator to None, run_after=None
[2025-12-21T20:39:05.015+0000] {processor.py:208} INFO - Processing /home/airflow/.local/lib/python3.12/site-packages/airflow/example_dags/example_python_operator.py took 0.123 seconds
[2025-12-21T20:39:35.235+0000] {processor.py:186} INFO - Started process (PID=2166) to work on /home/airflow/.local/lib/python3.12/site-packages/airflow/example_dags/example_python_operator.py
[2025-12-21T20:39:35.236+0000] {processor.py:914} INFO - Processing file /home/airflow/.local/lib/python3.12/site-packages/airflow/example_dags/example_python_operator.py for tasks to queue
[2025-12-21T20:39:35.242+0000] {logging_mixin.py:190} INFO - [2025-12-21T20:39:35.241+0000] {dagbag.py:588} INFO - Filling up the DagBag from /home/airflow/.local/lib/python3.12/site-packages/airflow/example_dags/example_python_operator.py
[2025-12-21T20:39:35.266+0000] {processor.py:925} INFO - DAG(s) 'example_python_operator' retrieved from /home/airflow/.local/lib/python3.12/site-packages/airflow/example_dags/example_python_operator.py
[2025-12-21T20:39:35.314+0000] {logging_mixin.py:190} INFO - [2025-12-21T20:39:35.313+0000] {dag.py:3239} INFO - Sync 1 DAGs
[2025-12-21T20:39:35.331+0000] {logging_mixin.py:190} INFO - [2025-12-21T20:39:35.330+0000] {dag.py:4180} INFO - Setting next_dagrun for example_python_operator to None, run_after=None
[2025-12-21T20:39:35.355+0000] {processor.py:208} INFO - Processing /home/airflow/.local/lib/python3.12/site-packages/airflow/example_dags/example_python_operator.py took 0.134 seconds
[2025-12-21T20:43:19.156+0000] {processor.py:186} INFO - Started process (PID=2294) to work on /home/airflow/.local/lib/python3.12/site-packages/airflow/example_dags/example_python_operator.py
[2025-12-21T20:43:19.158+0000] {processor.py:914} INFO - Processing file /home/airflow/.local/lib/python3.12/site-packages/airflow/example_dags/example_python_operator.py for tasks to queue
[2025-12-21T20:43:19.161+0000] {logging_mixin.py:190} INFO - [2025-12-21T20:43:19.160+0000] {dagbag.py:588} INFO - Filling up the DagBag from /home/airflow/.local/lib/python3.12/site-packages/airflow/example_dags/example_python_operator.py
[2025-12-21T20:43:19.178+0000] {processor.py:925} INFO - DAG(s) 'example_python_operator' retrieved from /home/airflow/.local/lib/python3.12/site-packages/airflow/example_dags/example_python_operator.py
[2025-12-21T20:43:19.204+0000] {logging_mixin.py:190} INFO - [2025-12-21T20:43:19.203+0000] {dag.py:3239} INFO - Sync 1 DAGs
[2025-12-21T20:43:19.220+0000] {logging_mixin.py:190} INFO - [2025-12-21T20:43:19.219+0000] {dag.py:4180} INFO - Setting next_dagrun for example_python_operator to None, run_after=None
[2025-12-21T20:43:19.245+0000] {processor.py:208} INFO - Processing /home/airflow/.local/lib/python3.12/site-packages/airflow/example_dags/example_python_operator.py took 0.099 seconds
[2025-12-21T20:43:49.942+0000] {processor.py:186} INFO - Started process (PID=2360) to work on /home/airflow/.local/lib/python3.12/site-packages/airflow/example_dags/example_python_operator.py
[2025-12-21T20:43:49.944+0000] {processor.py:914} INFO - Processing file /home/airflow/.local/lib/python3.12/site-packages/airflow/example_dags/example_python_operator.py for tasks to queue
[2025-12-21T20:43:49.945+0000] {logging_mixin.py:190} INFO - [2025-12-21T20:43:49.945+0000] {dagbag.py:588} INFO - Filling up the DagBag from /home/airflow/.local/lib/python3.12/site-packages/airflow/example_dags/example_python_operator.py
[2025-12-21T20:43:49.959+0000] {processor.py:925} INFO - DAG(s) 'example_python_operator' retrieved from /home/airflow/.local/lib/python3.12/site-packages/airflow/example_dags/example_python_operator.py
[2025-12-21T20:43:49.990+0000] {logging_mixin.py:190} INFO - [2025-12-21T20:43:49.990+0000] {dag.py:3239} INFO - Sync 1 DAGs
[2025-12-21T20:43:50.008+0000] {logging_mixin.py:190} INFO - [2025-12-21T20:43:50.008+0000] {dag.py:4180} INFO - Setting next_dagrun for example_python_operator to None, run_after=None
[2025-12-21T20:43:50.038+0000] {processor.py:208} INFO - Processing /home/airflow/.local/lib/python3.12/site-packages/airflow/example_dags/example_python_operator.py took 0.106 seconds
[2025-12-21T20:44:20.137+0000] {processor.py:186} INFO - Started process (PID=2425) to work on /home/airflow/.local/lib/python3.12/site-packages/airflow/example_dags/example_python_operator.py
[2025-12-21T20:44:20.138+0000] {processor.py:914} INFO - Processing file /home/airflow/.local/lib/python3.12/site-packages/airflow/example_dags/example_python_operator.py for tasks to queue
[2025-12-21T20:44:20.139+0000] {logging_mixin.py:190} INFO - [2025-12-21T20:44:20.139+0000] {dagbag.py:588} INFO - Filling up the DagBag from /home/airflow/.local/lib/python3.12/site-packages/airflow/example_dags/example_python_operator.py
[2025-12-21T20:44:20.153+0000] {processor.py:925} INFO - DAG(s) 'example_python_operator' retrieved from /home/airflow/.local/lib/python3.12/site-packages/airflow/example_dags/example_python_operator.py
[2025-12-21T20:44:20.175+0000] {logging_mixin.py:190} INFO - [2025-12-21T20:44:20.175+0000] {dag.py:3239} INFO - Sync 1 DAGs
[2025-12-21T20:44:20.189+0000] {logging_mixin.py:190} INFO - [2025-12-21T20:44:20.189+0000] {dag.py:4180} INFO - Setting next_dagrun for example_python_operator to None, run_after=None
[2025-12-21T20:44:20.214+0000] {processor.py:208} INFO - Processing /home/airflow/.local/lib/python3.12/site-packages/airflow/example_dags/example_python_operator.py took 0.083 seconds
[2025-12-21T20:44:50.520+0000] {processor.py:186} INFO - Started process (PID=2490) to work on /home/airflow/.local/lib/python3.12/site-packages/airflow/example_dags/example_python_operator.py
[2025-12-21T20:44:50.521+0000] {processor.py:914} INFO - Processing file /home/airflow/.local/lib/python3.12/site-packages/airflow/example_dags/example_python_operator.py for tasks to queue
[2025-12-21T20:44:50.523+0000] {logging_mixin.py:190} INFO - [2025-12-21T20:44:50.523+0000] {dagbag.py:588} INFO - Filling up the DagBag from /home/airflow/.local/lib/python3.12/site-packages/airflow/example_dags/example_python_operator.py
[2025-12-21T20:44:50.535+0000] {processor.py:925} INFO - DAG(s) 'example_python_operator' retrieved from /home/airflow/.local/lib/python3.12/site-packages/airflow/example_dags/example_python_operator.py
[2025-12-21T20:44:50.558+0000] {logging_mixin.py:190} INFO - [2025-12-21T20:44:50.558+0000] {dag.py:3239} INFO - Sync 1 DAGs
[2025-12-21T20:44:50.572+0000] {logging_mixin.py:190} INFO - [2025-12-21T20:44:50.571+0000] {dag.py:4180} INFO - Setting next_dagrun for example_python_operator to None, run_after=None
[2025-12-21T20:44:50.597+0000] {processor.py:208} INFO - Processing /home/airflow/.local/lib/python3.12/site-packages/airflow/example_dags/example_python_operator.py took 0.086 seconds
[2025-12-21T20:45:20.692+0000] {processor.py:186} INFO - Started process (PID=2555) to work on /home/airflow/.local/lib/python3.12/site-packages/airflow/example_dags/example_python_operator.py
[2025-12-21T20:45:20.694+0000] {processor.py:914} INFO - Processing file /home/airflow/.local/lib/python3.12/site-packages/airflow/example_dags/example_python_operator.py for tasks to queue
[2025-12-21T20:45:20.697+0000] {logging_mixin.py:190} INFO - [2025-12-21T20:45:20.697+0000] {dagbag.py:588} INFO - Filling up the DagBag from /home/airflow/.local/lib/python3.12/site-packages/airflow/example_dags/example_python_operator.py
[2025-12-21T20:45:20.722+0000] {processor.py:925} INFO - DAG(s) 'example_python_operator' retrieved from /home/airflow/.local/lib/python3.12/site-packages/airflow/example_dags/example_python_operator.py
[2025-12-21T20:45:20.753+0000] {logging_mixin.py:190} INFO - [2025-12-21T20:45:20.753+0000] {dag.py:3239} INFO - Sync 1 DAGs
[2025-12-21T20:45:20.766+0000] {logging_mixin.py:190} INFO - [2025-12-21T20:45:20.766+0000] {dag.py:4180} INFO - Setting next_dagrun for example_python_operator to None, run_after=None
[2025-12-21T20:45:20.790+0000] {processor.py:208} INFO - Processing /home/airflow/.local/lib/python3.12/site-packages/airflow/example_dags/example_python_operator.py took 0.112 seconds
[2025-12-21T20:45:50.852+0000] {processor.py:186} INFO - Started process (PID=2621) to work on /home/airflow/.local/lib/python3.12/site-packages/airflow/example_dags/example_python_operator.py
[2025-12-21T20:45:50.854+0000] {processor.py:914} INFO - Processing file /home/airflow/.local/lib/python3.12/site-packages/airflow/example_dags/example_python_operator.py for tasks to queue
[2025-12-21T20:45:50.856+0000] {logging_mixin.py:190} INFO - [2025-12-21T20:45:50.855+0000] {dagbag.py:588} INFO - Filling up the DagBag from /home/airflow/.local/lib/python3.12/site-packages/airflow/example_dags/example_python_operator.py
[2025-12-21T20:45:50.872+0000] {processor.py:925} INFO - DAG(s) 'example_python_operator' retrieved from /home/airflow/.local/lib/python3.12/site-packages/airflow/example_dags/example_python_operator.py
[2025-12-21T20:45:50.902+0000] {logging_mixin.py:190} INFO - [2025-12-21T20:45:50.902+0000] {dag.py:3239} INFO - Sync 1 DAGs
[2025-12-21T20:45:50.919+0000] {logging_mixin.py:190} INFO - [2025-12-21T20:45:50.918+0000] {dag.py:4180} INFO - Setting next_dagrun for example_python_operator to None, run_after=None
[2025-12-21T20:45:50.948+0000] {processor.py:208} INFO - Processing /home/airflow/.local/lib/python3.12/site-packages/airflow/example_dags/example_python_operator.py took 0.110 seconds
[2025-12-21T20:46:21.638+0000] {processor.py:186} INFO - Started process (PID=2687) to work on /home/airflow/.local/lib/python3.12/site-packages/airflow/example_dags/example_python_operator.py
[2025-12-21T20:46:21.639+0000] {processor.py:914} INFO - Processing file /home/airflow/.local/lib/python3.12/site-packages/airflow/example_dags/example_python_operator.py for tasks to queue
[2025-12-21T20:46:21.640+0000] {logging_mixin.py:190} INFO - [2025-12-21T20:46:21.640+0000] {dagbag.py:588} INFO - Filling up the DagBag from /home/airflow/.local/lib/python3.12/site-packages/airflow/example_dags/example_python_operator.py
[2025-12-21T20:46:21.652+0000] {processor.py:925} INFO - DAG(s) 'example_python_operator' retrieved from /home/airflow/.local/lib/python3.12/site-packages/airflow/example_dags/example_python_operator.py
[2025-12-21T20:46:21.683+0000] {logging_mixin.py:190} INFO - [2025-12-21T20:46:21.683+0000] {dag.py:3239} INFO - Sync 1 DAGs
[2025-12-21T20:46:21.702+0000] {logging_mixin.py:190} INFO - [2025-12-21T20:46:21.702+0000] {dag.py:4180} INFO - Setting next_dagrun for example_python_operator to None, run_after=None
[2025-12-21T20:46:21.734+0000] {processor.py:208} INFO - Processing /home/airflow/.local/lib/python3.12/site-packages/airflow/example_dags/example_python_operator.py took 0.103 seconds
[2025-12-21T20:46:52.483+0000] {processor.py:186} INFO - Started process (PID=2753) to work on /home/airflow/.local/lib/python3.12/site-packages/airflow/example_dags/example_python_operator.py
[2025-12-21T20:46:52.484+0000] {processor.py:914} INFO - Processing file /home/airflow/.local/lib/python3.12/site-packages/airflow/example_dags/example_python_operator.py for tasks to queue
[2025-12-21T20:46:52.488+0000] {logging_mixin.py:190} INFO - [2025-12-21T20:46:52.487+0000] {dagbag.py:588} INFO - Filling up the DagBag from /home/airflow/.local/lib/python3.12/site-packages/airflow/example_dags/example_python_operator.py
[2025-12-21T20:46:52.511+0000] {processor.py:925} INFO - DAG(s) 'example_python_operator' retrieved from /home/airflow/.local/lib/python3.12/site-packages/airflow/example_dags/example_python_operator.py
[2025-12-21T20:46:52.535+0000] {logging_mixin.py:190} INFO - [2025-12-21T20:46:52.534+0000] {dag.py:3239} INFO - Sync 1 DAGs
[2025-12-21T20:46:52.555+0000] {logging_mixin.py:190} INFO - [2025-12-21T20:46:52.554+0000] {dag.py:4180} INFO - Setting next_dagrun for example_python_operator to None, run_after=None
[2025-12-21T20:46:52.581+0000] {processor.py:208} INFO - Processing /home/airflow/.local/lib/python3.12/site-packages/airflow/example_dags/example_python_operator.py took 0.107 seconds
[2025-12-21T20:47:23.280+0000] {processor.py:186} INFO - Started process (PID=2819) to work on /home/airflow/.local/lib/python3.12/site-packages/airflow/example_dags/example_python_operator.py
[2025-12-21T20:47:23.281+0000] {processor.py:914} INFO - Processing file /home/airflow/.local/lib/python3.12/site-packages/airflow/example_dags/example_python_operator.py for tasks to queue
[2025-12-21T20:47:23.283+0000] {logging_mixin.py:190} INFO - [2025-12-21T20:47:23.282+0000] {dagbag.py:588} INFO - Filling up the DagBag from /home/airflow/.local/lib/python3.12/site-packages/airflow/example_dags/example_python_operator.py
[2025-12-21T20:47:23.298+0000] {processor.py:925} INFO - DAG(s) 'example_python_operator' retrieved from /home/airflow/.local/lib/python3.12/site-packages/airflow/example_dags/example_python_operator.py
[2025-12-21T20:47:23.324+0000] {logging_mixin.py:190} INFO - [2025-12-21T20:47:23.324+0000] {dag.py:3239} INFO - Sync 1 DAGs
[2025-12-21T20:47:23.342+0000] {logging_mixin.py:190} INFO - [2025-12-21T20:47:23.342+0000] {dag.py:4180} INFO - Setting next_dagrun for example_python_operator to None, run_after=None
[2025-12-21T20:47:23.367+0000] {processor.py:208} INFO - Processing /home/airflow/.local/lib/python3.12/site-packages/airflow/example_dags/example_python_operator.py took 0.100 seconds
[2025-12-21T20:47:53.566+0000] {processor.py:186} INFO - Started process (PID=2885) to work on /home/airflow/.local/lib/python3.12/site-packages/airflow/example_dags/example_python_operator.py
[2025-12-21T20:47:53.568+0000] {processor.py:914} INFO - Processing file /home/airflow/.local/lib/python3.12/site-packages/airflow/example_dags/example_python_operator.py for tasks to queue
[2025-12-21T20:47:53.571+0000] {logging_mixin.py:190} INFO - [2025-12-21T20:47:53.570+0000] {dagbag.py:588} INFO - Filling up the DagBag from /home/airflow/.local/lib/python3.12/site-packages/airflow/example_dags/example_python_operator.py
[2025-12-21T20:47:53.594+0000] {processor.py:925} INFO - DAG(s) 'example_python_operator' retrieved from /home/airflow/.local/lib/python3.12/site-packages/airflow/example_dags/example_python_operator.py
[2025-12-21T20:47:53.625+0000] {logging_mixin.py:190} INFO - [2025-12-21T20:47:53.625+0000] {dag.py:3239} INFO - Sync 1 DAGs
[2025-12-21T20:47:53.653+0000] {logging_mixin.py:190} INFO - [2025-12-21T20:47:53.652+0000] {dag.py:4180} INFO - Setting next_dagrun for example_python_operator to None, run_after=None
[2025-12-21T20:47:53.676+0000] {processor.py:208} INFO - Processing /home/airflow/.local/lib/python3.12/site-packages/airflow/example_dags/example_python_operator.py took 0.124 seconds
