[2025-12-21T20:23:31.560+0000] {processor.py:186} INFO - Started process (PID=80) to work on /home/airflow/.local/lib/python3.12/site-packages/airflow/example_dags/example_skip_dag.py
[2025-12-21T20:23:31.561+0000] {processor.py:914} INFO - Processing file /home/airflow/.local/lib/python3.12/site-packages/airflow/example_dags/example_skip_dag.py for tasks to queue
[2025-12-21T20:23:31.565+0000] {logging_mixin.py:190} INFO - [2025-12-21T20:23:31.565+0000] {dagbag.py:588} INFO - Filling up the DagBag from /home/airflow/.local/lib/python3.12/site-packages/airflow/example_dags/example_skip_dag.py
[2025-12-21T20:23:31.578+0000] {processor.py:925} INFO - DAG(s) 'example_skip_dag' retrieved from /home/airflow/.local/lib/python3.12/site-packages/airflow/example_dags/example_skip_dag.py
[2025-12-21T20:23:31.721+0000] {logging_mixin.py:190} INFO - [2025-12-21T20:23:31.720+0000] {override.py:1912} INFO - Created Permission View: can delete on DAG:example_skip_dag
[2025-12-21T20:23:31.743+0000] {logging_mixin.py:190} INFO - [2025-12-21T20:23:31.742+0000] {override.py:1912} INFO - Created Permission View: can edit on DAG:example_skip_dag
[2025-12-21T20:23:31.756+0000] {logging_mixin.py:190} INFO - [2025-12-21T20:23:31.755+0000] {override.py:1912} INFO - Created Permission View: can read on DAG:example_skip_dag
[2025-12-21T20:23:31.772+0000] {logging_mixin.py:190} INFO - [2025-12-21T20:23:31.772+0000] {override.py:1912} INFO - Created Permission View: can delete on DAG Run:example_skip_dag
[2025-12-21T20:23:31.784+0000] {logging_mixin.py:190} INFO - [2025-12-21T20:23:31.784+0000] {override.py:1912} INFO - Created Permission View: can create on DAG Run:example_skip_dag
[2025-12-21T20:23:31.801+0000] {logging_mixin.py:190} INFO - [2025-12-21T20:23:31.801+0000] {override.py:1912} INFO - Created Permission View: menu access on DAG Run:example_skip_dag
[2025-12-21T20:23:31.815+0000] {logging_mixin.py:190} INFO - [2025-12-21T20:23:31.815+0000] {override.py:1912} INFO - Created Permission View: can read on DAG Run:example_skip_dag
[2025-12-21T20:23:31.817+0000] {logging_mixin.py:190} INFO - [2025-12-21T20:23:31.816+0000] {dag.py:3239} INFO - Sync 1 DAGs
[2025-12-21T20:23:31.841+0000] {logging_mixin.py:190} INFO - [2025-12-21T20:23:31.841+0000] {dag.py:3262} INFO - Creating ORM DAG for example_skip_dag
[2025-12-21T20:23:31.857+0000] {logging_mixin.py:190} INFO - [2025-12-21T20:23:31.857+0000] {dag.py:4180} INFO - Setting next_dagrun for example_skip_dag to 2025-12-20 00:00:00+00:00, run_after=2025-12-21 00:00:00+00:00
[2025-12-21T20:23:31.891+0000] {processor.py:208} INFO - Processing /home/airflow/.local/lib/python3.12/site-packages/airflow/example_dags/example_skip_dag.py took 0.340 seconds
[2025-12-21T20:24:02.012+0000] {processor.py:186} INFO - Started process (PID=146) to work on /home/airflow/.local/lib/python3.12/site-packages/airflow/example_dags/example_skip_dag.py
[2025-12-21T20:24:02.014+0000] {processor.py:914} INFO - Processing file /home/airflow/.local/lib/python3.12/site-packages/airflow/example_dags/example_skip_dag.py for tasks to queue
[2025-12-21T20:24:02.018+0000] {logging_mixin.py:190} INFO - [2025-12-21T20:24:02.018+0000] {dagbag.py:588} INFO - Filling up the DagBag from /home/airflow/.local/lib/python3.12/site-packages/airflow/example_dags/example_skip_dag.py
[2025-12-21T20:24:02.031+0000] {processor.py:925} INFO - DAG(s) 'example_skip_dag' retrieved from /home/airflow/.local/lib/python3.12/site-packages/airflow/example_dags/example_skip_dag.py
[2025-12-21T20:24:02.058+0000] {logging_mixin.py:190} INFO - [2025-12-21T20:24:02.057+0000] {dag.py:3239} INFO - Sync 1 DAGs
[2025-12-21T20:24:02.083+0000] {logging_mixin.py:190} INFO - [2025-12-21T20:24:02.082+0000] {dag.py:4180} INFO - Setting next_dagrun for example_skip_dag to 2025-12-20 00:00:00+00:00, run_after=2025-12-21 00:00:00+00:00
[2025-12-21T20:24:02.110+0000] {processor.py:208} INFO - Processing /home/airflow/.local/lib/python3.12/site-packages/airflow/example_dags/example_skip_dag.py took 0.104 seconds
[2025-12-21T20:24:32.252+0000] {processor.py:186} INFO - Started process (PID=212) to work on /home/airflow/.local/lib/python3.12/site-packages/airflow/example_dags/example_skip_dag.py
[2025-12-21T20:24:32.254+0000] {processor.py:914} INFO - Processing file /home/airflow/.local/lib/python3.12/site-packages/airflow/example_dags/example_skip_dag.py for tasks to queue
[2025-12-21T20:24:32.257+0000] {logging_mixin.py:190} INFO - [2025-12-21T20:24:32.256+0000] {dagbag.py:588} INFO - Filling up the DagBag from /home/airflow/.local/lib/python3.12/site-packages/airflow/example_dags/example_skip_dag.py
[2025-12-21T20:24:32.264+0000] {processor.py:925} INFO - DAG(s) 'example_skip_dag' retrieved from /home/airflow/.local/lib/python3.12/site-packages/airflow/example_dags/example_skip_dag.py
[2025-12-21T20:24:32.285+0000] {logging_mixin.py:190} INFO - [2025-12-21T20:24:32.284+0000] {dag.py:3239} INFO - Sync 1 DAGs
[2025-12-21T20:24:32.310+0000] {logging_mixin.py:190} INFO - [2025-12-21T20:24:32.310+0000] {dag.py:4180} INFO - Setting next_dagrun for example_skip_dag to 2025-12-20 00:00:00+00:00, run_after=2025-12-21 00:00:00+00:00
[2025-12-21T20:24:32.335+0000] {processor.py:208} INFO - Processing /home/airflow/.local/lib/python3.12/site-packages/airflow/example_dags/example_skip_dag.py took 0.089 seconds
[2025-12-21T20:25:02.862+0000] {processor.py:186} INFO - Started process (PID=278) to work on /home/airflow/.local/lib/python3.12/site-packages/airflow/example_dags/example_skip_dag.py
[2025-12-21T20:25:02.866+0000] {processor.py:914} INFO - Processing file /home/airflow/.local/lib/python3.12/site-packages/airflow/example_dags/example_skip_dag.py for tasks to queue
[2025-12-21T20:25:02.868+0000] {logging_mixin.py:190} INFO - [2025-12-21T20:25:02.868+0000] {dagbag.py:588} INFO - Filling up the DagBag from /home/airflow/.local/lib/python3.12/site-packages/airflow/example_dags/example_skip_dag.py
[2025-12-21T20:25:02.876+0000] {processor.py:925} INFO - DAG(s) 'example_skip_dag' retrieved from /home/airflow/.local/lib/python3.12/site-packages/airflow/example_dags/example_skip_dag.py
[2025-12-21T20:25:02.900+0000] {logging_mixin.py:190} INFO - [2025-12-21T20:25:02.899+0000] {dag.py:3239} INFO - Sync 1 DAGs
[2025-12-21T20:25:02.925+0000] {logging_mixin.py:190} INFO - [2025-12-21T20:25:02.925+0000] {dag.py:4180} INFO - Setting next_dagrun for example_skip_dag to 2025-12-20 00:00:00+00:00, run_after=2025-12-21 00:00:00+00:00
[2025-12-21T20:25:02.953+0000] {processor.py:208} INFO - Processing /home/airflow/.local/lib/python3.12/site-packages/airflow/example_dags/example_skip_dag.py took 0.097 seconds
[2025-12-21T20:25:33.264+0000] {processor.py:186} INFO - Started process (PID=344) to work on /home/airflow/.local/lib/python3.12/site-packages/airflow/example_dags/example_skip_dag.py
[2025-12-21T20:25:33.266+0000] {processor.py:914} INFO - Processing file /home/airflow/.local/lib/python3.12/site-packages/airflow/example_dags/example_skip_dag.py for tasks to queue
[2025-12-21T20:25:33.268+0000] {logging_mixin.py:190} INFO - [2025-12-21T20:25:33.268+0000] {dagbag.py:588} INFO - Filling up the DagBag from /home/airflow/.local/lib/python3.12/site-packages/airflow/example_dags/example_skip_dag.py
[2025-12-21T20:25:33.277+0000] {processor.py:925} INFO - DAG(s) 'example_skip_dag' retrieved from /home/airflow/.local/lib/python3.12/site-packages/airflow/example_dags/example_skip_dag.py
[2025-12-21T20:25:33.302+0000] {logging_mixin.py:190} INFO - [2025-12-21T20:25:33.302+0000] {dag.py:3239} INFO - Sync 1 DAGs
[2025-12-21T20:25:33.332+0000] {logging_mixin.py:190} INFO - [2025-12-21T20:25:33.332+0000] {dag.py:4180} INFO - Setting next_dagrun for example_skip_dag to 2025-12-20 00:00:00+00:00, run_after=2025-12-21 00:00:00+00:00
[2025-12-21T20:25:33.357+0000] {processor.py:208} INFO - Processing /home/airflow/.local/lib/python3.12/site-packages/airflow/example_dags/example_skip_dag.py took 0.105 seconds
[2025-12-21T20:26:03.452+0000] {processor.py:186} INFO - Started process (PID=410) to work on /home/airflow/.local/lib/python3.12/site-packages/airflow/example_dags/example_skip_dag.py
[2025-12-21T20:26:03.453+0000] {processor.py:914} INFO - Processing file /home/airflow/.local/lib/python3.12/site-packages/airflow/example_dags/example_skip_dag.py for tasks to queue
[2025-12-21T20:26:03.455+0000] {logging_mixin.py:190} INFO - [2025-12-21T20:26:03.455+0000] {dagbag.py:588} INFO - Filling up the DagBag from /home/airflow/.local/lib/python3.12/site-packages/airflow/example_dags/example_skip_dag.py
[2025-12-21T20:26:03.465+0000] {processor.py:925} INFO - DAG(s) 'example_skip_dag' retrieved from /home/airflow/.local/lib/python3.12/site-packages/airflow/example_dags/example_skip_dag.py
[2025-12-21T20:26:03.498+0000] {logging_mixin.py:190} INFO - [2025-12-21T20:26:03.497+0000] {dag.py:3239} INFO - Sync 1 DAGs
[2025-12-21T20:26:03.524+0000] {logging_mixin.py:190} INFO - [2025-12-21T20:26:03.524+0000] {dag.py:4180} INFO - Setting next_dagrun for example_skip_dag to 2025-12-20 00:00:00+00:00, run_after=2025-12-21 00:00:00+00:00
[2025-12-21T20:26:03.553+0000] {processor.py:208} INFO - Processing /home/airflow/.local/lib/python3.12/site-packages/airflow/example_dags/example_skip_dag.py took 0.108 seconds
[2025-12-21T20:26:33.792+0000] {processor.py:186} INFO - Started process (PID=476) to work on /home/airflow/.local/lib/python3.12/site-packages/airflow/example_dags/example_skip_dag.py
[2025-12-21T20:26:33.794+0000] {processor.py:914} INFO - Processing file /home/airflow/.local/lib/python3.12/site-packages/airflow/example_dags/example_skip_dag.py for tasks to queue
[2025-12-21T20:26:33.796+0000] {logging_mixin.py:190} INFO - [2025-12-21T20:26:33.796+0000] {dagbag.py:588} INFO - Filling up the DagBag from /home/airflow/.local/lib/python3.12/site-packages/airflow/example_dags/example_skip_dag.py
[2025-12-21T20:26:33.804+0000] {processor.py:925} INFO - DAG(s) 'example_skip_dag' retrieved from /home/airflow/.local/lib/python3.12/site-packages/airflow/example_dags/example_skip_dag.py
[2025-12-21T20:26:33.827+0000] {logging_mixin.py:190} INFO - [2025-12-21T20:26:33.826+0000] {dag.py:3239} INFO - Sync 1 DAGs
[2025-12-21T20:26:33.870+0000] {logging_mixin.py:190} INFO - [2025-12-21T20:26:33.870+0000] {dag.py:4180} INFO - Setting next_dagrun for example_skip_dag to 2025-12-20 00:00:00+00:00, run_after=2025-12-21 00:00:00+00:00
[2025-12-21T20:26:33.895+0000] {processor.py:208} INFO - Processing /home/airflow/.local/lib/python3.12/site-packages/airflow/example_dags/example_skip_dag.py took 0.109 seconds
[2025-12-21T20:27:04.405+0000] {processor.py:186} INFO - Started process (PID=542) to work on /home/airflow/.local/lib/python3.12/site-packages/airflow/example_dags/example_skip_dag.py
[2025-12-21T20:27:04.405+0000] {processor.py:914} INFO - Processing file /home/airflow/.local/lib/python3.12/site-packages/airflow/example_dags/example_skip_dag.py for tasks to queue
[2025-12-21T20:27:04.409+0000] {logging_mixin.py:190} INFO - [2025-12-21T20:27:04.408+0000] {dagbag.py:588} INFO - Filling up the DagBag from /home/airflow/.local/lib/python3.12/site-packages/airflow/example_dags/example_skip_dag.py
[2025-12-21T20:27:04.419+0000] {processor.py:925} INFO - DAG(s) 'example_skip_dag' retrieved from /home/airflow/.local/lib/python3.12/site-packages/airflow/example_dags/example_skip_dag.py
[2025-12-21T20:27:04.448+0000] {logging_mixin.py:190} INFO - [2025-12-21T20:27:04.447+0000] {dag.py:3239} INFO - Sync 1 DAGs
[2025-12-21T20:27:04.474+0000] {logging_mixin.py:190} INFO - [2025-12-21T20:27:04.474+0000] {dag.py:4180} INFO - Setting next_dagrun for example_skip_dag to 2025-12-20 00:00:00+00:00, run_after=2025-12-21 00:00:00+00:00
[2025-12-21T20:27:04.529+0000] {processor.py:208} INFO - Processing /home/airflow/.local/lib/python3.12/site-packages/airflow/example_dags/example_skip_dag.py took 0.129 seconds
[2025-12-21T20:27:35.177+0000] {processor.py:186} INFO - Started process (PID=608) to work on /home/airflow/.local/lib/python3.12/site-packages/airflow/example_dags/example_skip_dag.py
[2025-12-21T20:27:35.178+0000] {processor.py:914} INFO - Processing file /home/airflow/.local/lib/python3.12/site-packages/airflow/example_dags/example_skip_dag.py for tasks to queue
[2025-12-21T20:27:35.182+0000] {logging_mixin.py:190} INFO - [2025-12-21T20:27:35.181+0000] {dagbag.py:588} INFO - Filling up the DagBag from /home/airflow/.local/lib/python3.12/site-packages/airflow/example_dags/example_skip_dag.py
[2025-12-21T20:27:35.191+0000] {processor.py:925} INFO - DAG(s) 'example_skip_dag' retrieved from /home/airflow/.local/lib/python3.12/site-packages/airflow/example_dags/example_skip_dag.py
[2025-12-21T20:27:35.217+0000] {logging_mixin.py:190} INFO - [2025-12-21T20:27:35.217+0000] {dag.py:3239} INFO - Sync 1 DAGs
[2025-12-21T20:27:35.251+0000] {logging_mixin.py:190} INFO - [2025-12-21T20:27:35.250+0000] {dag.py:4180} INFO - Setting next_dagrun for example_skip_dag to 2025-12-20 00:00:00+00:00, run_after=2025-12-21 00:00:00+00:00
[2025-12-21T20:27:35.304+0000] {processor.py:208} INFO - Processing /home/airflow/.local/lib/python3.12/site-packages/airflow/example_dags/example_skip_dag.py took 0.134 seconds
[2025-12-21T20:28:06.410+0000] {processor.py:186} INFO - Started process (PID=674) to work on /home/airflow/.local/lib/python3.12/site-packages/airflow/example_dags/example_skip_dag.py
[2025-12-21T20:28:06.411+0000] {processor.py:914} INFO - Processing file /home/airflow/.local/lib/python3.12/site-packages/airflow/example_dags/example_skip_dag.py for tasks to queue
[2025-12-21T20:28:06.413+0000] {logging_mixin.py:190} INFO - [2025-12-21T20:28:06.413+0000] {dagbag.py:588} INFO - Filling up the DagBag from /home/airflow/.local/lib/python3.12/site-packages/airflow/example_dags/example_skip_dag.py
[2025-12-21T20:28:06.421+0000] {processor.py:925} INFO - DAG(s) 'example_skip_dag' retrieved from /home/airflow/.local/lib/python3.12/site-packages/airflow/example_dags/example_skip_dag.py
[2025-12-21T20:28:06.452+0000] {logging_mixin.py:190} INFO - [2025-12-21T20:28:06.451+0000] {dag.py:3239} INFO - Sync 1 DAGs
[2025-12-21T20:28:06.481+0000] {logging_mixin.py:190} INFO - [2025-12-21T20:28:06.480+0000] {dag.py:4180} INFO - Setting next_dagrun for example_skip_dag to 2025-12-20 00:00:00+00:00, run_after=2025-12-21 00:00:00+00:00
[2025-12-21T20:28:06.536+0000] {processor.py:208} INFO - Processing /home/airflow/.local/lib/python3.12/site-packages/airflow/example_dags/example_skip_dag.py took 0.131 seconds
[2025-12-21T20:28:37.311+0000] {processor.py:186} INFO - Started process (PID=740) to work on /home/airflow/.local/lib/python3.12/site-packages/airflow/example_dags/example_skip_dag.py
[2025-12-21T20:28:37.313+0000] {processor.py:914} INFO - Processing file /home/airflow/.local/lib/python3.12/site-packages/airflow/example_dags/example_skip_dag.py for tasks to queue
[2025-12-21T20:28:37.315+0000] {logging_mixin.py:190} INFO - [2025-12-21T20:28:37.315+0000] {dagbag.py:588} INFO - Filling up the DagBag from /home/airflow/.local/lib/python3.12/site-packages/airflow/example_dags/example_skip_dag.py
[2025-12-21T20:28:37.323+0000] {processor.py:925} INFO - DAG(s) 'example_skip_dag' retrieved from /home/airflow/.local/lib/python3.12/site-packages/airflow/example_dags/example_skip_dag.py
[2025-12-21T20:28:37.349+0000] {logging_mixin.py:190} INFO - [2025-12-21T20:28:37.348+0000] {dag.py:3239} INFO - Sync 1 DAGs
[2025-12-21T20:28:37.374+0000] {logging_mixin.py:190} INFO - [2025-12-21T20:28:37.374+0000] {dag.py:4180} INFO - Setting next_dagrun for example_skip_dag to 2025-12-20 00:00:00+00:00, run_after=2025-12-21 00:00:00+00:00
[2025-12-21T20:28:37.409+0000] {processor.py:208} INFO - Processing /home/airflow/.local/lib/python3.12/site-packages/airflow/example_dags/example_skip_dag.py took 0.110 seconds
[2025-12-21T20:29:07.692+0000] {processor.py:186} INFO - Started process (PID=806) to work on /home/airflow/.local/lib/python3.12/site-packages/airflow/example_dags/example_skip_dag.py
[2025-12-21T20:29:07.692+0000] {processor.py:914} INFO - Processing file /home/airflow/.local/lib/python3.12/site-packages/airflow/example_dags/example_skip_dag.py for tasks to queue
[2025-12-21T20:29:07.695+0000] {logging_mixin.py:190} INFO - [2025-12-21T20:29:07.695+0000] {dagbag.py:588} INFO - Filling up the DagBag from /home/airflow/.local/lib/python3.12/site-packages/airflow/example_dags/example_skip_dag.py
[2025-12-21T20:29:07.705+0000] {processor.py:925} INFO - DAG(s) 'example_skip_dag' retrieved from /home/airflow/.local/lib/python3.12/site-packages/airflow/example_dags/example_skip_dag.py
[2025-12-21T20:29:07.735+0000] {logging_mixin.py:190} INFO - [2025-12-21T20:29:07.735+0000] {dag.py:3239} INFO - Sync 1 DAGs
[2025-12-21T20:29:07.771+0000] {logging_mixin.py:190} INFO - [2025-12-21T20:29:07.771+0000] {dag.py:4180} INFO - Setting next_dagrun for example_skip_dag to 2025-12-20 00:00:00+00:00, run_after=2025-12-21 00:00:00+00:00
[2025-12-21T20:29:07.801+0000] {processor.py:208} INFO - Processing /home/airflow/.local/lib/python3.12/site-packages/airflow/example_dags/example_skip_dag.py took 0.116 seconds
[2025-12-21T20:29:38.254+0000] {processor.py:186} INFO - Started process (PID=872) to work on /home/airflow/.local/lib/python3.12/site-packages/airflow/example_dags/example_skip_dag.py
[2025-12-21T20:29:38.256+0000] {processor.py:914} INFO - Processing file /home/airflow/.local/lib/python3.12/site-packages/airflow/example_dags/example_skip_dag.py for tasks to queue
[2025-12-21T20:29:38.261+0000] {logging_mixin.py:190} INFO - [2025-12-21T20:29:38.260+0000] {dagbag.py:588} INFO - Filling up the DagBag from /home/airflow/.local/lib/python3.12/site-packages/airflow/example_dags/example_skip_dag.py
[2025-12-21T20:29:38.279+0000] {processor.py:925} INFO - DAG(s) 'example_skip_dag' retrieved from /home/airflow/.local/lib/python3.12/site-packages/airflow/example_dags/example_skip_dag.py
[2025-12-21T20:29:38.309+0000] {logging_mixin.py:190} INFO - [2025-12-21T20:29:38.308+0000] {dag.py:3239} INFO - Sync 1 DAGs
[2025-12-21T20:29:38.336+0000] {logging_mixin.py:190} INFO - [2025-12-21T20:29:38.336+0000] {dag.py:4180} INFO - Setting next_dagrun for example_skip_dag to 2025-12-20 00:00:00+00:00, run_after=2025-12-21 00:00:00+00:00
[2025-12-21T20:29:38.373+0000] {processor.py:208} INFO - Processing /home/airflow/.local/lib/python3.12/site-packages/airflow/example_dags/example_skip_dag.py took 0.125 seconds
[2025-12-21T20:30:08.503+0000] {processor.py:186} INFO - Started process (PID=938) to work on /home/airflow/.local/lib/python3.12/site-packages/airflow/example_dags/example_skip_dag.py
[2025-12-21T20:30:08.504+0000] {processor.py:914} INFO - Processing file /home/airflow/.local/lib/python3.12/site-packages/airflow/example_dags/example_skip_dag.py for tasks to queue
[2025-12-21T20:30:08.508+0000] {logging_mixin.py:190} INFO - [2025-12-21T20:30:08.507+0000] {dagbag.py:588} INFO - Filling up the DagBag from /home/airflow/.local/lib/python3.12/site-packages/airflow/example_dags/example_skip_dag.py
[2025-12-21T20:30:08.517+0000] {processor.py:925} INFO - DAG(s) 'example_skip_dag' retrieved from /home/airflow/.local/lib/python3.12/site-packages/airflow/example_dags/example_skip_dag.py
[2025-12-21T20:30:08.556+0000] {logging_mixin.py:190} INFO - [2025-12-21T20:30:08.555+0000] {dag.py:3239} INFO - Sync 1 DAGs
[2025-12-21T20:30:08.592+0000] {logging_mixin.py:190} INFO - [2025-12-21T20:30:08.591+0000] {dag.py:4180} INFO - Setting next_dagrun for example_skip_dag to 2025-12-20 00:00:00+00:00, run_after=2025-12-21 00:00:00+00:00
[2025-12-21T20:30:08.632+0000] {processor.py:208} INFO - Processing /home/airflow/.local/lib/python3.12/site-packages/airflow/example_dags/example_skip_dag.py took 0.133 seconds
[2025-12-21T20:30:38.837+0000] {processor.py:186} INFO - Started process (PID=1004) to work on /home/airflow/.local/lib/python3.12/site-packages/airflow/example_dags/example_skip_dag.py
[2025-12-21T20:30:38.839+0000] {processor.py:914} INFO - Processing file /home/airflow/.local/lib/python3.12/site-packages/airflow/example_dags/example_skip_dag.py for tasks to queue
[2025-12-21T20:30:38.843+0000] {logging_mixin.py:190} INFO - [2025-12-21T20:30:38.842+0000] {dagbag.py:588} INFO - Filling up the DagBag from /home/airflow/.local/lib/python3.12/site-packages/airflow/example_dags/example_skip_dag.py
[2025-12-21T20:30:38.859+0000] {processor.py:925} INFO - DAG(s) 'example_skip_dag' retrieved from /home/airflow/.local/lib/python3.12/site-packages/airflow/example_dags/example_skip_dag.py
[2025-12-21T20:30:38.884+0000] {logging_mixin.py:190} INFO - [2025-12-21T20:30:38.884+0000] {dag.py:3239} INFO - Sync 1 DAGs
[2025-12-21T20:30:38.920+0000] {logging_mixin.py:190} INFO - [2025-12-21T20:30:38.919+0000] {dag.py:4180} INFO - Setting next_dagrun for example_skip_dag to 2025-12-20 00:00:00+00:00, run_after=2025-12-21 00:00:00+00:00
[2025-12-21T20:30:38.950+0000] {processor.py:208} INFO - Processing /home/airflow/.local/lib/python3.12/site-packages/airflow/example_dags/example_skip_dag.py took 0.118 seconds
[2025-12-21T20:31:09.172+0000] {processor.py:186} INFO - Started process (PID=1070) to work on /home/airflow/.local/lib/python3.12/site-packages/airflow/example_dags/example_skip_dag.py
[2025-12-21T20:31:09.174+0000] {processor.py:914} INFO - Processing file /home/airflow/.local/lib/python3.12/site-packages/airflow/example_dags/example_skip_dag.py for tasks to queue
[2025-12-21T20:31:09.176+0000] {logging_mixin.py:190} INFO - [2025-12-21T20:31:09.176+0000] {dagbag.py:588} INFO - Filling up the DagBag from /home/airflow/.local/lib/python3.12/site-packages/airflow/example_dags/example_skip_dag.py
[2025-12-21T20:31:09.184+0000] {processor.py:925} INFO - DAG(s) 'example_skip_dag' retrieved from /home/airflow/.local/lib/python3.12/site-packages/airflow/example_dags/example_skip_dag.py
[2025-12-21T20:31:09.218+0000] {logging_mixin.py:190} INFO - [2025-12-21T20:31:09.218+0000] {dag.py:3239} INFO - Sync 1 DAGs
[2025-12-21T20:31:09.248+0000] {logging_mixin.py:190} INFO - [2025-12-21T20:31:09.248+0000] {dag.py:4180} INFO - Setting next_dagrun for example_skip_dag to 2025-12-20 00:00:00+00:00, run_after=2025-12-21 00:00:00+00:00
[2025-12-21T20:31:09.283+0000] {processor.py:208} INFO - Processing /home/airflow/.local/lib/python3.12/site-packages/airflow/example_dags/example_skip_dag.py took 0.119 seconds
[2025-12-21T20:31:39.430+0000] {processor.py:186} INFO - Started process (PID=1136) to work on /home/airflow/.local/lib/python3.12/site-packages/airflow/example_dags/example_skip_dag.py
[2025-12-21T20:31:39.431+0000] {processor.py:914} INFO - Processing file /home/airflow/.local/lib/python3.12/site-packages/airflow/example_dags/example_skip_dag.py for tasks to queue
[2025-12-21T20:31:39.436+0000] {logging_mixin.py:190} INFO - [2025-12-21T20:31:39.435+0000] {dagbag.py:588} INFO - Filling up the DagBag from /home/airflow/.local/lib/python3.12/site-packages/airflow/example_dags/example_skip_dag.py
[2025-12-21T20:31:39.446+0000] {processor.py:925} INFO - DAG(s) 'example_skip_dag' retrieved from /home/airflow/.local/lib/python3.12/site-packages/airflow/example_dags/example_skip_dag.py
[2025-12-21T20:31:39.471+0000] {logging_mixin.py:190} INFO - [2025-12-21T20:31:39.470+0000] {dag.py:3239} INFO - Sync 1 DAGs
[2025-12-21T20:31:39.502+0000] {logging_mixin.py:190} INFO - [2025-12-21T20:31:39.501+0000] {dag.py:4180} INFO - Setting next_dagrun for example_skip_dag to 2025-12-20 00:00:00+00:00, run_after=2025-12-21 00:00:00+00:00
[2025-12-21T20:31:39.531+0000] {processor.py:208} INFO - Processing /home/airflow/.local/lib/python3.12/site-packages/airflow/example_dags/example_skip_dag.py took 0.108 seconds
[2025-12-21T20:32:10.417+0000] {processor.py:186} INFO - Started process (PID=1202) to work on /home/airflow/.local/lib/python3.12/site-packages/airflow/example_dags/example_skip_dag.py
[2025-12-21T20:32:10.419+0000] {processor.py:914} INFO - Processing file /home/airflow/.local/lib/python3.12/site-packages/airflow/example_dags/example_skip_dag.py for tasks to queue
[2025-12-21T20:32:10.421+0000] {logging_mixin.py:190} INFO - [2025-12-21T20:32:10.421+0000] {dagbag.py:588} INFO - Filling up the DagBag from /home/airflow/.local/lib/python3.12/site-packages/airflow/example_dags/example_skip_dag.py
[2025-12-21T20:32:10.429+0000] {processor.py:925} INFO - DAG(s) 'example_skip_dag' retrieved from /home/airflow/.local/lib/python3.12/site-packages/airflow/example_dags/example_skip_dag.py
[2025-12-21T20:32:10.463+0000] {logging_mixin.py:190} INFO - [2025-12-21T20:32:10.462+0000] {dag.py:3239} INFO - Sync 1 DAGs
[2025-12-21T20:32:10.506+0000] {logging_mixin.py:190} INFO - [2025-12-21T20:32:10.506+0000] {dag.py:4180} INFO - Setting next_dagrun for example_skip_dag to 2025-12-20 00:00:00+00:00, run_after=2025-12-21 00:00:00+00:00
[2025-12-21T20:32:10.544+0000] {processor.py:208} INFO - Processing /home/airflow/.local/lib/python3.12/site-packages/airflow/example_dags/example_skip_dag.py took 0.140 seconds
[2025-12-21T20:32:40.971+0000] {processor.py:186} INFO - Started process (PID=1268) to work on /home/airflow/.local/lib/python3.12/site-packages/airflow/example_dags/example_skip_dag.py
[2025-12-21T20:32:40.973+0000] {processor.py:914} INFO - Processing file /home/airflow/.local/lib/python3.12/site-packages/airflow/example_dags/example_skip_dag.py for tasks to queue
[2025-12-21T20:32:40.976+0000] {logging_mixin.py:190} INFO - [2025-12-21T20:32:40.976+0000] {dagbag.py:588} INFO - Filling up the DagBag from /home/airflow/.local/lib/python3.12/site-packages/airflow/example_dags/example_skip_dag.py
[2025-12-21T20:32:40.991+0000] {processor.py:925} INFO - DAG(s) 'example_skip_dag' retrieved from /home/airflow/.local/lib/python3.12/site-packages/airflow/example_dags/example_skip_dag.py
[2025-12-21T20:32:41.018+0000] {logging_mixin.py:190} INFO - [2025-12-21T20:32:41.018+0000] {dag.py:3239} INFO - Sync 1 DAGs
[2025-12-21T20:32:41.048+0000] {logging_mixin.py:190} INFO - [2025-12-21T20:32:41.047+0000] {dag.py:4180} INFO - Setting next_dagrun for example_skip_dag to 2025-12-20 00:00:00+00:00, run_after=2025-12-21 00:00:00+00:00
[2025-12-21T20:32:41.088+0000] {processor.py:208} INFO - Processing /home/airflow/.local/lib/python3.12/site-packages/airflow/example_dags/example_skip_dag.py took 0.126 seconds
[2025-12-21T20:33:11.149+0000] {processor.py:186} INFO - Started process (PID=1334) to work on /home/airflow/.local/lib/python3.12/site-packages/airflow/example_dags/example_skip_dag.py
[2025-12-21T20:33:11.150+0000] {processor.py:914} INFO - Processing file /home/airflow/.local/lib/python3.12/site-packages/airflow/example_dags/example_skip_dag.py for tasks to queue
[2025-12-21T20:33:11.152+0000] {logging_mixin.py:190} INFO - [2025-12-21T20:33:11.152+0000] {dagbag.py:588} INFO - Filling up the DagBag from /home/airflow/.local/lib/python3.12/site-packages/airflow/example_dags/example_skip_dag.py
[2025-12-21T20:33:11.162+0000] {processor.py:925} INFO - DAG(s) 'example_skip_dag' retrieved from /home/airflow/.local/lib/python3.12/site-packages/airflow/example_dags/example_skip_dag.py
[2025-12-21T20:33:11.207+0000] {logging_mixin.py:190} INFO - [2025-12-21T20:33:11.207+0000] {dag.py:3239} INFO - Sync 1 DAGs
[2025-12-21T20:33:11.237+0000] {logging_mixin.py:190} INFO - [2025-12-21T20:33:11.236+0000] {dag.py:4180} INFO - Setting next_dagrun for example_skip_dag to 2025-12-20 00:00:00+00:00, run_after=2025-12-21 00:00:00+00:00
[2025-12-21T20:33:11.269+0000] {processor.py:208} INFO - Processing /home/airflow/.local/lib/python3.12/site-packages/airflow/example_dags/example_skip_dag.py took 0.125 seconds
[2025-12-21T20:33:41.714+0000] {processor.py:186} INFO - Started process (PID=1400) to work on /home/airflow/.local/lib/python3.12/site-packages/airflow/example_dags/example_skip_dag.py
[2025-12-21T20:33:41.715+0000] {processor.py:914} INFO - Processing file /home/airflow/.local/lib/python3.12/site-packages/airflow/example_dags/example_skip_dag.py for tasks to queue
[2025-12-21T20:33:41.718+0000] {logging_mixin.py:190} INFO - [2025-12-21T20:33:41.717+0000] {dagbag.py:588} INFO - Filling up the DagBag from /home/airflow/.local/lib/python3.12/site-packages/airflow/example_dags/example_skip_dag.py
[2025-12-21T20:33:41.726+0000] {processor.py:925} INFO - DAG(s) 'example_skip_dag' retrieved from /home/airflow/.local/lib/python3.12/site-packages/airflow/example_dags/example_skip_dag.py
[2025-12-21T20:33:41.749+0000] {logging_mixin.py:190} INFO - [2025-12-21T20:33:41.749+0000] {dag.py:3239} INFO - Sync 1 DAGs
[2025-12-21T20:33:41.773+0000] {logging_mixin.py:190} INFO - [2025-12-21T20:33:41.773+0000] {dag.py:4180} INFO - Setting next_dagrun for example_skip_dag to 2025-12-20 00:00:00+00:00, run_after=2025-12-21 00:00:00+00:00
[2025-12-21T20:33:41.800+0000] {processor.py:208} INFO - Processing /home/airflow/.local/lib/python3.12/site-packages/airflow/example_dags/example_skip_dag.py took 0.092 seconds
[2025-12-21T20:34:12.874+0000] {processor.py:186} INFO - Started process (PID=1466) to work on /home/airflow/.local/lib/python3.12/site-packages/airflow/example_dags/example_skip_dag.py
[2025-12-21T20:34:12.876+0000] {processor.py:914} INFO - Processing file /home/airflow/.local/lib/python3.12/site-packages/airflow/example_dags/example_skip_dag.py for tasks to queue
[2025-12-21T20:34:12.879+0000] {logging_mixin.py:190} INFO - [2025-12-21T20:34:12.879+0000] {dagbag.py:588} INFO - Filling up the DagBag from /home/airflow/.local/lib/python3.12/site-packages/airflow/example_dags/example_skip_dag.py
[2025-12-21T20:34:12.887+0000] {processor.py:925} INFO - DAG(s) 'example_skip_dag' retrieved from /home/airflow/.local/lib/python3.12/site-packages/airflow/example_dags/example_skip_dag.py
[2025-12-21T20:34:12.926+0000] {logging_mixin.py:190} INFO - [2025-12-21T20:34:12.925+0000] {dag.py:3239} INFO - Sync 1 DAGs
[2025-12-21T20:34:12.975+0000] {logging_mixin.py:190} INFO - [2025-12-21T20:34:12.974+0000] {dag.py:4180} INFO - Setting next_dagrun for example_skip_dag to 2025-12-20 00:00:00+00:00, run_after=2025-12-21 00:00:00+00:00
[2025-12-21T20:34:13.000+0000] {processor.py:208} INFO - Processing /home/airflow/.local/lib/python3.12/site-packages/airflow/example_dags/example_skip_dag.py took 0.137 seconds
[2025-12-21T20:34:43.504+0000] {processor.py:186} INFO - Started process (PID=1532) to work on /home/airflow/.local/lib/python3.12/site-packages/airflow/example_dags/example_skip_dag.py
[2025-12-21T20:34:43.505+0000] {processor.py:914} INFO - Processing file /home/airflow/.local/lib/python3.12/site-packages/airflow/example_dags/example_skip_dag.py for tasks to queue
[2025-12-21T20:34:43.507+0000] {logging_mixin.py:190} INFO - [2025-12-21T20:34:43.507+0000] {dagbag.py:588} INFO - Filling up the DagBag from /home/airflow/.local/lib/python3.12/site-packages/airflow/example_dags/example_skip_dag.py
[2025-12-21T20:34:43.515+0000] {processor.py:925} INFO - DAG(s) 'example_skip_dag' retrieved from /home/airflow/.local/lib/python3.12/site-packages/airflow/example_dags/example_skip_dag.py
[2025-12-21T20:34:43.545+0000] {logging_mixin.py:190} INFO - [2025-12-21T20:34:43.544+0000] {dag.py:3239} INFO - Sync 1 DAGs
[2025-12-21T20:34:43.569+0000] {logging_mixin.py:190} INFO - [2025-12-21T20:34:43.569+0000] {dag.py:4180} INFO - Setting next_dagrun for example_skip_dag to 2025-12-20 00:00:00+00:00, run_after=2025-12-21 00:00:00+00:00
[2025-12-21T20:34:43.593+0000] {processor.py:208} INFO - Processing /home/airflow/.local/lib/python3.12/site-packages/airflow/example_dags/example_skip_dag.py took 0.096 seconds
[2025-12-21T20:35:14.142+0000] {processor.py:186} INFO - Started process (PID=1598) to work on /home/airflow/.local/lib/python3.12/site-packages/airflow/example_dags/example_skip_dag.py
[2025-12-21T20:35:14.143+0000] {processor.py:914} INFO - Processing file /home/airflow/.local/lib/python3.12/site-packages/airflow/example_dags/example_skip_dag.py for tasks to queue
[2025-12-21T20:35:14.148+0000] {logging_mixin.py:190} INFO - [2025-12-21T20:35:14.147+0000] {dagbag.py:588} INFO - Filling up the DagBag from /home/airflow/.local/lib/python3.12/site-packages/airflow/example_dags/example_skip_dag.py
[2025-12-21T20:35:14.161+0000] {processor.py:925} INFO - DAG(s) 'example_skip_dag' retrieved from /home/airflow/.local/lib/python3.12/site-packages/airflow/example_dags/example_skip_dag.py
[2025-12-21T20:35:14.198+0000] {logging_mixin.py:190} INFO - [2025-12-21T20:35:14.197+0000] {dag.py:3239} INFO - Sync 1 DAGs
[2025-12-21T20:35:14.223+0000] {logging_mixin.py:190} INFO - [2025-12-21T20:35:14.223+0000] {dag.py:4180} INFO - Setting next_dagrun for example_skip_dag to 2025-12-20 00:00:00+00:00, run_after=2025-12-21 00:00:00+00:00
[2025-12-21T20:35:14.245+0000] {processor.py:208} INFO - Processing /home/airflow/.local/lib/python3.12/site-packages/airflow/example_dags/example_skip_dag.py took 0.113 seconds
[2025-12-21T20:35:44.386+0000] {processor.py:186} INFO - Started process (PID=1663) to work on /home/airflow/.local/lib/python3.12/site-packages/airflow/example_dags/example_skip_dag.py
[2025-12-21T20:35:44.387+0000] {processor.py:914} INFO - Processing file /home/airflow/.local/lib/python3.12/site-packages/airflow/example_dags/example_skip_dag.py for tasks to queue
[2025-12-21T20:35:44.390+0000] {logging_mixin.py:190} INFO - [2025-12-21T20:35:44.390+0000] {dagbag.py:588} INFO - Filling up the DagBag from /home/airflow/.local/lib/python3.12/site-packages/airflow/example_dags/example_skip_dag.py
[2025-12-21T20:35:44.398+0000] {processor.py:925} INFO - DAG(s) 'example_skip_dag' retrieved from /home/airflow/.local/lib/python3.12/site-packages/airflow/example_dags/example_skip_dag.py
[2025-12-21T20:35:44.423+0000] {logging_mixin.py:190} INFO - [2025-12-21T20:35:44.422+0000] {dag.py:3239} INFO - Sync 1 DAGs
[2025-12-21T20:35:44.452+0000] {logging_mixin.py:190} INFO - [2025-12-21T20:35:44.452+0000] {dag.py:4180} INFO - Setting next_dagrun for example_skip_dag to 2025-12-20 00:00:00+00:00, run_after=2025-12-21 00:00:00+00:00
[2025-12-21T20:35:44.477+0000] {processor.py:208} INFO - Processing /home/airflow/.local/lib/python3.12/site-packages/airflow/example_dags/example_skip_dag.py took 0.097 seconds
[2025-12-21T20:36:14.711+0000] {processor.py:186} INFO - Started process (PID=1729) to work on /home/airflow/.local/lib/python3.12/site-packages/airflow/example_dags/example_skip_dag.py
[2025-12-21T20:36:14.712+0000] {processor.py:914} INFO - Processing file /home/airflow/.local/lib/python3.12/site-packages/airflow/example_dags/example_skip_dag.py for tasks to queue
[2025-12-21T20:36:14.715+0000] {logging_mixin.py:190} INFO - [2025-12-21T20:36:14.715+0000] {dagbag.py:588} INFO - Filling up the DagBag from /home/airflow/.local/lib/python3.12/site-packages/airflow/example_dags/example_skip_dag.py
[2025-12-21T20:36:14.724+0000] {processor.py:925} INFO - DAG(s) 'example_skip_dag' retrieved from /home/airflow/.local/lib/python3.12/site-packages/airflow/example_dags/example_skip_dag.py
[2025-12-21T20:36:14.761+0000] {logging_mixin.py:190} INFO - [2025-12-21T20:36:14.760+0000] {dag.py:3239} INFO - Sync 1 DAGs
[2025-12-21T20:36:14.790+0000] {logging_mixin.py:190} INFO - [2025-12-21T20:36:14.789+0000] {dag.py:4180} INFO - Setting next_dagrun for example_skip_dag to 2025-12-20 00:00:00+00:00, run_after=2025-12-21 00:00:00+00:00
[2025-12-21T20:36:14.822+0000] {processor.py:208} INFO - Processing /home/airflow/.local/lib/python3.12/site-packages/airflow/example_dags/example_skip_dag.py took 0.116 seconds
[2025-12-21T20:36:45.644+0000] {processor.py:186} INFO - Started process (PID=1795) to work on /home/airflow/.local/lib/python3.12/site-packages/airflow/example_dags/example_skip_dag.py
[2025-12-21T20:36:45.645+0000] {processor.py:914} INFO - Processing file /home/airflow/.local/lib/python3.12/site-packages/airflow/example_dags/example_skip_dag.py for tasks to queue
[2025-12-21T20:36:45.650+0000] {logging_mixin.py:190} INFO - [2025-12-21T20:36:45.649+0000] {dagbag.py:588} INFO - Filling up the DagBag from /home/airflow/.local/lib/python3.12/site-packages/airflow/example_dags/example_skip_dag.py
[2025-12-21T20:36:45.658+0000] {processor.py:925} INFO - DAG(s) 'example_skip_dag' retrieved from /home/airflow/.local/lib/python3.12/site-packages/airflow/example_dags/example_skip_dag.py
[2025-12-21T20:36:45.692+0000] {logging_mixin.py:190} INFO - [2025-12-21T20:36:45.692+0000] {dag.py:3239} INFO - Sync 1 DAGs
[2025-12-21T20:36:45.716+0000] {logging_mixin.py:190} INFO - [2025-12-21T20:36:45.716+0000] {dag.py:4180} INFO - Setting next_dagrun for example_skip_dag to 2025-12-20 00:00:00+00:00, run_after=2025-12-21 00:00:00+00:00
[2025-12-21T20:36:45.745+0000] {processor.py:208} INFO - Processing /home/airflow/.local/lib/python3.12/site-packages/airflow/example_dags/example_skip_dag.py took 0.111 seconds
[2025-12-21T20:37:16.223+0000] {processor.py:186} INFO - Started process (PID=1861) to work on /home/airflow/.local/lib/python3.12/site-packages/airflow/example_dags/example_skip_dag.py
[2025-12-21T20:37:16.224+0000] {processor.py:914} INFO - Processing file /home/airflow/.local/lib/python3.12/site-packages/airflow/example_dags/example_skip_dag.py for tasks to queue
[2025-12-21T20:37:16.227+0000] {logging_mixin.py:190} INFO - [2025-12-21T20:37:16.226+0000] {dagbag.py:588} INFO - Filling up the DagBag from /home/airflow/.local/lib/python3.12/site-packages/airflow/example_dags/example_skip_dag.py
[2025-12-21T20:37:16.234+0000] {processor.py:925} INFO - DAG(s) 'example_skip_dag' retrieved from /home/airflow/.local/lib/python3.12/site-packages/airflow/example_dags/example_skip_dag.py
[2025-12-21T20:37:16.258+0000] {logging_mixin.py:190} INFO - [2025-12-21T20:37:16.258+0000] {dag.py:3239} INFO - Sync 1 DAGs
[2025-12-21T20:37:16.298+0000] {logging_mixin.py:190} INFO - [2025-12-21T20:37:16.298+0000] {dag.py:4180} INFO - Setting next_dagrun for example_skip_dag to 2025-12-20 00:00:00+00:00, run_after=2025-12-21 00:00:00+00:00
[2025-12-21T20:37:16.323+0000] {processor.py:208} INFO - Processing /home/airflow/.local/lib/python3.12/site-packages/airflow/example_dags/example_skip_dag.py took 0.105 seconds
[2025-12-21T20:37:46.494+0000] {processor.py:186} INFO - Started process (PID=1927) to work on /home/airflow/.local/lib/python3.12/site-packages/airflow/example_dags/example_skip_dag.py
[2025-12-21T20:37:46.495+0000] {processor.py:914} INFO - Processing file /home/airflow/.local/lib/python3.12/site-packages/airflow/example_dags/example_skip_dag.py for tasks to queue
[2025-12-21T20:37:46.497+0000] {logging_mixin.py:190} INFO - [2025-12-21T20:37:46.497+0000] {dagbag.py:588} INFO - Filling up the DagBag from /home/airflow/.local/lib/python3.12/site-packages/airflow/example_dags/example_skip_dag.py
[2025-12-21T20:37:46.505+0000] {processor.py:925} INFO - DAG(s) 'example_skip_dag' retrieved from /home/airflow/.local/lib/python3.12/site-packages/airflow/example_dags/example_skip_dag.py
[2025-12-21T20:37:46.532+0000] {logging_mixin.py:190} INFO - [2025-12-21T20:37:46.532+0000] {dag.py:3239} INFO - Sync 1 DAGs
[2025-12-21T20:37:46.557+0000] {logging_mixin.py:190} INFO - [2025-12-21T20:37:46.557+0000] {dag.py:4180} INFO - Setting next_dagrun for example_skip_dag to 2025-12-20 00:00:00+00:00, run_after=2025-12-21 00:00:00+00:00
[2025-12-21T20:37:46.596+0000] {processor.py:208} INFO - Processing /home/airflow/.local/lib/python3.12/site-packages/airflow/example_dags/example_skip_dag.py took 0.108 seconds
[2025-12-21T20:38:16.816+0000] {processor.py:186} INFO - Started process (PID=1993) to work on /home/airflow/.local/lib/python3.12/site-packages/airflow/example_dags/example_skip_dag.py
[2025-12-21T20:38:16.818+0000] {processor.py:914} INFO - Processing file /home/airflow/.local/lib/python3.12/site-packages/airflow/example_dags/example_skip_dag.py for tasks to queue
[2025-12-21T20:38:16.821+0000] {logging_mixin.py:190} INFO - [2025-12-21T20:38:16.820+0000] {dagbag.py:588} INFO - Filling up the DagBag from /home/airflow/.local/lib/python3.12/site-packages/airflow/example_dags/example_skip_dag.py
[2025-12-21T20:38:16.835+0000] {processor.py:925} INFO - DAG(s) 'example_skip_dag' retrieved from /home/airflow/.local/lib/python3.12/site-packages/airflow/example_dags/example_skip_dag.py
[2025-12-21T20:38:16.873+0000] {logging_mixin.py:190} INFO - [2025-12-21T20:38:16.872+0000] {dag.py:3239} INFO - Sync 1 DAGs
[2025-12-21T20:38:16.910+0000] {logging_mixin.py:190} INFO - [2025-12-21T20:38:16.910+0000] {dag.py:4180} INFO - Setting next_dagrun for example_skip_dag to 2025-12-20 00:00:00+00:00, run_after=2025-12-21 00:00:00+00:00
[2025-12-21T20:38:16.938+0000] {processor.py:208} INFO - Processing /home/airflow/.local/lib/python3.12/site-packages/airflow/example_dags/example_skip_dag.py took 0.133 seconds
[2025-12-21T20:38:47.346+0000] {processor.py:186} INFO - Started process (PID=2059) to work on /home/airflow/.local/lib/python3.12/site-packages/airflow/example_dags/example_skip_dag.py
[2025-12-21T20:38:47.348+0000] {processor.py:914} INFO - Processing file /home/airflow/.local/lib/python3.12/site-packages/airflow/example_dags/example_skip_dag.py for tasks to queue
[2025-12-21T20:38:47.352+0000] {logging_mixin.py:190} INFO - [2025-12-21T20:38:47.352+0000] {dagbag.py:588} INFO - Filling up the DagBag from /home/airflow/.local/lib/python3.12/site-packages/airflow/example_dags/example_skip_dag.py
[2025-12-21T20:38:47.363+0000] {processor.py:925} INFO - DAG(s) 'example_skip_dag' retrieved from /home/airflow/.local/lib/python3.12/site-packages/airflow/example_dags/example_skip_dag.py
[2025-12-21T20:38:47.392+0000] {logging_mixin.py:190} INFO - [2025-12-21T20:38:47.391+0000] {dag.py:3239} INFO - Sync 1 DAGs
[2025-12-21T20:38:47.418+0000] {logging_mixin.py:190} INFO - [2025-12-21T20:38:47.418+0000] {dag.py:4180} INFO - Setting next_dagrun for example_skip_dag to 2025-12-20 00:00:00+00:00, run_after=2025-12-21 00:00:00+00:00
[2025-12-21T20:38:47.449+0000] {processor.py:208} INFO - Processing /home/airflow/.local/lib/python3.12/site-packages/airflow/example_dags/example_skip_dag.py took 0.113 seconds
[2025-12-21T20:39:17.639+0000] {processor.py:186} INFO - Started process (PID=2125) to work on /home/airflow/.local/lib/python3.12/site-packages/airflow/example_dags/example_skip_dag.py
[2025-12-21T20:39:17.640+0000] {processor.py:914} INFO - Processing file /home/airflow/.local/lib/python3.12/site-packages/airflow/example_dags/example_skip_dag.py for tasks to queue
[2025-12-21T20:39:17.643+0000] {logging_mixin.py:190} INFO - [2025-12-21T20:39:17.642+0000] {dagbag.py:588} INFO - Filling up the DagBag from /home/airflow/.local/lib/python3.12/site-packages/airflow/example_dags/example_skip_dag.py
[2025-12-21T20:39:17.651+0000] {processor.py:925} INFO - DAG(s) 'example_skip_dag' retrieved from /home/airflow/.local/lib/python3.12/site-packages/airflow/example_dags/example_skip_dag.py
[2025-12-21T20:39:17.687+0000] {logging_mixin.py:190} INFO - [2025-12-21T20:39:17.687+0000] {dag.py:3239} INFO - Sync 1 DAGs
[2025-12-21T20:39:17.740+0000] {logging_mixin.py:190} INFO - [2025-12-21T20:39:17.739+0000] {dag.py:4180} INFO - Setting next_dagrun for example_skip_dag to 2025-12-20 00:00:00+00:00, run_after=2025-12-21 00:00:00+00:00
[2025-12-21T20:39:17.770+0000] {processor.py:208} INFO - Processing /home/airflow/.local/lib/python3.12/site-packages/airflow/example_dags/example_skip_dag.py took 0.138 seconds
[2025-12-21T20:39:48.810+0000] {processor.py:186} INFO - Started process (PID=2191) to work on /home/airflow/.local/lib/python3.12/site-packages/airflow/example_dags/example_skip_dag.py
[2025-12-21T20:39:48.812+0000] {processor.py:914} INFO - Processing file /home/airflow/.local/lib/python3.12/site-packages/airflow/example_dags/example_skip_dag.py for tasks to queue
[2025-12-21T20:39:48.814+0000] {logging_mixin.py:190} INFO - [2025-12-21T20:39:48.814+0000] {dagbag.py:588} INFO - Filling up the DagBag from /home/airflow/.local/lib/python3.12/site-packages/airflow/example_dags/example_skip_dag.py
[2025-12-21T20:39:48.823+0000] {processor.py:925} INFO - DAG(s) 'example_skip_dag' retrieved from /home/airflow/.local/lib/python3.12/site-packages/airflow/example_dags/example_skip_dag.py
[2025-12-21T20:39:48.856+0000] {logging_mixin.py:190} INFO - [2025-12-21T20:39:48.855+0000] {dag.py:3239} INFO - Sync 1 DAGs
[2025-12-21T20:39:48.892+0000] {logging_mixin.py:190} INFO - [2025-12-21T20:39:48.892+0000] {dag.py:4180} INFO - Setting next_dagrun for example_skip_dag to 2025-12-20 00:00:00+00:00, run_after=2025-12-21 00:00:00+00:00
[2025-12-21T20:39:48.928+0000] {processor.py:208} INFO - Processing /home/airflow/.local/lib/python3.12/site-packages/airflow/example_dags/example_skip_dag.py took 0.129 seconds
[2025-12-21T20:42:54.907+0000] {processor.py:186} INFO - Started process (PID=2253) to work on /home/airflow/.local/lib/python3.12/site-packages/airflow/example_dags/example_skip_dag.py
[2025-12-21T20:42:54.911+0000] {processor.py:914} INFO - Processing file /home/airflow/.local/lib/python3.12/site-packages/airflow/example_dags/example_skip_dag.py for tasks to queue
[2025-12-21T20:42:54.918+0000] {logging_mixin.py:190} INFO - [2025-12-21T20:42:54.915+0000] {dagbag.py:588} INFO - Filling up the DagBag from /home/airflow/.local/lib/python3.12/site-packages/airflow/example_dags/example_skip_dag.py
[2025-12-21T20:42:54.970+0000] {processor.py:925} INFO - DAG(s) 'example_skip_dag' retrieved from /home/airflow/.local/lib/python3.12/site-packages/airflow/example_dags/example_skip_dag.py
[2025-12-21T20:42:55.010+0000] {logging_mixin.py:190} INFO - [2025-12-21T20:42:55.010+0000] {dag.py:3239} INFO - Sync 1 DAGs
[2025-12-21T20:42:55.058+0000] {logging_mixin.py:190} INFO - [2025-12-21T20:42:55.057+0000] {dag.py:4180} INFO - Setting next_dagrun for example_skip_dag to 2025-12-20 00:00:00+00:00, run_after=2025-12-21 00:00:00+00:00
[2025-12-21T20:42:55.110+0000] {processor.py:208} INFO - Processing /home/airflow/.local/lib/python3.12/site-packages/airflow/example_dags/example_skip_dag.py took 0.223 seconds
[2025-12-21T20:43:25.537+0000] {processor.py:186} INFO - Started process (PID=2319) to work on /home/airflow/.local/lib/python3.12/site-packages/airflow/example_dags/example_skip_dag.py
[2025-12-21T20:43:25.541+0000] {processor.py:914} INFO - Processing file /home/airflow/.local/lib/python3.12/site-packages/airflow/example_dags/example_skip_dag.py for tasks to queue
[2025-12-21T20:43:25.545+0000] {logging_mixin.py:190} INFO - [2025-12-21T20:43:25.544+0000] {dagbag.py:588} INFO - Filling up the DagBag from /home/airflow/.local/lib/python3.12/site-packages/airflow/example_dags/example_skip_dag.py
[2025-12-21T20:43:25.563+0000] {processor.py:925} INFO - DAG(s) 'example_skip_dag' retrieved from /home/airflow/.local/lib/python3.12/site-packages/airflow/example_dags/example_skip_dag.py
[2025-12-21T20:43:25.597+0000] {logging_mixin.py:190} INFO - [2025-12-21T20:43:25.597+0000] {dag.py:3239} INFO - Sync 1 DAGs
[2025-12-21T20:43:25.621+0000] {logging_mixin.py:190} INFO - [2025-12-21T20:43:25.621+0000] {dag.py:4180} INFO - Setting next_dagrun for example_skip_dag to 2025-12-20 00:00:00+00:00, run_after=2025-12-21 00:00:00+00:00
[2025-12-21T20:43:25.643+0000] {processor.py:208} INFO - Processing /home/airflow/.local/lib/python3.12/site-packages/airflow/example_dags/example_skip_dag.py took 0.116 seconds
[2025-12-21T20:43:55.812+0000] {processor.py:186} INFO - Started process (PID=2385) to work on /home/airflow/.local/lib/python3.12/site-packages/airflow/example_dags/example_skip_dag.py
[2025-12-21T20:43:55.814+0000] {processor.py:914} INFO - Processing file /home/airflow/.local/lib/python3.12/site-packages/airflow/example_dags/example_skip_dag.py for tasks to queue
[2025-12-21T20:43:55.817+0000] {logging_mixin.py:190} INFO - [2025-12-21T20:43:55.816+0000] {dagbag.py:588} INFO - Filling up the DagBag from /home/airflow/.local/lib/python3.12/site-packages/airflow/example_dags/example_skip_dag.py
[2025-12-21T20:43:55.836+0000] {processor.py:925} INFO - DAG(s) 'example_skip_dag' retrieved from /home/airflow/.local/lib/python3.12/site-packages/airflow/example_dags/example_skip_dag.py
[2025-12-21T20:43:55.873+0000] {logging_mixin.py:190} INFO - [2025-12-21T20:43:55.872+0000] {dag.py:3239} INFO - Sync 1 DAGs
[2025-12-21T20:43:55.894+0000] {logging_mixin.py:190} INFO - [2025-12-21T20:43:55.893+0000] {dag.py:4180} INFO - Setting next_dagrun for example_skip_dag to 2025-12-20 00:00:00+00:00, run_after=2025-12-21 00:00:00+00:00
[2025-12-21T20:43:55.917+0000] {processor.py:208} INFO - Processing /home/airflow/.local/lib/python3.12/site-packages/airflow/example_dags/example_skip_dag.py took 0.117 seconds
[2025-12-21T20:44:26.612+0000] {processor.py:186} INFO - Started process (PID=2451) to work on /home/airflow/.local/lib/python3.12/site-packages/airflow/example_dags/example_skip_dag.py
[2025-12-21T20:44:26.614+0000] {processor.py:914} INFO - Processing file /home/airflow/.local/lib/python3.12/site-packages/airflow/example_dags/example_skip_dag.py for tasks to queue
[2025-12-21T20:44:26.617+0000] {logging_mixin.py:190} INFO - [2025-12-21T20:44:26.616+0000] {dagbag.py:588} INFO - Filling up the DagBag from /home/airflow/.local/lib/python3.12/site-packages/airflow/example_dags/example_skip_dag.py
[2025-12-21T20:44:26.636+0000] {processor.py:925} INFO - DAG(s) 'example_skip_dag' retrieved from /home/airflow/.local/lib/python3.12/site-packages/airflow/example_dags/example_skip_dag.py
[2025-12-21T20:44:26.678+0000] {logging_mixin.py:190} INFO - [2025-12-21T20:44:26.678+0000] {dag.py:3239} INFO - Sync 1 DAGs
[2025-12-21T20:44:26.704+0000] {logging_mixin.py:190} INFO - [2025-12-21T20:44:26.704+0000] {dag.py:4180} INFO - Setting next_dagrun for example_skip_dag to 2025-12-20 00:00:00+00:00, run_after=2025-12-21 00:00:00+00:00
[2025-12-21T20:44:26.732+0000] {processor.py:208} INFO - Processing /home/airflow/.local/lib/python3.12/site-packages/airflow/example_dags/example_skip_dag.py took 0.132 seconds
[2025-12-21T20:44:57.047+0000] {processor.py:186} INFO - Started process (PID=2517) to work on /home/airflow/.local/lib/python3.12/site-packages/airflow/example_dags/example_skip_dag.py
[2025-12-21T20:44:57.048+0000] {processor.py:914} INFO - Processing file /home/airflow/.local/lib/python3.12/site-packages/airflow/example_dags/example_skip_dag.py for tasks to queue
[2025-12-21T20:44:57.050+0000] {logging_mixin.py:190} INFO - [2025-12-21T20:44:57.050+0000] {dagbag.py:588} INFO - Filling up the DagBag from /home/airflow/.local/lib/python3.12/site-packages/airflow/example_dags/example_skip_dag.py
[2025-12-21T20:44:57.066+0000] {processor.py:925} INFO - DAG(s) 'example_skip_dag' retrieved from /home/airflow/.local/lib/python3.12/site-packages/airflow/example_dags/example_skip_dag.py
[2025-12-21T20:44:57.097+0000] {logging_mixin.py:190} INFO - [2025-12-21T20:44:57.096+0000] {dag.py:3239} INFO - Sync 1 DAGs
[2025-12-21T20:44:57.119+0000] {logging_mixin.py:190} INFO - [2025-12-21T20:44:57.119+0000] {dag.py:4180} INFO - Setting next_dagrun for example_skip_dag to 2025-12-20 00:00:00+00:00, run_after=2025-12-21 00:00:00+00:00
[2025-12-21T20:44:57.142+0000] {processor.py:208} INFO - Processing /home/airflow/.local/lib/python3.12/site-packages/airflow/example_dags/example_skip_dag.py took 0.102 seconds
[2025-12-21T20:45:27.776+0000] {processor.py:186} INFO - Started process (PID=2583) to work on /home/airflow/.local/lib/python3.12/site-packages/airflow/example_dags/example_skip_dag.py
[2025-12-21T20:45:27.778+0000] {processor.py:914} INFO - Processing file /home/airflow/.local/lib/python3.12/site-packages/airflow/example_dags/example_skip_dag.py for tasks to queue
[2025-12-21T20:45:27.782+0000] {logging_mixin.py:190} INFO - [2025-12-21T20:45:27.781+0000] {dagbag.py:588} INFO - Filling up the DagBag from /home/airflow/.local/lib/python3.12/site-packages/airflow/example_dags/example_skip_dag.py
[2025-12-21T20:45:27.799+0000] {processor.py:925} INFO - DAG(s) 'example_skip_dag' retrieved from /home/airflow/.local/lib/python3.12/site-packages/airflow/example_dags/example_skip_dag.py
[2025-12-21T20:45:27.840+0000] {logging_mixin.py:190} INFO - [2025-12-21T20:45:27.840+0000] {dag.py:3239} INFO - Sync 1 DAGs
[2025-12-21T20:45:27.865+0000] {logging_mixin.py:190} INFO - [2025-12-21T20:45:27.865+0000] {dag.py:4180} INFO - Setting next_dagrun for example_skip_dag to 2025-12-20 00:00:00+00:00, run_after=2025-12-21 00:00:00+00:00
[2025-12-21T20:45:27.893+0000] {processor.py:208} INFO - Processing /home/airflow/.local/lib/python3.12/site-packages/airflow/example_dags/example_skip_dag.py took 0.130 seconds
[2025-12-21T20:45:58.065+0000] {processor.py:186} INFO - Started process (PID=2649) to work on /home/airflow/.local/lib/python3.12/site-packages/airflow/example_dags/example_skip_dag.py
[2025-12-21T20:45:58.067+0000] {processor.py:914} INFO - Processing file /home/airflow/.local/lib/python3.12/site-packages/airflow/example_dags/example_skip_dag.py for tasks to queue
[2025-12-21T20:45:58.070+0000] {logging_mixin.py:190} INFO - [2025-12-21T20:45:58.069+0000] {dagbag.py:588} INFO - Filling up the DagBag from /home/airflow/.local/lib/python3.12/site-packages/airflow/example_dags/example_skip_dag.py
[2025-12-21T20:45:58.088+0000] {processor.py:925} INFO - DAG(s) 'example_skip_dag' retrieved from /home/airflow/.local/lib/python3.12/site-packages/airflow/example_dags/example_skip_dag.py
[2025-12-21T20:45:58.128+0000] {logging_mixin.py:190} INFO - [2025-12-21T20:45:58.128+0000] {dag.py:3239} INFO - Sync 1 DAGs
[2025-12-21T20:45:58.154+0000] {logging_mixin.py:190} INFO - [2025-12-21T20:45:58.154+0000] {dag.py:4180} INFO - Setting next_dagrun for example_skip_dag to 2025-12-20 00:00:00+00:00, run_after=2025-12-21 00:00:00+00:00
[2025-12-21T20:45:58.178+0000] {processor.py:208} INFO - Processing /home/airflow/.local/lib/python3.12/site-packages/airflow/example_dags/example_skip_dag.py took 0.124 seconds
[2025-12-21T20:46:28.488+0000] {processor.py:186} INFO - Started process (PID=2715) to work on /home/airflow/.local/lib/python3.12/site-packages/airflow/example_dags/example_skip_dag.py
[2025-12-21T20:46:28.490+0000] {processor.py:914} INFO - Processing file /home/airflow/.local/lib/python3.12/site-packages/airflow/example_dags/example_skip_dag.py for tasks to queue
[2025-12-21T20:46:28.492+0000] {logging_mixin.py:190} INFO - [2025-12-21T20:46:28.492+0000] {dagbag.py:588} INFO - Filling up the DagBag from /home/airflow/.local/lib/python3.12/site-packages/airflow/example_dags/example_skip_dag.py
[2025-12-21T20:46:28.501+0000] {processor.py:925} INFO - DAG(s) 'example_skip_dag' retrieved from /home/airflow/.local/lib/python3.12/site-packages/airflow/example_dags/example_skip_dag.py
[2025-12-21T20:46:28.531+0000] {logging_mixin.py:190} INFO - [2025-12-21T20:46:28.531+0000] {dag.py:3239} INFO - Sync 1 DAGs
[2025-12-21T20:46:28.556+0000] {logging_mixin.py:190} INFO - [2025-12-21T20:46:28.556+0000] {dag.py:4180} INFO - Setting next_dagrun for example_skip_dag to 2025-12-20 00:00:00+00:00, run_after=2025-12-21 00:00:00+00:00
[2025-12-21T20:46:28.580+0000] {processor.py:208} INFO - Processing /home/airflow/.local/lib/python3.12/site-packages/airflow/example_dags/example_skip_dag.py took 0.104 seconds
[2025-12-21T20:46:58.651+0000] {processor.py:186} INFO - Started process (PID=2781) to work on /home/airflow/.local/lib/python3.12/site-packages/airflow/example_dags/example_skip_dag.py
[2025-12-21T20:46:58.652+0000] {processor.py:914} INFO - Processing file /home/airflow/.local/lib/python3.12/site-packages/airflow/example_dags/example_skip_dag.py for tasks to queue
[2025-12-21T20:46:58.654+0000] {logging_mixin.py:190} INFO - [2025-12-21T20:46:58.653+0000] {dagbag.py:588} INFO - Filling up the DagBag from /home/airflow/.local/lib/python3.12/site-packages/airflow/example_dags/example_skip_dag.py
[2025-12-21T20:46:58.666+0000] {processor.py:925} INFO - DAG(s) 'example_skip_dag' retrieved from /home/airflow/.local/lib/python3.12/site-packages/airflow/example_dags/example_skip_dag.py
[2025-12-21T20:46:58.691+0000] {logging_mixin.py:190} INFO - [2025-12-21T20:46:58.691+0000] {dag.py:3239} INFO - Sync 1 DAGs
[2025-12-21T20:46:58.715+0000] {logging_mixin.py:190} INFO - [2025-12-21T20:46:58.715+0000] {dag.py:4180} INFO - Setting next_dagrun for example_skip_dag to 2025-12-20 00:00:00+00:00, run_after=2025-12-21 00:00:00+00:00
[2025-12-21T20:46:58.740+0000] {processor.py:208} INFO - Processing /home/airflow/.local/lib/python3.12/site-packages/airflow/example_dags/example_skip_dag.py took 0.096 seconds
[2025-12-21T20:47:28.948+0000] {processor.py:186} INFO - Started process (PID=2846) to work on /home/airflow/.local/lib/python3.12/site-packages/airflow/example_dags/example_skip_dag.py
[2025-12-21T20:47:28.950+0000] {processor.py:914} INFO - Processing file /home/airflow/.local/lib/python3.12/site-packages/airflow/example_dags/example_skip_dag.py for tasks to queue
[2025-12-21T20:47:28.953+0000] {logging_mixin.py:190} INFO - [2025-12-21T20:47:28.953+0000] {dagbag.py:588} INFO - Filling up the DagBag from /home/airflow/.local/lib/python3.12/site-packages/airflow/example_dags/example_skip_dag.py
[2025-12-21T20:47:28.974+0000] {processor.py:925} INFO - DAG(s) 'example_skip_dag' retrieved from /home/airflow/.local/lib/python3.12/site-packages/airflow/example_dags/example_skip_dag.py
[2025-12-21T20:47:29.010+0000] {logging_mixin.py:190} INFO - [2025-12-21T20:47:29.009+0000] {dag.py:3239} INFO - Sync 1 DAGs
[2025-12-21T20:47:29.037+0000] {logging_mixin.py:190} INFO - [2025-12-21T20:47:29.037+0000] {dag.py:4180} INFO - Setting next_dagrun for example_skip_dag to 2025-12-20 00:00:00+00:00, run_after=2025-12-21 00:00:00+00:00
[2025-12-21T20:47:29.060+0000] {processor.py:208} INFO - Processing /home/airflow/.local/lib/python3.12/site-packages/airflow/example_dags/example_skip_dag.py took 0.124 seconds
