[2025-12-21T20:23:31.679+0000] {processor.py:186} INFO - Started process (PID=81) to work on /home/airflow/.local/lib/python3.12/site-packages/airflow/example_dags/example_latest_only_with_trigger.py
[2025-12-21T20:23:31.680+0000] {processor.py:914} INFO - Processing file /home/airflow/.local/lib/python3.12/site-packages/airflow/example_dags/example_latest_only_with_trigger.py for tasks to queue
[2025-12-21T20:23:31.683+0000] {logging_mixin.py:190} INFO - [2025-12-21T20:23:31.683+0000] {dagbag.py:588} INFO - Filling up the DagBag from /home/airflow/.local/lib/python3.12/site-packages/airflow/example_dags/example_latest_only_with_trigger.py
[2025-12-21T20:23:31.692+0000] {processor.py:925} INFO - DAG(s) 'latest_only_with_trigger' retrieved from /home/airflow/.local/lib/python3.12/site-packages/airflow/example_dags/example_latest_only_with_trigger.py
[2025-12-21T20:23:31.813+0000] {logging_mixin.py:190} INFO - [2025-12-21T20:23:31.812+0000] {override.py:1912} INFO - Created Permission View: can delete on DAG:latest_only_with_trigger
[2025-12-21T20:23:31.829+0000] {logging_mixin.py:190} INFO - [2025-12-21T20:23:31.829+0000] {override.py:1912} INFO - Created Permission View: can edit on DAG:latest_only_with_trigger
[2025-12-21T20:23:31.844+0000] {logging_mixin.py:190} INFO - [2025-12-21T20:23:31.844+0000] {override.py:1912} INFO - Created Permission View: can read on DAG:latest_only_with_trigger
[2025-12-21T20:23:31.864+0000] {logging_mixin.py:190} INFO - [2025-12-21T20:23:31.863+0000] {override.py:1912} INFO - Created Permission View: can delete on DAG Run:latest_only_with_trigger
[2025-12-21T20:23:31.880+0000] {logging_mixin.py:190} INFO - [2025-12-21T20:23:31.880+0000] {override.py:1912} INFO - Created Permission View: can create on DAG Run:latest_only_with_trigger
[2025-12-21T20:23:31.898+0000] {logging_mixin.py:190} INFO - [2025-12-21T20:23:31.897+0000] {override.py:1912} INFO - Created Permission View: menu access on DAG Run:latest_only_with_trigger
[2025-12-21T20:23:31.914+0000] {logging_mixin.py:190} INFO - [2025-12-21T20:23:31.913+0000] {override.py:1912} INFO - Created Permission View: can read on DAG Run:latest_only_with_trigger
[2025-12-21T20:23:31.915+0000] {logging_mixin.py:190} INFO - [2025-12-21T20:23:31.914+0000] {dag.py:3239} INFO - Sync 1 DAGs
[2025-12-21T20:23:31.935+0000] {logging_mixin.py:190} INFO - [2025-12-21T20:23:31.935+0000] {dag.py:3262} INFO - Creating ORM DAG for latest_only_with_trigger
[2025-12-21T20:23:31.951+0000] {logging_mixin.py:190} INFO - [2025-12-21T20:23:31.951+0000] {dag.py:4180} INFO - Setting next_dagrun for latest_only_with_trigger to 2025-12-21 16:00:00+00:00, run_after=2025-12-21 20:00:00+00:00
[2025-12-21T20:23:31.986+0000] {processor.py:208} INFO - Processing /home/airflow/.local/lib/python3.12/site-packages/airflow/example_dags/example_latest_only_with_trigger.py took 0.312 seconds
[2025-12-21T20:24:02.075+0000] {processor.py:186} INFO - Started process (PID=147) to work on /home/airflow/.local/lib/python3.12/site-packages/airflow/example_dags/example_latest_only_with_trigger.py
[2025-12-21T20:24:02.076+0000] {processor.py:914} INFO - Processing file /home/airflow/.local/lib/python3.12/site-packages/airflow/example_dags/example_latest_only_with_trigger.py for tasks to queue
[2025-12-21T20:24:02.078+0000] {logging_mixin.py:190} INFO - [2025-12-21T20:24:02.078+0000] {dagbag.py:588} INFO - Filling up the DagBag from /home/airflow/.local/lib/python3.12/site-packages/airflow/example_dags/example_latest_only_with_trigger.py
[2025-12-21T20:24:02.086+0000] {processor.py:925} INFO - DAG(s) 'latest_only_with_trigger' retrieved from /home/airflow/.local/lib/python3.12/site-packages/airflow/example_dags/example_latest_only_with_trigger.py
[2025-12-21T20:24:02.113+0000] {logging_mixin.py:190} INFO - [2025-12-21T20:24:02.112+0000] {dag.py:3239} INFO - Sync 1 DAGs
[2025-12-21T20:24:02.143+0000] {logging_mixin.py:190} INFO - [2025-12-21T20:24:02.142+0000] {dag.py:4180} INFO - Setting next_dagrun for latest_only_with_trigger to 2025-12-21 16:00:00+00:00, run_after=2025-12-21 20:00:00+00:00
[2025-12-21T20:24:02.164+0000] {processor.py:208} INFO - Processing /home/airflow/.local/lib/python3.12/site-packages/airflow/example_dags/example_latest_only_with_trigger.py took 0.094 seconds
[2025-12-21T20:24:32.363+0000] {processor.py:186} INFO - Started process (PID=213) to work on /home/airflow/.local/lib/python3.12/site-packages/airflow/example_dags/example_latest_only_with_trigger.py
[2025-12-21T20:24:32.364+0000] {processor.py:914} INFO - Processing file /home/airflow/.local/lib/python3.12/site-packages/airflow/example_dags/example_latest_only_with_trigger.py for tasks to queue
[2025-12-21T20:24:32.367+0000] {logging_mixin.py:190} INFO - [2025-12-21T20:24:32.367+0000] {dagbag.py:588} INFO - Filling up the DagBag from /home/airflow/.local/lib/python3.12/site-packages/airflow/example_dags/example_latest_only_with_trigger.py
[2025-12-21T20:24:32.375+0000] {processor.py:925} INFO - DAG(s) 'latest_only_with_trigger' retrieved from /home/airflow/.local/lib/python3.12/site-packages/airflow/example_dags/example_latest_only_with_trigger.py
[2025-12-21T20:24:32.398+0000] {logging_mixin.py:190} INFO - [2025-12-21T20:24:32.397+0000] {dag.py:3239} INFO - Sync 1 DAGs
[2025-12-21T20:24:32.421+0000] {logging_mixin.py:190} INFO - [2025-12-21T20:24:32.421+0000] {dag.py:4180} INFO - Setting next_dagrun for latest_only_with_trigger to 2025-12-21 16:00:00+00:00, run_after=2025-12-21 20:00:00+00:00
[2025-12-21T20:24:32.445+0000] {processor.py:208} INFO - Processing /home/airflow/.local/lib/python3.12/site-packages/airflow/example_dags/example_latest_only_with_trigger.py took 0.086 seconds
[2025-12-21T20:25:02.951+0000] {processor.py:186} INFO - Started process (PID=279) to work on /home/airflow/.local/lib/python3.12/site-packages/airflow/example_dags/example_latest_only_with_trigger.py
[2025-12-21T20:25:02.953+0000] {processor.py:914} INFO - Processing file /home/airflow/.local/lib/python3.12/site-packages/airflow/example_dags/example_latest_only_with_trigger.py for tasks to queue
[2025-12-21T20:25:02.959+0000] {logging_mixin.py:190} INFO - [2025-12-21T20:25:02.958+0000] {dagbag.py:588} INFO - Filling up the DagBag from /home/airflow/.local/lib/python3.12/site-packages/airflow/example_dags/example_latest_only_with_trigger.py
[2025-12-21T20:25:02.966+0000] {processor.py:925} INFO - DAG(s) 'latest_only_with_trigger' retrieved from /home/airflow/.local/lib/python3.12/site-packages/airflow/example_dags/example_latest_only_with_trigger.py
[2025-12-21T20:25:02.986+0000] {logging_mixin.py:190} INFO - [2025-12-21T20:25:02.986+0000] {dag.py:3239} INFO - Sync 1 DAGs
[2025-12-21T20:25:03.011+0000] {logging_mixin.py:190} INFO - [2025-12-21T20:25:03.010+0000] {dag.py:4180} INFO - Setting next_dagrun for latest_only_with_trigger to 2025-12-21 16:00:00+00:00, run_after=2025-12-21 20:00:00+00:00
[2025-12-21T20:25:03.035+0000] {processor.py:208} INFO - Processing /home/airflow/.local/lib/python3.12/site-packages/airflow/example_dags/example_latest_only_with_trigger.py took 0.093 seconds
[2025-12-21T20:25:33.363+0000] {processor.py:186} INFO - Started process (PID=345) to work on /home/airflow/.local/lib/python3.12/site-packages/airflow/example_dags/example_latest_only_with_trigger.py
[2025-12-21T20:25:33.365+0000] {processor.py:914} INFO - Processing file /home/airflow/.local/lib/python3.12/site-packages/airflow/example_dags/example_latest_only_with_trigger.py for tasks to queue
[2025-12-21T20:25:33.370+0000] {logging_mixin.py:190} INFO - [2025-12-21T20:25:33.369+0000] {dagbag.py:588} INFO - Filling up the DagBag from /home/airflow/.local/lib/python3.12/site-packages/airflow/example_dags/example_latest_only_with_trigger.py
[2025-12-21T20:25:33.377+0000] {processor.py:925} INFO - DAG(s) 'latest_only_with_trigger' retrieved from /home/airflow/.local/lib/python3.12/site-packages/airflow/example_dags/example_latest_only_with_trigger.py
[2025-12-21T20:25:33.396+0000] {logging_mixin.py:190} INFO - [2025-12-21T20:25:33.396+0000] {dag.py:3239} INFO - Sync 1 DAGs
[2025-12-21T20:25:33.418+0000] {logging_mixin.py:190} INFO - [2025-12-21T20:25:33.418+0000] {dag.py:4180} INFO - Setting next_dagrun for latest_only_with_trigger to 2025-12-21 16:00:00+00:00, run_after=2025-12-21 20:00:00+00:00
[2025-12-21T20:25:33.461+0000] {processor.py:208} INFO - Processing /home/airflow/.local/lib/python3.12/site-packages/airflow/example_dags/example_latest_only_with_trigger.py took 0.109 seconds
[2025-12-21T20:26:03.562+0000] {processor.py:186} INFO - Started process (PID=411) to work on /home/airflow/.local/lib/python3.12/site-packages/airflow/example_dags/example_latest_only_with_trigger.py
[2025-12-21T20:26:03.563+0000] {processor.py:914} INFO - Processing file /home/airflow/.local/lib/python3.12/site-packages/airflow/example_dags/example_latest_only_with_trigger.py for tasks to queue
[2025-12-21T20:26:03.566+0000] {logging_mixin.py:190} INFO - [2025-12-21T20:26:03.565+0000] {dagbag.py:588} INFO - Filling up the DagBag from /home/airflow/.local/lib/python3.12/site-packages/airflow/example_dags/example_latest_only_with_trigger.py
[2025-12-21T20:26:03.572+0000] {processor.py:925} INFO - DAG(s) 'latest_only_with_trigger' retrieved from /home/airflow/.local/lib/python3.12/site-packages/airflow/example_dags/example_latest_only_with_trigger.py
[2025-12-21T20:26:03.593+0000] {logging_mixin.py:190} INFO - [2025-12-21T20:26:03.593+0000] {dag.py:3239} INFO - Sync 1 DAGs
[2025-12-21T20:26:03.619+0000] {logging_mixin.py:190} INFO - [2025-12-21T20:26:03.619+0000] {dag.py:4180} INFO - Setting next_dagrun for latest_only_with_trigger to 2025-12-21 16:00:00+00:00, run_after=2025-12-21 20:00:00+00:00
[2025-12-21T20:26:03.663+0000] {processor.py:208} INFO - Processing /home/airflow/.local/lib/python3.12/site-packages/airflow/example_dags/example_latest_only_with_trigger.py took 0.106 seconds
[2025-12-21T20:26:33.826+0000] {processor.py:186} INFO - Started process (PID=477) to work on /home/airflow/.local/lib/python3.12/site-packages/airflow/example_dags/example_latest_only_with_trigger.py
[2025-12-21T20:26:33.827+0000] {processor.py:914} INFO - Processing file /home/airflow/.local/lib/python3.12/site-packages/airflow/example_dags/example_latest_only_with_trigger.py for tasks to queue
[2025-12-21T20:26:33.830+0000] {logging_mixin.py:190} INFO - [2025-12-21T20:26:33.829+0000] {dagbag.py:588} INFO - Filling up the DagBag from /home/airflow/.local/lib/python3.12/site-packages/airflow/example_dags/example_latest_only_with_trigger.py
[2025-12-21T20:26:33.837+0000] {processor.py:925} INFO - DAG(s) 'latest_only_with_trigger' retrieved from /home/airflow/.local/lib/python3.12/site-packages/airflow/example_dags/example_latest_only_with_trigger.py
[2025-12-21T20:26:33.856+0000] {logging_mixin.py:190} INFO - [2025-12-21T20:26:33.856+0000] {dag.py:3239} INFO - Sync 1 DAGs
[2025-12-21T20:26:33.881+0000] {logging_mixin.py:190} INFO - [2025-12-21T20:26:33.881+0000] {dag.py:4180} INFO - Setting next_dagrun for latest_only_with_trigger to 2025-12-21 16:00:00+00:00, run_after=2025-12-21 20:00:00+00:00
[2025-12-21T20:26:33.910+0000] {processor.py:208} INFO - Processing /home/airflow/.local/lib/python3.12/site-packages/airflow/example_dags/example_latest_only_with_trigger.py took 0.089 seconds
[2025-12-21T20:27:04.412+0000] {processor.py:186} INFO - Started process (PID=543) to work on /home/airflow/.local/lib/python3.12/site-packages/airflow/example_dags/example_latest_only_with_trigger.py
[2025-12-21T20:27:04.413+0000] {processor.py:914} INFO - Processing file /home/airflow/.local/lib/python3.12/site-packages/airflow/example_dags/example_latest_only_with_trigger.py for tasks to queue
[2025-12-21T20:27:04.417+0000] {logging_mixin.py:190} INFO - [2025-12-21T20:27:04.416+0000] {dagbag.py:588} INFO - Filling up the DagBag from /home/airflow/.local/lib/python3.12/site-packages/airflow/example_dags/example_latest_only_with_trigger.py
[2025-12-21T20:27:04.425+0000] {processor.py:925} INFO - DAG(s) 'latest_only_with_trigger' retrieved from /home/airflow/.local/lib/python3.12/site-packages/airflow/example_dags/example_latest_only_with_trigger.py
[2025-12-21T20:27:04.466+0000] {logging_mixin.py:190} INFO - [2025-12-21T20:27:04.466+0000] {dag.py:3239} INFO - Sync 1 DAGs
[2025-12-21T20:27:04.497+0000] {logging_mixin.py:190} INFO - [2025-12-21T20:27:04.497+0000] {dag.py:4180} INFO - Setting next_dagrun for latest_only_with_trigger to 2025-12-21 16:00:00+00:00, run_after=2025-12-21 20:00:00+00:00
[2025-12-21T20:27:04.530+0000] {processor.py:208} INFO - Processing /home/airflow/.local/lib/python3.12/site-packages/airflow/example_dags/example_latest_only_with_trigger.py took 0.125 seconds
[2025-12-21T20:27:35.347+0000] {processor.py:186} INFO - Started process (PID=609) to work on /home/airflow/.local/lib/python3.12/site-packages/airflow/example_dags/example_latest_only_with_trigger.py
[2025-12-21T20:27:35.348+0000] {processor.py:914} INFO - Processing file /home/airflow/.local/lib/python3.12/site-packages/airflow/example_dags/example_latest_only_with_trigger.py for tasks to queue
[2025-12-21T20:27:35.352+0000] {logging_mixin.py:190} INFO - [2025-12-21T20:27:35.351+0000] {dagbag.py:588} INFO - Filling up the DagBag from /home/airflow/.local/lib/python3.12/site-packages/airflow/example_dags/example_latest_only_with_trigger.py
[2025-12-21T20:27:35.360+0000] {processor.py:925} INFO - DAG(s) 'latest_only_with_trigger' retrieved from /home/airflow/.local/lib/python3.12/site-packages/airflow/example_dags/example_latest_only_with_trigger.py
[2025-12-21T20:27:35.378+0000] {logging_mixin.py:190} INFO - [2025-12-21T20:27:35.378+0000] {dag.py:3239} INFO - Sync 1 DAGs
[2025-12-21T20:27:35.400+0000] {logging_mixin.py:190} INFO - [2025-12-21T20:27:35.400+0000] {dag.py:4180} INFO - Setting next_dagrun for latest_only_with_trigger to 2025-12-21 16:00:00+00:00, run_after=2025-12-21 20:00:00+00:00
[2025-12-21T20:27:35.448+0000] {processor.py:208} INFO - Processing /home/airflow/.local/lib/python3.12/site-packages/airflow/example_dags/example_latest_only_with_trigger.py took 0.111 seconds
[2025-12-21T20:28:06.430+0000] {processor.py:186} INFO - Started process (PID=675) to work on /home/airflow/.local/lib/python3.12/site-packages/airflow/example_dags/example_latest_only_with_trigger.py
[2025-12-21T20:28:06.433+0000] {processor.py:914} INFO - Processing file /home/airflow/.local/lib/python3.12/site-packages/airflow/example_dags/example_latest_only_with_trigger.py for tasks to queue
[2025-12-21T20:28:06.438+0000] {logging_mixin.py:190} INFO - [2025-12-21T20:28:06.438+0000] {dagbag.py:588} INFO - Filling up the DagBag from /home/airflow/.local/lib/python3.12/site-packages/airflow/example_dags/example_latest_only_with_trigger.py
[2025-12-21T20:28:06.446+0000] {processor.py:925} INFO - DAG(s) 'latest_only_with_trigger' retrieved from /home/airflow/.local/lib/python3.12/site-packages/airflow/example_dags/example_latest_only_with_trigger.py
[2025-12-21T20:28:06.490+0000] {logging_mixin.py:190} INFO - [2025-12-21T20:28:06.490+0000] {dag.py:3239} INFO - Sync 1 DAGs
[2025-12-21T20:28:06.543+0000] {logging_mixin.py:190} INFO - [2025-12-21T20:28:06.543+0000] {dag.py:4180} INFO - Setting next_dagrun for latest_only_with_trigger to 2025-12-21 16:00:00+00:00, run_after=2025-12-21 20:00:00+00:00
[2025-12-21T20:28:06.576+0000] {processor.py:208} INFO - Processing /home/airflow/.local/lib/python3.12/site-packages/airflow/example_dags/example_latest_only_with_trigger.py took 0.158 seconds
[2025-12-21T20:28:37.362+0000] {processor.py:186} INFO - Started process (PID=741) to work on /home/airflow/.local/lib/python3.12/site-packages/airflow/example_dags/example_latest_only_with_trigger.py
[2025-12-21T20:28:37.363+0000] {processor.py:914} INFO - Processing file /home/airflow/.local/lib/python3.12/site-packages/airflow/example_dags/example_latest_only_with_trigger.py for tasks to queue
[2025-12-21T20:28:37.366+0000] {logging_mixin.py:190} INFO - [2025-12-21T20:28:37.366+0000] {dagbag.py:588} INFO - Filling up the DagBag from /home/airflow/.local/lib/python3.12/site-packages/airflow/example_dags/example_latest_only_with_trigger.py
[2025-12-21T20:28:37.376+0000] {processor.py:925} INFO - DAG(s) 'latest_only_with_trigger' retrieved from /home/airflow/.local/lib/python3.12/site-packages/airflow/example_dags/example_latest_only_with_trigger.py
[2025-12-21T20:28:37.398+0000] {logging_mixin.py:190} INFO - [2025-12-21T20:28:37.398+0000] {dag.py:3239} INFO - Sync 1 DAGs
[2025-12-21T20:28:37.432+0000] {logging_mixin.py:190} INFO - [2025-12-21T20:28:37.432+0000] {dag.py:4180} INFO - Setting next_dagrun for latest_only_with_trigger to 2025-12-21 16:00:00+00:00, run_after=2025-12-21 20:00:00+00:00
[2025-12-21T20:28:37.461+0000] {processor.py:208} INFO - Processing /home/airflow/.local/lib/python3.12/site-packages/airflow/example_dags/example_latest_only_with_trigger.py took 0.103 seconds
[2025-12-21T20:29:07.701+0000] {processor.py:186} INFO - Started process (PID=807) to work on /home/airflow/.local/lib/python3.12/site-packages/airflow/example_dags/example_latest_only_with_trigger.py
[2025-12-21T20:29:07.702+0000] {processor.py:914} INFO - Processing file /home/airflow/.local/lib/python3.12/site-packages/airflow/example_dags/example_latest_only_with_trigger.py for tasks to queue
[2025-12-21T20:29:07.707+0000] {logging_mixin.py:190} INFO - [2025-12-21T20:29:07.706+0000] {dagbag.py:588} INFO - Filling up the DagBag from /home/airflow/.local/lib/python3.12/site-packages/airflow/example_dags/example_latest_only_with_trigger.py
[2025-12-21T20:29:07.716+0000] {processor.py:925} INFO - DAG(s) 'latest_only_with_trigger' retrieved from /home/airflow/.local/lib/python3.12/site-packages/airflow/example_dags/example_latest_only_with_trigger.py
[2025-12-21T20:29:07.749+0000] {logging_mixin.py:190} INFO - [2025-12-21T20:29:07.749+0000] {dag.py:3239} INFO - Sync 1 DAGs
[2025-12-21T20:29:07.783+0000] {logging_mixin.py:190} INFO - [2025-12-21T20:29:07.783+0000] {dag.py:4180} INFO - Setting next_dagrun for latest_only_with_trigger to 2025-12-21 16:00:00+00:00, run_after=2025-12-21 20:00:00+00:00
[2025-12-21T20:29:07.813+0000] {processor.py:208} INFO - Processing /home/airflow/.local/lib/python3.12/site-packages/airflow/example_dags/example_latest_only_with_trigger.py took 0.118 seconds
[2025-12-21T20:29:38.321+0000] {processor.py:186} INFO - Started process (PID=873) to work on /home/airflow/.local/lib/python3.12/site-packages/airflow/example_dags/example_latest_only_with_trigger.py
[2025-12-21T20:29:38.322+0000] {processor.py:914} INFO - Processing file /home/airflow/.local/lib/python3.12/site-packages/airflow/example_dags/example_latest_only_with_trigger.py for tasks to queue
[2025-12-21T20:29:38.327+0000] {logging_mixin.py:190} INFO - [2025-12-21T20:29:38.326+0000] {dagbag.py:588} INFO - Filling up the DagBag from /home/airflow/.local/lib/python3.12/site-packages/airflow/example_dags/example_latest_only_with_trigger.py
[2025-12-21T20:29:38.335+0000] {processor.py:925} INFO - DAG(s) 'latest_only_with_trigger' retrieved from /home/airflow/.local/lib/python3.12/site-packages/airflow/example_dags/example_latest_only_with_trigger.py
[2025-12-21T20:29:38.358+0000] {logging_mixin.py:190} INFO - [2025-12-21T20:29:38.358+0000] {dag.py:3239} INFO - Sync 1 DAGs
[2025-12-21T20:29:38.393+0000] {logging_mixin.py:190} INFO - [2025-12-21T20:29:38.392+0000] {dag.py:4180} INFO - Setting next_dagrun for latest_only_with_trigger to 2025-12-21 16:00:00+00:00, run_after=2025-12-21 20:00:00+00:00
[2025-12-21T20:29:38.422+0000] {processor.py:208} INFO - Processing /home/airflow/.local/lib/python3.12/site-packages/airflow/example_dags/example_latest_only_with_trigger.py took 0.108 seconds
[2025-12-21T20:30:08.584+0000] {processor.py:186} INFO - Started process (PID=939) to work on /home/airflow/.local/lib/python3.12/site-packages/airflow/example_dags/example_latest_only_with_trigger.py
[2025-12-21T20:30:08.585+0000] {processor.py:914} INFO - Processing file /home/airflow/.local/lib/python3.12/site-packages/airflow/example_dags/example_latest_only_with_trigger.py for tasks to queue
[2025-12-21T20:30:08.588+0000] {logging_mixin.py:190} INFO - [2025-12-21T20:30:08.587+0000] {dagbag.py:588} INFO - Filling up the DagBag from /home/airflow/.local/lib/python3.12/site-packages/airflow/example_dags/example_latest_only_with_trigger.py
[2025-12-21T20:30:08.595+0000] {processor.py:925} INFO - DAG(s) 'latest_only_with_trigger' retrieved from /home/airflow/.local/lib/python3.12/site-packages/airflow/example_dags/example_latest_only_with_trigger.py
[2025-12-21T20:30:08.617+0000] {logging_mixin.py:190} INFO - [2025-12-21T20:30:08.616+0000] {dag.py:3239} INFO - Sync 1 DAGs
[2025-12-21T20:30:08.643+0000] {logging_mixin.py:190} INFO - [2025-12-21T20:30:08.643+0000] {dag.py:4180} INFO - Setting next_dagrun for latest_only_with_trigger to 2025-12-21 16:00:00+00:00, run_after=2025-12-21 20:00:00+00:00
[2025-12-21T20:30:08.671+0000] {processor.py:208} INFO - Processing /home/airflow/.local/lib/python3.12/site-packages/airflow/example_dags/example_latest_only_with_trigger.py took 0.091 seconds
[2025-12-21T20:30:38.849+0000] {processor.py:186} INFO - Started process (PID=1005) to work on /home/airflow/.local/lib/python3.12/site-packages/airflow/example_dags/example_latest_only_with_trigger.py
[2025-12-21T20:30:38.850+0000] {processor.py:914} INFO - Processing file /home/airflow/.local/lib/python3.12/site-packages/airflow/example_dags/example_latest_only_with_trigger.py for tasks to queue
[2025-12-21T20:30:38.854+0000] {logging_mixin.py:190} INFO - [2025-12-21T20:30:38.853+0000] {dagbag.py:588} INFO - Filling up the DagBag from /home/airflow/.local/lib/python3.12/site-packages/airflow/example_dags/example_latest_only_with_trigger.py
[2025-12-21T20:30:38.867+0000] {processor.py:925} INFO - DAG(s) 'latest_only_with_trigger' retrieved from /home/airflow/.local/lib/python3.12/site-packages/airflow/example_dags/example_latest_only_with_trigger.py
[2025-12-21T20:30:38.898+0000] {logging_mixin.py:190} INFO - [2025-12-21T20:30:38.897+0000] {dag.py:3239} INFO - Sync 1 DAGs
[2025-12-21T20:30:38.927+0000] {logging_mixin.py:190} INFO - [2025-12-21T20:30:38.927+0000] {dag.py:4180} INFO - Setting next_dagrun for latest_only_with_trigger to 2025-12-21 16:00:00+00:00, run_after=2025-12-21 20:00:00+00:00
[2025-12-21T20:30:38.959+0000] {processor.py:208} INFO - Processing /home/airflow/.local/lib/python3.12/site-packages/airflow/example_dags/example_latest_only_with_trigger.py took 0.116 seconds
[2025-12-21T20:31:09.217+0000] {processor.py:186} INFO - Started process (PID=1071) to work on /home/airflow/.local/lib/python3.12/site-packages/airflow/example_dags/example_latest_only_with_trigger.py
[2025-12-21T20:31:09.218+0000] {processor.py:914} INFO - Processing file /home/airflow/.local/lib/python3.12/site-packages/airflow/example_dags/example_latest_only_with_trigger.py for tasks to queue
[2025-12-21T20:31:09.221+0000] {logging_mixin.py:190} INFO - [2025-12-21T20:31:09.221+0000] {dagbag.py:588} INFO - Filling up the DagBag from /home/airflow/.local/lib/python3.12/site-packages/airflow/example_dags/example_latest_only_with_trigger.py
[2025-12-21T20:31:09.231+0000] {processor.py:925} INFO - DAG(s) 'latest_only_with_trigger' retrieved from /home/airflow/.local/lib/python3.12/site-packages/airflow/example_dags/example_latest_only_with_trigger.py
[2025-12-21T20:31:09.253+0000] {logging_mixin.py:190} INFO - [2025-12-21T20:31:09.253+0000] {dag.py:3239} INFO - Sync 1 DAGs
[2025-12-21T20:31:09.280+0000] {logging_mixin.py:190} INFO - [2025-12-21T20:31:09.279+0000] {dag.py:4180} INFO - Setting next_dagrun for latest_only_with_trigger to 2025-12-21 16:00:00+00:00, run_after=2025-12-21 20:00:00+00:00
[2025-12-21T20:31:09.307+0000] {processor.py:208} INFO - Processing /home/airflow/.local/lib/python3.12/site-packages/airflow/example_dags/example_latest_only_with_trigger.py took 0.094 seconds
[2025-12-21T20:31:39.519+0000] {processor.py:186} INFO - Started process (PID=1137) to work on /home/airflow/.local/lib/python3.12/site-packages/airflow/example_dags/example_latest_only_with_trigger.py
[2025-12-21T20:31:39.521+0000] {processor.py:914} INFO - Processing file /home/airflow/.local/lib/python3.12/site-packages/airflow/example_dags/example_latest_only_with_trigger.py for tasks to queue
[2025-12-21T20:31:39.524+0000] {logging_mixin.py:190} INFO - [2025-12-21T20:31:39.523+0000] {dagbag.py:588} INFO - Filling up the DagBag from /home/airflow/.local/lib/python3.12/site-packages/airflow/example_dags/example_latest_only_with_trigger.py
[2025-12-21T20:31:39.531+0000] {processor.py:925} INFO - DAG(s) 'latest_only_with_trigger' retrieved from /home/airflow/.local/lib/python3.12/site-packages/airflow/example_dags/example_latest_only_with_trigger.py
[2025-12-21T20:31:39.554+0000] {logging_mixin.py:190} INFO - [2025-12-21T20:31:39.553+0000] {dag.py:3239} INFO - Sync 1 DAGs
[2025-12-21T20:31:39.578+0000] {logging_mixin.py:190} INFO - [2025-12-21T20:31:39.577+0000] {dag.py:4180} INFO - Setting next_dagrun for latest_only_with_trigger to 2025-12-21 16:00:00+00:00, run_after=2025-12-21 20:00:00+00:00
[2025-12-21T20:31:39.611+0000] {processor.py:208} INFO - Processing /home/airflow/.local/lib/python3.12/site-packages/airflow/example_dags/example_latest_only_with_trigger.py took 0.101 seconds
[2025-12-21T20:32:10.496+0000] {processor.py:186} INFO - Started process (PID=1203) to work on /home/airflow/.local/lib/python3.12/site-packages/airflow/example_dags/example_latest_only_with_trigger.py
[2025-12-21T20:32:10.497+0000] {processor.py:914} INFO - Processing file /home/airflow/.local/lib/python3.12/site-packages/airflow/example_dags/example_latest_only_with_trigger.py for tasks to queue
[2025-12-21T20:32:10.499+0000] {logging_mixin.py:190} INFO - [2025-12-21T20:32:10.499+0000] {dagbag.py:588} INFO - Filling up the DagBag from /home/airflow/.local/lib/python3.12/site-packages/airflow/example_dags/example_latest_only_with_trigger.py
[2025-12-21T20:32:10.509+0000] {processor.py:925} INFO - DAG(s) 'latest_only_with_trigger' retrieved from /home/airflow/.local/lib/python3.12/site-packages/airflow/example_dags/example_latest_only_with_trigger.py
[2025-12-21T20:32:10.536+0000] {logging_mixin.py:190} INFO - [2025-12-21T20:32:10.536+0000] {dag.py:3239} INFO - Sync 1 DAGs
[2025-12-21T20:32:10.564+0000] {logging_mixin.py:190} INFO - [2025-12-21T20:32:10.564+0000] {dag.py:4180} INFO - Setting next_dagrun for latest_only_with_trigger to 2025-12-21 16:00:00+00:00, run_after=2025-12-21 20:00:00+00:00
[2025-12-21T20:32:10.596+0000] {processor.py:208} INFO - Processing /home/airflow/.local/lib/python3.12/site-packages/airflow/example_dags/example_latest_only_with_trigger.py took 0.107 seconds
[2025-12-21T20:32:41.044+0000] {processor.py:186} INFO - Started process (PID=1269) to work on /home/airflow/.local/lib/python3.12/site-packages/airflow/example_dags/example_latest_only_with_trigger.py
[2025-12-21T20:32:41.046+0000] {processor.py:914} INFO - Processing file /home/airflow/.local/lib/python3.12/site-packages/airflow/example_dags/example_latest_only_with_trigger.py for tasks to queue
[2025-12-21T20:32:41.048+0000] {logging_mixin.py:190} INFO - [2025-12-21T20:32:41.048+0000] {dagbag.py:588} INFO - Filling up the DagBag from /home/airflow/.local/lib/python3.12/site-packages/airflow/example_dags/example_latest_only_with_trigger.py
[2025-12-21T20:32:41.058+0000] {processor.py:925} INFO - DAG(s) 'latest_only_with_trigger' retrieved from /home/airflow/.local/lib/python3.12/site-packages/airflow/example_dags/example_latest_only_with_trigger.py
[2025-12-21T20:32:41.081+0000] {logging_mixin.py:190} INFO - [2025-12-21T20:32:41.080+0000] {dag.py:3239} INFO - Sync 1 DAGs
[2025-12-21T20:32:41.111+0000] {logging_mixin.py:190} INFO - [2025-12-21T20:32:41.111+0000] {dag.py:4180} INFO - Setting next_dagrun for latest_only_with_trigger to 2025-12-21 16:00:00+00:00, run_after=2025-12-21 20:00:00+00:00
[2025-12-21T20:32:41.143+0000] {processor.py:208} INFO - Processing /home/airflow/.local/lib/python3.12/site-packages/airflow/example_dags/example_latest_only_with_trigger.py took 0.111 seconds
[2025-12-21T20:33:11.255+0000] {processor.py:186} INFO - Started process (PID=1335) to work on /home/airflow/.local/lib/python3.12/site-packages/airflow/example_dags/example_latest_only_with_trigger.py
[2025-12-21T20:33:11.256+0000] {processor.py:914} INFO - Processing file /home/airflow/.local/lib/python3.12/site-packages/airflow/example_dags/example_latest_only_with_trigger.py for tasks to queue
[2025-12-21T20:33:11.260+0000] {logging_mixin.py:190} INFO - [2025-12-21T20:33:11.259+0000] {dagbag.py:588} INFO - Filling up the DagBag from /home/airflow/.local/lib/python3.12/site-packages/airflow/example_dags/example_latest_only_with_trigger.py
[2025-12-21T20:33:11.268+0000] {processor.py:925} INFO - DAG(s) 'latest_only_with_trigger' retrieved from /home/airflow/.local/lib/python3.12/site-packages/airflow/example_dags/example_latest_only_with_trigger.py
[2025-12-21T20:33:11.289+0000] {logging_mixin.py:190} INFO - [2025-12-21T20:33:11.289+0000] {dag.py:3239} INFO - Sync 1 DAGs
[2025-12-21T20:33:11.315+0000] {logging_mixin.py:190} INFO - [2025-12-21T20:33:11.314+0000] {dag.py:4180} INFO - Setting next_dagrun for latest_only_with_trigger to 2025-12-21 16:00:00+00:00, run_after=2025-12-21 20:00:00+00:00
[2025-12-21T20:33:11.344+0000] {processor.py:208} INFO - Processing /home/airflow/.local/lib/python3.12/site-packages/airflow/example_dags/example_latest_only_with_trigger.py took 0.098 seconds
[2025-12-21T20:33:41.818+0000] {processor.py:186} INFO - Started process (PID=1401) to work on /home/airflow/.local/lib/python3.12/site-packages/airflow/example_dags/example_latest_only_with_trigger.py
[2025-12-21T20:33:41.820+0000] {processor.py:914} INFO - Processing file /home/airflow/.local/lib/python3.12/site-packages/airflow/example_dags/example_latest_only_with_trigger.py for tasks to queue
[2025-12-21T20:33:41.823+0000] {logging_mixin.py:190} INFO - [2025-12-21T20:33:41.823+0000] {dagbag.py:588} INFO - Filling up the DagBag from /home/airflow/.local/lib/python3.12/site-packages/airflow/example_dags/example_latest_only_with_trigger.py
[2025-12-21T20:33:41.831+0000] {processor.py:925} INFO - DAG(s) 'latest_only_with_trigger' retrieved from /home/airflow/.local/lib/python3.12/site-packages/airflow/example_dags/example_latest_only_with_trigger.py
[2025-12-21T20:33:41.854+0000] {logging_mixin.py:190} INFO - [2025-12-21T20:33:41.853+0000] {dag.py:3239} INFO - Sync 1 DAGs
[2025-12-21T20:33:41.884+0000] {logging_mixin.py:190} INFO - [2025-12-21T20:33:41.884+0000] {dag.py:4180} INFO - Setting next_dagrun for latest_only_with_trigger to 2025-12-21 16:00:00+00:00, run_after=2025-12-21 20:00:00+00:00
[2025-12-21T20:33:41.914+0000] {processor.py:208} INFO - Processing /home/airflow/.local/lib/python3.12/site-packages/airflow/example_dags/example_latest_only_with_trigger.py took 0.105 seconds
[2025-12-21T20:34:12.894+0000] {processor.py:186} INFO - Started process (PID=1467) to work on /home/airflow/.local/lib/python3.12/site-packages/airflow/example_dags/example_latest_only_with_trigger.py
[2025-12-21T20:34:12.896+0000] {processor.py:914} INFO - Processing file /home/airflow/.local/lib/python3.12/site-packages/airflow/example_dags/example_latest_only_with_trigger.py for tasks to queue
[2025-12-21T20:34:12.899+0000] {logging_mixin.py:190} INFO - [2025-12-21T20:34:12.899+0000] {dagbag.py:588} INFO - Filling up the DagBag from /home/airflow/.local/lib/python3.12/site-packages/airflow/example_dags/example_latest_only_with_trigger.py
[2025-12-21T20:34:12.907+0000] {processor.py:925} INFO - DAG(s) 'latest_only_with_trigger' retrieved from /home/airflow/.local/lib/python3.12/site-packages/airflow/example_dags/example_latest_only_with_trigger.py
[2025-12-21T20:34:12.931+0000] {logging_mixin.py:190} INFO - [2025-12-21T20:34:12.931+0000] {dag.py:3239} INFO - Sync 1 DAGs
[2025-12-21T20:34:12.960+0000] {logging_mixin.py:190} INFO - [2025-12-21T20:34:12.959+0000] {dag.py:4180} INFO - Setting next_dagrun for latest_only_with_trigger to 2025-12-21 16:00:00+00:00, run_after=2025-12-21 20:00:00+00:00
[2025-12-21T20:34:12.991+0000] {processor.py:208} INFO - Processing /home/airflow/.local/lib/python3.12/site-packages/airflow/example_dags/example_latest_only_with_trigger.py took 0.104 seconds
[2025-12-21T20:34:43.521+0000] {processor.py:186} INFO - Started process (PID=1533) to work on /home/airflow/.local/lib/python3.12/site-packages/airflow/example_dags/example_latest_only_with_trigger.py
[2025-12-21T20:34:43.523+0000] {processor.py:914} INFO - Processing file /home/airflow/.local/lib/python3.12/site-packages/airflow/example_dags/example_latest_only_with_trigger.py for tasks to queue
[2025-12-21T20:34:43.526+0000] {logging_mixin.py:190} INFO - [2025-12-21T20:34:43.525+0000] {dagbag.py:588} INFO - Filling up the DagBag from /home/airflow/.local/lib/python3.12/site-packages/airflow/example_dags/example_latest_only_with_trigger.py
[2025-12-21T20:34:43.537+0000] {processor.py:925} INFO - DAG(s) 'latest_only_with_trigger' retrieved from /home/airflow/.local/lib/python3.12/site-packages/airflow/example_dags/example_latest_only_with_trigger.py
[2025-12-21T20:34:43.574+0000] {logging_mixin.py:190} INFO - [2025-12-21T20:34:43.574+0000] {dag.py:3239} INFO - Sync 1 DAGs
[2025-12-21T20:34:43.614+0000] {logging_mixin.py:190} INFO - [2025-12-21T20:34:43.613+0000] {dag.py:4180} INFO - Setting next_dagrun for latest_only_with_trigger to 2025-12-21 16:00:00+00:00, run_after=2025-12-21 20:00:00+00:00
[2025-12-21T20:34:43.642+0000] {processor.py:208} INFO - Processing /home/airflow/.local/lib/python3.12/site-packages/airflow/example_dags/example_latest_only_with_trigger.py took 0.133 seconds
[2025-12-21T20:35:14.195+0000] {processor.py:186} INFO - Started process (PID=1599) to work on /home/airflow/.local/lib/python3.12/site-packages/airflow/example_dags/example_latest_only_with_trigger.py
[2025-12-21T20:35:14.196+0000] {processor.py:914} INFO - Processing file /home/airflow/.local/lib/python3.12/site-packages/airflow/example_dags/example_latest_only_with_trigger.py for tasks to queue
[2025-12-21T20:35:14.201+0000] {logging_mixin.py:190} INFO - [2025-12-21T20:35:14.200+0000] {dagbag.py:588} INFO - Filling up the DagBag from /home/airflow/.local/lib/python3.12/site-packages/airflow/example_dags/example_latest_only_with_trigger.py
[2025-12-21T20:35:14.208+0000] {processor.py:925} INFO - DAG(s) 'latest_only_with_trigger' retrieved from /home/airflow/.local/lib/python3.12/site-packages/airflow/example_dags/example_latest_only_with_trigger.py
[2025-12-21T20:35:14.242+0000] {logging_mixin.py:190} INFO - [2025-12-21T20:35:14.241+0000] {dag.py:3239} INFO - Sync 1 DAGs
[2025-12-21T20:35:14.279+0000] {logging_mixin.py:190} INFO - [2025-12-21T20:35:14.279+0000] {dag.py:4180} INFO - Setting next_dagrun for latest_only_with_trigger to 2025-12-21 16:00:00+00:00, run_after=2025-12-21 20:00:00+00:00
[2025-12-21T20:35:14.309+0000] {processor.py:208} INFO - Processing /home/airflow/.local/lib/python3.12/site-packages/airflow/example_dags/example_latest_only_with_trigger.py took 0.118 seconds
[2025-12-21T20:35:44.418+0000] {processor.py:186} INFO - Started process (PID=1664) to work on /home/airflow/.local/lib/python3.12/site-packages/airflow/example_dags/example_latest_only_with_trigger.py
[2025-12-21T20:35:44.419+0000] {processor.py:914} INFO - Processing file /home/airflow/.local/lib/python3.12/site-packages/airflow/example_dags/example_latest_only_with_trigger.py for tasks to queue
[2025-12-21T20:35:44.422+0000] {logging_mixin.py:190} INFO - [2025-12-21T20:35:44.421+0000] {dagbag.py:588} INFO - Filling up the DagBag from /home/airflow/.local/lib/python3.12/site-packages/airflow/example_dags/example_latest_only_with_trigger.py
[2025-12-21T20:35:44.430+0000] {processor.py:925} INFO - DAG(s) 'latest_only_with_trigger' retrieved from /home/airflow/.local/lib/python3.12/site-packages/airflow/example_dags/example_latest_only_with_trigger.py
[2025-12-21T20:35:44.464+0000] {logging_mixin.py:190} INFO - [2025-12-21T20:35:44.463+0000] {dag.py:3239} INFO - Sync 1 DAGs
[2025-12-21T20:35:44.502+0000] {logging_mixin.py:190} INFO - [2025-12-21T20:35:44.502+0000] {dag.py:4180} INFO - Setting next_dagrun for latest_only_with_trigger to 2025-12-21 16:00:00+00:00, run_after=2025-12-21 20:00:00+00:00
[2025-12-21T20:35:44.526+0000] {processor.py:208} INFO - Processing /home/airflow/.local/lib/python3.12/site-packages/airflow/example_dags/example_latest_only_with_trigger.py took 0.117 seconds
[2025-12-21T20:36:14.774+0000] {processor.py:186} INFO - Started process (PID=1730) to work on /home/airflow/.local/lib/python3.12/site-packages/airflow/example_dags/example_latest_only_with_trigger.py
[2025-12-21T20:36:14.776+0000] {processor.py:914} INFO - Processing file /home/airflow/.local/lib/python3.12/site-packages/airflow/example_dags/example_latest_only_with_trigger.py for tasks to queue
[2025-12-21T20:36:14.781+0000] {logging_mixin.py:190} INFO - [2025-12-21T20:36:14.781+0000] {dagbag.py:588} INFO - Filling up the DagBag from /home/airflow/.local/lib/python3.12/site-packages/airflow/example_dags/example_latest_only_with_trigger.py
[2025-12-21T20:36:14.795+0000] {processor.py:925} INFO - DAG(s) 'latest_only_with_trigger' retrieved from /home/airflow/.local/lib/python3.12/site-packages/airflow/example_dags/example_latest_only_with_trigger.py
[2025-12-21T20:36:14.817+0000] {logging_mixin.py:190} INFO - [2025-12-21T20:36:14.817+0000] {dag.py:3239} INFO - Sync 1 DAGs
[2025-12-21T20:36:14.848+0000] {logging_mixin.py:190} INFO - [2025-12-21T20:36:14.848+0000] {dag.py:4180} INFO - Setting next_dagrun for latest_only_with_trigger to 2025-12-21 16:00:00+00:00, run_after=2025-12-21 20:00:00+00:00
[2025-12-21T20:36:14.875+0000] {processor.py:208} INFO - Processing /home/airflow/.local/lib/python3.12/site-packages/airflow/example_dags/example_latest_only_with_trigger.py took 0.106 seconds
[2025-12-21T20:36:45.721+0000] {processor.py:186} INFO - Started process (PID=1796) to work on /home/airflow/.local/lib/python3.12/site-packages/airflow/example_dags/example_latest_only_with_trigger.py
[2025-12-21T20:36:45.723+0000] {processor.py:914} INFO - Processing file /home/airflow/.local/lib/python3.12/site-packages/airflow/example_dags/example_latest_only_with_trigger.py for tasks to queue
[2025-12-21T20:36:45.728+0000] {logging_mixin.py:190} INFO - [2025-12-21T20:36:45.727+0000] {dagbag.py:588} INFO - Filling up the DagBag from /home/airflow/.local/lib/python3.12/site-packages/airflow/example_dags/example_latest_only_with_trigger.py
[2025-12-21T20:36:45.737+0000] {processor.py:925} INFO - DAG(s) 'latest_only_with_trigger' retrieved from /home/airflow/.local/lib/python3.12/site-packages/airflow/example_dags/example_latest_only_with_trigger.py
[2025-12-21T20:36:45.771+0000] {logging_mixin.py:190} INFO - [2025-12-21T20:36:45.771+0000] {dag.py:3239} INFO - Sync 1 DAGs
[2025-12-21T20:36:45.817+0000] {logging_mixin.py:190} INFO - [2025-12-21T20:36:45.816+0000] {dag.py:4180} INFO - Setting next_dagrun for latest_only_with_trigger to 2025-12-21 16:00:00+00:00, run_after=2025-12-21 20:00:00+00:00
[2025-12-21T20:36:45.844+0000] {processor.py:208} INFO - Processing /home/airflow/.local/lib/python3.12/site-packages/airflow/example_dags/example_latest_only_with_trigger.py took 0.132 seconds
[2025-12-21T20:37:16.328+0000] {processor.py:186} INFO - Started process (PID=1862) to work on /home/airflow/.local/lib/python3.12/site-packages/airflow/example_dags/example_latest_only_with_trigger.py
[2025-12-21T20:37:16.330+0000] {processor.py:914} INFO - Processing file /home/airflow/.local/lib/python3.12/site-packages/airflow/example_dags/example_latest_only_with_trigger.py for tasks to queue
[2025-12-21T20:37:16.335+0000] {logging_mixin.py:190} INFO - [2025-12-21T20:37:16.334+0000] {dagbag.py:588} INFO - Filling up the DagBag from /home/airflow/.local/lib/python3.12/site-packages/airflow/example_dags/example_latest_only_with_trigger.py
[2025-12-21T20:37:16.342+0000] {processor.py:925} INFO - DAG(s) 'latest_only_with_trigger' retrieved from /home/airflow/.local/lib/python3.12/site-packages/airflow/example_dags/example_latest_only_with_trigger.py
[2025-12-21T20:37:16.368+0000] {logging_mixin.py:190} INFO - [2025-12-21T20:37:16.367+0000] {dag.py:3239} INFO - Sync 1 DAGs
[2025-12-21T20:37:16.395+0000] {logging_mixin.py:190} INFO - [2025-12-21T20:37:16.395+0000] {dag.py:4180} INFO - Setting next_dagrun for latest_only_with_trigger to 2025-12-21 16:00:00+00:00, run_after=2025-12-21 20:00:00+00:00
[2025-12-21T20:37:16.429+0000] {processor.py:208} INFO - Processing /home/airflow/.local/lib/python3.12/site-packages/airflow/example_dags/example_latest_only_with_trigger.py took 0.112 seconds
[2025-12-21T20:37:46.552+0000] {processor.py:186} INFO - Started process (PID=1928) to work on /home/airflow/.local/lib/python3.12/site-packages/airflow/example_dags/example_latest_only_with_trigger.py
[2025-12-21T20:37:46.554+0000] {processor.py:914} INFO - Processing file /home/airflow/.local/lib/python3.12/site-packages/airflow/example_dags/example_latest_only_with_trigger.py for tasks to queue
[2025-12-21T20:37:46.557+0000] {logging_mixin.py:190} INFO - [2025-12-21T20:37:46.557+0000] {dagbag.py:588} INFO - Filling up the DagBag from /home/airflow/.local/lib/python3.12/site-packages/airflow/example_dags/example_latest_only_with_trigger.py
[2025-12-21T20:37:46.566+0000] {processor.py:925} INFO - DAG(s) 'latest_only_with_trigger' retrieved from /home/airflow/.local/lib/python3.12/site-packages/airflow/example_dags/example_latest_only_with_trigger.py
[2025-12-21T20:37:46.588+0000] {logging_mixin.py:190} INFO - [2025-12-21T20:37:46.588+0000] {dag.py:3239} INFO - Sync 1 DAGs
[2025-12-21T20:37:46.612+0000] {logging_mixin.py:190} INFO - [2025-12-21T20:37:46.612+0000] {dag.py:4180} INFO - Setting next_dagrun for latest_only_with_trigger to 2025-12-21 16:00:00+00:00, run_after=2025-12-21 20:00:00+00:00
[2025-12-21T20:37:46.636+0000] {processor.py:208} INFO - Processing /home/airflow/.local/lib/python3.12/site-packages/airflow/example_dags/example_latest_only_with_trigger.py took 0.092 seconds
[2025-12-21T20:38:16.930+0000] {processor.py:186} INFO - Started process (PID=1994) to work on /home/airflow/.local/lib/python3.12/site-packages/airflow/example_dags/example_latest_only_with_trigger.py
[2025-12-21T20:38:16.932+0000] {processor.py:914} INFO - Processing file /home/airflow/.local/lib/python3.12/site-packages/airflow/example_dags/example_latest_only_with_trigger.py for tasks to queue
[2025-12-21T20:38:16.935+0000] {logging_mixin.py:190} INFO - [2025-12-21T20:38:16.934+0000] {dagbag.py:588} INFO - Filling up the DagBag from /home/airflow/.local/lib/python3.12/site-packages/airflow/example_dags/example_latest_only_with_trigger.py
[2025-12-21T20:38:16.942+0000] {processor.py:925} INFO - DAG(s) 'latest_only_with_trigger' retrieved from /home/airflow/.local/lib/python3.12/site-packages/airflow/example_dags/example_latest_only_with_trigger.py
[2025-12-21T20:38:16.962+0000] {logging_mixin.py:190} INFO - [2025-12-21T20:38:16.962+0000] {dag.py:3239} INFO - Sync 1 DAGs
[2025-12-21T20:38:16.987+0000] {logging_mixin.py:190} INFO - [2025-12-21T20:38:16.987+0000] {dag.py:4180} INFO - Setting next_dagrun for latest_only_with_trigger to 2025-12-21 16:00:00+00:00, run_after=2025-12-21 20:00:00+00:00
[2025-12-21T20:38:17.011+0000] {processor.py:208} INFO - Processing /home/airflow/.local/lib/python3.12/site-packages/airflow/example_dags/example_latest_only_with_trigger.py took 0.091 seconds
[2025-12-21T20:38:47.412+0000] {processor.py:186} INFO - Started process (PID=2060) to work on /home/airflow/.local/lib/python3.12/site-packages/airflow/example_dags/example_latest_only_with_trigger.py
[2025-12-21T20:38:47.414+0000] {processor.py:914} INFO - Processing file /home/airflow/.local/lib/python3.12/site-packages/airflow/example_dags/example_latest_only_with_trigger.py for tasks to queue
[2025-12-21T20:38:47.419+0000] {logging_mixin.py:190} INFO - [2025-12-21T20:38:47.418+0000] {dagbag.py:588} INFO - Filling up the DagBag from /home/airflow/.local/lib/python3.12/site-packages/airflow/example_dags/example_latest_only_with_trigger.py
[2025-12-21T20:38:47.433+0000] {processor.py:925} INFO - DAG(s) 'latest_only_with_trigger' retrieved from /home/airflow/.local/lib/python3.12/site-packages/airflow/example_dags/example_latest_only_with_trigger.py
[2025-12-21T20:38:47.472+0000] {logging_mixin.py:190} INFO - [2025-12-21T20:38:47.471+0000] {dag.py:3239} INFO - Sync 1 DAGs
[2025-12-21T20:38:47.505+0000] {logging_mixin.py:190} INFO - [2025-12-21T20:38:47.505+0000] {dag.py:4180} INFO - Setting next_dagrun for latest_only_with_trigger to 2025-12-21 16:00:00+00:00, run_after=2025-12-21 20:00:00+00:00
[2025-12-21T20:38:47.538+0000] {processor.py:208} INFO - Processing /home/airflow/.local/lib/python3.12/site-packages/airflow/example_dags/example_latest_only_with_trigger.py took 0.137 seconds
[2025-12-21T20:39:17.727+0000] {processor.py:186} INFO - Started process (PID=2126) to work on /home/airflow/.local/lib/python3.12/site-packages/airflow/example_dags/example_latest_only_with_trigger.py
[2025-12-21T20:39:17.728+0000] {processor.py:914} INFO - Processing file /home/airflow/.local/lib/python3.12/site-packages/airflow/example_dags/example_latest_only_with_trigger.py for tasks to queue
[2025-12-21T20:39:17.731+0000] {logging_mixin.py:190} INFO - [2025-12-21T20:39:17.731+0000] {dagbag.py:588} INFO - Filling up the DagBag from /home/airflow/.local/lib/python3.12/site-packages/airflow/example_dags/example_latest_only_with_trigger.py
[2025-12-21T20:39:17.740+0000] {processor.py:925} INFO - DAG(s) 'latest_only_with_trigger' retrieved from /home/airflow/.local/lib/python3.12/site-packages/airflow/example_dags/example_latest_only_with_trigger.py
[2025-12-21T20:39:17.761+0000] {logging_mixin.py:190} INFO - [2025-12-21T20:39:17.761+0000] {dag.py:3239} INFO - Sync 1 DAGs
[2025-12-21T20:39:17.800+0000] {logging_mixin.py:190} INFO - [2025-12-21T20:39:17.800+0000] {dag.py:4180} INFO - Setting next_dagrun for latest_only_with_trigger to 2025-12-21 16:00:00+00:00, run_after=2025-12-21 20:00:00+00:00
[2025-12-21T20:39:17.830+0000] {processor.py:208} INFO - Processing /home/airflow/.local/lib/python3.12/site-packages/airflow/example_dags/example_latest_only_with_trigger.py took 0.111 seconds
[2025-12-21T20:39:48.929+0000] {processor.py:186} INFO - Started process (PID=2192) to work on /home/airflow/.local/lib/python3.12/site-packages/airflow/example_dags/example_latest_only_with_trigger.py
[2025-12-21T20:39:48.931+0000] {processor.py:914} INFO - Processing file /home/airflow/.local/lib/python3.12/site-packages/airflow/example_dags/example_latest_only_with_trigger.py for tasks to queue
[2025-12-21T20:39:48.936+0000] {logging_mixin.py:190} INFO - [2025-12-21T20:39:48.936+0000] {dagbag.py:588} INFO - Filling up the DagBag from /home/airflow/.local/lib/python3.12/site-packages/airflow/example_dags/example_latest_only_with_trigger.py
[2025-12-21T20:39:48.949+0000] {processor.py:925} INFO - DAG(s) 'latest_only_with_trigger' retrieved from /home/airflow/.local/lib/python3.12/site-packages/airflow/example_dags/example_latest_only_with_trigger.py
[2025-12-21T20:39:48.976+0000] {logging_mixin.py:190} INFO - [2025-12-21T20:39:48.975+0000] {dag.py:3239} INFO - Sync 1 DAGs
[2025-12-21T20:39:49.003+0000] {logging_mixin.py:190} INFO - [2025-12-21T20:39:49.002+0000] {dag.py:4180} INFO - Setting next_dagrun for latest_only_with_trigger to 2025-12-21 16:00:00+00:00, run_after=2025-12-21 20:00:00+00:00
[2025-12-21T20:39:49.029+0000] {processor.py:208} INFO - Processing /home/airflow/.local/lib/python3.12/site-packages/airflow/example_dags/example_latest_only_with_trigger.py took 0.111 seconds
[2025-12-21T20:42:55.397+0000] {processor.py:186} INFO - Started process (PID=2254) to work on /home/airflow/.local/lib/python3.12/site-packages/airflow/example_dags/example_latest_only_with_trigger.py
[2025-12-21T20:42:55.398+0000] {processor.py:914} INFO - Processing file /home/airflow/.local/lib/python3.12/site-packages/airflow/example_dags/example_latest_only_with_trigger.py for tasks to queue
[2025-12-21T20:42:55.401+0000] {logging_mixin.py:190} INFO - [2025-12-21T20:42:55.401+0000] {dagbag.py:588} INFO - Filling up the DagBag from /home/airflow/.local/lib/python3.12/site-packages/airflow/example_dags/example_latest_only_with_trigger.py
[2025-12-21T20:42:55.422+0000] {processor.py:925} INFO - DAG(s) 'latest_only_with_trigger' retrieved from /home/airflow/.local/lib/python3.12/site-packages/airflow/example_dags/example_latest_only_with_trigger.py
[2025-12-21T20:42:55.455+0000] {logging_mixin.py:190} INFO - [2025-12-21T20:42:55.453+0000] {dag.py:3239} INFO - Sync 1 DAGs
[2025-12-21T20:42:55.504+0000] {logging_mixin.py:190} INFO - [2025-12-21T20:42:55.504+0000] {dag.py:4180} INFO - Setting next_dagrun for latest_only_with_trigger to 2025-12-21 16:00:00+00:00, run_after=2025-12-21 20:00:00+00:00
[2025-12-21T20:42:55.549+0000] {processor.py:208} INFO - Processing /home/airflow/.local/lib/python3.12/site-packages/airflow/example_dags/example_latest_only_with_trigger.py took 0.163 seconds
[2025-12-21T20:43:26.644+0000] {processor.py:186} INFO - Started process (PID=2320) to work on /home/airflow/.local/lib/python3.12/site-packages/airflow/example_dags/example_latest_only_with_trigger.py
[2025-12-21T20:43:26.646+0000] {processor.py:914} INFO - Processing file /home/airflow/.local/lib/python3.12/site-packages/airflow/example_dags/example_latest_only_with_trigger.py for tasks to queue
[2025-12-21T20:43:26.648+0000] {logging_mixin.py:190} INFO - [2025-12-21T20:43:26.648+0000] {dagbag.py:588} INFO - Filling up the DagBag from /home/airflow/.local/lib/python3.12/site-packages/airflow/example_dags/example_latest_only_with_trigger.py
[2025-12-21T20:43:26.660+0000] {processor.py:925} INFO - DAG(s) 'latest_only_with_trigger' retrieved from /home/airflow/.local/lib/python3.12/site-packages/airflow/example_dags/example_latest_only_with_trigger.py
[2025-12-21T20:43:26.680+0000] {logging_mixin.py:190} INFO - [2025-12-21T20:43:26.680+0000] {dag.py:3239} INFO - Sync 1 DAGs
[2025-12-21T20:43:26.714+0000] {logging_mixin.py:190} INFO - [2025-12-21T20:43:26.714+0000] {dag.py:4180} INFO - Setting next_dagrun for latest_only_with_trigger to 2025-12-21 16:00:00+00:00, run_after=2025-12-21 20:00:00+00:00
[2025-12-21T20:43:26.740+0000] {processor.py:208} INFO - Processing /home/airflow/.local/lib/python3.12/site-packages/airflow/example_dags/example_latest_only_with_trigger.py took 0.108 seconds
[2025-12-21T20:43:56.893+0000] {processor.py:186} INFO - Started process (PID=2386) to work on /home/airflow/.local/lib/python3.12/site-packages/airflow/example_dags/example_latest_only_with_trigger.py
[2025-12-21T20:43:56.895+0000] {processor.py:914} INFO - Processing file /home/airflow/.local/lib/python3.12/site-packages/airflow/example_dags/example_latest_only_with_trigger.py for tasks to queue
[2025-12-21T20:43:56.898+0000] {logging_mixin.py:190} INFO - [2025-12-21T20:43:56.897+0000] {dagbag.py:588} INFO - Filling up the DagBag from /home/airflow/.local/lib/python3.12/site-packages/airflow/example_dags/example_latest_only_with_trigger.py
[2025-12-21T20:43:56.917+0000] {processor.py:925} INFO - DAG(s) 'latest_only_with_trigger' retrieved from /home/airflow/.local/lib/python3.12/site-packages/airflow/example_dags/example_latest_only_with_trigger.py
[2025-12-21T20:43:56.949+0000] {logging_mixin.py:190} INFO - [2025-12-21T20:43:56.949+0000] {dag.py:3239} INFO - Sync 1 DAGs
[2025-12-21T20:43:56.980+0000] {logging_mixin.py:190} INFO - [2025-12-21T20:43:56.979+0000] {dag.py:4180} INFO - Setting next_dagrun for latest_only_with_trigger to 2025-12-21 16:00:00+00:00, run_after=2025-12-21 20:00:00+00:00
[2025-12-21T20:43:57.020+0000] {processor.py:208} INFO - Processing /home/airflow/.local/lib/python3.12/site-packages/airflow/example_dags/example_latest_only_with_trigger.py took 0.138 seconds
[2025-12-21T20:44:27.745+0000] {processor.py:186} INFO - Started process (PID=2452) to work on /home/airflow/.local/lib/python3.12/site-packages/airflow/example_dags/example_latest_only_with_trigger.py
[2025-12-21T20:44:27.748+0000] {processor.py:914} INFO - Processing file /home/airflow/.local/lib/python3.12/site-packages/airflow/example_dags/example_latest_only_with_trigger.py for tasks to queue
[2025-12-21T20:44:27.751+0000] {logging_mixin.py:190} INFO - [2025-12-21T20:44:27.750+0000] {dagbag.py:588} INFO - Filling up the DagBag from /home/airflow/.local/lib/python3.12/site-packages/airflow/example_dags/example_latest_only_with_trigger.py
[2025-12-21T20:44:27.771+0000] {processor.py:925} INFO - DAG(s) 'latest_only_with_trigger' retrieved from /home/airflow/.local/lib/python3.12/site-packages/airflow/example_dags/example_latest_only_with_trigger.py
[2025-12-21T20:44:27.812+0000] {logging_mixin.py:190} INFO - [2025-12-21T20:44:27.811+0000] {dag.py:3239} INFO - Sync 1 DAGs
[2025-12-21T20:44:27.838+0000] {logging_mixin.py:190} INFO - [2025-12-21T20:44:27.838+0000] {dag.py:4180} INFO - Setting next_dagrun for latest_only_with_trigger to 2025-12-21 16:00:00+00:00, run_after=2025-12-21 20:00:00+00:00
[2025-12-21T20:44:27.870+0000] {processor.py:208} INFO - Processing /home/airflow/.local/lib/python3.12/site-packages/airflow/example_dags/example_latest_only_with_trigger.py took 0.136 seconds
[2025-12-21T20:44:58.106+0000] {processor.py:186} INFO - Started process (PID=2518) to work on /home/airflow/.local/lib/python3.12/site-packages/airflow/example_dags/example_latest_only_with_trigger.py
[2025-12-21T20:44:58.108+0000] {processor.py:914} INFO - Processing file /home/airflow/.local/lib/python3.12/site-packages/airflow/example_dags/example_latest_only_with_trigger.py for tasks to queue
[2025-12-21T20:44:58.111+0000] {logging_mixin.py:190} INFO - [2025-12-21T20:44:58.110+0000] {dagbag.py:588} INFO - Filling up the DagBag from /home/airflow/.local/lib/python3.12/site-packages/airflow/example_dags/example_latest_only_with_trigger.py
[2025-12-21T20:44:58.126+0000] {processor.py:925} INFO - DAG(s) 'latest_only_with_trigger' retrieved from /home/airflow/.local/lib/python3.12/site-packages/airflow/example_dags/example_latest_only_with_trigger.py
[2025-12-21T20:44:58.166+0000] {logging_mixin.py:190} INFO - [2025-12-21T20:44:58.166+0000] {dag.py:3239} INFO - Sync 1 DAGs
[2025-12-21T20:44:58.201+0000] {logging_mixin.py:190} INFO - [2025-12-21T20:44:58.201+0000] {dag.py:4180} INFO - Setting next_dagrun for latest_only_with_trigger to 2025-12-21 16:00:00+00:00, run_after=2025-12-21 20:00:00+00:00
[2025-12-21T20:44:58.229+0000] {processor.py:208} INFO - Processing /home/airflow/.local/lib/python3.12/site-packages/airflow/example_dags/example_latest_only_with_trigger.py took 0.132 seconds
[2025-12-21T20:45:28.901+0000] {processor.py:186} INFO - Started process (PID=2584) to work on /home/airflow/.local/lib/python3.12/site-packages/airflow/example_dags/example_latest_only_with_trigger.py
[2025-12-21T20:45:28.903+0000] {processor.py:914} INFO - Processing file /home/airflow/.local/lib/python3.12/site-packages/airflow/example_dags/example_latest_only_with_trigger.py for tasks to queue
[2025-12-21T20:45:28.905+0000] {logging_mixin.py:190} INFO - [2025-12-21T20:45:28.904+0000] {dagbag.py:588} INFO - Filling up the DagBag from /home/airflow/.local/lib/python3.12/site-packages/airflow/example_dags/example_latest_only_with_trigger.py
[2025-12-21T20:45:28.926+0000] {processor.py:925} INFO - DAG(s) 'latest_only_with_trigger' retrieved from /home/airflow/.local/lib/python3.12/site-packages/airflow/example_dags/example_latest_only_with_trigger.py
[2025-12-21T20:45:28.956+0000] {logging_mixin.py:190} INFO - [2025-12-21T20:45:28.956+0000] {dag.py:3239} INFO - Sync 1 DAGs
[2025-12-21T20:45:28.998+0000] {logging_mixin.py:190} INFO - [2025-12-21T20:45:28.998+0000] {dag.py:4180} INFO - Setting next_dagrun for latest_only_with_trigger to 2025-12-21 16:00:00+00:00, run_after=2025-12-21 20:00:00+00:00
[2025-12-21T20:45:29.026+0000] {processor.py:208} INFO - Processing /home/airflow/.local/lib/python3.12/site-packages/airflow/example_dags/example_latest_only_with_trigger.py took 0.135 seconds
[2025-12-21T20:45:59.086+0000] {processor.py:186} INFO - Started process (PID=2650) to work on /home/airflow/.local/lib/python3.12/site-packages/airflow/example_dags/example_latest_only_with_trigger.py
[2025-12-21T20:45:59.088+0000] {processor.py:914} INFO - Processing file /home/airflow/.local/lib/python3.12/site-packages/airflow/example_dags/example_latest_only_with_trigger.py for tasks to queue
[2025-12-21T20:45:59.091+0000] {logging_mixin.py:190} INFO - [2025-12-21T20:45:59.090+0000] {dagbag.py:588} INFO - Filling up the DagBag from /home/airflow/.local/lib/python3.12/site-packages/airflow/example_dags/example_latest_only_with_trigger.py
[2025-12-21T20:45:59.110+0000] {processor.py:925} INFO - DAG(s) 'latest_only_with_trigger' retrieved from /home/airflow/.local/lib/python3.12/site-packages/airflow/example_dags/example_latest_only_with_trigger.py
[2025-12-21T20:45:59.147+0000] {logging_mixin.py:190} INFO - [2025-12-21T20:45:59.147+0000] {dag.py:3239} INFO - Sync 1 DAGs
[2025-12-21T20:45:59.170+0000] {logging_mixin.py:190} INFO - [2025-12-21T20:45:59.170+0000] {dag.py:4180} INFO - Setting next_dagrun for latest_only_with_trigger to 2025-12-21 16:00:00+00:00, run_after=2025-12-21 20:00:00+00:00
[2025-12-21T20:45:59.196+0000] {processor.py:208} INFO - Processing /home/airflow/.local/lib/python3.12/site-packages/airflow/example_dags/example_latest_only_with_trigger.py took 0.123 seconds
[2025-12-21T20:46:29.498+0000] {processor.py:186} INFO - Started process (PID=2716) to work on /home/airflow/.local/lib/python3.12/site-packages/airflow/example_dags/example_latest_only_with_trigger.py
[2025-12-21T20:46:29.499+0000] {processor.py:914} INFO - Processing file /home/airflow/.local/lib/python3.12/site-packages/airflow/example_dags/example_latest_only_with_trigger.py for tasks to queue
[2025-12-21T20:46:29.501+0000] {logging_mixin.py:190} INFO - [2025-12-21T20:46:29.501+0000] {dagbag.py:588} INFO - Filling up the DagBag from /home/airflow/.local/lib/python3.12/site-packages/airflow/example_dags/example_latest_only_with_trigger.py
[2025-12-21T20:46:29.509+0000] {processor.py:925} INFO - DAG(s) 'latest_only_with_trigger' retrieved from /home/airflow/.local/lib/python3.12/site-packages/airflow/example_dags/example_latest_only_with_trigger.py
[2025-12-21T20:46:29.532+0000] {logging_mixin.py:190} INFO - [2025-12-21T20:46:29.532+0000] {dag.py:3239} INFO - Sync 1 DAGs
[2025-12-21T20:46:29.557+0000] {logging_mixin.py:190} INFO - [2025-12-21T20:46:29.556+0000] {dag.py:4180} INFO - Setting next_dagrun for latest_only_with_trigger to 2025-12-21 16:00:00+00:00, run_after=2025-12-21 20:00:00+00:00
[2025-12-21T20:46:29.590+0000] {processor.py:208} INFO - Processing /home/airflow/.local/lib/python3.12/site-packages/airflow/example_dags/example_latest_only_with_trigger.py took 0.097 seconds
[2025-12-21T20:46:59.791+0000] {processor.py:186} INFO - Started process (PID=2782) to work on /home/airflow/.local/lib/python3.12/site-packages/airflow/example_dags/example_latest_only_with_trigger.py
[2025-12-21T20:46:59.794+0000] {processor.py:914} INFO - Processing file /home/airflow/.local/lib/python3.12/site-packages/airflow/example_dags/example_latest_only_with_trigger.py for tasks to queue
[2025-12-21T20:46:59.799+0000] {logging_mixin.py:190} INFO - [2025-12-21T20:46:59.798+0000] {dagbag.py:588} INFO - Filling up the DagBag from /home/airflow/.local/lib/python3.12/site-packages/airflow/example_dags/example_latest_only_with_trigger.py
[2025-12-21T20:46:59.808+0000] {processor.py:925} INFO - DAG(s) 'latest_only_with_trigger' retrieved from /home/airflow/.local/lib/python3.12/site-packages/airflow/example_dags/example_latest_only_with_trigger.py
[2025-12-21T20:46:59.837+0000] {logging_mixin.py:190} INFO - [2025-12-21T20:46:59.837+0000] {dag.py:3239} INFO - Sync 1 DAGs
[2025-12-21T20:46:59.869+0000] {logging_mixin.py:190} INFO - [2025-12-21T20:46:59.869+0000] {dag.py:4180} INFO - Setting next_dagrun for latest_only_with_trigger to 2025-12-21 16:00:00+00:00, run_after=2025-12-21 20:00:00+00:00
[2025-12-21T20:46:59.901+0000] {processor.py:208} INFO - Processing /home/airflow/.local/lib/python3.12/site-packages/airflow/example_dags/example_latest_only_with_trigger.py took 0.122 seconds
[2025-12-21T20:47:30.072+0000] {processor.py:186} INFO - Started process (PID=2847) to work on /home/airflow/.local/lib/python3.12/site-packages/airflow/example_dags/example_latest_only_with_trigger.py
[2025-12-21T20:47:30.074+0000] {processor.py:914} INFO - Processing file /home/airflow/.local/lib/python3.12/site-packages/airflow/example_dags/example_latest_only_with_trigger.py for tasks to queue
[2025-12-21T20:47:30.078+0000] {logging_mixin.py:190} INFO - [2025-12-21T20:47:30.077+0000] {dagbag.py:588} INFO - Filling up the DagBag from /home/airflow/.local/lib/python3.12/site-packages/airflow/example_dags/example_latest_only_with_trigger.py
[2025-12-21T20:47:30.088+0000] {processor.py:925} INFO - DAG(s) 'latest_only_with_trigger' retrieved from /home/airflow/.local/lib/python3.12/site-packages/airflow/example_dags/example_latest_only_with_trigger.py
[2025-12-21T20:47:30.133+0000] {logging_mixin.py:190} INFO - [2025-12-21T20:47:30.132+0000] {dag.py:3239} INFO - Sync 1 DAGs
[2025-12-21T20:47:30.159+0000] {logging_mixin.py:190} INFO - [2025-12-21T20:47:30.159+0000] {dag.py:4180} INFO - Setting next_dagrun for latest_only_with_trigger to 2025-12-21 16:00:00+00:00, run_after=2025-12-21 20:00:00+00:00
[2025-12-21T20:47:30.189+0000] {processor.py:208} INFO - Processing /home/airflow/.local/lib/python3.12/site-packages/airflow/example_dags/example_latest_only_with_trigger.py took 0.130 seconds
