[2025-12-21T20:23:39.725+0000] {processor.py:186} INFO - Started process (PID=114) to work on /home/airflow/.local/lib/python3.12/site-packages/airflow/example_dags/example_outlet_event_extra.py
[2025-12-21T20:23:39.727+0000] {processor.py:914} INFO - Processing file /home/airflow/.local/lib/python3.12/site-packages/airflow/example_dags/example_outlet_event_extra.py for tasks to queue
[2025-12-21T20:23:39.732+0000] {logging_mixin.py:190} INFO - [2025-12-21T20:23:39.732+0000] {dagbag.py:588} INFO - Filling up the DagBag from /home/airflow/.local/lib/python3.12/site-packages/airflow/example_dags/example_outlet_event_extra.py
[2025-12-21T20:23:40.327+0000] {processor.py:925} INFO - DAG(s) 'dataset_with_extra_from_classic_operator', 'dataset_with_extra_by_yield', 'dataset_with_extra_by_context' retrieved from /home/airflow/.local/lib/python3.12/site-packages/airflow/example_dags/example_outlet_event_extra.py
[2025-12-21T20:23:40.463+0000] {logging_mixin.py:190} INFO - [2025-12-21T20:23:40.463+0000] {override.py:1912} INFO - Created Permission View: can delete on DAG:dataset_with_extra_from_classic_operator
[2025-12-21T20:23:40.486+0000] {logging_mixin.py:190} INFO - [2025-12-21T20:23:40.485+0000] {override.py:1912} INFO - Created Permission View: can edit on DAG:dataset_with_extra_from_classic_operator
[2025-12-21T20:23:40.499+0000] {logging_mixin.py:190} INFO - [2025-12-21T20:23:40.498+0000] {override.py:1912} INFO - Created Permission View: can read on DAG:dataset_with_extra_from_classic_operator
[2025-12-21T20:23:40.521+0000] {logging_mixin.py:190} INFO - [2025-12-21T20:23:40.520+0000] {override.py:1912} INFO - Created Permission View: can delete on DAG Run:dataset_with_extra_from_classic_operator
[2025-12-21T20:23:40.533+0000] {logging_mixin.py:190} INFO - [2025-12-21T20:23:40.532+0000] {override.py:1912} INFO - Created Permission View: can create on DAG Run:dataset_with_extra_from_classic_operator
[2025-12-21T20:23:40.545+0000] {logging_mixin.py:190} INFO - [2025-12-21T20:23:40.544+0000] {override.py:1912} INFO - Created Permission View: menu access on DAG Run:dataset_with_extra_from_classic_operator
[2025-12-21T20:23:40.559+0000] {logging_mixin.py:190} INFO - [2025-12-21T20:23:40.559+0000] {override.py:1912} INFO - Created Permission View: can read on DAG Run:dataset_with_extra_from_classic_operator
[2025-12-21T20:23:40.586+0000] {logging_mixin.py:190} INFO - [2025-12-21T20:23:40.585+0000] {override.py:1912} INFO - Created Permission View: can delete on DAG:dataset_with_extra_by_yield
[2025-12-21T20:23:40.602+0000] {logging_mixin.py:190} INFO - [2025-12-21T20:23:40.601+0000] {override.py:1912} INFO - Created Permission View: can edit on DAG:dataset_with_extra_by_yield
[2025-12-21T20:23:40.617+0000] {logging_mixin.py:190} INFO - [2025-12-21T20:23:40.616+0000] {override.py:1912} INFO - Created Permission View: can read on DAG:dataset_with_extra_by_yield
[2025-12-21T20:23:40.638+0000] {logging_mixin.py:190} INFO - [2025-12-21T20:23:40.638+0000] {override.py:1912} INFO - Created Permission View: can delete on DAG Run:dataset_with_extra_by_yield
[2025-12-21T20:23:40.656+0000] {logging_mixin.py:190} INFO - [2025-12-21T20:23:40.656+0000] {override.py:1912} INFO - Created Permission View: can create on DAG Run:dataset_with_extra_by_yield
[2025-12-21T20:23:40.674+0000] {logging_mixin.py:190} INFO - [2025-12-21T20:23:40.673+0000] {override.py:1912} INFO - Created Permission View: menu access on DAG Run:dataset_with_extra_by_yield
[2025-12-21T20:23:40.690+0000] {logging_mixin.py:190} INFO - [2025-12-21T20:23:40.689+0000] {override.py:1912} INFO - Created Permission View: can read on DAG Run:dataset_with_extra_by_yield
[2025-12-21T20:23:40.720+0000] {logging_mixin.py:190} INFO - [2025-12-21T20:23:40.720+0000] {override.py:1912} INFO - Created Permission View: can delete on DAG:dataset_with_extra_by_context
[2025-12-21T20:23:40.739+0000] {logging_mixin.py:190} INFO - [2025-12-21T20:23:40.739+0000] {override.py:1912} INFO - Created Permission View: can edit on DAG:dataset_with_extra_by_context
[2025-12-21T20:23:40.760+0000] {logging_mixin.py:190} INFO - [2025-12-21T20:23:40.760+0000] {override.py:1912} INFO - Created Permission View: can read on DAG:dataset_with_extra_by_context
[2025-12-21T20:23:40.784+0000] {logging_mixin.py:190} INFO - [2025-12-21T20:23:40.784+0000] {override.py:1912} INFO - Created Permission View: can delete on DAG Run:dataset_with_extra_by_context
[2025-12-21T20:23:40.798+0000] {logging_mixin.py:190} INFO - [2025-12-21T20:23:40.798+0000] {override.py:1912} INFO - Created Permission View: can create on DAG Run:dataset_with_extra_by_context
[2025-12-21T20:23:40.816+0000] {logging_mixin.py:190} INFO - [2025-12-21T20:23:40.815+0000] {override.py:1912} INFO - Created Permission View: menu access on DAG Run:dataset_with_extra_by_context
[2025-12-21T20:23:40.829+0000] {logging_mixin.py:190} INFO - [2025-12-21T20:23:40.829+0000] {override.py:1912} INFO - Created Permission View: can read on DAG Run:dataset_with_extra_by_context
[2025-12-21T20:23:40.830+0000] {logging_mixin.py:190} INFO - [2025-12-21T20:23:40.830+0000] {dag.py:3239} INFO - Sync 3 DAGs
[2025-12-21T20:23:40.847+0000] {logging_mixin.py:190} INFO - [2025-12-21T20:23:40.846+0000] {dag.py:3262} INFO - Creating ORM DAG for dataset_with_extra_by_yield
[2025-12-21T20:23:40.849+0000] {logging_mixin.py:190} INFO - [2025-12-21T20:23:40.849+0000] {dag.py:3262} INFO - Creating ORM DAG for dataset_with_extra_by_context
[2025-12-21T20:23:40.852+0000] {logging_mixin.py:190} INFO - [2025-12-21T20:23:40.852+0000] {dag.py:3262} INFO - Creating ORM DAG for dataset_with_extra_from_classic_operator
[2025-12-21T20:23:40.867+0000] {logging_mixin.py:190} INFO - [2025-12-21T20:23:40.867+0000] {dag.py:4180} INFO - Setting next_dagrun for dataset_with_extra_by_context to 2025-12-20 00:00:00+00:00, run_after=2025-12-21 00:00:00+00:00
[2025-12-21T20:23:40.870+0000] {logging_mixin.py:190} INFO - [2025-12-21T20:23:40.869+0000] {dag.py:4180} INFO - Setting next_dagrun for dataset_with_extra_by_yield to 2025-12-20 00:00:00+00:00, run_after=2025-12-21 00:00:00+00:00
[2025-12-21T20:23:40.872+0000] {logging_mixin.py:190} INFO - [2025-12-21T20:23:40.872+0000] {dag.py:4180} INFO - Setting next_dagrun for dataset_with_extra_from_classic_operator to 2025-12-20 00:00:00+00:00, run_after=2025-12-21 00:00:00+00:00
[2025-12-21T20:23:40.906+0000] {processor.py:208} INFO - Processing /home/airflow/.local/lib/python3.12/site-packages/airflow/example_dags/example_outlet_event_extra.py took 1.192 seconds
[2025-12-21T20:24:11.247+0000] {processor.py:186} INFO - Started process (PID=180) to work on /home/airflow/.local/lib/python3.12/site-packages/airflow/example_dags/example_outlet_event_extra.py
[2025-12-21T20:24:11.249+0000] {processor.py:914} INFO - Processing file /home/airflow/.local/lib/python3.12/site-packages/airflow/example_dags/example_outlet_event_extra.py for tasks to queue
[2025-12-21T20:24:11.254+0000] {logging_mixin.py:190} INFO - [2025-12-21T20:24:11.254+0000] {dagbag.py:588} INFO - Filling up the DagBag from /home/airflow/.local/lib/python3.12/site-packages/airflow/example_dags/example_outlet_event_extra.py
[2025-12-21T20:24:11.782+0000] {processor.py:925} INFO - DAG(s) 'dataset_with_extra_from_classic_operator', 'dataset_with_extra_by_context', 'dataset_with_extra_by_yield' retrieved from /home/airflow/.local/lib/python3.12/site-packages/airflow/example_dags/example_outlet_event_extra.py
[2025-12-21T20:24:11.827+0000] {logging_mixin.py:190} INFO - [2025-12-21T20:24:11.827+0000] {dag.py:3239} INFO - Sync 3 DAGs
[2025-12-21T20:24:11.863+0000] {logging_mixin.py:190} INFO - [2025-12-21T20:24:11.862+0000] {dag.py:4180} INFO - Setting next_dagrun for dataset_with_extra_by_context to 2025-12-20 00:00:00+00:00, run_after=2025-12-21 00:00:00+00:00
[2025-12-21T20:24:11.869+0000] {logging_mixin.py:190} INFO - [2025-12-21T20:24:11.869+0000] {dag.py:4180} INFO - Setting next_dagrun for dataset_with_extra_by_yield to 2025-12-20 00:00:00+00:00, run_after=2025-12-21 00:00:00+00:00
[2025-12-21T20:24:11.873+0000] {logging_mixin.py:190} INFO - [2025-12-21T20:24:11.873+0000] {dag.py:4180} INFO - Setting next_dagrun for dataset_with_extra_from_classic_operator to 2025-12-20 00:00:00+00:00, run_after=2025-12-21 00:00:00+00:00
[2025-12-21T20:24:11.929+0000] {processor.py:208} INFO - Processing /home/airflow/.local/lib/python3.12/site-packages/airflow/example_dags/example_outlet_event_extra.py took 0.690 seconds
[2025-12-21T20:24:42.830+0000] {processor.py:186} INFO - Started process (PID=246) to work on /home/airflow/.local/lib/python3.12/site-packages/airflow/example_dags/example_outlet_event_extra.py
[2025-12-21T20:24:42.832+0000] {processor.py:914} INFO - Processing file /home/airflow/.local/lib/python3.12/site-packages/airflow/example_dags/example_outlet_event_extra.py for tasks to queue
[2025-12-21T20:24:42.839+0000] {logging_mixin.py:190} INFO - [2025-12-21T20:24:42.838+0000] {dagbag.py:588} INFO - Filling up the DagBag from /home/airflow/.local/lib/python3.12/site-packages/airflow/example_dags/example_outlet_event_extra.py
[2025-12-21T20:24:43.623+0000] {processor.py:925} INFO - DAG(s) 'dataset_with_extra_by_context', 'dataset_with_extra_by_yield', 'dataset_with_extra_from_classic_operator' retrieved from /home/airflow/.local/lib/python3.12/site-packages/airflow/example_dags/example_outlet_event_extra.py
[2025-12-21T20:24:43.657+0000] {logging_mixin.py:190} INFO - [2025-12-21T20:24:43.657+0000] {dag.py:3239} INFO - Sync 3 DAGs
[2025-12-21T20:24:43.687+0000] {logging_mixin.py:190} INFO - [2025-12-21T20:24:43.687+0000] {dag.py:4180} INFO - Setting next_dagrun for dataset_with_extra_by_context to 2025-12-20 00:00:00+00:00, run_after=2025-12-21 00:00:00+00:00
[2025-12-21T20:24:43.694+0000] {logging_mixin.py:190} INFO - [2025-12-21T20:24:43.694+0000] {dag.py:4180} INFO - Setting next_dagrun for dataset_with_extra_by_yield to 2025-12-20 00:00:00+00:00, run_after=2025-12-21 00:00:00+00:00
[2025-12-21T20:24:43.698+0000] {logging_mixin.py:190} INFO - [2025-12-21T20:24:43.698+0000] {dag.py:4180} INFO - Setting next_dagrun for dataset_with_extra_from_classic_operator to 2025-12-20 00:00:00+00:00, run_after=2025-12-21 00:00:00+00:00
[2025-12-21T20:24:43.731+0000] {processor.py:208} INFO - Processing /home/airflow/.local/lib/python3.12/site-packages/airflow/example_dags/example_outlet_event_extra.py took 0.914 seconds
[2025-12-21T20:25:14.501+0000] {processor.py:186} INFO - Started process (PID=312) to work on /home/airflow/.local/lib/python3.12/site-packages/airflow/example_dags/example_outlet_event_extra.py
[2025-12-21T20:25:14.503+0000] {processor.py:914} INFO - Processing file /home/airflow/.local/lib/python3.12/site-packages/airflow/example_dags/example_outlet_event_extra.py for tasks to queue
[2025-12-21T20:25:14.509+0000] {logging_mixin.py:190} INFO - [2025-12-21T20:25:14.509+0000] {dagbag.py:588} INFO - Filling up the DagBag from /home/airflow/.local/lib/python3.12/site-packages/airflow/example_dags/example_outlet_event_extra.py
[2025-12-21T20:25:15.080+0000] {processor.py:925} INFO - DAG(s) 'dataset_with_extra_by_context', 'dataset_with_extra_from_classic_operator', 'dataset_with_extra_by_yield' retrieved from /home/airflow/.local/lib/python3.12/site-packages/airflow/example_dags/example_outlet_event_extra.py
[2025-12-21T20:25:15.122+0000] {logging_mixin.py:190} INFO - [2025-12-21T20:25:15.121+0000] {dag.py:3239} INFO - Sync 3 DAGs
[2025-12-21T20:25:15.156+0000] {logging_mixin.py:190} INFO - [2025-12-21T20:25:15.155+0000] {dag.py:4180} INFO - Setting next_dagrun for dataset_with_extra_by_context to 2025-12-20 00:00:00+00:00, run_after=2025-12-21 00:00:00+00:00
[2025-12-21T20:25:15.165+0000] {logging_mixin.py:190} INFO - [2025-12-21T20:25:15.165+0000] {dag.py:4180} INFO - Setting next_dagrun for dataset_with_extra_by_yield to 2025-12-20 00:00:00+00:00, run_after=2025-12-21 00:00:00+00:00
[2025-12-21T20:25:15.171+0000] {logging_mixin.py:190} INFO - [2025-12-21T20:25:15.171+0000] {dag.py:4180} INFO - Setting next_dagrun for dataset_with_extra_from_classic_operator to 2025-12-20 00:00:00+00:00, run_after=2025-12-21 00:00:00+00:00
[2025-12-21T20:25:15.199+0000] {processor.py:208} INFO - Processing /home/airflow/.local/lib/python3.12/site-packages/airflow/example_dags/example_outlet_event_extra.py took 0.705 seconds
[2025-12-21T20:25:46.026+0000] {processor.py:186} INFO - Started process (PID=378) to work on /home/airflow/.local/lib/python3.12/site-packages/airflow/example_dags/example_outlet_event_extra.py
[2025-12-21T20:25:46.027+0000] {processor.py:914} INFO - Processing file /home/airflow/.local/lib/python3.12/site-packages/airflow/example_dags/example_outlet_event_extra.py for tasks to queue
[2025-12-21T20:25:46.031+0000] {logging_mixin.py:190} INFO - [2025-12-21T20:25:46.030+0000] {dagbag.py:588} INFO - Filling up the DagBag from /home/airflow/.local/lib/python3.12/site-packages/airflow/example_dags/example_outlet_event_extra.py
[2025-12-21T20:25:46.553+0000] {processor.py:925} INFO - DAG(s) 'dataset_with_extra_by_yield', 'dataset_with_extra_by_context', 'dataset_with_extra_from_classic_operator' retrieved from /home/airflow/.local/lib/python3.12/site-packages/airflow/example_dags/example_outlet_event_extra.py
[2025-12-21T20:25:46.592+0000] {logging_mixin.py:190} INFO - [2025-12-21T20:25:46.592+0000] {dag.py:3239} INFO - Sync 3 DAGs
[2025-12-21T20:25:46.621+0000] {logging_mixin.py:190} INFO - [2025-12-21T20:25:46.620+0000] {dag.py:4180} INFO - Setting next_dagrun for dataset_with_extra_by_context to 2025-12-20 00:00:00+00:00, run_after=2025-12-21 00:00:00+00:00
[2025-12-21T20:25:46.627+0000] {logging_mixin.py:190} INFO - [2025-12-21T20:25:46.627+0000] {dag.py:4180} INFO - Setting next_dagrun for dataset_with_extra_by_yield to 2025-12-20 00:00:00+00:00, run_after=2025-12-21 00:00:00+00:00
[2025-12-21T20:25:46.632+0000] {logging_mixin.py:190} INFO - [2025-12-21T20:25:46.631+0000] {dag.py:4180} INFO - Setting next_dagrun for dataset_with_extra_from_classic_operator to 2025-12-20 00:00:00+00:00, run_after=2025-12-21 00:00:00+00:00
[2025-12-21T20:25:46.662+0000] {processor.py:208} INFO - Processing /home/airflow/.local/lib/python3.12/site-packages/airflow/example_dags/example_outlet_event_extra.py took 0.647 seconds
[2025-12-21T20:26:16.832+0000] {processor.py:186} INFO - Started process (PID=444) to work on /home/airflow/.local/lib/python3.12/site-packages/airflow/example_dags/example_outlet_event_extra.py
[2025-12-21T20:26:16.833+0000] {processor.py:914} INFO - Processing file /home/airflow/.local/lib/python3.12/site-packages/airflow/example_dags/example_outlet_event_extra.py for tasks to queue
[2025-12-21T20:26:16.840+0000] {logging_mixin.py:190} INFO - [2025-12-21T20:26:16.839+0000] {dagbag.py:588} INFO - Filling up the DagBag from /home/airflow/.local/lib/python3.12/site-packages/airflow/example_dags/example_outlet_event_extra.py
[2025-12-21T20:26:17.444+0000] {processor.py:925} INFO - DAG(s) 'dataset_with_extra_from_classic_operator', 'dataset_with_extra_by_yield', 'dataset_with_extra_by_context' retrieved from /home/airflow/.local/lib/python3.12/site-packages/airflow/example_dags/example_outlet_event_extra.py
[2025-12-21T20:26:17.487+0000] {logging_mixin.py:190} INFO - [2025-12-21T20:26:17.486+0000] {dag.py:3239} INFO - Sync 3 DAGs
[2025-12-21T20:26:17.531+0000] {logging_mixin.py:190} INFO - [2025-12-21T20:26:17.531+0000] {dag.py:4180} INFO - Setting next_dagrun for dataset_with_extra_by_context to 2025-12-20 00:00:00+00:00, run_after=2025-12-21 00:00:00+00:00
[2025-12-21T20:26:17.539+0000] {logging_mixin.py:190} INFO - [2025-12-21T20:26:17.538+0000] {dag.py:4180} INFO - Setting next_dagrun for dataset_with_extra_by_yield to 2025-12-20 00:00:00+00:00, run_after=2025-12-21 00:00:00+00:00
[2025-12-21T20:26:17.542+0000] {logging_mixin.py:190} INFO - [2025-12-21T20:26:17.541+0000] {dag.py:4180} INFO - Setting next_dagrun for dataset_with_extra_from_classic_operator to 2025-12-20 00:00:00+00:00, run_after=2025-12-21 00:00:00+00:00
[2025-12-21T20:26:17.568+0000] {processor.py:208} INFO - Processing /home/airflow/.local/lib/python3.12/site-packages/airflow/example_dags/example_outlet_event_extra.py took 0.741 seconds
[2025-12-21T20:26:47.920+0000] {processor.py:186} INFO - Started process (PID=510) to work on /home/airflow/.local/lib/python3.12/site-packages/airflow/example_dags/example_outlet_event_extra.py
[2025-12-21T20:26:47.922+0000] {processor.py:914} INFO - Processing file /home/airflow/.local/lib/python3.12/site-packages/airflow/example_dags/example_outlet_event_extra.py for tasks to queue
[2025-12-21T20:26:47.927+0000] {logging_mixin.py:190} INFO - [2025-12-21T20:26:47.926+0000] {dagbag.py:588} INFO - Filling up the DagBag from /home/airflow/.local/lib/python3.12/site-packages/airflow/example_dags/example_outlet_event_extra.py
[2025-12-21T20:26:48.455+0000] {processor.py:925} INFO - DAG(s) 'dataset_with_extra_by_yield', 'dataset_with_extra_by_context', 'dataset_with_extra_from_classic_operator' retrieved from /home/airflow/.local/lib/python3.12/site-packages/airflow/example_dags/example_outlet_event_extra.py
[2025-12-21T20:26:48.486+0000] {logging_mixin.py:190} INFO - [2025-12-21T20:26:48.485+0000] {dag.py:3239} INFO - Sync 3 DAGs
[2025-12-21T20:26:48.527+0000] {logging_mixin.py:190} INFO - [2025-12-21T20:26:48.526+0000] {dag.py:4180} INFO - Setting next_dagrun for dataset_with_extra_by_context to 2025-12-20 00:00:00+00:00, run_after=2025-12-21 00:00:00+00:00
[2025-12-21T20:26:48.537+0000] {logging_mixin.py:190} INFO - [2025-12-21T20:26:48.537+0000] {dag.py:4180} INFO - Setting next_dagrun for dataset_with_extra_by_yield to 2025-12-20 00:00:00+00:00, run_after=2025-12-21 00:00:00+00:00
[2025-12-21T20:26:48.543+0000] {logging_mixin.py:190} INFO - [2025-12-21T20:26:48.543+0000] {dag.py:4180} INFO - Setting next_dagrun for dataset_with_extra_from_classic_operator to 2025-12-20 00:00:00+00:00, run_after=2025-12-21 00:00:00+00:00
[2025-12-21T20:26:48.579+0000] {processor.py:208} INFO - Processing /home/airflow/.local/lib/python3.12/site-packages/airflow/example_dags/example_outlet_event_extra.py took 0.667 seconds
[2025-12-21T20:27:19.006+0000] {processor.py:186} INFO - Started process (PID=576) to work on /home/airflow/.local/lib/python3.12/site-packages/airflow/example_dags/example_outlet_event_extra.py
[2025-12-21T20:27:19.008+0000] {processor.py:914} INFO - Processing file /home/airflow/.local/lib/python3.12/site-packages/airflow/example_dags/example_outlet_event_extra.py for tasks to queue
[2025-12-21T20:27:19.013+0000] {logging_mixin.py:190} INFO - [2025-12-21T20:27:19.012+0000] {dagbag.py:588} INFO - Filling up the DagBag from /home/airflow/.local/lib/python3.12/site-packages/airflow/example_dags/example_outlet_event_extra.py
[2025-12-21T20:27:19.533+0000] {processor.py:925} INFO - DAG(s) 'dataset_with_extra_by_context', 'dataset_with_extra_by_yield', 'dataset_with_extra_from_classic_operator' retrieved from /home/airflow/.local/lib/python3.12/site-packages/airflow/example_dags/example_outlet_event_extra.py
[2025-12-21T20:27:19.564+0000] {logging_mixin.py:190} INFO - [2025-12-21T20:27:19.564+0000] {dag.py:3239} INFO - Sync 3 DAGs
[2025-12-21T20:27:19.589+0000] {logging_mixin.py:190} INFO - [2025-12-21T20:27:19.589+0000] {dag.py:4180} INFO - Setting next_dagrun for dataset_with_extra_by_context to 2025-12-20 00:00:00+00:00, run_after=2025-12-21 00:00:00+00:00
[2025-12-21T20:27:19.596+0000] {logging_mixin.py:190} INFO - [2025-12-21T20:27:19.596+0000] {dag.py:4180} INFO - Setting next_dagrun for dataset_with_extra_by_yield to 2025-12-20 00:00:00+00:00, run_after=2025-12-21 00:00:00+00:00
[2025-12-21T20:27:19.600+0000] {logging_mixin.py:190} INFO - [2025-12-21T20:27:19.600+0000] {dag.py:4180} INFO - Setting next_dagrun for dataset_with_extra_from_classic_operator to 2025-12-20 00:00:00+00:00, run_after=2025-12-21 00:00:00+00:00
[2025-12-21T20:27:19.634+0000] {processor.py:208} INFO - Processing /home/airflow/.local/lib/python3.12/site-packages/airflow/example_dags/example_outlet_event_extra.py took 0.640 seconds
[2025-12-21T20:27:50.148+0000] {processor.py:186} INFO - Started process (PID=642) to work on /home/airflow/.local/lib/python3.12/site-packages/airflow/example_dags/example_outlet_event_extra.py
[2025-12-21T20:27:50.150+0000] {processor.py:914} INFO - Processing file /home/airflow/.local/lib/python3.12/site-packages/airflow/example_dags/example_outlet_event_extra.py for tasks to queue
[2025-12-21T20:27:50.157+0000] {logging_mixin.py:190} INFO - [2025-12-21T20:27:50.156+0000] {dagbag.py:588} INFO - Filling up the DagBag from /home/airflow/.local/lib/python3.12/site-packages/airflow/example_dags/example_outlet_event_extra.py
[2025-12-21T20:27:50.680+0000] {processor.py:925} INFO - DAG(s) 'dataset_with_extra_by_context', 'dataset_with_extra_from_classic_operator', 'dataset_with_extra_by_yield' retrieved from /home/airflow/.local/lib/python3.12/site-packages/airflow/example_dags/example_outlet_event_extra.py
[2025-12-21T20:27:50.710+0000] {logging_mixin.py:190} INFO - [2025-12-21T20:27:50.710+0000] {dag.py:3239} INFO - Sync 3 DAGs
[2025-12-21T20:27:50.740+0000] {logging_mixin.py:190} INFO - [2025-12-21T20:27:50.740+0000] {dag.py:4180} INFO - Setting next_dagrun for dataset_with_extra_by_context to 2025-12-20 00:00:00+00:00, run_after=2025-12-21 00:00:00+00:00
[2025-12-21T20:27:50.746+0000] {logging_mixin.py:190} INFO - [2025-12-21T20:27:50.746+0000] {dag.py:4180} INFO - Setting next_dagrun for dataset_with_extra_by_yield to 2025-12-20 00:00:00+00:00, run_after=2025-12-21 00:00:00+00:00
[2025-12-21T20:27:50.749+0000] {logging_mixin.py:190} INFO - [2025-12-21T20:27:50.749+0000] {dag.py:4180} INFO - Setting next_dagrun for dataset_with_extra_from_classic_operator to 2025-12-20 00:00:00+00:00, run_after=2025-12-21 00:00:00+00:00
[2025-12-21T20:27:50.780+0000] {processor.py:208} INFO - Processing /home/airflow/.local/lib/python3.12/site-packages/airflow/example_dags/example_outlet_event_extra.py took 0.643 seconds
[2025-12-21T20:28:21.158+0000] {processor.py:186} INFO - Started process (PID=708) to work on /home/airflow/.local/lib/python3.12/site-packages/airflow/example_dags/example_outlet_event_extra.py
[2025-12-21T20:28:21.160+0000] {processor.py:914} INFO - Processing file /home/airflow/.local/lib/python3.12/site-packages/airflow/example_dags/example_outlet_event_extra.py for tasks to queue
[2025-12-21T20:28:21.164+0000] {logging_mixin.py:190} INFO - [2025-12-21T20:28:21.164+0000] {dagbag.py:588} INFO - Filling up the DagBag from /home/airflow/.local/lib/python3.12/site-packages/airflow/example_dags/example_outlet_event_extra.py
[2025-12-21T20:28:21.701+0000] {processor.py:925} INFO - DAG(s) 'dataset_with_extra_by_yield', 'dataset_with_extra_by_context', 'dataset_with_extra_from_classic_operator' retrieved from /home/airflow/.local/lib/python3.12/site-packages/airflow/example_dags/example_outlet_event_extra.py
[2025-12-21T20:28:21.728+0000] {logging_mixin.py:190} INFO - [2025-12-21T20:28:21.728+0000] {dag.py:3239} INFO - Sync 3 DAGs
[2025-12-21T20:28:21.761+0000] {logging_mixin.py:190} INFO - [2025-12-21T20:28:21.761+0000] {dag.py:4180} INFO - Setting next_dagrun for dataset_with_extra_by_context to 2025-12-20 00:00:00+00:00, run_after=2025-12-21 00:00:00+00:00
[2025-12-21T20:28:21.772+0000] {logging_mixin.py:190} INFO - [2025-12-21T20:28:21.772+0000] {dag.py:4180} INFO - Setting next_dagrun for dataset_with_extra_by_yield to 2025-12-20 00:00:00+00:00, run_after=2025-12-21 00:00:00+00:00
[2025-12-21T20:28:21.778+0000] {logging_mixin.py:190} INFO - [2025-12-21T20:28:21.778+0000] {dag.py:4180} INFO - Setting next_dagrun for dataset_with_extra_from_classic_operator to 2025-12-20 00:00:00+00:00, run_after=2025-12-21 00:00:00+00:00
[2025-12-21T20:28:21.808+0000] {processor.py:208} INFO - Processing /home/airflow/.local/lib/python3.12/site-packages/airflow/example_dags/example_outlet_event_extra.py took 0.661 seconds
[2025-12-21T20:28:51.916+0000] {processor.py:186} INFO - Started process (PID=774) to work on /home/airflow/.local/lib/python3.12/site-packages/airflow/example_dags/example_outlet_event_extra.py
[2025-12-21T20:28:51.918+0000] {processor.py:914} INFO - Processing file /home/airflow/.local/lib/python3.12/site-packages/airflow/example_dags/example_outlet_event_extra.py for tasks to queue
[2025-12-21T20:28:51.923+0000] {logging_mixin.py:190} INFO - [2025-12-21T20:28:51.922+0000] {dagbag.py:588} INFO - Filling up the DagBag from /home/airflow/.local/lib/python3.12/site-packages/airflow/example_dags/example_outlet_event_extra.py
[2025-12-21T20:28:52.455+0000] {processor.py:925} INFO - DAG(s) 'dataset_with_extra_by_context', 'dataset_with_extra_by_yield', 'dataset_with_extra_from_classic_operator' retrieved from /home/airflow/.local/lib/python3.12/site-packages/airflow/example_dags/example_outlet_event_extra.py
[2025-12-21T20:28:52.497+0000] {logging_mixin.py:190} INFO - [2025-12-21T20:28:52.497+0000] {dag.py:3239} INFO - Sync 3 DAGs
[2025-12-21T20:28:52.538+0000] {logging_mixin.py:190} INFO - [2025-12-21T20:28:52.538+0000] {dag.py:4180} INFO - Setting next_dagrun for dataset_with_extra_by_context to 2025-12-20 00:00:00+00:00, run_after=2025-12-21 00:00:00+00:00
[2025-12-21T20:28:52.545+0000] {logging_mixin.py:190} INFO - [2025-12-21T20:28:52.544+0000] {dag.py:4180} INFO - Setting next_dagrun for dataset_with_extra_by_yield to 2025-12-20 00:00:00+00:00, run_after=2025-12-21 00:00:00+00:00
[2025-12-21T20:28:52.548+0000] {logging_mixin.py:190} INFO - [2025-12-21T20:28:52.548+0000] {dag.py:4180} INFO - Setting next_dagrun for dataset_with_extra_from_classic_operator to 2025-12-20 00:00:00+00:00, run_after=2025-12-21 00:00:00+00:00
[2025-12-21T20:28:52.589+0000] {processor.py:208} INFO - Processing /home/airflow/.local/lib/python3.12/site-packages/airflow/example_dags/example_outlet_event_extra.py took 0.685 seconds
[2025-12-21T20:29:22.799+0000] {processor.py:186} INFO - Started process (PID=840) to work on /home/airflow/.local/lib/python3.12/site-packages/airflow/example_dags/example_outlet_event_extra.py
[2025-12-21T20:29:22.800+0000] {processor.py:914} INFO - Processing file /home/airflow/.local/lib/python3.12/site-packages/airflow/example_dags/example_outlet_event_extra.py for tasks to queue
[2025-12-21T20:29:22.806+0000] {logging_mixin.py:190} INFO - [2025-12-21T20:29:22.805+0000] {dagbag.py:588} INFO - Filling up the DagBag from /home/airflow/.local/lib/python3.12/site-packages/airflow/example_dags/example_outlet_event_extra.py
[2025-12-21T20:29:23.402+0000] {processor.py:925} INFO - DAG(s) 'dataset_with_extra_by_context', 'dataset_with_extra_from_classic_operator', 'dataset_with_extra_by_yield' retrieved from /home/airflow/.local/lib/python3.12/site-packages/airflow/example_dags/example_outlet_event_extra.py
[2025-12-21T20:29:23.451+0000] {logging_mixin.py:190} INFO - [2025-12-21T20:29:23.451+0000] {dag.py:3239} INFO - Sync 3 DAGs
[2025-12-21T20:29:23.495+0000] {logging_mixin.py:190} INFO - [2025-12-21T20:29:23.494+0000] {dag.py:4180} INFO - Setting next_dagrun for dataset_with_extra_by_context to 2025-12-20 00:00:00+00:00, run_after=2025-12-21 00:00:00+00:00
[2025-12-21T20:29:23.502+0000] {logging_mixin.py:190} INFO - [2025-12-21T20:29:23.502+0000] {dag.py:4180} INFO - Setting next_dagrun for dataset_with_extra_by_yield to 2025-12-20 00:00:00+00:00, run_after=2025-12-21 00:00:00+00:00
[2025-12-21T20:29:23.506+0000] {logging_mixin.py:190} INFO - [2025-12-21T20:29:23.506+0000] {dag.py:4180} INFO - Setting next_dagrun for dataset_with_extra_from_classic_operator to 2025-12-20 00:00:00+00:00, run_after=2025-12-21 00:00:00+00:00
[2025-12-21T20:29:23.539+0000] {processor.py:208} INFO - Processing /home/airflow/.local/lib/python3.12/site-packages/airflow/example_dags/example_outlet_event_extra.py took 0.746 seconds
[2025-12-21T20:29:53.769+0000] {processor.py:186} INFO - Started process (PID=906) to work on /home/airflow/.local/lib/python3.12/site-packages/airflow/example_dags/example_outlet_event_extra.py
[2025-12-21T20:29:53.772+0000] {processor.py:914} INFO - Processing file /home/airflow/.local/lib/python3.12/site-packages/airflow/example_dags/example_outlet_event_extra.py for tasks to queue
[2025-12-21T20:29:53.780+0000] {logging_mixin.py:190} INFO - [2025-12-21T20:29:53.780+0000] {dagbag.py:588} INFO - Filling up the DagBag from /home/airflow/.local/lib/python3.12/site-packages/airflow/example_dags/example_outlet_event_extra.py
[2025-12-21T20:29:54.291+0000] {processor.py:925} INFO - DAG(s) 'dataset_with_extra_from_classic_operator', 'dataset_with_extra_by_context', 'dataset_with_extra_by_yield' retrieved from /home/airflow/.local/lib/python3.12/site-packages/airflow/example_dags/example_outlet_event_extra.py
[2025-12-21T20:29:54.319+0000] {logging_mixin.py:190} INFO - [2025-12-21T20:29:54.319+0000] {dag.py:3239} INFO - Sync 3 DAGs
[2025-12-21T20:29:54.341+0000] {logging_mixin.py:190} INFO - [2025-12-21T20:29:54.341+0000] {dag.py:4180} INFO - Setting next_dagrun for dataset_with_extra_by_context to 2025-12-20 00:00:00+00:00, run_after=2025-12-21 00:00:00+00:00
[2025-12-21T20:29:54.348+0000] {logging_mixin.py:190} INFO - [2025-12-21T20:29:54.347+0000] {dag.py:4180} INFO - Setting next_dagrun for dataset_with_extra_by_yield to 2025-12-20 00:00:00+00:00, run_after=2025-12-21 00:00:00+00:00
[2025-12-21T20:29:54.351+0000] {logging_mixin.py:190} INFO - [2025-12-21T20:29:54.351+0000] {dag.py:4180} INFO - Setting next_dagrun for dataset_with_extra_from_classic_operator to 2025-12-20 00:00:00+00:00, run_after=2025-12-21 00:00:00+00:00
[2025-12-21T20:29:54.383+0000] {processor.py:208} INFO - Processing /home/airflow/.local/lib/python3.12/site-packages/airflow/example_dags/example_outlet_event_extra.py took 0.629 seconds
[2025-12-21T20:30:24.504+0000] {processor.py:186} INFO - Started process (PID=972) to work on /home/airflow/.local/lib/python3.12/site-packages/airflow/example_dags/example_outlet_event_extra.py
[2025-12-21T20:30:24.505+0000] {processor.py:914} INFO - Processing file /home/airflow/.local/lib/python3.12/site-packages/airflow/example_dags/example_outlet_event_extra.py for tasks to queue
[2025-12-21T20:30:24.508+0000] {logging_mixin.py:190} INFO - [2025-12-21T20:30:24.507+0000] {dagbag.py:588} INFO - Filling up the DagBag from /home/airflow/.local/lib/python3.12/site-packages/airflow/example_dags/example_outlet_event_extra.py
[2025-12-21T20:30:25.054+0000] {processor.py:925} INFO - DAG(s) 'dataset_with_extra_from_classic_operator', 'dataset_with_extra_by_yield', 'dataset_with_extra_by_context' retrieved from /home/airflow/.local/lib/python3.12/site-packages/airflow/example_dags/example_outlet_event_extra.py
[2025-12-21T20:30:25.086+0000] {logging_mixin.py:190} INFO - [2025-12-21T20:30:25.085+0000] {dag.py:3239} INFO - Sync 3 DAGs
[2025-12-21T20:30:25.116+0000] {logging_mixin.py:190} INFO - [2025-12-21T20:30:25.116+0000] {dag.py:4180} INFO - Setting next_dagrun for dataset_with_extra_by_context to 2025-12-20 00:00:00+00:00, run_after=2025-12-21 00:00:00+00:00
[2025-12-21T20:30:25.122+0000] {logging_mixin.py:190} INFO - [2025-12-21T20:30:25.121+0000] {dag.py:4180} INFO - Setting next_dagrun for dataset_with_extra_by_yield to 2025-12-20 00:00:00+00:00, run_after=2025-12-21 00:00:00+00:00
[2025-12-21T20:30:25.125+0000] {logging_mixin.py:190} INFO - [2025-12-21T20:30:25.125+0000] {dag.py:4180} INFO - Setting next_dagrun for dataset_with_extra_from_classic_operator to 2025-12-20 00:00:00+00:00, run_after=2025-12-21 00:00:00+00:00
[2025-12-21T20:30:25.164+0000] {processor.py:208} INFO - Processing /home/airflow/.local/lib/python3.12/site-packages/airflow/example_dags/example_outlet_event_extra.py took 0.666 seconds
[2025-12-21T20:30:55.422+0000] {processor.py:186} INFO - Started process (PID=1038) to work on /home/airflow/.local/lib/python3.12/site-packages/airflow/example_dags/example_outlet_event_extra.py
[2025-12-21T20:30:55.424+0000] {processor.py:914} INFO - Processing file /home/airflow/.local/lib/python3.12/site-packages/airflow/example_dags/example_outlet_event_extra.py for tasks to queue
[2025-12-21T20:30:55.429+0000] {logging_mixin.py:190} INFO - [2025-12-21T20:30:55.429+0000] {dagbag.py:588} INFO - Filling up the DagBag from /home/airflow/.local/lib/python3.12/site-packages/airflow/example_dags/example_outlet_event_extra.py
[2025-12-21T20:30:55.950+0000] {processor.py:925} INFO - DAG(s) 'dataset_with_extra_from_classic_operator', 'dataset_with_extra_by_context', 'dataset_with_extra_by_yield' retrieved from /home/airflow/.local/lib/python3.12/site-packages/airflow/example_dags/example_outlet_event_extra.py
[2025-12-21T20:30:55.982+0000] {logging_mixin.py:190} INFO - [2025-12-21T20:30:55.981+0000] {dag.py:3239} INFO - Sync 3 DAGs
[2025-12-21T20:30:56.014+0000] {logging_mixin.py:190} INFO - [2025-12-21T20:30:56.013+0000] {dag.py:4180} INFO - Setting next_dagrun for dataset_with_extra_by_context to 2025-12-20 00:00:00+00:00, run_after=2025-12-21 00:00:00+00:00
[2025-12-21T20:30:56.019+0000] {logging_mixin.py:190} INFO - [2025-12-21T20:30:56.019+0000] {dag.py:4180} INFO - Setting next_dagrun for dataset_with_extra_by_yield to 2025-12-20 00:00:00+00:00, run_after=2025-12-21 00:00:00+00:00
[2025-12-21T20:30:56.023+0000] {logging_mixin.py:190} INFO - [2025-12-21T20:30:56.022+0000] {dag.py:4180} INFO - Setting next_dagrun for dataset_with_extra_from_classic_operator to 2025-12-20 00:00:00+00:00, run_after=2025-12-21 00:00:00+00:00
[2025-12-21T20:30:56.064+0000] {processor.py:208} INFO - Processing /home/airflow/.local/lib/python3.12/site-packages/airflow/example_dags/example_outlet_event_extra.py took 0.654 seconds
[2025-12-21T20:31:26.581+0000] {processor.py:186} INFO - Started process (PID=1104) to work on /home/airflow/.local/lib/python3.12/site-packages/airflow/example_dags/example_outlet_event_extra.py
[2025-12-21T20:31:26.583+0000] {processor.py:914} INFO - Processing file /home/airflow/.local/lib/python3.12/site-packages/airflow/example_dags/example_outlet_event_extra.py for tasks to queue
[2025-12-21T20:31:26.588+0000] {logging_mixin.py:190} INFO - [2025-12-21T20:31:26.587+0000] {dagbag.py:588} INFO - Filling up the DagBag from /home/airflow/.local/lib/python3.12/site-packages/airflow/example_dags/example_outlet_event_extra.py
[2025-12-21T20:31:27.099+0000] {processor.py:925} INFO - DAG(s) 'dataset_with_extra_from_classic_operator', 'dataset_with_extra_by_yield', 'dataset_with_extra_by_context' retrieved from /home/airflow/.local/lib/python3.12/site-packages/airflow/example_dags/example_outlet_event_extra.py
[2025-12-21T20:31:27.122+0000] {logging_mixin.py:190} INFO - [2025-12-21T20:31:27.122+0000] {dag.py:3239} INFO - Sync 3 DAGs
[2025-12-21T20:31:27.151+0000] {logging_mixin.py:190} INFO - [2025-12-21T20:31:27.151+0000] {dag.py:4180} INFO - Setting next_dagrun for dataset_with_extra_by_context to 2025-12-20 00:00:00+00:00, run_after=2025-12-21 00:00:00+00:00
[2025-12-21T20:31:27.158+0000] {logging_mixin.py:190} INFO - [2025-12-21T20:31:27.158+0000] {dag.py:4180} INFO - Setting next_dagrun for dataset_with_extra_by_yield to 2025-12-20 00:00:00+00:00, run_after=2025-12-21 00:00:00+00:00
[2025-12-21T20:31:27.162+0000] {logging_mixin.py:190} INFO - [2025-12-21T20:31:27.161+0000] {dag.py:4180} INFO - Setting next_dagrun for dataset_with_extra_from_classic_operator to 2025-12-20 00:00:00+00:00, run_after=2025-12-21 00:00:00+00:00
[2025-12-21T20:31:27.200+0000] {processor.py:208} INFO - Processing /home/airflow/.local/lib/python3.12/site-packages/airflow/example_dags/example_outlet_event_extra.py took 0.631 seconds
[2025-12-21T20:31:57.511+0000] {processor.py:186} INFO - Started process (PID=1170) to work on /home/airflow/.local/lib/python3.12/site-packages/airflow/example_dags/example_outlet_event_extra.py
[2025-12-21T20:31:57.513+0000] {processor.py:914} INFO - Processing file /home/airflow/.local/lib/python3.12/site-packages/airflow/example_dags/example_outlet_event_extra.py for tasks to queue
[2025-12-21T20:31:57.517+0000] {logging_mixin.py:190} INFO - [2025-12-21T20:31:57.517+0000] {dagbag.py:588} INFO - Filling up the DagBag from /home/airflow/.local/lib/python3.12/site-packages/airflow/example_dags/example_outlet_event_extra.py
[2025-12-21T20:31:58.089+0000] {processor.py:925} INFO - DAG(s) 'dataset_with_extra_by_yield', 'dataset_with_extra_from_classic_operator', 'dataset_with_extra_by_context' retrieved from /home/airflow/.local/lib/python3.12/site-packages/airflow/example_dags/example_outlet_event_extra.py
[2025-12-21T20:31:58.117+0000] {logging_mixin.py:190} INFO - [2025-12-21T20:31:58.117+0000] {dag.py:3239} INFO - Sync 3 DAGs
[2025-12-21T20:31:58.151+0000] {logging_mixin.py:190} INFO - [2025-12-21T20:31:58.151+0000] {dag.py:4180} INFO - Setting next_dagrun for dataset_with_extra_by_context to 2025-12-20 00:00:00+00:00, run_after=2025-12-21 00:00:00+00:00
[2025-12-21T20:31:58.157+0000] {logging_mixin.py:190} INFO - [2025-12-21T20:31:58.157+0000] {dag.py:4180} INFO - Setting next_dagrun for dataset_with_extra_by_yield to 2025-12-20 00:00:00+00:00, run_after=2025-12-21 00:00:00+00:00
[2025-12-21T20:31:58.161+0000] {logging_mixin.py:190} INFO - [2025-12-21T20:31:58.160+0000] {dag.py:4180} INFO - Setting next_dagrun for dataset_with_extra_from_classic_operator to 2025-12-20 00:00:00+00:00, run_after=2025-12-21 00:00:00+00:00
[2025-12-21T20:31:58.198+0000] {processor.py:208} INFO - Processing /home/airflow/.local/lib/python3.12/site-packages/airflow/example_dags/example_outlet_event_extra.py took 0.700 seconds
[2025-12-21T20:32:28.634+0000] {processor.py:186} INFO - Started process (PID=1236) to work on /home/airflow/.local/lib/python3.12/site-packages/airflow/example_dags/example_outlet_event_extra.py
[2025-12-21T20:32:28.636+0000] {processor.py:914} INFO - Processing file /home/airflow/.local/lib/python3.12/site-packages/airflow/example_dags/example_outlet_event_extra.py for tasks to queue
[2025-12-21T20:32:28.641+0000] {logging_mixin.py:190} INFO - [2025-12-21T20:32:28.640+0000] {dagbag.py:588} INFO - Filling up the DagBag from /home/airflow/.local/lib/python3.12/site-packages/airflow/example_dags/example_outlet_event_extra.py
[2025-12-21T20:32:29.199+0000] {processor.py:925} INFO - DAG(s) 'dataset_with_extra_by_context', 'dataset_with_extra_by_yield', 'dataset_with_extra_from_classic_operator' retrieved from /home/airflow/.local/lib/python3.12/site-packages/airflow/example_dags/example_outlet_event_extra.py
[2025-12-21T20:32:29.230+0000] {logging_mixin.py:190} INFO - [2025-12-21T20:32:29.229+0000] {dag.py:3239} INFO - Sync 3 DAGs
[2025-12-21T20:32:29.259+0000] {logging_mixin.py:190} INFO - [2025-12-21T20:32:29.259+0000] {dag.py:4180} INFO - Setting next_dagrun for dataset_with_extra_by_context to 2025-12-20 00:00:00+00:00, run_after=2025-12-21 00:00:00+00:00
[2025-12-21T20:32:29.267+0000] {logging_mixin.py:190} INFO - [2025-12-21T20:32:29.266+0000] {dag.py:4180} INFO - Setting next_dagrun for dataset_with_extra_by_yield to 2025-12-20 00:00:00+00:00, run_after=2025-12-21 00:00:00+00:00
[2025-12-21T20:32:29.270+0000] {logging_mixin.py:190} INFO - [2025-12-21T20:32:29.270+0000] {dag.py:4180} INFO - Setting next_dagrun for dataset_with_extra_from_classic_operator to 2025-12-20 00:00:00+00:00, run_after=2025-12-21 00:00:00+00:00
[2025-12-21T20:32:29.304+0000] {processor.py:208} INFO - Processing /home/airflow/.local/lib/python3.12/site-packages/airflow/example_dags/example_outlet_event_extra.py took 0.683 seconds
[2025-12-21T20:32:59.365+0000] {processor.py:186} INFO - Started process (PID=1302) to work on /home/airflow/.local/lib/python3.12/site-packages/airflow/example_dags/example_outlet_event_extra.py
[2025-12-21T20:32:59.367+0000] {processor.py:914} INFO - Processing file /home/airflow/.local/lib/python3.12/site-packages/airflow/example_dags/example_outlet_event_extra.py for tasks to queue
[2025-12-21T20:32:59.373+0000] {logging_mixin.py:190} INFO - [2025-12-21T20:32:59.372+0000] {dagbag.py:588} INFO - Filling up the DagBag from /home/airflow/.local/lib/python3.12/site-packages/airflow/example_dags/example_outlet_event_extra.py
[2025-12-21T20:32:59.965+0000] {processor.py:925} INFO - DAG(s) 'dataset_with_extra_by_yield', 'dataset_with_extra_from_classic_operator', 'dataset_with_extra_by_context' retrieved from /home/airflow/.local/lib/python3.12/site-packages/airflow/example_dags/example_outlet_event_extra.py
[2025-12-21T20:33:00.004+0000] {logging_mixin.py:190} INFO - [2025-12-21T20:33:00.004+0000] {dag.py:3239} INFO - Sync 3 DAGs
[2025-12-21T20:33:00.035+0000] {logging_mixin.py:190} INFO - [2025-12-21T20:33:00.035+0000] {dag.py:4180} INFO - Setting next_dagrun for dataset_with_extra_by_context to 2025-12-20 00:00:00+00:00, run_after=2025-12-21 00:00:00+00:00
[2025-12-21T20:33:00.042+0000] {logging_mixin.py:190} INFO - [2025-12-21T20:33:00.042+0000] {dag.py:4180} INFO - Setting next_dagrun for dataset_with_extra_by_yield to 2025-12-20 00:00:00+00:00, run_after=2025-12-21 00:00:00+00:00
[2025-12-21T20:33:00.046+0000] {logging_mixin.py:190} INFO - [2025-12-21T20:33:00.046+0000] {dag.py:4180} INFO - Setting next_dagrun for dataset_with_extra_from_classic_operator to 2025-12-20 00:00:00+00:00, run_after=2025-12-21 00:00:00+00:00
[2025-12-21T20:33:00.073+0000] {processor.py:208} INFO - Processing /home/airflow/.local/lib/python3.12/site-packages/airflow/example_dags/example_outlet_event_extra.py took 0.720 seconds
[2025-12-21T20:33:30.353+0000] {processor.py:186} INFO - Started process (PID=1368) to work on /home/airflow/.local/lib/python3.12/site-packages/airflow/example_dags/example_outlet_event_extra.py
[2025-12-21T20:33:30.355+0000] {processor.py:914} INFO - Processing file /home/airflow/.local/lib/python3.12/site-packages/airflow/example_dags/example_outlet_event_extra.py for tasks to queue
[2025-12-21T20:33:30.359+0000] {logging_mixin.py:190} INFO - [2025-12-21T20:33:30.358+0000] {dagbag.py:588} INFO - Filling up the DagBag from /home/airflow/.local/lib/python3.12/site-packages/airflow/example_dags/example_outlet_event_extra.py
[2025-12-21T20:33:30.946+0000] {processor.py:925} INFO - DAG(s) 'dataset_with_extra_by_yield', 'dataset_with_extra_from_classic_operator', 'dataset_with_extra_by_context' retrieved from /home/airflow/.local/lib/python3.12/site-packages/airflow/example_dags/example_outlet_event_extra.py
[2025-12-21T20:33:30.975+0000] {logging_mixin.py:190} INFO - [2025-12-21T20:33:30.975+0000] {dag.py:3239} INFO - Sync 3 DAGs
[2025-12-21T20:33:31.022+0000] {logging_mixin.py:190} INFO - [2025-12-21T20:33:31.022+0000] {dag.py:4180} INFO - Setting next_dagrun for dataset_with_extra_by_context to 2025-12-20 00:00:00+00:00, run_after=2025-12-21 00:00:00+00:00
[2025-12-21T20:33:31.032+0000] {logging_mixin.py:190} INFO - [2025-12-21T20:33:31.032+0000] {dag.py:4180} INFO - Setting next_dagrun for dataset_with_extra_by_yield to 2025-12-20 00:00:00+00:00, run_after=2025-12-21 00:00:00+00:00
[2025-12-21T20:33:31.037+0000] {logging_mixin.py:190} INFO - [2025-12-21T20:33:31.037+0000] {dag.py:4180} INFO - Setting next_dagrun for dataset_with_extra_from_classic_operator to 2025-12-20 00:00:00+00:00, run_after=2025-12-21 00:00:00+00:00
[2025-12-21T20:33:31.070+0000] {processor.py:208} INFO - Processing /home/airflow/.local/lib/python3.12/site-packages/airflow/example_dags/example_outlet_event_extra.py took 0.726 seconds
[2025-12-21T20:34:01.241+0000] {processor.py:186} INFO - Started process (PID=1436) to work on /home/airflow/.local/lib/python3.12/site-packages/airflow/example_dags/example_outlet_event_extra.py
[2025-12-21T20:34:01.241+0000] {processor.py:914} INFO - Processing file /home/airflow/.local/lib/python3.12/site-packages/airflow/example_dags/example_outlet_event_extra.py for tasks to queue
[2025-12-21T20:34:01.244+0000] {logging_mixin.py:190} INFO - [2025-12-21T20:34:01.243+0000] {dagbag.py:588} INFO - Filling up the DagBag from /home/airflow/.local/lib/python3.12/site-packages/airflow/example_dags/example_outlet_event_extra.py
[2025-12-21T20:34:01.744+0000] {processor.py:925} INFO - DAG(s) 'dataset_with_extra_by_yield', 'dataset_with_extra_from_classic_operator', 'dataset_with_extra_by_context' retrieved from /home/airflow/.local/lib/python3.12/site-packages/airflow/example_dags/example_outlet_event_extra.py
[2025-12-21T20:34:01.774+0000] {logging_mixin.py:190} INFO - [2025-12-21T20:34:01.773+0000] {dag.py:3239} INFO - Sync 3 DAGs
[2025-12-21T20:34:01.801+0000] {logging_mixin.py:190} INFO - [2025-12-21T20:34:01.801+0000] {dag.py:4180} INFO - Setting next_dagrun for dataset_with_extra_by_context to 2025-12-20 00:00:00+00:00, run_after=2025-12-21 00:00:00+00:00
[2025-12-21T20:34:01.807+0000] {logging_mixin.py:190} INFO - [2025-12-21T20:34:01.807+0000] {dag.py:4180} INFO - Setting next_dagrun for dataset_with_extra_by_yield to 2025-12-20 00:00:00+00:00, run_after=2025-12-21 00:00:00+00:00
[2025-12-21T20:34:01.810+0000] {logging_mixin.py:190} INFO - [2025-12-21T20:34:01.810+0000] {dag.py:4180} INFO - Setting next_dagrun for dataset_with_extra_from_classic_operator to 2025-12-20 00:00:00+00:00, run_after=2025-12-21 00:00:00+00:00
[2025-12-21T20:34:01.840+0000] {processor.py:208} INFO - Processing /home/airflow/.local/lib/python3.12/site-packages/airflow/example_dags/example_outlet_event_extra.py took 0.604 seconds
[2025-12-21T20:34:32.309+0000] {processor.py:186} INFO - Started process (PID=1502) to work on /home/airflow/.local/lib/python3.12/site-packages/airflow/example_dags/example_outlet_event_extra.py
[2025-12-21T20:34:32.310+0000] {processor.py:914} INFO - Processing file /home/airflow/.local/lib/python3.12/site-packages/airflow/example_dags/example_outlet_event_extra.py for tasks to queue
[2025-12-21T20:34:32.313+0000] {logging_mixin.py:190} INFO - [2025-12-21T20:34:32.312+0000] {dagbag.py:588} INFO - Filling up the DagBag from /home/airflow/.local/lib/python3.12/site-packages/airflow/example_dags/example_outlet_event_extra.py
[2025-12-21T20:34:32.886+0000] {processor.py:925} INFO - DAG(s) 'dataset_with_extra_by_context', 'dataset_with_extra_by_yield', 'dataset_with_extra_from_classic_operator' retrieved from /home/airflow/.local/lib/python3.12/site-packages/airflow/example_dags/example_outlet_event_extra.py
[2025-12-21T20:34:32.913+0000] {logging_mixin.py:190} INFO - [2025-12-21T20:34:32.913+0000] {dag.py:3239} INFO - Sync 3 DAGs
[2025-12-21T20:34:32.942+0000] {logging_mixin.py:190} INFO - [2025-12-21T20:34:32.942+0000] {dag.py:4180} INFO - Setting next_dagrun for dataset_with_extra_by_context to 2025-12-20 00:00:00+00:00, run_after=2025-12-21 00:00:00+00:00
[2025-12-21T20:34:32.950+0000] {logging_mixin.py:190} INFO - [2025-12-21T20:34:32.950+0000] {dag.py:4180} INFO - Setting next_dagrun for dataset_with_extra_by_yield to 2025-12-20 00:00:00+00:00, run_after=2025-12-21 00:00:00+00:00
[2025-12-21T20:34:32.954+0000] {logging_mixin.py:190} INFO - [2025-12-21T20:34:32.954+0000] {dag.py:4180} INFO - Setting next_dagrun for dataset_with_extra_from_classic_operator to 2025-12-20 00:00:00+00:00, run_after=2025-12-21 00:00:00+00:00
[2025-12-21T20:34:32.979+0000] {processor.py:208} INFO - Processing /home/airflow/.local/lib/python3.12/site-packages/airflow/example_dags/example_outlet_event_extra.py took 0.678 seconds
[2025-12-21T20:35:03.091+0000] {processor.py:186} INFO - Started process (PID=1579) to work on /home/airflow/.local/lib/python3.12/site-packages/airflow/example_dags/example_outlet_event_extra.py
[2025-12-21T20:35:03.092+0000] {processor.py:914} INFO - Processing file /home/airflow/.local/lib/python3.12/site-packages/airflow/example_dags/example_outlet_event_extra.py for tasks to queue
[2025-12-21T20:35:03.094+0000] {logging_mixin.py:190} INFO - [2025-12-21T20:35:03.094+0000] {dagbag.py:588} INFO - Filling up the DagBag from /home/airflow/.local/lib/python3.12/site-packages/airflow/example_dags/example_outlet_event_extra.py
[2025-12-21T20:35:03.696+0000] {processor.py:925} INFO - DAG(s) 'dataset_with_extra_by_context', 'dataset_with_extra_from_classic_operator', 'dataset_with_extra_by_yield' retrieved from /home/airflow/.local/lib/python3.12/site-packages/airflow/example_dags/example_outlet_event_extra.py
[2025-12-21T20:35:03.732+0000] {logging_mixin.py:190} INFO - [2025-12-21T20:35:03.732+0000] {dag.py:3239} INFO - Sync 3 DAGs
[2025-12-21T20:35:03.764+0000] {logging_mixin.py:190} INFO - [2025-12-21T20:35:03.763+0000] {dag.py:4180} INFO - Setting next_dagrun for dataset_with_extra_by_context to 2025-12-20 00:00:00+00:00, run_after=2025-12-21 00:00:00+00:00
[2025-12-21T20:35:03.772+0000] {logging_mixin.py:190} INFO - [2025-12-21T20:35:03.771+0000] {dag.py:4180} INFO - Setting next_dagrun for dataset_with_extra_by_yield to 2025-12-20 00:00:00+00:00, run_after=2025-12-21 00:00:00+00:00
[2025-12-21T20:35:03.775+0000] {logging_mixin.py:190} INFO - [2025-12-21T20:35:03.775+0000] {dag.py:4180} INFO - Setting next_dagrun for dataset_with_extra_from_classic_operator to 2025-12-20 00:00:00+00:00, run_after=2025-12-21 00:00:00+00:00
[2025-12-21T20:35:03.812+0000] {processor.py:208} INFO - Processing /home/airflow/.local/lib/python3.12/site-packages/airflow/example_dags/example_outlet_event_extra.py took 0.729 seconds
[2025-12-21T20:35:33.856+0000] {processor.py:186} INFO - Started process (PID=1650) to work on /home/airflow/.local/lib/python3.12/site-packages/airflow/example_dags/example_outlet_event_extra.py
[2025-12-21T20:35:33.858+0000] {processor.py:914} INFO - Processing file /home/airflow/.local/lib/python3.12/site-packages/airflow/example_dags/example_outlet_event_extra.py for tasks to queue
[2025-12-21T20:35:33.861+0000] {logging_mixin.py:190} INFO - [2025-12-21T20:35:33.860+0000] {dagbag.py:588} INFO - Filling up the DagBag from /home/airflow/.local/lib/python3.12/site-packages/airflow/example_dags/example_outlet_event_extra.py
[2025-12-21T20:35:34.355+0000] {processor.py:925} INFO - DAG(s) 'dataset_with_extra_by_yield', 'dataset_with_extra_from_classic_operator', 'dataset_with_extra_by_context' retrieved from /home/airflow/.local/lib/python3.12/site-packages/airflow/example_dags/example_outlet_event_extra.py
[2025-12-21T20:35:34.385+0000] {logging_mixin.py:190} INFO - [2025-12-21T20:35:34.385+0000] {dag.py:3239} INFO - Sync 3 DAGs
[2025-12-21T20:35:34.416+0000] {logging_mixin.py:190} INFO - [2025-12-21T20:35:34.416+0000] {dag.py:4180} INFO - Setting next_dagrun for dataset_with_extra_by_context to 2025-12-20 00:00:00+00:00, run_after=2025-12-21 00:00:00+00:00
[2025-12-21T20:35:34.422+0000] {logging_mixin.py:190} INFO - [2025-12-21T20:35:34.422+0000] {dag.py:4180} INFO - Setting next_dagrun for dataset_with_extra_by_yield to 2025-12-20 00:00:00+00:00, run_after=2025-12-21 00:00:00+00:00
[2025-12-21T20:35:34.426+0000] {logging_mixin.py:190} INFO - [2025-12-21T20:35:34.425+0000] {dag.py:4180} INFO - Setting next_dagrun for dataset_with_extra_from_classic_operator to 2025-12-20 00:00:00+00:00, run_after=2025-12-21 00:00:00+00:00
[2025-12-21T20:35:34.455+0000] {processor.py:208} INFO - Processing /home/airflow/.local/lib/python3.12/site-packages/airflow/example_dags/example_outlet_event_extra.py took 0.609 seconds
[2025-12-21T20:36:05.215+0000] {processor.py:186} INFO - Started process (PID=1716) to work on /home/airflow/.local/lib/python3.12/site-packages/airflow/example_dags/example_outlet_event_extra.py
[2025-12-21T20:36:05.217+0000] {processor.py:914} INFO - Processing file /home/airflow/.local/lib/python3.12/site-packages/airflow/example_dags/example_outlet_event_extra.py for tasks to queue
[2025-12-21T20:36:05.220+0000] {logging_mixin.py:190} INFO - [2025-12-21T20:36:05.220+0000] {dagbag.py:588} INFO - Filling up the DagBag from /home/airflow/.local/lib/python3.12/site-packages/airflow/example_dags/example_outlet_event_extra.py
[2025-12-21T20:36:05.810+0000] {processor.py:925} INFO - DAG(s) 'dataset_with_extra_from_classic_operator', 'dataset_with_extra_by_context', 'dataset_with_extra_by_yield' retrieved from /home/airflow/.local/lib/python3.12/site-packages/airflow/example_dags/example_outlet_event_extra.py
[2025-12-21T20:36:05.840+0000] {logging_mixin.py:190} INFO - [2025-12-21T20:36:05.840+0000] {dag.py:3239} INFO - Sync 3 DAGs
[2025-12-21T20:36:05.872+0000] {logging_mixin.py:190} INFO - [2025-12-21T20:36:05.871+0000] {dag.py:4180} INFO - Setting next_dagrun for dataset_with_extra_by_context to 2025-12-20 00:00:00+00:00, run_after=2025-12-21 00:00:00+00:00
[2025-12-21T20:36:05.878+0000] {logging_mixin.py:190} INFO - [2025-12-21T20:36:05.878+0000] {dag.py:4180} INFO - Setting next_dagrun for dataset_with_extra_by_yield to 2025-12-20 00:00:00+00:00, run_after=2025-12-21 00:00:00+00:00
[2025-12-21T20:36:05.882+0000] {logging_mixin.py:190} INFO - [2025-12-21T20:36:05.882+0000] {dag.py:4180} INFO - Setting next_dagrun for dataset_with_extra_from_classic_operator to 2025-12-20 00:00:00+00:00, run_after=2025-12-21 00:00:00+00:00
[2025-12-21T20:36:05.921+0000] {processor.py:208} INFO - Processing /home/airflow/.local/lib/python3.12/site-packages/airflow/example_dags/example_outlet_event_extra.py took 0.714 seconds
[2025-12-21T20:36:36.751+0000] {processor.py:186} INFO - Started process (PID=1785) to work on /home/airflow/.local/lib/python3.12/site-packages/airflow/example_dags/example_outlet_event_extra.py
[2025-12-21T20:36:36.757+0000] {processor.py:914} INFO - Processing file /home/airflow/.local/lib/python3.12/site-packages/airflow/example_dags/example_outlet_event_extra.py for tasks to queue
[2025-12-21T20:36:36.763+0000] {logging_mixin.py:190} INFO - [2025-12-21T20:36:36.762+0000] {dagbag.py:588} INFO - Filling up the DagBag from /home/airflow/.local/lib/python3.12/site-packages/airflow/example_dags/example_outlet_event_extra.py
[2025-12-21T20:36:37.340+0000] {processor.py:925} INFO - DAG(s) 'dataset_with_extra_from_classic_operator', 'dataset_with_extra_by_context', 'dataset_with_extra_by_yield' retrieved from /home/airflow/.local/lib/python3.12/site-packages/airflow/example_dags/example_outlet_event_extra.py
[2025-12-21T20:36:37.384+0000] {logging_mixin.py:190} INFO - [2025-12-21T20:36:37.384+0000] {dag.py:3239} INFO - Sync 3 DAGs
[2025-12-21T20:36:37.414+0000] {logging_mixin.py:190} INFO - [2025-12-21T20:36:37.414+0000] {dag.py:4180} INFO - Setting next_dagrun for dataset_with_extra_by_context to 2025-12-20 00:00:00+00:00, run_after=2025-12-21 00:00:00+00:00
[2025-12-21T20:36:37.421+0000] {logging_mixin.py:190} INFO - [2025-12-21T20:36:37.421+0000] {dag.py:4180} INFO - Setting next_dagrun for dataset_with_extra_by_yield to 2025-12-20 00:00:00+00:00, run_after=2025-12-21 00:00:00+00:00
[2025-12-21T20:36:37.426+0000] {logging_mixin.py:190} INFO - [2025-12-21T20:36:37.426+0000] {dag.py:4180} INFO - Setting next_dagrun for dataset_with_extra_from_classic_operator to 2025-12-20 00:00:00+00:00, run_after=2025-12-21 00:00:00+00:00
[2025-12-21T20:36:37.464+0000] {processor.py:208} INFO - Processing /home/airflow/.local/lib/python3.12/site-packages/airflow/example_dags/example_outlet_event_extra.py took 0.725 seconds
[2025-12-21T20:37:07.984+0000] {processor.py:186} INFO - Started process (PID=1851) to work on /home/airflow/.local/lib/python3.12/site-packages/airflow/example_dags/example_outlet_event_extra.py
[2025-12-21T20:37:07.986+0000] {processor.py:914} INFO - Processing file /home/airflow/.local/lib/python3.12/site-packages/airflow/example_dags/example_outlet_event_extra.py for tasks to queue
[2025-12-21T20:37:07.991+0000] {logging_mixin.py:190} INFO - [2025-12-21T20:37:07.990+0000] {dagbag.py:588} INFO - Filling up the DagBag from /home/airflow/.local/lib/python3.12/site-packages/airflow/example_dags/example_outlet_event_extra.py
[2025-12-21T20:37:08.514+0000] {processor.py:925} INFO - DAG(s) 'dataset_with_extra_from_classic_operator', 'dataset_with_extra_by_context', 'dataset_with_extra_by_yield' retrieved from /home/airflow/.local/lib/python3.12/site-packages/airflow/example_dags/example_outlet_event_extra.py
[2025-12-21T20:37:08.542+0000] {logging_mixin.py:190} INFO - [2025-12-21T20:37:08.542+0000] {dag.py:3239} INFO - Sync 3 DAGs
[2025-12-21T20:37:08.566+0000] {logging_mixin.py:190} INFO - [2025-12-21T20:37:08.566+0000] {dag.py:4180} INFO - Setting next_dagrun for dataset_with_extra_by_context to 2025-12-20 00:00:00+00:00, run_after=2025-12-21 00:00:00+00:00
[2025-12-21T20:37:08.571+0000] {logging_mixin.py:190} INFO - [2025-12-21T20:37:08.571+0000] {dag.py:4180} INFO - Setting next_dagrun for dataset_with_extra_by_yield to 2025-12-20 00:00:00+00:00, run_after=2025-12-21 00:00:00+00:00
[2025-12-21T20:37:08.575+0000] {logging_mixin.py:190} INFO - [2025-12-21T20:37:08.574+0000] {dag.py:4180} INFO - Setting next_dagrun for dataset_with_extra_from_classic_operator to 2025-12-20 00:00:00+00:00, run_after=2025-12-21 00:00:00+00:00
[2025-12-21T20:37:08.604+0000] {processor.py:208} INFO - Processing /home/airflow/.local/lib/python3.12/site-packages/airflow/example_dags/example_outlet_event_extra.py took 0.631 seconds
[2025-12-21T20:37:39.176+0000] {processor.py:186} INFO - Started process (PID=1917) to work on /home/airflow/.local/lib/python3.12/site-packages/airflow/example_dags/example_outlet_event_extra.py
[2025-12-21T20:37:39.178+0000] {processor.py:914} INFO - Processing file /home/airflow/.local/lib/python3.12/site-packages/airflow/example_dags/example_outlet_event_extra.py for tasks to queue
[2025-12-21T20:37:39.184+0000] {logging_mixin.py:190} INFO - [2025-12-21T20:37:39.183+0000] {dagbag.py:588} INFO - Filling up the DagBag from /home/airflow/.local/lib/python3.12/site-packages/airflow/example_dags/example_outlet_event_extra.py
[2025-12-21T20:37:39.722+0000] {processor.py:925} INFO - DAG(s) 'dataset_with_extra_by_yield', 'dataset_with_extra_from_classic_operator', 'dataset_with_extra_by_context' retrieved from /home/airflow/.local/lib/python3.12/site-packages/airflow/example_dags/example_outlet_event_extra.py
[2025-12-21T20:37:39.765+0000] {logging_mixin.py:190} INFO - [2025-12-21T20:37:39.765+0000] {dag.py:3239} INFO - Sync 3 DAGs
[2025-12-21T20:37:39.809+0000] {logging_mixin.py:190} INFO - [2025-12-21T20:37:39.808+0000] {dag.py:4180} INFO - Setting next_dagrun for dataset_with_extra_by_context to 2025-12-20 00:00:00+00:00, run_after=2025-12-21 00:00:00+00:00
[2025-12-21T20:37:39.816+0000] {logging_mixin.py:190} INFO - [2025-12-21T20:37:39.816+0000] {dag.py:4180} INFO - Setting next_dagrun for dataset_with_extra_by_yield to 2025-12-20 00:00:00+00:00, run_after=2025-12-21 00:00:00+00:00
[2025-12-21T20:37:39.820+0000] {logging_mixin.py:190} INFO - [2025-12-21T20:37:39.820+0000] {dag.py:4180} INFO - Setting next_dagrun for dataset_with_extra_from_classic_operator to 2025-12-20 00:00:00+00:00, run_after=2025-12-21 00:00:00+00:00
[2025-12-21T20:37:39.847+0000] {processor.py:208} INFO - Processing /home/airflow/.local/lib/python3.12/site-packages/airflow/example_dags/example_outlet_event_extra.py took 0.683 seconds
[2025-12-21T20:38:10.270+0000] {processor.py:186} INFO - Started process (PID=1983) to work on /home/airflow/.local/lib/python3.12/site-packages/airflow/example_dags/example_outlet_event_extra.py
[2025-12-21T20:38:10.271+0000] {processor.py:914} INFO - Processing file /home/airflow/.local/lib/python3.12/site-packages/airflow/example_dags/example_outlet_event_extra.py for tasks to queue
[2025-12-21T20:38:10.277+0000] {logging_mixin.py:190} INFO - [2025-12-21T20:38:10.276+0000] {dagbag.py:588} INFO - Filling up the DagBag from /home/airflow/.local/lib/python3.12/site-packages/airflow/example_dags/example_outlet_event_extra.py
[2025-12-21T20:38:10.790+0000] {processor.py:925} INFO - DAG(s) 'dataset_with_extra_from_classic_operator', 'dataset_with_extra_by_yield', 'dataset_with_extra_by_context' retrieved from /home/airflow/.local/lib/python3.12/site-packages/airflow/example_dags/example_outlet_event_extra.py
[2025-12-21T20:38:10.835+0000] {logging_mixin.py:190} INFO - [2025-12-21T20:38:10.835+0000] {dag.py:3239} INFO - Sync 3 DAGs
[2025-12-21T20:38:10.875+0000] {logging_mixin.py:190} INFO - [2025-12-21T20:38:10.874+0000] {dag.py:4180} INFO - Setting next_dagrun for dataset_with_extra_by_context to 2025-12-20 00:00:00+00:00, run_after=2025-12-21 00:00:00+00:00
[2025-12-21T20:38:10.881+0000] {logging_mixin.py:190} INFO - [2025-12-21T20:38:10.881+0000] {dag.py:4180} INFO - Setting next_dagrun for dataset_with_extra_by_yield to 2025-12-20 00:00:00+00:00, run_after=2025-12-21 00:00:00+00:00
[2025-12-21T20:38:10.884+0000] {logging_mixin.py:190} INFO - [2025-12-21T20:38:10.884+0000] {dag.py:4180} INFO - Setting next_dagrun for dataset_with_extra_from_classic_operator to 2025-12-20 00:00:00+00:00, run_after=2025-12-21 00:00:00+00:00
[2025-12-21T20:38:10.913+0000] {processor.py:208} INFO - Processing /home/airflow/.local/lib/python3.12/site-packages/airflow/example_dags/example_outlet_event_extra.py took 0.655 seconds
[2025-12-21T20:38:41.153+0000] {processor.py:186} INFO - Started process (PID=2049) to work on /home/airflow/.local/lib/python3.12/site-packages/airflow/example_dags/example_outlet_event_extra.py
[2025-12-21T20:38:41.155+0000] {processor.py:914} INFO - Processing file /home/airflow/.local/lib/python3.12/site-packages/airflow/example_dags/example_outlet_event_extra.py for tasks to queue
[2025-12-21T20:38:41.160+0000] {logging_mixin.py:190} INFO - [2025-12-21T20:38:41.159+0000] {dagbag.py:588} INFO - Filling up the DagBag from /home/airflow/.local/lib/python3.12/site-packages/airflow/example_dags/example_outlet_event_extra.py
[2025-12-21T20:38:41.666+0000] {processor.py:925} INFO - DAG(s) 'dataset_with_extra_by_yield', 'dataset_with_extra_from_classic_operator', 'dataset_with_extra_by_context' retrieved from /home/airflow/.local/lib/python3.12/site-packages/airflow/example_dags/example_outlet_event_extra.py
[2025-12-21T20:38:41.697+0000] {logging_mixin.py:190} INFO - [2025-12-21T20:38:41.696+0000] {dag.py:3239} INFO - Sync 3 DAGs
[2025-12-21T20:38:41.726+0000] {logging_mixin.py:190} INFO - [2025-12-21T20:38:41.726+0000] {dag.py:4180} INFO - Setting next_dagrun for dataset_with_extra_by_context to 2025-12-20 00:00:00+00:00, run_after=2025-12-21 00:00:00+00:00
[2025-12-21T20:38:41.734+0000] {logging_mixin.py:190} INFO - [2025-12-21T20:38:41.734+0000] {dag.py:4180} INFO - Setting next_dagrun for dataset_with_extra_by_yield to 2025-12-20 00:00:00+00:00, run_after=2025-12-21 00:00:00+00:00
[2025-12-21T20:38:41.739+0000] {logging_mixin.py:190} INFO - [2025-12-21T20:38:41.738+0000] {dag.py:4180} INFO - Setting next_dagrun for dataset_with_extra_from_classic_operator to 2025-12-20 00:00:00+00:00, run_after=2025-12-21 00:00:00+00:00
[2025-12-21T20:38:41.772+0000] {processor.py:208} INFO - Processing /home/airflow/.local/lib/python3.12/site-packages/airflow/example_dags/example_outlet_event_extra.py took 0.630 seconds
[2025-12-21T20:39:12.004+0000] {processor.py:186} INFO - Started process (PID=2116) to work on /home/airflow/.local/lib/python3.12/site-packages/airflow/example_dags/example_outlet_event_extra.py
[2025-12-21T20:39:12.006+0000] {processor.py:914} INFO - Processing file /home/airflow/.local/lib/python3.12/site-packages/airflow/example_dags/example_outlet_event_extra.py for tasks to queue
[2025-12-21T20:39:12.012+0000] {logging_mixin.py:190} INFO - [2025-12-21T20:39:12.011+0000] {dagbag.py:588} INFO - Filling up the DagBag from /home/airflow/.local/lib/python3.12/site-packages/airflow/example_dags/example_outlet_event_extra.py
[2025-12-21T20:39:12.520+0000] {processor.py:925} INFO - DAG(s) 'dataset_with_extra_by_yield', 'dataset_with_extra_by_context', 'dataset_with_extra_from_classic_operator' retrieved from /home/airflow/.local/lib/python3.12/site-packages/airflow/example_dags/example_outlet_event_extra.py
[2025-12-21T20:39:12.558+0000] {logging_mixin.py:190} INFO - [2025-12-21T20:39:12.557+0000] {dag.py:3239} INFO - Sync 3 DAGs
[2025-12-21T20:39:12.601+0000] {logging_mixin.py:190} INFO - [2025-12-21T20:39:12.600+0000] {dag.py:4180} INFO - Setting next_dagrun for dataset_with_extra_by_context to 2025-12-20 00:00:00+00:00, run_after=2025-12-21 00:00:00+00:00
[2025-12-21T20:39:12.611+0000] {logging_mixin.py:190} INFO - [2025-12-21T20:39:12.611+0000] {dag.py:4180} INFO - Setting next_dagrun for dataset_with_extra_by_yield to 2025-12-20 00:00:00+00:00, run_after=2025-12-21 00:00:00+00:00
[2025-12-21T20:39:12.616+0000] {logging_mixin.py:190} INFO - [2025-12-21T20:39:12.615+0000] {dag.py:4180} INFO - Setting next_dagrun for dataset_with_extra_from_classic_operator to 2025-12-20 00:00:00+00:00, run_after=2025-12-21 00:00:00+00:00
[2025-12-21T20:39:12.649+0000] {processor.py:208} INFO - Processing /home/airflow/.local/lib/python3.12/site-packages/airflow/example_dags/example_outlet_event_extra.py took 0.657 seconds
[2025-12-21T20:39:42.907+0000] {processor.py:186} INFO - Started process (PID=2182) to work on /home/airflow/.local/lib/python3.12/site-packages/airflow/example_dags/example_outlet_event_extra.py
[2025-12-21T20:39:42.909+0000] {processor.py:914} INFO - Processing file /home/airflow/.local/lib/python3.12/site-packages/airflow/example_dags/example_outlet_event_extra.py for tasks to queue
[2025-12-21T20:39:42.916+0000] {logging_mixin.py:190} INFO - [2025-12-21T20:39:42.915+0000] {dagbag.py:588} INFO - Filling up the DagBag from /home/airflow/.local/lib/python3.12/site-packages/airflow/example_dags/example_outlet_event_extra.py
[2025-12-21T20:39:43.418+0000] {processor.py:925} INFO - DAG(s) 'dataset_with_extra_by_context', 'dataset_with_extra_from_classic_operator', 'dataset_with_extra_by_yield' retrieved from /home/airflow/.local/lib/python3.12/site-packages/airflow/example_dags/example_outlet_event_extra.py
[2025-12-21T20:39:43.454+0000] {logging_mixin.py:190} INFO - [2025-12-21T20:39:43.454+0000] {dag.py:3239} INFO - Sync 3 DAGs
[2025-12-21T20:39:43.482+0000] {logging_mixin.py:190} INFO - [2025-12-21T20:39:43.481+0000] {dag.py:4180} INFO - Setting next_dagrun for dataset_with_extra_by_context to 2025-12-20 00:00:00+00:00, run_after=2025-12-21 00:00:00+00:00
[2025-12-21T20:39:43.488+0000] {logging_mixin.py:190} INFO - [2025-12-21T20:39:43.488+0000] {dag.py:4180} INFO - Setting next_dagrun for dataset_with_extra_by_yield to 2025-12-20 00:00:00+00:00, run_after=2025-12-21 00:00:00+00:00
[2025-12-21T20:39:43.491+0000] {logging_mixin.py:190} INFO - [2025-12-21T20:39:43.491+0000] {dag.py:4180} INFO - Setting next_dagrun for dataset_with_extra_from_classic_operator to 2025-12-20 00:00:00+00:00, run_after=2025-12-21 00:00:00+00:00
[2025-12-21T20:39:43.526+0000] {processor.py:208} INFO - Processing /home/airflow/.local/lib/python3.12/site-packages/airflow/example_dags/example_outlet_event_extra.py took 0.631 seconds
[2025-12-21T20:43:17.703+0000] {processor.py:186} INFO - Started process (PID=2291) to work on /home/airflow/.local/lib/python3.12/site-packages/airflow/example_dags/example_outlet_event_extra.py
[2025-12-21T20:43:17.705+0000] {processor.py:914} INFO - Processing file /home/airflow/.local/lib/python3.12/site-packages/airflow/example_dags/example_outlet_event_extra.py for tasks to queue
[2025-12-21T20:43:17.707+0000] {logging_mixin.py:190} INFO - [2025-12-21T20:43:17.707+0000] {dagbag.py:588} INFO - Filling up the DagBag from /home/airflow/.local/lib/python3.12/site-packages/airflow/example_dags/example_outlet_event_extra.py
[2025-12-21T20:43:18.884+0000] {processor.py:925} INFO - DAG(s) 'dataset_with_extra_from_classic_operator', 'dataset_with_extra_by_yield', 'dataset_with_extra_by_context' retrieved from /home/airflow/.local/lib/python3.12/site-packages/airflow/example_dags/example_outlet_event_extra.py
[2025-12-21T20:43:18.921+0000] {logging_mixin.py:190} INFO - [2025-12-21T20:43:18.921+0000] {dag.py:3239} INFO - Sync 3 DAGs
[2025-12-21T20:43:18.954+0000] {logging_mixin.py:190} INFO - [2025-12-21T20:43:18.954+0000] {dag.py:4180} INFO - Setting next_dagrun for dataset_with_extra_by_context to 2025-12-20 00:00:00+00:00, run_after=2025-12-21 00:00:00+00:00
[2025-12-21T20:43:18.961+0000] {logging_mixin.py:190} INFO - [2025-12-21T20:43:18.961+0000] {dag.py:4180} INFO - Setting next_dagrun for dataset_with_extra_by_yield to 2025-12-20 00:00:00+00:00, run_after=2025-12-21 00:00:00+00:00
[2025-12-21T20:43:18.965+0000] {logging_mixin.py:190} INFO - [2025-12-21T20:43:18.965+0000] {dag.py:4180} INFO - Setting next_dagrun for dataset_with_extra_from_classic_operator to 2025-12-20 00:00:00+00:00, run_after=2025-12-21 00:00:00+00:00
[2025-12-21T20:43:19.000+0000] {processor.py:208} INFO - Processing /home/airflow/.local/lib/python3.12/site-packages/airflow/example_dags/example_outlet_event_extra.py took 1.304 seconds
[2025-12-21T20:43:49.152+0000] {processor.py:186} INFO - Started process (PID=2357) to work on /home/airflow/.local/lib/python3.12/site-packages/airflow/example_dags/example_outlet_event_extra.py
[2025-12-21T20:43:49.153+0000] {processor.py:914} INFO - Processing file /home/airflow/.local/lib/python3.12/site-packages/airflow/example_dags/example_outlet_event_extra.py for tasks to queue
[2025-12-21T20:43:49.156+0000] {logging_mixin.py:190} INFO - [2025-12-21T20:43:49.155+0000] {dagbag.py:588} INFO - Filling up the DagBag from /home/airflow/.local/lib/python3.12/site-packages/airflow/example_dags/example_outlet_event_extra.py
[2025-12-21T20:43:49.676+0000] {processor.py:925} INFO - DAG(s) 'dataset_with_extra_by_yield', 'dataset_with_extra_from_classic_operator', 'dataset_with_extra_by_context' retrieved from /home/airflow/.local/lib/python3.12/site-packages/airflow/example_dags/example_outlet_event_extra.py
[2025-12-21T20:43:49.712+0000] {logging_mixin.py:190} INFO - [2025-12-21T20:43:49.712+0000] {dag.py:3239} INFO - Sync 3 DAGs
[2025-12-21T20:43:49.744+0000] {logging_mixin.py:190} INFO - [2025-12-21T20:43:49.744+0000] {dag.py:4180} INFO - Setting next_dagrun for dataset_with_extra_by_context to 2025-12-20 00:00:00+00:00, run_after=2025-12-21 00:00:00+00:00
[2025-12-21T20:43:49.751+0000] {logging_mixin.py:190} INFO - [2025-12-21T20:43:49.751+0000] {dag.py:4180} INFO - Setting next_dagrun for dataset_with_extra_by_yield to 2025-12-20 00:00:00+00:00, run_after=2025-12-21 00:00:00+00:00
[2025-12-21T20:43:49.755+0000] {logging_mixin.py:190} INFO - [2025-12-21T20:43:49.754+0000] {dag.py:4180} INFO - Setting next_dagrun for dataset_with_extra_from_classic_operator to 2025-12-20 00:00:00+00:00, run_after=2025-12-21 00:00:00+00:00
[2025-12-21T20:43:49.787+0000] {processor.py:208} INFO - Processing /home/airflow/.local/lib/python3.12/site-packages/airflow/example_dags/example_outlet_event_extra.py took 0.646 seconds
[2025-12-21T20:44:20.001+0000] {processor.py:186} INFO - Started process (PID=2423) to work on /home/airflow/.local/lib/python3.12/site-packages/airflow/example_dags/example_outlet_event_extra.py
[2025-12-21T20:44:20.002+0000] {processor.py:914} INFO - Processing file /home/airflow/.local/lib/python3.12/site-packages/airflow/example_dags/example_outlet_event_extra.py for tasks to queue
[2025-12-21T20:44:20.003+0000] {logging_mixin.py:190} INFO - [2025-12-21T20:44:20.003+0000] {dagbag.py:588} INFO - Filling up the DagBag from /home/airflow/.local/lib/python3.12/site-packages/airflow/example_dags/example_outlet_event_extra.py
[2025-12-21T20:44:20.540+0000] {processor.py:925} INFO - DAG(s) 'dataset_with_extra_by_context', 'dataset_with_extra_from_classic_operator', 'dataset_with_extra_by_yield' retrieved from /home/airflow/.local/lib/python3.12/site-packages/airflow/example_dags/example_outlet_event_extra.py
[2025-12-21T20:44:20.568+0000] {logging_mixin.py:190} INFO - [2025-12-21T20:44:20.568+0000] {dag.py:3239} INFO - Sync 3 DAGs
[2025-12-21T20:44:20.593+0000] {logging_mixin.py:190} INFO - [2025-12-21T20:44:20.593+0000] {dag.py:4180} INFO - Setting next_dagrun for dataset_with_extra_by_context to 2025-12-20 00:00:00+00:00, run_after=2025-12-21 00:00:00+00:00
[2025-12-21T20:44:20.599+0000] {logging_mixin.py:190} INFO - [2025-12-21T20:44:20.599+0000] {dag.py:4180} INFO - Setting next_dagrun for dataset_with_extra_by_yield to 2025-12-20 00:00:00+00:00, run_after=2025-12-21 00:00:00+00:00
[2025-12-21T20:44:20.603+0000] {logging_mixin.py:190} INFO - [2025-12-21T20:44:20.602+0000] {dag.py:4180} INFO - Setting next_dagrun for dataset_with_extra_from_classic_operator to 2025-12-20 00:00:00+00:00, run_after=2025-12-21 00:00:00+00:00
[2025-12-21T20:44:20.630+0000] {processor.py:208} INFO - Processing /home/airflow/.local/lib/python3.12/site-packages/airflow/example_dags/example_outlet_event_extra.py took 0.636 seconds
[2025-12-21T20:44:50.847+0000] {processor.py:186} INFO - Started process (PID=2491) to work on /home/airflow/.local/lib/python3.12/site-packages/airflow/example_dags/example_outlet_event_extra.py
[2025-12-21T20:44:50.848+0000] {processor.py:914} INFO - Processing file /home/airflow/.local/lib/python3.12/site-packages/airflow/example_dags/example_outlet_event_extra.py for tasks to queue
[2025-12-21T20:44:50.850+0000] {logging_mixin.py:190} INFO - [2025-12-21T20:44:50.850+0000] {dagbag.py:588} INFO - Filling up the DagBag from /home/airflow/.local/lib/python3.12/site-packages/airflow/example_dags/example_outlet_event_extra.py
[2025-12-21T20:44:51.404+0000] {processor.py:925} INFO - DAG(s) 'dataset_with_extra_from_classic_operator', 'dataset_with_extra_by_yield', 'dataset_with_extra_by_context' retrieved from /home/airflow/.local/lib/python3.12/site-packages/airflow/example_dags/example_outlet_event_extra.py
[2025-12-21T20:44:51.445+0000] {logging_mixin.py:190} INFO - [2025-12-21T20:44:51.445+0000] {dag.py:3239} INFO - Sync 3 DAGs
[2025-12-21T20:44:51.471+0000] {logging_mixin.py:190} INFO - [2025-12-21T20:44:51.471+0000] {dag.py:4180} INFO - Setting next_dagrun for dataset_with_extra_by_context to 2025-12-20 00:00:00+00:00, run_after=2025-12-21 00:00:00+00:00
[2025-12-21T20:44:51.478+0000] {logging_mixin.py:190} INFO - [2025-12-21T20:44:51.478+0000] {dag.py:4180} INFO - Setting next_dagrun for dataset_with_extra_by_yield to 2025-12-20 00:00:00+00:00, run_after=2025-12-21 00:00:00+00:00
[2025-12-21T20:44:51.482+0000] {logging_mixin.py:190} INFO - [2025-12-21T20:44:51.481+0000] {dag.py:4180} INFO - Setting next_dagrun for dataset_with_extra_from_classic_operator to 2025-12-20 00:00:00+00:00, run_after=2025-12-21 00:00:00+00:00
[2025-12-21T20:44:51.511+0000] {processor.py:208} INFO - Processing /home/airflow/.local/lib/python3.12/site-packages/airflow/example_dags/example_outlet_event_extra.py took 0.669 seconds
[2025-12-21T20:45:21.805+0000] {processor.py:186} INFO - Started process (PID=2557) to work on /home/airflow/.local/lib/python3.12/site-packages/airflow/example_dags/example_outlet_event_extra.py
[2025-12-21T20:45:21.807+0000] {processor.py:914} INFO - Processing file /home/airflow/.local/lib/python3.12/site-packages/airflow/example_dags/example_outlet_event_extra.py for tasks to queue
[2025-12-21T20:45:21.811+0000] {logging_mixin.py:190} INFO - [2025-12-21T20:45:21.810+0000] {dagbag.py:588} INFO - Filling up the DagBag from /home/airflow/.local/lib/python3.12/site-packages/airflow/example_dags/example_outlet_event_extra.py
[2025-12-21T20:45:22.357+0000] {processor.py:925} INFO - DAG(s) 'dataset_with_extra_from_classic_operator', 'dataset_with_extra_by_context', 'dataset_with_extra_by_yield' retrieved from /home/airflow/.local/lib/python3.12/site-packages/airflow/example_dags/example_outlet_event_extra.py
[2025-12-21T20:45:22.383+0000] {logging_mixin.py:190} INFO - [2025-12-21T20:45:22.383+0000] {dag.py:3239} INFO - Sync 3 DAGs
[2025-12-21T20:45:22.407+0000] {logging_mixin.py:190} INFO - [2025-12-21T20:45:22.407+0000] {dag.py:4180} INFO - Setting next_dagrun for dataset_with_extra_by_context to 2025-12-20 00:00:00+00:00, run_after=2025-12-21 00:00:00+00:00
[2025-12-21T20:45:22.412+0000] {logging_mixin.py:190} INFO - [2025-12-21T20:45:22.412+0000] {dag.py:4180} INFO - Setting next_dagrun for dataset_with_extra_by_yield to 2025-12-20 00:00:00+00:00, run_after=2025-12-21 00:00:00+00:00
[2025-12-21T20:45:22.415+0000] {logging_mixin.py:190} INFO - [2025-12-21T20:45:22.415+0000] {dag.py:4180} INFO - Setting next_dagrun for dataset_with_extra_from_classic_operator to 2025-12-20 00:00:00+00:00, run_after=2025-12-21 00:00:00+00:00
[2025-12-21T20:45:22.447+0000] {processor.py:208} INFO - Processing /home/airflow/.local/lib/python3.12/site-packages/airflow/example_dags/example_outlet_event_extra.py took 0.654 seconds
[2025-12-21T20:45:53.612+0000] {processor.py:186} INFO - Started process (PID=2625) to work on /home/airflow/.local/lib/python3.12/site-packages/airflow/example_dags/example_outlet_event_extra.py
[2025-12-21T20:45:53.614+0000] {processor.py:914} INFO - Processing file /home/airflow/.local/lib/python3.12/site-packages/airflow/example_dags/example_outlet_event_extra.py for tasks to queue
[2025-12-21T20:45:53.618+0000] {logging_mixin.py:190} INFO - [2025-12-21T20:45:53.617+0000] {dagbag.py:588} INFO - Filling up the DagBag from /home/airflow/.local/lib/python3.12/site-packages/airflow/example_dags/example_outlet_event_extra.py
[2025-12-21T20:45:54.130+0000] {processor.py:925} INFO - DAG(s) 'dataset_with_extra_by_yield', 'dataset_with_extra_from_classic_operator', 'dataset_with_extra_by_context' retrieved from /home/airflow/.local/lib/python3.12/site-packages/airflow/example_dags/example_outlet_event_extra.py
[2025-12-21T20:45:54.163+0000] {logging_mixin.py:190} INFO - [2025-12-21T20:45:54.162+0000] {dag.py:3239} INFO - Sync 3 DAGs
[2025-12-21T20:45:54.191+0000] {logging_mixin.py:190} INFO - [2025-12-21T20:45:54.190+0000] {dag.py:4180} INFO - Setting next_dagrun for dataset_with_extra_by_context to 2025-12-20 00:00:00+00:00, run_after=2025-12-21 00:00:00+00:00
[2025-12-21T20:45:54.200+0000] {logging_mixin.py:190} INFO - [2025-12-21T20:45:54.200+0000] {dag.py:4180} INFO - Setting next_dagrun for dataset_with_extra_by_yield to 2025-12-20 00:00:00+00:00, run_after=2025-12-21 00:00:00+00:00
[2025-12-21T20:45:54.207+0000] {logging_mixin.py:190} INFO - [2025-12-21T20:45:54.206+0000] {dag.py:4180} INFO - Setting next_dagrun for dataset_with_extra_from_classic_operator to 2025-12-20 00:00:00+00:00, run_after=2025-12-21 00:00:00+00:00
[2025-12-21T20:45:54.255+0000] {processor.py:208} INFO - Processing /home/airflow/.local/lib/python3.12/site-packages/airflow/example_dags/example_outlet_event_extra.py took 0.652 seconds
[2025-12-21T20:46:24.358+0000] {processor.py:186} INFO - Started process (PID=2691) to work on /home/airflow/.local/lib/python3.12/site-packages/airflow/example_dags/example_outlet_event_extra.py
[2025-12-21T20:46:24.359+0000] {processor.py:914} INFO - Processing file /home/airflow/.local/lib/python3.12/site-packages/airflow/example_dags/example_outlet_event_extra.py for tasks to queue
[2025-12-21T20:46:24.360+0000] {logging_mixin.py:190} INFO - [2025-12-21T20:46:24.360+0000] {dagbag.py:588} INFO - Filling up the DagBag from /home/airflow/.local/lib/python3.12/site-packages/airflow/example_dags/example_outlet_event_extra.py
[2025-12-21T20:46:24.847+0000] {processor.py:925} INFO - DAG(s) 'dataset_with_extra_by_yield', 'dataset_with_extra_by_context', 'dataset_with_extra_from_classic_operator' retrieved from /home/airflow/.local/lib/python3.12/site-packages/airflow/example_dags/example_outlet_event_extra.py
[2025-12-21T20:46:24.894+0000] {logging_mixin.py:190} INFO - [2025-12-21T20:46:24.893+0000] {dag.py:3239} INFO - Sync 3 DAGs
[2025-12-21T20:46:24.928+0000] {logging_mixin.py:190} INFO - [2025-12-21T20:46:24.928+0000] {dag.py:4180} INFO - Setting next_dagrun for dataset_with_extra_by_context to 2025-12-20 00:00:00+00:00, run_after=2025-12-21 00:00:00+00:00
[2025-12-21T20:46:24.938+0000] {logging_mixin.py:190} INFO - [2025-12-21T20:46:24.938+0000] {dag.py:4180} INFO - Setting next_dagrun for dataset_with_extra_by_yield to 2025-12-20 00:00:00+00:00, run_after=2025-12-21 00:00:00+00:00
[2025-12-21T20:46:24.947+0000] {logging_mixin.py:190} INFO - [2025-12-21T20:46:24.946+0000] {dag.py:4180} INFO - Setting next_dagrun for dataset_with_extra_from_classic_operator to 2025-12-20 00:00:00+00:00, run_after=2025-12-21 00:00:00+00:00
[2025-12-21T20:46:24.980+0000] {processor.py:208} INFO - Processing /home/airflow/.local/lib/python3.12/site-packages/airflow/example_dags/example_outlet_event_extra.py took 0.627 seconds
[2025-12-21T20:46:55.238+0000] {processor.py:186} INFO - Started process (PID=2757) to work on /home/airflow/.local/lib/python3.12/site-packages/airflow/example_dags/example_outlet_event_extra.py
[2025-12-21T20:46:55.240+0000] {processor.py:914} INFO - Processing file /home/airflow/.local/lib/python3.12/site-packages/airflow/example_dags/example_outlet_event_extra.py for tasks to queue
[2025-12-21T20:46:55.242+0000] {logging_mixin.py:190} INFO - [2025-12-21T20:46:55.241+0000] {dagbag.py:588} INFO - Filling up the DagBag from /home/airflow/.local/lib/python3.12/site-packages/airflow/example_dags/example_outlet_event_extra.py
[2025-12-21T20:46:55.797+0000] {processor.py:925} INFO - DAG(s) 'dataset_with_extra_by_yield', 'dataset_with_extra_from_classic_operator', 'dataset_with_extra_by_context' retrieved from /home/airflow/.local/lib/python3.12/site-packages/airflow/example_dags/example_outlet_event_extra.py
[2025-12-21T20:46:55.827+0000] {logging_mixin.py:190} INFO - [2025-12-21T20:46:55.827+0000] {dag.py:3239} INFO - Sync 3 DAGs
[2025-12-21T20:46:55.856+0000] {logging_mixin.py:190} INFO - [2025-12-21T20:46:55.856+0000] {dag.py:4180} INFO - Setting next_dagrun for dataset_with_extra_by_context to 2025-12-20 00:00:00+00:00, run_after=2025-12-21 00:00:00+00:00
[2025-12-21T20:46:55.864+0000] {logging_mixin.py:190} INFO - [2025-12-21T20:46:55.864+0000] {dag.py:4180} INFO - Setting next_dagrun for dataset_with_extra_by_yield to 2025-12-20 00:00:00+00:00, run_after=2025-12-21 00:00:00+00:00
[2025-12-21T20:46:55.868+0000] {logging_mixin.py:190} INFO - [2025-12-21T20:46:55.867+0000] {dag.py:4180} INFO - Setting next_dagrun for dataset_with_extra_from_classic_operator to 2025-12-20 00:00:00+00:00, run_after=2025-12-21 00:00:00+00:00
[2025-12-21T20:46:55.902+0000] {processor.py:208} INFO - Processing /home/airflow/.local/lib/python3.12/site-packages/airflow/example_dags/example_outlet_event_extra.py took 0.677 seconds
[2025-12-21T20:47:25.982+0000] {processor.py:186} INFO - Started process (PID=2823) to work on /home/airflow/.local/lib/python3.12/site-packages/airflow/example_dags/example_outlet_event_extra.py
[2025-12-21T20:47:25.984+0000] {processor.py:914} INFO - Processing file /home/airflow/.local/lib/python3.12/site-packages/airflow/example_dags/example_outlet_event_extra.py for tasks to queue
[2025-12-21T20:47:25.987+0000] {logging_mixin.py:190} INFO - [2025-12-21T20:47:25.986+0000] {dagbag.py:588} INFO - Filling up the DagBag from /home/airflow/.local/lib/python3.12/site-packages/airflow/example_dags/example_outlet_event_extra.py
[2025-12-21T20:47:26.470+0000] {processor.py:925} INFO - DAG(s) 'dataset_with_extra_by_context', 'dataset_with_extra_from_classic_operator', 'dataset_with_extra_by_yield' retrieved from /home/airflow/.local/lib/python3.12/site-packages/airflow/example_dags/example_outlet_event_extra.py
[2025-12-21T20:47:26.499+0000] {logging_mixin.py:190} INFO - [2025-12-21T20:47:26.499+0000] {dag.py:3239} INFO - Sync 3 DAGs
[2025-12-21T20:47:26.525+0000] {logging_mixin.py:190} INFO - [2025-12-21T20:47:26.525+0000] {dag.py:4180} INFO - Setting next_dagrun for dataset_with_extra_by_context to 2025-12-20 00:00:00+00:00, run_after=2025-12-21 00:00:00+00:00
[2025-12-21T20:47:26.531+0000] {logging_mixin.py:190} INFO - [2025-12-21T20:47:26.530+0000] {dag.py:4180} INFO - Setting next_dagrun for dataset_with_extra_by_yield to 2025-12-20 00:00:00+00:00, run_after=2025-12-21 00:00:00+00:00
[2025-12-21T20:47:26.534+0000] {logging_mixin.py:190} INFO - [2025-12-21T20:47:26.534+0000] {dag.py:4180} INFO - Setting next_dagrun for dataset_with_extra_from_classic_operator to 2025-12-20 00:00:00+00:00, run_after=2025-12-21 00:00:00+00:00
[2025-12-21T20:47:26.562+0000] {processor.py:208} INFO - Processing /home/airflow/.local/lib/python3.12/site-packages/airflow/example_dags/example_outlet_event_extra.py took 0.592 seconds
