[2025-12-21T20:23:38.726+0000] {processor.py:186} INFO - Started process (PID=110) to work on /home/airflow/.local/lib/python3.12/site-packages/airflow/example_dags/example_bash_operator.py
[2025-12-21T20:23:38.727+0000] {processor.py:914} INFO - Processing file /home/airflow/.local/lib/python3.12/site-packages/airflow/example_dags/example_bash_operator.py for tasks to queue
[2025-12-21T20:23:38.729+0000] {logging_mixin.py:190} INFO - [2025-12-21T20:23:38.729+0000] {dagbag.py:588} INFO - Filling up the DagBag from /home/airflow/.local/lib/python3.12/site-packages/airflow/example_dags/example_bash_operator.py
[2025-12-21T20:23:38.742+0000] {processor.py:925} INFO - DAG(s) 'example_bash_operator' retrieved from /home/airflow/.local/lib/python3.12/site-packages/airflow/example_dags/example_bash_operator.py
[2025-12-21T20:23:38.895+0000] {logging_mixin.py:190} INFO - [2025-12-21T20:23:38.894+0000] {override.py:1912} INFO - Created Permission View: can delete on DAG:example_bash_operator
[2025-12-21T20:23:38.910+0000] {logging_mixin.py:190} INFO - [2025-12-21T20:23:38.909+0000] {override.py:1912} INFO - Created Permission View: can edit on DAG:example_bash_operator
[2025-12-21T20:23:38.922+0000] {logging_mixin.py:190} INFO - [2025-12-21T20:23:38.922+0000] {override.py:1912} INFO - Created Permission View: can read on DAG:example_bash_operator
[2025-12-21T20:23:38.939+0000] {logging_mixin.py:190} INFO - [2025-12-21T20:23:38.939+0000] {override.py:1912} INFO - Created Permission View: can delete on DAG Run:example_bash_operator
[2025-12-21T20:23:38.957+0000] {logging_mixin.py:190} INFO - [2025-12-21T20:23:38.957+0000] {override.py:1912} INFO - Created Permission View: can create on DAG Run:example_bash_operator
[2025-12-21T20:23:38.970+0000] {logging_mixin.py:190} INFO - [2025-12-21T20:23:38.969+0000] {override.py:1912} INFO - Created Permission View: menu access on DAG Run:example_bash_operator
[2025-12-21T20:23:38.982+0000] {logging_mixin.py:190} INFO - [2025-12-21T20:23:38.981+0000] {override.py:1912} INFO - Created Permission View: can read on DAG Run:example_bash_operator
[2025-12-21T20:23:38.983+0000] {logging_mixin.py:190} INFO - [2025-12-21T20:23:38.983+0000] {dag.py:3239} INFO - Sync 1 DAGs
[2025-12-21T20:23:39.000+0000] {logging_mixin.py:190} INFO - [2025-12-21T20:23:38.999+0000] {dag.py:3262} INFO - Creating ORM DAG for example_bash_operator
[2025-12-21T20:23:39.020+0000] {logging_mixin.py:190} INFO - [2025-12-21T20:23:39.019+0000] {dag.py:4180} INFO - Setting next_dagrun for example_bash_operator to 2025-12-20 00:00:00+00:00, run_after=2025-12-21 00:00:00+00:00
[2025-12-21T20:23:39.043+0000] {processor.py:208} INFO - Processing /home/airflow/.local/lib/python3.12/site-packages/airflow/example_dags/example_bash_operator.py took 0.324 seconds
[2025-12-21T20:24:09.913+0000] {processor.py:186} INFO - Started process (PID=176) to work on /home/airflow/.local/lib/python3.12/site-packages/airflow/example_dags/example_bash_operator.py
[2025-12-21T20:24:09.915+0000] {processor.py:914} INFO - Processing file /home/airflow/.local/lib/python3.12/site-packages/airflow/example_dags/example_bash_operator.py for tasks to queue
[2025-12-21T20:24:09.920+0000] {logging_mixin.py:190} INFO - [2025-12-21T20:24:09.920+0000] {dagbag.py:588} INFO - Filling up the DagBag from /home/airflow/.local/lib/python3.12/site-packages/airflow/example_dags/example_bash_operator.py
[2025-12-21T20:24:09.984+0000] {processor.py:925} INFO - DAG(s) 'example_bash_operator' retrieved from /home/airflow/.local/lib/python3.12/site-packages/airflow/example_dags/example_bash_operator.py
[2025-12-21T20:24:10.023+0000] {logging_mixin.py:190} INFO - [2025-12-21T20:24:10.022+0000] {dag.py:3239} INFO - Sync 1 DAGs
[2025-12-21T20:24:10.054+0000] {logging_mixin.py:190} INFO - [2025-12-21T20:24:10.054+0000] {dag.py:4180} INFO - Setting next_dagrun for example_bash_operator to 2025-12-20 00:00:00+00:00, run_after=2025-12-21 00:00:00+00:00
[2025-12-21T20:24:10.080+0000] {processor.py:208} INFO - Processing /home/airflow/.local/lib/python3.12/site-packages/airflow/example_dags/example_bash_operator.py took 0.176 seconds
[2025-12-21T20:24:40.524+0000] {processor.py:186} INFO - Started process (PID=242) to work on /home/airflow/.local/lib/python3.12/site-packages/airflow/example_dags/example_bash_operator.py
[2025-12-21T20:24:40.526+0000] {processor.py:914} INFO - Processing file /home/airflow/.local/lib/python3.12/site-packages/airflow/example_dags/example_bash_operator.py for tasks to queue
[2025-12-21T20:24:40.529+0000] {logging_mixin.py:190} INFO - [2025-12-21T20:24:40.528+0000] {dagbag.py:588} INFO - Filling up the DagBag from /home/airflow/.local/lib/python3.12/site-packages/airflow/example_dags/example_bash_operator.py
[2025-12-21T20:24:40.546+0000] {processor.py:925} INFO - DAG(s) 'example_bash_operator' retrieved from /home/airflow/.local/lib/python3.12/site-packages/airflow/example_dags/example_bash_operator.py
[2025-12-21T20:24:40.585+0000] {logging_mixin.py:190} INFO - [2025-12-21T20:24:40.585+0000] {dag.py:3239} INFO - Sync 1 DAGs
[2025-12-21T20:24:40.611+0000] {logging_mixin.py:190} INFO - [2025-12-21T20:24:40.611+0000] {dag.py:4180} INFO - Setting next_dagrun for example_bash_operator to 2025-12-20 00:00:00+00:00, run_after=2025-12-21 00:00:00+00:00
[2025-12-21T20:24:40.637+0000] {processor.py:208} INFO - Processing /home/airflow/.local/lib/python3.12/site-packages/airflow/example_dags/example_bash_operator.py took 0.124 seconds
[2025-12-21T20:25:11.168+0000] {processor.py:186} INFO - Started process (PID=308) to work on /home/airflow/.local/lib/python3.12/site-packages/airflow/example_dags/example_bash_operator.py
[2025-12-21T20:25:11.169+0000] {processor.py:914} INFO - Processing file /home/airflow/.local/lib/python3.12/site-packages/airflow/example_dags/example_bash_operator.py for tasks to queue
[2025-12-21T20:25:11.171+0000] {logging_mixin.py:190} INFO - [2025-12-21T20:25:11.171+0000] {dagbag.py:588} INFO - Filling up the DagBag from /home/airflow/.local/lib/python3.12/site-packages/airflow/example_dags/example_bash_operator.py
[2025-12-21T20:25:11.193+0000] {processor.py:925} INFO - DAG(s) 'example_bash_operator' retrieved from /home/airflow/.local/lib/python3.12/site-packages/airflow/example_dags/example_bash_operator.py
[2025-12-21T20:25:11.223+0000] {logging_mixin.py:190} INFO - [2025-12-21T20:25:11.223+0000] {dag.py:3239} INFO - Sync 1 DAGs
[2025-12-21T20:25:11.253+0000] {logging_mixin.py:190} INFO - [2025-12-21T20:25:11.252+0000] {dag.py:4180} INFO - Setting next_dagrun for example_bash_operator to 2025-12-20 00:00:00+00:00, run_after=2025-12-21 00:00:00+00:00
[2025-12-21T20:25:11.278+0000] {processor.py:208} INFO - Processing /home/airflow/.local/lib/python3.12/site-packages/airflow/example_dags/example_bash_operator.py took 0.117 seconds
[2025-12-21T20:25:41.682+0000] {processor.py:186} INFO - Started process (PID=374) to work on /home/airflow/.local/lib/python3.12/site-packages/airflow/example_dags/example_bash_operator.py
[2025-12-21T20:25:41.683+0000] {processor.py:914} INFO - Processing file /home/airflow/.local/lib/python3.12/site-packages/airflow/example_dags/example_bash_operator.py for tasks to queue
[2025-12-21T20:25:41.687+0000] {logging_mixin.py:190} INFO - [2025-12-21T20:25:41.686+0000] {dagbag.py:588} INFO - Filling up the DagBag from /home/airflow/.local/lib/python3.12/site-packages/airflow/example_dags/example_bash_operator.py
[2025-12-21T20:25:41.699+0000] {processor.py:925} INFO - DAG(s) 'example_bash_operator' retrieved from /home/airflow/.local/lib/python3.12/site-packages/airflow/example_dags/example_bash_operator.py
[2025-12-21T20:25:41.749+0000] {logging_mixin.py:190} INFO - [2025-12-21T20:25:41.748+0000] {dag.py:3239} INFO - Sync 1 DAGs
[2025-12-21T20:25:41.781+0000] {logging_mixin.py:190} INFO - [2025-12-21T20:25:41.781+0000] {dag.py:4180} INFO - Setting next_dagrun for example_bash_operator to 2025-12-20 00:00:00+00:00, run_after=2025-12-21 00:00:00+00:00
[2025-12-21T20:25:41.810+0000] {processor.py:208} INFO - Processing /home/airflow/.local/lib/python3.12/site-packages/airflow/example_dags/example_bash_operator.py took 0.134 seconds
[2025-12-21T20:26:12.326+0000] {processor.py:186} INFO - Started process (PID=440) to work on /home/airflow/.local/lib/python3.12/site-packages/airflow/example_dags/example_bash_operator.py
[2025-12-21T20:26:12.328+0000] {processor.py:914} INFO - Processing file /home/airflow/.local/lib/python3.12/site-packages/airflow/example_dags/example_bash_operator.py for tasks to queue
[2025-12-21T20:26:12.334+0000] {logging_mixin.py:190} INFO - [2025-12-21T20:26:12.333+0000] {dagbag.py:588} INFO - Filling up the DagBag from /home/airflow/.local/lib/python3.12/site-packages/airflow/example_dags/example_bash_operator.py
[2025-12-21T20:26:12.358+0000] {processor.py:925} INFO - DAG(s) 'example_bash_operator' retrieved from /home/airflow/.local/lib/python3.12/site-packages/airflow/example_dags/example_bash_operator.py
[2025-12-21T20:26:12.390+0000] {logging_mixin.py:190} INFO - [2025-12-21T20:26:12.390+0000] {dag.py:3239} INFO - Sync 1 DAGs
[2025-12-21T20:26:12.418+0000] {logging_mixin.py:190} INFO - [2025-12-21T20:26:12.418+0000] {dag.py:4180} INFO - Setting next_dagrun for example_bash_operator to 2025-12-20 00:00:00+00:00, run_after=2025-12-21 00:00:00+00:00
[2025-12-21T20:26:12.442+0000] {processor.py:208} INFO - Processing /home/airflow/.local/lib/python3.12/site-packages/airflow/example_dags/example_bash_operator.py took 0.122 seconds
[2025-12-21T20:26:43.108+0000] {processor.py:186} INFO - Started process (PID=506) to work on /home/airflow/.local/lib/python3.12/site-packages/airflow/example_dags/example_bash_operator.py
[2025-12-21T20:26:43.116+0000] {processor.py:914} INFO - Processing file /home/airflow/.local/lib/python3.12/site-packages/airflow/example_dags/example_bash_operator.py for tasks to queue
[2025-12-21T20:26:43.120+0000] {logging_mixin.py:190} INFO - [2025-12-21T20:26:43.119+0000] {dagbag.py:588} INFO - Filling up the DagBag from /home/airflow/.local/lib/python3.12/site-packages/airflow/example_dags/example_bash_operator.py
[2025-12-21T20:26:43.133+0000] {processor.py:925} INFO - DAG(s) 'example_bash_operator' retrieved from /home/airflow/.local/lib/python3.12/site-packages/airflow/example_dags/example_bash_operator.py
[2025-12-21T20:26:43.161+0000] {logging_mixin.py:190} INFO - [2025-12-21T20:26:43.161+0000] {dag.py:3239} INFO - Sync 1 DAGs
[2025-12-21T20:26:43.196+0000] {logging_mixin.py:190} INFO - [2025-12-21T20:26:43.195+0000] {dag.py:4180} INFO - Setting next_dagrun for example_bash_operator to 2025-12-20 00:00:00+00:00, run_after=2025-12-21 00:00:00+00:00
[2025-12-21T20:26:43.225+0000] {processor.py:208} INFO - Processing /home/airflow/.local/lib/python3.12/site-packages/airflow/example_dags/example_bash_operator.py took 0.131 seconds
[2025-12-21T20:27:13.279+0000] {processor.py:186} INFO - Started process (PID=571) to work on /home/airflow/.local/lib/python3.12/site-packages/airflow/example_dags/example_bash_operator.py
[2025-12-21T20:27:13.280+0000] {processor.py:914} INFO - Processing file /home/airflow/.local/lib/python3.12/site-packages/airflow/example_dags/example_bash_operator.py for tasks to queue
[2025-12-21T20:27:13.285+0000] {logging_mixin.py:190} INFO - [2025-12-21T20:27:13.284+0000] {dagbag.py:588} INFO - Filling up the DagBag from /home/airflow/.local/lib/python3.12/site-packages/airflow/example_dags/example_bash_operator.py
[2025-12-21T20:27:13.313+0000] {processor.py:925} INFO - DAG(s) 'example_bash_operator' retrieved from /home/airflow/.local/lib/python3.12/site-packages/airflow/example_dags/example_bash_operator.py
[2025-12-21T20:27:13.343+0000] {logging_mixin.py:190} INFO - [2025-12-21T20:27:13.343+0000] {dag.py:3239} INFO - Sync 1 DAGs
[2025-12-21T20:27:13.366+0000] {logging_mixin.py:190} INFO - [2025-12-21T20:27:13.365+0000] {dag.py:4180} INFO - Setting next_dagrun for example_bash_operator to 2025-12-20 00:00:00+00:00, run_after=2025-12-21 00:00:00+00:00
[2025-12-21T20:27:13.418+0000] {processor.py:208} INFO - Processing /home/airflow/.local/lib/python3.12/site-packages/airflow/example_dags/example_bash_operator.py took 0.149 seconds
[2025-12-21T20:27:43.469+0000] {processor.py:186} INFO - Started process (PID=637) to work on /home/airflow/.local/lib/python3.12/site-packages/airflow/example_dags/example_bash_operator.py
[2025-12-21T20:27:43.471+0000] {processor.py:914} INFO - Processing file /home/airflow/.local/lib/python3.12/site-packages/airflow/example_dags/example_bash_operator.py for tasks to queue
[2025-12-21T20:27:43.476+0000] {logging_mixin.py:190} INFO - [2025-12-21T20:27:43.476+0000] {dagbag.py:588} INFO - Filling up the DagBag from /home/airflow/.local/lib/python3.12/site-packages/airflow/example_dags/example_bash_operator.py
[2025-12-21T20:27:43.488+0000] {processor.py:925} INFO - DAG(s) 'example_bash_operator' retrieved from /home/airflow/.local/lib/python3.12/site-packages/airflow/example_dags/example_bash_operator.py
[2025-12-21T20:27:43.518+0000] {logging_mixin.py:190} INFO - [2025-12-21T20:27:43.518+0000] {dag.py:3239} INFO - Sync 1 DAGs
[2025-12-21T20:27:43.547+0000] {logging_mixin.py:190} INFO - [2025-12-21T20:27:43.547+0000] {dag.py:4180} INFO - Setting next_dagrun for example_bash_operator to 2025-12-20 00:00:00+00:00, run_after=2025-12-21 00:00:00+00:00
[2025-12-21T20:27:43.571+0000] {processor.py:208} INFO - Processing /home/airflow/.local/lib/python3.12/site-packages/airflow/example_dags/example_bash_operator.py took 0.112 seconds
[2025-12-21T20:28:13.698+0000] {processor.py:186} INFO - Started process (PID=703) to work on /home/airflow/.local/lib/python3.12/site-packages/airflow/example_dags/example_bash_operator.py
[2025-12-21T20:28:13.700+0000] {processor.py:914} INFO - Processing file /home/airflow/.local/lib/python3.12/site-packages/airflow/example_dags/example_bash_operator.py for tasks to queue
[2025-12-21T20:28:13.705+0000] {logging_mixin.py:190} INFO - [2025-12-21T20:28:13.704+0000] {dagbag.py:588} INFO - Filling up the DagBag from /home/airflow/.local/lib/python3.12/site-packages/airflow/example_dags/example_bash_operator.py
[2025-12-21T20:28:13.729+0000] {processor.py:925} INFO - DAG(s) 'example_bash_operator' retrieved from /home/airflow/.local/lib/python3.12/site-packages/airflow/example_dags/example_bash_operator.py
[2025-12-21T20:28:13.758+0000] {logging_mixin.py:190} INFO - [2025-12-21T20:28:13.757+0000] {dag.py:3239} INFO - Sync 1 DAGs
[2025-12-21T20:28:13.785+0000] {logging_mixin.py:190} INFO - [2025-12-21T20:28:13.785+0000] {dag.py:4180} INFO - Setting next_dagrun for example_bash_operator to 2025-12-20 00:00:00+00:00, run_after=2025-12-21 00:00:00+00:00
[2025-12-21T20:28:13.810+0000] {processor.py:208} INFO - Processing /home/airflow/.local/lib/python3.12/site-packages/airflow/example_dags/example_bash_operator.py took 0.123 seconds
[2025-12-21T20:28:44.384+0000] {processor.py:186} INFO - Started process (PID=769) to work on /home/airflow/.local/lib/python3.12/site-packages/airflow/example_dags/example_bash_operator.py
[2025-12-21T20:28:44.385+0000] {processor.py:914} INFO - Processing file /home/airflow/.local/lib/python3.12/site-packages/airflow/example_dags/example_bash_operator.py for tasks to queue
[2025-12-21T20:28:44.390+0000] {logging_mixin.py:190} INFO - [2025-12-21T20:28:44.389+0000] {dagbag.py:588} INFO - Filling up the DagBag from /home/airflow/.local/lib/python3.12/site-packages/airflow/example_dags/example_bash_operator.py
[2025-12-21T20:28:44.417+0000] {processor.py:925} INFO - DAG(s) 'example_bash_operator' retrieved from /home/airflow/.local/lib/python3.12/site-packages/airflow/example_dags/example_bash_operator.py
[2025-12-21T20:28:44.448+0000] {logging_mixin.py:190} INFO - [2025-12-21T20:28:44.448+0000] {dag.py:3239} INFO - Sync 1 DAGs
[2025-12-21T20:28:44.478+0000] {logging_mixin.py:190} INFO - [2025-12-21T20:28:44.478+0000] {dag.py:4180} INFO - Setting next_dagrun for example_bash_operator to 2025-12-20 00:00:00+00:00, run_after=2025-12-21 00:00:00+00:00
[2025-12-21T20:28:44.506+0000] {processor.py:208} INFO - Processing /home/airflow/.local/lib/python3.12/site-packages/airflow/example_dags/example_bash_operator.py took 0.132 seconds
[2025-12-21T20:29:14.762+0000] {processor.py:186} INFO - Started process (PID=835) to work on /home/airflow/.local/lib/python3.12/site-packages/airflow/example_dags/example_bash_operator.py
[2025-12-21T20:29:14.764+0000] {processor.py:914} INFO - Processing file /home/airflow/.local/lib/python3.12/site-packages/airflow/example_dags/example_bash_operator.py for tasks to queue
[2025-12-21T20:29:14.769+0000] {logging_mixin.py:190} INFO - [2025-12-21T20:29:14.768+0000] {dagbag.py:588} INFO - Filling up the DagBag from /home/airflow/.local/lib/python3.12/site-packages/airflow/example_dags/example_bash_operator.py
[2025-12-21T20:29:14.792+0000] {processor.py:925} INFO - DAG(s) 'example_bash_operator' retrieved from /home/airflow/.local/lib/python3.12/site-packages/airflow/example_dags/example_bash_operator.py
[2025-12-21T20:29:14.823+0000] {logging_mixin.py:190} INFO - [2025-12-21T20:29:14.823+0000] {dag.py:3239} INFO - Sync 1 DAGs
[2025-12-21T20:29:14.850+0000] {logging_mixin.py:190} INFO - [2025-12-21T20:29:14.849+0000] {dag.py:4180} INFO - Setting next_dagrun for example_bash_operator to 2025-12-20 00:00:00+00:00, run_after=2025-12-21 00:00:00+00:00
[2025-12-21T20:29:14.877+0000] {processor.py:208} INFO - Processing /home/airflow/.local/lib/python3.12/site-packages/airflow/example_dags/example_bash_operator.py took 0.124 seconds
[2025-12-21T20:29:45.179+0000] {processor.py:186} INFO - Started process (PID=901) to work on /home/airflow/.local/lib/python3.12/site-packages/airflow/example_dags/example_bash_operator.py
[2025-12-21T20:29:45.181+0000] {processor.py:914} INFO - Processing file /home/airflow/.local/lib/python3.12/site-packages/airflow/example_dags/example_bash_operator.py for tasks to queue
[2025-12-21T20:29:45.187+0000] {logging_mixin.py:190} INFO - [2025-12-21T20:29:45.186+0000] {dagbag.py:588} INFO - Filling up the DagBag from /home/airflow/.local/lib/python3.12/site-packages/airflow/example_dags/example_bash_operator.py
[2025-12-21T20:29:45.215+0000] {processor.py:925} INFO - DAG(s) 'example_bash_operator' retrieved from /home/airflow/.local/lib/python3.12/site-packages/airflow/example_dags/example_bash_operator.py
[2025-12-21T20:29:45.256+0000] {logging_mixin.py:190} INFO - [2025-12-21T20:29:45.256+0000] {dag.py:3239} INFO - Sync 1 DAGs
[2025-12-21T20:29:45.288+0000] {logging_mixin.py:190} INFO - [2025-12-21T20:29:45.288+0000] {dag.py:4180} INFO - Setting next_dagrun for example_bash_operator to 2025-12-20 00:00:00+00:00, run_after=2025-12-21 00:00:00+00:00
[2025-12-21T20:29:45.319+0000] {processor.py:208} INFO - Processing /home/airflow/.local/lib/python3.12/site-packages/airflow/example_dags/example_bash_operator.py took 0.152 seconds
[2025-12-21T20:30:15.439+0000] {processor.py:186} INFO - Started process (PID=967) to work on /home/airflow/.local/lib/python3.12/site-packages/airflow/example_dags/example_bash_operator.py
[2025-12-21T20:30:15.440+0000] {processor.py:914} INFO - Processing file /home/airflow/.local/lib/python3.12/site-packages/airflow/example_dags/example_bash_operator.py for tasks to queue
[2025-12-21T20:30:15.445+0000] {logging_mixin.py:190} INFO - [2025-12-21T20:30:15.444+0000] {dagbag.py:588} INFO - Filling up the DagBag from /home/airflow/.local/lib/python3.12/site-packages/airflow/example_dags/example_bash_operator.py
[2025-12-21T20:30:15.472+0000] {processor.py:925} INFO - DAG(s) 'example_bash_operator' retrieved from /home/airflow/.local/lib/python3.12/site-packages/airflow/example_dags/example_bash_operator.py
[2025-12-21T20:30:15.515+0000] {logging_mixin.py:190} INFO - [2025-12-21T20:30:15.515+0000] {dag.py:3239} INFO - Sync 1 DAGs
[2025-12-21T20:30:15.539+0000] {logging_mixin.py:190} INFO - [2025-12-21T20:30:15.539+0000] {dag.py:4180} INFO - Setting next_dagrun for example_bash_operator to 2025-12-20 00:00:00+00:00, run_after=2025-12-21 00:00:00+00:00
[2025-12-21T20:30:15.563+0000] {processor.py:208} INFO - Processing /home/airflow/.local/lib/python3.12/site-packages/airflow/example_dags/example_bash_operator.py took 0.132 seconds
[2025-12-21T20:30:45.788+0000] {processor.py:186} INFO - Started process (PID=1033) to work on /home/airflow/.local/lib/python3.12/site-packages/airflow/example_dags/example_bash_operator.py
[2025-12-21T20:30:45.790+0000] {processor.py:914} INFO - Processing file /home/airflow/.local/lib/python3.12/site-packages/airflow/example_dags/example_bash_operator.py for tasks to queue
[2025-12-21T20:30:45.796+0000] {logging_mixin.py:190} INFO - [2025-12-21T20:30:45.795+0000] {dagbag.py:588} INFO - Filling up the DagBag from /home/airflow/.local/lib/python3.12/site-packages/airflow/example_dags/example_bash_operator.py
[2025-12-21T20:30:45.823+0000] {processor.py:925} INFO - DAG(s) 'example_bash_operator' retrieved from /home/airflow/.local/lib/python3.12/site-packages/airflow/example_dags/example_bash_operator.py
[2025-12-21T20:30:45.851+0000] {logging_mixin.py:190} INFO - [2025-12-21T20:30:45.851+0000] {dag.py:3239} INFO - Sync 1 DAGs
[2025-12-21T20:30:45.881+0000] {logging_mixin.py:190} INFO - [2025-12-21T20:30:45.880+0000] {dag.py:4180} INFO - Setting next_dagrun for example_bash_operator to 2025-12-20 00:00:00+00:00, run_after=2025-12-21 00:00:00+00:00
[2025-12-21T20:30:45.904+0000] {processor.py:208} INFO - Processing /home/airflow/.local/lib/python3.12/site-packages/airflow/example_dags/example_bash_operator.py took 0.127 seconds
[2025-12-21T20:31:16.163+0000] {processor.py:186} INFO - Started process (PID=1099) to work on /home/airflow/.local/lib/python3.12/site-packages/airflow/example_dags/example_bash_operator.py
[2025-12-21T20:31:16.165+0000] {processor.py:914} INFO - Processing file /home/airflow/.local/lib/python3.12/site-packages/airflow/example_dags/example_bash_operator.py for tasks to queue
[2025-12-21T20:31:16.170+0000] {logging_mixin.py:190} INFO - [2025-12-21T20:31:16.169+0000] {dagbag.py:588} INFO - Filling up the DagBag from /home/airflow/.local/lib/python3.12/site-packages/airflow/example_dags/example_bash_operator.py
[2025-12-21T20:31:16.198+0000] {processor.py:925} INFO - DAG(s) 'example_bash_operator' retrieved from /home/airflow/.local/lib/python3.12/site-packages/airflow/example_dags/example_bash_operator.py
[2025-12-21T20:31:16.227+0000] {logging_mixin.py:190} INFO - [2025-12-21T20:31:16.226+0000] {dag.py:3239} INFO - Sync 1 DAGs
[2025-12-21T20:31:16.251+0000] {logging_mixin.py:190} INFO - [2025-12-21T20:31:16.251+0000] {dag.py:4180} INFO - Setting next_dagrun for example_bash_operator to 2025-12-20 00:00:00+00:00, run_after=2025-12-21 00:00:00+00:00
[2025-12-21T20:31:16.280+0000] {processor.py:208} INFO - Processing /home/airflow/.local/lib/python3.12/site-packages/airflow/example_dags/example_bash_operator.py took 0.129 seconds
[2025-12-21T20:31:46.420+0000] {processor.py:186} INFO - Started process (PID=1165) to work on /home/airflow/.local/lib/python3.12/site-packages/airflow/example_dags/example_bash_operator.py
[2025-12-21T20:31:46.422+0000] {processor.py:914} INFO - Processing file /home/airflow/.local/lib/python3.12/site-packages/airflow/example_dags/example_bash_operator.py for tasks to queue
[2025-12-21T20:31:46.428+0000] {logging_mixin.py:190} INFO - [2025-12-21T20:31:46.427+0000] {dagbag.py:588} INFO - Filling up the DagBag from /home/airflow/.local/lib/python3.12/site-packages/airflow/example_dags/example_bash_operator.py
[2025-12-21T20:31:46.458+0000] {processor.py:925} INFO - DAG(s) 'example_bash_operator' retrieved from /home/airflow/.local/lib/python3.12/site-packages/airflow/example_dags/example_bash_operator.py
[2025-12-21T20:31:46.489+0000] {logging_mixin.py:190} INFO - [2025-12-21T20:31:46.489+0000] {dag.py:3239} INFO - Sync 1 DAGs
[2025-12-21T20:31:46.515+0000] {logging_mixin.py:190} INFO - [2025-12-21T20:31:46.514+0000] {dag.py:4180} INFO - Setting next_dagrun for example_bash_operator to 2025-12-20 00:00:00+00:00, run_after=2025-12-21 00:00:00+00:00
[2025-12-21T20:31:46.543+0000] {processor.py:208} INFO - Processing /home/airflow/.local/lib/python3.12/site-packages/airflow/example_dags/example_bash_operator.py took 0.137 seconds
[2025-12-21T20:32:17.513+0000] {processor.py:186} INFO - Started process (PID=1231) to work on /home/airflow/.local/lib/python3.12/site-packages/airflow/example_dags/example_bash_operator.py
[2025-12-21T20:32:17.515+0000] {processor.py:914} INFO - Processing file /home/airflow/.local/lib/python3.12/site-packages/airflow/example_dags/example_bash_operator.py for tasks to queue
[2025-12-21T20:32:17.521+0000] {logging_mixin.py:190} INFO - [2025-12-21T20:32:17.521+0000] {dagbag.py:588} INFO - Filling up the DagBag from /home/airflow/.local/lib/python3.12/site-packages/airflow/example_dags/example_bash_operator.py
[2025-12-21T20:32:17.552+0000] {processor.py:925} INFO - DAG(s) 'example_bash_operator' retrieved from /home/airflow/.local/lib/python3.12/site-packages/airflow/example_dags/example_bash_operator.py
[2025-12-21T20:32:17.585+0000] {logging_mixin.py:190} INFO - [2025-12-21T20:32:17.585+0000] {dag.py:3239} INFO - Sync 1 DAGs
[2025-12-21T20:32:17.611+0000] {logging_mixin.py:190} INFO - [2025-12-21T20:32:17.611+0000] {dag.py:4180} INFO - Setting next_dagrun for example_bash_operator to 2025-12-20 00:00:00+00:00, run_after=2025-12-21 00:00:00+00:00
[2025-12-21T20:32:17.634+0000] {processor.py:208} INFO - Processing /home/airflow/.local/lib/python3.12/site-packages/airflow/example_dags/example_bash_operator.py took 0.132 seconds
[2025-12-21T20:32:48.019+0000] {processor.py:186} INFO - Started process (PID=1297) to work on /home/airflow/.local/lib/python3.12/site-packages/airflow/example_dags/example_bash_operator.py
[2025-12-21T20:32:48.021+0000] {processor.py:914} INFO - Processing file /home/airflow/.local/lib/python3.12/site-packages/airflow/example_dags/example_bash_operator.py for tasks to queue
[2025-12-21T20:32:48.026+0000] {logging_mixin.py:190} INFO - [2025-12-21T20:32:48.025+0000] {dagbag.py:588} INFO - Filling up the DagBag from /home/airflow/.local/lib/python3.12/site-packages/airflow/example_dags/example_bash_operator.py
[2025-12-21T20:32:48.054+0000] {processor.py:925} INFO - DAG(s) 'example_bash_operator' retrieved from /home/airflow/.local/lib/python3.12/site-packages/airflow/example_dags/example_bash_operator.py
[2025-12-21T20:32:48.085+0000] {logging_mixin.py:190} INFO - [2025-12-21T20:32:48.085+0000] {dag.py:3239} INFO - Sync 1 DAGs
[2025-12-21T20:32:48.111+0000] {logging_mixin.py:190} INFO - [2025-12-21T20:32:48.110+0000] {dag.py:4180} INFO - Setting next_dagrun for example_bash_operator to 2025-12-20 00:00:00+00:00, run_after=2025-12-21 00:00:00+00:00
[2025-12-21T20:32:48.136+0000] {processor.py:208} INFO - Processing /home/airflow/.local/lib/python3.12/site-packages/airflow/example_dags/example_bash_operator.py took 0.128 seconds
[2025-12-21T20:33:18.314+0000] {processor.py:186} INFO - Started process (PID=1363) to work on /home/airflow/.local/lib/python3.12/site-packages/airflow/example_dags/example_bash_operator.py
[2025-12-21T20:33:18.316+0000] {processor.py:914} INFO - Processing file /home/airflow/.local/lib/python3.12/site-packages/airflow/example_dags/example_bash_operator.py for tasks to queue
[2025-12-21T20:33:18.321+0000] {logging_mixin.py:190} INFO - [2025-12-21T20:33:18.321+0000] {dagbag.py:588} INFO - Filling up the DagBag from /home/airflow/.local/lib/python3.12/site-packages/airflow/example_dags/example_bash_operator.py
[2025-12-21T20:33:18.351+0000] {processor.py:925} INFO - DAG(s) 'example_bash_operator' retrieved from /home/airflow/.local/lib/python3.12/site-packages/airflow/example_dags/example_bash_operator.py
[2025-12-21T20:33:18.393+0000] {logging_mixin.py:190} INFO - [2025-12-21T20:33:18.393+0000] {dag.py:3239} INFO - Sync 1 DAGs
[2025-12-21T20:33:18.420+0000] {logging_mixin.py:190} INFO - [2025-12-21T20:33:18.420+0000] {dag.py:4180} INFO - Setting next_dagrun for example_bash_operator to 2025-12-20 00:00:00+00:00, run_after=2025-12-21 00:00:00+00:00
[2025-12-21T20:33:18.445+0000] {processor.py:208} INFO - Processing /home/airflow/.local/lib/python3.12/site-packages/airflow/example_dags/example_bash_operator.py took 0.141 seconds
[2025-12-21T20:33:48.776+0000] {processor.py:186} INFO - Started process (PID=1429) to work on /home/airflow/.local/lib/python3.12/site-packages/airflow/example_dags/example_bash_operator.py
[2025-12-21T20:33:48.778+0000] {processor.py:914} INFO - Processing file /home/airflow/.local/lib/python3.12/site-packages/airflow/example_dags/example_bash_operator.py for tasks to queue
[2025-12-21T20:33:48.784+0000] {logging_mixin.py:190} INFO - [2025-12-21T20:33:48.783+0000] {dagbag.py:588} INFO - Filling up the DagBag from /home/airflow/.local/lib/python3.12/site-packages/airflow/example_dags/example_bash_operator.py
[2025-12-21T20:33:48.812+0000] {processor.py:925} INFO - DAG(s) 'example_bash_operator' retrieved from /home/airflow/.local/lib/python3.12/site-packages/airflow/example_dags/example_bash_operator.py
[2025-12-21T20:33:48.838+0000] {logging_mixin.py:190} INFO - [2025-12-21T20:33:48.838+0000] {dag.py:3239} INFO - Sync 1 DAGs
[2025-12-21T20:33:48.869+0000] {logging_mixin.py:190} INFO - [2025-12-21T20:33:48.868+0000] {dag.py:4180} INFO - Setting next_dagrun for example_bash_operator to 2025-12-20 00:00:00+00:00, run_after=2025-12-21 00:00:00+00:00
[2025-12-21T20:33:48.895+0000] {processor.py:208} INFO - Processing /home/airflow/.local/lib/python3.12/site-packages/airflow/example_dags/example_bash_operator.py took 0.130 seconds
[2025-12-21T20:34:19.154+0000] {processor.py:186} INFO - Started process (PID=1495) to work on /home/airflow/.local/lib/python3.12/site-packages/airflow/example_dags/example_bash_operator.py
[2025-12-21T20:34:19.156+0000] {processor.py:914} INFO - Processing file /home/airflow/.local/lib/python3.12/site-packages/airflow/example_dags/example_bash_operator.py for tasks to queue
[2025-12-21T20:34:19.160+0000] {logging_mixin.py:190} INFO - [2025-12-21T20:34:19.159+0000] {dagbag.py:588} INFO - Filling up the DagBag from /home/airflow/.local/lib/python3.12/site-packages/airflow/example_dags/example_bash_operator.py
[2025-12-21T20:34:19.187+0000] {processor.py:925} INFO - DAG(s) 'example_bash_operator' retrieved from /home/airflow/.local/lib/python3.12/site-packages/airflow/example_dags/example_bash_operator.py
[2025-12-21T20:34:19.227+0000] {logging_mixin.py:190} INFO - [2025-12-21T20:34:19.227+0000] {dag.py:3239} INFO - Sync 1 DAGs
[2025-12-21T20:34:19.253+0000] {logging_mixin.py:190} INFO - [2025-12-21T20:34:19.253+0000] {dag.py:4180} INFO - Setting next_dagrun for example_bash_operator to 2025-12-20 00:00:00+00:00, run_after=2025-12-21 00:00:00+00:00
[2025-12-21T20:34:19.279+0000] {processor.py:208} INFO - Processing /home/airflow/.local/lib/python3.12/site-packages/airflow/example_dags/example_bash_operator.py took 0.135 seconds
[2025-12-21T20:34:49.506+0000] {processor.py:186} INFO - Started process (PID=1561) to work on /home/airflow/.local/lib/python3.12/site-packages/airflow/example_dags/example_bash_operator.py
[2025-12-21T20:34:49.507+0000] {processor.py:914} INFO - Processing file /home/airflow/.local/lib/python3.12/site-packages/airflow/example_dags/example_bash_operator.py for tasks to queue
[2025-12-21T20:34:49.510+0000] {logging_mixin.py:190} INFO - [2025-12-21T20:34:49.509+0000] {dagbag.py:588} INFO - Filling up the DagBag from /home/airflow/.local/lib/python3.12/site-packages/airflow/example_dags/example_bash_operator.py
[2025-12-21T20:34:49.534+0000] {processor.py:925} INFO - DAG(s) 'example_bash_operator' retrieved from /home/airflow/.local/lib/python3.12/site-packages/airflow/example_dags/example_bash_operator.py
[2025-12-21T20:34:49.585+0000] {logging_mixin.py:190} INFO - [2025-12-21T20:34:49.585+0000] {dag.py:3239} INFO - Sync 1 DAGs
[2025-12-21T20:34:49.609+0000] {logging_mixin.py:190} INFO - [2025-12-21T20:34:49.609+0000] {dag.py:4180} INFO - Setting next_dagrun for example_bash_operator to 2025-12-20 00:00:00+00:00, run_after=2025-12-21 00:00:00+00:00
[2025-12-21T20:34:49.634+0000] {processor.py:208} INFO - Processing /home/airflow/.local/lib/python3.12/site-packages/airflow/example_dags/example_bash_operator.py took 0.138 seconds
[2025-12-21T20:35:20.131+0000] {processor.py:186} INFO - Started process (PID=1627) to work on /home/airflow/.local/lib/python3.12/site-packages/airflow/example_dags/example_bash_operator.py
[2025-12-21T20:35:20.133+0000] {processor.py:914} INFO - Processing file /home/airflow/.local/lib/python3.12/site-packages/airflow/example_dags/example_bash_operator.py for tasks to queue
[2025-12-21T20:35:20.138+0000] {logging_mixin.py:190} INFO - [2025-12-21T20:35:20.138+0000] {dagbag.py:588} INFO - Filling up the DagBag from /home/airflow/.local/lib/python3.12/site-packages/airflow/example_dags/example_bash_operator.py
[2025-12-21T20:35:20.167+0000] {processor.py:925} INFO - DAG(s) 'example_bash_operator' retrieved from /home/airflow/.local/lib/python3.12/site-packages/airflow/example_dags/example_bash_operator.py
[2025-12-21T20:35:20.200+0000] {logging_mixin.py:190} INFO - [2025-12-21T20:35:20.199+0000] {dag.py:3239} INFO - Sync 1 DAGs
[2025-12-21T20:35:20.223+0000] {logging_mixin.py:190} INFO - [2025-12-21T20:35:20.223+0000] {dag.py:4180} INFO - Setting next_dagrun for example_bash_operator to 2025-12-20 00:00:00+00:00, run_after=2025-12-21 00:00:00+00:00
[2025-12-21T20:35:20.248+0000] {processor.py:208} INFO - Processing /home/airflow/.local/lib/python3.12/site-packages/airflow/example_dags/example_bash_operator.py took 0.128 seconds
[2025-12-21T20:35:50.366+0000] {processor.py:186} INFO - Started process (PID=1692) to work on /home/airflow/.local/lib/python3.12/site-packages/airflow/example_dags/example_bash_operator.py
[2025-12-21T20:35:50.367+0000] {processor.py:914} INFO - Processing file /home/airflow/.local/lib/python3.12/site-packages/airflow/example_dags/example_bash_operator.py for tasks to queue
[2025-12-21T20:35:50.372+0000] {logging_mixin.py:190} INFO - [2025-12-21T20:35:50.371+0000] {dagbag.py:588} INFO - Filling up the DagBag from /home/airflow/.local/lib/python3.12/site-packages/airflow/example_dags/example_bash_operator.py
[2025-12-21T20:35:50.399+0000] {processor.py:925} INFO - DAG(s) 'example_bash_operator' retrieved from /home/airflow/.local/lib/python3.12/site-packages/airflow/example_dags/example_bash_operator.py
[2025-12-21T20:35:50.437+0000] {logging_mixin.py:190} INFO - [2025-12-21T20:35:50.437+0000] {dag.py:3239} INFO - Sync 1 DAGs
[2025-12-21T20:35:50.462+0000] {logging_mixin.py:190} INFO - [2025-12-21T20:35:50.462+0000] {dag.py:4180} INFO - Setting next_dagrun for example_bash_operator to 2025-12-20 00:00:00+00:00, run_after=2025-12-21 00:00:00+00:00
[2025-12-21T20:35:50.486+0000] {processor.py:208} INFO - Processing /home/airflow/.local/lib/python3.12/site-packages/airflow/example_dags/example_bash_operator.py took 0.125 seconds
[2025-12-21T20:36:20.965+0000] {processor.py:186} INFO - Started process (PID=1758) to work on /home/airflow/.local/lib/python3.12/site-packages/airflow/example_dags/example_bash_operator.py
[2025-12-21T20:36:20.967+0000] {processor.py:914} INFO - Processing file /home/airflow/.local/lib/python3.12/site-packages/airflow/example_dags/example_bash_operator.py for tasks to queue
[2025-12-21T20:36:20.972+0000] {logging_mixin.py:190} INFO - [2025-12-21T20:36:20.972+0000] {dagbag.py:588} INFO - Filling up the DagBag from /home/airflow/.local/lib/python3.12/site-packages/airflow/example_dags/example_bash_operator.py
[2025-12-21T20:36:21.000+0000] {processor.py:925} INFO - DAG(s) 'example_bash_operator' retrieved from /home/airflow/.local/lib/python3.12/site-packages/airflow/example_dags/example_bash_operator.py
[2025-12-21T20:36:21.044+0000] {logging_mixin.py:190} INFO - [2025-12-21T20:36:21.044+0000] {dag.py:3239} INFO - Sync 1 DAGs
[2025-12-21T20:36:21.071+0000] {logging_mixin.py:190} INFO - [2025-12-21T20:36:21.071+0000] {dag.py:4180} INFO - Setting next_dagrun for example_bash_operator to 2025-12-20 00:00:00+00:00, run_after=2025-12-21 00:00:00+00:00
[2025-12-21T20:36:21.095+0000] {processor.py:208} INFO - Processing /home/airflow/.local/lib/python3.12/site-packages/airflow/example_dags/example_bash_operator.py took 0.141 seconds
[2025-12-21T20:36:51.673+0000] {processor.py:186} INFO - Started process (PID=1824) to work on /home/airflow/.local/lib/python3.12/site-packages/airflow/example_dags/example_bash_operator.py
[2025-12-21T20:36:51.675+0000] {processor.py:914} INFO - Processing file /home/airflow/.local/lib/python3.12/site-packages/airflow/example_dags/example_bash_operator.py for tasks to queue
[2025-12-21T20:36:51.680+0000] {logging_mixin.py:190} INFO - [2025-12-21T20:36:51.680+0000] {dagbag.py:588} INFO - Filling up the DagBag from /home/airflow/.local/lib/python3.12/site-packages/airflow/example_dags/example_bash_operator.py
[2025-12-21T20:36:51.708+0000] {processor.py:925} INFO - DAG(s) 'example_bash_operator' retrieved from /home/airflow/.local/lib/python3.12/site-packages/airflow/example_dags/example_bash_operator.py
[2025-12-21T20:36:51.751+0000] {logging_mixin.py:190} INFO - [2025-12-21T20:36:51.751+0000] {dag.py:3239} INFO - Sync 1 DAGs
[2025-12-21T20:36:51.776+0000] {logging_mixin.py:190} INFO - [2025-12-21T20:36:51.776+0000] {dag.py:4180} INFO - Setting next_dagrun for example_bash_operator to 2025-12-20 00:00:00+00:00, run_after=2025-12-21 00:00:00+00:00
[2025-12-21T20:36:51.800+0000] {processor.py:208} INFO - Processing /home/airflow/.local/lib/python3.12/site-packages/airflow/example_dags/example_bash_operator.py took 0.138 seconds
[2025-12-21T20:37:22.261+0000] {processor.py:186} INFO - Started process (PID=1890) to work on /home/airflow/.local/lib/python3.12/site-packages/airflow/example_dags/example_bash_operator.py
[2025-12-21T20:37:22.263+0000] {processor.py:914} INFO - Processing file /home/airflow/.local/lib/python3.12/site-packages/airflow/example_dags/example_bash_operator.py for tasks to queue
[2025-12-21T20:37:22.268+0000] {logging_mixin.py:190} INFO - [2025-12-21T20:37:22.268+0000] {dagbag.py:588} INFO - Filling up the DagBag from /home/airflow/.local/lib/python3.12/site-packages/airflow/example_dags/example_bash_operator.py
[2025-12-21T20:37:22.294+0000] {processor.py:925} INFO - DAG(s) 'example_bash_operator' retrieved from /home/airflow/.local/lib/python3.12/site-packages/airflow/example_dags/example_bash_operator.py
[2025-12-21T20:37:22.338+0000] {logging_mixin.py:190} INFO - [2025-12-21T20:37:22.337+0000] {dag.py:3239} INFO - Sync 1 DAGs
[2025-12-21T20:37:22.362+0000] {logging_mixin.py:190} INFO - [2025-12-21T20:37:22.362+0000] {dag.py:4180} INFO - Setting next_dagrun for example_bash_operator to 2025-12-20 00:00:00+00:00, run_after=2025-12-21 00:00:00+00:00
[2025-12-21T20:37:22.390+0000] {processor.py:208} INFO - Processing /home/airflow/.local/lib/python3.12/site-packages/airflow/example_dags/example_bash_operator.py took 0.141 seconds
[2025-12-21T20:37:52.724+0000] {processor.py:186} INFO - Started process (PID=1956) to work on /home/airflow/.local/lib/python3.12/site-packages/airflow/example_dags/example_bash_operator.py
[2025-12-21T20:37:52.726+0000] {processor.py:914} INFO - Processing file /home/airflow/.local/lib/python3.12/site-packages/airflow/example_dags/example_bash_operator.py for tasks to queue
[2025-12-21T20:37:52.730+0000] {logging_mixin.py:190} INFO - [2025-12-21T20:37:52.729+0000] {dagbag.py:588} INFO - Filling up the DagBag from /home/airflow/.local/lib/python3.12/site-packages/airflow/example_dags/example_bash_operator.py
[2025-12-21T20:37:52.752+0000] {processor.py:925} INFO - DAG(s) 'example_bash_operator' retrieved from /home/airflow/.local/lib/python3.12/site-packages/airflow/example_dags/example_bash_operator.py
[2025-12-21T20:37:52.791+0000] {logging_mixin.py:190} INFO - [2025-12-21T20:37:52.791+0000] {dag.py:3239} INFO - Sync 1 DAGs
[2025-12-21T20:37:52.814+0000] {logging_mixin.py:190} INFO - [2025-12-21T20:37:52.814+0000] {dag.py:4180} INFO - Setting next_dagrun for example_bash_operator to 2025-12-20 00:00:00+00:00, run_after=2025-12-21 00:00:00+00:00
[2025-12-21T20:37:52.838+0000] {processor.py:208} INFO - Processing /home/airflow/.local/lib/python3.12/site-packages/airflow/example_dags/example_bash_operator.py took 0.124 seconds
[2025-12-21T20:38:22.967+0000] {processor.py:186} INFO - Started process (PID=2022) to work on /home/airflow/.local/lib/python3.12/site-packages/airflow/example_dags/example_bash_operator.py
[2025-12-21T20:38:22.969+0000] {processor.py:914} INFO - Processing file /home/airflow/.local/lib/python3.12/site-packages/airflow/example_dags/example_bash_operator.py for tasks to queue
[2025-12-21T20:38:22.973+0000] {logging_mixin.py:190} INFO - [2025-12-21T20:38:22.972+0000] {dagbag.py:588} INFO - Filling up the DagBag from /home/airflow/.local/lib/python3.12/site-packages/airflow/example_dags/example_bash_operator.py
[2025-12-21T20:38:23.001+0000] {processor.py:925} INFO - DAG(s) 'example_bash_operator' retrieved from /home/airflow/.local/lib/python3.12/site-packages/airflow/example_dags/example_bash_operator.py
[2025-12-21T20:38:23.027+0000] {logging_mixin.py:190} INFO - [2025-12-21T20:38:23.027+0000] {dag.py:3239} INFO - Sync 1 DAGs
[2025-12-21T20:38:23.051+0000] {logging_mixin.py:190} INFO - [2025-12-21T20:38:23.051+0000] {dag.py:4180} INFO - Setting next_dagrun for example_bash_operator to 2025-12-20 00:00:00+00:00, run_after=2025-12-21 00:00:00+00:00
[2025-12-21T20:38:23.076+0000] {processor.py:208} INFO - Processing /home/airflow/.local/lib/python3.12/site-packages/airflow/example_dags/example_bash_operator.py took 0.120 seconds
[2025-12-21T20:38:53.266+0000] {processor.py:186} INFO - Started process (PID=2088) to work on /home/airflow/.local/lib/python3.12/site-packages/airflow/example_dags/example_bash_operator.py
[2025-12-21T20:38:53.267+0000] {processor.py:914} INFO - Processing file /home/airflow/.local/lib/python3.12/site-packages/airflow/example_dags/example_bash_operator.py for tasks to queue
[2025-12-21T20:38:53.273+0000] {logging_mixin.py:190} INFO - [2025-12-21T20:38:53.272+0000] {dagbag.py:588} INFO - Filling up the DagBag from /home/airflow/.local/lib/python3.12/site-packages/airflow/example_dags/example_bash_operator.py
[2025-12-21T20:38:53.305+0000] {processor.py:925} INFO - DAG(s) 'example_bash_operator' retrieved from /home/airflow/.local/lib/python3.12/site-packages/airflow/example_dags/example_bash_operator.py
[2025-12-21T20:38:53.346+0000] {logging_mixin.py:190} INFO - [2025-12-21T20:38:53.346+0000] {dag.py:3239} INFO - Sync 1 DAGs
[2025-12-21T20:38:53.369+0000] {logging_mixin.py:190} INFO - [2025-12-21T20:38:53.369+0000] {dag.py:4180} INFO - Setting next_dagrun for example_bash_operator to 2025-12-20 00:00:00+00:00, run_after=2025-12-21 00:00:00+00:00
[2025-12-21T20:38:53.393+0000] {processor.py:208} INFO - Processing /home/airflow/.local/lib/python3.12/site-packages/airflow/example_dags/example_bash_operator.py took 0.137 seconds
[2025-12-21T20:39:23.588+0000] {processor.py:186} INFO - Started process (PID=2154) to work on /home/airflow/.local/lib/python3.12/site-packages/airflow/example_dags/example_bash_operator.py
[2025-12-21T20:39:23.590+0000] {processor.py:914} INFO - Processing file /home/airflow/.local/lib/python3.12/site-packages/airflow/example_dags/example_bash_operator.py for tasks to queue
[2025-12-21T20:39:23.595+0000] {logging_mixin.py:190} INFO - [2025-12-21T20:39:23.594+0000] {dagbag.py:588} INFO - Filling up the DagBag from /home/airflow/.local/lib/python3.12/site-packages/airflow/example_dags/example_bash_operator.py
[2025-12-21T20:39:23.622+0000] {processor.py:925} INFO - DAG(s) 'example_bash_operator' retrieved from /home/airflow/.local/lib/python3.12/site-packages/airflow/example_dags/example_bash_operator.py
[2025-12-21T20:39:23.648+0000] {logging_mixin.py:190} INFO - [2025-12-21T20:39:23.648+0000] {dag.py:3239} INFO - Sync 1 DAGs
[2025-12-21T20:39:23.673+0000] {logging_mixin.py:190} INFO - [2025-12-21T20:39:23.672+0000] {dag.py:4180} INFO - Setting next_dagrun for example_bash_operator to 2025-12-20 00:00:00+00:00, run_after=2025-12-21 00:00:00+00:00
[2025-12-21T20:39:23.696+0000] {processor.py:208} INFO - Processing /home/airflow/.local/lib/python3.12/site-packages/airflow/example_dags/example_bash_operator.py took 0.120 seconds
[2025-12-21T20:39:53.887+0000] {processor.py:186} INFO - Started process (PID=2220) to work on /home/airflow/.local/lib/python3.12/site-packages/airflow/example_dags/example_bash_operator.py
[2025-12-21T20:39:53.889+0000] {processor.py:914} INFO - Processing file /home/airflow/.local/lib/python3.12/site-packages/airflow/example_dags/example_bash_operator.py for tasks to queue
[2025-12-21T20:39:53.894+0000] {logging_mixin.py:190} INFO - [2025-12-21T20:39:53.893+0000] {dagbag.py:588} INFO - Filling up the DagBag from /home/airflow/.local/lib/python3.12/site-packages/airflow/example_dags/example_bash_operator.py
[2025-12-21T20:39:53.926+0000] {processor.py:925} INFO - DAG(s) 'example_bash_operator' retrieved from /home/airflow/.local/lib/python3.12/site-packages/airflow/example_dags/example_bash_operator.py
[2025-12-21T20:39:53.963+0000] {logging_mixin.py:190} INFO - [2025-12-21T20:39:53.962+0000] {dag.py:3239} INFO - Sync 1 DAGs
[2025-12-21T20:39:53.989+0000] {logging_mixin.py:190} INFO - [2025-12-21T20:39:53.989+0000] {dag.py:4180} INFO - Setting next_dagrun for example_bash_operator to 2025-12-20 00:00:00+00:00, run_after=2025-12-21 00:00:00+00:00
[2025-12-21T20:39:54.014+0000] {processor.py:208} INFO - Processing /home/airflow/.local/lib/python3.12/site-packages/airflow/example_dags/example_bash_operator.py took 0.139 seconds
[2025-12-21T20:43:21.067+0000] {processor.py:186} INFO - Started process (PID=2314) to work on /home/airflow/.local/lib/python3.12/site-packages/airflow/example_dags/example_bash_operator.py
[2025-12-21T20:43:21.069+0000] {processor.py:914} INFO - Processing file /home/airflow/.local/lib/python3.12/site-packages/airflow/example_dags/example_bash_operator.py for tasks to queue
[2025-12-21T20:43:21.071+0000] {logging_mixin.py:190} INFO - [2025-12-21T20:43:21.071+0000] {dagbag.py:588} INFO - Filling up the DagBag from /home/airflow/.local/lib/python3.12/site-packages/airflow/example_dags/example_bash_operator.py
[2025-12-21T20:43:21.088+0000] {processor.py:925} INFO - DAG(s) 'example_bash_operator' retrieved from /home/airflow/.local/lib/python3.12/site-packages/airflow/example_dags/example_bash_operator.py
[2025-12-21T20:43:21.115+0000] {logging_mixin.py:190} INFO - [2025-12-21T20:43:21.115+0000] {dag.py:3239} INFO - Sync 1 DAGs
[2025-12-21T20:43:21.141+0000] {logging_mixin.py:190} INFO - [2025-12-21T20:43:21.141+0000] {dag.py:4180} INFO - Setting next_dagrun for example_bash_operator to 2025-12-20 00:00:00+00:00, run_after=2025-12-21 00:00:00+00:00
[2025-12-21T20:43:21.171+0000] {processor.py:208} INFO - Processing /home/airflow/.local/lib/python3.12/site-packages/airflow/example_dags/example_bash_operator.py took 0.112 seconds
[2025-12-21T20:43:52.423+0000] {processor.py:186} INFO - Started process (PID=2380) to work on /home/airflow/.local/lib/python3.12/site-packages/airflow/example_dags/example_bash_operator.py
[2025-12-21T20:43:52.424+0000] {processor.py:914} INFO - Processing file /home/airflow/.local/lib/python3.12/site-packages/airflow/example_dags/example_bash_operator.py for tasks to queue
[2025-12-21T20:43:52.425+0000] {logging_mixin.py:190} INFO - [2025-12-21T20:43:52.425+0000] {dagbag.py:588} INFO - Filling up the DagBag from /home/airflow/.local/lib/python3.12/site-packages/airflow/example_dags/example_bash_operator.py
[2025-12-21T20:43:52.438+0000] {processor.py:925} INFO - DAG(s) 'example_bash_operator' retrieved from /home/airflow/.local/lib/python3.12/site-packages/airflow/example_dags/example_bash_operator.py
[2025-12-21T20:43:52.465+0000] {logging_mixin.py:190} INFO - [2025-12-21T20:43:52.465+0000] {dag.py:3239} INFO - Sync 1 DAGs
[2025-12-21T20:43:52.492+0000] {logging_mixin.py:190} INFO - [2025-12-21T20:43:52.492+0000] {dag.py:4180} INFO - Setting next_dagrun for example_bash_operator to 2025-12-20 00:00:00+00:00, run_after=2025-12-21 00:00:00+00:00
[2025-12-21T20:43:52.520+0000] {processor.py:208} INFO - Processing /home/airflow/.local/lib/python3.12/site-packages/airflow/example_dags/example_bash_operator.py took 0.103 seconds
[2025-12-21T20:44:22.798+0000] {processor.py:186} INFO - Started process (PID=2438) to work on /home/airflow/.local/lib/python3.12/site-packages/airflow/example_dags/example_bash_operator.py
[2025-12-21T20:44:22.800+0000] {processor.py:914} INFO - Processing file /home/airflow/.local/lib/python3.12/site-packages/airflow/example_dags/example_bash_operator.py for tasks to queue
[2025-12-21T20:44:22.802+0000] {logging_mixin.py:190} INFO - [2025-12-21T20:44:22.802+0000] {dagbag.py:588} INFO - Filling up the DagBag from /home/airflow/.local/lib/python3.12/site-packages/airflow/example_dags/example_bash_operator.py
[2025-12-21T20:44:22.828+0000] {processor.py:925} INFO - DAG(s) 'example_bash_operator' retrieved from /home/airflow/.local/lib/python3.12/site-packages/airflow/example_dags/example_bash_operator.py
[2025-12-21T20:44:22.867+0000] {logging_mixin.py:190} INFO - [2025-12-21T20:44:22.867+0000] {dag.py:3239} INFO - Sync 1 DAGs
[2025-12-21T20:44:22.895+0000] {logging_mixin.py:190} INFO - [2025-12-21T20:44:22.894+0000] {dag.py:4180} INFO - Setting next_dagrun for example_bash_operator to 2025-12-20 00:00:00+00:00, run_after=2025-12-21 00:00:00+00:00
[2025-12-21T20:44:22.926+0000] {processor.py:208} INFO - Processing /home/airflow/.local/lib/python3.12/site-packages/airflow/example_dags/example_bash_operator.py took 0.138 seconds
[2025-12-21T20:44:53.788+0000] {processor.py:186} INFO - Started process (PID=2503) to work on /home/airflow/.local/lib/python3.12/site-packages/airflow/example_dags/example_bash_operator.py
[2025-12-21T20:44:53.790+0000] {processor.py:914} INFO - Processing file /home/airflow/.local/lib/python3.12/site-packages/airflow/example_dags/example_bash_operator.py for tasks to queue
[2025-12-21T20:44:53.793+0000] {logging_mixin.py:190} INFO - [2025-12-21T20:44:53.792+0000] {dagbag.py:588} INFO - Filling up the DagBag from /home/airflow/.local/lib/python3.12/site-packages/airflow/example_dags/example_bash_operator.py
[2025-12-21T20:44:53.817+0000] {processor.py:925} INFO - DAG(s) 'example_bash_operator' retrieved from /home/airflow/.local/lib/python3.12/site-packages/airflow/example_dags/example_bash_operator.py
[2025-12-21T20:44:53.854+0000] {logging_mixin.py:190} INFO - [2025-12-21T20:44:53.854+0000] {dag.py:3239} INFO - Sync 1 DAGs
[2025-12-21T20:44:53.886+0000] {logging_mixin.py:190} INFO - [2025-12-21T20:44:53.886+0000] {dag.py:4180} INFO - Setting next_dagrun for example_bash_operator to 2025-12-20 00:00:00+00:00, run_after=2025-12-21 00:00:00+00:00
[2025-12-21T20:44:53.930+0000] {processor.py:208} INFO - Processing /home/airflow/.local/lib/python3.12/site-packages/airflow/example_dags/example_bash_operator.py took 0.161 seconds
[2025-12-21T20:45:24.564+0000] {processor.py:186} INFO - Started process (PID=2569) to work on /home/airflow/.local/lib/python3.12/site-packages/airflow/example_dags/example_bash_operator.py
[2025-12-21T20:45:24.566+0000] {processor.py:914} INFO - Processing file /home/airflow/.local/lib/python3.12/site-packages/airflow/example_dags/example_bash_operator.py for tasks to queue
[2025-12-21T20:45:24.569+0000] {logging_mixin.py:190} INFO - [2025-12-21T20:45:24.568+0000] {dagbag.py:588} INFO - Filling up the DagBag from /home/airflow/.local/lib/python3.12/site-packages/airflow/example_dags/example_bash_operator.py
[2025-12-21T20:45:24.584+0000] {processor.py:925} INFO - DAG(s) 'example_bash_operator' retrieved from /home/airflow/.local/lib/python3.12/site-packages/airflow/example_dags/example_bash_operator.py
[2025-12-21T20:45:24.610+0000] {logging_mixin.py:190} INFO - [2025-12-21T20:45:24.610+0000] {dag.py:3239} INFO - Sync 1 DAGs
[2025-12-21T20:45:24.638+0000] {logging_mixin.py:190} INFO - [2025-12-21T20:45:24.637+0000] {dag.py:4180} INFO - Setting next_dagrun for example_bash_operator to 2025-12-20 00:00:00+00:00, run_after=2025-12-21 00:00:00+00:00
[2025-12-21T20:45:24.674+0000] {processor.py:208} INFO - Processing /home/airflow/.local/lib/python3.12/site-packages/airflow/example_dags/example_bash_operator.py took 0.122 seconds
[2025-12-21T20:45:55.138+0000] {processor.py:186} INFO - Started process (PID=2635) to work on /home/airflow/.local/lib/python3.12/site-packages/airflow/example_dags/example_bash_operator.py
[2025-12-21T20:45:55.139+0000] {processor.py:914} INFO - Processing file /home/airflow/.local/lib/python3.12/site-packages/airflow/example_dags/example_bash_operator.py for tasks to queue
[2025-12-21T20:45:55.141+0000] {logging_mixin.py:190} INFO - [2025-12-21T20:45:55.140+0000] {dagbag.py:588} INFO - Filling up the DagBag from /home/airflow/.local/lib/python3.12/site-packages/airflow/example_dags/example_bash_operator.py
[2025-12-21T20:45:55.154+0000] {processor.py:925} INFO - DAG(s) 'example_bash_operator' retrieved from /home/airflow/.local/lib/python3.12/site-packages/airflow/example_dags/example_bash_operator.py
[2025-12-21T20:45:55.182+0000] {logging_mixin.py:190} INFO - [2025-12-21T20:45:55.182+0000] {dag.py:3239} INFO - Sync 1 DAGs
[2025-12-21T20:45:55.209+0000] {logging_mixin.py:190} INFO - [2025-12-21T20:45:55.208+0000] {dag.py:4180} INFO - Setting next_dagrun for example_bash_operator to 2025-12-20 00:00:00+00:00, run_after=2025-12-21 00:00:00+00:00
[2025-12-21T20:45:55.235+0000] {processor.py:208} INFO - Processing /home/airflow/.local/lib/python3.12/site-packages/airflow/example_dags/example_bash_operator.py took 0.102 seconds
[2025-12-21T20:46:25.505+0000] {processor.py:186} INFO - Started process (PID=2699) to work on /home/airflow/.local/lib/python3.12/site-packages/airflow/example_dags/example_bash_operator.py
[2025-12-21T20:46:25.507+0000] {processor.py:914} INFO - Processing file /home/airflow/.local/lib/python3.12/site-packages/airflow/example_dags/example_bash_operator.py for tasks to queue
[2025-12-21T20:46:25.509+0000] {logging_mixin.py:190} INFO - [2025-12-21T20:46:25.508+0000] {dagbag.py:588} INFO - Filling up the DagBag from /home/airflow/.local/lib/python3.12/site-packages/airflow/example_dags/example_bash_operator.py
[2025-12-21T20:46:25.522+0000] {processor.py:925} INFO - DAG(s) 'example_bash_operator' retrieved from /home/airflow/.local/lib/python3.12/site-packages/airflow/example_dags/example_bash_operator.py
[2025-12-21T20:46:25.580+0000] {logging_mixin.py:190} INFO - [2025-12-21T20:46:25.579+0000] {dag.py:3239} INFO - Sync 1 DAGs
[2025-12-21T20:46:25.613+0000] {logging_mixin.py:190} INFO - [2025-12-21T20:46:25.613+0000] {dag.py:4180} INFO - Setting next_dagrun for example_bash_operator to 2025-12-20 00:00:00+00:00, run_after=2025-12-21 00:00:00+00:00
[2025-12-21T20:46:25.641+0000] {processor.py:208} INFO - Processing /home/airflow/.local/lib/python3.12/site-packages/airflow/example_dags/example_bash_operator.py took 0.150 seconds
[2025-12-21T20:46:56.238+0000] {processor.py:186} INFO - Started process (PID=2763) to work on /home/airflow/.local/lib/python3.12/site-packages/airflow/example_dags/example_bash_operator.py
[2025-12-21T20:46:56.239+0000] {processor.py:914} INFO - Processing file /home/airflow/.local/lib/python3.12/site-packages/airflow/example_dags/example_bash_operator.py for tasks to queue
[2025-12-21T20:46:56.241+0000] {logging_mixin.py:190} INFO - [2025-12-21T20:46:56.240+0000] {dagbag.py:588} INFO - Filling up the DagBag from /home/airflow/.local/lib/python3.12/site-packages/airflow/example_dags/example_bash_operator.py
[2025-12-21T20:46:56.254+0000] {processor.py:925} INFO - DAG(s) 'example_bash_operator' retrieved from /home/airflow/.local/lib/python3.12/site-packages/airflow/example_dags/example_bash_operator.py
[2025-12-21T20:46:56.280+0000] {logging_mixin.py:190} INFO - [2025-12-21T20:46:56.280+0000] {dag.py:3239} INFO - Sync 1 DAGs
[2025-12-21T20:46:56.313+0000] {logging_mixin.py:190} INFO - [2025-12-21T20:46:56.313+0000] {dag.py:4180} INFO - Setting next_dagrun for example_bash_operator to 2025-12-20 00:00:00+00:00, run_after=2025-12-21 00:00:00+00:00
[2025-12-21T20:46:56.344+0000] {processor.py:208} INFO - Processing /home/airflow/.local/lib/python3.12/site-packages/airflow/example_dags/example_bash_operator.py took 0.111 seconds
[2025-12-21T20:47:26.733+0000] {processor.py:186} INFO - Started process (PID=2826) to work on /home/airflow/.local/lib/python3.12/site-packages/airflow/example_dags/example_bash_operator.py
[2025-12-21T20:47:26.735+0000] {processor.py:914} INFO - Processing file /home/airflow/.local/lib/python3.12/site-packages/airflow/example_dags/example_bash_operator.py for tasks to queue
[2025-12-21T20:47:26.737+0000] {logging_mixin.py:190} INFO - [2025-12-21T20:47:26.737+0000] {dagbag.py:588} INFO - Filling up the DagBag from /home/airflow/.local/lib/python3.12/site-packages/airflow/example_dags/example_bash_operator.py
[2025-12-21T20:47:26.767+0000] {processor.py:925} INFO - DAG(s) 'example_bash_operator' retrieved from /home/airflow/.local/lib/python3.12/site-packages/airflow/example_dags/example_bash_operator.py
[2025-12-21T20:47:26.801+0000] {logging_mixin.py:190} INFO - [2025-12-21T20:47:26.801+0000] {dag.py:3239} INFO - Sync 1 DAGs
[2025-12-21T20:47:26.829+0000] {logging_mixin.py:190} INFO - [2025-12-21T20:47:26.828+0000] {dag.py:4180} INFO - Setting next_dagrun for example_bash_operator to 2025-12-20 00:00:00+00:00, run_after=2025-12-21 00:00:00+00:00
[2025-12-21T20:47:26.856+0000] {processor.py:208} INFO - Processing /home/airflow/.local/lib/python3.12/site-packages/airflow/example_dags/example_bash_operator.py took 0.134 seconds
