[2025-12-21T20:23:35.920+0000] {processor.py:186} INFO - Started process (PID=94) to work on /home/airflow/.local/lib/python3.12/site-packages/airflow/example_dags/example_task_group_decorator.py
[2025-12-21T20:23:35.921+0000] {processor.py:914} INFO - Processing file /home/airflow/.local/lib/python3.12/site-packages/airflow/example_dags/example_task_group_decorator.py for tasks to queue
[2025-12-21T20:23:35.923+0000] {logging_mixin.py:190} INFO - [2025-12-21T20:23:35.923+0000] {dagbag.py:588} INFO - Filling up the DagBag from /home/airflow/.local/lib/python3.12/site-packages/airflow/example_dags/example_task_group_decorator.py
[2025-12-21T20:23:35.941+0000] {processor.py:925} INFO - DAG(s) 'example_task_group_decorator' retrieved from /home/airflow/.local/lib/python3.12/site-packages/airflow/example_dags/example_task_group_decorator.py
[2025-12-21T20:23:36.086+0000] {logging_mixin.py:190} INFO - [2025-12-21T20:23:36.085+0000] {override.py:1912} INFO - Created Permission View: can delete on DAG:example_task_group_decorator
[2025-12-21T20:23:36.108+0000] {logging_mixin.py:190} INFO - [2025-12-21T20:23:36.108+0000] {override.py:1912} INFO - Created Permission View: can edit on DAG:example_task_group_decorator
[2025-12-21T20:23:36.123+0000] {logging_mixin.py:190} INFO - [2025-12-21T20:23:36.122+0000] {override.py:1912} INFO - Created Permission View: can read on DAG:example_task_group_decorator
[2025-12-21T20:23:36.141+0000] {logging_mixin.py:190} INFO - [2025-12-21T20:23:36.141+0000] {override.py:1912} INFO - Created Permission View: can delete on DAG Run:example_task_group_decorator
[2025-12-21T20:23:36.155+0000] {logging_mixin.py:190} INFO - [2025-12-21T20:23:36.155+0000] {override.py:1912} INFO - Created Permission View: can create on DAG Run:example_task_group_decorator
[2025-12-21T20:23:36.171+0000] {logging_mixin.py:190} INFO - [2025-12-21T20:23:36.170+0000] {override.py:1912} INFO - Created Permission View: menu access on DAG Run:example_task_group_decorator
[2025-12-21T20:23:36.187+0000] {logging_mixin.py:190} INFO - [2025-12-21T20:23:36.187+0000] {override.py:1912} INFO - Created Permission View: can read on DAG Run:example_task_group_decorator
[2025-12-21T20:23:36.188+0000] {logging_mixin.py:190} INFO - [2025-12-21T20:23:36.188+0000] {dag.py:3239} INFO - Sync 1 DAGs
[2025-12-21T20:23:36.200+0000] {logging_mixin.py:190} INFO - [2025-12-21T20:23:36.200+0000] {dag.py:3262} INFO - Creating ORM DAG for example_task_group_decorator
[2025-12-21T20:23:36.201+0000] {logging_mixin.py:190} INFO - [2025-12-21T20:23:36.201+0000] {dag.py:4180} INFO - Setting next_dagrun for example_task_group_decorator to None, run_after=None
[2025-12-21T20:23:36.224+0000] {processor.py:208} INFO - Processing /home/airflow/.local/lib/python3.12/site-packages/airflow/example_dags/example_task_group_decorator.py took 0.310 seconds
[2025-12-21T20:24:06.967+0000] {processor.py:186} INFO - Started process (PID=160) to work on /home/airflow/.local/lib/python3.12/site-packages/airflow/example_dags/example_task_group_decorator.py
[2025-12-21T20:24:06.969+0000] {processor.py:914} INFO - Processing file /home/airflow/.local/lib/python3.12/site-packages/airflow/example_dags/example_task_group_decorator.py for tasks to queue
[2025-12-21T20:24:06.973+0000] {logging_mixin.py:190} INFO - [2025-12-21T20:24:06.972+0000] {dagbag.py:588} INFO - Filling up the DagBag from /home/airflow/.local/lib/python3.12/site-packages/airflow/example_dags/example_task_group_decorator.py
[2025-12-21T20:24:06.987+0000] {processor.py:925} INFO - DAG(s) 'example_task_group_decorator' retrieved from /home/airflow/.local/lib/python3.12/site-packages/airflow/example_dags/example_task_group_decorator.py
[2025-12-21T20:24:07.010+0000] {logging_mixin.py:190} INFO - [2025-12-21T20:24:07.010+0000] {dag.py:3239} INFO - Sync 1 DAGs
[2025-12-21T20:24:07.028+0000] {logging_mixin.py:190} INFO - [2025-12-21T20:24:07.028+0000] {dag.py:4180} INFO - Setting next_dagrun for example_task_group_decorator to None, run_after=None
[2025-12-21T20:24:07.054+0000] {processor.py:208} INFO - Processing /home/airflow/.local/lib/python3.12/site-packages/airflow/example_dags/example_task_group_decorator.py took 0.094 seconds
[2025-12-21T20:24:37.127+0000] {processor.py:186} INFO - Started process (PID=225) to work on /home/airflow/.local/lib/python3.12/site-packages/airflow/example_dags/example_task_group_decorator.py
[2025-12-21T20:24:37.129+0000] {processor.py:914} INFO - Processing file /home/airflow/.local/lib/python3.12/site-packages/airflow/example_dags/example_task_group_decorator.py for tasks to queue
[2025-12-21T20:24:37.131+0000] {logging_mixin.py:190} INFO - [2025-12-21T20:24:37.131+0000] {dagbag.py:588} INFO - Filling up the DagBag from /home/airflow/.local/lib/python3.12/site-packages/airflow/example_dags/example_task_group_decorator.py
[2025-12-21T20:24:37.152+0000] {processor.py:925} INFO - DAG(s) 'example_task_group_decorator' retrieved from /home/airflow/.local/lib/python3.12/site-packages/airflow/example_dags/example_task_group_decorator.py
[2025-12-21T20:24:37.181+0000] {logging_mixin.py:190} INFO - [2025-12-21T20:24:37.180+0000] {dag.py:3239} INFO - Sync 1 DAGs
[2025-12-21T20:24:37.193+0000] {logging_mixin.py:190} INFO - [2025-12-21T20:24:37.193+0000] {dag.py:4180} INFO - Setting next_dagrun for example_task_group_decorator to None, run_after=None
[2025-12-21T20:24:37.215+0000] {processor.py:208} INFO - Processing /home/airflow/.local/lib/python3.12/site-packages/airflow/example_dags/example_task_group_decorator.py took 0.098 seconds
[2025-12-21T20:25:07.693+0000] {processor.py:186} INFO - Started process (PID=291) to work on /home/airflow/.local/lib/python3.12/site-packages/airflow/example_dags/example_task_group_decorator.py
[2025-12-21T20:25:07.695+0000] {processor.py:914} INFO - Processing file /home/airflow/.local/lib/python3.12/site-packages/airflow/example_dags/example_task_group_decorator.py for tasks to queue
[2025-12-21T20:25:07.702+0000] {logging_mixin.py:190} INFO - [2025-12-21T20:25:07.701+0000] {dagbag.py:588} INFO - Filling up the DagBag from /home/airflow/.local/lib/python3.12/site-packages/airflow/example_dags/example_task_group_decorator.py
[2025-12-21T20:25:07.739+0000] {processor.py:925} INFO - DAG(s) 'example_task_group_decorator' retrieved from /home/airflow/.local/lib/python3.12/site-packages/airflow/example_dags/example_task_group_decorator.py
[2025-12-21T20:25:07.770+0000] {logging_mixin.py:190} INFO - [2025-12-21T20:25:07.770+0000] {dag.py:3239} INFO - Sync 1 DAGs
[2025-12-21T20:25:07.788+0000] {logging_mixin.py:190} INFO - [2025-12-21T20:25:07.788+0000] {dag.py:4180} INFO - Setting next_dagrun for example_task_group_decorator to None, run_after=None
[2025-12-21T20:25:07.815+0000] {processor.py:208} INFO - Processing /home/airflow/.local/lib/python3.12/site-packages/airflow/example_dags/example_task_group_decorator.py took 0.135 seconds
[2025-12-21T20:25:38.068+0000] {processor.py:186} INFO - Started process (PID=357) to work on /home/airflow/.local/lib/python3.12/site-packages/airflow/example_dags/example_task_group_decorator.py
[2025-12-21T20:25:38.070+0000] {processor.py:914} INFO - Processing file /home/airflow/.local/lib/python3.12/site-packages/airflow/example_dags/example_task_group_decorator.py for tasks to queue
[2025-12-21T20:25:38.075+0000] {logging_mixin.py:190} INFO - [2025-12-21T20:25:38.075+0000] {dagbag.py:588} INFO - Filling up the DagBag from /home/airflow/.local/lib/python3.12/site-packages/airflow/example_dags/example_task_group_decorator.py
[2025-12-21T20:25:38.111+0000] {processor.py:925} INFO - DAG(s) 'example_task_group_decorator' retrieved from /home/airflow/.local/lib/python3.12/site-packages/airflow/example_dags/example_task_group_decorator.py
[2025-12-21T20:25:38.153+0000] {logging_mixin.py:190} INFO - [2025-12-21T20:25:38.153+0000] {dag.py:3239} INFO - Sync 1 DAGs
[2025-12-21T20:25:38.169+0000] {logging_mixin.py:190} INFO - [2025-12-21T20:25:38.169+0000] {dag.py:4180} INFO - Setting next_dagrun for example_task_group_decorator to None, run_after=None
[2025-12-21T20:25:38.204+0000] {processor.py:208} INFO - Processing /home/airflow/.local/lib/python3.12/site-packages/airflow/example_dags/example_task_group_decorator.py took 0.147 seconds
[2025-12-21T20:26:08.300+0000] {processor.py:186} INFO - Started process (PID=423) to work on /home/airflow/.local/lib/python3.12/site-packages/airflow/example_dags/example_task_group_decorator.py
[2025-12-21T20:26:08.302+0000] {processor.py:914} INFO - Processing file /home/airflow/.local/lib/python3.12/site-packages/airflow/example_dags/example_task_group_decorator.py for tasks to queue
[2025-12-21T20:26:08.307+0000] {logging_mixin.py:190} INFO - [2025-12-21T20:26:08.306+0000] {dagbag.py:588} INFO - Filling up the DagBag from /home/airflow/.local/lib/python3.12/site-packages/airflow/example_dags/example_task_group_decorator.py
[2025-12-21T20:26:08.344+0000] {processor.py:925} INFO - DAG(s) 'example_task_group_decorator' retrieved from /home/airflow/.local/lib/python3.12/site-packages/airflow/example_dags/example_task_group_decorator.py
[2025-12-21T20:26:08.380+0000] {logging_mixin.py:190} INFO - [2025-12-21T20:26:08.379+0000] {dag.py:3239} INFO - Sync 1 DAGs
[2025-12-21T20:26:08.395+0000] {logging_mixin.py:190} INFO - [2025-12-21T20:26:08.394+0000] {dag.py:4180} INFO - Setting next_dagrun for example_task_group_decorator to None, run_after=None
[2025-12-21T20:26:08.424+0000] {processor.py:208} INFO - Processing /home/airflow/.local/lib/python3.12/site-packages/airflow/example_dags/example_task_group_decorator.py took 0.136 seconds
[2025-12-21T20:26:38.605+0000] {processor.py:186} INFO - Started process (PID=489) to work on /home/airflow/.local/lib/python3.12/site-packages/airflow/example_dags/example_task_group_decorator.py
[2025-12-21T20:26:38.607+0000] {processor.py:914} INFO - Processing file /home/airflow/.local/lib/python3.12/site-packages/airflow/example_dags/example_task_group_decorator.py for tasks to queue
[2025-12-21T20:26:38.612+0000] {logging_mixin.py:190} INFO - [2025-12-21T20:26:38.611+0000] {dagbag.py:588} INFO - Filling up the DagBag from /home/airflow/.local/lib/python3.12/site-packages/airflow/example_dags/example_task_group_decorator.py
[2025-12-21T20:26:38.635+0000] {processor.py:925} INFO - DAG(s) 'example_task_group_decorator' retrieved from /home/airflow/.local/lib/python3.12/site-packages/airflow/example_dags/example_task_group_decorator.py
[2025-12-21T20:26:38.671+0000] {logging_mixin.py:190} INFO - [2025-12-21T20:26:38.670+0000] {dag.py:3239} INFO - Sync 1 DAGs
[2025-12-21T20:26:38.694+0000] {logging_mixin.py:190} INFO - [2025-12-21T20:26:38.694+0000] {dag.py:4180} INFO - Setting next_dagrun for example_task_group_decorator to None, run_after=None
[2025-12-21T20:26:38.725+0000] {processor.py:208} INFO - Processing /home/airflow/.local/lib/python3.12/site-packages/airflow/example_dags/example_task_group_decorator.py took 0.134 seconds
[2025-12-21T20:27:09.020+0000] {processor.py:186} INFO - Started process (PID=555) to work on /home/airflow/.local/lib/python3.12/site-packages/airflow/example_dags/example_task_group_decorator.py
[2025-12-21T20:27:09.022+0000] {processor.py:914} INFO - Processing file /home/airflow/.local/lib/python3.12/site-packages/airflow/example_dags/example_task_group_decorator.py for tasks to queue
[2025-12-21T20:27:09.026+0000] {logging_mixin.py:190} INFO - [2025-12-21T20:27:09.025+0000] {dagbag.py:588} INFO - Filling up the DagBag from /home/airflow/.local/lib/python3.12/site-packages/airflow/example_dags/example_task_group_decorator.py
[2025-12-21T20:27:09.041+0000] {processor.py:925} INFO - DAG(s) 'example_task_group_decorator' retrieved from /home/airflow/.local/lib/python3.12/site-packages/airflow/example_dags/example_task_group_decorator.py
[2025-12-21T20:27:09.081+0000] {logging_mixin.py:190} INFO - [2025-12-21T20:27:09.081+0000] {dag.py:3239} INFO - Sync 1 DAGs
[2025-12-21T20:27:09.096+0000] {logging_mixin.py:190} INFO - [2025-12-21T20:27:09.095+0000] {dag.py:4180} INFO - Setting next_dagrun for example_task_group_decorator to None, run_after=None
[2025-12-21T20:27:09.122+0000] {processor.py:208} INFO - Processing /home/airflow/.local/lib/python3.12/site-packages/airflow/example_dags/example_task_group_decorator.py took 0.112 seconds
[2025-12-21T20:27:39.163+0000] {processor.py:186} INFO - Started process (PID=620) to work on /home/airflow/.local/lib/python3.12/site-packages/airflow/example_dags/example_task_group_decorator.py
[2025-12-21T20:27:39.165+0000] {processor.py:914} INFO - Processing file /home/airflow/.local/lib/python3.12/site-packages/airflow/example_dags/example_task_group_decorator.py for tasks to queue
[2025-12-21T20:27:39.171+0000] {logging_mixin.py:190} INFO - [2025-12-21T20:27:39.170+0000] {dagbag.py:588} INFO - Filling up the DagBag from /home/airflow/.local/lib/python3.12/site-packages/airflow/example_dags/example_task_group_decorator.py
[2025-12-21T20:27:39.207+0000] {processor.py:925} INFO - DAG(s) 'example_task_group_decorator' retrieved from /home/airflow/.local/lib/python3.12/site-packages/airflow/example_dags/example_task_group_decorator.py
[2025-12-21T20:27:39.233+0000] {logging_mixin.py:190} INFO - [2025-12-21T20:27:39.232+0000] {dag.py:3239} INFO - Sync 1 DAGs
[2025-12-21T20:27:39.248+0000] {logging_mixin.py:190} INFO - [2025-12-21T20:27:39.248+0000] {dag.py:4180} INFO - Setting next_dagrun for example_task_group_decorator to None, run_after=None
[2025-12-21T20:27:39.304+0000] {processor.py:208} INFO - Processing /home/airflow/.local/lib/python3.12/site-packages/airflow/example_dags/example_task_group_decorator.py took 0.155 seconds
[2025-12-21T20:28:10.228+0000] {processor.py:186} INFO - Started process (PID=687) to work on /home/airflow/.local/lib/python3.12/site-packages/airflow/example_dags/example_task_group_decorator.py
[2025-12-21T20:28:10.230+0000] {processor.py:914} INFO - Processing file /home/airflow/.local/lib/python3.12/site-packages/airflow/example_dags/example_task_group_decorator.py for tasks to queue
[2025-12-21T20:28:10.236+0000] {logging_mixin.py:190} INFO - [2025-12-21T20:28:10.235+0000] {dagbag.py:588} INFO - Filling up the DagBag from /home/airflow/.local/lib/python3.12/site-packages/airflow/example_dags/example_task_group_decorator.py
[2025-12-21T20:28:10.265+0000] {processor.py:925} INFO - DAG(s) 'example_task_group_decorator' retrieved from /home/airflow/.local/lib/python3.12/site-packages/airflow/example_dags/example_task_group_decorator.py
[2025-12-21T20:28:10.299+0000] {logging_mixin.py:190} INFO - [2025-12-21T20:28:10.299+0000] {dag.py:3239} INFO - Sync 1 DAGs
[2025-12-21T20:28:10.316+0000] {logging_mixin.py:190} INFO - [2025-12-21T20:28:10.316+0000] {dag.py:4180} INFO - Setting next_dagrun for example_task_group_decorator to None, run_after=None
[2025-12-21T20:28:10.345+0000] {processor.py:208} INFO - Processing /home/airflow/.local/lib/python3.12/site-packages/airflow/example_dags/example_task_group_decorator.py took 0.130 seconds
[2025-12-21T20:28:41.092+0000] {processor.py:186} INFO - Started process (PID=753) to work on /home/airflow/.local/lib/python3.12/site-packages/airflow/example_dags/example_task_group_decorator.py
[2025-12-21T20:28:41.093+0000] {processor.py:914} INFO - Processing file /home/airflow/.local/lib/python3.12/site-packages/airflow/example_dags/example_task_group_decorator.py for tasks to queue
[2025-12-21T20:28:41.098+0000] {logging_mixin.py:190} INFO - [2025-12-21T20:28:41.098+0000] {dagbag.py:588} INFO - Filling up the DagBag from /home/airflow/.local/lib/python3.12/site-packages/airflow/example_dags/example_task_group_decorator.py
[2025-12-21T20:28:41.128+0000] {processor.py:925} INFO - DAG(s) 'example_task_group_decorator' retrieved from /home/airflow/.local/lib/python3.12/site-packages/airflow/example_dags/example_task_group_decorator.py
[2025-12-21T20:28:41.177+0000] {logging_mixin.py:190} INFO - [2025-12-21T20:28:41.176+0000] {dag.py:3239} INFO - Sync 1 DAGs
[2025-12-21T20:28:41.199+0000] {logging_mixin.py:190} INFO - [2025-12-21T20:28:41.198+0000] {dag.py:4180} INFO - Setting next_dagrun for example_task_group_decorator to None, run_after=None
[2025-12-21T20:28:41.224+0000] {processor.py:208} INFO - Processing /home/airflow/.local/lib/python3.12/site-packages/airflow/example_dags/example_task_group_decorator.py took 0.146 seconds
[2025-12-21T20:29:11.546+0000] {processor.py:186} INFO - Started process (PID=819) to work on /home/airflow/.local/lib/python3.12/site-packages/airflow/example_dags/example_task_group_decorator.py
[2025-12-21T20:29:11.548+0000] {processor.py:914} INFO - Processing file /home/airflow/.local/lib/python3.12/site-packages/airflow/example_dags/example_task_group_decorator.py for tasks to queue
[2025-12-21T20:29:11.551+0000] {logging_mixin.py:190} INFO - [2025-12-21T20:29:11.551+0000] {dagbag.py:588} INFO - Filling up the DagBag from /home/airflow/.local/lib/python3.12/site-packages/airflow/example_dags/example_task_group_decorator.py
[2025-12-21T20:29:11.575+0000] {processor.py:925} INFO - DAG(s) 'example_task_group_decorator' retrieved from /home/airflow/.local/lib/python3.12/site-packages/airflow/example_dags/example_task_group_decorator.py
[2025-12-21T20:29:11.604+0000] {logging_mixin.py:190} INFO - [2025-12-21T20:29:11.604+0000] {dag.py:3239} INFO - Sync 1 DAGs
[2025-12-21T20:29:11.623+0000] {logging_mixin.py:190} INFO - [2025-12-21T20:29:11.623+0000] {dag.py:4180} INFO - Setting next_dagrun for example_task_group_decorator to None, run_after=None
[2025-12-21T20:29:11.652+0000] {processor.py:208} INFO - Processing /home/airflow/.local/lib/python3.12/site-packages/airflow/example_dags/example_task_group_decorator.py took 0.120 seconds
[2025-12-21T20:29:42.092+0000] {processor.py:186} INFO - Started process (PID=885) to work on /home/airflow/.local/lib/python3.12/site-packages/airflow/example_dags/example_task_group_decorator.py
[2025-12-21T20:29:42.095+0000] {processor.py:914} INFO - Processing file /home/airflow/.local/lib/python3.12/site-packages/airflow/example_dags/example_task_group_decorator.py for tasks to queue
[2025-12-21T20:29:42.099+0000] {logging_mixin.py:190} INFO - [2025-12-21T20:29:42.098+0000] {dagbag.py:588} INFO - Filling up the DagBag from /home/airflow/.local/lib/python3.12/site-packages/airflow/example_dags/example_task_group_decorator.py
[2025-12-21T20:29:42.120+0000] {processor.py:925} INFO - DAG(s) 'example_task_group_decorator' retrieved from /home/airflow/.local/lib/python3.12/site-packages/airflow/example_dags/example_task_group_decorator.py
[2025-12-21T20:29:42.171+0000] {logging_mixin.py:190} INFO - [2025-12-21T20:29:42.171+0000] {dag.py:3239} INFO - Sync 1 DAGs
[2025-12-21T20:29:42.201+0000] {logging_mixin.py:190} INFO - [2025-12-21T20:29:42.201+0000] {dag.py:4180} INFO - Setting next_dagrun for example_task_group_decorator to None, run_after=None
[2025-12-21T20:29:42.226+0000] {processor.py:208} INFO - Processing /home/airflow/.local/lib/python3.12/site-packages/airflow/example_dags/example_task_group_decorator.py took 0.150 seconds
[2025-12-21T20:30:12.334+0000] {processor.py:186} INFO - Started process (PID=951) to work on /home/airflow/.local/lib/python3.12/site-packages/airflow/example_dags/example_task_group_decorator.py
[2025-12-21T20:30:12.336+0000] {processor.py:914} INFO - Processing file /home/airflow/.local/lib/python3.12/site-packages/airflow/example_dags/example_task_group_decorator.py for tasks to queue
[2025-12-21T20:30:12.339+0000] {logging_mixin.py:190} INFO - [2025-12-21T20:30:12.338+0000] {dagbag.py:588} INFO - Filling up the DagBag from /home/airflow/.local/lib/python3.12/site-packages/airflow/example_dags/example_task_group_decorator.py
[2025-12-21T20:30:12.367+0000] {processor.py:925} INFO - DAG(s) 'example_task_group_decorator' retrieved from /home/airflow/.local/lib/python3.12/site-packages/airflow/example_dags/example_task_group_decorator.py
[2025-12-21T20:30:12.420+0000] {logging_mixin.py:190} INFO - [2025-12-21T20:30:12.420+0000] {dag.py:3239} INFO - Sync 1 DAGs
[2025-12-21T20:30:12.441+0000] {logging_mixin.py:190} INFO - [2025-12-21T20:30:12.440+0000] {dag.py:4180} INFO - Setting next_dagrun for example_task_group_decorator to None, run_after=None
[2025-12-21T20:30:12.466+0000] {processor.py:208} INFO - Processing /home/airflow/.local/lib/python3.12/site-packages/airflow/example_dags/example_task_group_decorator.py took 0.141 seconds
[2025-12-21T20:30:42.666+0000] {processor.py:186} INFO - Started process (PID=1017) to work on /home/airflow/.local/lib/python3.12/site-packages/airflow/example_dags/example_task_group_decorator.py
[2025-12-21T20:30:42.668+0000] {processor.py:914} INFO - Processing file /home/airflow/.local/lib/python3.12/site-packages/airflow/example_dags/example_task_group_decorator.py for tasks to queue
[2025-12-21T20:30:42.674+0000] {logging_mixin.py:190} INFO - [2025-12-21T20:30:42.673+0000] {dagbag.py:588} INFO - Filling up the DagBag from /home/airflow/.local/lib/python3.12/site-packages/airflow/example_dags/example_task_group_decorator.py
[2025-12-21T20:30:42.708+0000] {processor.py:925} INFO - DAG(s) 'example_task_group_decorator' retrieved from /home/airflow/.local/lib/python3.12/site-packages/airflow/example_dags/example_task_group_decorator.py
[2025-12-21T20:30:42.746+0000] {logging_mixin.py:190} INFO - [2025-12-21T20:30:42.746+0000] {dag.py:3239} INFO - Sync 1 DAGs
[2025-12-21T20:30:42.771+0000] {logging_mixin.py:190} INFO - [2025-12-21T20:30:42.771+0000] {dag.py:4180} INFO - Setting next_dagrun for example_task_group_decorator to None, run_after=None
[2025-12-21T20:30:42.803+0000] {processor.py:208} INFO - Processing /home/airflow/.local/lib/python3.12/site-packages/airflow/example_dags/example_task_group_decorator.py took 0.150 seconds
[2025-12-21T20:31:12.940+0000] {processor.py:186} INFO - Started process (PID=1083) to work on /home/airflow/.local/lib/python3.12/site-packages/airflow/example_dags/example_task_group_decorator.py
[2025-12-21T20:31:12.943+0000] {processor.py:914} INFO - Processing file /home/airflow/.local/lib/python3.12/site-packages/airflow/example_dags/example_task_group_decorator.py for tasks to queue
[2025-12-21T20:31:12.948+0000] {logging_mixin.py:190} INFO - [2025-12-21T20:31:12.947+0000] {dagbag.py:588} INFO - Filling up the DagBag from /home/airflow/.local/lib/python3.12/site-packages/airflow/example_dags/example_task_group_decorator.py
[2025-12-21T20:31:12.977+0000] {processor.py:925} INFO - DAG(s) 'example_task_group_decorator' retrieved from /home/airflow/.local/lib/python3.12/site-packages/airflow/example_dags/example_task_group_decorator.py
[2025-12-21T20:31:13.019+0000] {logging_mixin.py:190} INFO - [2025-12-21T20:31:13.018+0000] {dag.py:3239} INFO - Sync 1 DAGs
[2025-12-21T20:31:13.033+0000] {logging_mixin.py:190} INFO - [2025-12-21T20:31:13.033+0000] {dag.py:4180} INFO - Setting next_dagrun for example_task_group_decorator to None, run_after=None
[2025-12-21T20:31:13.058+0000] {processor.py:208} INFO - Processing /home/airflow/.local/lib/python3.12/site-packages/airflow/example_dags/example_task_group_decorator.py took 0.131 seconds
[2025-12-21T20:31:43.272+0000] {processor.py:186} INFO - Started process (PID=1149) to work on /home/airflow/.local/lib/python3.12/site-packages/airflow/example_dags/example_task_group_decorator.py
[2025-12-21T20:31:43.274+0000] {processor.py:914} INFO - Processing file /home/airflow/.local/lib/python3.12/site-packages/airflow/example_dags/example_task_group_decorator.py for tasks to queue
[2025-12-21T20:31:43.279+0000] {logging_mixin.py:190} INFO - [2025-12-21T20:31:43.278+0000] {dagbag.py:588} INFO - Filling up the DagBag from /home/airflow/.local/lib/python3.12/site-packages/airflow/example_dags/example_task_group_decorator.py
[2025-12-21T20:31:43.319+0000] {processor.py:925} INFO - DAG(s) 'example_task_group_decorator' retrieved from /home/airflow/.local/lib/python3.12/site-packages/airflow/example_dags/example_task_group_decorator.py
[2025-12-21T20:31:43.365+0000] {logging_mixin.py:190} INFO - [2025-12-21T20:31:43.365+0000] {dag.py:3239} INFO - Sync 1 DAGs
[2025-12-21T20:31:43.380+0000] {logging_mixin.py:190} INFO - [2025-12-21T20:31:43.380+0000] {dag.py:4180} INFO - Setting next_dagrun for example_task_group_decorator to None, run_after=None
[2025-12-21T20:31:43.406+0000] {processor.py:208} INFO - Processing /home/airflow/.local/lib/python3.12/site-packages/airflow/example_dags/example_task_group_decorator.py took 0.147 seconds
[2025-12-21T20:32:14.241+0000] {processor.py:186} INFO - Started process (PID=1215) to work on /home/airflow/.local/lib/python3.12/site-packages/airflow/example_dags/example_task_group_decorator.py
[2025-12-21T20:32:14.243+0000] {processor.py:914} INFO - Processing file /home/airflow/.local/lib/python3.12/site-packages/airflow/example_dags/example_task_group_decorator.py for tasks to queue
[2025-12-21T20:32:14.248+0000] {logging_mixin.py:190} INFO - [2025-12-21T20:32:14.247+0000] {dagbag.py:588} INFO - Filling up the DagBag from /home/airflow/.local/lib/python3.12/site-packages/airflow/example_dags/example_task_group_decorator.py
[2025-12-21T20:32:14.270+0000] {processor.py:925} INFO - DAG(s) 'example_task_group_decorator' retrieved from /home/airflow/.local/lib/python3.12/site-packages/airflow/example_dags/example_task_group_decorator.py
[2025-12-21T20:32:14.303+0000] {logging_mixin.py:190} INFO - [2025-12-21T20:32:14.303+0000] {dag.py:3239} INFO - Sync 1 DAGs
[2025-12-21T20:32:14.320+0000] {logging_mixin.py:190} INFO - [2025-12-21T20:32:14.320+0000] {dag.py:4180} INFO - Setting next_dagrun for example_task_group_decorator to None, run_after=None
[2025-12-21T20:32:14.343+0000] {processor.py:208} INFO - Processing /home/airflow/.local/lib/python3.12/site-packages/airflow/example_dags/example_task_group_decorator.py took 0.114 seconds
[2025-12-21T20:32:44.842+0000] {processor.py:186} INFO - Started process (PID=1281) to work on /home/airflow/.local/lib/python3.12/site-packages/airflow/example_dags/example_task_group_decorator.py
[2025-12-21T20:32:44.846+0000] {processor.py:914} INFO - Processing file /home/airflow/.local/lib/python3.12/site-packages/airflow/example_dags/example_task_group_decorator.py for tasks to queue
[2025-12-21T20:32:44.848+0000] {logging_mixin.py:190} INFO - [2025-12-21T20:32:44.848+0000] {dagbag.py:588} INFO - Filling up the DagBag from /home/airflow/.local/lib/python3.12/site-packages/airflow/example_dags/example_task_group_decorator.py
[2025-12-21T20:32:44.866+0000] {processor.py:925} INFO - DAG(s) 'example_task_group_decorator' retrieved from /home/airflow/.local/lib/python3.12/site-packages/airflow/example_dags/example_task_group_decorator.py
[2025-12-21T20:32:44.898+0000] {logging_mixin.py:190} INFO - [2025-12-21T20:32:44.898+0000] {dag.py:3239} INFO - Sync 1 DAGs
[2025-12-21T20:32:44.915+0000] {logging_mixin.py:190} INFO - [2025-12-21T20:32:44.915+0000] {dag.py:4180} INFO - Setting next_dagrun for example_task_group_decorator to None, run_after=None
[2025-12-21T20:32:44.946+0000] {processor.py:208} INFO - Processing /home/airflow/.local/lib/python3.12/site-packages/airflow/example_dags/example_task_group_decorator.py took 0.117 seconds
[2025-12-21T20:33:15.063+0000] {processor.py:186} INFO - Started process (PID=1347) to work on /home/airflow/.local/lib/python3.12/site-packages/airflow/example_dags/example_task_group_decorator.py
[2025-12-21T20:33:15.066+0000] {processor.py:914} INFO - Processing file /home/airflow/.local/lib/python3.12/site-packages/airflow/example_dags/example_task_group_decorator.py for tasks to queue
[2025-12-21T20:33:15.071+0000] {logging_mixin.py:190} INFO - [2025-12-21T20:33:15.070+0000] {dagbag.py:588} INFO - Filling up the DagBag from /home/airflow/.local/lib/python3.12/site-packages/airflow/example_dags/example_task_group_decorator.py
[2025-12-21T20:33:15.111+0000] {processor.py:925} INFO - DAG(s) 'example_task_group_decorator' retrieved from /home/airflow/.local/lib/python3.12/site-packages/airflow/example_dags/example_task_group_decorator.py
[2025-12-21T20:33:15.138+0000] {logging_mixin.py:190} INFO - [2025-12-21T20:33:15.137+0000] {dag.py:3239} INFO - Sync 1 DAGs
[2025-12-21T20:33:15.154+0000] {logging_mixin.py:190} INFO - [2025-12-21T20:33:15.154+0000] {dag.py:4180} INFO - Setting next_dagrun for example_task_group_decorator to None, run_after=None
[2025-12-21T20:33:15.181+0000] {processor.py:208} INFO - Processing /home/airflow/.local/lib/python3.12/site-packages/airflow/example_dags/example_task_group_decorator.py took 0.131 seconds
[2025-12-21T20:33:45.649+0000] {processor.py:186} INFO - Started process (PID=1413) to work on /home/airflow/.local/lib/python3.12/site-packages/airflow/example_dags/example_task_group_decorator.py
[2025-12-21T20:33:45.651+0000] {processor.py:914} INFO - Processing file /home/airflow/.local/lib/python3.12/site-packages/airflow/example_dags/example_task_group_decorator.py for tasks to queue
[2025-12-21T20:33:45.658+0000] {logging_mixin.py:190} INFO - [2025-12-21T20:33:45.657+0000] {dagbag.py:588} INFO - Filling up the DagBag from /home/airflow/.local/lib/python3.12/site-packages/airflow/example_dags/example_task_group_decorator.py
[2025-12-21T20:33:45.684+0000] {processor.py:925} INFO - DAG(s) 'example_task_group_decorator' retrieved from /home/airflow/.local/lib/python3.12/site-packages/airflow/example_dags/example_task_group_decorator.py
[2025-12-21T20:33:45.718+0000] {logging_mixin.py:190} INFO - [2025-12-21T20:33:45.717+0000] {dag.py:3239} INFO - Sync 1 DAGs
[2025-12-21T20:33:45.748+0000] {logging_mixin.py:190} INFO - [2025-12-21T20:33:45.748+0000] {dag.py:4180} INFO - Setting next_dagrun for example_task_group_decorator to None, run_after=None
[2025-12-21T20:33:45.774+0000] {processor.py:208} INFO - Processing /home/airflow/.local/lib/python3.12/site-packages/airflow/example_dags/example_task_group_decorator.py took 0.138 seconds
[2025-12-21T20:34:15.839+0000] {processor.py:186} INFO - Started process (PID=1479) to work on /home/airflow/.local/lib/python3.12/site-packages/airflow/example_dags/example_task_group_decorator.py
[2025-12-21T20:34:15.843+0000] {processor.py:914} INFO - Processing file /home/airflow/.local/lib/python3.12/site-packages/airflow/example_dags/example_task_group_decorator.py for tasks to queue
[2025-12-21T20:34:15.846+0000] {logging_mixin.py:190} INFO - [2025-12-21T20:34:15.845+0000] {dagbag.py:588} INFO - Filling up the DagBag from /home/airflow/.local/lib/python3.12/site-packages/airflow/example_dags/example_task_group_decorator.py
[2025-12-21T20:34:15.863+0000] {processor.py:925} INFO - DAG(s) 'example_task_group_decorator' retrieved from /home/airflow/.local/lib/python3.12/site-packages/airflow/example_dags/example_task_group_decorator.py
[2025-12-21T20:34:15.896+0000] {logging_mixin.py:190} INFO - [2025-12-21T20:34:15.896+0000] {dag.py:3239} INFO - Sync 1 DAGs
[2025-12-21T20:34:15.911+0000] {logging_mixin.py:190} INFO - [2025-12-21T20:34:15.911+0000] {dag.py:4180} INFO - Setting next_dagrun for example_task_group_decorator to None, run_after=None
[2025-12-21T20:34:15.936+0000] {processor.py:208} INFO - Processing /home/airflow/.local/lib/python3.12/site-packages/airflow/example_dags/example_task_group_decorator.py took 0.111 seconds
[2025-12-21T20:34:46.379+0000] {processor.py:186} INFO - Started process (PID=1545) to work on /home/airflow/.local/lib/python3.12/site-packages/airflow/example_dags/example_task_group_decorator.py
[2025-12-21T20:34:46.381+0000] {processor.py:914} INFO - Processing file /home/airflow/.local/lib/python3.12/site-packages/airflow/example_dags/example_task_group_decorator.py for tasks to queue
[2025-12-21T20:34:46.385+0000] {logging_mixin.py:190} INFO - [2025-12-21T20:34:46.384+0000] {dagbag.py:588} INFO - Filling up the DagBag from /home/airflow/.local/lib/python3.12/site-packages/airflow/example_dags/example_task_group_decorator.py
[2025-12-21T20:34:46.416+0000] {processor.py:925} INFO - DAG(s) 'example_task_group_decorator' retrieved from /home/airflow/.local/lib/python3.12/site-packages/airflow/example_dags/example_task_group_decorator.py
[2025-12-21T20:34:46.454+0000] {logging_mixin.py:190} INFO - [2025-12-21T20:34:46.454+0000] {dag.py:3239} INFO - Sync 1 DAGs
[2025-12-21T20:34:46.470+0000] {logging_mixin.py:190} INFO - [2025-12-21T20:34:46.470+0000] {dag.py:4180} INFO - Setting next_dagrun for example_task_group_decorator to None, run_after=None
[2025-12-21T20:34:46.496+0000] {processor.py:208} INFO - Processing /home/airflow/.local/lib/python3.12/site-packages/airflow/example_dags/example_task_group_decorator.py took 0.130 seconds
[2025-12-21T20:35:17.004+0000] {processor.py:186} INFO - Started process (PID=1611) to work on /home/airflow/.local/lib/python3.12/site-packages/airflow/example_dags/example_task_group_decorator.py
[2025-12-21T20:35:17.006+0000] {processor.py:914} INFO - Processing file /home/airflow/.local/lib/python3.12/site-packages/airflow/example_dags/example_task_group_decorator.py for tasks to queue
[2025-12-21T20:35:17.011+0000] {logging_mixin.py:190} INFO - [2025-12-21T20:35:17.011+0000] {dagbag.py:588} INFO - Filling up the DagBag from /home/airflow/.local/lib/python3.12/site-packages/airflow/example_dags/example_task_group_decorator.py
[2025-12-21T20:35:17.050+0000] {processor.py:925} INFO - DAG(s) 'example_task_group_decorator' retrieved from /home/airflow/.local/lib/python3.12/site-packages/airflow/example_dags/example_task_group_decorator.py
[2025-12-21T20:35:17.086+0000] {logging_mixin.py:190} INFO - [2025-12-21T20:35:17.086+0000] {dag.py:3239} INFO - Sync 1 DAGs
[2025-12-21T20:35:17.100+0000] {logging_mixin.py:190} INFO - [2025-12-21T20:35:17.100+0000] {dag.py:4180} INFO - Setting next_dagrun for example_task_group_decorator to None, run_after=None
[2025-12-21T20:35:17.127+0000] {processor.py:208} INFO - Processing /home/airflow/.local/lib/python3.12/site-packages/airflow/example_dags/example_task_group_decorator.py took 0.137 seconds
[2025-12-21T20:35:47.210+0000] {processor.py:186} INFO - Started process (PID=1676) to work on /home/airflow/.local/lib/python3.12/site-packages/airflow/example_dags/example_task_group_decorator.py
[2025-12-21T20:35:47.211+0000] {processor.py:914} INFO - Processing file /home/airflow/.local/lib/python3.12/site-packages/airflow/example_dags/example_task_group_decorator.py for tasks to queue
[2025-12-21T20:35:47.215+0000] {logging_mixin.py:190} INFO - [2025-12-21T20:35:47.214+0000] {dagbag.py:588} INFO - Filling up the DagBag from /home/airflow/.local/lib/python3.12/site-packages/airflow/example_dags/example_task_group_decorator.py
[2025-12-21T20:35:47.243+0000] {processor.py:925} INFO - DAG(s) 'example_task_group_decorator' retrieved from /home/airflow/.local/lib/python3.12/site-packages/airflow/example_dags/example_task_group_decorator.py
[2025-12-21T20:35:47.283+0000] {logging_mixin.py:190} INFO - [2025-12-21T20:35:47.283+0000] {dag.py:3239} INFO - Sync 1 DAGs
[2025-12-21T20:35:47.316+0000] {logging_mixin.py:190} INFO - [2025-12-21T20:35:47.316+0000] {dag.py:4180} INFO - Setting next_dagrun for example_task_group_decorator to None, run_after=None
[2025-12-21T20:35:47.375+0000] {processor.py:208} INFO - Processing /home/airflow/.local/lib/python3.12/site-packages/airflow/example_dags/example_task_group_decorator.py took 0.180 seconds
[2025-12-21T20:36:17.650+0000] {processor.py:186} INFO - Started process (PID=1742) to work on /home/airflow/.local/lib/python3.12/site-packages/airflow/example_dags/example_task_group_decorator.py
[2025-12-21T20:36:17.652+0000] {processor.py:914} INFO - Processing file /home/airflow/.local/lib/python3.12/site-packages/airflow/example_dags/example_task_group_decorator.py for tasks to queue
[2025-12-21T20:36:17.658+0000] {logging_mixin.py:190} INFO - [2025-12-21T20:36:17.657+0000] {dagbag.py:588} INFO - Filling up the DagBag from /home/airflow/.local/lib/python3.12/site-packages/airflow/example_dags/example_task_group_decorator.py
[2025-12-21T20:36:17.692+0000] {processor.py:925} INFO - DAG(s) 'example_task_group_decorator' retrieved from /home/airflow/.local/lib/python3.12/site-packages/airflow/example_dags/example_task_group_decorator.py
[2025-12-21T20:36:17.722+0000] {logging_mixin.py:190} INFO - [2025-12-21T20:36:17.722+0000] {dag.py:3239} INFO - Sync 1 DAGs
[2025-12-21T20:36:17.748+0000] {logging_mixin.py:190} INFO - [2025-12-21T20:36:17.748+0000] {dag.py:4180} INFO - Setting next_dagrun for example_task_group_decorator to None, run_after=None
[2025-12-21T20:36:17.782+0000] {processor.py:208} INFO - Processing /home/airflow/.local/lib/python3.12/site-packages/airflow/example_dags/example_task_group_decorator.py took 0.142 seconds
[2025-12-21T20:36:48.561+0000] {processor.py:186} INFO - Started process (PID=1808) to work on /home/airflow/.local/lib/python3.12/site-packages/airflow/example_dags/example_task_group_decorator.py
[2025-12-21T20:36:48.563+0000] {processor.py:914} INFO - Processing file /home/airflow/.local/lib/python3.12/site-packages/airflow/example_dags/example_task_group_decorator.py for tasks to queue
[2025-12-21T20:36:48.568+0000] {logging_mixin.py:190} INFO - [2025-12-21T20:36:48.567+0000] {dagbag.py:588} INFO - Filling up the DagBag from /home/airflow/.local/lib/python3.12/site-packages/airflow/example_dags/example_task_group_decorator.py
[2025-12-21T20:36:48.600+0000] {processor.py:925} INFO - DAG(s) 'example_task_group_decorator' retrieved from /home/airflow/.local/lib/python3.12/site-packages/airflow/example_dags/example_task_group_decorator.py
[2025-12-21T20:36:48.638+0000] {logging_mixin.py:190} INFO - [2025-12-21T20:36:48.637+0000] {dag.py:3239} INFO - Sync 1 DAGs
[2025-12-21T20:36:48.651+0000] {logging_mixin.py:190} INFO - [2025-12-21T20:36:48.650+0000] {dag.py:4180} INFO - Setting next_dagrun for example_task_group_decorator to None, run_after=None
[2025-12-21T20:36:48.681+0000] {processor.py:208} INFO - Processing /home/airflow/.local/lib/python3.12/site-packages/airflow/example_dags/example_task_group_decorator.py took 0.129 seconds
[2025-12-21T20:37:19.142+0000] {processor.py:186} INFO - Started process (PID=1874) to work on /home/airflow/.local/lib/python3.12/site-packages/airflow/example_dags/example_task_group_decorator.py
[2025-12-21T20:37:19.143+0000] {processor.py:914} INFO - Processing file /home/airflow/.local/lib/python3.12/site-packages/airflow/example_dags/example_task_group_decorator.py for tasks to queue
[2025-12-21T20:37:19.147+0000] {logging_mixin.py:190} INFO - [2025-12-21T20:37:19.146+0000] {dagbag.py:588} INFO - Filling up the DagBag from /home/airflow/.local/lib/python3.12/site-packages/airflow/example_dags/example_task_group_decorator.py
[2025-12-21T20:37:19.176+0000] {processor.py:925} INFO - DAG(s) 'example_task_group_decorator' retrieved from /home/airflow/.local/lib/python3.12/site-packages/airflow/example_dags/example_task_group_decorator.py
[2025-12-21T20:37:19.226+0000] {logging_mixin.py:190} INFO - [2025-12-21T20:37:19.225+0000] {dag.py:3239} INFO - Sync 1 DAGs
[2025-12-21T20:37:19.253+0000] {logging_mixin.py:190} INFO - [2025-12-21T20:37:19.253+0000] {dag.py:4180} INFO - Setting next_dagrun for example_task_group_decorator to None, run_after=None
[2025-12-21T20:37:19.295+0000] {processor.py:208} INFO - Processing /home/airflow/.local/lib/python3.12/site-packages/airflow/example_dags/example_task_group_decorator.py took 0.164 seconds
[2025-12-21T20:37:49.414+0000] {processor.py:186} INFO - Started process (PID=1940) to work on /home/airflow/.local/lib/python3.12/site-packages/airflow/example_dags/example_task_group_decorator.py
[2025-12-21T20:37:49.416+0000] {processor.py:914} INFO - Processing file /home/airflow/.local/lib/python3.12/site-packages/airflow/example_dags/example_task_group_decorator.py for tasks to queue
[2025-12-21T20:37:49.419+0000] {logging_mixin.py:190} INFO - [2025-12-21T20:37:49.419+0000] {dagbag.py:588} INFO - Filling up the DagBag from /home/airflow/.local/lib/python3.12/site-packages/airflow/example_dags/example_task_group_decorator.py
[2025-12-21T20:37:49.440+0000] {processor.py:925} INFO - DAG(s) 'example_task_group_decorator' retrieved from /home/airflow/.local/lib/python3.12/site-packages/airflow/example_dags/example_task_group_decorator.py
[2025-12-21T20:37:49.463+0000] {logging_mixin.py:190} INFO - [2025-12-21T20:37:49.463+0000] {dag.py:3239} INFO - Sync 1 DAGs
[2025-12-21T20:37:49.481+0000] {logging_mixin.py:190} INFO - [2025-12-21T20:37:49.481+0000] {dag.py:4180} INFO - Setting next_dagrun for example_task_group_decorator to None, run_after=None
[2025-12-21T20:37:49.509+0000] {processor.py:208} INFO - Processing /home/airflow/.local/lib/python3.12/site-packages/airflow/example_dags/example_task_group_decorator.py took 0.107 seconds
[2025-12-21T20:38:19.638+0000] {processor.py:186} INFO - Started process (PID=2006) to work on /home/airflow/.local/lib/python3.12/site-packages/airflow/example_dags/example_task_group_decorator.py
[2025-12-21T20:38:19.639+0000] {processor.py:914} INFO - Processing file /home/airflow/.local/lib/python3.12/site-packages/airflow/example_dags/example_task_group_decorator.py for tasks to queue
[2025-12-21T20:38:19.644+0000] {logging_mixin.py:190} INFO - [2025-12-21T20:38:19.644+0000] {dagbag.py:588} INFO - Filling up the DagBag from /home/airflow/.local/lib/python3.12/site-packages/airflow/example_dags/example_task_group_decorator.py
[2025-12-21T20:38:19.668+0000] {processor.py:925} INFO - DAG(s) 'example_task_group_decorator' retrieved from /home/airflow/.local/lib/python3.12/site-packages/airflow/example_dags/example_task_group_decorator.py
[2025-12-21T20:38:19.697+0000] {logging_mixin.py:190} INFO - [2025-12-21T20:38:19.696+0000] {dag.py:3239} INFO - Sync 1 DAGs
[2025-12-21T20:38:19.722+0000] {logging_mixin.py:190} INFO - [2025-12-21T20:38:19.722+0000] {dag.py:4180} INFO - Setting next_dagrun for example_task_group_decorator to None, run_after=None
[2025-12-21T20:38:19.751+0000] {processor.py:208} INFO - Processing /home/airflow/.local/lib/python3.12/site-packages/airflow/example_dags/example_task_group_decorator.py took 0.122 seconds
[2025-12-21T20:38:50.204+0000] {processor.py:186} INFO - Started process (PID=2072) to work on /home/airflow/.local/lib/python3.12/site-packages/airflow/example_dags/example_task_group_decorator.py
[2025-12-21T20:38:50.205+0000] {processor.py:914} INFO - Processing file /home/airflow/.local/lib/python3.12/site-packages/airflow/example_dags/example_task_group_decorator.py for tasks to queue
[2025-12-21T20:38:50.208+0000] {logging_mixin.py:190} INFO - [2025-12-21T20:38:50.208+0000] {dagbag.py:588} INFO - Filling up the DagBag from /home/airflow/.local/lib/python3.12/site-packages/airflow/example_dags/example_task_group_decorator.py
[2025-12-21T20:38:50.232+0000] {processor.py:925} INFO - DAG(s) 'example_task_group_decorator' retrieved from /home/airflow/.local/lib/python3.12/site-packages/airflow/example_dags/example_task_group_decorator.py
[2025-12-21T20:38:50.265+0000] {logging_mixin.py:190} INFO - [2025-12-21T20:38:50.265+0000] {dag.py:3239} INFO - Sync 1 DAGs
[2025-12-21T20:38:50.283+0000] {logging_mixin.py:190} INFO - [2025-12-21T20:38:50.283+0000] {dag.py:4180} INFO - Setting next_dagrun for example_task_group_decorator to None, run_after=None
[2025-12-21T20:38:50.308+0000] {processor.py:208} INFO - Processing /home/airflow/.local/lib/python3.12/site-packages/airflow/example_dags/example_task_group_decorator.py took 0.112 seconds
[2025-12-21T20:39:20.543+0000] {processor.py:186} INFO - Started process (PID=2138) to work on /home/airflow/.local/lib/python3.12/site-packages/airflow/example_dags/example_task_group_decorator.py
[2025-12-21T20:39:20.545+0000] {processor.py:914} INFO - Processing file /home/airflow/.local/lib/python3.12/site-packages/airflow/example_dags/example_task_group_decorator.py for tasks to queue
[2025-12-21T20:39:20.550+0000] {logging_mixin.py:190} INFO - [2025-12-21T20:39:20.549+0000] {dagbag.py:588} INFO - Filling up the DagBag from /home/airflow/.local/lib/python3.12/site-packages/airflow/example_dags/example_task_group_decorator.py
[2025-12-21T20:39:20.585+0000] {processor.py:925} INFO - DAG(s) 'example_task_group_decorator' retrieved from /home/airflow/.local/lib/python3.12/site-packages/airflow/example_dags/example_task_group_decorator.py
[2025-12-21T20:39:20.611+0000] {logging_mixin.py:190} INFO - [2025-12-21T20:39:20.611+0000] {dag.py:3239} INFO - Sync 1 DAGs
[2025-12-21T20:39:20.632+0000] {logging_mixin.py:190} INFO - [2025-12-21T20:39:20.632+0000] {dag.py:4180} INFO - Setting next_dagrun for example_task_group_decorator to None, run_after=None
[2025-12-21T20:39:20.660+0000] {processor.py:208} INFO - Processing /home/airflow/.local/lib/python3.12/site-packages/airflow/example_dags/example_task_group_decorator.py took 0.130 seconds
[2025-12-21T20:39:50.752+0000] {processor.py:186} INFO - Started process (PID=2204) to work on /home/airflow/.local/lib/python3.12/site-packages/airflow/example_dags/example_task_group_decorator.py
[2025-12-21T20:39:50.755+0000] {processor.py:914} INFO - Processing file /home/airflow/.local/lib/python3.12/site-packages/airflow/example_dags/example_task_group_decorator.py for tasks to queue
[2025-12-21T20:39:50.761+0000] {logging_mixin.py:190} INFO - [2025-12-21T20:39:50.760+0000] {dagbag.py:588} INFO - Filling up the DagBag from /home/airflow/.local/lib/python3.12/site-packages/airflow/example_dags/example_task_group_decorator.py
[2025-12-21T20:39:50.792+0000] {processor.py:925} INFO - DAG(s) 'example_task_group_decorator' retrieved from /home/airflow/.local/lib/python3.12/site-packages/airflow/example_dags/example_task_group_decorator.py
[2025-12-21T20:39:50.823+0000] {logging_mixin.py:190} INFO - [2025-12-21T20:39:50.822+0000] {dag.py:3239} INFO - Sync 1 DAGs
[2025-12-21T20:39:50.837+0000] {logging_mixin.py:190} INFO - [2025-12-21T20:39:50.837+0000] {dag.py:4180} INFO - Setting next_dagrun for example_task_group_decorator to None, run_after=None
[2025-12-21T20:39:50.865+0000] {processor.py:208} INFO - Processing /home/airflow/.local/lib/python3.12/site-packages/airflow/example_dags/example_task_group_decorator.py took 0.131 seconds
[2025-12-21T20:43:15.266+0000] {processor.py:186} INFO - Started process (PID=2274) to work on /home/airflow/.local/lib/python3.12/site-packages/airflow/example_dags/example_task_group_decorator.py
[2025-12-21T20:43:15.267+0000] {processor.py:914} INFO - Processing file /home/airflow/.local/lib/python3.12/site-packages/airflow/example_dags/example_task_group_decorator.py for tasks to queue
[2025-12-21T20:43:15.269+0000] {logging_mixin.py:190} INFO - [2025-12-21T20:43:15.269+0000] {dagbag.py:588} INFO - Filling up the DagBag from /home/airflow/.local/lib/python3.12/site-packages/airflow/example_dags/example_task_group_decorator.py
[2025-12-21T20:43:15.308+0000] {processor.py:925} INFO - DAG(s) 'example_task_group_decorator' retrieved from /home/airflow/.local/lib/python3.12/site-packages/airflow/example_dags/example_task_group_decorator.py
[2025-12-21T20:43:15.360+0000] {logging_mixin.py:190} INFO - [2025-12-21T20:43:15.360+0000] {dag.py:3239} INFO - Sync 1 DAGs
[2025-12-21T20:43:15.389+0000] {logging_mixin.py:190} INFO - [2025-12-21T20:43:15.386+0000] {dag.py:4180} INFO - Setting next_dagrun for example_task_group_decorator to None, run_after=None
[2025-12-21T20:43:15.445+0000] {processor.py:208} INFO - Processing /home/airflow/.local/lib/python3.12/site-packages/airflow/example_dags/example_task_group_decorator.py took 0.188 seconds
[2025-12-21T20:43:46.140+0000] {processor.py:186} INFO - Started process (PID=2340) to work on /home/airflow/.local/lib/python3.12/site-packages/airflow/example_dags/example_task_group_decorator.py
[2025-12-21T20:43:46.141+0000] {processor.py:914} INFO - Processing file /home/airflow/.local/lib/python3.12/site-packages/airflow/example_dags/example_task_group_decorator.py for tasks to queue
[2025-12-21T20:43:46.143+0000] {logging_mixin.py:190} INFO - [2025-12-21T20:43:46.143+0000] {dagbag.py:588} INFO - Filling up the DagBag from /home/airflow/.local/lib/python3.12/site-packages/airflow/example_dags/example_task_group_decorator.py
[2025-12-21T20:43:46.161+0000] {processor.py:925} INFO - DAG(s) 'example_task_group_decorator' retrieved from /home/airflow/.local/lib/python3.12/site-packages/airflow/example_dags/example_task_group_decorator.py
[2025-12-21T20:43:46.188+0000] {logging_mixin.py:190} INFO - [2025-12-21T20:43:46.187+0000] {dag.py:3239} INFO - Sync 1 DAGs
[2025-12-21T20:43:46.207+0000] {logging_mixin.py:190} INFO - [2025-12-21T20:43:46.207+0000] {dag.py:4180} INFO - Setting next_dagrun for example_task_group_decorator to None, run_after=None
[2025-12-21T20:43:46.231+0000] {processor.py:208} INFO - Processing /home/airflow/.local/lib/python3.12/site-packages/airflow/example_dags/example_task_group_decorator.py took 0.103 seconds
[2025-12-21T20:44:16.458+0000] {processor.py:186} INFO - Started process (PID=2406) to work on /home/airflow/.local/lib/python3.12/site-packages/airflow/example_dags/example_task_group_decorator.py
[2025-12-21T20:44:16.460+0000] {processor.py:914} INFO - Processing file /home/airflow/.local/lib/python3.12/site-packages/airflow/example_dags/example_task_group_decorator.py for tasks to queue
[2025-12-21T20:44:16.464+0000] {logging_mixin.py:190} INFO - [2025-12-21T20:44:16.463+0000] {dagbag.py:588} INFO - Filling up the DagBag from /home/airflow/.local/lib/python3.12/site-packages/airflow/example_dags/example_task_group_decorator.py
[2025-12-21T20:44:16.486+0000] {processor.py:925} INFO - DAG(s) 'example_task_group_decorator' retrieved from /home/airflow/.local/lib/python3.12/site-packages/airflow/example_dags/example_task_group_decorator.py
[2025-12-21T20:44:16.527+0000] {logging_mixin.py:190} INFO - [2025-12-21T20:44:16.526+0000] {dag.py:3239} INFO - Sync 1 DAGs
[2025-12-21T20:44:16.541+0000] {logging_mixin.py:190} INFO - [2025-12-21T20:44:16.541+0000] {dag.py:4180} INFO - Setting next_dagrun for example_task_group_decorator to None, run_after=None
[2025-12-21T20:44:16.564+0000] {processor.py:208} INFO - Processing /home/airflow/.local/lib/python3.12/site-packages/airflow/example_dags/example_task_group_decorator.py took 0.117 seconds
[2025-12-21T20:44:46.971+0000] {processor.py:186} INFO - Started process (PID=2472) to work on /home/airflow/.local/lib/python3.12/site-packages/airflow/example_dags/example_task_group_decorator.py
[2025-12-21T20:44:46.972+0000] {processor.py:914} INFO - Processing file /home/airflow/.local/lib/python3.12/site-packages/airflow/example_dags/example_task_group_decorator.py for tasks to queue
[2025-12-21T20:44:46.973+0000] {logging_mixin.py:190} INFO - [2025-12-21T20:44:46.973+0000] {dagbag.py:588} INFO - Filling up the DagBag from /home/airflow/.local/lib/python3.12/site-packages/airflow/example_dags/example_task_group_decorator.py
[2025-12-21T20:44:46.988+0000] {processor.py:925} INFO - DAG(s) 'example_task_group_decorator' retrieved from /home/airflow/.local/lib/python3.12/site-packages/airflow/example_dags/example_task_group_decorator.py
[2025-12-21T20:44:47.015+0000] {logging_mixin.py:190} INFO - [2025-12-21T20:44:47.015+0000] {dag.py:3239} INFO - Sync 1 DAGs
[2025-12-21T20:44:47.031+0000] {logging_mixin.py:190} INFO - [2025-12-21T20:44:47.031+0000] {dag.py:4180} INFO - Setting next_dagrun for example_task_group_decorator to None, run_after=None
[2025-12-21T20:44:47.057+0000] {processor.py:208} INFO - Processing /home/airflow/.local/lib/python3.12/site-packages/airflow/example_dags/example_task_group_decorator.py took 0.091 seconds
[2025-12-21T20:45:17.220+0000] {processor.py:186} INFO - Started process (PID=2537) to work on /home/airflow/.local/lib/python3.12/site-packages/airflow/example_dags/example_task_group_decorator.py
[2025-12-21T20:45:17.221+0000] {processor.py:914} INFO - Processing file /home/airflow/.local/lib/python3.12/site-packages/airflow/example_dags/example_task_group_decorator.py for tasks to queue
[2025-12-21T20:45:17.223+0000] {logging_mixin.py:190} INFO - [2025-12-21T20:45:17.222+0000] {dagbag.py:588} INFO - Filling up the DagBag from /home/airflow/.local/lib/python3.12/site-packages/airflow/example_dags/example_task_group_decorator.py
[2025-12-21T20:45:17.252+0000] {processor.py:925} INFO - DAG(s) 'example_task_group_decorator' retrieved from /home/airflow/.local/lib/python3.12/site-packages/airflow/example_dags/example_task_group_decorator.py
[2025-12-21T20:45:17.297+0000] {logging_mixin.py:190} INFO - [2025-12-21T20:45:17.297+0000] {dag.py:3239} INFO - Sync 1 DAGs
[2025-12-21T20:45:17.324+0000] {logging_mixin.py:190} INFO - [2025-12-21T20:45:17.324+0000] {dag.py:4180} INFO - Setting next_dagrun for example_task_group_decorator to None, run_after=None
[2025-12-21T20:45:17.352+0000] {processor.py:208} INFO - Processing /home/airflow/.local/lib/python3.12/site-packages/airflow/example_dags/example_task_group_decorator.py took 0.144 seconds
[2025-12-21T20:45:47.963+0000] {processor.py:186} INFO - Started process (PID=2603) to work on /home/airflow/.local/lib/python3.12/site-packages/airflow/example_dags/example_task_group_decorator.py
[2025-12-21T20:45:47.964+0000] {processor.py:914} INFO - Processing file /home/airflow/.local/lib/python3.12/site-packages/airflow/example_dags/example_task_group_decorator.py for tasks to queue
[2025-12-21T20:45:47.968+0000] {logging_mixin.py:190} INFO - [2025-12-21T20:45:47.967+0000] {dagbag.py:588} INFO - Filling up the DagBag from /home/airflow/.local/lib/python3.12/site-packages/airflow/example_dags/example_task_group_decorator.py
[2025-12-21T20:45:48.004+0000] {processor.py:925} INFO - DAG(s) 'example_task_group_decorator' retrieved from /home/airflow/.local/lib/python3.12/site-packages/airflow/example_dags/example_task_group_decorator.py
[2025-12-21T20:45:48.041+0000] {logging_mixin.py:190} INFO - [2025-12-21T20:45:48.040+0000] {dag.py:3239} INFO - Sync 1 DAGs
[2025-12-21T20:45:48.055+0000] {logging_mixin.py:190} INFO - [2025-12-21T20:45:48.055+0000] {dag.py:4180} INFO - Setting next_dagrun for example_task_group_decorator to None, run_after=None
[2025-12-21T20:45:48.084+0000] {processor.py:208} INFO - Processing /home/airflow/.local/lib/python3.12/site-packages/airflow/example_dags/example_task_group_decorator.py took 0.132 seconds
[2025-12-21T20:46:18.179+0000] {processor.py:186} INFO - Started process (PID=2669) to work on /home/airflow/.local/lib/python3.12/site-packages/airflow/example_dags/example_task_group_decorator.py
[2025-12-21T20:46:18.180+0000] {processor.py:914} INFO - Processing file /home/airflow/.local/lib/python3.12/site-packages/airflow/example_dags/example_task_group_decorator.py for tasks to queue
[2025-12-21T20:46:18.182+0000] {logging_mixin.py:190} INFO - [2025-12-21T20:46:18.182+0000] {dagbag.py:588} INFO - Filling up the DagBag from /home/airflow/.local/lib/python3.12/site-packages/airflow/example_dags/example_task_group_decorator.py
[2025-12-21T20:46:18.198+0000] {processor.py:925} INFO - DAG(s) 'example_task_group_decorator' retrieved from /home/airflow/.local/lib/python3.12/site-packages/airflow/example_dags/example_task_group_decorator.py
[2025-12-21T20:46:18.230+0000] {logging_mixin.py:190} INFO - [2025-12-21T20:46:18.230+0000] {dag.py:3239} INFO - Sync 1 DAGs
[2025-12-21T20:46:18.249+0000] {logging_mixin.py:190} INFO - [2025-12-21T20:46:18.249+0000] {dag.py:4180} INFO - Setting next_dagrun for example_task_group_decorator to None, run_after=None
[2025-12-21T20:46:18.278+0000] {processor.py:208} INFO - Processing /home/airflow/.local/lib/python3.12/site-packages/airflow/example_dags/example_task_group_decorator.py took 0.108 seconds
[2025-12-21T20:46:48.534+0000] {processor.py:186} INFO - Started process (PID=2735) to work on /home/airflow/.local/lib/python3.12/site-packages/airflow/example_dags/example_task_group_decorator.py
[2025-12-21T20:46:48.535+0000] {processor.py:914} INFO - Processing file /home/airflow/.local/lib/python3.12/site-packages/airflow/example_dags/example_task_group_decorator.py for tasks to queue
[2025-12-21T20:46:48.539+0000] {logging_mixin.py:190} INFO - [2025-12-21T20:46:48.538+0000] {dagbag.py:588} INFO - Filling up the DagBag from /home/airflow/.local/lib/python3.12/site-packages/airflow/example_dags/example_task_group_decorator.py
[2025-12-21T20:46:48.576+0000] {processor.py:925} INFO - DAG(s) 'example_task_group_decorator' retrieved from /home/airflow/.local/lib/python3.12/site-packages/airflow/example_dags/example_task_group_decorator.py
[2025-12-21T20:46:48.603+0000] {logging_mixin.py:190} INFO - [2025-12-21T20:46:48.602+0000] {dag.py:3239} INFO - Sync 1 DAGs
[2025-12-21T20:46:48.618+0000] {logging_mixin.py:190} INFO - [2025-12-21T20:46:48.618+0000] {dag.py:4180} INFO - Setting next_dagrun for example_task_group_decorator to None, run_after=None
[2025-12-21T20:46:48.642+0000] {processor.py:208} INFO - Processing /home/airflow/.local/lib/python3.12/site-packages/airflow/example_dags/example_task_group_decorator.py took 0.117 seconds
[2025-12-21T20:47:18.881+0000] {processor.py:186} INFO - Started process (PID=2801) to work on /home/airflow/.local/lib/python3.12/site-packages/airflow/example_dags/example_task_group_decorator.py
[2025-12-21T20:47:18.884+0000] {processor.py:914} INFO - Processing file /home/airflow/.local/lib/python3.12/site-packages/airflow/example_dags/example_task_group_decorator.py for tasks to queue
[2025-12-21T20:47:18.887+0000] {logging_mixin.py:190} INFO - [2025-12-21T20:47:18.887+0000] {dagbag.py:588} INFO - Filling up the DagBag from /home/airflow/.local/lib/python3.12/site-packages/airflow/example_dags/example_task_group_decorator.py
[2025-12-21T20:47:18.913+0000] {processor.py:925} INFO - DAG(s) 'example_task_group_decorator' retrieved from /home/airflow/.local/lib/python3.12/site-packages/airflow/example_dags/example_task_group_decorator.py
[2025-12-21T20:47:18.945+0000] {logging_mixin.py:190} INFO - [2025-12-21T20:47:18.945+0000] {dag.py:3239} INFO - Sync 1 DAGs
[2025-12-21T20:47:18.964+0000] {logging_mixin.py:190} INFO - [2025-12-21T20:47:18.964+0000] {dag.py:4180} INFO - Setting next_dagrun for example_task_group_decorator to None, run_after=None
[2025-12-21T20:47:18.990+0000] {processor.py:208} INFO - Processing /home/airflow/.local/lib/python3.12/site-packages/airflow/example_dags/example_task_group_decorator.py took 0.120 seconds
[2025-12-21T20:47:49.208+0000] {processor.py:186} INFO - Started process (PID=2867) to work on /home/airflow/.local/lib/python3.12/site-packages/airflow/example_dags/example_task_group_decorator.py
[2025-12-21T20:47:49.210+0000] {processor.py:914} INFO - Processing file /home/airflow/.local/lib/python3.12/site-packages/airflow/example_dags/example_task_group_decorator.py for tasks to queue
[2025-12-21T20:47:49.212+0000] {logging_mixin.py:190} INFO - [2025-12-21T20:47:49.211+0000] {dagbag.py:588} INFO - Filling up the DagBag from /home/airflow/.local/lib/python3.12/site-packages/airflow/example_dags/example_task_group_decorator.py
[2025-12-21T20:47:49.228+0000] {processor.py:925} INFO - DAG(s) 'example_task_group_decorator' retrieved from /home/airflow/.local/lib/python3.12/site-packages/airflow/example_dags/example_task_group_decorator.py
[2025-12-21T20:47:49.254+0000] {logging_mixin.py:190} INFO - [2025-12-21T20:47:49.254+0000] {dag.py:3239} INFO - Sync 1 DAGs
[2025-12-21T20:47:49.274+0000] {logging_mixin.py:190} INFO - [2025-12-21T20:47:49.274+0000] {dag.py:4180} INFO - Setting next_dagrun for example_task_group_decorator to None, run_after=None
[2025-12-21T20:47:49.304+0000] {processor.py:208} INFO - Processing /home/airflow/.local/lib/python3.12/site-packages/airflow/example_dags/example_task_group_decorator.py took 0.111 seconds
