[2025-12-21T20:23:32.254+0000] {processor.py:186} INFO - Started process (PID=84) to work on /home/airflow/.local/lib/python3.12/site-packages/airflow/example_dags/example_short_circuit_operator.py
[2025-12-21T20:23:32.254+0000] {processor.py:914} INFO - Processing file /home/airflow/.local/lib/python3.12/site-packages/airflow/example_dags/example_short_circuit_operator.py for tasks to queue
[2025-12-21T20:23:32.257+0000] {logging_mixin.py:190} INFO - [2025-12-21T20:23:32.257+0000] {dagbag.py:588} INFO - Filling up the DagBag from /home/airflow/.local/lib/python3.12/site-packages/airflow/example_dags/example_short_circuit_operator.py
[2025-12-21T20:23:32.268+0000] {processor.py:925} INFO - DAG(s) 'example_short_circuit_operator' retrieved from /home/airflow/.local/lib/python3.12/site-packages/airflow/example_dags/example_short_circuit_operator.py
[2025-12-21T20:23:32.387+0000] {logging_mixin.py:190} INFO - [2025-12-21T20:23:32.386+0000] {override.py:1912} INFO - Created Permission View: can delete on DAG:example_short_circuit_operator
[2025-12-21T20:23:32.404+0000] {logging_mixin.py:190} INFO - [2025-12-21T20:23:32.403+0000] {override.py:1912} INFO - Created Permission View: can edit on DAG:example_short_circuit_operator
[2025-12-21T20:23:32.425+0000] {logging_mixin.py:190} INFO - [2025-12-21T20:23:32.424+0000] {override.py:1912} INFO - Created Permission View: can read on DAG:example_short_circuit_operator
[2025-12-21T20:23:32.450+0000] {logging_mixin.py:190} INFO - [2025-12-21T20:23:32.450+0000] {override.py:1912} INFO - Created Permission View: can delete on DAG Run:example_short_circuit_operator
[2025-12-21T20:23:32.467+0000] {logging_mixin.py:190} INFO - [2025-12-21T20:23:32.467+0000] {override.py:1912} INFO - Created Permission View: can create on DAG Run:example_short_circuit_operator
[2025-12-21T20:23:32.487+0000] {logging_mixin.py:190} INFO - [2025-12-21T20:23:32.486+0000] {override.py:1912} INFO - Created Permission View: menu access on DAG Run:example_short_circuit_operator
[2025-12-21T20:23:32.500+0000] {logging_mixin.py:190} INFO - [2025-12-21T20:23:32.500+0000] {override.py:1912} INFO - Created Permission View: can read on DAG Run:example_short_circuit_operator
[2025-12-21T20:23:32.501+0000] {logging_mixin.py:190} INFO - [2025-12-21T20:23:32.501+0000] {dag.py:3239} INFO - Sync 1 DAGs
[2025-12-21T20:23:32.513+0000] {logging_mixin.py:190} INFO - [2025-12-21T20:23:32.513+0000] {dag.py:3262} INFO - Creating ORM DAG for example_short_circuit_operator
[2025-12-21T20:23:32.514+0000] {logging_mixin.py:190} INFO - [2025-12-21T20:23:32.514+0000] {dag.py:4180} INFO - Setting next_dagrun for example_short_circuit_operator to None, run_after=None
[2025-12-21T20:23:32.536+0000] {processor.py:208} INFO - Processing /home/airflow/.local/lib/python3.12/site-packages/airflow/example_dags/example_short_circuit_operator.py took 0.288 seconds
[2025-12-21T20:24:03.170+0000] {processor.py:186} INFO - Started process (PID=149) to work on /home/airflow/.local/lib/python3.12/site-packages/airflow/example_dags/example_short_circuit_operator.py
[2025-12-21T20:24:03.171+0000] {processor.py:914} INFO - Processing file /home/airflow/.local/lib/python3.12/site-packages/airflow/example_dags/example_short_circuit_operator.py for tasks to queue
[2025-12-21T20:24:03.176+0000] {logging_mixin.py:190} INFO - [2025-12-21T20:24:03.175+0000] {dagbag.py:588} INFO - Filling up the DagBag from /home/airflow/.local/lib/python3.12/site-packages/airflow/example_dags/example_short_circuit_operator.py
[2025-12-21T20:24:03.193+0000] {processor.py:925} INFO - DAG(s) 'example_short_circuit_operator' retrieved from /home/airflow/.local/lib/python3.12/site-packages/airflow/example_dags/example_short_circuit_operator.py
[2025-12-21T20:24:03.216+0000] {logging_mixin.py:190} INFO - [2025-12-21T20:24:03.216+0000] {dag.py:3239} INFO - Sync 1 DAGs
[2025-12-21T20:24:03.230+0000] {logging_mixin.py:190} INFO - [2025-12-21T20:24:03.230+0000] {dag.py:4180} INFO - Setting next_dagrun for example_short_circuit_operator to None, run_after=None
[2025-12-21T20:24:03.261+0000] {processor.py:208} INFO - Processing /home/airflow/.local/lib/python3.12/site-packages/airflow/example_dags/example_short_circuit_operator.py took 0.102 seconds
[2025-12-21T20:24:33.397+0000] {processor.py:186} INFO - Started process (PID=215) to work on /home/airflow/.local/lib/python3.12/site-packages/airflow/example_dags/example_short_circuit_operator.py
[2025-12-21T20:24:33.398+0000] {processor.py:914} INFO - Processing file /home/airflow/.local/lib/python3.12/site-packages/airflow/example_dags/example_short_circuit_operator.py for tasks to queue
[2025-12-21T20:24:33.408+0000] {logging_mixin.py:190} INFO - [2025-12-21T20:24:33.407+0000] {dagbag.py:588} INFO - Filling up the DagBag from /home/airflow/.local/lib/python3.12/site-packages/airflow/example_dags/example_short_circuit_operator.py
[2025-12-21T20:24:33.426+0000] {processor.py:925} INFO - DAG(s) 'example_short_circuit_operator' retrieved from /home/airflow/.local/lib/python3.12/site-packages/airflow/example_dags/example_short_circuit_operator.py
[2025-12-21T20:24:33.456+0000] {logging_mixin.py:190} INFO - [2025-12-21T20:24:33.455+0000] {dag.py:3239} INFO - Sync 1 DAGs
[2025-12-21T20:24:33.478+0000] {logging_mixin.py:190} INFO - [2025-12-21T20:24:33.477+0000] {dag.py:4180} INFO - Setting next_dagrun for example_short_circuit_operator to None, run_after=None
[2025-12-21T20:24:33.511+0000] {processor.py:208} INFO - Processing /home/airflow/.local/lib/python3.12/site-packages/airflow/example_dags/example_short_circuit_operator.py took 0.126 seconds
[2025-12-21T20:25:04.002+0000] {processor.py:186} INFO - Started process (PID=281) to work on /home/airflow/.local/lib/python3.12/site-packages/airflow/example_dags/example_short_circuit_operator.py
[2025-12-21T20:25:04.003+0000] {processor.py:914} INFO - Processing file /home/airflow/.local/lib/python3.12/site-packages/airflow/example_dags/example_short_circuit_operator.py for tasks to queue
[2025-12-21T20:25:04.006+0000] {logging_mixin.py:190} INFO - [2025-12-21T20:25:04.006+0000] {dagbag.py:588} INFO - Filling up the DagBag from /home/airflow/.local/lib/python3.12/site-packages/airflow/example_dags/example_short_circuit_operator.py
[2025-12-21T20:25:04.024+0000] {processor.py:925} INFO - DAG(s) 'example_short_circuit_operator' retrieved from /home/airflow/.local/lib/python3.12/site-packages/airflow/example_dags/example_short_circuit_operator.py
[2025-12-21T20:25:04.053+0000] {logging_mixin.py:190} INFO - [2025-12-21T20:25:04.052+0000] {dag.py:3239} INFO - Sync 1 DAGs
[2025-12-21T20:25:04.076+0000] {logging_mixin.py:190} INFO - [2025-12-21T20:25:04.075+0000] {dag.py:4180} INFO - Setting next_dagrun for example_short_circuit_operator to None, run_after=None
[2025-12-21T20:25:04.115+0000] {processor.py:208} INFO - Processing /home/airflow/.local/lib/python3.12/site-packages/airflow/example_dags/example_short_circuit_operator.py took 0.118 seconds
[2025-12-21T20:25:34.421+0000] {processor.py:186} INFO - Started process (PID=347) to work on /home/airflow/.local/lib/python3.12/site-packages/airflow/example_dags/example_short_circuit_operator.py
[2025-12-21T20:25:34.422+0000] {processor.py:914} INFO - Processing file /home/airflow/.local/lib/python3.12/site-packages/airflow/example_dags/example_short_circuit_operator.py for tasks to queue
[2025-12-21T20:25:34.426+0000] {logging_mixin.py:190} INFO - [2025-12-21T20:25:34.426+0000] {dagbag.py:588} INFO - Filling up the DagBag from /home/airflow/.local/lib/python3.12/site-packages/airflow/example_dags/example_short_circuit_operator.py
[2025-12-21T20:25:34.441+0000] {processor.py:925} INFO - DAG(s) 'example_short_circuit_operator' retrieved from /home/airflow/.local/lib/python3.12/site-packages/airflow/example_dags/example_short_circuit_operator.py
[2025-12-21T20:25:34.472+0000] {logging_mixin.py:190} INFO - [2025-12-21T20:25:34.471+0000] {dag.py:3239} INFO - Sync 1 DAGs
[2025-12-21T20:25:34.492+0000] {logging_mixin.py:190} INFO - [2025-12-21T20:25:34.492+0000] {dag.py:4180} INFO - Setting next_dagrun for example_short_circuit_operator to None, run_after=None
[2025-12-21T20:25:34.519+0000] {processor.py:208} INFO - Processing /home/airflow/.local/lib/python3.12/site-packages/airflow/example_dags/example_short_circuit_operator.py took 0.110 seconds
[2025-12-21T20:26:04.608+0000] {processor.py:186} INFO - Started process (PID=413) to work on /home/airflow/.local/lib/python3.12/site-packages/airflow/example_dags/example_short_circuit_operator.py
[2025-12-21T20:26:04.610+0000] {processor.py:914} INFO - Processing file /home/airflow/.local/lib/python3.12/site-packages/airflow/example_dags/example_short_circuit_operator.py for tasks to queue
[2025-12-21T20:26:04.616+0000] {logging_mixin.py:190} INFO - [2025-12-21T20:26:04.615+0000] {dagbag.py:588} INFO - Filling up the DagBag from /home/airflow/.local/lib/python3.12/site-packages/airflow/example_dags/example_short_circuit_operator.py
[2025-12-21T20:26:04.630+0000] {processor.py:925} INFO - DAG(s) 'example_short_circuit_operator' retrieved from /home/airflow/.local/lib/python3.12/site-packages/airflow/example_dags/example_short_circuit_operator.py
[2025-12-21T20:26:04.666+0000] {logging_mixin.py:190} INFO - [2025-12-21T20:26:04.665+0000] {dag.py:3239} INFO - Sync 1 DAGs
[2025-12-21T20:26:04.681+0000] {logging_mixin.py:190} INFO - [2025-12-21T20:26:04.680+0000] {dag.py:4180} INFO - Setting next_dagrun for example_short_circuit_operator to None, run_after=None
[2025-12-21T20:26:04.732+0000] {processor.py:208} INFO - Processing /home/airflow/.local/lib/python3.12/site-packages/airflow/example_dags/example_short_circuit_operator.py took 0.136 seconds
[2025-12-21T20:26:34.960+0000] {processor.py:186} INFO - Started process (PID=479) to work on /home/airflow/.local/lib/python3.12/site-packages/airflow/example_dags/example_short_circuit_operator.py
[2025-12-21T20:26:34.962+0000] {processor.py:914} INFO - Processing file /home/airflow/.local/lib/python3.12/site-packages/airflow/example_dags/example_short_circuit_operator.py for tasks to queue
[2025-12-21T20:26:34.965+0000] {logging_mixin.py:190} INFO - [2025-12-21T20:26:34.965+0000] {dagbag.py:588} INFO - Filling up the DagBag from /home/airflow/.local/lib/python3.12/site-packages/airflow/example_dags/example_short_circuit_operator.py
[2025-12-21T20:26:34.973+0000] {processor.py:925} INFO - DAG(s) 'example_short_circuit_operator' retrieved from /home/airflow/.local/lib/python3.12/site-packages/airflow/example_dags/example_short_circuit_operator.py
[2025-12-21T20:26:35.008+0000] {logging_mixin.py:190} INFO - [2025-12-21T20:26:35.007+0000] {dag.py:3239} INFO - Sync 1 DAGs
[2025-12-21T20:26:35.024+0000] {logging_mixin.py:190} INFO - [2025-12-21T20:26:35.024+0000] {dag.py:4180} INFO - Setting next_dagrun for example_short_circuit_operator to None, run_after=None
[2025-12-21T20:26:35.052+0000] {processor.py:208} INFO - Processing /home/airflow/.local/lib/python3.12/site-packages/airflow/example_dags/example_short_circuit_operator.py took 0.104 seconds
[2025-12-21T20:27:05.452+0000] {processor.py:186} INFO - Started process (PID=545) to work on /home/airflow/.local/lib/python3.12/site-packages/airflow/example_dags/example_short_circuit_operator.py
[2025-12-21T20:27:05.453+0000] {processor.py:914} INFO - Processing file /home/airflow/.local/lib/python3.12/site-packages/airflow/example_dags/example_short_circuit_operator.py for tasks to queue
[2025-12-21T20:27:05.458+0000] {logging_mixin.py:190} INFO - [2025-12-21T20:27:05.458+0000] {dagbag.py:588} INFO - Filling up the DagBag from /home/airflow/.local/lib/python3.12/site-packages/airflow/example_dags/example_short_circuit_operator.py
[2025-12-21T20:27:05.470+0000] {processor.py:925} INFO - DAG(s) 'example_short_circuit_operator' retrieved from /home/airflow/.local/lib/python3.12/site-packages/airflow/example_dags/example_short_circuit_operator.py
[2025-12-21T20:27:05.497+0000] {logging_mixin.py:190} INFO - [2025-12-21T20:27:05.497+0000] {dag.py:3239} INFO - Sync 1 DAGs
[2025-12-21T20:27:05.513+0000] {logging_mixin.py:190} INFO - [2025-12-21T20:27:05.512+0000] {dag.py:4180} INFO - Setting next_dagrun for example_short_circuit_operator to None, run_after=None
[2025-12-21T20:27:05.557+0000] {processor.py:208} INFO - Processing /home/airflow/.local/lib/python3.12/site-packages/airflow/example_dags/example_short_circuit_operator.py took 0.118 seconds
[2025-12-21T20:27:36.370+0000] {processor.py:186} INFO - Started process (PID=611) to work on /home/airflow/.local/lib/python3.12/site-packages/airflow/example_dags/example_short_circuit_operator.py
[2025-12-21T20:27:36.372+0000] {processor.py:914} INFO - Processing file /home/airflow/.local/lib/python3.12/site-packages/airflow/example_dags/example_short_circuit_operator.py for tasks to queue
[2025-12-21T20:27:36.378+0000] {logging_mixin.py:190} INFO - [2025-12-21T20:27:36.377+0000] {dagbag.py:588} INFO - Filling up the DagBag from /home/airflow/.local/lib/python3.12/site-packages/airflow/example_dags/example_short_circuit_operator.py
[2025-12-21T20:27:36.398+0000] {processor.py:925} INFO - DAG(s) 'example_short_circuit_operator' retrieved from /home/airflow/.local/lib/python3.12/site-packages/airflow/example_dags/example_short_circuit_operator.py
[2025-12-21T20:27:36.450+0000] {logging_mixin.py:190} INFO - [2025-12-21T20:27:36.450+0000] {dag.py:3239} INFO - Sync 1 DAGs
[2025-12-21T20:27:36.464+0000] {logging_mixin.py:190} INFO - [2025-12-21T20:27:36.464+0000] {dag.py:4180} INFO - Setting next_dagrun for example_short_circuit_operator to None, run_after=None
[2025-12-21T20:27:36.493+0000] {processor.py:208} INFO - Processing /home/airflow/.local/lib/python3.12/site-packages/airflow/example_dags/example_short_circuit_operator.py took 0.136 seconds
[2025-12-21T20:28:06.621+0000] {processor.py:186} INFO - Started process (PID=677) to work on /home/airflow/.local/lib/python3.12/site-packages/airflow/example_dags/example_short_circuit_operator.py
[2025-12-21T20:28:06.622+0000] {processor.py:914} INFO - Processing file /home/airflow/.local/lib/python3.12/site-packages/airflow/example_dags/example_short_circuit_operator.py for tasks to queue
[2025-12-21T20:28:06.627+0000] {logging_mixin.py:190} INFO - [2025-12-21T20:28:06.626+0000] {dagbag.py:588} INFO - Filling up the DagBag from /home/airflow/.local/lib/python3.12/site-packages/airflow/example_dags/example_short_circuit_operator.py
[2025-12-21T20:28:06.647+0000] {processor.py:925} INFO - DAG(s) 'example_short_circuit_operator' retrieved from /home/airflow/.local/lib/python3.12/site-packages/airflow/example_dags/example_short_circuit_operator.py
[2025-12-21T20:28:06.677+0000] {logging_mixin.py:190} INFO - [2025-12-21T20:28:06.677+0000] {dag.py:3239} INFO - Sync 1 DAGs
[2025-12-21T20:28:06.691+0000] {logging_mixin.py:190} INFO - [2025-12-21T20:28:06.691+0000] {dag.py:4180} INFO - Setting next_dagrun for example_short_circuit_operator to None, run_after=None
[2025-12-21T20:28:06.714+0000] {processor.py:208} INFO - Processing /home/airflow/.local/lib/python3.12/site-packages/airflow/example_dags/example_short_circuit_operator.py took 0.103 seconds
[2025-12-21T20:28:37.507+0000] {processor.py:186} INFO - Started process (PID=743) to work on /home/airflow/.local/lib/python3.12/site-packages/airflow/example_dags/example_short_circuit_operator.py
[2025-12-21T20:28:37.509+0000] {processor.py:914} INFO - Processing file /home/airflow/.local/lib/python3.12/site-packages/airflow/example_dags/example_short_circuit_operator.py for tasks to queue
[2025-12-21T20:28:37.512+0000] {logging_mixin.py:190} INFO - [2025-12-21T20:28:37.512+0000] {dagbag.py:588} INFO - Filling up the DagBag from /home/airflow/.local/lib/python3.12/site-packages/airflow/example_dags/example_short_circuit_operator.py
[2025-12-21T20:28:37.520+0000] {processor.py:925} INFO - DAG(s) 'example_short_circuit_operator' retrieved from /home/airflow/.local/lib/python3.12/site-packages/airflow/example_dags/example_short_circuit_operator.py
[2025-12-21T20:28:37.550+0000] {logging_mixin.py:190} INFO - [2025-12-21T20:28:37.550+0000] {dag.py:3239} INFO - Sync 1 DAGs
[2025-12-21T20:28:37.566+0000] {logging_mixin.py:190} INFO - [2025-12-21T20:28:37.566+0000] {dag.py:4180} INFO - Setting next_dagrun for example_short_circuit_operator to None, run_after=None
[2025-12-21T20:28:37.634+0000] {processor.py:208} INFO - Processing /home/airflow/.local/lib/python3.12/site-packages/airflow/example_dags/example_short_circuit_operator.py took 0.137 seconds
[2025-12-21T20:29:07.975+0000] {processor.py:186} INFO - Started process (PID=809) to work on /home/airflow/.local/lib/python3.12/site-packages/airflow/example_dags/example_short_circuit_operator.py
[2025-12-21T20:29:07.976+0000] {processor.py:914} INFO - Processing file /home/airflow/.local/lib/python3.12/site-packages/airflow/example_dags/example_short_circuit_operator.py for tasks to queue
[2025-12-21T20:29:07.980+0000] {logging_mixin.py:190} INFO - [2025-12-21T20:29:07.980+0000] {dagbag.py:588} INFO - Filling up the DagBag from /home/airflow/.local/lib/python3.12/site-packages/airflow/example_dags/example_short_circuit_operator.py
[2025-12-21T20:29:07.993+0000] {processor.py:925} INFO - DAG(s) 'example_short_circuit_operator' retrieved from /home/airflow/.local/lib/python3.12/site-packages/airflow/example_dags/example_short_circuit_operator.py
[2025-12-21T20:29:08.021+0000] {logging_mixin.py:190} INFO - [2025-12-21T20:29:08.021+0000] {dag.py:3239} INFO - Sync 1 DAGs
[2025-12-21T20:29:08.043+0000] {logging_mixin.py:190} INFO - [2025-12-21T20:29:08.043+0000] {dag.py:4180} INFO - Setting next_dagrun for example_short_circuit_operator to None, run_after=None
[2025-12-21T20:29:08.074+0000] {processor.py:208} INFO - Processing /home/airflow/.local/lib/python3.12/site-packages/airflow/example_dags/example_short_circuit_operator.py took 0.106 seconds
[2025-12-21T20:29:38.463+0000] {processor.py:186} INFO - Started process (PID=875) to work on /home/airflow/.local/lib/python3.12/site-packages/airflow/example_dags/example_short_circuit_operator.py
[2025-12-21T20:29:38.464+0000] {processor.py:914} INFO - Processing file /home/airflow/.local/lib/python3.12/site-packages/airflow/example_dags/example_short_circuit_operator.py for tasks to queue
[2025-12-21T20:29:38.466+0000] {logging_mixin.py:190} INFO - [2025-12-21T20:29:38.466+0000] {dagbag.py:588} INFO - Filling up the DagBag from /home/airflow/.local/lib/python3.12/site-packages/airflow/example_dags/example_short_circuit_operator.py
[2025-12-21T20:29:38.475+0000] {processor.py:925} INFO - DAG(s) 'example_short_circuit_operator' retrieved from /home/airflow/.local/lib/python3.12/site-packages/airflow/example_dags/example_short_circuit_operator.py
[2025-12-21T20:29:38.502+0000] {logging_mixin.py:190} INFO - [2025-12-21T20:29:38.502+0000] {dag.py:3239} INFO - Sync 1 DAGs
[2025-12-21T20:29:38.518+0000] {logging_mixin.py:190} INFO - [2025-12-21T20:29:38.518+0000] {dag.py:4180} INFO - Setting next_dagrun for example_short_circuit_operator to None, run_after=None
[2025-12-21T20:29:38.560+0000] {processor.py:208} INFO - Processing /home/airflow/.local/lib/python3.12/site-packages/airflow/example_dags/example_short_circuit_operator.py took 0.107 seconds
[2025-12-21T20:30:08.711+0000] {processor.py:186} INFO - Started process (PID=941) to work on /home/airflow/.local/lib/python3.12/site-packages/airflow/example_dags/example_short_circuit_operator.py
[2025-12-21T20:30:08.712+0000] {processor.py:914} INFO - Processing file /home/airflow/.local/lib/python3.12/site-packages/airflow/example_dags/example_short_circuit_operator.py for tasks to queue
[2025-12-21T20:30:08.714+0000] {logging_mixin.py:190} INFO - [2025-12-21T20:30:08.714+0000] {dagbag.py:588} INFO - Filling up the DagBag from /home/airflow/.local/lib/python3.12/site-packages/airflow/example_dags/example_short_circuit_operator.py
[2025-12-21T20:30:08.731+0000] {processor.py:925} INFO - DAG(s) 'example_short_circuit_operator' retrieved from /home/airflow/.local/lib/python3.12/site-packages/airflow/example_dags/example_short_circuit_operator.py
[2025-12-21T20:30:08.762+0000] {logging_mixin.py:190} INFO - [2025-12-21T20:30:08.761+0000] {dag.py:3239} INFO - Sync 1 DAGs
[2025-12-21T20:30:08.780+0000] {logging_mixin.py:190} INFO - [2025-12-21T20:30:08.780+0000] {dag.py:4180} INFO - Setting next_dagrun for example_short_circuit_operator to None, run_after=None
[2025-12-21T20:30:08.806+0000] {processor.py:208} INFO - Processing /home/airflow/.local/lib/python3.12/site-packages/airflow/example_dags/example_short_circuit_operator.py took 0.101 seconds
[2025-12-21T20:30:39.080+0000] {processor.py:186} INFO - Started process (PID=1007) to work on /home/airflow/.local/lib/python3.12/site-packages/airflow/example_dags/example_short_circuit_operator.py
[2025-12-21T20:30:39.082+0000] {processor.py:914} INFO - Processing file /home/airflow/.local/lib/python3.12/site-packages/airflow/example_dags/example_short_circuit_operator.py for tasks to queue
[2025-12-21T20:30:39.085+0000] {logging_mixin.py:190} INFO - [2025-12-21T20:30:39.084+0000] {dagbag.py:588} INFO - Filling up the DagBag from /home/airflow/.local/lib/python3.12/site-packages/airflow/example_dags/example_short_circuit_operator.py
[2025-12-21T20:30:39.093+0000] {processor.py:925} INFO - DAG(s) 'example_short_circuit_operator' retrieved from /home/airflow/.local/lib/python3.12/site-packages/airflow/example_dags/example_short_circuit_operator.py
[2025-12-21T20:30:39.122+0000] {logging_mixin.py:190} INFO - [2025-12-21T20:30:39.121+0000] {dag.py:3239} INFO - Sync 1 DAGs
[2025-12-21T20:30:39.140+0000] {logging_mixin.py:190} INFO - [2025-12-21T20:30:39.140+0000] {dag.py:4180} INFO - Setting next_dagrun for example_short_circuit_operator to None, run_after=None
[2025-12-21T20:30:39.175+0000] {processor.py:208} INFO - Processing /home/airflow/.local/lib/python3.12/site-packages/airflow/example_dags/example_short_circuit_operator.py took 0.100 seconds
[2025-12-21T20:31:09.347+0000] {processor.py:186} INFO - Started process (PID=1073) to work on /home/airflow/.local/lib/python3.12/site-packages/airflow/example_dags/example_short_circuit_operator.py
[2025-12-21T20:31:09.349+0000] {processor.py:914} INFO - Processing file /home/airflow/.local/lib/python3.12/site-packages/airflow/example_dags/example_short_circuit_operator.py for tasks to queue
[2025-12-21T20:31:09.352+0000] {logging_mixin.py:190} INFO - [2025-12-21T20:31:09.352+0000] {dagbag.py:588} INFO - Filling up the DagBag from /home/airflow/.local/lib/python3.12/site-packages/airflow/example_dags/example_short_circuit_operator.py
[2025-12-21T20:31:09.362+0000] {processor.py:925} INFO - DAG(s) 'example_short_circuit_operator' retrieved from /home/airflow/.local/lib/python3.12/site-packages/airflow/example_dags/example_short_circuit_operator.py
[2025-12-21T20:31:09.389+0000] {logging_mixin.py:190} INFO - [2025-12-21T20:31:09.388+0000] {dag.py:3239} INFO - Sync 1 DAGs
[2025-12-21T20:31:09.404+0000] {logging_mixin.py:190} INFO - [2025-12-21T20:31:09.403+0000] {dag.py:4180} INFO - Setting next_dagrun for example_short_circuit_operator to None, run_after=None
[2025-12-21T20:31:09.429+0000] {processor.py:208} INFO - Processing /home/airflow/.local/lib/python3.12/site-packages/airflow/example_dags/example_short_circuit_operator.py took 0.089 seconds
[2025-12-21T20:31:39.647+0000] {processor.py:186} INFO - Started process (PID=1139) to work on /home/airflow/.local/lib/python3.12/site-packages/airflow/example_dags/example_short_circuit_operator.py
[2025-12-21T20:31:39.648+0000] {processor.py:914} INFO - Processing file /home/airflow/.local/lib/python3.12/site-packages/airflow/example_dags/example_short_circuit_operator.py for tasks to queue
[2025-12-21T20:31:39.651+0000] {logging_mixin.py:190} INFO - [2025-12-21T20:31:39.650+0000] {dagbag.py:588} INFO - Filling up the DagBag from /home/airflow/.local/lib/python3.12/site-packages/airflow/example_dags/example_short_circuit_operator.py
[2025-12-21T20:31:39.661+0000] {processor.py:925} INFO - DAG(s) 'example_short_circuit_operator' retrieved from /home/airflow/.local/lib/python3.12/site-packages/airflow/example_dags/example_short_circuit_operator.py
[2025-12-21T20:31:39.686+0000] {logging_mixin.py:190} INFO - [2025-12-21T20:31:39.685+0000] {dag.py:3239} INFO - Sync 1 DAGs
[2025-12-21T20:31:39.703+0000] {logging_mixin.py:190} INFO - [2025-12-21T20:31:39.702+0000] {dag.py:4180} INFO - Setting next_dagrun for example_short_circuit_operator to None, run_after=None
[2025-12-21T20:31:39.728+0000] {processor.py:208} INFO - Processing /home/airflow/.local/lib/python3.12/site-packages/airflow/example_dags/example_short_circuit_operator.py took 0.091 seconds
[2025-12-21T20:32:10.632+0000] {processor.py:186} INFO - Started process (PID=1205) to work on /home/airflow/.local/lib/python3.12/site-packages/airflow/example_dags/example_short_circuit_operator.py
[2025-12-21T20:32:10.634+0000] {processor.py:914} INFO - Processing file /home/airflow/.local/lib/python3.12/site-packages/airflow/example_dags/example_short_circuit_operator.py for tasks to queue
[2025-12-21T20:32:10.637+0000] {logging_mixin.py:190} INFO - [2025-12-21T20:32:10.636+0000] {dagbag.py:588} INFO - Filling up the DagBag from /home/airflow/.local/lib/python3.12/site-packages/airflow/example_dags/example_short_circuit_operator.py
[2025-12-21T20:32:10.646+0000] {processor.py:925} INFO - DAG(s) 'example_short_circuit_operator' retrieved from /home/airflow/.local/lib/python3.12/site-packages/airflow/example_dags/example_short_circuit_operator.py
[2025-12-21T20:32:10.673+0000] {logging_mixin.py:190} INFO - [2025-12-21T20:32:10.673+0000] {dag.py:3239} INFO - Sync 1 DAGs
[2025-12-21T20:32:10.690+0000] {logging_mixin.py:190} INFO - [2025-12-21T20:32:10.690+0000] {dag.py:4180} INFO - Setting next_dagrun for example_short_circuit_operator to None, run_after=None
[2025-12-21T20:32:10.718+0000] {processor.py:208} INFO - Processing /home/airflow/.local/lib/python3.12/site-packages/airflow/example_dags/example_short_circuit_operator.py took 0.097 seconds
[2025-12-21T20:32:41.187+0000] {processor.py:186} INFO - Started process (PID=1271) to work on /home/airflow/.local/lib/python3.12/site-packages/airflow/example_dags/example_short_circuit_operator.py
[2025-12-21T20:32:41.188+0000] {processor.py:914} INFO - Processing file /home/airflow/.local/lib/python3.12/site-packages/airflow/example_dags/example_short_circuit_operator.py for tasks to queue
[2025-12-21T20:32:41.191+0000] {logging_mixin.py:190} INFO - [2025-12-21T20:32:41.191+0000] {dagbag.py:588} INFO - Filling up the DagBag from /home/airflow/.local/lib/python3.12/site-packages/airflow/example_dags/example_short_circuit_operator.py
[2025-12-21T20:32:41.200+0000] {processor.py:925} INFO - DAG(s) 'example_short_circuit_operator' retrieved from /home/airflow/.local/lib/python3.12/site-packages/airflow/example_dags/example_short_circuit_operator.py
[2025-12-21T20:32:41.227+0000] {logging_mixin.py:190} INFO - [2025-12-21T20:32:41.226+0000] {dag.py:3239} INFO - Sync 1 DAGs
[2025-12-21T20:32:41.240+0000] {logging_mixin.py:190} INFO - [2025-12-21T20:32:41.240+0000] {dag.py:4180} INFO - Setting next_dagrun for example_short_circuit_operator to None, run_after=None
[2025-12-21T20:32:41.266+0000] {processor.py:208} INFO - Processing /home/airflow/.local/lib/python3.12/site-packages/airflow/example_dags/example_short_circuit_operator.py took 0.091 seconds
[2025-12-21T20:33:11.387+0000] {processor.py:186} INFO - Started process (PID=1337) to work on /home/airflow/.local/lib/python3.12/site-packages/airflow/example_dags/example_short_circuit_operator.py
[2025-12-21T20:33:11.388+0000] {processor.py:914} INFO - Processing file /home/airflow/.local/lib/python3.12/site-packages/airflow/example_dags/example_short_circuit_operator.py for tasks to queue
[2025-12-21T20:33:11.391+0000] {logging_mixin.py:190} INFO - [2025-12-21T20:33:11.390+0000] {dagbag.py:588} INFO - Filling up the DagBag from /home/airflow/.local/lib/python3.12/site-packages/airflow/example_dags/example_short_circuit_operator.py
[2025-12-21T20:33:11.400+0000] {processor.py:925} INFO - DAG(s) 'example_short_circuit_operator' retrieved from /home/airflow/.local/lib/python3.12/site-packages/airflow/example_dags/example_short_circuit_operator.py
[2025-12-21T20:33:11.426+0000] {logging_mixin.py:190} INFO - [2025-12-21T20:33:11.426+0000] {dag.py:3239} INFO - Sync 1 DAGs
[2025-12-21T20:33:11.444+0000] {logging_mixin.py:190} INFO - [2025-12-21T20:33:11.443+0000] {dag.py:4180} INFO - Setting next_dagrun for example_short_circuit_operator to None, run_after=None
[2025-12-21T20:33:11.474+0000] {processor.py:208} INFO - Processing /home/airflow/.local/lib/python3.12/site-packages/airflow/example_dags/example_short_circuit_operator.py took 0.099 seconds
[2025-12-21T20:33:41.960+0000] {processor.py:186} INFO - Started process (PID=1403) to work on /home/airflow/.local/lib/python3.12/site-packages/airflow/example_dags/example_short_circuit_operator.py
[2025-12-21T20:33:41.962+0000] {processor.py:914} INFO - Processing file /home/airflow/.local/lib/python3.12/site-packages/airflow/example_dags/example_short_circuit_operator.py for tasks to queue
[2025-12-21T20:33:41.965+0000] {logging_mixin.py:190} INFO - [2025-12-21T20:33:41.964+0000] {dagbag.py:588} INFO - Filling up the DagBag from /home/airflow/.local/lib/python3.12/site-packages/airflow/example_dags/example_short_circuit_operator.py
[2025-12-21T20:33:41.973+0000] {processor.py:925} INFO - DAG(s) 'example_short_circuit_operator' retrieved from /home/airflow/.local/lib/python3.12/site-packages/airflow/example_dags/example_short_circuit_operator.py
[2025-12-21T20:33:41.999+0000] {logging_mixin.py:190} INFO - [2025-12-21T20:33:41.999+0000] {dag.py:3239} INFO - Sync 1 DAGs
[2025-12-21T20:33:42.015+0000] {logging_mixin.py:190} INFO - [2025-12-21T20:33:42.015+0000] {dag.py:4180} INFO - Setting next_dagrun for example_short_circuit_operator to None, run_after=None
[2025-12-21T20:33:42.040+0000] {processor.py:208} INFO - Processing /home/airflow/.local/lib/python3.12/site-packages/airflow/example_dags/example_short_circuit_operator.py took 0.092 seconds
[2025-12-21T20:34:13.142+0000] {processor.py:186} INFO - Started process (PID=1469) to work on /home/airflow/.local/lib/python3.12/site-packages/airflow/example_dags/example_short_circuit_operator.py
[2025-12-21T20:34:13.143+0000] {processor.py:914} INFO - Processing file /home/airflow/.local/lib/python3.12/site-packages/airflow/example_dags/example_short_circuit_operator.py for tasks to queue
[2025-12-21T20:34:13.146+0000] {logging_mixin.py:190} INFO - [2025-12-21T20:34:13.145+0000] {dagbag.py:588} INFO - Filling up the DagBag from /home/airflow/.local/lib/python3.12/site-packages/airflow/example_dags/example_short_circuit_operator.py
[2025-12-21T20:34:13.155+0000] {processor.py:925} INFO - DAG(s) 'example_short_circuit_operator' retrieved from /home/airflow/.local/lib/python3.12/site-packages/airflow/example_dags/example_short_circuit_operator.py
[2025-12-21T20:34:13.194+0000] {logging_mixin.py:190} INFO - [2025-12-21T20:34:13.194+0000] {dag.py:3239} INFO - Sync 1 DAGs
[2025-12-21T20:34:13.221+0000] {logging_mixin.py:190} INFO - [2025-12-21T20:34:13.221+0000] {dag.py:4180} INFO - Setting next_dagrun for example_short_circuit_operator to None, run_after=None
[2025-12-21T20:34:13.248+0000] {processor.py:208} INFO - Processing /home/airflow/.local/lib/python3.12/site-packages/airflow/example_dags/example_short_circuit_operator.py took 0.116 seconds
[2025-12-21T20:34:43.684+0000] {processor.py:186} INFO - Started process (PID=1535) to work on /home/airflow/.local/lib/python3.12/site-packages/airflow/example_dags/example_short_circuit_operator.py
[2025-12-21T20:34:43.686+0000] {processor.py:914} INFO - Processing file /home/airflow/.local/lib/python3.12/site-packages/airflow/example_dags/example_short_circuit_operator.py for tasks to queue
[2025-12-21T20:34:43.689+0000] {logging_mixin.py:190} INFO - [2025-12-21T20:34:43.689+0000] {dagbag.py:588} INFO - Filling up the DagBag from /home/airflow/.local/lib/python3.12/site-packages/airflow/example_dags/example_short_circuit_operator.py
[2025-12-21T20:34:43.705+0000] {processor.py:925} INFO - DAG(s) 'example_short_circuit_operator' retrieved from /home/airflow/.local/lib/python3.12/site-packages/airflow/example_dags/example_short_circuit_operator.py
[2025-12-21T20:34:43.738+0000] {logging_mixin.py:190} INFO - [2025-12-21T20:34:43.737+0000] {dag.py:3239} INFO - Sync 1 DAGs
[2025-12-21T20:34:43.754+0000] {logging_mixin.py:190} INFO - [2025-12-21T20:34:43.753+0000] {dag.py:4180} INFO - Setting next_dagrun for example_short_circuit_operator to None, run_after=None
[2025-12-21T20:34:43.787+0000] {processor.py:208} INFO - Processing /home/airflow/.local/lib/python3.12/site-packages/airflow/example_dags/example_short_circuit_operator.py took 0.115 seconds
[2025-12-21T20:35:14.343+0000] {processor.py:186} INFO - Started process (PID=1601) to work on /home/airflow/.local/lib/python3.12/site-packages/airflow/example_dags/example_short_circuit_operator.py
[2025-12-21T20:35:14.345+0000] {processor.py:914} INFO - Processing file /home/airflow/.local/lib/python3.12/site-packages/airflow/example_dags/example_short_circuit_operator.py for tasks to queue
[2025-12-21T20:35:14.347+0000] {logging_mixin.py:190} INFO - [2025-12-21T20:35:14.346+0000] {dagbag.py:588} INFO - Filling up the DagBag from /home/airflow/.local/lib/python3.12/site-packages/airflow/example_dags/example_short_circuit_operator.py
[2025-12-21T20:35:14.356+0000] {processor.py:925} INFO - DAG(s) 'example_short_circuit_operator' retrieved from /home/airflow/.local/lib/python3.12/site-packages/airflow/example_dags/example_short_circuit_operator.py
[2025-12-21T20:35:14.391+0000] {logging_mixin.py:190} INFO - [2025-12-21T20:35:14.391+0000] {dag.py:3239} INFO - Sync 1 DAGs
[2025-12-21T20:35:14.418+0000] {logging_mixin.py:190} INFO - [2025-12-21T20:35:14.418+0000] {dag.py:4180} INFO - Setting next_dagrun for example_short_circuit_operator to None, run_after=None
[2025-12-21T20:35:14.448+0000] {processor.py:208} INFO - Processing /home/airflow/.local/lib/python3.12/site-packages/airflow/example_dags/example_short_circuit_operator.py took 0.110 seconds
[2025-12-21T20:35:44.567+0000] {processor.py:186} INFO - Started process (PID=1666) to work on /home/airflow/.local/lib/python3.12/site-packages/airflow/example_dags/example_short_circuit_operator.py
[2025-12-21T20:35:44.568+0000] {processor.py:914} INFO - Processing file /home/airflow/.local/lib/python3.12/site-packages/airflow/example_dags/example_short_circuit_operator.py for tasks to queue
[2025-12-21T20:35:44.571+0000] {logging_mixin.py:190} INFO - [2025-12-21T20:35:44.570+0000] {dagbag.py:588} INFO - Filling up the DagBag from /home/airflow/.local/lib/python3.12/site-packages/airflow/example_dags/example_short_circuit_operator.py
[2025-12-21T20:35:44.579+0000] {processor.py:925} INFO - DAG(s) 'example_short_circuit_operator' retrieved from /home/airflow/.local/lib/python3.12/site-packages/airflow/example_dags/example_short_circuit_operator.py
[2025-12-21T20:35:44.603+0000] {logging_mixin.py:190} INFO - [2025-12-21T20:35:44.603+0000] {dag.py:3239} INFO - Sync 1 DAGs
[2025-12-21T20:35:44.616+0000] {logging_mixin.py:190} INFO - [2025-12-21T20:35:44.616+0000] {dag.py:4180} INFO - Setting next_dagrun for example_short_circuit_operator to None, run_after=None
[2025-12-21T20:35:44.637+0000] {processor.py:208} INFO - Processing /home/airflow/.local/lib/python3.12/site-packages/airflow/example_dags/example_short_circuit_operator.py took 0.081 seconds
[2025-12-21T20:36:14.911+0000] {processor.py:186} INFO - Started process (PID=1732) to work on /home/airflow/.local/lib/python3.12/site-packages/airflow/example_dags/example_short_circuit_operator.py
[2025-12-21T20:36:14.912+0000] {processor.py:914} INFO - Processing file /home/airflow/.local/lib/python3.12/site-packages/airflow/example_dags/example_short_circuit_operator.py for tasks to queue
[2025-12-21T20:36:14.916+0000] {logging_mixin.py:190} INFO - [2025-12-21T20:36:14.916+0000] {dagbag.py:588} INFO - Filling up the DagBag from /home/airflow/.local/lib/python3.12/site-packages/airflow/example_dags/example_short_circuit_operator.py
[2025-12-21T20:36:14.930+0000] {processor.py:925} INFO - DAG(s) 'example_short_circuit_operator' retrieved from /home/airflow/.local/lib/python3.12/site-packages/airflow/example_dags/example_short_circuit_operator.py
[2025-12-21T20:36:14.953+0000] {logging_mixin.py:190} INFO - [2025-12-21T20:36:14.953+0000] {dag.py:3239} INFO - Sync 1 DAGs
[2025-12-21T20:36:14.968+0000] {logging_mixin.py:190} INFO - [2025-12-21T20:36:14.968+0000] {dag.py:4180} INFO - Setting next_dagrun for example_short_circuit_operator to None, run_after=None
[2025-12-21T20:36:14.994+0000] {processor.py:208} INFO - Processing /home/airflow/.local/lib/python3.12/site-packages/airflow/example_dags/example_short_circuit_operator.py took 0.090 seconds
[2025-12-21T20:36:45.883+0000] {processor.py:186} INFO - Started process (PID=1798) to work on /home/airflow/.local/lib/python3.12/site-packages/airflow/example_dags/example_short_circuit_operator.py
[2025-12-21T20:36:45.884+0000] {processor.py:914} INFO - Processing file /home/airflow/.local/lib/python3.12/site-packages/airflow/example_dags/example_short_circuit_operator.py for tasks to queue
[2025-12-21T20:36:45.887+0000] {logging_mixin.py:190} INFO - [2025-12-21T20:36:45.887+0000] {dagbag.py:588} INFO - Filling up the DagBag from /home/airflow/.local/lib/python3.12/site-packages/airflow/example_dags/example_short_circuit_operator.py
[2025-12-21T20:36:45.901+0000] {processor.py:925} INFO - DAG(s) 'example_short_circuit_operator' retrieved from /home/airflow/.local/lib/python3.12/site-packages/airflow/example_dags/example_short_circuit_operator.py
[2025-12-21T20:36:45.926+0000] {logging_mixin.py:190} INFO - [2025-12-21T20:36:45.925+0000] {dag.py:3239} INFO - Sync 1 DAGs
[2025-12-21T20:36:45.942+0000] {logging_mixin.py:190} INFO - [2025-12-21T20:36:45.942+0000] {dag.py:4180} INFO - Setting next_dagrun for example_short_circuit_operator to None, run_after=None
[2025-12-21T20:36:45.965+0000] {processor.py:208} INFO - Processing /home/airflow/.local/lib/python3.12/site-packages/airflow/example_dags/example_short_circuit_operator.py took 0.088 seconds
[2025-12-21T20:37:16.460+0000] {processor.py:186} INFO - Started process (PID=1864) to work on /home/airflow/.local/lib/python3.12/site-packages/airflow/example_dags/example_short_circuit_operator.py
[2025-12-21T20:37:16.461+0000] {processor.py:914} INFO - Processing file /home/airflow/.local/lib/python3.12/site-packages/airflow/example_dags/example_short_circuit_operator.py for tasks to queue
[2025-12-21T20:37:16.464+0000] {logging_mixin.py:190} INFO - [2025-12-21T20:37:16.463+0000] {dagbag.py:588} INFO - Filling up the DagBag from /home/airflow/.local/lib/python3.12/site-packages/airflow/example_dags/example_short_circuit_operator.py
[2025-12-21T20:37:16.472+0000] {processor.py:925} INFO - DAG(s) 'example_short_circuit_operator' retrieved from /home/airflow/.local/lib/python3.12/site-packages/airflow/example_dags/example_short_circuit_operator.py
[2025-12-21T20:37:16.494+0000] {logging_mixin.py:190} INFO - [2025-12-21T20:37:16.494+0000] {dag.py:3239} INFO - Sync 1 DAGs
[2025-12-21T20:37:16.508+0000] {logging_mixin.py:190} INFO - [2025-12-21T20:37:16.508+0000] {dag.py:4180} INFO - Setting next_dagrun for example_short_circuit_operator to None, run_after=None
[2025-12-21T20:37:16.535+0000] {processor.py:208} INFO - Processing /home/airflow/.local/lib/python3.12/site-packages/airflow/example_dags/example_short_circuit_operator.py took 0.080 seconds
[2025-12-21T20:37:46.676+0000] {processor.py:186} INFO - Started process (PID=1930) to work on /home/airflow/.local/lib/python3.12/site-packages/airflow/example_dags/example_short_circuit_operator.py
[2025-12-21T20:37:46.678+0000] {processor.py:914} INFO - Processing file /home/airflow/.local/lib/python3.12/site-packages/airflow/example_dags/example_short_circuit_operator.py for tasks to queue
[2025-12-21T20:37:46.681+0000] {logging_mixin.py:190} INFO - [2025-12-21T20:37:46.681+0000] {dagbag.py:588} INFO - Filling up the DagBag from /home/airflow/.local/lib/python3.12/site-packages/airflow/example_dags/example_short_circuit_operator.py
[2025-12-21T20:37:46.689+0000] {processor.py:925} INFO - DAG(s) 'example_short_circuit_operator' retrieved from /home/airflow/.local/lib/python3.12/site-packages/airflow/example_dags/example_short_circuit_operator.py
[2025-12-21T20:37:46.733+0000] {logging_mixin.py:190} INFO - [2025-12-21T20:37:46.732+0000] {dag.py:3239} INFO - Sync 1 DAGs
[2025-12-21T20:37:46.748+0000] {logging_mixin.py:190} INFO - [2025-12-21T20:37:46.748+0000] {dag.py:4180} INFO - Setting next_dagrun for example_short_circuit_operator to None, run_after=None
[2025-12-21T20:37:46.771+0000] {processor.py:208} INFO - Processing /home/airflow/.local/lib/python3.12/site-packages/airflow/example_dags/example_short_circuit_operator.py took 0.104 seconds
[2025-12-21T20:38:17.044+0000] {processor.py:186} INFO - Started process (PID=1996) to work on /home/airflow/.local/lib/python3.12/site-packages/airflow/example_dags/example_short_circuit_operator.py
[2025-12-21T20:38:17.045+0000] {processor.py:914} INFO - Processing file /home/airflow/.local/lib/python3.12/site-packages/airflow/example_dags/example_short_circuit_operator.py for tasks to queue
[2025-12-21T20:38:17.048+0000] {logging_mixin.py:190} INFO - [2025-12-21T20:38:17.048+0000] {dagbag.py:588} INFO - Filling up the DagBag from /home/airflow/.local/lib/python3.12/site-packages/airflow/example_dags/example_short_circuit_operator.py
[2025-12-21T20:38:17.060+0000] {processor.py:925} INFO - DAG(s) 'example_short_circuit_operator' retrieved from /home/airflow/.local/lib/python3.12/site-packages/airflow/example_dags/example_short_circuit_operator.py
[2025-12-21T20:38:17.096+0000] {logging_mixin.py:190} INFO - [2025-12-21T20:38:17.096+0000] {dag.py:3239} INFO - Sync 1 DAGs
[2025-12-21T20:38:17.127+0000] {logging_mixin.py:190} INFO - [2025-12-21T20:38:17.127+0000] {dag.py:4180} INFO - Setting next_dagrun for example_short_circuit_operator to None, run_after=None
[2025-12-21T20:38:17.154+0000] {processor.py:208} INFO - Processing /home/airflow/.local/lib/python3.12/site-packages/airflow/example_dags/example_short_circuit_operator.py took 0.116 seconds
[2025-12-21T20:38:47.573+0000] {processor.py:186} INFO - Started process (PID=2062) to work on /home/airflow/.local/lib/python3.12/site-packages/airflow/example_dags/example_short_circuit_operator.py
[2025-12-21T20:38:47.575+0000] {processor.py:914} INFO - Processing file /home/airflow/.local/lib/python3.12/site-packages/airflow/example_dags/example_short_circuit_operator.py for tasks to queue
[2025-12-21T20:38:47.580+0000] {logging_mixin.py:190} INFO - [2025-12-21T20:38:47.580+0000] {dagbag.py:588} INFO - Filling up the DagBag from /home/airflow/.local/lib/python3.12/site-packages/airflow/example_dags/example_short_circuit_operator.py
[2025-12-21T20:38:47.591+0000] {processor.py:925} INFO - DAG(s) 'example_short_circuit_operator' retrieved from /home/airflow/.local/lib/python3.12/site-packages/airflow/example_dags/example_short_circuit_operator.py
[2025-12-21T20:38:47.622+0000] {logging_mixin.py:190} INFO - [2025-12-21T20:38:47.622+0000] {dag.py:3239} INFO - Sync 1 DAGs
[2025-12-21T20:38:47.637+0000] {logging_mixin.py:190} INFO - [2025-12-21T20:38:47.637+0000] {dag.py:4180} INFO - Setting next_dagrun for example_short_circuit_operator to None, run_after=None
[2025-12-21T20:38:47.665+0000] {processor.py:208} INFO - Processing /home/airflow/.local/lib/python3.12/site-packages/airflow/example_dags/example_short_circuit_operator.py took 0.099 seconds
[2025-12-21T20:39:17.863+0000] {processor.py:186} INFO - Started process (PID=2128) to work on /home/airflow/.local/lib/python3.12/site-packages/airflow/example_dags/example_short_circuit_operator.py
[2025-12-21T20:39:17.865+0000] {processor.py:914} INFO - Processing file /home/airflow/.local/lib/python3.12/site-packages/airflow/example_dags/example_short_circuit_operator.py for tasks to queue
[2025-12-21T20:39:17.868+0000] {logging_mixin.py:190} INFO - [2025-12-21T20:39:17.868+0000] {dagbag.py:588} INFO - Filling up the DagBag from /home/airflow/.local/lib/python3.12/site-packages/airflow/example_dags/example_short_circuit_operator.py
[2025-12-21T20:39:17.880+0000] {processor.py:925} INFO - DAG(s) 'example_short_circuit_operator' retrieved from /home/airflow/.local/lib/python3.12/site-packages/airflow/example_dags/example_short_circuit_operator.py
[2025-12-21T20:39:17.931+0000] {logging_mixin.py:190} INFO - [2025-12-21T20:39:17.931+0000] {dag.py:3239} INFO - Sync 1 DAGs
[2025-12-21T20:39:17.946+0000] {logging_mixin.py:190} INFO - [2025-12-21T20:39:17.946+0000] {dag.py:4180} INFO - Setting next_dagrun for example_short_circuit_operator to None, run_after=None
[2025-12-21T20:39:17.976+0000] {processor.py:208} INFO - Processing /home/airflow/.local/lib/python3.12/site-packages/airflow/example_dags/example_short_circuit_operator.py took 0.119 seconds
[2025-12-21T20:39:49.057+0000] {processor.py:186} INFO - Started process (PID=2194) to work on /home/airflow/.local/lib/python3.12/site-packages/airflow/example_dags/example_short_circuit_operator.py
[2025-12-21T20:39:49.058+0000] {processor.py:914} INFO - Processing file /home/airflow/.local/lib/python3.12/site-packages/airflow/example_dags/example_short_circuit_operator.py for tasks to queue
[2025-12-21T20:39:49.061+0000] {logging_mixin.py:190} INFO - [2025-12-21T20:39:49.061+0000] {dagbag.py:588} INFO - Filling up the DagBag from /home/airflow/.local/lib/python3.12/site-packages/airflow/example_dags/example_short_circuit_operator.py
[2025-12-21T20:39:49.072+0000] {processor.py:925} INFO - DAG(s) 'example_short_circuit_operator' retrieved from /home/airflow/.local/lib/python3.12/site-packages/airflow/example_dags/example_short_circuit_operator.py
[2025-12-21T20:39:49.098+0000] {logging_mixin.py:190} INFO - [2025-12-21T20:39:49.098+0000] {dag.py:3239} INFO - Sync 1 DAGs
[2025-12-21T20:39:49.114+0000] {logging_mixin.py:190} INFO - [2025-12-21T20:39:49.114+0000] {dag.py:4180} INFO - Setting next_dagrun for example_short_circuit_operator to None, run_after=None
[2025-12-21T20:39:49.142+0000] {processor.py:208} INFO - Processing /home/airflow/.local/lib/python3.12/site-packages/airflow/example_dags/example_short_circuit_operator.py took 0.092 seconds
[2025-12-21T20:42:59.418+0000] {processor.py:186} INFO - Started process (PID=2257) to work on /home/airflow/.local/lib/python3.12/site-packages/airflow/example_dags/example_short_circuit_operator.py
[2025-12-21T20:42:59.421+0000] {processor.py:914} INFO - Processing file /home/airflow/.local/lib/python3.12/site-packages/airflow/example_dags/example_short_circuit_operator.py for tasks to queue
[2025-12-21T20:42:59.423+0000] {logging_mixin.py:190} INFO - [2025-12-21T20:42:59.423+0000] {dagbag.py:588} INFO - Filling up the DagBag from /home/airflow/.local/lib/python3.12/site-packages/airflow/example_dags/example_short_circuit_operator.py
[2025-12-21T20:43:02.096+0000] {processor.py:925} INFO - DAG(s) 'example_short_circuit_operator' retrieved from /home/airflow/.local/lib/python3.12/site-packages/airflow/example_dags/example_short_circuit_operator.py
[2025-12-21T20:43:12.706+0000] {logging_mixin.py:190} INFO - [2025-12-21T20:43:12.699+0000] {dag.py:3239} INFO - Sync 1 DAGs
[2025-12-21T20:43:12.911+0000] {logging_mixin.py:190} INFO - [2025-12-21T20:43:12.911+0000] {dag.py:4180} INFO - Setting next_dagrun for example_short_circuit_operator to None, run_after=None
[2025-12-21T20:43:13.151+0000] {processor.py:208} INFO - Processing /home/airflow/.local/lib/python3.12/site-packages/airflow/example_dags/example_short_circuit_operator.py took 13.751 seconds
[2025-12-21T20:43:44.052+0000] {processor.py:186} INFO - Started process (PID=2324) to work on /home/airflow/.local/lib/python3.12/site-packages/airflow/example_dags/example_short_circuit_operator.py
[2025-12-21T20:43:44.054+0000] {processor.py:914} INFO - Processing file /home/airflow/.local/lib/python3.12/site-packages/airflow/example_dags/example_short_circuit_operator.py for tasks to queue
[2025-12-21T20:43:44.057+0000] {logging_mixin.py:190} INFO - [2025-12-21T20:43:44.056+0000] {dagbag.py:588} INFO - Filling up the DagBag from /home/airflow/.local/lib/python3.12/site-packages/airflow/example_dags/example_short_circuit_operator.py
[2025-12-21T20:43:44.073+0000] {processor.py:925} INFO - DAG(s) 'example_short_circuit_operator' retrieved from /home/airflow/.local/lib/python3.12/site-packages/airflow/example_dags/example_short_circuit_operator.py
[2025-12-21T20:43:44.105+0000] {logging_mixin.py:190} INFO - [2025-12-21T20:43:44.105+0000] {dag.py:3239} INFO - Sync 1 DAGs
[2025-12-21T20:43:44.120+0000] {logging_mixin.py:190} INFO - [2025-12-21T20:43:44.120+0000] {dag.py:4180} INFO - Setting next_dagrun for example_short_circuit_operator to None, run_after=None
[2025-12-21T20:43:44.161+0000] {processor.py:208} INFO - Processing /home/airflow/.local/lib/python3.12/site-packages/airflow/example_dags/example_short_circuit_operator.py took 0.122 seconds
[2025-12-21T20:44:14.247+0000] {processor.py:186} INFO - Started process (PID=2389) to work on /home/airflow/.local/lib/python3.12/site-packages/airflow/example_dags/example_short_circuit_operator.py
[2025-12-21T20:44:14.250+0000] {processor.py:914} INFO - Processing file /home/airflow/.local/lib/python3.12/site-packages/airflow/example_dags/example_short_circuit_operator.py for tasks to queue
[2025-12-21T20:44:14.252+0000] {logging_mixin.py:190} INFO - [2025-12-21T20:44:14.251+0000] {dagbag.py:588} INFO - Filling up the DagBag from /home/airflow/.local/lib/python3.12/site-packages/airflow/example_dags/example_short_circuit_operator.py
[2025-12-21T20:44:14.260+0000] {processor.py:925} INFO - DAG(s) 'example_short_circuit_operator' retrieved from /home/airflow/.local/lib/python3.12/site-packages/airflow/example_dags/example_short_circuit_operator.py
[2025-12-21T20:44:14.303+0000] {logging_mixin.py:190} INFO - [2025-12-21T20:44:14.303+0000] {dag.py:3239} INFO - Sync 1 DAGs
[2025-12-21T20:44:14.319+0000] {logging_mixin.py:190} INFO - [2025-12-21T20:44:14.319+0000] {dag.py:4180} INFO - Setting next_dagrun for example_short_circuit_operator to None, run_after=None
[2025-12-21T20:44:14.351+0000] {processor.py:208} INFO - Processing /home/airflow/.local/lib/python3.12/site-packages/airflow/example_dags/example_short_circuit_operator.py took 0.115 seconds
[2025-12-21T20:44:45.108+0000] {processor.py:186} INFO - Started process (PID=2455) to work on /home/airflow/.local/lib/python3.12/site-packages/airflow/example_dags/example_short_circuit_operator.py
[2025-12-21T20:44:45.110+0000] {processor.py:914} INFO - Processing file /home/airflow/.local/lib/python3.12/site-packages/airflow/example_dags/example_short_circuit_operator.py for tasks to queue
[2025-12-21T20:44:45.112+0000] {logging_mixin.py:190} INFO - [2025-12-21T20:44:45.112+0000] {dagbag.py:588} INFO - Filling up the DagBag from /home/airflow/.local/lib/python3.12/site-packages/airflow/example_dags/example_short_circuit_operator.py
[2025-12-21T20:44:45.122+0000] {processor.py:925} INFO - DAG(s) 'example_short_circuit_operator' retrieved from /home/airflow/.local/lib/python3.12/site-packages/airflow/example_dags/example_short_circuit_operator.py
[2025-12-21T20:44:45.148+0000] {logging_mixin.py:190} INFO - [2025-12-21T20:44:45.148+0000] {dag.py:3239} INFO - Sync 1 DAGs
[2025-12-21T20:44:45.170+0000] {logging_mixin.py:190} INFO - [2025-12-21T20:44:45.170+0000] {dag.py:4180} INFO - Setting next_dagrun for example_short_circuit_operator to None, run_after=None
[2025-12-21T20:44:45.198+0000] {processor.py:208} INFO - Processing /home/airflow/.local/lib/python3.12/site-packages/airflow/example_dags/example_short_circuit_operator.py took 0.100 seconds
[2025-12-21T20:45:15.477+0000] {processor.py:186} INFO - Started process (PID=2527) to work on /home/airflow/.local/lib/python3.12/site-packages/airflow/example_dags/example_short_circuit_operator.py
[2025-12-21T20:45:15.479+0000] {processor.py:914} INFO - Processing file /home/airflow/.local/lib/python3.12/site-packages/airflow/example_dags/example_short_circuit_operator.py for tasks to queue
[2025-12-21T20:45:15.485+0000] {logging_mixin.py:190} INFO - [2025-12-21T20:45:15.484+0000] {dagbag.py:588} INFO - Filling up the DagBag from /home/airflow/.local/lib/python3.12/site-packages/airflow/example_dags/example_short_circuit_operator.py
[2025-12-21T20:45:15.498+0000] {processor.py:925} INFO - DAG(s) 'example_short_circuit_operator' retrieved from /home/airflow/.local/lib/python3.12/site-packages/airflow/example_dags/example_short_circuit_operator.py
[2025-12-21T20:45:15.525+0000] {logging_mixin.py:190} INFO - [2025-12-21T20:45:15.525+0000] {dag.py:3239} INFO - Sync 1 DAGs
[2025-12-21T20:45:15.543+0000] {logging_mixin.py:190} INFO - [2025-12-21T20:45:15.542+0000] {dag.py:4180} INFO - Setting next_dagrun for example_short_circuit_operator to None, run_after=None
[2025-12-21T20:45:15.579+0000] {processor.py:208} INFO - Processing /home/airflow/.local/lib/python3.12/site-packages/airflow/example_dags/example_short_circuit_operator.py took 0.112 seconds
[2025-12-21T20:45:46.285+0000] {processor.py:186} INFO - Started process (PID=2593) to work on /home/airflow/.local/lib/python3.12/site-packages/airflow/example_dags/example_short_circuit_operator.py
[2025-12-21T20:45:46.287+0000] {processor.py:914} INFO - Processing file /home/airflow/.local/lib/python3.12/site-packages/airflow/example_dags/example_short_circuit_operator.py for tasks to queue
[2025-12-21T20:45:46.291+0000] {logging_mixin.py:190} INFO - [2025-12-21T20:45:46.290+0000] {dagbag.py:588} INFO - Filling up the DagBag from /home/airflow/.local/lib/python3.12/site-packages/airflow/example_dags/example_short_circuit_operator.py
[2025-12-21T20:45:46.311+0000] {processor.py:925} INFO - DAG(s) 'example_short_circuit_operator' retrieved from /home/airflow/.local/lib/python3.12/site-packages/airflow/example_dags/example_short_circuit_operator.py
[2025-12-21T20:45:46.338+0000] {logging_mixin.py:190} INFO - [2025-12-21T20:45:46.338+0000] {dag.py:3239} INFO - Sync 1 DAGs
[2025-12-21T20:45:46.354+0000] {logging_mixin.py:190} INFO - [2025-12-21T20:45:46.354+0000] {dag.py:4180} INFO - Setting next_dagrun for example_short_circuit_operator to None, run_after=None
[2025-12-21T20:45:46.379+0000] {processor.py:208} INFO - Processing /home/airflow/.local/lib/python3.12/site-packages/airflow/example_dags/example_short_circuit_operator.py took 0.110 seconds
[2025-12-21T20:46:16.439+0000] {processor.py:186} INFO - Started process (PID=2659) to work on /home/airflow/.local/lib/python3.12/site-packages/airflow/example_dags/example_short_circuit_operator.py
[2025-12-21T20:46:16.441+0000] {processor.py:914} INFO - Processing file /home/airflow/.local/lib/python3.12/site-packages/airflow/example_dags/example_short_circuit_operator.py for tasks to queue
[2025-12-21T20:46:16.444+0000] {logging_mixin.py:190} INFO - [2025-12-21T20:46:16.443+0000] {dagbag.py:588} INFO - Filling up the DagBag from /home/airflow/.local/lib/python3.12/site-packages/airflow/example_dags/example_short_circuit_operator.py
[2025-12-21T20:46:16.464+0000] {processor.py:925} INFO - DAG(s) 'example_short_circuit_operator' retrieved from /home/airflow/.local/lib/python3.12/site-packages/airflow/example_dags/example_short_circuit_operator.py
[2025-12-21T20:46:16.495+0000] {logging_mixin.py:190} INFO - [2025-12-21T20:46:16.495+0000] {dag.py:3239} INFO - Sync 1 DAGs
[2025-12-21T20:46:16.512+0000] {logging_mixin.py:190} INFO - [2025-12-21T20:46:16.511+0000] {dag.py:4180} INFO - Setting next_dagrun for example_short_circuit_operator to None, run_after=None
[2025-12-21T20:46:16.541+0000] {processor.py:208} INFO - Processing /home/airflow/.local/lib/python3.12/site-packages/airflow/example_dags/example_short_circuit_operator.py took 0.115 seconds
[2025-12-21T20:46:46.828+0000] {processor.py:186} INFO - Started process (PID=2725) to work on /home/airflow/.local/lib/python3.12/site-packages/airflow/example_dags/example_short_circuit_operator.py
[2025-12-21T20:46:46.830+0000] {processor.py:914} INFO - Processing file /home/airflow/.local/lib/python3.12/site-packages/airflow/example_dags/example_short_circuit_operator.py for tasks to queue
[2025-12-21T20:46:46.834+0000] {logging_mixin.py:190} INFO - [2025-12-21T20:46:46.833+0000] {dagbag.py:588} INFO - Filling up the DagBag from /home/airflow/.local/lib/python3.12/site-packages/airflow/example_dags/example_short_circuit_operator.py
[2025-12-21T20:46:46.855+0000] {processor.py:925} INFO - DAG(s) 'example_short_circuit_operator' retrieved from /home/airflow/.local/lib/python3.12/site-packages/airflow/example_dags/example_short_circuit_operator.py
[2025-12-21T20:46:46.886+0000] {logging_mixin.py:190} INFO - [2025-12-21T20:46:46.885+0000] {dag.py:3239} INFO - Sync 1 DAGs
[2025-12-21T20:46:46.902+0000] {logging_mixin.py:190} INFO - [2025-12-21T20:46:46.902+0000] {dag.py:4180} INFO - Setting next_dagrun for example_short_circuit_operator to None, run_after=None
[2025-12-21T20:46:46.933+0000] {processor.py:208} INFO - Processing /home/airflow/.local/lib/python3.12/site-packages/airflow/example_dags/example_short_circuit_operator.py took 0.119 seconds
[2025-12-21T20:47:17.143+0000] {processor.py:186} INFO - Started process (PID=2791) to work on /home/airflow/.local/lib/python3.12/site-packages/airflow/example_dags/example_short_circuit_operator.py
[2025-12-21T20:47:17.144+0000] {processor.py:914} INFO - Processing file /home/airflow/.local/lib/python3.12/site-packages/airflow/example_dags/example_short_circuit_operator.py for tasks to queue
[2025-12-21T20:47:17.148+0000] {logging_mixin.py:190} INFO - [2025-12-21T20:47:17.147+0000] {dagbag.py:588} INFO - Filling up the DagBag from /home/airflow/.local/lib/python3.12/site-packages/airflow/example_dags/example_short_circuit_operator.py
[2025-12-21T20:47:17.169+0000] {processor.py:925} INFO - DAG(s) 'example_short_circuit_operator' retrieved from /home/airflow/.local/lib/python3.12/site-packages/airflow/example_dags/example_short_circuit_operator.py
[2025-12-21T20:47:17.206+0000] {logging_mixin.py:190} INFO - [2025-12-21T20:47:17.205+0000] {dag.py:3239} INFO - Sync 1 DAGs
[2025-12-21T20:47:17.228+0000] {logging_mixin.py:190} INFO - [2025-12-21T20:47:17.227+0000] {dag.py:4180} INFO - Setting next_dagrun for example_short_circuit_operator to None, run_after=None
[2025-12-21T20:47:17.260+0000] {processor.py:208} INFO - Processing /home/airflow/.local/lib/python3.12/site-packages/airflow/example_dags/example_short_circuit_operator.py took 0.124 seconds
[2025-12-21T20:47:47.434+0000] {processor.py:186} INFO - Started process (PID=2857) to work on /home/airflow/.local/lib/python3.12/site-packages/airflow/example_dags/example_short_circuit_operator.py
[2025-12-21T20:47:47.436+0000] {processor.py:914} INFO - Processing file /home/airflow/.local/lib/python3.12/site-packages/airflow/example_dags/example_short_circuit_operator.py for tasks to queue
[2025-12-21T20:47:47.441+0000] {logging_mixin.py:190} INFO - [2025-12-21T20:47:47.439+0000] {dagbag.py:588} INFO - Filling up the DagBag from /home/airflow/.local/lib/python3.12/site-packages/airflow/example_dags/example_short_circuit_operator.py
[2025-12-21T20:47:47.466+0000] {processor.py:925} INFO - DAG(s) 'example_short_circuit_operator' retrieved from /home/airflow/.local/lib/python3.12/site-packages/airflow/example_dags/example_short_circuit_operator.py
[2025-12-21T20:47:47.495+0000] {logging_mixin.py:190} INFO - [2025-12-21T20:47:47.495+0000] {dag.py:3239} INFO - Sync 1 DAGs
[2025-12-21T20:47:47.510+0000] {logging_mixin.py:190} INFO - [2025-12-21T20:47:47.510+0000] {dag.py:4180} INFO - Setting next_dagrun for example_short_circuit_operator to None, run_after=None
[2025-12-21T20:47:47.540+0000] {processor.py:208} INFO - Processing /home/airflow/.local/lib/python3.12/site-packages/airflow/example_dags/example_short_circuit_operator.py took 0.117 seconds
