[2025-12-21T20:23:41.554+0000] {processor.py:186} INFO - Started process (PID=118) to work on /home/airflow/.local/lib/python3.12/site-packages/airflow/example_dags/example_nested_branch_dag.py
[2025-12-21T20:23:41.555+0000] {processor.py:914} INFO - Processing file /home/airflow/.local/lib/python3.12/site-packages/airflow/example_dags/example_nested_branch_dag.py for tasks to queue
[2025-12-21T20:23:41.558+0000] {logging_mixin.py:190} INFO - [2025-12-21T20:23:41.557+0000] {dagbag.py:588} INFO - Filling up the DagBag from /home/airflow/.local/lib/python3.12/site-packages/airflow/example_dags/example_nested_branch_dag.py
[2025-12-21T20:23:41.568+0000] {processor.py:925} INFO - DAG(s) 'example_nested_branch_dag' retrieved from /home/airflow/.local/lib/python3.12/site-packages/airflow/example_dags/example_nested_branch_dag.py
[2025-12-21T20:23:41.684+0000] {logging_mixin.py:190} INFO - [2025-12-21T20:23:41.684+0000] {override.py:1912} INFO - Created Permission View: can delete on DAG:example_nested_branch_dag
[2025-12-21T20:23:41.702+0000] {logging_mixin.py:190} INFO - [2025-12-21T20:23:41.702+0000] {override.py:1912} INFO - Created Permission View: can edit on DAG:example_nested_branch_dag
[2025-12-21T20:23:41.715+0000] {logging_mixin.py:190} INFO - [2025-12-21T20:23:41.715+0000] {override.py:1912} INFO - Created Permission View: can read on DAG:example_nested_branch_dag
[2025-12-21T20:23:41.732+0000] {logging_mixin.py:190} INFO - [2025-12-21T20:23:41.732+0000] {override.py:1912} INFO - Created Permission View: can delete on DAG Run:example_nested_branch_dag
[2025-12-21T20:23:41.746+0000] {logging_mixin.py:190} INFO - [2025-12-21T20:23:41.746+0000] {override.py:1912} INFO - Created Permission View: can create on DAG Run:example_nested_branch_dag
[2025-12-21T20:23:41.759+0000] {logging_mixin.py:190} INFO - [2025-12-21T20:23:41.758+0000] {override.py:1912} INFO - Created Permission View: menu access on DAG Run:example_nested_branch_dag
[2025-12-21T20:23:41.775+0000] {logging_mixin.py:190} INFO - [2025-12-21T20:23:41.774+0000] {override.py:1912} INFO - Created Permission View: can read on DAG Run:example_nested_branch_dag
[2025-12-21T20:23:41.776+0000] {logging_mixin.py:190} INFO - [2025-12-21T20:23:41.776+0000] {dag.py:3239} INFO - Sync 1 DAGs
[2025-12-21T20:23:41.792+0000] {logging_mixin.py:190} INFO - [2025-12-21T20:23:41.791+0000] {dag.py:3262} INFO - Creating ORM DAG for example_nested_branch_dag
[2025-12-21T20:23:41.803+0000] {logging_mixin.py:190} INFO - [2025-12-21T20:23:41.802+0000] {dag.py:4180} INFO - Setting next_dagrun for example_nested_branch_dag to 2025-12-20 00:00:00+00:00, run_after=2025-12-21 00:00:00+00:00
[2025-12-21T20:23:41.824+0000] {processor.py:208} INFO - Processing /home/airflow/.local/lib/python3.12/site-packages/airflow/example_dags/example_nested_branch_dag.py took 0.275 seconds
[2025-12-21T20:24:12.098+0000] {processor.py:186} INFO - Started process (PID=184) to work on /home/airflow/.local/lib/python3.12/site-packages/airflow/example_dags/example_nested_branch_dag.py
[2025-12-21T20:24:12.099+0000] {processor.py:914} INFO - Processing file /home/airflow/.local/lib/python3.12/site-packages/airflow/example_dags/example_nested_branch_dag.py for tasks to queue
[2025-12-21T20:24:12.103+0000] {logging_mixin.py:190} INFO - [2025-12-21T20:24:12.103+0000] {dagbag.py:588} INFO - Filling up the DagBag from /home/airflow/.local/lib/python3.12/site-packages/airflow/example_dags/example_nested_branch_dag.py
[2025-12-21T20:24:12.119+0000] {processor.py:925} INFO - DAG(s) 'example_nested_branch_dag' retrieved from /home/airflow/.local/lib/python3.12/site-packages/airflow/example_dags/example_nested_branch_dag.py
[2025-12-21T20:24:12.160+0000] {logging_mixin.py:190} INFO - [2025-12-21T20:24:12.159+0000] {dag.py:3239} INFO - Sync 1 DAGs
[2025-12-21T20:24:12.202+0000] {logging_mixin.py:190} INFO - [2025-12-21T20:24:12.201+0000] {dag.py:4180} INFO - Setting next_dagrun for example_nested_branch_dag to 2025-12-20 00:00:00+00:00, run_after=2025-12-21 00:00:00+00:00
[2025-12-21T20:24:12.231+0000] {processor.py:208} INFO - Processing /home/airflow/.local/lib/python3.12/site-packages/airflow/example_dags/example_nested_branch_dag.py took 0.138 seconds
[2025-12-21T20:24:43.898+0000] {processor.py:186} INFO - Started process (PID=250) to work on /home/airflow/.local/lib/python3.12/site-packages/airflow/example_dags/example_nested_branch_dag.py
[2025-12-21T20:24:43.900+0000] {processor.py:914} INFO - Processing file /home/airflow/.local/lib/python3.12/site-packages/airflow/example_dags/example_nested_branch_dag.py for tasks to queue
[2025-12-21T20:24:43.903+0000] {logging_mixin.py:190} INFO - [2025-12-21T20:24:43.902+0000] {dagbag.py:588} INFO - Filling up the DagBag from /home/airflow/.local/lib/python3.12/site-packages/airflow/example_dags/example_nested_branch_dag.py
[2025-12-21T20:24:43.918+0000] {processor.py:925} INFO - DAG(s) 'example_nested_branch_dag' retrieved from /home/airflow/.local/lib/python3.12/site-packages/airflow/example_dags/example_nested_branch_dag.py
[2025-12-21T20:24:43.940+0000] {logging_mixin.py:190} INFO - [2025-12-21T20:24:43.940+0000] {dag.py:3239} INFO - Sync 1 DAGs
[2025-12-21T20:24:43.971+0000] {logging_mixin.py:190} INFO - [2025-12-21T20:24:43.971+0000] {dag.py:4180} INFO - Setting next_dagrun for example_nested_branch_dag to 2025-12-20 00:00:00+00:00, run_after=2025-12-21 00:00:00+00:00
[2025-12-21T20:24:44.003+0000] {processor.py:208} INFO - Processing /home/airflow/.local/lib/python3.12/site-packages/airflow/example_dags/example_nested_branch_dag.py took 0.112 seconds
[2025-12-21T20:25:15.313+0000] {processor.py:186} INFO - Started process (PID=316) to work on /home/airflow/.local/lib/python3.12/site-packages/airflow/example_dags/example_nested_branch_dag.py
[2025-12-21T20:25:15.314+0000] {processor.py:914} INFO - Processing file /home/airflow/.local/lib/python3.12/site-packages/airflow/example_dags/example_nested_branch_dag.py for tasks to queue
[2025-12-21T20:25:15.317+0000] {logging_mixin.py:190} INFO - [2025-12-21T20:25:15.317+0000] {dagbag.py:588} INFO - Filling up the DagBag from /home/airflow/.local/lib/python3.12/site-packages/airflow/example_dags/example_nested_branch_dag.py
[2025-12-21T20:25:15.332+0000] {processor.py:925} INFO - DAG(s) 'example_nested_branch_dag' retrieved from /home/airflow/.local/lib/python3.12/site-packages/airflow/example_dags/example_nested_branch_dag.py
[2025-12-21T20:25:15.355+0000] {logging_mixin.py:190} INFO - [2025-12-21T20:25:15.355+0000] {dag.py:3239} INFO - Sync 1 DAGs
[2025-12-21T20:25:15.378+0000] {logging_mixin.py:190} INFO - [2025-12-21T20:25:15.378+0000] {dag.py:4180} INFO - Setting next_dagrun for example_nested_branch_dag to 2025-12-20 00:00:00+00:00, run_after=2025-12-21 00:00:00+00:00
[2025-12-21T20:25:15.409+0000] {processor.py:208} INFO - Processing /home/airflow/.local/lib/python3.12/site-packages/airflow/example_dags/example_nested_branch_dag.py took 0.104 seconds
[2025-12-21T20:25:46.822+0000] {processor.py:186} INFO - Started process (PID=382) to work on /home/airflow/.local/lib/python3.12/site-packages/airflow/example_dags/example_nested_branch_dag.py
[2025-12-21T20:25:46.831+0000] {processor.py:914} INFO - Processing file /home/airflow/.local/lib/python3.12/site-packages/airflow/example_dags/example_nested_branch_dag.py for tasks to queue
[2025-12-21T20:25:46.835+0000] {logging_mixin.py:190} INFO - [2025-12-21T20:25:46.834+0000] {dagbag.py:588} INFO - Filling up the DagBag from /home/airflow/.local/lib/python3.12/site-packages/airflow/example_dags/example_nested_branch_dag.py
[2025-12-21T20:25:46.854+0000] {processor.py:925} INFO - DAG(s) 'example_nested_branch_dag' retrieved from /home/airflow/.local/lib/python3.12/site-packages/airflow/example_dags/example_nested_branch_dag.py
[2025-12-21T20:25:46.890+0000] {logging_mixin.py:190} INFO - [2025-12-21T20:25:46.889+0000] {dag.py:3239} INFO - Sync 1 DAGs
[2025-12-21T20:25:46.938+0000] {logging_mixin.py:190} INFO - [2025-12-21T20:25:46.938+0000] {dag.py:4180} INFO - Setting next_dagrun for example_nested_branch_dag to 2025-12-20 00:00:00+00:00, run_after=2025-12-21 00:00:00+00:00
[2025-12-21T20:25:46.971+0000] {processor.py:208} INFO - Processing /home/airflow/.local/lib/python3.12/site-packages/airflow/example_dags/example_nested_branch_dag.py took 0.161 seconds
[2025-12-21T20:26:17.725+0000] {processor.py:186} INFO - Started process (PID=448) to work on /home/airflow/.local/lib/python3.12/site-packages/airflow/example_dags/example_nested_branch_dag.py
[2025-12-21T20:26:17.727+0000] {processor.py:914} INFO - Processing file /home/airflow/.local/lib/python3.12/site-packages/airflow/example_dags/example_nested_branch_dag.py for tasks to queue
[2025-12-21T20:26:17.730+0000] {logging_mixin.py:190} INFO - [2025-12-21T20:26:17.730+0000] {dagbag.py:588} INFO - Filling up the DagBag from /home/airflow/.local/lib/python3.12/site-packages/airflow/example_dags/example_nested_branch_dag.py
[2025-12-21T20:26:17.745+0000] {processor.py:925} INFO - DAG(s) 'example_nested_branch_dag' retrieved from /home/airflow/.local/lib/python3.12/site-packages/airflow/example_dags/example_nested_branch_dag.py
[2025-12-21T20:26:17.774+0000] {logging_mixin.py:190} INFO - [2025-12-21T20:26:17.774+0000] {dag.py:3239} INFO - Sync 1 DAGs
[2025-12-21T20:26:17.807+0000] {logging_mixin.py:190} INFO - [2025-12-21T20:26:17.807+0000] {dag.py:4180} INFO - Setting next_dagrun for example_nested_branch_dag to 2025-12-20 00:00:00+00:00, run_after=2025-12-21 00:00:00+00:00
[2025-12-21T20:26:17.862+0000] {processor.py:208} INFO - Processing /home/airflow/.local/lib/python3.12/site-packages/airflow/example_dags/example_nested_branch_dag.py took 0.146 seconds
[2025-12-21T20:26:48.718+0000] {processor.py:186} INFO - Started process (PID=514) to work on /home/airflow/.local/lib/python3.12/site-packages/airflow/example_dags/example_nested_branch_dag.py
[2025-12-21T20:26:48.719+0000] {processor.py:914} INFO - Processing file /home/airflow/.local/lib/python3.12/site-packages/airflow/example_dags/example_nested_branch_dag.py for tasks to queue
[2025-12-21T20:26:48.723+0000] {logging_mixin.py:190} INFO - [2025-12-21T20:26:48.722+0000] {dagbag.py:588} INFO - Filling up the DagBag from /home/airflow/.local/lib/python3.12/site-packages/airflow/example_dags/example_nested_branch_dag.py
[2025-12-21T20:26:48.739+0000] {processor.py:925} INFO - DAG(s) 'example_nested_branch_dag' retrieved from /home/airflow/.local/lib/python3.12/site-packages/airflow/example_dags/example_nested_branch_dag.py
[2025-12-21T20:26:48.765+0000] {logging_mixin.py:190} INFO - [2025-12-21T20:26:48.765+0000] {dag.py:3239} INFO - Sync 1 DAGs
[2025-12-21T20:26:48.807+0000] {logging_mixin.py:190} INFO - [2025-12-21T20:26:48.807+0000] {dag.py:4180} INFO - Setting next_dagrun for example_nested_branch_dag to 2025-12-20 00:00:00+00:00, run_after=2025-12-21 00:00:00+00:00
[2025-12-21T20:26:48.856+0000] {processor.py:208} INFO - Processing /home/airflow/.local/lib/python3.12/site-packages/airflow/example_dags/example_nested_branch_dag.py took 0.143 seconds
[2025-12-21T20:27:19.812+0000] {processor.py:186} INFO - Started process (PID=580) to work on /home/airflow/.local/lib/python3.12/site-packages/airflow/example_dags/example_nested_branch_dag.py
[2025-12-21T20:27:19.814+0000] {processor.py:914} INFO - Processing file /home/airflow/.local/lib/python3.12/site-packages/airflow/example_dags/example_nested_branch_dag.py for tasks to queue
[2025-12-21T20:27:19.816+0000] {logging_mixin.py:190} INFO - [2025-12-21T20:27:19.816+0000] {dagbag.py:588} INFO - Filling up the DagBag from /home/airflow/.local/lib/python3.12/site-packages/airflow/example_dags/example_nested_branch_dag.py
[2025-12-21T20:27:19.831+0000] {processor.py:925} INFO - DAG(s) 'example_nested_branch_dag' retrieved from /home/airflow/.local/lib/python3.12/site-packages/airflow/example_dags/example_nested_branch_dag.py
[2025-12-21T20:27:19.856+0000] {logging_mixin.py:190} INFO - [2025-12-21T20:27:19.855+0000] {dag.py:3239} INFO - Sync 1 DAGs
[2025-12-21T20:27:19.908+0000] {logging_mixin.py:190} INFO - [2025-12-21T20:27:19.908+0000] {dag.py:4180} INFO - Setting next_dagrun for example_nested_branch_dag to 2025-12-20 00:00:00+00:00, run_after=2025-12-21 00:00:00+00:00
[2025-12-21T20:27:19.962+0000] {processor.py:208} INFO - Processing /home/airflow/.local/lib/python3.12/site-packages/airflow/example_dags/example_nested_branch_dag.py took 0.155 seconds
[2025-12-21T20:27:50.941+0000] {processor.py:186} INFO - Started process (PID=646) to work on /home/airflow/.local/lib/python3.12/site-packages/airflow/example_dags/example_nested_branch_dag.py
[2025-12-21T20:27:50.943+0000] {processor.py:914} INFO - Processing file /home/airflow/.local/lib/python3.12/site-packages/airflow/example_dags/example_nested_branch_dag.py for tasks to queue
[2025-12-21T20:27:50.945+0000] {logging_mixin.py:190} INFO - [2025-12-21T20:27:50.945+0000] {dagbag.py:588} INFO - Filling up the DagBag from /home/airflow/.local/lib/python3.12/site-packages/airflow/example_dags/example_nested_branch_dag.py
[2025-12-21T20:27:50.968+0000] {processor.py:925} INFO - DAG(s) 'example_nested_branch_dag' retrieved from /home/airflow/.local/lib/python3.12/site-packages/airflow/example_dags/example_nested_branch_dag.py
[2025-12-21T20:27:50.992+0000] {logging_mixin.py:190} INFO - [2025-12-21T20:27:50.992+0000] {dag.py:3239} INFO - Sync 1 DAGs
[2025-12-21T20:27:51.032+0000] {logging_mixin.py:190} INFO - [2025-12-21T20:27:51.032+0000] {dag.py:4180} INFO - Setting next_dagrun for example_nested_branch_dag to 2025-12-20 00:00:00+00:00, run_after=2025-12-21 00:00:00+00:00
[2025-12-21T20:27:51.080+0000] {processor.py:208} INFO - Processing /home/airflow/.local/lib/python3.12/site-packages/airflow/example_dags/example_nested_branch_dag.py took 0.149 seconds
[2025-12-21T20:28:21.969+0000] {processor.py:186} INFO - Started process (PID=712) to work on /home/airflow/.local/lib/python3.12/site-packages/airflow/example_dags/example_nested_branch_dag.py
[2025-12-21T20:28:21.970+0000] {processor.py:914} INFO - Processing file /home/airflow/.local/lib/python3.12/site-packages/airflow/example_dags/example_nested_branch_dag.py for tasks to queue
[2025-12-21T20:28:21.974+0000] {logging_mixin.py:190} INFO - [2025-12-21T20:28:21.974+0000] {dagbag.py:588} INFO - Filling up the DagBag from /home/airflow/.local/lib/python3.12/site-packages/airflow/example_dags/example_nested_branch_dag.py
[2025-12-21T20:28:21.993+0000] {processor.py:925} INFO - DAG(s) 'example_nested_branch_dag' retrieved from /home/airflow/.local/lib/python3.12/site-packages/airflow/example_dags/example_nested_branch_dag.py
[2025-12-21T20:28:22.029+0000] {logging_mixin.py:190} INFO - [2025-12-21T20:28:22.028+0000] {dag.py:3239} INFO - Sync 1 DAGs
[2025-12-21T20:28:22.061+0000] {logging_mixin.py:190} INFO - [2025-12-21T20:28:22.061+0000] {dag.py:4180} INFO - Setting next_dagrun for example_nested_branch_dag to 2025-12-20 00:00:00+00:00, run_after=2025-12-21 00:00:00+00:00
[2025-12-21T20:28:22.087+0000] {processor.py:208} INFO - Processing /home/airflow/.local/lib/python3.12/site-packages/airflow/example_dags/example_nested_branch_dag.py took 0.125 seconds
[2025-12-21T20:28:52.726+0000] {processor.py:186} INFO - Started process (PID=778) to work on /home/airflow/.local/lib/python3.12/site-packages/airflow/example_dags/example_nested_branch_dag.py
[2025-12-21T20:28:52.728+0000] {processor.py:914} INFO - Processing file /home/airflow/.local/lib/python3.12/site-packages/airflow/example_dags/example_nested_branch_dag.py for tasks to queue
[2025-12-21T20:28:52.731+0000] {logging_mixin.py:190} INFO - [2025-12-21T20:28:52.731+0000] {dagbag.py:588} INFO - Filling up the DagBag from /home/airflow/.local/lib/python3.12/site-packages/airflow/example_dags/example_nested_branch_dag.py
[2025-12-21T20:28:52.745+0000] {processor.py:925} INFO - DAG(s) 'example_nested_branch_dag' retrieved from /home/airflow/.local/lib/python3.12/site-packages/airflow/example_dags/example_nested_branch_dag.py
[2025-12-21T20:28:52.776+0000] {logging_mixin.py:190} INFO - [2025-12-21T20:28:52.776+0000] {dag.py:3239} INFO - Sync 1 DAGs
[2025-12-21T20:28:52.804+0000] {logging_mixin.py:190} INFO - [2025-12-21T20:28:52.803+0000] {dag.py:4180} INFO - Setting next_dagrun for example_nested_branch_dag to 2025-12-20 00:00:00+00:00, run_after=2025-12-21 00:00:00+00:00
[2025-12-21T20:28:52.832+0000] {processor.py:208} INFO - Processing /home/airflow/.local/lib/python3.12/site-packages/airflow/example_dags/example_nested_branch_dag.py took 0.111 seconds
[2025-12-21T20:29:23.715+0000] {processor.py:186} INFO - Started process (PID=844) to work on /home/airflow/.local/lib/python3.12/site-packages/airflow/example_dags/example_nested_branch_dag.py
[2025-12-21T20:29:23.716+0000] {processor.py:914} INFO - Processing file /home/airflow/.local/lib/python3.12/site-packages/airflow/example_dags/example_nested_branch_dag.py for tasks to queue
[2025-12-21T20:29:23.718+0000] {logging_mixin.py:190} INFO - [2025-12-21T20:29:23.718+0000] {dagbag.py:588} INFO - Filling up the DagBag from /home/airflow/.local/lib/python3.12/site-packages/airflow/example_dags/example_nested_branch_dag.py
[2025-12-21T20:29:23.731+0000] {processor.py:925} INFO - DAG(s) 'example_nested_branch_dag' retrieved from /home/airflow/.local/lib/python3.12/site-packages/airflow/example_dags/example_nested_branch_dag.py
[2025-12-21T20:29:23.761+0000] {logging_mixin.py:190} INFO - [2025-12-21T20:29:23.760+0000] {dag.py:3239} INFO - Sync 1 DAGs
[2025-12-21T20:29:23.789+0000] {logging_mixin.py:190} INFO - [2025-12-21T20:29:23.788+0000] {dag.py:4180} INFO - Setting next_dagrun for example_nested_branch_dag to 2025-12-20 00:00:00+00:00, run_after=2025-12-21 00:00:00+00:00
[2025-12-21T20:29:23.821+0000] {processor.py:208} INFO - Processing /home/airflow/.local/lib/python3.12/site-packages/airflow/example_dags/example_nested_branch_dag.py took 0.112 seconds
[2025-12-21T20:29:54.567+0000] {processor.py:186} INFO - Started process (PID=910) to work on /home/airflow/.local/lib/python3.12/site-packages/airflow/example_dags/example_nested_branch_dag.py
[2025-12-21T20:29:54.568+0000] {processor.py:914} INFO - Processing file /home/airflow/.local/lib/python3.12/site-packages/airflow/example_dags/example_nested_branch_dag.py for tasks to queue
[2025-12-21T20:29:54.571+0000] {logging_mixin.py:190} INFO - [2025-12-21T20:29:54.571+0000] {dagbag.py:588} INFO - Filling up the DagBag from /home/airflow/.local/lib/python3.12/site-packages/airflow/example_dags/example_nested_branch_dag.py
[2025-12-21T20:29:54.584+0000] {processor.py:925} INFO - DAG(s) 'example_nested_branch_dag' retrieved from /home/airflow/.local/lib/python3.12/site-packages/airflow/example_dags/example_nested_branch_dag.py
[2025-12-21T20:29:54.606+0000] {logging_mixin.py:190} INFO - [2025-12-21T20:29:54.606+0000] {dag.py:3239} INFO - Sync 1 DAGs
[2025-12-21T20:29:54.646+0000] {logging_mixin.py:190} INFO - [2025-12-21T20:29:54.645+0000] {dag.py:4180} INFO - Setting next_dagrun for example_nested_branch_dag to 2025-12-20 00:00:00+00:00, run_after=2025-12-21 00:00:00+00:00
[2025-12-21T20:29:54.676+0000] {processor.py:208} INFO - Processing /home/airflow/.local/lib/python3.12/site-packages/airflow/example_dags/example_nested_branch_dag.py took 0.122 seconds
[2025-12-21T20:30:25.396+0000] {processor.py:186} INFO - Started process (PID=976) to work on /home/airflow/.local/lib/python3.12/site-packages/airflow/example_dags/example_nested_branch_dag.py
[2025-12-21T20:30:25.397+0000] {processor.py:914} INFO - Processing file /home/airflow/.local/lib/python3.12/site-packages/airflow/example_dags/example_nested_branch_dag.py for tasks to queue
[2025-12-21T20:30:25.400+0000] {logging_mixin.py:190} INFO - [2025-12-21T20:30:25.399+0000] {dagbag.py:588} INFO - Filling up the DagBag from /home/airflow/.local/lib/python3.12/site-packages/airflow/example_dags/example_nested_branch_dag.py
[2025-12-21T20:30:25.412+0000] {processor.py:925} INFO - DAG(s) 'example_nested_branch_dag' retrieved from /home/airflow/.local/lib/python3.12/site-packages/airflow/example_dags/example_nested_branch_dag.py
[2025-12-21T20:30:25.433+0000] {logging_mixin.py:190} INFO - [2025-12-21T20:30:25.432+0000] {dag.py:3239} INFO - Sync 1 DAGs
[2025-12-21T20:30:25.456+0000] {logging_mixin.py:190} INFO - [2025-12-21T20:30:25.455+0000] {dag.py:4180} INFO - Setting next_dagrun for example_nested_branch_dag to 2025-12-20 00:00:00+00:00, run_after=2025-12-21 00:00:00+00:00
[2025-12-21T20:30:25.482+0000] {processor.py:208} INFO - Processing /home/airflow/.local/lib/python3.12/site-packages/airflow/example_dags/example_nested_branch_dag.py took 0.091 seconds
[2025-12-21T20:30:56.231+0000] {processor.py:186} INFO - Started process (PID=1042) to work on /home/airflow/.local/lib/python3.12/site-packages/airflow/example_dags/example_nested_branch_dag.py
[2025-12-21T20:30:56.232+0000] {processor.py:914} INFO - Processing file /home/airflow/.local/lib/python3.12/site-packages/airflow/example_dags/example_nested_branch_dag.py for tasks to queue
[2025-12-21T20:30:56.234+0000] {logging_mixin.py:190} INFO - [2025-12-21T20:30:56.234+0000] {dagbag.py:588} INFO - Filling up the DagBag from /home/airflow/.local/lib/python3.12/site-packages/airflow/example_dags/example_nested_branch_dag.py
[2025-12-21T20:30:56.245+0000] {processor.py:925} INFO - DAG(s) 'example_nested_branch_dag' retrieved from /home/airflow/.local/lib/python3.12/site-packages/airflow/example_dags/example_nested_branch_dag.py
[2025-12-21T20:30:56.268+0000] {logging_mixin.py:190} INFO - [2025-12-21T20:30:56.268+0000] {dag.py:3239} INFO - Sync 1 DAGs
[2025-12-21T20:30:56.293+0000] {logging_mixin.py:190} INFO - [2025-12-21T20:30:56.292+0000] {dag.py:4180} INFO - Setting next_dagrun for example_nested_branch_dag to 2025-12-20 00:00:00+00:00, run_after=2025-12-21 00:00:00+00:00
[2025-12-21T20:30:56.316+0000] {processor.py:208} INFO - Processing /home/airflow/.local/lib/python3.12/site-packages/airflow/example_dags/example_nested_branch_dag.py took 0.089 seconds
[2025-12-21T20:31:27.379+0000] {processor.py:186} INFO - Started process (PID=1108) to work on /home/airflow/.local/lib/python3.12/site-packages/airflow/example_dags/example_nested_branch_dag.py
[2025-12-21T20:31:27.380+0000] {processor.py:914} INFO - Processing file /home/airflow/.local/lib/python3.12/site-packages/airflow/example_dags/example_nested_branch_dag.py for tasks to queue
[2025-12-21T20:31:27.384+0000] {logging_mixin.py:190} INFO - [2025-12-21T20:31:27.383+0000] {dagbag.py:588} INFO - Filling up the DagBag from /home/airflow/.local/lib/python3.12/site-packages/airflow/example_dags/example_nested_branch_dag.py
[2025-12-21T20:31:27.395+0000] {processor.py:925} INFO - DAG(s) 'example_nested_branch_dag' retrieved from /home/airflow/.local/lib/python3.12/site-packages/airflow/example_dags/example_nested_branch_dag.py
[2025-12-21T20:31:27.426+0000] {logging_mixin.py:190} INFO - [2025-12-21T20:31:27.426+0000] {dag.py:3239} INFO - Sync 1 DAGs
[2025-12-21T20:31:27.461+0000] {logging_mixin.py:190} INFO - [2025-12-21T20:31:27.460+0000] {dag.py:4180} INFO - Setting next_dagrun for example_nested_branch_dag to 2025-12-20 00:00:00+00:00, run_after=2025-12-21 00:00:00+00:00
[2025-12-21T20:31:27.493+0000] {processor.py:208} INFO - Processing /home/airflow/.local/lib/python3.12/site-packages/airflow/example_dags/example_nested_branch_dag.py took 0.123 seconds
[2025-12-21T20:31:58.352+0000] {processor.py:186} INFO - Started process (PID=1174) to work on /home/airflow/.local/lib/python3.12/site-packages/airflow/example_dags/example_nested_branch_dag.py
[2025-12-21T20:31:58.353+0000] {processor.py:914} INFO - Processing file /home/airflow/.local/lib/python3.12/site-packages/airflow/example_dags/example_nested_branch_dag.py for tasks to queue
[2025-12-21T20:31:58.355+0000] {logging_mixin.py:190} INFO - [2025-12-21T20:31:58.355+0000] {dagbag.py:588} INFO - Filling up the DagBag from /home/airflow/.local/lib/python3.12/site-packages/airflow/example_dags/example_nested_branch_dag.py
[2025-12-21T20:31:58.366+0000] {processor.py:925} INFO - DAG(s) 'example_nested_branch_dag' retrieved from /home/airflow/.local/lib/python3.12/site-packages/airflow/example_dags/example_nested_branch_dag.py
[2025-12-21T20:31:58.392+0000] {logging_mixin.py:190} INFO - [2025-12-21T20:31:58.391+0000] {dag.py:3239} INFO - Sync 1 DAGs
[2025-12-21T20:31:58.417+0000] {logging_mixin.py:190} INFO - [2025-12-21T20:31:58.417+0000] {dag.py:4180} INFO - Setting next_dagrun for example_nested_branch_dag to 2025-12-20 00:00:00+00:00, run_after=2025-12-21 00:00:00+00:00
[2025-12-21T20:31:58.445+0000] {processor.py:208} INFO - Processing /home/airflow/.local/lib/python3.12/site-packages/airflow/example_dags/example_nested_branch_dag.py took 0.103 seconds
[2025-12-21T20:32:29.472+0000] {processor.py:186} INFO - Started process (PID=1240) to work on /home/airflow/.local/lib/python3.12/site-packages/airflow/example_dags/example_nested_branch_dag.py
[2025-12-21T20:32:29.473+0000] {processor.py:914} INFO - Processing file /home/airflow/.local/lib/python3.12/site-packages/airflow/example_dags/example_nested_branch_dag.py for tasks to queue
[2025-12-21T20:32:29.477+0000] {logging_mixin.py:190} INFO - [2025-12-21T20:32:29.476+0000] {dagbag.py:588} INFO - Filling up the DagBag from /home/airflow/.local/lib/python3.12/site-packages/airflow/example_dags/example_nested_branch_dag.py
[2025-12-21T20:32:29.490+0000] {processor.py:925} INFO - DAG(s) 'example_nested_branch_dag' retrieved from /home/airflow/.local/lib/python3.12/site-packages/airflow/example_dags/example_nested_branch_dag.py
[2025-12-21T20:32:29.515+0000] {logging_mixin.py:190} INFO - [2025-12-21T20:32:29.515+0000] {dag.py:3239} INFO - Sync 1 DAGs
[2025-12-21T20:32:29.544+0000] {logging_mixin.py:190} INFO - [2025-12-21T20:32:29.544+0000] {dag.py:4180} INFO - Setting next_dagrun for example_nested_branch_dag to 2025-12-20 00:00:00+00:00, run_after=2025-12-21 00:00:00+00:00
[2025-12-21T20:32:29.575+0000] {processor.py:208} INFO - Processing /home/airflow/.local/lib/python3.12/site-packages/airflow/example_dags/example_nested_branch_dag.py took 0.110 seconds
[2025-12-21T20:33:00.330+0000] {processor.py:186} INFO - Started process (PID=1306) to work on /home/airflow/.local/lib/python3.12/site-packages/airflow/example_dags/example_nested_branch_dag.py
[2025-12-21T20:33:00.332+0000] {processor.py:914} INFO - Processing file /home/airflow/.local/lib/python3.12/site-packages/airflow/example_dags/example_nested_branch_dag.py for tasks to queue
[2025-12-21T20:33:00.335+0000] {logging_mixin.py:190} INFO - [2025-12-21T20:33:00.334+0000] {dagbag.py:588} INFO - Filling up the DagBag from /home/airflow/.local/lib/python3.12/site-packages/airflow/example_dags/example_nested_branch_dag.py
[2025-12-21T20:33:00.346+0000] {processor.py:925} INFO - DAG(s) 'example_nested_branch_dag' retrieved from /home/airflow/.local/lib/python3.12/site-packages/airflow/example_dags/example_nested_branch_dag.py
[2025-12-21T20:33:00.382+0000] {logging_mixin.py:190} INFO - [2025-12-21T20:33:00.382+0000] {dag.py:3239} INFO - Sync 1 DAGs
[2025-12-21T20:33:00.413+0000] {logging_mixin.py:190} INFO - [2025-12-21T20:33:00.413+0000] {dag.py:4180} INFO - Setting next_dagrun for example_nested_branch_dag to 2025-12-20 00:00:00+00:00, run_after=2025-12-21 00:00:00+00:00
[2025-12-21T20:33:00.441+0000] {processor.py:208} INFO - Processing /home/airflow/.local/lib/python3.12/site-packages/airflow/example_dags/example_nested_branch_dag.py took 0.123 seconds
[2025-12-21T20:33:31.106+0000] {processor.py:186} INFO - Started process (PID=1372) to work on /home/airflow/.local/lib/python3.12/site-packages/airflow/example_dags/example_nested_branch_dag.py
[2025-12-21T20:33:31.107+0000] {processor.py:914} INFO - Processing file /home/airflow/.local/lib/python3.12/site-packages/airflow/example_dags/example_nested_branch_dag.py for tasks to queue
[2025-12-21T20:33:31.110+0000] {logging_mixin.py:190} INFO - [2025-12-21T20:33:31.110+0000] {dagbag.py:588} INFO - Filling up the DagBag from /home/airflow/.local/lib/python3.12/site-packages/airflow/example_dags/example_nested_branch_dag.py
[2025-12-21T20:33:31.122+0000] {processor.py:925} INFO - DAG(s) 'example_nested_branch_dag' retrieved from /home/airflow/.local/lib/python3.12/site-packages/airflow/example_dags/example_nested_branch_dag.py
[2025-12-21T20:33:31.146+0000] {logging_mixin.py:190} INFO - [2025-12-21T20:33:31.145+0000] {dag.py:3239} INFO - Sync 1 DAGs
[2025-12-21T20:33:31.171+0000] {logging_mixin.py:190} INFO - [2025-12-21T20:33:31.170+0000] {dag.py:4180} INFO - Setting next_dagrun for example_nested_branch_dag to 2025-12-20 00:00:00+00:00, run_after=2025-12-21 00:00:00+00:00
[2025-12-21T20:33:31.197+0000] {processor.py:208} INFO - Processing /home/airflow/.local/lib/python3.12/site-packages/airflow/example_dags/example_nested_branch_dag.py took 0.096 seconds
[2025-12-21T20:34:01.875+0000] {processor.py:186} INFO - Started process (PID=1437) to work on /home/airflow/.local/lib/python3.12/site-packages/airflow/example_dags/example_nested_branch_dag.py
[2025-12-21T20:34:01.876+0000] {processor.py:914} INFO - Processing file /home/airflow/.local/lib/python3.12/site-packages/airflow/example_dags/example_nested_branch_dag.py for tasks to queue
[2025-12-21T20:34:01.879+0000] {logging_mixin.py:190} INFO - [2025-12-21T20:34:01.878+0000] {dagbag.py:588} INFO - Filling up the DagBag from /home/airflow/.local/lib/python3.12/site-packages/airflow/example_dags/example_nested_branch_dag.py
[2025-12-21T20:34:01.890+0000] {processor.py:925} INFO - DAG(s) 'example_nested_branch_dag' retrieved from /home/airflow/.local/lib/python3.12/site-packages/airflow/example_dags/example_nested_branch_dag.py
[2025-12-21T20:34:01.912+0000] {logging_mixin.py:190} INFO - [2025-12-21T20:34:01.911+0000] {dag.py:3239} INFO - Sync 1 DAGs
[2025-12-21T20:34:01.936+0000] {logging_mixin.py:190} INFO - [2025-12-21T20:34:01.936+0000] {dag.py:4180} INFO - Setting next_dagrun for example_nested_branch_dag to 2025-12-20 00:00:00+00:00, run_after=2025-12-21 00:00:00+00:00
[2025-12-21T20:34:01.960+0000] {processor.py:208} INFO - Processing /home/airflow/.local/lib/python3.12/site-packages/airflow/example_dags/example_nested_branch_dag.py took 0.090 seconds
[2025-12-21T20:34:32.314+0000] {processor.py:186} INFO - Started process (PID=1503) to work on /home/airflow/.local/lib/python3.12/site-packages/airflow/example_dags/example_nested_branch_dag.py
[2025-12-21T20:34:32.316+0000] {processor.py:914} INFO - Processing file /home/airflow/.local/lib/python3.12/site-packages/airflow/example_dags/example_nested_branch_dag.py for tasks to queue
[2025-12-21T20:34:32.321+0000] {logging_mixin.py:190} INFO - [2025-12-21T20:34:32.320+0000] {dagbag.py:588} INFO - Filling up the DagBag from /home/airflow/.local/lib/python3.12/site-packages/airflow/example_dags/example_nested_branch_dag.py
[2025-12-21T20:34:32.332+0000] {processor.py:925} INFO - DAG(s) 'example_nested_branch_dag' retrieved from /home/airflow/.local/lib/python3.12/site-packages/airflow/example_dags/example_nested_branch_dag.py
[2025-12-21T20:34:32.379+0000] {logging_mixin.py:190} INFO - [2025-12-21T20:34:32.379+0000] {dag.py:3239} INFO - Sync 1 DAGs
[2025-12-21T20:34:32.408+0000] {logging_mixin.py:190} INFO - [2025-12-21T20:34:32.407+0000] {dag.py:4180} INFO - Setting next_dagrun for example_nested_branch_dag to 2025-12-20 00:00:00+00:00, run_after=2025-12-21 00:00:00+00:00
[2025-12-21T20:34:32.432+0000] {processor.py:208} INFO - Processing /home/airflow/.local/lib/python3.12/site-packages/airflow/example_dags/example_nested_branch_dag.py took 0.123 seconds
[2025-12-21T20:35:02.746+0000] {processor.py:186} INFO - Started process (PID=1574) to work on /home/airflow/.local/lib/python3.12/site-packages/airflow/example_dags/example_nested_branch_dag.py
[2025-12-21T20:35:02.747+0000] {processor.py:914} INFO - Processing file /home/airflow/.local/lib/python3.12/site-packages/airflow/example_dags/example_nested_branch_dag.py for tasks to queue
[2025-12-21T20:35:02.752+0000] {logging_mixin.py:190} INFO - [2025-12-21T20:35:02.752+0000] {dagbag.py:588} INFO - Filling up the DagBag from /home/airflow/.local/lib/python3.12/site-packages/airflow/example_dags/example_nested_branch_dag.py
[2025-12-21T20:35:02.768+0000] {processor.py:925} INFO - DAG(s) 'example_nested_branch_dag' retrieved from /home/airflow/.local/lib/python3.12/site-packages/airflow/example_dags/example_nested_branch_dag.py
[2025-12-21T20:35:02.788+0000] {logging_mixin.py:190} INFO - [2025-12-21T20:35:02.788+0000] {dag.py:3239} INFO - Sync 1 DAGs
[2025-12-21T20:35:02.811+0000] {logging_mixin.py:190} INFO - [2025-12-21T20:35:02.811+0000] {dag.py:4180} INFO - Setting next_dagrun for example_nested_branch_dag to 2025-12-20 00:00:00+00:00, run_after=2025-12-21 00:00:00+00:00
[2025-12-21T20:35:02.838+0000] {processor.py:208} INFO - Processing /home/airflow/.local/lib/python3.12/site-packages/airflow/example_dags/example_nested_branch_dag.py took 0.100 seconds
[2025-12-21T20:35:33.049+0000] {processor.py:186} INFO - Started process (PID=1639) to work on /home/airflow/.local/lib/python3.12/site-packages/airflow/example_dags/example_nested_branch_dag.py
[2025-12-21T20:35:33.051+0000] {processor.py:914} INFO - Processing file /home/airflow/.local/lib/python3.12/site-packages/airflow/example_dags/example_nested_branch_dag.py for tasks to queue
[2025-12-21T20:35:33.055+0000] {logging_mixin.py:190} INFO - [2025-12-21T20:35:33.055+0000] {dagbag.py:588} INFO - Filling up the DagBag from /home/airflow/.local/lib/python3.12/site-packages/airflow/example_dags/example_nested_branch_dag.py
[2025-12-21T20:35:33.080+0000] {processor.py:925} INFO - DAG(s) 'example_nested_branch_dag' retrieved from /home/airflow/.local/lib/python3.12/site-packages/airflow/example_dags/example_nested_branch_dag.py
[2025-12-21T20:35:33.117+0000] {logging_mixin.py:190} INFO - [2025-12-21T20:35:33.116+0000] {dag.py:3239} INFO - Sync 1 DAGs
[2025-12-21T20:35:33.146+0000] {logging_mixin.py:190} INFO - [2025-12-21T20:35:33.145+0000] {dag.py:4180} INFO - Setting next_dagrun for example_nested_branch_dag to 2025-12-20 00:00:00+00:00, run_after=2025-12-21 00:00:00+00:00
[2025-12-21T20:35:33.176+0000] {processor.py:208} INFO - Processing /home/airflow/.local/lib/python3.12/site-packages/airflow/example_dags/example_nested_branch_dag.py took 0.139 seconds
[2025-12-21T20:36:03.239+0000] {processor.py:186} INFO - Started process (PID=1705) to work on /home/airflow/.local/lib/python3.12/site-packages/airflow/example_dags/example_nested_branch_dag.py
[2025-12-21T20:36:03.241+0000] {processor.py:914} INFO - Processing file /home/airflow/.local/lib/python3.12/site-packages/airflow/example_dags/example_nested_branch_dag.py for tasks to queue
[2025-12-21T20:36:03.245+0000] {logging_mixin.py:190} INFO - [2025-12-21T20:36:03.244+0000] {dagbag.py:588} INFO - Filling up the DagBag from /home/airflow/.local/lib/python3.12/site-packages/airflow/example_dags/example_nested_branch_dag.py
[2025-12-21T20:36:03.257+0000] {processor.py:925} INFO - DAG(s) 'example_nested_branch_dag' retrieved from /home/airflow/.local/lib/python3.12/site-packages/airflow/example_dags/example_nested_branch_dag.py
[2025-12-21T20:36:03.294+0000] {logging_mixin.py:190} INFO - [2025-12-21T20:36:03.293+0000] {dag.py:3239} INFO - Sync 1 DAGs
[2025-12-21T20:36:03.327+0000] {logging_mixin.py:190} INFO - [2025-12-21T20:36:03.326+0000] {dag.py:4180} INFO - Setting next_dagrun for example_nested_branch_dag to 2025-12-20 00:00:00+00:00, run_after=2025-12-21 00:00:00+00:00
[2025-12-21T20:36:03.354+0000] {processor.py:208} INFO - Processing /home/airflow/.local/lib/python3.12/site-packages/airflow/example_dags/example_nested_branch_dag.py took 0.122 seconds
[2025-12-21T20:36:33.513+0000] {processor.py:186} INFO - Started process (PID=1770) to work on /home/airflow/.local/lib/python3.12/site-packages/airflow/example_dags/example_nested_branch_dag.py
[2025-12-21T20:36:33.515+0000] {processor.py:914} INFO - Processing file /home/airflow/.local/lib/python3.12/site-packages/airflow/example_dags/example_nested_branch_dag.py for tasks to queue
[2025-12-21T20:36:33.520+0000] {logging_mixin.py:190} INFO - [2025-12-21T20:36:33.519+0000] {dagbag.py:588} INFO - Filling up the DagBag from /home/airflow/.local/lib/python3.12/site-packages/airflow/example_dags/example_nested_branch_dag.py
[2025-12-21T20:36:33.555+0000] {processor.py:925} INFO - DAG(s) 'example_nested_branch_dag' retrieved from /home/airflow/.local/lib/python3.12/site-packages/airflow/example_dags/example_nested_branch_dag.py
[2025-12-21T20:36:33.591+0000] {logging_mixin.py:190} INFO - [2025-12-21T20:36:33.590+0000] {dag.py:3239} INFO - Sync 1 DAGs
[2025-12-21T20:36:33.629+0000] {logging_mixin.py:190} INFO - [2025-12-21T20:36:33.629+0000] {dag.py:4180} INFO - Setting next_dagrun for example_nested_branch_dag to 2025-12-20 00:00:00+00:00, run_after=2025-12-21 00:00:00+00:00
[2025-12-21T20:36:33.657+0000] {processor.py:208} INFO - Processing /home/airflow/.local/lib/python3.12/site-packages/airflow/example_dags/example_nested_branch_dag.py took 0.152 seconds
[2025-12-21T20:37:04.034+0000] {processor.py:186} INFO - Started process (PID=1836) to work on /home/airflow/.local/lib/python3.12/site-packages/airflow/example_dags/example_nested_branch_dag.py
[2025-12-21T20:37:04.036+0000] {processor.py:914} INFO - Processing file /home/airflow/.local/lib/python3.12/site-packages/airflow/example_dags/example_nested_branch_dag.py for tasks to queue
[2025-12-21T20:37:04.039+0000] {logging_mixin.py:190} INFO - [2025-12-21T20:37:04.039+0000] {dagbag.py:588} INFO - Filling up the DagBag from /home/airflow/.local/lib/python3.12/site-packages/airflow/example_dags/example_nested_branch_dag.py
[2025-12-21T20:37:04.065+0000] {processor.py:925} INFO - DAG(s) 'example_nested_branch_dag' retrieved from /home/airflow/.local/lib/python3.12/site-packages/airflow/example_dags/example_nested_branch_dag.py
[2025-12-21T20:37:04.110+0000] {logging_mixin.py:190} INFO - [2025-12-21T20:37:04.109+0000] {dag.py:3239} INFO - Sync 1 DAGs
[2025-12-21T20:37:04.148+0000] {logging_mixin.py:190} INFO - [2025-12-21T20:37:04.147+0000] {dag.py:4180} INFO - Setting next_dagrun for example_nested_branch_dag to 2025-12-20 00:00:00+00:00, run_after=2025-12-21 00:00:00+00:00
[2025-12-21T20:37:04.173+0000] {processor.py:208} INFO - Processing /home/airflow/.local/lib/python3.12/site-packages/airflow/example_dags/example_nested_branch_dag.py took 0.149 seconds
[2025-12-21T20:37:34.766+0000] {processor.py:186} INFO - Started process (PID=1902) to work on /home/airflow/.local/lib/python3.12/site-packages/airflow/example_dags/example_nested_branch_dag.py
[2025-12-21T20:37:34.769+0000] {processor.py:914} INFO - Processing file /home/airflow/.local/lib/python3.12/site-packages/airflow/example_dags/example_nested_branch_dag.py for tasks to queue
[2025-12-21T20:37:34.774+0000] {logging_mixin.py:190} INFO - [2025-12-21T20:37:34.773+0000] {dagbag.py:588} INFO - Filling up the DagBag from /home/airflow/.local/lib/python3.12/site-packages/airflow/example_dags/example_nested_branch_dag.py
[2025-12-21T20:37:34.793+0000] {processor.py:925} INFO - DAG(s) 'example_nested_branch_dag' retrieved from /home/airflow/.local/lib/python3.12/site-packages/airflow/example_dags/example_nested_branch_dag.py
[2025-12-21T20:37:34.816+0000] {logging_mixin.py:190} INFO - [2025-12-21T20:37:34.816+0000] {dag.py:3239} INFO - Sync 1 DAGs
[2025-12-21T20:37:34.848+0000] {logging_mixin.py:190} INFO - [2025-12-21T20:37:34.848+0000] {dag.py:4180} INFO - Setting next_dagrun for example_nested_branch_dag to 2025-12-20 00:00:00+00:00, run_after=2025-12-21 00:00:00+00:00
[2025-12-21T20:37:34.873+0000] {processor.py:208} INFO - Processing /home/airflow/.local/lib/python3.12/site-packages/airflow/example_dags/example_nested_branch_dag.py took 0.119 seconds
[2025-12-21T20:38:05.264+0000] {processor.py:186} INFO - Started process (PID=1968) to work on /home/airflow/.local/lib/python3.12/site-packages/airflow/example_dags/example_nested_branch_dag.py
[2025-12-21T20:38:05.266+0000] {processor.py:914} INFO - Processing file /home/airflow/.local/lib/python3.12/site-packages/airflow/example_dags/example_nested_branch_dag.py for tasks to queue
[2025-12-21T20:38:05.270+0000] {logging_mixin.py:190} INFO - [2025-12-21T20:38:05.269+0000] {dagbag.py:588} INFO - Filling up the DagBag from /home/airflow/.local/lib/python3.12/site-packages/airflow/example_dags/example_nested_branch_dag.py
[2025-12-21T20:38:05.296+0000] {processor.py:925} INFO - DAG(s) 'example_nested_branch_dag' retrieved from /home/airflow/.local/lib/python3.12/site-packages/airflow/example_dags/example_nested_branch_dag.py
[2025-12-21T20:38:05.322+0000] {logging_mixin.py:190} INFO - [2025-12-21T20:38:05.322+0000] {dag.py:3239} INFO - Sync 1 DAGs
[2025-12-21T20:38:05.356+0000] {logging_mixin.py:190} INFO - [2025-12-21T20:38:05.355+0000] {dag.py:4180} INFO - Setting next_dagrun for example_nested_branch_dag to 2025-12-20 00:00:00+00:00, run_after=2025-12-21 00:00:00+00:00
[2025-12-21T20:38:05.384+0000] {processor.py:208} INFO - Processing /home/airflow/.local/lib/python3.12/site-packages/airflow/example_dags/example_nested_branch_dag.py took 0.131 seconds
[2025-12-21T20:38:35.529+0000] {processor.py:186} INFO - Started process (PID=2034) to work on /home/airflow/.local/lib/python3.12/site-packages/airflow/example_dags/example_nested_branch_dag.py
[2025-12-21T20:38:35.531+0000] {processor.py:914} INFO - Processing file /home/airflow/.local/lib/python3.12/site-packages/airflow/example_dags/example_nested_branch_dag.py for tasks to queue
[2025-12-21T20:38:35.536+0000] {logging_mixin.py:190} INFO - [2025-12-21T20:38:35.535+0000] {dagbag.py:588} INFO - Filling up the DagBag from /home/airflow/.local/lib/python3.12/site-packages/airflow/example_dags/example_nested_branch_dag.py
[2025-12-21T20:38:35.553+0000] {processor.py:925} INFO - DAG(s) 'example_nested_branch_dag' retrieved from /home/airflow/.local/lib/python3.12/site-packages/airflow/example_dags/example_nested_branch_dag.py
[2025-12-21T20:38:35.582+0000] {logging_mixin.py:190} INFO - [2025-12-21T20:38:35.582+0000] {dag.py:3239} INFO - Sync 1 DAGs
[2025-12-21T20:38:35.611+0000] {logging_mixin.py:190} INFO - [2025-12-21T20:38:35.611+0000] {dag.py:4180} INFO - Setting next_dagrun for example_nested_branch_dag to 2025-12-20 00:00:00+00:00, run_after=2025-12-21 00:00:00+00:00
[2025-12-21T20:38:35.649+0000] {processor.py:208} INFO - Processing /home/airflow/.local/lib/python3.12/site-packages/airflow/example_dags/example_nested_branch_dag.py took 0.136 seconds
[2025-12-21T20:39:06.030+0000] {processor.py:186} INFO - Started process (PID=2101) to work on /home/airflow/.local/lib/python3.12/site-packages/airflow/example_dags/example_nested_branch_dag.py
[2025-12-21T20:39:06.032+0000] {processor.py:914} INFO - Processing file /home/airflow/.local/lib/python3.12/site-packages/airflow/example_dags/example_nested_branch_dag.py for tasks to queue
[2025-12-21T20:39:06.039+0000] {logging_mixin.py:190} INFO - [2025-12-21T20:39:06.038+0000] {dagbag.py:588} INFO - Filling up the DagBag from /home/airflow/.local/lib/python3.12/site-packages/airflow/example_dags/example_nested_branch_dag.py
[2025-12-21T20:39:06.061+0000] {processor.py:925} INFO - DAG(s) 'example_nested_branch_dag' retrieved from /home/airflow/.local/lib/python3.12/site-packages/airflow/example_dags/example_nested_branch_dag.py
[2025-12-21T20:39:06.093+0000] {logging_mixin.py:190} INFO - [2025-12-21T20:39:06.093+0000] {dag.py:3239} INFO - Sync 1 DAGs
[2025-12-21T20:39:06.121+0000] {logging_mixin.py:190} INFO - [2025-12-21T20:39:06.121+0000] {dag.py:4180} INFO - Setting next_dagrun for example_nested_branch_dag to 2025-12-20 00:00:00+00:00, run_after=2025-12-21 00:00:00+00:00
[2025-12-21T20:39:06.145+0000] {processor.py:208} INFO - Processing /home/airflow/.local/lib/python3.12/site-packages/airflow/example_dags/example_nested_branch_dag.py took 0.127 seconds
[2025-12-21T20:39:36.354+0000] {processor.py:186} INFO - Started process (PID=2167) to work on /home/airflow/.local/lib/python3.12/site-packages/airflow/example_dags/example_nested_branch_dag.py
[2025-12-21T20:39:36.356+0000] {processor.py:914} INFO - Processing file /home/airflow/.local/lib/python3.12/site-packages/airflow/example_dags/example_nested_branch_dag.py for tasks to queue
[2025-12-21T20:39:36.360+0000] {logging_mixin.py:190} INFO - [2025-12-21T20:39:36.359+0000] {dagbag.py:588} INFO - Filling up the DagBag from /home/airflow/.local/lib/python3.12/site-packages/airflow/example_dags/example_nested_branch_dag.py
[2025-12-21T20:39:36.385+0000] {processor.py:925} INFO - DAG(s) 'example_nested_branch_dag' retrieved from /home/airflow/.local/lib/python3.12/site-packages/airflow/example_dags/example_nested_branch_dag.py
[2025-12-21T20:39:36.420+0000] {logging_mixin.py:190} INFO - [2025-12-21T20:39:36.419+0000] {dag.py:3239} INFO - Sync 1 DAGs
[2025-12-21T20:39:36.450+0000] {logging_mixin.py:190} INFO - [2025-12-21T20:39:36.450+0000] {dag.py:4180} INFO - Setting next_dagrun for example_nested_branch_dag to 2025-12-20 00:00:00+00:00, run_after=2025-12-21 00:00:00+00:00
[2025-12-21T20:39:36.478+0000] {processor.py:208} INFO - Processing /home/airflow/.local/lib/python3.12/site-packages/airflow/example_dags/example_nested_branch_dag.py took 0.134 seconds
[2025-12-21T20:43:19.211+0000] {processor.py:186} INFO - Started process (PID=2295) to work on /home/airflow/.local/lib/python3.12/site-packages/airflow/example_dags/example_nested_branch_dag.py
[2025-12-21T20:43:19.212+0000] {processor.py:914} INFO - Processing file /home/airflow/.local/lib/python3.12/site-packages/airflow/example_dags/example_nested_branch_dag.py for tasks to queue
[2025-12-21T20:43:19.215+0000] {logging_mixin.py:190} INFO - [2025-12-21T20:43:19.214+0000] {dagbag.py:588} INFO - Filling up the DagBag from /home/airflow/.local/lib/python3.12/site-packages/airflow/example_dags/example_nested_branch_dag.py
[2025-12-21T20:43:19.228+0000] {processor.py:925} INFO - DAG(s) 'example_nested_branch_dag' retrieved from /home/airflow/.local/lib/python3.12/site-packages/airflow/example_dags/example_nested_branch_dag.py
[2025-12-21T20:43:19.271+0000] {logging_mixin.py:190} INFO - [2025-12-21T20:43:19.270+0000] {dag.py:3239} INFO - Sync 1 DAGs
[2025-12-21T20:43:19.307+0000] {logging_mixin.py:190} INFO - [2025-12-21T20:43:19.306+0000] {dag.py:4180} INFO - Setting next_dagrun for example_nested_branch_dag to 2025-12-20 00:00:00+00:00, run_after=2025-12-21 00:00:00+00:00
[2025-12-21T20:43:19.339+0000] {processor.py:208} INFO - Processing /home/airflow/.local/lib/python3.12/site-packages/airflow/example_dags/example_nested_branch_dag.py took 0.136 seconds
[2025-12-21T20:43:50.065+0000] {processor.py:186} INFO - Started process (PID=2361) to work on /home/airflow/.local/lib/python3.12/site-packages/airflow/example_dags/example_nested_branch_dag.py
[2025-12-21T20:43:50.066+0000] {processor.py:914} INFO - Processing file /home/airflow/.local/lib/python3.12/site-packages/airflow/example_dags/example_nested_branch_dag.py for tasks to queue
[2025-12-21T20:43:50.068+0000] {logging_mixin.py:190} INFO - [2025-12-21T20:43:50.067+0000] {dagbag.py:588} INFO - Filling up the DagBag from /home/airflow/.local/lib/python3.12/site-packages/airflow/example_dags/example_nested_branch_dag.py
[2025-12-21T20:43:50.080+0000] {processor.py:925} INFO - DAG(s) 'example_nested_branch_dag' retrieved from /home/airflow/.local/lib/python3.12/site-packages/airflow/example_dags/example_nested_branch_dag.py
[2025-12-21T20:43:50.103+0000] {logging_mixin.py:190} INFO - [2025-12-21T20:43:50.103+0000] {dag.py:3239} INFO - Sync 1 DAGs
[2025-12-21T20:43:50.131+0000] {logging_mixin.py:190} INFO - [2025-12-21T20:43:50.131+0000] {dag.py:4180} INFO - Setting next_dagrun for example_nested_branch_dag to 2025-12-20 00:00:00+00:00, run_after=2025-12-21 00:00:00+00:00
[2025-12-21T20:43:50.157+0000] {processor.py:208} INFO - Processing /home/airflow/.local/lib/python3.12/site-packages/airflow/example_dags/example_nested_branch_dag.py took 0.097 seconds
[2025-12-21T20:44:20.674+0000] {processor.py:186} INFO - Started process (PID=2427) to work on /home/airflow/.local/lib/python3.12/site-packages/airflow/example_dags/example_nested_branch_dag.py
[2025-12-21T20:44:20.675+0000] {processor.py:914} INFO - Processing file /home/airflow/.local/lib/python3.12/site-packages/airflow/example_dags/example_nested_branch_dag.py for tasks to queue
[2025-12-21T20:44:20.678+0000] {logging_mixin.py:190} INFO - [2025-12-21T20:44:20.678+0000] {dagbag.py:588} INFO - Filling up the DagBag from /home/airflow/.local/lib/python3.12/site-packages/airflow/example_dags/example_nested_branch_dag.py
[2025-12-21T20:44:20.700+0000] {processor.py:925} INFO - DAG(s) 'example_nested_branch_dag' retrieved from /home/airflow/.local/lib/python3.12/site-packages/airflow/example_dags/example_nested_branch_dag.py
[2025-12-21T20:44:20.727+0000] {logging_mixin.py:190} INFO - [2025-12-21T20:44:20.727+0000] {dag.py:3239} INFO - Sync 1 DAGs
[2025-12-21T20:44:20.753+0000] {logging_mixin.py:190} INFO - [2025-12-21T20:44:20.753+0000] {dag.py:4180} INFO - Setting next_dagrun for example_nested_branch_dag to 2025-12-20 00:00:00+00:00, run_after=2025-12-21 00:00:00+00:00
[2025-12-21T20:44:20.778+0000] {processor.py:208} INFO - Processing /home/airflow/.local/lib/python3.12/site-packages/airflow/example_dags/example_nested_branch_dag.py took 0.111 seconds
[2025-12-21T20:44:50.859+0000] {processor.py:186} INFO - Started process (PID=2492) to work on /home/airflow/.local/lib/python3.12/site-packages/airflow/example_dags/example_nested_branch_dag.py
[2025-12-21T20:44:50.860+0000] {processor.py:914} INFO - Processing file /home/airflow/.local/lib/python3.12/site-packages/airflow/example_dags/example_nested_branch_dag.py for tasks to queue
[2025-12-21T20:44:50.863+0000] {logging_mixin.py:190} INFO - [2025-12-21T20:44:50.862+0000] {dagbag.py:588} INFO - Filling up the DagBag from /home/airflow/.local/lib/python3.12/site-packages/airflow/example_dags/example_nested_branch_dag.py
[2025-12-21T20:44:50.883+0000] {processor.py:925} INFO - DAG(s) 'example_nested_branch_dag' retrieved from /home/airflow/.local/lib/python3.12/site-packages/airflow/example_dags/example_nested_branch_dag.py
[2025-12-21T20:44:50.911+0000] {logging_mixin.py:190} INFO - [2025-12-21T20:44:50.911+0000] {dag.py:3239} INFO - Sync 1 DAGs
[2025-12-21T20:44:50.934+0000] {logging_mixin.py:190} INFO - [2025-12-21T20:44:50.934+0000] {dag.py:4180} INFO - Setting next_dagrun for example_nested_branch_dag to 2025-12-20 00:00:00+00:00, run_after=2025-12-21 00:00:00+00:00
[2025-12-21T20:44:50.957+0000] {processor.py:208} INFO - Processing /home/airflow/.local/lib/python3.12/site-packages/airflow/example_dags/example_nested_branch_dag.py took 0.106 seconds
[2025-12-21T20:45:22.479+0000] {processor.py:186} INFO - Started process (PID=2559) to work on /home/airflow/.local/lib/python3.12/site-packages/airflow/example_dags/example_nested_branch_dag.py
[2025-12-21T20:45:22.480+0000] {processor.py:914} INFO - Processing file /home/airflow/.local/lib/python3.12/site-packages/airflow/example_dags/example_nested_branch_dag.py for tasks to queue
[2025-12-21T20:45:22.481+0000] {logging_mixin.py:190} INFO - [2025-12-21T20:45:22.481+0000] {dagbag.py:588} INFO - Filling up the DagBag from /home/airflow/.local/lib/python3.12/site-packages/airflow/example_dags/example_nested_branch_dag.py
[2025-12-21T20:45:22.493+0000] {processor.py:925} INFO - DAG(s) 'example_nested_branch_dag' retrieved from /home/airflow/.local/lib/python3.12/site-packages/airflow/example_dags/example_nested_branch_dag.py
[2025-12-21T20:45:22.517+0000] {logging_mixin.py:190} INFO - [2025-12-21T20:45:22.517+0000] {dag.py:3239} INFO - Sync 1 DAGs
[2025-12-21T20:45:22.541+0000] {logging_mixin.py:190} INFO - [2025-12-21T20:45:22.541+0000] {dag.py:4180} INFO - Setting next_dagrun for example_nested_branch_dag to 2025-12-20 00:00:00+00:00, run_after=2025-12-21 00:00:00+00:00
[2025-12-21T20:45:22.564+0000] {processor.py:208} INFO - Processing /home/airflow/.local/lib/python3.12/site-packages/airflow/example_dags/example_nested_branch_dag.py took 0.091 seconds
[2025-12-21T20:45:54.302+0000] {processor.py:186} INFO - Started process (PID=2627) to work on /home/airflow/.local/lib/python3.12/site-packages/airflow/example_dags/example_nested_branch_dag.py
[2025-12-21T20:45:54.304+0000] {processor.py:914} INFO - Processing file /home/airflow/.local/lib/python3.12/site-packages/airflow/example_dags/example_nested_branch_dag.py for tasks to queue
[2025-12-21T20:45:54.307+0000] {logging_mixin.py:190} INFO - [2025-12-21T20:45:54.306+0000] {dagbag.py:588} INFO - Filling up the DagBag from /home/airflow/.local/lib/python3.12/site-packages/airflow/example_dags/example_nested_branch_dag.py
[2025-12-21T20:45:54.326+0000] {processor.py:925} INFO - DAG(s) 'example_nested_branch_dag' retrieved from /home/airflow/.local/lib/python3.12/site-packages/airflow/example_dags/example_nested_branch_dag.py
[2025-12-21T20:45:54.362+0000] {logging_mixin.py:190} INFO - [2025-12-21T20:45:54.361+0000] {dag.py:3239} INFO - Sync 1 DAGs
[2025-12-21T20:45:54.408+0000] {logging_mixin.py:190} INFO - [2025-12-21T20:45:54.407+0000] {dag.py:4180} INFO - Setting next_dagrun for example_nested_branch_dag to 2025-12-20 00:00:00+00:00, run_after=2025-12-21 00:00:00+00:00
[2025-12-21T20:45:54.435+0000] {processor.py:208} INFO - Processing /home/airflow/.local/lib/python3.12/site-packages/airflow/example_dags/example_nested_branch_dag.py took 0.145 seconds
[2025-12-21T20:46:25.030+0000] {processor.py:186} INFO - Started process (PID=2693) to work on /home/airflow/.local/lib/python3.12/site-packages/airflow/example_dags/example_nested_branch_dag.py
[2025-12-21T20:46:25.032+0000] {processor.py:914} INFO - Processing file /home/airflow/.local/lib/python3.12/site-packages/airflow/example_dags/example_nested_branch_dag.py for tasks to queue
[2025-12-21T20:46:25.035+0000] {logging_mixin.py:190} INFO - [2025-12-21T20:46:25.034+0000] {dagbag.py:588} INFO - Filling up the DagBag from /home/airflow/.local/lib/python3.12/site-packages/airflow/example_dags/example_nested_branch_dag.py
[2025-12-21T20:46:25.047+0000] {processor.py:925} INFO - DAG(s) 'example_nested_branch_dag' retrieved from /home/airflow/.local/lib/python3.12/site-packages/airflow/example_dags/example_nested_branch_dag.py
[2025-12-21T20:46:25.072+0000] {logging_mixin.py:190} INFO - [2025-12-21T20:46:25.071+0000] {dag.py:3239} INFO - Sync 1 DAGs
[2025-12-21T20:46:25.120+0000] {logging_mixin.py:190} INFO - [2025-12-21T20:46:25.119+0000] {dag.py:4180} INFO - Setting next_dagrun for example_nested_branch_dag to 2025-12-20 00:00:00+00:00, run_after=2025-12-21 00:00:00+00:00
[2025-12-21T20:46:25.155+0000] {processor.py:208} INFO - Processing /home/airflow/.local/lib/python3.12/site-packages/airflow/example_dags/example_nested_branch_dag.py took 0.136 seconds
[2025-12-21T20:46:55.953+0000] {processor.py:186} INFO - Started process (PID=2759) to work on /home/airflow/.local/lib/python3.12/site-packages/airflow/example_dags/example_nested_branch_dag.py
[2025-12-21T20:46:55.954+0000] {processor.py:914} INFO - Processing file /home/airflow/.local/lib/python3.12/site-packages/airflow/example_dags/example_nested_branch_dag.py for tasks to queue
[2025-12-21T20:46:55.956+0000] {logging_mixin.py:190} INFO - [2025-12-21T20:46:55.956+0000] {dagbag.py:588} INFO - Filling up the DagBag from /home/airflow/.local/lib/python3.12/site-packages/airflow/example_dags/example_nested_branch_dag.py
[2025-12-21T20:46:55.968+0000] {processor.py:925} INFO - DAG(s) 'example_nested_branch_dag' retrieved from /home/airflow/.local/lib/python3.12/site-packages/airflow/example_dags/example_nested_branch_dag.py
[2025-12-21T20:46:55.995+0000] {logging_mixin.py:190} INFO - [2025-12-21T20:46:55.994+0000] {dag.py:3239} INFO - Sync 1 DAGs
[2025-12-21T20:46:56.019+0000] {logging_mixin.py:190} INFO - [2025-12-21T20:46:56.019+0000] {dag.py:4180} INFO - Setting next_dagrun for example_nested_branch_dag to 2025-12-20 00:00:00+00:00, run_after=2025-12-21 00:00:00+00:00
[2025-12-21T20:46:56.051+0000] {processor.py:208} INFO - Processing /home/airflow/.local/lib/python3.12/site-packages/airflow/example_dags/example_nested_branch_dag.py took 0.108 seconds
[2025-12-21T20:47:27.062+0000] {processor.py:186} INFO - Started process (PID=2829) to work on /home/airflow/.local/lib/python3.12/site-packages/airflow/example_dags/example_nested_branch_dag.py
[2025-12-21T20:47:27.064+0000] {processor.py:914} INFO - Processing file /home/airflow/.local/lib/python3.12/site-packages/airflow/example_dags/example_nested_branch_dag.py for tasks to queue
[2025-12-21T20:47:27.066+0000] {logging_mixin.py:190} INFO - [2025-12-21T20:47:27.066+0000] {dagbag.py:588} INFO - Filling up the DagBag from /home/airflow/.local/lib/python3.12/site-packages/airflow/example_dags/example_nested_branch_dag.py
[2025-12-21T20:47:27.079+0000] {processor.py:925} INFO - DAG(s) 'example_nested_branch_dag' retrieved from /home/airflow/.local/lib/python3.12/site-packages/airflow/example_dags/example_nested_branch_dag.py
[2025-12-21T20:47:27.107+0000] {logging_mixin.py:190} INFO - [2025-12-21T20:47:27.107+0000] {dag.py:3239} INFO - Sync 1 DAGs
[2025-12-21T20:47:27.146+0000] {logging_mixin.py:190} INFO - [2025-12-21T20:47:27.146+0000] {dag.py:4180} INFO - Setting next_dagrun for example_nested_branch_dag to 2025-12-20 00:00:00+00:00, run_after=2025-12-21 00:00:00+00:00
[2025-12-21T20:47:27.178+0000] {processor.py:208} INFO - Processing /home/airflow/.local/lib/python3.12/site-packages/airflow/example_dags/example_nested_branch_dag.py took 0.121 seconds
