[2025-12-21T20:23:33.008+0000] {processor.py:186} INFO - Started process (PID=86) to work on /home/airflow/.local/lib/python3.12/site-packages/airflow/example_dags/example_branch_labels.py
[2025-12-21T20:23:33.009+0000] {processor.py:914} INFO - Processing file /home/airflow/.local/lib/python3.12/site-packages/airflow/example_dags/example_branch_labels.py for tasks to queue
[2025-12-21T20:23:33.012+0000] {logging_mixin.py:190} INFO - [2025-12-21T20:23:33.011+0000] {dagbag.py:588} INFO - Filling up the DagBag from /home/airflow/.local/lib/python3.12/site-packages/airflow/example_dags/example_branch_labels.py
[2025-12-21T20:23:33.026+0000] {processor.py:925} INFO - DAG(s) 'example_branch_labels' retrieved from /home/airflow/.local/lib/python3.12/site-packages/airflow/example_dags/example_branch_labels.py
[2025-12-21T20:23:33.175+0000] {logging_mixin.py:190} INFO - [2025-12-21T20:23:33.174+0000] {override.py:1912} INFO - Created Permission View: can delete on DAG:example_branch_labels
[2025-12-21T20:23:33.191+0000] {logging_mixin.py:190} INFO - [2025-12-21T20:23:33.190+0000] {override.py:1912} INFO - Created Permission View: can edit on DAG:example_branch_labels
[2025-12-21T20:23:33.205+0000] {logging_mixin.py:190} INFO - [2025-12-21T20:23:33.205+0000] {override.py:1912} INFO - Created Permission View: can read on DAG:example_branch_labels
[2025-12-21T20:23:33.222+0000] {logging_mixin.py:190} INFO - [2025-12-21T20:23:33.222+0000] {override.py:1912} INFO - Created Permission View: can delete on DAG Run:example_branch_labels
[2025-12-21T20:23:33.237+0000] {logging_mixin.py:190} INFO - [2025-12-21T20:23:33.237+0000] {override.py:1912} INFO - Created Permission View: can create on DAG Run:example_branch_labels
[2025-12-21T20:23:33.248+0000] {logging_mixin.py:190} INFO - [2025-12-21T20:23:33.248+0000] {override.py:1912} INFO - Created Permission View: menu access on DAG Run:example_branch_labels
[2025-12-21T20:23:33.261+0000] {logging_mixin.py:190} INFO - [2025-12-21T20:23:33.261+0000] {override.py:1912} INFO - Created Permission View: can read on DAG Run:example_branch_labels
[2025-12-21T20:23:33.262+0000] {logging_mixin.py:190} INFO - [2025-12-21T20:23:33.262+0000] {dag.py:3239} INFO - Sync 1 DAGs
[2025-12-21T20:23:33.281+0000] {logging_mixin.py:190} INFO - [2025-12-21T20:23:33.281+0000] {dag.py:3262} INFO - Creating ORM DAG for example_branch_labels
[2025-12-21T20:23:33.292+0000] {logging_mixin.py:190} INFO - [2025-12-21T20:23:33.292+0000] {dag.py:4180} INFO - Setting next_dagrun for example_branch_labels to 2025-12-20 00:00:00+00:00, run_after=2025-12-21 00:00:00+00:00
[2025-12-21T20:23:33.319+0000] {processor.py:208} INFO - Processing /home/airflow/.local/lib/python3.12/site-packages/airflow/example_dags/example_branch_labels.py took 0.316 seconds
[2025-12-21T20:24:03.391+0000] {processor.py:186} INFO - Started process (PID=151) to work on /home/airflow/.local/lib/python3.12/site-packages/airflow/example_dags/example_branch_labels.py
[2025-12-21T20:24:03.392+0000] {processor.py:914} INFO - Processing file /home/airflow/.local/lib/python3.12/site-packages/airflow/example_dags/example_branch_labels.py for tasks to queue
[2025-12-21T20:24:03.395+0000] {logging_mixin.py:190} INFO - [2025-12-21T20:24:03.394+0000] {dagbag.py:588} INFO - Filling up the DagBag from /home/airflow/.local/lib/python3.12/site-packages/airflow/example_dags/example_branch_labels.py
[2025-12-21T20:24:03.404+0000] {processor.py:925} INFO - DAG(s) 'example_branch_labels' retrieved from /home/airflow/.local/lib/python3.12/site-packages/airflow/example_dags/example_branch_labels.py
[2025-12-21T20:24:03.425+0000] {logging_mixin.py:190} INFO - [2025-12-21T20:24:03.425+0000] {dag.py:3239} INFO - Sync 1 DAGs
[2025-12-21T20:24:03.451+0000] {logging_mixin.py:190} INFO - [2025-12-21T20:24:03.451+0000] {dag.py:4180} INFO - Setting next_dagrun for example_branch_labels to 2025-12-20 00:00:00+00:00, run_after=2025-12-21 00:00:00+00:00
[2025-12-21T20:24:03.474+0000] {processor.py:208} INFO - Processing /home/airflow/.local/lib/python3.12/site-packages/airflow/example_dags/example_branch_labels.py took 0.091 seconds
[2025-12-21T20:24:33.548+0000] {processor.py:186} INFO - Started process (PID=217) to work on /home/airflow/.local/lib/python3.12/site-packages/airflow/example_dags/example_branch_labels.py
[2025-12-21T20:24:33.549+0000] {processor.py:914} INFO - Processing file /home/airflow/.local/lib/python3.12/site-packages/airflow/example_dags/example_branch_labels.py for tasks to queue
[2025-12-21T20:24:33.555+0000] {logging_mixin.py:190} INFO - [2025-12-21T20:24:33.554+0000] {dagbag.py:588} INFO - Filling up the DagBag from /home/airflow/.local/lib/python3.12/site-packages/airflow/example_dags/example_branch_labels.py
[2025-12-21T20:24:33.575+0000] {processor.py:925} INFO - DAG(s) 'example_branch_labels' retrieved from /home/airflow/.local/lib/python3.12/site-packages/airflow/example_dags/example_branch_labels.py
[2025-12-21T20:24:33.611+0000] {logging_mixin.py:190} INFO - [2025-12-21T20:24:33.610+0000] {dag.py:3239} INFO - Sync 1 DAGs
[2025-12-21T20:24:33.639+0000] {logging_mixin.py:190} INFO - [2025-12-21T20:24:33.639+0000] {dag.py:4180} INFO - Setting next_dagrun for example_branch_labels to 2025-12-20 00:00:00+00:00, run_after=2025-12-21 00:00:00+00:00
[2025-12-21T20:24:33.662+0000] {processor.py:208} INFO - Processing /home/airflow/.local/lib/python3.12/site-packages/airflow/example_dags/example_branch_labels.py took 0.120 seconds
[2025-12-21T20:25:04.268+0000] {processor.py:186} INFO - Started process (PID=283) to work on /home/airflow/.local/lib/python3.12/site-packages/airflow/example_dags/example_branch_labels.py
[2025-12-21T20:25:04.269+0000] {processor.py:914} INFO - Processing file /home/airflow/.local/lib/python3.12/site-packages/airflow/example_dags/example_branch_labels.py for tasks to queue
[2025-12-21T20:25:04.271+0000] {logging_mixin.py:190} INFO - [2025-12-21T20:25:04.271+0000] {dagbag.py:588} INFO - Filling up the DagBag from /home/airflow/.local/lib/python3.12/site-packages/airflow/example_dags/example_branch_labels.py
[2025-12-21T20:25:04.283+0000] {processor.py:925} INFO - DAG(s) 'example_branch_labels' retrieved from /home/airflow/.local/lib/python3.12/site-packages/airflow/example_dags/example_branch_labels.py
[2025-12-21T20:25:04.306+0000] {logging_mixin.py:190} INFO - [2025-12-21T20:25:04.306+0000] {dag.py:3239} INFO - Sync 1 DAGs
[2025-12-21T20:25:04.333+0000] {logging_mixin.py:190} INFO - [2025-12-21T20:25:04.333+0000] {dag.py:4180} INFO - Setting next_dagrun for example_branch_labels to 2025-12-20 00:00:00+00:00, run_after=2025-12-21 00:00:00+00:00
[2025-12-21T20:25:04.356+0000] {processor.py:208} INFO - Processing /home/airflow/.local/lib/python3.12/site-packages/airflow/example_dags/example_branch_labels.py took 0.094 seconds
[2025-12-21T20:25:34.555+0000] {processor.py:186} INFO - Started process (PID=349) to work on /home/airflow/.local/lib/python3.12/site-packages/airflow/example_dags/example_branch_labels.py
[2025-12-21T20:25:34.557+0000] {processor.py:914} INFO - Processing file /home/airflow/.local/lib/python3.12/site-packages/airflow/example_dags/example_branch_labels.py for tasks to queue
[2025-12-21T20:25:34.560+0000] {logging_mixin.py:190} INFO - [2025-12-21T20:25:34.560+0000] {dagbag.py:588} INFO - Filling up the DagBag from /home/airflow/.local/lib/python3.12/site-packages/airflow/example_dags/example_branch_labels.py
[2025-12-21T20:25:34.573+0000] {processor.py:925} INFO - DAG(s) 'example_branch_labels' retrieved from /home/airflow/.local/lib/python3.12/site-packages/airflow/example_dags/example_branch_labels.py
[2025-12-21T20:25:34.595+0000] {logging_mixin.py:190} INFO - [2025-12-21T20:25:34.595+0000] {dag.py:3239} INFO - Sync 1 DAGs
[2025-12-21T20:25:34.623+0000] {logging_mixin.py:190} INFO - [2025-12-21T20:25:34.623+0000] {dag.py:4180} INFO - Setting next_dagrun for example_branch_labels to 2025-12-20 00:00:00+00:00, run_after=2025-12-21 00:00:00+00:00
[2025-12-21T20:25:34.651+0000] {processor.py:208} INFO - Processing /home/airflow/.local/lib/python3.12/site-packages/airflow/example_dags/example_branch_labels.py took 0.103 seconds
[2025-12-21T20:26:04.884+0000] {processor.py:186} INFO - Started process (PID=415) to work on /home/airflow/.local/lib/python3.12/site-packages/airflow/example_dags/example_branch_labels.py
[2025-12-21T20:26:04.885+0000] {processor.py:914} INFO - Processing file /home/airflow/.local/lib/python3.12/site-packages/airflow/example_dags/example_branch_labels.py for tasks to queue
[2025-12-21T20:26:04.887+0000] {logging_mixin.py:190} INFO - [2025-12-21T20:26:04.887+0000] {dagbag.py:588} INFO - Filling up the DagBag from /home/airflow/.local/lib/python3.12/site-packages/airflow/example_dags/example_branch_labels.py
[2025-12-21T20:26:04.897+0000] {processor.py:925} INFO - DAG(s) 'example_branch_labels' retrieved from /home/airflow/.local/lib/python3.12/site-packages/airflow/example_dags/example_branch_labels.py
[2025-12-21T20:26:04.919+0000] {logging_mixin.py:190} INFO - [2025-12-21T20:26:04.919+0000] {dag.py:3239} INFO - Sync 1 DAGs
[2025-12-21T20:26:04.944+0000] {logging_mixin.py:190} INFO - [2025-12-21T20:26:04.944+0000] {dag.py:4180} INFO - Setting next_dagrun for example_branch_labels to 2025-12-20 00:00:00+00:00, run_after=2025-12-21 00:00:00+00:00
[2025-12-21T20:26:04.986+0000] {processor.py:208} INFO - Processing /home/airflow/.local/lib/python3.12/site-packages/airflow/example_dags/example_branch_labels.py took 0.110 seconds
[2025-12-21T20:26:35.185+0000] {processor.py:186} INFO - Started process (PID=481) to work on /home/airflow/.local/lib/python3.12/site-packages/airflow/example_dags/example_branch_labels.py
[2025-12-21T20:26:35.186+0000] {processor.py:914} INFO - Processing file /home/airflow/.local/lib/python3.12/site-packages/airflow/example_dags/example_branch_labels.py for tasks to queue
[2025-12-21T20:26:35.188+0000] {logging_mixin.py:190} INFO - [2025-12-21T20:26:35.188+0000] {dagbag.py:588} INFO - Filling up the DagBag from /home/airflow/.local/lib/python3.12/site-packages/airflow/example_dags/example_branch_labels.py
[2025-12-21T20:26:35.198+0000] {processor.py:925} INFO - DAG(s) 'example_branch_labels' retrieved from /home/airflow/.local/lib/python3.12/site-packages/airflow/example_dags/example_branch_labels.py
[2025-12-21T20:26:35.225+0000] {logging_mixin.py:190} INFO - [2025-12-21T20:26:35.225+0000] {dag.py:3239} INFO - Sync 1 DAGs
[2025-12-21T20:26:35.253+0000] {logging_mixin.py:190} INFO - [2025-12-21T20:26:35.252+0000] {dag.py:4180} INFO - Setting next_dagrun for example_branch_labels to 2025-12-20 00:00:00+00:00, run_after=2025-12-21 00:00:00+00:00
[2025-12-21T20:26:35.302+0000] {processor.py:208} INFO - Processing /home/airflow/.local/lib/python3.12/site-packages/airflow/example_dags/example_branch_labels.py took 0.122 seconds
[2025-12-21T20:27:05.598+0000] {processor.py:186} INFO - Started process (PID=547) to work on /home/airflow/.local/lib/python3.12/site-packages/airflow/example_dags/example_branch_labels.py
[2025-12-21T20:27:05.599+0000] {processor.py:914} INFO - Processing file /home/airflow/.local/lib/python3.12/site-packages/airflow/example_dags/example_branch_labels.py for tasks to queue
[2025-12-21T20:27:05.604+0000] {logging_mixin.py:190} INFO - [2025-12-21T20:27:05.604+0000] {dagbag.py:588} INFO - Filling up the DagBag from /home/airflow/.local/lib/python3.12/site-packages/airflow/example_dags/example_branch_labels.py
[2025-12-21T20:27:05.620+0000] {processor.py:925} INFO - DAG(s) 'example_branch_labels' retrieved from /home/airflow/.local/lib/python3.12/site-packages/airflow/example_dags/example_branch_labels.py
[2025-12-21T20:27:05.650+0000] {logging_mixin.py:190} INFO - [2025-12-21T20:27:05.649+0000] {dag.py:3239} INFO - Sync 1 DAGs
[2025-12-21T20:27:05.682+0000] {logging_mixin.py:190} INFO - [2025-12-21T20:27:05.682+0000] {dag.py:4180} INFO - Setting next_dagrun for example_branch_labels to 2025-12-20 00:00:00+00:00, run_after=2025-12-21 00:00:00+00:00
[2025-12-21T20:27:05.717+0000] {processor.py:208} INFO - Processing /home/airflow/.local/lib/python3.12/site-packages/airflow/example_dags/example_branch_labels.py took 0.127 seconds
[2025-12-21T20:27:36.619+0000] {processor.py:186} INFO - Started process (PID=613) to work on /home/airflow/.local/lib/python3.12/site-packages/airflow/example_dags/example_branch_labels.py
[2025-12-21T20:27:36.621+0000] {processor.py:914} INFO - Processing file /home/airflow/.local/lib/python3.12/site-packages/airflow/example_dags/example_branch_labels.py for tasks to queue
[2025-12-21T20:27:36.625+0000] {logging_mixin.py:190} INFO - [2025-12-21T20:27:36.624+0000] {dagbag.py:588} INFO - Filling up the DagBag from /home/airflow/.local/lib/python3.12/site-packages/airflow/example_dags/example_branch_labels.py
[2025-12-21T20:27:36.634+0000] {processor.py:925} INFO - DAG(s) 'example_branch_labels' retrieved from /home/airflow/.local/lib/python3.12/site-packages/airflow/example_dags/example_branch_labels.py
[2025-12-21T20:27:36.656+0000] {logging_mixin.py:190} INFO - [2025-12-21T20:27:36.656+0000] {dag.py:3239} INFO - Sync 1 DAGs
[2025-12-21T20:27:36.681+0000] {logging_mixin.py:190} INFO - [2025-12-21T20:27:36.681+0000] {dag.py:4180} INFO - Setting next_dagrun for example_branch_labels to 2025-12-20 00:00:00+00:00, run_after=2025-12-21 00:00:00+00:00
[2025-12-21T20:27:36.735+0000] {processor.py:208} INFO - Processing /home/airflow/.local/lib/python3.12/site-packages/airflow/example_dags/example_branch_labels.py took 0.121 seconds
[2025-12-21T20:28:06.857+0000] {processor.py:186} INFO - Started process (PID=679) to work on /home/airflow/.local/lib/python3.12/site-packages/airflow/example_dags/example_branch_labels.py
[2025-12-21T20:28:06.858+0000] {processor.py:914} INFO - Processing file /home/airflow/.local/lib/python3.12/site-packages/airflow/example_dags/example_branch_labels.py for tasks to queue
[2025-12-21T20:28:06.860+0000] {logging_mixin.py:190} INFO - [2025-12-21T20:28:06.860+0000] {dagbag.py:588} INFO - Filling up the DagBag from /home/airflow/.local/lib/python3.12/site-packages/airflow/example_dags/example_branch_labels.py
[2025-12-21T20:28:06.869+0000] {processor.py:925} INFO - DAG(s) 'example_branch_labels' retrieved from /home/airflow/.local/lib/python3.12/site-packages/airflow/example_dags/example_branch_labels.py
[2025-12-21T20:28:06.888+0000] {logging_mixin.py:190} INFO - [2025-12-21T20:28:06.888+0000] {dag.py:3239} INFO - Sync 1 DAGs
[2025-12-21T20:28:06.914+0000] {logging_mixin.py:190} INFO - [2025-12-21T20:28:06.913+0000] {dag.py:4180} INFO - Setting next_dagrun for example_branch_labels to 2025-12-20 00:00:00+00:00, run_after=2025-12-21 00:00:00+00:00
[2025-12-21T20:28:06.959+0000] {processor.py:208} INFO - Processing /home/airflow/.local/lib/python3.12/site-packages/airflow/example_dags/example_branch_labels.py took 0.106 seconds
[2025-12-21T20:28:37.662+0000] {processor.py:186} INFO - Started process (PID=745) to work on /home/airflow/.local/lib/python3.12/site-packages/airflow/example_dags/example_branch_labels.py
[2025-12-21T20:28:37.664+0000] {processor.py:914} INFO - Processing file /home/airflow/.local/lib/python3.12/site-packages/airflow/example_dags/example_branch_labels.py for tasks to queue
[2025-12-21T20:28:37.666+0000] {logging_mixin.py:190} INFO - [2025-12-21T20:28:37.666+0000] {dagbag.py:588} INFO - Filling up the DagBag from /home/airflow/.local/lib/python3.12/site-packages/airflow/example_dags/example_branch_labels.py
[2025-12-21T20:28:37.676+0000] {processor.py:925} INFO - DAG(s) 'example_branch_labels' retrieved from /home/airflow/.local/lib/python3.12/site-packages/airflow/example_dags/example_branch_labels.py
[2025-12-21T20:28:37.695+0000] {logging_mixin.py:190} INFO - [2025-12-21T20:28:37.695+0000] {dag.py:3239} INFO - Sync 1 DAGs
[2025-12-21T20:28:37.720+0000] {logging_mixin.py:190} INFO - [2025-12-21T20:28:37.719+0000] {dag.py:4180} INFO - Setting next_dagrun for example_branch_labels to 2025-12-20 00:00:00+00:00, run_after=2025-12-21 00:00:00+00:00
[2025-12-21T20:28:37.780+0000] {processor.py:208} INFO - Processing /home/airflow/.local/lib/python3.12/site-packages/airflow/example_dags/example_branch_labels.py took 0.124 seconds
[2025-12-21T20:29:08.106+0000] {processor.py:186} INFO - Started process (PID=811) to work on /home/airflow/.local/lib/python3.12/site-packages/airflow/example_dags/example_branch_labels.py
[2025-12-21T20:29:08.107+0000] {processor.py:914} INFO - Processing file /home/airflow/.local/lib/python3.12/site-packages/airflow/example_dags/example_branch_labels.py for tasks to queue
[2025-12-21T20:29:08.109+0000] {logging_mixin.py:190} INFO - [2025-12-21T20:29:08.108+0000] {dagbag.py:588} INFO - Filling up the DagBag from /home/airflow/.local/lib/python3.12/site-packages/airflow/example_dags/example_branch_labels.py
[2025-12-21T20:29:08.118+0000] {processor.py:925} INFO - DAG(s) 'example_branch_labels' retrieved from /home/airflow/.local/lib/python3.12/site-packages/airflow/example_dags/example_branch_labels.py
[2025-12-21T20:29:08.141+0000] {logging_mixin.py:190} INFO - [2025-12-21T20:29:08.141+0000] {dag.py:3239} INFO - Sync 1 DAGs
[2025-12-21T20:29:08.166+0000] {logging_mixin.py:190} INFO - [2025-12-21T20:29:08.165+0000] {dag.py:4180} INFO - Setting next_dagrun for example_branch_labels to 2025-12-20 00:00:00+00:00, run_after=2025-12-21 00:00:00+00:00
[2025-12-21T20:29:08.190+0000] {processor.py:208} INFO - Processing /home/airflow/.local/lib/python3.12/site-packages/airflow/example_dags/example_branch_labels.py took 0.089 seconds
[2025-12-21T20:29:38.607+0000] {processor.py:186} INFO - Started process (PID=877) to work on /home/airflow/.local/lib/python3.12/site-packages/airflow/example_dags/example_branch_labels.py
[2025-12-21T20:29:38.610+0000] {processor.py:914} INFO - Processing file /home/airflow/.local/lib/python3.12/site-packages/airflow/example_dags/example_branch_labels.py for tasks to queue
[2025-12-21T20:29:38.613+0000] {logging_mixin.py:190} INFO - [2025-12-21T20:29:38.613+0000] {dagbag.py:588} INFO - Filling up the DagBag from /home/airflow/.local/lib/python3.12/site-packages/airflow/example_dags/example_branch_labels.py
[2025-12-21T20:29:38.622+0000] {processor.py:925} INFO - DAG(s) 'example_branch_labels' retrieved from /home/airflow/.local/lib/python3.12/site-packages/airflow/example_dags/example_branch_labels.py
[2025-12-21T20:29:38.644+0000] {logging_mixin.py:190} INFO - [2025-12-21T20:29:38.644+0000] {dag.py:3239} INFO - Sync 1 DAGs
[2025-12-21T20:29:38.670+0000] {logging_mixin.py:190} INFO - [2025-12-21T20:29:38.669+0000] {dag.py:4180} INFO - Setting next_dagrun for example_branch_labels to 2025-12-20 00:00:00+00:00, run_after=2025-12-21 00:00:00+00:00
[2025-12-21T20:29:38.693+0000] {processor.py:208} INFO - Processing /home/airflow/.local/lib/python3.12/site-packages/airflow/example_dags/example_branch_labels.py took 0.098 seconds
[2025-12-21T20:30:08.846+0000] {processor.py:186} INFO - Started process (PID=943) to work on /home/airflow/.local/lib/python3.12/site-packages/airflow/example_dags/example_branch_labels.py
[2025-12-21T20:30:08.848+0000] {processor.py:914} INFO - Processing file /home/airflow/.local/lib/python3.12/site-packages/airflow/example_dags/example_branch_labels.py for tasks to queue
[2025-12-21T20:30:08.851+0000] {logging_mixin.py:190} INFO - [2025-12-21T20:30:08.850+0000] {dagbag.py:588} INFO - Filling up the DagBag from /home/airflow/.local/lib/python3.12/site-packages/airflow/example_dags/example_branch_labels.py
[2025-12-21T20:30:08.862+0000] {processor.py:925} INFO - DAG(s) 'example_branch_labels' retrieved from /home/airflow/.local/lib/python3.12/site-packages/airflow/example_dags/example_branch_labels.py
[2025-12-21T20:30:08.892+0000] {logging_mixin.py:190} INFO - [2025-12-21T20:30:08.891+0000] {dag.py:3239} INFO - Sync 1 DAGs
[2025-12-21T20:30:08.922+0000] {logging_mixin.py:190} INFO - [2025-12-21T20:30:08.921+0000] {dag.py:4180} INFO - Setting next_dagrun for example_branch_labels to 2025-12-20 00:00:00+00:00, run_after=2025-12-21 00:00:00+00:00
[2025-12-21T20:30:08.950+0000] {processor.py:208} INFO - Processing /home/airflow/.local/lib/python3.12/site-packages/airflow/example_dags/example_branch_labels.py took 0.114 seconds
[2025-12-21T20:30:39.206+0000] {processor.py:186} INFO - Started process (PID=1009) to work on /home/airflow/.local/lib/python3.12/site-packages/airflow/example_dags/example_branch_labels.py
[2025-12-21T20:30:39.207+0000] {processor.py:914} INFO - Processing file /home/airflow/.local/lib/python3.12/site-packages/airflow/example_dags/example_branch_labels.py for tasks to queue
[2025-12-21T20:30:39.210+0000] {logging_mixin.py:190} INFO - [2025-12-21T20:30:39.210+0000] {dagbag.py:588} INFO - Filling up the DagBag from /home/airflow/.local/lib/python3.12/site-packages/airflow/example_dags/example_branch_labels.py
[2025-12-21T20:30:39.223+0000] {processor.py:925} INFO - DAG(s) 'example_branch_labels' retrieved from /home/airflow/.local/lib/python3.12/site-packages/airflow/example_dags/example_branch_labels.py
[2025-12-21T20:30:39.250+0000] {logging_mixin.py:190} INFO - [2025-12-21T20:30:39.250+0000] {dag.py:3239} INFO - Sync 1 DAGs
[2025-12-21T20:30:39.275+0000] {logging_mixin.py:190} INFO - [2025-12-21T20:30:39.275+0000] {dag.py:4180} INFO - Setting next_dagrun for example_branch_labels to 2025-12-20 00:00:00+00:00, run_after=2025-12-21 00:00:00+00:00
[2025-12-21T20:30:39.298+0000] {processor.py:208} INFO - Processing /home/airflow/.local/lib/python3.12/site-packages/airflow/example_dags/example_branch_labels.py took 0.098 seconds
[2025-12-21T20:31:09.459+0000] {processor.py:186} INFO - Started process (PID=1075) to work on /home/airflow/.local/lib/python3.12/site-packages/airflow/example_dags/example_branch_labels.py
[2025-12-21T20:31:09.460+0000] {processor.py:914} INFO - Processing file /home/airflow/.local/lib/python3.12/site-packages/airflow/example_dags/example_branch_labels.py for tasks to queue
[2025-12-21T20:31:09.462+0000] {logging_mixin.py:190} INFO - [2025-12-21T20:31:09.462+0000] {dagbag.py:588} INFO - Filling up the DagBag from /home/airflow/.local/lib/python3.12/site-packages/airflow/example_dags/example_branch_labels.py
[2025-12-21T20:31:09.471+0000] {processor.py:925} INFO - DAG(s) 'example_branch_labels' retrieved from /home/airflow/.local/lib/python3.12/site-packages/airflow/example_dags/example_branch_labels.py
[2025-12-21T20:31:09.493+0000] {logging_mixin.py:190} INFO - [2025-12-21T20:31:09.493+0000] {dag.py:3239} INFO - Sync 1 DAGs
[2025-12-21T20:31:09.523+0000] {logging_mixin.py:190} INFO - [2025-12-21T20:31:09.523+0000] {dag.py:4180} INFO - Setting next_dagrun for example_branch_labels to 2025-12-20 00:00:00+00:00, run_after=2025-12-21 00:00:00+00:00
[2025-12-21T20:31:09.545+0000] {processor.py:208} INFO - Processing /home/airflow/.local/lib/python3.12/site-packages/airflow/example_dags/example_branch_labels.py took 0.091 seconds
[2025-12-21T20:31:39.761+0000] {processor.py:186} INFO - Started process (PID=1141) to work on /home/airflow/.local/lib/python3.12/site-packages/airflow/example_dags/example_branch_labels.py
[2025-12-21T20:31:39.762+0000] {processor.py:914} INFO - Processing file /home/airflow/.local/lib/python3.12/site-packages/airflow/example_dags/example_branch_labels.py for tasks to queue
[2025-12-21T20:31:39.765+0000] {logging_mixin.py:190} INFO - [2025-12-21T20:31:39.764+0000] {dagbag.py:588} INFO - Filling up the DagBag from /home/airflow/.local/lib/python3.12/site-packages/airflow/example_dags/example_branch_labels.py
[2025-12-21T20:31:39.774+0000] {processor.py:925} INFO - DAG(s) 'example_branch_labels' retrieved from /home/airflow/.local/lib/python3.12/site-packages/airflow/example_dags/example_branch_labels.py
[2025-12-21T20:31:39.807+0000] {logging_mixin.py:190} INFO - [2025-12-21T20:31:39.806+0000] {dag.py:3239} INFO - Sync 1 DAGs
[2025-12-21T20:31:39.829+0000] {logging_mixin.py:190} INFO - [2025-12-21T20:31:39.829+0000] {dag.py:4180} INFO - Setting next_dagrun for example_branch_labels to 2025-12-20 00:00:00+00:00, run_after=2025-12-21 00:00:00+00:00
[2025-12-21T20:31:39.855+0000] {processor.py:208} INFO - Processing /home/airflow/.local/lib/python3.12/site-packages/airflow/example_dags/example_branch_labels.py took 0.100 seconds
[2025-12-21T20:32:10.757+0000] {processor.py:186} INFO - Started process (PID=1207) to work on /home/airflow/.local/lib/python3.12/site-packages/airflow/example_dags/example_branch_labels.py
[2025-12-21T20:32:10.759+0000] {processor.py:914} INFO - Processing file /home/airflow/.local/lib/python3.12/site-packages/airflow/example_dags/example_branch_labels.py for tasks to queue
[2025-12-21T20:32:10.765+0000] {logging_mixin.py:190} INFO - [2025-12-21T20:32:10.764+0000] {dagbag.py:588} INFO - Filling up the DagBag from /home/airflow/.local/lib/python3.12/site-packages/airflow/example_dags/example_branch_labels.py
[2025-12-21T20:32:10.775+0000] {processor.py:925} INFO - DAG(s) 'example_branch_labels' retrieved from /home/airflow/.local/lib/python3.12/site-packages/airflow/example_dags/example_branch_labels.py
[2025-12-21T20:32:10.801+0000] {logging_mixin.py:190} INFO - [2025-12-21T20:32:10.801+0000] {dag.py:3239} INFO - Sync 1 DAGs
[2025-12-21T20:32:10.822+0000] {logging_mixin.py:190} INFO - [2025-12-21T20:32:10.822+0000] {dag.py:4180} INFO - Setting next_dagrun for example_branch_labels to 2025-12-20 00:00:00+00:00, run_after=2025-12-21 00:00:00+00:00
[2025-12-21T20:32:10.846+0000] {processor.py:208} INFO - Processing /home/airflow/.local/lib/python3.12/site-packages/airflow/example_dags/example_branch_labels.py took 0.101 seconds
[2025-12-21T20:32:41.309+0000] {processor.py:186} INFO - Started process (PID=1273) to work on /home/airflow/.local/lib/python3.12/site-packages/airflow/example_dags/example_branch_labels.py
[2025-12-21T20:32:41.310+0000] {processor.py:914} INFO - Processing file /home/airflow/.local/lib/python3.12/site-packages/airflow/example_dags/example_branch_labels.py for tasks to queue
[2025-12-21T20:32:41.315+0000] {logging_mixin.py:190} INFO - [2025-12-21T20:32:41.314+0000] {dagbag.py:588} INFO - Filling up the DagBag from /home/airflow/.local/lib/python3.12/site-packages/airflow/example_dags/example_branch_labels.py
[2025-12-21T20:32:41.324+0000] {processor.py:925} INFO - DAG(s) 'example_branch_labels' retrieved from /home/airflow/.local/lib/python3.12/site-packages/airflow/example_dags/example_branch_labels.py
[2025-12-21T20:32:41.349+0000] {logging_mixin.py:190} INFO - [2025-12-21T20:32:41.349+0000] {dag.py:3239} INFO - Sync 1 DAGs
[2025-12-21T20:32:41.375+0000] {logging_mixin.py:190} INFO - [2025-12-21T20:32:41.375+0000] {dag.py:4180} INFO - Setting next_dagrun for example_branch_labels to 2025-12-20 00:00:00+00:00, run_after=2025-12-21 00:00:00+00:00
[2025-12-21T20:32:41.398+0000] {processor.py:208} INFO - Processing /home/airflow/.local/lib/python3.12/site-packages/airflow/example_dags/example_branch_labels.py took 0.099 seconds
[2025-12-21T20:33:11.510+0000] {processor.py:186} INFO - Started process (PID=1339) to work on /home/airflow/.local/lib/python3.12/site-packages/airflow/example_dags/example_branch_labels.py
[2025-12-21T20:33:11.511+0000] {processor.py:914} INFO - Processing file /home/airflow/.local/lib/python3.12/site-packages/airflow/example_dags/example_branch_labels.py for tasks to queue
[2025-12-21T20:33:11.514+0000] {logging_mixin.py:190} INFO - [2025-12-21T20:33:11.513+0000] {dagbag.py:588} INFO - Filling up the DagBag from /home/airflow/.local/lib/python3.12/site-packages/airflow/example_dags/example_branch_labels.py
[2025-12-21T20:33:11.522+0000] {processor.py:925} INFO - DAG(s) 'example_branch_labels' retrieved from /home/airflow/.local/lib/python3.12/site-packages/airflow/example_dags/example_branch_labels.py
[2025-12-21T20:33:11.546+0000] {logging_mixin.py:190} INFO - [2025-12-21T20:33:11.546+0000] {dag.py:3239} INFO - Sync 1 DAGs
[2025-12-21T20:33:11.572+0000] {logging_mixin.py:190} INFO - [2025-12-21T20:33:11.572+0000] {dag.py:4180} INFO - Setting next_dagrun for example_branch_labels to 2025-12-20 00:00:00+00:00, run_after=2025-12-21 00:00:00+00:00
[2025-12-21T20:33:11.600+0000] {processor.py:208} INFO - Processing /home/airflow/.local/lib/python3.12/site-packages/airflow/example_dags/example_branch_labels.py took 0.100 seconds
[2025-12-21T20:33:42.083+0000] {processor.py:186} INFO - Started process (PID=1405) to work on /home/airflow/.local/lib/python3.12/site-packages/airflow/example_dags/example_branch_labels.py
[2025-12-21T20:33:42.085+0000] {processor.py:914} INFO - Processing file /home/airflow/.local/lib/python3.12/site-packages/airflow/example_dags/example_branch_labels.py for tasks to queue
[2025-12-21T20:33:42.092+0000] {logging_mixin.py:190} INFO - [2025-12-21T20:33:42.090+0000] {dagbag.py:588} INFO - Filling up the DagBag from /home/airflow/.local/lib/python3.12/site-packages/airflow/example_dags/example_branch_labels.py
[2025-12-21T20:33:42.108+0000] {processor.py:925} INFO - DAG(s) 'example_branch_labels' retrieved from /home/airflow/.local/lib/python3.12/site-packages/airflow/example_dags/example_branch_labels.py
[2025-12-21T20:33:42.133+0000] {logging_mixin.py:190} INFO - [2025-12-21T20:33:42.132+0000] {dag.py:3239} INFO - Sync 1 DAGs
[2025-12-21T20:33:42.165+0000] {logging_mixin.py:190} INFO - [2025-12-21T20:33:42.164+0000] {dag.py:4180} INFO - Setting next_dagrun for example_branch_labels to 2025-12-20 00:00:00+00:00, run_after=2025-12-21 00:00:00+00:00
[2025-12-21T20:33:42.196+0000] {processor.py:208} INFO - Processing /home/airflow/.local/lib/python3.12/site-packages/airflow/example_dags/example_branch_labels.py took 0.128 seconds
[2025-12-21T20:34:13.271+0000] {processor.py:186} INFO - Started process (PID=1471) to work on /home/airflow/.local/lib/python3.12/site-packages/airflow/example_dags/example_branch_labels.py
[2025-12-21T20:34:13.272+0000] {processor.py:914} INFO - Processing file /home/airflow/.local/lib/python3.12/site-packages/airflow/example_dags/example_branch_labels.py for tasks to queue
[2025-12-21T20:34:13.275+0000] {logging_mixin.py:190} INFO - [2025-12-21T20:34:13.274+0000] {dagbag.py:588} INFO - Filling up the DagBag from /home/airflow/.local/lib/python3.12/site-packages/airflow/example_dags/example_branch_labels.py
[2025-12-21T20:34:13.284+0000] {processor.py:925} INFO - DAG(s) 'example_branch_labels' retrieved from /home/airflow/.local/lib/python3.12/site-packages/airflow/example_dags/example_branch_labels.py
[2025-12-21T20:34:13.303+0000] {logging_mixin.py:190} INFO - [2025-12-21T20:34:13.303+0000] {dag.py:3239} INFO - Sync 1 DAGs
[2025-12-21T20:34:13.330+0000] {logging_mixin.py:190} INFO - [2025-12-21T20:34:13.330+0000] {dag.py:4180} INFO - Setting next_dagrun for example_branch_labels to 2025-12-20 00:00:00+00:00, run_after=2025-12-21 00:00:00+00:00
[2025-12-21T20:34:13.355+0000] {processor.py:208} INFO - Processing /home/airflow/.local/lib/python3.12/site-packages/airflow/example_dags/example_branch_labels.py took 0.089 seconds
[2025-12-21T20:34:43.820+0000] {processor.py:186} INFO - Started process (PID=1537) to work on /home/airflow/.local/lib/python3.12/site-packages/airflow/example_dags/example_branch_labels.py
[2025-12-21T20:34:43.821+0000] {processor.py:914} INFO - Processing file /home/airflow/.local/lib/python3.12/site-packages/airflow/example_dags/example_branch_labels.py for tasks to queue
[2025-12-21T20:34:43.823+0000] {logging_mixin.py:190} INFO - [2025-12-21T20:34:43.823+0000] {dagbag.py:588} INFO - Filling up the DagBag from /home/airflow/.local/lib/python3.12/site-packages/airflow/example_dags/example_branch_labels.py
[2025-12-21T20:34:43.834+0000] {processor.py:925} INFO - DAG(s) 'example_branch_labels' retrieved from /home/airflow/.local/lib/python3.12/site-packages/airflow/example_dags/example_branch_labels.py
[2025-12-21T20:34:43.858+0000] {logging_mixin.py:190} INFO - [2025-12-21T20:34:43.857+0000] {dag.py:3239} INFO - Sync 1 DAGs
[2025-12-21T20:34:43.882+0000] {logging_mixin.py:190} INFO - [2025-12-21T20:34:43.882+0000] {dag.py:4180} INFO - Setting next_dagrun for example_branch_labels to 2025-12-20 00:00:00+00:00, run_after=2025-12-21 00:00:00+00:00
[2025-12-21T20:34:43.908+0000] {processor.py:208} INFO - Processing /home/airflow/.local/lib/python3.12/site-packages/airflow/example_dags/example_branch_labels.py took 0.095 seconds
[2025-12-21T20:35:14.486+0000] {processor.py:186} INFO - Started process (PID=1603) to work on /home/airflow/.local/lib/python3.12/site-packages/airflow/example_dags/example_branch_labels.py
[2025-12-21T20:35:14.488+0000] {processor.py:914} INFO - Processing file /home/airflow/.local/lib/python3.12/site-packages/airflow/example_dags/example_branch_labels.py for tasks to queue
[2025-12-21T20:35:14.491+0000] {logging_mixin.py:190} INFO - [2025-12-21T20:35:14.490+0000] {dagbag.py:588} INFO - Filling up the DagBag from /home/airflow/.local/lib/python3.12/site-packages/airflow/example_dags/example_branch_labels.py
[2025-12-21T20:35:14.502+0000] {processor.py:925} INFO - DAG(s) 'example_branch_labels' retrieved from /home/airflow/.local/lib/python3.12/site-packages/airflow/example_dags/example_branch_labels.py
[2025-12-21T20:35:14.520+0000] {logging_mixin.py:190} INFO - [2025-12-21T20:35:14.520+0000] {dag.py:3239} INFO - Sync 1 DAGs
[2025-12-21T20:35:14.545+0000] {logging_mixin.py:190} INFO - [2025-12-21T20:35:14.545+0000] {dag.py:4180} INFO - Setting next_dagrun for example_branch_labels to 2025-12-20 00:00:00+00:00, run_after=2025-12-21 00:00:00+00:00
[2025-12-21T20:35:14.572+0000] {processor.py:208} INFO - Processing /home/airflow/.local/lib/python3.12/site-packages/airflow/example_dags/example_branch_labels.py took 0.096 seconds
[2025-12-21T20:35:44.674+0000] {processor.py:186} INFO - Started process (PID=1668) to work on /home/airflow/.local/lib/python3.12/site-packages/airflow/example_dags/example_branch_labels.py
[2025-12-21T20:35:44.676+0000] {processor.py:914} INFO - Processing file /home/airflow/.local/lib/python3.12/site-packages/airflow/example_dags/example_branch_labels.py for tasks to queue
[2025-12-21T20:35:44.681+0000] {logging_mixin.py:190} INFO - [2025-12-21T20:35:44.680+0000] {dagbag.py:588} INFO - Filling up the DagBag from /home/airflow/.local/lib/python3.12/site-packages/airflow/example_dags/example_branch_labels.py
[2025-12-21T20:35:44.703+0000] {processor.py:925} INFO - DAG(s) 'example_branch_labels' retrieved from /home/airflow/.local/lib/python3.12/site-packages/airflow/example_dags/example_branch_labels.py
[2025-12-21T20:35:44.729+0000] {logging_mixin.py:190} INFO - [2025-12-21T20:35:44.729+0000] {dag.py:3239} INFO - Sync 1 DAGs
[2025-12-21T20:35:44.755+0000] {logging_mixin.py:190} INFO - [2025-12-21T20:35:44.755+0000] {dag.py:4180} INFO - Setting next_dagrun for example_branch_labels to 2025-12-20 00:00:00+00:00, run_after=2025-12-21 00:00:00+00:00
[2025-12-21T20:35:44.780+0000] {processor.py:208} INFO - Processing /home/airflow/.local/lib/python3.12/site-packages/airflow/example_dags/example_branch_labels.py took 0.115 seconds
[2025-12-21T20:36:15.026+0000] {processor.py:186} INFO - Started process (PID=1734) to work on /home/airflow/.local/lib/python3.12/site-packages/airflow/example_dags/example_branch_labels.py
[2025-12-21T20:36:15.028+0000] {processor.py:914} INFO - Processing file /home/airflow/.local/lib/python3.12/site-packages/airflow/example_dags/example_branch_labels.py for tasks to queue
[2025-12-21T20:36:15.031+0000] {logging_mixin.py:190} INFO - [2025-12-21T20:36:15.030+0000] {dagbag.py:588} INFO - Filling up the DagBag from /home/airflow/.local/lib/python3.12/site-packages/airflow/example_dags/example_branch_labels.py
[2025-12-21T20:36:15.041+0000] {processor.py:925} INFO - DAG(s) 'example_branch_labels' retrieved from /home/airflow/.local/lib/python3.12/site-packages/airflow/example_dags/example_branch_labels.py
[2025-12-21T20:36:15.077+0000] {logging_mixin.py:190} INFO - [2025-12-21T20:36:15.076+0000] {dag.py:3239} INFO - Sync 1 DAGs
[2025-12-21T20:36:15.116+0000] {logging_mixin.py:190} INFO - [2025-12-21T20:36:15.115+0000] {dag.py:4180} INFO - Setting next_dagrun for example_branch_labels to 2025-12-20 00:00:00+00:00, run_after=2025-12-21 00:00:00+00:00
[2025-12-21T20:36:15.140+0000] {processor.py:208} INFO - Processing /home/airflow/.local/lib/python3.12/site-packages/airflow/example_dags/example_branch_labels.py took 0.122 seconds
[2025-12-21T20:36:45.994+0000] {processor.py:186} INFO - Started process (PID=1800) to work on /home/airflow/.local/lib/python3.12/site-packages/airflow/example_dags/example_branch_labels.py
[2025-12-21T20:36:45.995+0000] {processor.py:914} INFO - Processing file /home/airflow/.local/lib/python3.12/site-packages/airflow/example_dags/example_branch_labels.py for tasks to queue
[2025-12-21T20:36:45.998+0000] {logging_mixin.py:190} INFO - [2025-12-21T20:36:45.998+0000] {dagbag.py:588} INFO - Filling up the DagBag from /home/airflow/.local/lib/python3.12/site-packages/airflow/example_dags/example_branch_labels.py
[2025-12-21T20:36:46.014+0000] {processor.py:925} INFO - DAG(s) 'example_branch_labels' retrieved from /home/airflow/.local/lib/python3.12/site-packages/airflow/example_dags/example_branch_labels.py
[2025-12-21T20:36:46.040+0000] {logging_mixin.py:190} INFO - [2025-12-21T20:36:46.040+0000] {dag.py:3239} INFO - Sync 1 DAGs
[2025-12-21T20:36:46.082+0000] {logging_mixin.py:190} INFO - [2025-12-21T20:36:46.082+0000] {dag.py:4180} INFO - Setting next_dagrun for example_branch_labels to 2025-12-20 00:00:00+00:00, run_after=2025-12-21 00:00:00+00:00
[2025-12-21T20:36:46.106+0000] {processor.py:208} INFO - Processing /home/airflow/.local/lib/python3.12/site-packages/airflow/example_dags/example_branch_labels.py took 0.117 seconds
[2025-12-21T20:37:16.584+0000] {processor.py:186} INFO - Started process (PID=1866) to work on /home/airflow/.local/lib/python3.12/site-packages/airflow/example_dags/example_branch_labels.py
[2025-12-21T20:37:16.585+0000] {processor.py:914} INFO - Processing file /home/airflow/.local/lib/python3.12/site-packages/airflow/example_dags/example_branch_labels.py for tasks to queue
[2025-12-21T20:37:16.588+0000] {logging_mixin.py:190} INFO - [2025-12-21T20:37:16.588+0000] {dagbag.py:588} INFO - Filling up the DagBag from /home/airflow/.local/lib/python3.12/site-packages/airflow/example_dags/example_branch_labels.py
[2025-12-21T20:37:16.598+0000] {processor.py:925} INFO - DAG(s) 'example_branch_labels' retrieved from /home/airflow/.local/lib/python3.12/site-packages/airflow/example_dags/example_branch_labels.py
[2025-12-21T20:37:16.631+0000] {logging_mixin.py:190} INFO - [2025-12-21T20:37:16.630+0000] {dag.py:3239} INFO - Sync 1 DAGs
[2025-12-21T20:37:16.668+0000] {logging_mixin.py:190} INFO - [2025-12-21T20:37:16.668+0000] {dag.py:4180} INFO - Setting next_dagrun for example_branch_labels to 2025-12-20 00:00:00+00:00, run_after=2025-12-21 00:00:00+00:00
[2025-12-21T20:37:16.691+0000] {processor.py:208} INFO - Processing /home/airflow/.local/lib/python3.12/site-packages/airflow/example_dags/example_branch_labels.py took 0.118 seconds
[2025-12-21T20:37:46.812+0000] {processor.py:186} INFO - Started process (PID=1932) to work on /home/airflow/.local/lib/python3.12/site-packages/airflow/example_dags/example_branch_labels.py
[2025-12-21T20:37:46.813+0000] {processor.py:914} INFO - Processing file /home/airflow/.local/lib/python3.12/site-packages/airflow/example_dags/example_branch_labels.py for tasks to queue
[2025-12-21T20:37:46.817+0000] {logging_mixin.py:190} INFO - [2025-12-21T20:37:46.817+0000] {dagbag.py:588} INFO - Filling up the DagBag from /home/airflow/.local/lib/python3.12/site-packages/airflow/example_dags/example_branch_labels.py
[2025-12-21T20:37:46.834+0000] {processor.py:925} INFO - DAG(s) 'example_branch_labels' retrieved from /home/airflow/.local/lib/python3.12/site-packages/airflow/example_dags/example_branch_labels.py
[2025-12-21T20:37:46.867+0000] {logging_mixin.py:190} INFO - [2025-12-21T20:37:46.867+0000] {dag.py:3239} INFO - Sync 1 DAGs
[2025-12-21T20:37:46.892+0000] {logging_mixin.py:190} INFO - [2025-12-21T20:37:46.892+0000] {dag.py:4180} INFO - Setting next_dagrun for example_branch_labels to 2025-12-20 00:00:00+00:00, run_after=2025-12-21 00:00:00+00:00
[2025-12-21T20:37:46.915+0000] {processor.py:208} INFO - Processing /home/airflow/.local/lib/python3.12/site-packages/airflow/example_dags/example_branch_labels.py took 0.115 seconds
[2025-12-21T20:38:17.175+0000] {processor.py:186} INFO - Started process (PID=1998) to work on /home/airflow/.local/lib/python3.12/site-packages/airflow/example_dags/example_branch_labels.py
[2025-12-21T20:38:17.176+0000] {processor.py:914} INFO - Processing file /home/airflow/.local/lib/python3.12/site-packages/airflow/example_dags/example_branch_labels.py for tasks to queue
[2025-12-21T20:38:17.179+0000] {logging_mixin.py:190} INFO - [2025-12-21T20:38:17.178+0000] {dagbag.py:588} INFO - Filling up the DagBag from /home/airflow/.local/lib/python3.12/site-packages/airflow/example_dags/example_branch_labels.py
[2025-12-21T20:38:17.189+0000] {processor.py:925} INFO - DAG(s) 'example_branch_labels' retrieved from /home/airflow/.local/lib/python3.12/site-packages/airflow/example_dags/example_branch_labels.py
[2025-12-21T20:38:17.211+0000] {logging_mixin.py:190} INFO - [2025-12-21T20:38:17.210+0000] {dag.py:3239} INFO - Sync 1 DAGs
[2025-12-21T20:38:17.235+0000] {logging_mixin.py:190} INFO - [2025-12-21T20:38:17.235+0000] {dag.py:4180} INFO - Setting next_dagrun for example_branch_labels to 2025-12-20 00:00:00+00:00, run_after=2025-12-21 00:00:00+00:00
[2025-12-21T20:38:17.257+0000] {processor.py:208} INFO - Processing /home/airflow/.local/lib/python3.12/site-packages/airflow/example_dags/example_branch_labels.py took 0.087 seconds
[2025-12-21T20:38:47.700+0000] {processor.py:186} INFO - Started process (PID=2064) to work on /home/airflow/.local/lib/python3.12/site-packages/airflow/example_dags/example_branch_labels.py
[2025-12-21T20:38:47.701+0000] {processor.py:914} INFO - Processing file /home/airflow/.local/lib/python3.12/site-packages/airflow/example_dags/example_branch_labels.py for tasks to queue
[2025-12-21T20:38:47.704+0000] {logging_mixin.py:190} INFO - [2025-12-21T20:38:47.704+0000] {dagbag.py:588} INFO - Filling up the DagBag from /home/airflow/.local/lib/python3.12/site-packages/airflow/example_dags/example_branch_labels.py
[2025-12-21T20:38:47.717+0000] {processor.py:925} INFO - DAG(s) 'example_branch_labels' retrieved from /home/airflow/.local/lib/python3.12/site-packages/airflow/example_dags/example_branch_labels.py
[2025-12-21T20:38:47.745+0000] {logging_mixin.py:190} INFO - [2025-12-21T20:38:47.744+0000] {dag.py:3239} INFO - Sync 1 DAGs
[2025-12-21T20:38:47.770+0000] {logging_mixin.py:190} INFO - [2025-12-21T20:38:47.770+0000] {dag.py:4180} INFO - Setting next_dagrun for example_branch_labels to 2025-12-20 00:00:00+00:00, run_after=2025-12-21 00:00:00+00:00
[2025-12-21T20:38:47.801+0000] {processor.py:208} INFO - Processing /home/airflow/.local/lib/python3.12/site-packages/airflow/example_dags/example_branch_labels.py took 0.107 seconds
[2025-12-21T20:39:18.009+0000] {processor.py:186} INFO - Started process (PID=2130) to work on /home/airflow/.local/lib/python3.12/site-packages/airflow/example_dags/example_branch_labels.py
[2025-12-21T20:39:18.010+0000] {processor.py:914} INFO - Processing file /home/airflow/.local/lib/python3.12/site-packages/airflow/example_dags/example_branch_labels.py for tasks to queue
[2025-12-21T20:39:18.013+0000] {logging_mixin.py:190} INFO - [2025-12-21T20:39:18.012+0000] {dagbag.py:588} INFO - Filling up the DagBag from /home/airflow/.local/lib/python3.12/site-packages/airflow/example_dags/example_branch_labels.py
[2025-12-21T20:39:18.025+0000] {processor.py:925} INFO - DAG(s) 'example_branch_labels' retrieved from /home/airflow/.local/lib/python3.12/site-packages/airflow/example_dags/example_branch_labels.py
[2025-12-21T20:39:18.050+0000] {logging_mixin.py:190} INFO - [2025-12-21T20:39:18.049+0000] {dag.py:3239} INFO - Sync 1 DAGs
[2025-12-21T20:39:18.073+0000] {logging_mixin.py:190} INFO - [2025-12-21T20:39:18.072+0000] {dag.py:4180} INFO - Setting next_dagrun for example_branch_labels to 2025-12-20 00:00:00+00:00, run_after=2025-12-21 00:00:00+00:00
[2025-12-21T20:39:18.096+0000] {processor.py:208} INFO - Processing /home/airflow/.local/lib/python3.12/site-packages/airflow/example_dags/example_branch_labels.py took 0.092 seconds
[2025-12-21T20:39:49.181+0000] {processor.py:186} INFO - Started process (PID=2196) to work on /home/airflow/.local/lib/python3.12/site-packages/airflow/example_dags/example_branch_labels.py
[2025-12-21T20:39:49.182+0000] {processor.py:914} INFO - Processing file /home/airflow/.local/lib/python3.12/site-packages/airflow/example_dags/example_branch_labels.py for tasks to queue
[2025-12-21T20:39:49.186+0000] {logging_mixin.py:190} INFO - [2025-12-21T20:39:49.186+0000] {dagbag.py:588} INFO - Filling up the DagBag from /home/airflow/.local/lib/python3.12/site-packages/airflow/example_dags/example_branch_labels.py
[2025-12-21T20:39:49.201+0000] {processor.py:925} INFO - DAG(s) 'example_branch_labels' retrieved from /home/airflow/.local/lib/python3.12/site-packages/airflow/example_dags/example_branch_labels.py
[2025-12-21T20:39:49.222+0000] {logging_mixin.py:190} INFO - [2025-12-21T20:39:49.222+0000] {dag.py:3239} INFO - Sync 1 DAGs
[2025-12-21T20:39:49.248+0000] {logging_mixin.py:190} INFO - [2025-12-21T20:39:49.248+0000] {dag.py:4180} INFO - Setting next_dagrun for example_branch_labels to 2025-12-20 00:00:00+00:00, run_after=2025-12-21 00:00:00+00:00
[2025-12-21T20:39:49.270+0000] {processor.py:208} INFO - Processing /home/airflow/.local/lib/python3.12/site-packages/airflow/example_dags/example_branch_labels.py took 0.100 seconds
[2025-12-21T20:43:13.574+0000] {processor.py:186} INFO - Started process (PID=2266) to work on /home/airflow/.local/lib/python3.12/site-packages/airflow/example_dags/example_branch_labels.py
[2025-12-21T20:43:13.576+0000] {processor.py:914} INFO - Processing file /home/airflow/.local/lib/python3.12/site-packages/airflow/example_dags/example_branch_labels.py for tasks to queue
[2025-12-21T20:43:13.578+0000] {logging_mixin.py:190} INFO - [2025-12-21T20:43:13.578+0000] {dagbag.py:588} INFO - Filling up the DagBag from /home/airflow/.local/lib/python3.12/site-packages/airflow/example_dags/example_branch_labels.py
[2025-12-21T20:43:13.608+0000] {processor.py:925} INFO - DAG(s) 'example_branch_labels' retrieved from /home/airflow/.local/lib/python3.12/site-packages/airflow/example_dags/example_branch_labels.py
[2025-12-21T20:43:13.656+0000] {logging_mixin.py:190} INFO - [2025-12-21T20:43:13.655+0000] {dag.py:3239} INFO - Sync 1 DAGs
[2025-12-21T20:43:13.706+0000] {logging_mixin.py:190} INFO - [2025-12-21T20:43:13.705+0000] {dag.py:4180} INFO - Setting next_dagrun for example_branch_labels to 2025-12-20 00:00:00+00:00, run_after=2025-12-21 00:00:00+00:00
[2025-12-21T20:43:13.760+0000] {processor.py:208} INFO - Processing /home/airflow/.local/lib/python3.12/site-packages/airflow/example_dags/example_branch_labels.py took 0.195 seconds
[2025-12-21T20:43:44.294+0000] {processor.py:186} INFO - Started process (PID=2326) to work on /home/airflow/.local/lib/python3.12/site-packages/airflow/example_dags/example_branch_labels.py
[2025-12-21T20:43:44.297+0000] {processor.py:914} INFO - Processing file /home/airflow/.local/lib/python3.12/site-packages/airflow/example_dags/example_branch_labels.py for tasks to queue
[2025-12-21T20:43:44.299+0000] {logging_mixin.py:190} INFO - [2025-12-21T20:43:44.298+0000] {dagbag.py:588} INFO - Filling up the DagBag from /home/airflow/.local/lib/python3.12/site-packages/airflow/example_dags/example_branch_labels.py
[2025-12-21T20:43:44.309+0000] {processor.py:925} INFO - DAG(s) 'example_branch_labels' retrieved from /home/airflow/.local/lib/python3.12/site-packages/airflow/example_dags/example_branch_labels.py
[2025-12-21T20:43:44.341+0000] {logging_mixin.py:190} INFO - [2025-12-21T20:43:44.340+0000] {dag.py:3239} INFO - Sync 1 DAGs
[2025-12-21T20:43:44.375+0000] {logging_mixin.py:190} INFO - [2025-12-21T20:43:44.375+0000] {dag.py:4180} INFO - Setting next_dagrun for example_branch_labels to 2025-12-20 00:00:00+00:00, run_after=2025-12-21 00:00:00+00:00
[2025-12-21T20:43:44.404+0000] {processor.py:208} INFO - Processing /home/airflow/.local/lib/python3.12/site-packages/airflow/example_dags/example_branch_labels.py took 0.122 seconds
[2025-12-21T20:44:14.496+0000] {processor.py:186} INFO - Started process (PID=2391) to work on /home/airflow/.local/lib/python3.12/site-packages/airflow/example_dags/example_branch_labels.py
[2025-12-21T20:44:14.498+0000] {processor.py:914} INFO - Processing file /home/airflow/.local/lib/python3.12/site-packages/airflow/example_dags/example_branch_labels.py for tasks to queue
[2025-12-21T20:44:14.500+0000] {logging_mixin.py:190} INFO - [2025-12-21T20:44:14.499+0000] {dagbag.py:588} INFO - Filling up the DagBag from /home/airflow/.local/lib/python3.12/site-packages/airflow/example_dags/example_branch_labels.py
[2025-12-21T20:44:14.510+0000] {processor.py:925} INFO - DAG(s) 'example_branch_labels' retrieved from /home/airflow/.local/lib/python3.12/site-packages/airflow/example_dags/example_branch_labels.py
[2025-12-21T20:44:14.536+0000] {logging_mixin.py:190} INFO - [2025-12-21T20:44:14.536+0000] {dag.py:3239} INFO - Sync 1 DAGs
[2025-12-21T20:44:14.565+0000] {logging_mixin.py:190} INFO - [2025-12-21T20:44:14.565+0000] {dag.py:4180} INFO - Setting next_dagrun for example_branch_labels to 2025-12-20 00:00:00+00:00, run_after=2025-12-21 00:00:00+00:00
[2025-12-21T20:44:14.591+0000] {processor.py:208} INFO - Processing /home/airflow/.local/lib/python3.12/site-packages/airflow/example_dags/example_branch_labels.py took 0.106 seconds
[2025-12-21T20:44:45.230+0000] {processor.py:186} INFO - Started process (PID=2457) to work on /home/airflow/.local/lib/python3.12/site-packages/airflow/example_dags/example_branch_labels.py
[2025-12-21T20:44:45.232+0000] {processor.py:914} INFO - Processing file /home/airflow/.local/lib/python3.12/site-packages/airflow/example_dags/example_branch_labels.py for tasks to queue
[2025-12-21T20:44:45.234+0000] {logging_mixin.py:190} INFO - [2025-12-21T20:44:45.233+0000] {dagbag.py:588} INFO - Filling up the DagBag from /home/airflow/.local/lib/python3.12/site-packages/airflow/example_dags/example_branch_labels.py
[2025-12-21T20:44:45.244+0000] {processor.py:925} INFO - DAG(s) 'example_branch_labels' retrieved from /home/airflow/.local/lib/python3.12/site-packages/airflow/example_dags/example_branch_labels.py
[2025-12-21T20:44:45.270+0000] {logging_mixin.py:190} INFO - [2025-12-21T20:44:45.270+0000] {dag.py:3239} INFO - Sync 1 DAGs
[2025-12-21T20:44:45.325+0000] {logging_mixin.py:190} INFO - [2025-12-21T20:44:45.325+0000] {dag.py:4180} INFO - Setting next_dagrun for example_branch_labels to 2025-12-20 00:00:00+00:00, run_after=2025-12-21 00:00:00+00:00
[2025-12-21T20:44:45.389+0000] {processor.py:208} INFO - Processing /home/airflow/.local/lib/python3.12/site-packages/airflow/example_dags/example_branch_labels.py took 0.165 seconds
[2025-12-21T20:45:15.624+0000] {processor.py:186} INFO - Started process (PID=2529) to work on /home/airflow/.local/lib/python3.12/site-packages/airflow/example_dags/example_branch_labels.py
[2025-12-21T20:45:15.626+0000] {processor.py:914} INFO - Processing file /home/airflow/.local/lib/python3.12/site-packages/airflow/example_dags/example_branch_labels.py for tasks to queue
[2025-12-21T20:45:15.628+0000] {logging_mixin.py:190} INFO - [2025-12-21T20:45:15.628+0000] {dagbag.py:588} INFO - Filling up the DagBag from /home/airflow/.local/lib/python3.12/site-packages/airflow/example_dags/example_branch_labels.py
[2025-12-21T20:45:15.643+0000] {processor.py:925} INFO - DAG(s) 'example_branch_labels' retrieved from /home/airflow/.local/lib/python3.12/site-packages/airflow/example_dags/example_branch_labels.py
[2025-12-21T20:45:15.667+0000] {logging_mixin.py:190} INFO - [2025-12-21T20:45:15.667+0000] {dag.py:3239} INFO - Sync 1 DAGs
[2025-12-21T20:45:15.692+0000] {logging_mixin.py:190} INFO - [2025-12-21T20:45:15.692+0000] {dag.py:4180} INFO - Setting next_dagrun for example_branch_labels to 2025-12-20 00:00:00+00:00, run_after=2025-12-21 00:00:00+00:00
[2025-12-21T20:45:15.715+0000] {processor.py:208} INFO - Processing /home/airflow/.local/lib/python3.12/site-packages/airflow/example_dags/example_branch_labels.py took 0.103 seconds
[2025-12-21T20:45:46.402+0000] {processor.py:186} INFO - Started process (PID=2595) to work on /home/airflow/.local/lib/python3.12/site-packages/airflow/example_dags/example_branch_labels.py
[2025-12-21T20:45:46.403+0000] {processor.py:914} INFO - Processing file /home/airflow/.local/lib/python3.12/site-packages/airflow/example_dags/example_branch_labels.py for tasks to queue
[2025-12-21T20:45:46.405+0000] {logging_mixin.py:190} INFO - [2025-12-21T20:45:46.404+0000] {dagbag.py:588} INFO - Filling up the DagBag from /home/airflow/.local/lib/python3.12/site-packages/airflow/example_dags/example_branch_labels.py
[2025-12-21T20:45:46.414+0000] {processor.py:925} INFO - DAG(s) 'example_branch_labels' retrieved from /home/airflow/.local/lib/python3.12/site-packages/airflow/example_dags/example_branch_labels.py
[2025-12-21T20:45:46.437+0000] {logging_mixin.py:190} INFO - [2025-12-21T20:45:46.437+0000] {dag.py:3239} INFO - Sync 1 DAGs
[2025-12-21T20:45:46.462+0000] {logging_mixin.py:190} INFO - [2025-12-21T20:45:46.461+0000] {dag.py:4180} INFO - Setting next_dagrun for example_branch_labels to 2025-12-20 00:00:00+00:00, run_after=2025-12-21 00:00:00+00:00
[2025-12-21T20:45:46.486+0000] {processor.py:208} INFO - Processing /home/airflow/.local/lib/python3.12/site-packages/airflow/example_dags/example_branch_labels.py took 0.088 seconds
[2025-12-21T20:46:16.567+0000] {processor.py:186} INFO - Started process (PID=2661) to work on /home/airflow/.local/lib/python3.12/site-packages/airflow/example_dags/example_branch_labels.py
[2025-12-21T20:46:16.567+0000] {processor.py:914} INFO - Processing file /home/airflow/.local/lib/python3.12/site-packages/airflow/example_dags/example_branch_labels.py for tasks to queue
[2025-12-21T20:46:16.569+0000] {logging_mixin.py:190} INFO - [2025-12-21T20:46:16.569+0000] {dagbag.py:588} INFO - Filling up the DagBag from /home/airflow/.local/lib/python3.12/site-packages/airflow/example_dags/example_branch_labels.py
[2025-12-21T20:46:16.578+0000] {processor.py:925} INFO - DAG(s) 'example_branch_labels' retrieved from /home/airflow/.local/lib/python3.12/site-packages/airflow/example_dags/example_branch_labels.py
[2025-12-21T20:46:16.598+0000] {logging_mixin.py:190} INFO - [2025-12-21T20:46:16.597+0000] {dag.py:3239} INFO - Sync 1 DAGs
[2025-12-21T20:46:16.623+0000] {logging_mixin.py:190} INFO - [2025-12-21T20:46:16.622+0000] {dag.py:4180} INFO - Setting next_dagrun for example_branch_labels to 2025-12-20 00:00:00+00:00, run_after=2025-12-21 00:00:00+00:00
[2025-12-21T20:46:16.648+0000] {processor.py:208} INFO - Processing /home/airflow/.local/lib/python3.12/site-packages/airflow/example_dags/example_branch_labels.py took 0.086 seconds
[2025-12-21T20:46:46.965+0000] {processor.py:186} INFO - Started process (PID=2727) to work on /home/airflow/.local/lib/python3.12/site-packages/airflow/example_dags/example_branch_labels.py
[2025-12-21T20:46:46.966+0000] {processor.py:914} INFO - Processing file /home/airflow/.local/lib/python3.12/site-packages/airflow/example_dags/example_branch_labels.py for tasks to queue
[2025-12-21T20:46:46.968+0000] {logging_mixin.py:190} INFO - [2025-12-21T20:46:46.967+0000] {dagbag.py:588} INFO - Filling up the DagBag from /home/airflow/.local/lib/python3.12/site-packages/airflow/example_dags/example_branch_labels.py
[2025-12-21T20:46:46.978+0000] {processor.py:925} INFO - DAG(s) 'example_branch_labels' retrieved from /home/airflow/.local/lib/python3.12/site-packages/airflow/example_dags/example_branch_labels.py
[2025-12-21T20:46:47.004+0000] {logging_mixin.py:190} INFO - [2025-12-21T20:46:47.003+0000] {dag.py:3239} INFO - Sync 1 DAGs
[2025-12-21T20:46:47.027+0000] {logging_mixin.py:190} INFO - [2025-12-21T20:46:47.027+0000] {dag.py:4180} INFO - Setting next_dagrun for example_branch_labels to 2025-12-20 00:00:00+00:00, run_after=2025-12-21 00:00:00+00:00
[2025-12-21T20:46:47.059+0000] {processor.py:208} INFO - Processing /home/airflow/.local/lib/python3.12/site-packages/airflow/example_dags/example_branch_labels.py took 0.100 seconds
[2025-12-21T20:47:17.290+0000] {processor.py:186} INFO - Started process (PID=2793) to work on /home/airflow/.local/lib/python3.12/site-packages/airflow/example_dags/example_branch_labels.py
[2025-12-21T20:47:17.292+0000] {processor.py:914} INFO - Processing file /home/airflow/.local/lib/python3.12/site-packages/airflow/example_dags/example_branch_labels.py for tasks to queue
[2025-12-21T20:47:17.293+0000] {logging_mixin.py:190} INFO - [2025-12-21T20:47:17.293+0000] {dagbag.py:588} INFO - Filling up the DagBag from /home/airflow/.local/lib/python3.12/site-packages/airflow/example_dags/example_branch_labels.py
[2025-12-21T20:47:17.304+0000] {processor.py:925} INFO - DAG(s) 'example_branch_labels' retrieved from /home/airflow/.local/lib/python3.12/site-packages/airflow/example_dags/example_branch_labels.py
[2025-12-21T20:47:17.326+0000] {logging_mixin.py:190} INFO - [2025-12-21T20:47:17.326+0000] {dag.py:3239} INFO - Sync 1 DAGs
[2025-12-21T20:47:17.355+0000] {logging_mixin.py:190} INFO - [2025-12-21T20:47:17.354+0000] {dag.py:4180} INFO - Setting next_dagrun for example_branch_labels to 2025-12-20 00:00:00+00:00, run_after=2025-12-21 00:00:00+00:00
[2025-12-21T20:47:17.380+0000] {processor.py:208} INFO - Processing /home/airflow/.local/lib/python3.12/site-packages/airflow/example_dags/example_branch_labels.py took 0.095 seconds
[2025-12-21T20:47:47.601+0000] {processor.py:186} INFO - Started process (PID=2859) to work on /home/airflow/.local/lib/python3.12/site-packages/airflow/example_dags/example_branch_labels.py
[2025-12-21T20:47:47.602+0000] {processor.py:914} INFO - Processing file /home/airflow/.local/lib/python3.12/site-packages/airflow/example_dags/example_branch_labels.py for tasks to queue
[2025-12-21T20:47:47.605+0000] {logging_mixin.py:190} INFO - [2025-12-21T20:47:47.604+0000] {dagbag.py:588} INFO - Filling up the DagBag from /home/airflow/.local/lib/python3.12/site-packages/airflow/example_dags/example_branch_labels.py
[2025-12-21T20:47:47.614+0000] {processor.py:925} INFO - DAG(s) 'example_branch_labels' retrieved from /home/airflow/.local/lib/python3.12/site-packages/airflow/example_dags/example_branch_labels.py
[2025-12-21T20:47:47.640+0000] {logging_mixin.py:190} INFO - [2025-12-21T20:47:47.640+0000] {dag.py:3239} INFO - Sync 1 DAGs
[2025-12-21T20:47:47.667+0000] {logging_mixin.py:190} INFO - [2025-12-21T20:47:47.667+0000] {dag.py:4180} INFO - Setting next_dagrun for example_branch_labels to 2025-12-20 00:00:00+00:00, run_after=2025-12-21 00:00:00+00:00
[2025-12-21T20:47:47.690+0000] {processor.py:208} INFO - Processing /home/airflow/.local/lib/python3.12/site-packages/airflow/example_dags/example_branch_labels.py took 0.094 seconds
