[2025-12-21T20:23:41.218+0000] {processor.py:186} INFO - Started process (PID=116) to work on /home/airflow/.local/lib/python3.12/site-packages/airflow/example_dags/example_dynamic_task_mapping.py
[2025-12-21T20:23:41.220+0000] {processor.py:914} INFO - Processing file /home/airflow/.local/lib/python3.12/site-packages/airflow/example_dags/example_dynamic_task_mapping.py for tasks to queue
[2025-12-21T20:23:41.222+0000] {logging_mixin.py:190} INFO - [2025-12-21T20:23:41.222+0000] {dagbag.py:588} INFO - Filling up the DagBag from /home/airflow/.local/lib/python3.12/site-packages/airflow/example_dags/example_dynamic_task_mapping.py
[2025-12-21T20:23:41.232+0000] {processor.py:925} INFO - DAG(s) 'example_dynamic_task_mapping' retrieved from /home/airflow/.local/lib/python3.12/site-packages/airflow/example_dags/example_dynamic_task_mapping.py
[2025-12-21T20:23:41.377+0000] {logging_mixin.py:190} INFO - [2025-12-21T20:23:41.376+0000] {override.py:1912} INFO - Created Permission View: can delete on DAG:example_dynamic_task_mapping
[2025-12-21T20:23:41.395+0000] {logging_mixin.py:190} INFO - [2025-12-21T20:23:41.394+0000] {override.py:1912} INFO - Created Permission View: can edit on DAG:example_dynamic_task_mapping
[2025-12-21T20:23:41.410+0000] {logging_mixin.py:190} INFO - [2025-12-21T20:23:41.410+0000] {override.py:1912} INFO - Created Permission View: can read on DAG:example_dynamic_task_mapping
[2025-12-21T20:23:41.430+0000] {logging_mixin.py:190} INFO - [2025-12-21T20:23:41.430+0000] {override.py:1912} INFO - Created Permission View: can delete on DAG Run:example_dynamic_task_mapping
[2025-12-21T20:23:41.445+0000] {logging_mixin.py:190} INFO - [2025-12-21T20:23:41.445+0000] {override.py:1912} INFO - Created Permission View: can create on DAG Run:example_dynamic_task_mapping
[2025-12-21T20:23:41.459+0000] {logging_mixin.py:190} INFO - [2025-12-21T20:23:41.459+0000] {override.py:1912} INFO - Created Permission View: menu access on DAG Run:example_dynamic_task_mapping
[2025-12-21T20:23:41.474+0000] {logging_mixin.py:190} INFO - [2025-12-21T20:23:41.473+0000] {override.py:1912} INFO - Created Permission View: can read on DAG Run:example_dynamic_task_mapping
[2025-12-21T20:23:41.475+0000] {logging_mixin.py:190} INFO - [2025-12-21T20:23:41.475+0000] {dag.py:3239} INFO - Sync 1 DAGs
[2025-12-21T20:23:41.492+0000] {logging_mixin.py:190} INFO - [2025-12-21T20:23:41.491+0000] {dag.py:3262} INFO - Creating ORM DAG for example_dynamic_task_mapping
[2025-12-21T20:23:41.493+0000] {logging_mixin.py:190} INFO - [2025-12-21T20:23:41.493+0000] {dag.py:4180} INFO - Setting next_dagrun for example_dynamic_task_mapping to None, run_after=None
[2025-12-21T20:23:41.520+0000] {processor.py:208} INFO - Processing /home/airflow/.local/lib/python3.12/site-packages/airflow/example_dags/example_dynamic_task_mapping.py took 0.307 seconds
[2025-12-21T20:24:11.977+0000] {processor.py:186} INFO - Started process (PID=182) to work on /home/airflow/.local/lib/python3.12/site-packages/airflow/example_dags/example_dynamic_task_mapping.py
[2025-12-21T20:24:11.978+0000] {processor.py:914} INFO - Processing file /home/airflow/.local/lib/python3.12/site-packages/airflow/example_dags/example_dynamic_task_mapping.py for tasks to queue
[2025-12-21T20:24:11.981+0000] {logging_mixin.py:190} INFO - [2025-12-21T20:24:11.981+0000] {dagbag.py:588} INFO - Filling up the DagBag from /home/airflow/.local/lib/python3.12/site-packages/airflow/example_dags/example_dynamic_task_mapping.py
[2025-12-21T20:24:11.989+0000] {processor.py:925} INFO - DAG(s) 'example_dynamic_task_mapping' retrieved from /home/airflow/.local/lib/python3.12/site-packages/airflow/example_dags/example_dynamic_task_mapping.py
[2025-12-21T20:24:12.012+0000] {logging_mixin.py:190} INFO - [2025-12-21T20:24:12.011+0000] {dag.py:3239} INFO - Sync 1 DAGs
[2025-12-21T20:24:12.028+0000] {logging_mixin.py:190} INFO - [2025-12-21T20:24:12.028+0000] {dag.py:4180} INFO - Setting next_dagrun for example_dynamic_task_mapping to None, run_after=None
[2025-12-21T20:24:12.054+0000] {processor.py:208} INFO - Processing /home/airflow/.local/lib/python3.12/site-packages/airflow/example_dags/example_dynamic_task_mapping.py took 0.082 seconds
[2025-12-21T20:24:43.769+0000] {processor.py:186} INFO - Started process (PID=248) to work on /home/airflow/.local/lib/python3.12/site-packages/airflow/example_dags/example_dynamic_task_mapping.py
[2025-12-21T20:24:43.770+0000] {processor.py:914} INFO - Processing file /home/airflow/.local/lib/python3.12/site-packages/airflow/example_dags/example_dynamic_task_mapping.py for tasks to queue
[2025-12-21T20:24:43.773+0000] {logging_mixin.py:190} INFO - [2025-12-21T20:24:43.773+0000] {dagbag.py:588} INFO - Filling up the DagBag from /home/airflow/.local/lib/python3.12/site-packages/airflow/example_dags/example_dynamic_task_mapping.py
[2025-12-21T20:24:43.788+0000] {processor.py:925} INFO - DAG(s) 'example_dynamic_task_mapping' retrieved from /home/airflow/.local/lib/python3.12/site-packages/airflow/example_dags/example_dynamic_task_mapping.py
[2025-12-21T20:24:43.819+0000] {logging_mixin.py:190} INFO - [2025-12-21T20:24:43.818+0000] {dag.py:3239} INFO - Sync 1 DAGs
[2025-12-21T20:24:43.837+0000] {logging_mixin.py:190} INFO - [2025-12-21T20:24:43.837+0000] {dag.py:4180} INFO - Setting next_dagrun for example_dynamic_task_mapping to None, run_after=None
[2025-12-21T20:24:43.869+0000] {processor.py:208} INFO - Processing /home/airflow/.local/lib/python3.12/site-packages/airflow/example_dags/example_dynamic_task_mapping.py took 0.107 seconds
[2025-12-21T20:25:15.202+0000] {processor.py:186} INFO - Started process (PID=314) to work on /home/airflow/.local/lib/python3.12/site-packages/airflow/example_dags/example_dynamic_task_mapping.py
[2025-12-21T20:25:15.203+0000] {processor.py:914} INFO - Processing file /home/airflow/.local/lib/python3.12/site-packages/airflow/example_dags/example_dynamic_task_mapping.py for tasks to queue
[2025-12-21T20:25:15.206+0000] {logging_mixin.py:190} INFO - [2025-12-21T20:25:15.206+0000] {dagbag.py:588} INFO - Filling up the DagBag from /home/airflow/.local/lib/python3.12/site-packages/airflow/example_dags/example_dynamic_task_mapping.py
[2025-12-21T20:25:15.214+0000] {processor.py:925} INFO - DAG(s) 'example_dynamic_task_mapping' retrieved from /home/airflow/.local/lib/python3.12/site-packages/airflow/example_dags/example_dynamic_task_mapping.py
[2025-12-21T20:25:15.235+0000] {logging_mixin.py:190} INFO - [2025-12-21T20:25:15.235+0000] {dag.py:3239} INFO - Sync 1 DAGs
[2025-12-21T20:25:15.249+0000] {logging_mixin.py:190} INFO - [2025-12-21T20:25:15.249+0000] {dag.py:4180} INFO - Setting next_dagrun for example_dynamic_task_mapping to None, run_after=None
[2025-12-21T20:25:15.273+0000] {processor.py:208} INFO - Processing /home/airflow/.local/lib/python3.12/site-packages/airflow/example_dags/example_dynamic_task_mapping.py took 0.083 seconds
[2025-12-21T20:25:46.696+0000] {processor.py:186} INFO - Started process (PID=380) to work on /home/airflow/.local/lib/python3.12/site-packages/airflow/example_dags/example_dynamic_task_mapping.py
[2025-12-21T20:25:46.698+0000] {processor.py:914} INFO - Processing file /home/airflow/.local/lib/python3.12/site-packages/airflow/example_dags/example_dynamic_task_mapping.py for tasks to queue
[2025-12-21T20:25:46.700+0000] {logging_mixin.py:190} INFO - [2025-12-21T20:25:46.700+0000] {dagbag.py:588} INFO - Filling up the DagBag from /home/airflow/.local/lib/python3.12/site-packages/airflow/example_dags/example_dynamic_task_mapping.py
[2025-12-21T20:25:46.709+0000] {processor.py:925} INFO - DAG(s) 'example_dynamic_task_mapping' retrieved from /home/airflow/.local/lib/python3.12/site-packages/airflow/example_dags/example_dynamic_task_mapping.py
[2025-12-21T20:25:46.729+0000] {logging_mixin.py:190} INFO - [2025-12-21T20:25:46.729+0000] {dag.py:3239} INFO - Sync 1 DAGs
[2025-12-21T20:25:46.744+0000] {logging_mixin.py:190} INFO - [2025-12-21T20:25:46.744+0000] {dag.py:4180} INFO - Setting next_dagrun for example_dynamic_task_mapping to None, run_after=None
[2025-12-21T20:25:46.777+0000] {processor.py:208} INFO - Processing /home/airflow/.local/lib/python3.12/site-packages/airflow/example_dags/example_dynamic_task_mapping.py took 0.085 seconds
[2025-12-21T20:26:17.601+0000] {processor.py:186} INFO - Started process (PID=446) to work on /home/airflow/.local/lib/python3.12/site-packages/airflow/example_dags/example_dynamic_task_mapping.py
[2025-12-21T20:26:17.602+0000] {processor.py:914} INFO - Processing file /home/airflow/.local/lib/python3.12/site-packages/airflow/example_dags/example_dynamic_task_mapping.py for tasks to queue
[2025-12-21T20:26:17.605+0000] {logging_mixin.py:190} INFO - [2025-12-21T20:26:17.604+0000] {dagbag.py:588} INFO - Filling up the DagBag from /home/airflow/.local/lib/python3.12/site-packages/airflow/example_dags/example_dynamic_task_mapping.py
[2025-12-21T20:26:17.614+0000] {processor.py:925} INFO - DAG(s) 'example_dynamic_task_mapping' retrieved from /home/airflow/.local/lib/python3.12/site-packages/airflow/example_dags/example_dynamic_task_mapping.py
[2025-12-21T20:26:17.635+0000] {logging_mixin.py:190} INFO - [2025-12-21T20:26:17.635+0000] {dag.py:3239} INFO - Sync 1 DAGs
[2025-12-21T20:26:17.649+0000] {logging_mixin.py:190} INFO - [2025-12-21T20:26:17.649+0000] {dag.py:4180} INFO - Setting next_dagrun for example_dynamic_task_mapping to None, run_after=None
[2025-12-21T20:26:17.676+0000] {processor.py:208} INFO - Processing /home/airflow/.local/lib/python3.12/site-packages/airflow/example_dags/example_dynamic_task_mapping.py took 0.080 seconds
[2025-12-21T20:26:48.614+0000] {processor.py:186} INFO - Started process (PID=512) to work on /home/airflow/.local/lib/python3.12/site-packages/airflow/example_dags/example_dynamic_task_mapping.py
[2025-12-21T20:26:48.616+0000] {processor.py:914} INFO - Processing file /home/airflow/.local/lib/python3.12/site-packages/airflow/example_dags/example_dynamic_task_mapping.py for tasks to queue
[2025-12-21T20:26:48.618+0000] {logging_mixin.py:190} INFO - [2025-12-21T20:26:48.618+0000] {dagbag.py:588} INFO - Filling up the DagBag from /home/airflow/.local/lib/python3.12/site-packages/airflow/example_dags/example_dynamic_task_mapping.py
[2025-12-21T20:26:48.626+0000] {processor.py:925} INFO - DAG(s) 'example_dynamic_task_mapping' retrieved from /home/airflow/.local/lib/python3.12/site-packages/airflow/example_dags/example_dynamic_task_mapping.py
[2025-12-21T20:26:48.649+0000] {logging_mixin.py:190} INFO - [2025-12-21T20:26:48.649+0000] {dag.py:3239} INFO - Sync 1 DAGs
[2025-12-21T20:26:48.664+0000] {logging_mixin.py:190} INFO - [2025-12-21T20:26:48.663+0000] {dag.py:4180} INFO - Setting next_dagrun for example_dynamic_task_mapping to None, run_after=None
[2025-12-21T20:26:48.685+0000] {processor.py:208} INFO - Processing /home/airflow/.local/lib/python3.12/site-packages/airflow/example_dags/example_dynamic_task_mapping.py took 0.075 seconds
[2025-12-21T20:27:19.676+0000] {processor.py:186} INFO - Started process (PID=578) to work on /home/airflow/.local/lib/python3.12/site-packages/airflow/example_dags/example_dynamic_task_mapping.py
[2025-12-21T20:27:19.678+0000] {processor.py:914} INFO - Processing file /home/airflow/.local/lib/python3.12/site-packages/airflow/example_dags/example_dynamic_task_mapping.py for tasks to queue
[2025-12-21T20:27:19.681+0000] {logging_mixin.py:190} INFO - [2025-12-21T20:27:19.681+0000] {dagbag.py:588} INFO - Filling up the DagBag from /home/airflow/.local/lib/python3.12/site-packages/airflow/example_dags/example_dynamic_task_mapping.py
[2025-12-21T20:27:19.690+0000] {processor.py:925} INFO - DAG(s) 'example_dynamic_task_mapping' retrieved from /home/airflow/.local/lib/python3.12/site-packages/airflow/example_dags/example_dynamic_task_mapping.py
[2025-12-21T20:27:19.711+0000] {logging_mixin.py:190} INFO - [2025-12-21T20:27:19.711+0000] {dag.py:3239} INFO - Sync 1 DAGs
[2025-12-21T20:27:19.725+0000] {logging_mixin.py:190} INFO - [2025-12-21T20:27:19.725+0000] {dag.py:4180} INFO - Setting next_dagrun for example_dynamic_task_mapping to None, run_after=None
[2025-12-21T20:27:19.777+0000] {processor.py:208} INFO - Processing /home/airflow/.local/lib/python3.12/site-packages/airflow/example_dags/example_dynamic_task_mapping.py took 0.112 seconds
[2025-12-21T20:27:50.825+0000] {processor.py:186} INFO - Started process (PID=644) to work on /home/airflow/.local/lib/python3.12/site-packages/airflow/example_dags/example_dynamic_task_mapping.py
[2025-12-21T20:27:50.827+0000] {processor.py:914} INFO - Processing file /home/airflow/.local/lib/python3.12/site-packages/airflow/example_dags/example_dynamic_task_mapping.py for tasks to queue
[2025-12-21T20:27:50.830+0000] {logging_mixin.py:190} INFO - [2025-12-21T20:27:50.829+0000] {dagbag.py:588} INFO - Filling up the DagBag from /home/airflow/.local/lib/python3.12/site-packages/airflow/example_dags/example_dynamic_task_mapping.py
[2025-12-21T20:27:50.839+0000] {processor.py:925} INFO - DAG(s) 'example_dynamic_task_mapping' retrieved from /home/airflow/.local/lib/python3.12/site-packages/airflow/example_dags/example_dynamic_task_mapping.py
[2025-12-21T20:27:50.863+0000] {logging_mixin.py:190} INFO - [2025-12-21T20:27:50.862+0000] {dag.py:3239} INFO - Sync 1 DAGs
[2025-12-21T20:27:50.881+0000] {logging_mixin.py:190} INFO - [2025-12-21T20:27:50.880+0000] {dag.py:4180} INFO - Setting next_dagrun for example_dynamic_task_mapping to None, run_after=None
[2025-12-21T20:27:50.904+0000] {processor.py:208} INFO - Processing /home/airflow/.local/lib/python3.12/site-packages/airflow/example_dags/example_dynamic_task_mapping.py took 0.086 seconds
[2025-12-21T20:28:21.851+0000] {processor.py:186} INFO - Started process (PID=710) to work on /home/airflow/.local/lib/python3.12/site-packages/airflow/example_dags/example_dynamic_task_mapping.py
[2025-12-21T20:28:21.852+0000] {processor.py:914} INFO - Processing file /home/airflow/.local/lib/python3.12/site-packages/airflow/example_dags/example_dynamic_task_mapping.py for tasks to queue
[2025-12-21T20:28:21.856+0000] {logging_mixin.py:190} INFO - [2025-12-21T20:28:21.856+0000] {dagbag.py:588} INFO - Filling up the DagBag from /home/airflow/.local/lib/python3.12/site-packages/airflow/example_dags/example_dynamic_task_mapping.py
[2025-12-21T20:28:21.871+0000] {processor.py:925} INFO - DAG(s) 'example_dynamic_task_mapping' retrieved from /home/airflow/.local/lib/python3.12/site-packages/airflow/example_dags/example_dynamic_task_mapping.py
[2025-12-21T20:28:21.892+0000] {logging_mixin.py:190} INFO - [2025-12-21T20:28:21.892+0000] {dag.py:3239} INFO - Sync 1 DAGs
[2025-12-21T20:28:21.909+0000] {logging_mixin.py:190} INFO - [2025-12-21T20:28:21.909+0000] {dag.py:4180} INFO - Setting next_dagrun for example_dynamic_task_mapping to None, run_after=None
[2025-12-21T20:28:21.936+0000] {processor.py:208} INFO - Processing /home/airflow/.local/lib/python3.12/site-packages/airflow/example_dags/example_dynamic_task_mapping.py took 0.094 seconds
[2025-12-21T20:28:52.603+0000] {processor.py:186} INFO - Started process (PID=776) to work on /home/airflow/.local/lib/python3.12/site-packages/airflow/example_dags/example_dynamic_task_mapping.py
[2025-12-21T20:28:52.605+0000] {processor.py:914} INFO - Processing file /home/airflow/.local/lib/python3.12/site-packages/airflow/example_dags/example_dynamic_task_mapping.py for tasks to queue
[2025-12-21T20:28:52.609+0000] {logging_mixin.py:190} INFO - [2025-12-21T20:28:52.609+0000] {dagbag.py:588} INFO - Filling up the DagBag from /home/airflow/.local/lib/python3.12/site-packages/airflow/example_dags/example_dynamic_task_mapping.py
[2025-12-21T20:28:52.618+0000] {processor.py:925} INFO - DAG(s) 'example_dynamic_task_mapping' retrieved from /home/airflow/.local/lib/python3.12/site-packages/airflow/example_dags/example_dynamic_task_mapping.py
[2025-12-21T20:28:52.640+0000] {logging_mixin.py:190} INFO - [2025-12-21T20:28:52.640+0000] {dag.py:3239} INFO - Sync 1 DAGs
[2025-12-21T20:28:52.658+0000] {logging_mixin.py:190} INFO - [2025-12-21T20:28:52.658+0000] {dag.py:4180} INFO - Setting next_dagrun for example_dynamic_task_mapping to None, run_after=None
[2025-12-21T20:28:52.697+0000] {processor.py:208} INFO - Processing /home/airflow/.local/lib/python3.12/site-packages/airflow/example_dags/example_dynamic_task_mapping.py took 0.104 seconds
[2025-12-21T20:29:23.579+0000] {processor.py:186} INFO - Started process (PID=842) to work on /home/airflow/.local/lib/python3.12/site-packages/airflow/example_dags/example_dynamic_task_mapping.py
[2025-12-21T20:29:23.581+0000] {processor.py:914} INFO - Processing file /home/airflow/.local/lib/python3.12/site-packages/airflow/example_dags/example_dynamic_task_mapping.py for tasks to queue
[2025-12-21T20:29:23.584+0000] {logging_mixin.py:190} INFO - [2025-12-21T20:29:23.583+0000] {dagbag.py:588} INFO - Filling up the DagBag from /home/airflow/.local/lib/python3.12/site-packages/airflow/example_dags/example_dynamic_task_mapping.py
[2025-12-21T20:29:23.596+0000] {processor.py:925} INFO - DAG(s) 'example_dynamic_task_mapping' retrieved from /home/airflow/.local/lib/python3.12/site-packages/airflow/example_dags/example_dynamic_task_mapping.py
[2025-12-21T20:29:23.622+0000] {logging_mixin.py:190} INFO - [2025-12-21T20:29:23.622+0000] {dag.py:3239} INFO - Sync 1 DAGs
[2025-12-21T20:29:23.641+0000] {logging_mixin.py:190} INFO - [2025-12-21T20:29:23.641+0000] {dag.py:4180} INFO - Setting next_dagrun for example_dynamic_task_mapping to None, run_after=None
[2025-12-21T20:29:23.676+0000] {processor.py:208} INFO - Processing /home/airflow/.local/lib/python3.12/site-packages/airflow/example_dags/example_dynamic_task_mapping.py took 0.102 seconds
[2025-12-21T20:29:54.433+0000] {processor.py:186} INFO - Started process (PID=908) to work on /home/airflow/.local/lib/python3.12/site-packages/airflow/example_dags/example_dynamic_task_mapping.py
[2025-12-21T20:29:54.435+0000] {processor.py:914} INFO - Processing file /home/airflow/.local/lib/python3.12/site-packages/airflow/example_dags/example_dynamic_task_mapping.py for tasks to queue
[2025-12-21T20:29:54.438+0000] {logging_mixin.py:190} INFO - [2025-12-21T20:29:54.438+0000] {dagbag.py:588} INFO - Filling up the DagBag from /home/airflow/.local/lib/python3.12/site-packages/airflow/example_dags/example_dynamic_task_mapping.py
[2025-12-21T20:29:54.448+0000] {processor.py:925} INFO - DAG(s) 'example_dynamic_task_mapping' retrieved from /home/airflow/.local/lib/python3.12/site-packages/airflow/example_dags/example_dynamic_task_mapping.py
[2025-12-21T20:29:54.482+0000] {logging_mixin.py:190} INFO - [2025-12-21T20:29:54.481+0000] {dag.py:3239} INFO - Sync 1 DAGs
[2025-12-21T20:29:54.497+0000] {logging_mixin.py:190} INFO - [2025-12-21T20:29:54.497+0000] {dag.py:4180} INFO - Setting next_dagrun for example_dynamic_task_mapping to None, run_after=None
[2025-12-21T20:29:54.523+0000] {processor.py:208} INFO - Processing /home/airflow/.local/lib/python3.12/site-packages/airflow/example_dags/example_dynamic_task_mapping.py took 0.101 seconds
[2025-12-21T20:30:25.252+0000] {processor.py:186} INFO - Started process (PID=974) to work on /home/airflow/.local/lib/python3.12/site-packages/airflow/example_dags/example_dynamic_task_mapping.py
[2025-12-21T20:30:25.253+0000] {processor.py:914} INFO - Processing file /home/airflow/.local/lib/python3.12/site-packages/airflow/example_dags/example_dynamic_task_mapping.py for tasks to queue
[2025-12-21T20:30:25.255+0000] {logging_mixin.py:190} INFO - [2025-12-21T20:30:25.255+0000] {dagbag.py:588} INFO - Filling up the DagBag from /home/airflow/.local/lib/python3.12/site-packages/airflow/example_dags/example_dynamic_task_mapping.py
[2025-12-21T20:30:25.263+0000] {processor.py:925} INFO - DAG(s) 'example_dynamic_task_mapping' retrieved from /home/airflow/.local/lib/python3.12/site-packages/airflow/example_dags/example_dynamic_task_mapping.py
[2025-12-21T20:30:25.291+0000] {logging_mixin.py:190} INFO - [2025-12-21T20:30:25.290+0000] {dag.py:3239} INFO - Sync 1 DAGs
[2025-12-21T20:30:25.322+0000] {logging_mixin.py:190} INFO - [2025-12-21T20:30:25.322+0000] {dag.py:4180} INFO - Setting next_dagrun for example_dynamic_task_mapping to None, run_after=None
[2025-12-21T20:30:25.355+0000] {processor.py:208} INFO - Processing /home/airflow/.local/lib/python3.12/site-packages/airflow/example_dags/example_dynamic_task_mapping.py took 0.108 seconds
[2025-12-21T20:30:56.107+0000] {processor.py:186} INFO - Started process (PID=1040) to work on /home/airflow/.local/lib/python3.12/site-packages/airflow/example_dags/example_dynamic_task_mapping.py
[2025-12-21T20:30:56.109+0000] {processor.py:914} INFO - Processing file /home/airflow/.local/lib/python3.12/site-packages/airflow/example_dags/example_dynamic_task_mapping.py for tasks to queue
[2025-12-21T20:30:56.114+0000] {logging_mixin.py:190} INFO - [2025-12-21T20:30:56.113+0000] {dagbag.py:588} INFO - Filling up the DagBag from /home/airflow/.local/lib/python3.12/site-packages/airflow/example_dags/example_dynamic_task_mapping.py
[2025-12-21T20:30:56.132+0000] {processor.py:925} INFO - DAG(s) 'example_dynamic_task_mapping' retrieved from /home/airflow/.local/lib/python3.12/site-packages/airflow/example_dags/example_dynamic_task_mapping.py
[2025-12-21T20:30:56.166+0000] {logging_mixin.py:190} INFO - [2025-12-21T20:30:56.166+0000] {dag.py:3239} INFO - Sync 1 DAGs
[2025-12-21T20:30:56.183+0000] {logging_mixin.py:190} INFO - [2025-12-21T20:30:56.183+0000] {dag.py:4180} INFO - Setting next_dagrun for example_dynamic_task_mapping to None, run_after=None
[2025-12-21T20:30:56.212+0000] {processor.py:208} INFO - Processing /home/airflow/.local/lib/python3.12/site-packages/airflow/example_dags/example_dynamic_task_mapping.py took 0.115 seconds
[2025-12-21T20:31:27.254+0000] {processor.py:186} INFO - Started process (PID=1106) to work on /home/airflow/.local/lib/python3.12/site-packages/airflow/example_dags/example_dynamic_task_mapping.py
[2025-12-21T20:31:27.256+0000] {processor.py:914} INFO - Processing file /home/airflow/.local/lib/python3.12/site-packages/airflow/example_dags/example_dynamic_task_mapping.py for tasks to queue
[2025-12-21T20:31:27.258+0000] {logging_mixin.py:190} INFO - [2025-12-21T20:31:27.258+0000] {dagbag.py:588} INFO - Filling up the DagBag from /home/airflow/.local/lib/python3.12/site-packages/airflow/example_dags/example_dynamic_task_mapping.py
[2025-12-21T20:31:27.266+0000] {processor.py:925} INFO - DAG(s) 'example_dynamic_task_mapping' retrieved from /home/airflow/.local/lib/python3.12/site-packages/airflow/example_dags/example_dynamic_task_mapping.py
[2025-12-21T20:31:27.291+0000] {logging_mixin.py:190} INFO - [2025-12-21T20:31:27.291+0000] {dag.py:3239} INFO - Sync 1 DAGs
[2025-12-21T20:31:27.308+0000] {logging_mixin.py:190} INFO - [2025-12-21T20:31:27.308+0000] {dag.py:4180} INFO - Setting next_dagrun for example_dynamic_task_mapping to None, run_after=None
[2025-12-21T20:31:27.338+0000] {processor.py:208} INFO - Processing /home/airflow/.local/lib/python3.12/site-packages/airflow/example_dags/example_dynamic_task_mapping.py took 0.098 seconds
[2025-12-21T20:31:58.221+0000] {processor.py:186} INFO - Started process (PID=1172) to work on /home/airflow/.local/lib/python3.12/site-packages/airflow/example_dags/example_dynamic_task_mapping.py
[2025-12-21T20:31:58.223+0000] {processor.py:914} INFO - Processing file /home/airflow/.local/lib/python3.12/site-packages/airflow/example_dags/example_dynamic_task_mapping.py for tasks to queue
[2025-12-21T20:31:58.226+0000] {logging_mixin.py:190} INFO - [2025-12-21T20:31:58.226+0000] {dagbag.py:588} INFO - Filling up the DagBag from /home/airflow/.local/lib/python3.12/site-packages/airflow/example_dags/example_dynamic_task_mapping.py
[2025-12-21T20:31:58.234+0000] {processor.py:925} INFO - DAG(s) 'example_dynamic_task_mapping' retrieved from /home/airflow/.local/lib/python3.12/site-packages/airflow/example_dags/example_dynamic_task_mapping.py
[2025-12-21T20:31:58.262+0000] {logging_mixin.py:190} INFO - [2025-12-21T20:31:58.262+0000] {dag.py:3239} INFO - Sync 1 DAGs
[2025-12-21T20:31:58.280+0000] {logging_mixin.py:190} INFO - [2025-12-21T20:31:58.280+0000] {dag.py:4180} INFO - Setting next_dagrun for example_dynamic_task_mapping to None, run_after=None
[2025-12-21T20:31:58.307+0000] {processor.py:208} INFO - Processing /home/airflow/.local/lib/python3.12/site-packages/airflow/example_dags/example_dynamic_task_mapping.py took 0.096 seconds
[2025-12-21T20:32:29.342+0000] {processor.py:186} INFO - Started process (PID=1238) to work on /home/airflow/.local/lib/python3.12/site-packages/airflow/example_dags/example_dynamic_task_mapping.py
[2025-12-21T20:32:29.344+0000] {processor.py:914} INFO - Processing file /home/airflow/.local/lib/python3.12/site-packages/airflow/example_dags/example_dynamic_task_mapping.py for tasks to queue
[2025-12-21T20:32:29.346+0000] {logging_mixin.py:190} INFO - [2025-12-21T20:32:29.346+0000] {dagbag.py:588} INFO - Filling up the DagBag from /home/airflow/.local/lib/python3.12/site-packages/airflow/example_dags/example_dynamic_task_mapping.py
[2025-12-21T20:32:29.355+0000] {processor.py:925} INFO - DAG(s) 'example_dynamic_task_mapping' retrieved from /home/airflow/.local/lib/python3.12/site-packages/airflow/example_dags/example_dynamic_task_mapping.py
[2025-12-21T20:32:29.384+0000] {logging_mixin.py:190} INFO - [2025-12-21T20:32:29.383+0000] {dag.py:3239} INFO - Sync 1 DAGs
[2025-12-21T20:32:29.411+0000] {logging_mixin.py:190} INFO - [2025-12-21T20:32:29.411+0000] {dag.py:4180} INFO - Setting next_dagrun for example_dynamic_task_mapping to None, run_after=None
[2025-12-21T20:32:29.441+0000] {processor.py:208} INFO - Processing /home/airflow/.local/lib/python3.12/site-packages/airflow/example_dags/example_dynamic_task_mapping.py took 0.108 seconds
[2025-12-21T20:33:00.108+0000] {processor.py:186} INFO - Started process (PID=1304) to work on /home/airflow/.local/lib/python3.12/site-packages/airflow/example_dags/example_dynamic_task_mapping.py
[2025-12-21T20:33:00.109+0000] {processor.py:914} INFO - Processing file /home/airflow/.local/lib/python3.12/site-packages/airflow/example_dags/example_dynamic_task_mapping.py for tasks to queue
[2025-12-21T20:33:00.112+0000] {logging_mixin.py:190} INFO - [2025-12-21T20:33:00.112+0000] {dagbag.py:588} INFO - Filling up the DagBag from /home/airflow/.local/lib/python3.12/site-packages/airflow/example_dags/example_dynamic_task_mapping.py
[2025-12-21T20:33:00.122+0000] {processor.py:925} INFO - DAG(s) 'example_dynamic_task_mapping' retrieved from /home/airflow/.local/lib/python3.12/site-packages/airflow/example_dags/example_dynamic_task_mapping.py
[2025-12-21T20:33:00.143+0000] {logging_mixin.py:190} INFO - [2025-12-21T20:33:00.143+0000] {dag.py:3239} INFO - Sync 1 DAGs
[2025-12-21T20:33:00.158+0000] {logging_mixin.py:190} INFO - [2025-12-21T20:33:00.158+0000] {dag.py:4180} INFO - Setting next_dagrun for example_dynamic_task_mapping to None, run_after=None
[2025-12-21T20:33:00.183+0000] {processor.py:208} INFO - Processing /home/airflow/.local/lib/python3.12/site-packages/airflow/example_dags/example_dynamic_task_mapping.py took 0.079 seconds
[2025-12-21T20:33:30.357+0000] {processor.py:186} INFO - Started process (PID=1369) to work on /home/airflow/.local/lib/python3.12/site-packages/airflow/example_dags/example_dynamic_task_mapping.py
[2025-12-21T20:33:30.359+0000] {processor.py:914} INFO - Processing file /home/airflow/.local/lib/python3.12/site-packages/airflow/example_dags/example_dynamic_task_mapping.py for tasks to queue
[2025-12-21T20:33:30.363+0000] {logging_mixin.py:190} INFO - [2025-12-21T20:33:30.363+0000] {dagbag.py:588} INFO - Filling up the DagBag from /home/airflow/.local/lib/python3.12/site-packages/airflow/example_dags/example_dynamic_task_mapping.py
[2025-12-21T20:33:30.379+0000] {processor.py:925} INFO - DAG(s) 'example_dynamic_task_mapping' retrieved from /home/airflow/.local/lib/python3.12/site-packages/airflow/example_dags/example_dynamic_task_mapping.py
[2025-12-21T20:33:30.415+0000] {logging_mixin.py:190} INFO - [2025-12-21T20:33:30.415+0000] {dag.py:3239} INFO - Sync 1 DAGs
[2025-12-21T20:33:30.430+0000] {logging_mixin.py:190} INFO - [2025-12-21T20:33:30.429+0000] {dag.py:4180} INFO - Setting next_dagrun for example_dynamic_task_mapping to None, run_after=None
[2025-12-21T20:33:30.454+0000] {processor.py:208} INFO - Processing /home/airflow/.local/lib/python3.12/site-packages/airflow/example_dags/example_dynamic_task_mapping.py took 0.103 seconds
[2025-12-21T20:34:01.089+0000] {processor.py:186} INFO - Started process (PID=1434) to work on /home/airflow/.local/lib/python3.12/site-packages/airflow/example_dags/example_dynamic_task_mapping.py
[2025-12-21T20:34:01.092+0000] {processor.py:914} INFO - Processing file /home/airflow/.local/lib/python3.12/site-packages/airflow/example_dags/example_dynamic_task_mapping.py for tasks to queue
[2025-12-21T20:34:01.098+0000] {logging_mixin.py:190} INFO - [2025-12-21T20:34:01.096+0000] {dagbag.py:588} INFO - Filling up the DagBag from /home/airflow/.local/lib/python3.12/site-packages/airflow/example_dags/example_dynamic_task_mapping.py
[2025-12-21T20:34:01.116+0000] {processor.py:925} INFO - DAG(s) 'example_dynamic_task_mapping' retrieved from /home/airflow/.local/lib/python3.12/site-packages/airflow/example_dags/example_dynamic_task_mapping.py
[2025-12-21T20:34:01.159+0000] {logging_mixin.py:190} INFO - [2025-12-21T20:34:01.158+0000] {dag.py:3239} INFO - Sync 1 DAGs
[2025-12-21T20:34:01.178+0000] {logging_mixin.py:190} INFO - [2025-12-21T20:34:01.178+0000] {dag.py:4180} INFO - Setting next_dagrun for example_dynamic_task_mapping to None, run_after=None
[2025-12-21T20:34:01.206+0000] {processor.py:208} INFO - Processing /home/airflow/.local/lib/python3.12/site-packages/airflow/example_dags/example_dynamic_task_mapping.py took 0.128 seconds
[2025-12-21T20:34:31.273+0000] {processor.py:186} INFO - Started process (PID=1500) to work on /home/airflow/.local/lib/python3.12/site-packages/airflow/example_dags/example_dynamic_task_mapping.py
[2025-12-21T20:34:31.275+0000] {processor.py:914} INFO - Processing file /home/airflow/.local/lib/python3.12/site-packages/airflow/example_dags/example_dynamic_task_mapping.py for tasks to queue
[2025-12-21T20:34:31.280+0000] {logging_mixin.py:190} INFO - [2025-12-21T20:34:31.279+0000] {dagbag.py:588} INFO - Filling up the DagBag from /home/airflow/.local/lib/python3.12/site-packages/airflow/example_dags/example_dynamic_task_mapping.py
[2025-12-21T20:34:31.301+0000] {processor.py:925} INFO - DAG(s) 'example_dynamic_task_mapping' retrieved from /home/airflow/.local/lib/python3.12/site-packages/airflow/example_dags/example_dynamic_task_mapping.py
[2025-12-21T20:34:31.331+0000] {logging_mixin.py:190} INFO - [2025-12-21T20:34:31.330+0000] {dag.py:3239} INFO - Sync 1 DAGs
[2025-12-21T20:34:31.354+0000] {logging_mixin.py:190} INFO - [2025-12-21T20:34:31.354+0000] {dag.py:4180} INFO - Setting next_dagrun for example_dynamic_task_mapping to None, run_after=None
[2025-12-21T20:34:31.384+0000] {processor.py:208} INFO - Processing /home/airflow/.local/lib/python3.12/site-packages/airflow/example_dags/example_dynamic_task_mapping.py took 0.122 seconds
[2025-12-21T20:35:01.594+0000] {processor.py:186} INFO - Started process (PID=1566) to work on /home/airflow/.local/lib/python3.12/site-packages/airflow/example_dags/example_dynamic_task_mapping.py
[2025-12-21T20:35:01.596+0000] {processor.py:914} INFO - Processing file /home/airflow/.local/lib/python3.12/site-packages/airflow/example_dags/example_dynamic_task_mapping.py for tasks to queue
[2025-12-21T20:35:01.601+0000] {logging_mixin.py:190} INFO - [2025-12-21T20:35:01.600+0000] {dagbag.py:588} INFO - Filling up the DagBag from /home/airflow/.local/lib/python3.12/site-packages/airflow/example_dags/example_dynamic_task_mapping.py
[2025-12-21T20:35:01.617+0000] {processor.py:925} INFO - DAG(s) 'example_dynamic_task_mapping' retrieved from /home/airflow/.local/lib/python3.12/site-packages/airflow/example_dags/example_dynamic_task_mapping.py
[2025-12-21T20:35:01.652+0000] {logging_mixin.py:190} INFO - [2025-12-21T20:35:01.651+0000] {dag.py:3239} INFO - Sync 1 DAGs
[2025-12-21T20:35:01.668+0000] {logging_mixin.py:190} INFO - [2025-12-21T20:35:01.667+0000] {dag.py:4180} INFO - Setting next_dagrun for example_dynamic_task_mapping to None, run_after=None
[2025-12-21T20:35:01.693+0000] {processor.py:208} INFO - Processing /home/airflow/.local/lib/python3.12/site-packages/airflow/example_dags/example_dynamic_task_mapping.py took 0.111 seconds
[2025-12-21T20:35:31.811+0000] {processor.py:186} INFO - Started process (PID=1632) to work on /home/airflow/.local/lib/python3.12/site-packages/airflow/example_dags/example_dynamic_task_mapping.py
[2025-12-21T20:35:31.813+0000] {processor.py:914} INFO - Processing file /home/airflow/.local/lib/python3.12/site-packages/airflow/example_dags/example_dynamic_task_mapping.py for tasks to queue
[2025-12-21T20:35:31.818+0000] {logging_mixin.py:190} INFO - [2025-12-21T20:35:31.817+0000] {dagbag.py:588} INFO - Filling up the DagBag from /home/airflow/.local/lib/python3.12/site-packages/airflow/example_dags/example_dynamic_task_mapping.py
[2025-12-21T20:35:31.831+0000] {processor.py:925} INFO - DAG(s) 'example_dynamic_task_mapping' retrieved from /home/airflow/.local/lib/python3.12/site-packages/airflow/example_dags/example_dynamic_task_mapping.py
[2025-12-21T20:35:31.864+0000] {logging_mixin.py:190} INFO - [2025-12-21T20:35:31.864+0000] {dag.py:3239} INFO - Sync 1 DAGs
[2025-12-21T20:35:31.880+0000] {logging_mixin.py:190} INFO - [2025-12-21T20:35:31.880+0000] {dag.py:4180} INFO - Setting next_dagrun for example_dynamic_task_mapping to None, run_after=None
[2025-12-21T20:35:31.903+0000] {processor.py:208} INFO - Processing /home/airflow/.local/lib/python3.12/site-packages/airflow/example_dags/example_dynamic_task_mapping.py took 0.103 seconds
[2025-12-21T20:36:02.021+0000] {processor.py:186} INFO - Started process (PID=1696) to work on /home/airflow/.local/lib/python3.12/site-packages/airflow/example_dags/example_dynamic_task_mapping.py
[2025-12-21T20:36:02.022+0000] {processor.py:914} INFO - Processing file /home/airflow/.local/lib/python3.12/site-packages/airflow/example_dags/example_dynamic_task_mapping.py for tasks to queue
[2025-12-21T20:36:02.027+0000] {logging_mixin.py:190} INFO - [2025-12-21T20:36:02.026+0000] {dagbag.py:588} INFO - Filling up the DagBag from /home/airflow/.local/lib/python3.12/site-packages/airflow/example_dags/example_dynamic_task_mapping.py
[2025-12-21T20:36:02.037+0000] {processor.py:925} INFO - DAG(s) 'example_dynamic_task_mapping' retrieved from /home/airflow/.local/lib/python3.12/site-packages/airflow/example_dags/example_dynamic_task_mapping.py
[2025-12-21T20:36:02.056+0000] {logging_mixin.py:190} INFO - [2025-12-21T20:36:02.056+0000] {dag.py:3239} INFO - Sync 1 DAGs
[2025-12-21T20:36:02.070+0000] {logging_mixin.py:190} INFO - [2025-12-21T20:36:02.070+0000] {dag.py:4180} INFO - Setting next_dagrun for example_dynamic_task_mapping to None, run_after=None
[2025-12-21T20:36:02.091+0000] {processor.py:208} INFO - Processing /home/airflow/.local/lib/python3.12/site-packages/airflow/example_dags/example_dynamic_task_mapping.py took 0.081 seconds
[2025-12-21T20:36:32.347+0000] {processor.py:186} INFO - Started process (PID=1762) to work on /home/airflow/.local/lib/python3.12/site-packages/airflow/example_dags/example_dynamic_task_mapping.py
[2025-12-21T20:36:32.348+0000] {processor.py:914} INFO - Processing file /home/airflow/.local/lib/python3.12/site-packages/airflow/example_dags/example_dynamic_task_mapping.py for tasks to queue
[2025-12-21T20:36:32.352+0000] {logging_mixin.py:190} INFO - [2025-12-21T20:36:32.351+0000] {dagbag.py:588} INFO - Filling up the DagBag from /home/airflow/.local/lib/python3.12/site-packages/airflow/example_dags/example_dynamic_task_mapping.py
[2025-12-21T20:36:32.372+0000] {processor.py:925} INFO - DAG(s) 'example_dynamic_task_mapping' retrieved from /home/airflow/.local/lib/python3.12/site-packages/airflow/example_dags/example_dynamic_task_mapping.py
[2025-12-21T20:36:32.408+0000] {logging_mixin.py:190} INFO - [2025-12-21T20:36:32.408+0000] {dag.py:3239} INFO - Sync 1 DAGs
[2025-12-21T20:36:32.430+0000] {logging_mixin.py:190} INFO - [2025-12-21T20:36:32.429+0000] {dag.py:4180} INFO - Setting next_dagrun for example_dynamic_task_mapping to None, run_after=None
[2025-12-21T20:36:32.462+0000] {processor.py:208} INFO - Processing /home/airflow/.local/lib/python3.12/site-packages/airflow/example_dags/example_dynamic_task_mapping.py took 0.126 seconds
[2025-12-21T20:37:03.009+0000] {processor.py:186} INFO - Started process (PID=1834) to work on /home/airflow/.local/lib/python3.12/site-packages/airflow/example_dags/example_dynamic_task_mapping.py
[2025-12-21T20:37:03.012+0000] {processor.py:914} INFO - Processing file /home/airflow/.local/lib/python3.12/site-packages/airflow/example_dags/example_dynamic_task_mapping.py for tasks to queue
[2025-12-21T20:37:03.019+0000] {logging_mixin.py:190} INFO - [2025-12-21T20:37:03.018+0000] {dagbag.py:588} INFO - Filling up the DagBag from /home/airflow/.local/lib/python3.12/site-packages/airflow/example_dags/example_dynamic_task_mapping.py
[2025-12-21T20:37:03.041+0000] {processor.py:925} INFO - DAG(s) 'example_dynamic_task_mapping' retrieved from /home/airflow/.local/lib/python3.12/site-packages/airflow/example_dags/example_dynamic_task_mapping.py
[2025-12-21T20:37:03.062+0000] {logging_mixin.py:190} INFO - [2025-12-21T20:37:03.061+0000] {dag.py:3239} INFO - Sync 1 DAGs
[2025-12-21T20:37:03.084+0000] {logging_mixin.py:190} INFO - [2025-12-21T20:37:03.083+0000] {dag.py:4180} INFO - Setting next_dagrun for example_dynamic_task_mapping to None, run_after=None
[2025-12-21T20:37:03.114+0000] {processor.py:208} INFO - Processing /home/airflow/.local/lib/python3.12/site-packages/airflow/example_dags/example_dynamic_task_mapping.py took 0.115 seconds
[2025-12-21T20:37:33.612+0000] {processor.py:186} INFO - Started process (PID=1900) to work on /home/airflow/.local/lib/python3.12/site-packages/airflow/example_dags/example_dynamic_task_mapping.py
[2025-12-21T20:37:33.614+0000] {processor.py:914} INFO - Processing file /home/airflow/.local/lib/python3.12/site-packages/airflow/example_dags/example_dynamic_task_mapping.py for tasks to queue
[2025-12-21T20:37:33.621+0000] {logging_mixin.py:190} INFO - [2025-12-21T20:37:33.620+0000] {dagbag.py:588} INFO - Filling up the DagBag from /home/airflow/.local/lib/python3.12/site-packages/airflow/example_dags/example_dynamic_task_mapping.py
[2025-12-21T20:37:33.638+0000] {processor.py:925} INFO - DAG(s) 'example_dynamic_task_mapping' retrieved from /home/airflow/.local/lib/python3.12/site-packages/airflow/example_dags/example_dynamic_task_mapping.py
[2025-12-21T20:37:33.666+0000] {logging_mixin.py:190} INFO - [2025-12-21T20:37:33.666+0000] {dag.py:3239} INFO - Sync 1 DAGs
[2025-12-21T20:37:33.682+0000] {logging_mixin.py:190} INFO - [2025-12-21T20:37:33.682+0000] {dag.py:4180} INFO - Setting next_dagrun for example_dynamic_task_mapping to None, run_after=None
[2025-12-21T20:37:33.708+0000] {processor.py:208} INFO - Processing /home/airflow/.local/lib/python3.12/site-packages/airflow/example_dags/example_dynamic_task_mapping.py took 0.110 seconds
[2025-12-21T20:38:04.111+0000] {processor.py:186} INFO - Started process (PID=1966) to work on /home/airflow/.local/lib/python3.12/site-packages/airflow/example_dags/example_dynamic_task_mapping.py
[2025-12-21T20:38:04.113+0000] {processor.py:914} INFO - Processing file /home/airflow/.local/lib/python3.12/site-packages/airflow/example_dags/example_dynamic_task_mapping.py for tasks to queue
[2025-12-21T20:38:04.119+0000] {logging_mixin.py:190} INFO - [2025-12-21T20:38:04.118+0000] {dagbag.py:588} INFO - Filling up the DagBag from /home/airflow/.local/lib/python3.12/site-packages/airflow/example_dags/example_dynamic_task_mapping.py
[2025-12-21T20:38:04.140+0000] {processor.py:925} INFO - DAG(s) 'example_dynamic_task_mapping' retrieved from /home/airflow/.local/lib/python3.12/site-packages/airflow/example_dags/example_dynamic_task_mapping.py
[2025-12-21T20:38:04.168+0000] {logging_mixin.py:190} INFO - [2025-12-21T20:38:04.168+0000] {dag.py:3239} INFO - Sync 1 DAGs
[2025-12-21T20:38:04.183+0000] {logging_mixin.py:190} INFO - [2025-12-21T20:38:04.183+0000] {dag.py:4180} INFO - Setting next_dagrun for example_dynamic_task_mapping to None, run_after=None
[2025-12-21T20:38:04.215+0000] {processor.py:208} INFO - Processing /home/airflow/.local/lib/python3.12/site-packages/airflow/example_dags/example_dynamic_task_mapping.py took 0.118 seconds
[2025-12-21T20:38:34.362+0000] {processor.py:186} INFO - Started process (PID=2032) to work on /home/airflow/.local/lib/python3.12/site-packages/airflow/example_dags/example_dynamic_task_mapping.py
[2025-12-21T20:38:34.364+0000] {processor.py:914} INFO - Processing file /home/airflow/.local/lib/python3.12/site-packages/airflow/example_dags/example_dynamic_task_mapping.py for tasks to queue
[2025-12-21T20:38:34.369+0000] {logging_mixin.py:190} INFO - [2025-12-21T20:38:34.368+0000] {dagbag.py:588} INFO - Filling up the DagBag from /home/airflow/.local/lib/python3.12/site-packages/airflow/example_dags/example_dynamic_task_mapping.py
[2025-12-21T20:38:34.389+0000] {processor.py:925} INFO - DAG(s) 'example_dynamic_task_mapping' retrieved from /home/airflow/.local/lib/python3.12/site-packages/airflow/example_dags/example_dynamic_task_mapping.py
[2025-12-21T20:38:34.427+0000] {logging_mixin.py:190} INFO - [2025-12-21T20:38:34.426+0000] {dag.py:3239} INFO - Sync 1 DAGs
[2025-12-21T20:38:34.452+0000] {logging_mixin.py:190} INFO - [2025-12-21T20:38:34.452+0000] {dag.py:4180} INFO - Setting next_dagrun for example_dynamic_task_mapping to None, run_after=None
[2025-12-21T20:38:34.480+0000] {processor.py:208} INFO - Processing /home/airflow/.local/lib/python3.12/site-packages/airflow/example_dags/example_dynamic_task_mapping.py took 0.130 seconds
[2025-12-21T20:39:04.891+0000] {processor.py:186} INFO - Started process (PID=2099) to work on /home/airflow/.local/lib/python3.12/site-packages/airflow/example_dags/example_dynamic_task_mapping.py
[2025-12-21T20:39:04.893+0000] {processor.py:914} INFO - Processing file /home/airflow/.local/lib/python3.12/site-packages/airflow/example_dags/example_dynamic_task_mapping.py for tasks to queue
[2025-12-21T20:39:04.897+0000] {logging_mixin.py:190} INFO - [2025-12-21T20:39:04.896+0000] {dagbag.py:588} INFO - Filling up the DagBag from /home/airflow/.local/lib/python3.12/site-packages/airflow/example_dags/example_dynamic_task_mapping.py
[2025-12-21T20:39:04.913+0000] {processor.py:925} INFO - DAG(s) 'example_dynamic_task_mapping' retrieved from /home/airflow/.local/lib/python3.12/site-packages/airflow/example_dags/example_dynamic_task_mapping.py
[2025-12-21T20:39:04.938+0000] {logging_mixin.py:190} INFO - [2025-12-21T20:39:04.938+0000] {dag.py:3239} INFO - Sync 1 DAGs
[2025-12-21T20:39:04.951+0000] {logging_mixin.py:190} INFO - [2025-12-21T20:39:04.951+0000] {dag.py:4180} INFO - Setting next_dagrun for example_dynamic_task_mapping to None, run_after=None
[2025-12-21T20:39:04.972+0000] {processor.py:208} INFO - Processing /home/airflow/.local/lib/python3.12/site-packages/airflow/example_dags/example_dynamic_task_mapping.py took 0.093 seconds
[2025-12-21T20:39:35.223+0000] {processor.py:186} INFO - Started process (PID=2165) to work on /home/airflow/.local/lib/python3.12/site-packages/airflow/example_dags/example_dynamic_task_mapping.py
[2025-12-21T20:39:35.226+0000] {processor.py:914} INFO - Processing file /home/airflow/.local/lib/python3.12/site-packages/airflow/example_dags/example_dynamic_task_mapping.py for tasks to queue
[2025-12-21T20:39:35.231+0000] {logging_mixin.py:190} INFO - [2025-12-21T20:39:35.230+0000] {dagbag.py:588} INFO - Filling up the DagBag from /home/airflow/.local/lib/python3.12/site-packages/airflow/example_dags/example_dynamic_task_mapping.py
[2025-12-21T20:39:35.241+0000] {processor.py:925} INFO - DAG(s) 'example_dynamic_task_mapping' retrieved from /home/airflow/.local/lib/python3.12/site-packages/airflow/example_dags/example_dynamic_task_mapping.py
[2025-12-21T20:39:35.267+0000] {logging_mixin.py:190} INFO - [2025-12-21T20:39:35.266+0000] {dag.py:3239} INFO - Sync 1 DAGs
[2025-12-21T20:39:35.281+0000] {logging_mixin.py:190} INFO - [2025-12-21T20:39:35.281+0000] {dag.py:4180} INFO - Setting next_dagrun for example_dynamic_task_mapping to None, run_after=None
[2025-12-21T20:39:35.306+0000] {processor.py:208} INFO - Processing /home/airflow/.local/lib/python3.12/site-packages/airflow/example_dags/example_dynamic_task_mapping.py took 0.092 seconds
[2025-12-21T20:43:19.037+0000] {processor.py:186} INFO - Started process (PID=2293) to work on /home/airflow/.local/lib/python3.12/site-packages/airflow/example_dags/example_dynamic_task_mapping.py
[2025-12-21T20:43:19.038+0000] {processor.py:914} INFO - Processing file /home/airflow/.local/lib/python3.12/site-packages/airflow/example_dags/example_dynamic_task_mapping.py for tasks to queue
[2025-12-21T20:43:19.040+0000] {logging_mixin.py:190} INFO - [2025-12-21T20:43:19.039+0000] {dagbag.py:588} INFO - Filling up the DagBag from /home/airflow/.local/lib/python3.12/site-packages/airflow/example_dags/example_dynamic_task_mapping.py
[2025-12-21T20:43:19.051+0000] {processor.py:925} INFO - DAG(s) 'example_dynamic_task_mapping' retrieved from /home/airflow/.local/lib/python3.12/site-packages/airflow/example_dags/example_dynamic_task_mapping.py
[2025-12-21T20:43:19.075+0000] {logging_mixin.py:190} INFO - [2025-12-21T20:43:19.074+0000] {dag.py:3239} INFO - Sync 1 DAGs
[2025-12-21T20:43:19.090+0000] {logging_mixin.py:190} INFO - [2025-12-21T20:43:19.090+0000] {dag.py:4180} INFO - Setting next_dagrun for example_dynamic_task_mapping to None, run_after=None
[2025-12-21T20:43:19.117+0000] {processor.py:208} INFO - Processing /home/airflow/.local/lib/python3.12/site-packages/airflow/example_dags/example_dynamic_task_mapping.py took 0.086 seconds
[2025-12-21T20:43:49.823+0000] {processor.py:186} INFO - Started process (PID=2359) to work on /home/airflow/.local/lib/python3.12/site-packages/airflow/example_dags/example_dynamic_task_mapping.py
[2025-12-21T20:43:49.824+0000] {processor.py:914} INFO - Processing file /home/airflow/.local/lib/python3.12/site-packages/airflow/example_dags/example_dynamic_task_mapping.py for tasks to queue
[2025-12-21T20:43:49.827+0000] {logging_mixin.py:190} INFO - [2025-12-21T20:43:49.827+0000] {dagbag.py:588} INFO - Filling up the DagBag from /home/airflow/.local/lib/python3.12/site-packages/airflow/example_dags/example_dynamic_task_mapping.py
[2025-12-21T20:43:49.839+0000] {processor.py:925} INFO - DAG(s) 'example_dynamic_task_mapping' retrieved from /home/airflow/.local/lib/python3.12/site-packages/airflow/example_dags/example_dynamic_task_mapping.py
[2025-12-21T20:43:49.864+0000] {logging_mixin.py:190} INFO - [2025-12-21T20:43:49.863+0000] {dag.py:3239} INFO - Sync 1 DAGs
[2025-12-21T20:43:49.881+0000] {logging_mixin.py:190} INFO - [2025-12-21T20:43:49.881+0000] {dag.py:4180} INFO - Setting next_dagrun for example_dynamic_task_mapping to None, run_after=None
[2025-12-21T20:43:49.908+0000] {processor.py:208} INFO - Processing /home/airflow/.local/lib/python3.12/site-packages/airflow/example_dags/example_dynamic_task_mapping.py took 0.090 seconds
[2025-12-21T20:44:20.008+0000] {processor.py:186} INFO - Started process (PID=2424) to work on /home/airflow/.local/lib/python3.12/site-packages/airflow/example_dags/example_dynamic_task_mapping.py
[2025-12-21T20:44:20.010+0000] {processor.py:914} INFO - Processing file /home/airflow/.local/lib/python3.12/site-packages/airflow/example_dags/example_dynamic_task_mapping.py for tasks to queue
[2025-12-21T20:44:20.013+0000] {logging_mixin.py:190} INFO - [2025-12-21T20:44:20.012+0000] {dagbag.py:588} INFO - Filling up the DagBag from /home/airflow/.local/lib/python3.12/site-packages/airflow/example_dags/example_dynamic_task_mapping.py
[2025-12-21T20:44:20.024+0000] {processor.py:925} INFO - DAG(s) 'example_dynamic_task_mapping' retrieved from /home/airflow/.local/lib/python3.12/site-packages/airflow/example_dags/example_dynamic_task_mapping.py
[2025-12-21T20:44:20.049+0000] {logging_mixin.py:190} INFO - [2025-12-21T20:44:20.049+0000] {dag.py:3239} INFO - Sync 1 DAGs
[2025-12-21T20:44:20.063+0000] {logging_mixin.py:190} INFO - [2025-12-21T20:44:20.063+0000] {dag.py:4180} INFO - Setting next_dagrun for example_dynamic_task_mapping to None, run_after=None
[2025-12-21T20:44:20.092+0000] {processor.py:208} INFO - Processing /home/airflow/.local/lib/python3.12/site-packages/airflow/example_dags/example_dynamic_task_mapping.py took 0.092 seconds
[2025-12-21T20:44:50.376+0000] {processor.py:186} INFO - Started process (PID=2489) to work on /home/airflow/.local/lib/python3.12/site-packages/airflow/example_dags/example_dynamic_task_mapping.py
[2025-12-21T20:44:50.377+0000] {processor.py:914} INFO - Processing file /home/airflow/.local/lib/python3.12/site-packages/airflow/example_dags/example_dynamic_task_mapping.py for tasks to queue
[2025-12-21T20:44:50.381+0000] {logging_mixin.py:190} INFO - [2025-12-21T20:44:50.380+0000] {dagbag.py:588} INFO - Filling up the DagBag from /home/airflow/.local/lib/python3.12/site-packages/airflow/example_dags/example_dynamic_task_mapping.py
[2025-12-21T20:44:50.396+0000] {processor.py:925} INFO - DAG(s) 'example_dynamic_task_mapping' retrieved from /home/airflow/.local/lib/python3.12/site-packages/airflow/example_dags/example_dynamic_task_mapping.py
[2025-12-21T20:44:50.434+0000] {logging_mixin.py:190} INFO - [2025-12-21T20:44:50.434+0000] {dag.py:3239} INFO - Sync 1 DAGs
[2025-12-21T20:44:50.454+0000] {logging_mixin.py:190} INFO - [2025-12-21T20:44:50.454+0000] {dag.py:4180} INFO - Setting next_dagrun for example_dynamic_task_mapping to None, run_after=None
[2025-12-21T20:44:50.484+0000] {processor.py:208} INFO - Processing /home/airflow/.local/lib/python3.12/site-packages/airflow/example_dags/example_dynamic_task_mapping.py took 0.122 seconds
[2025-12-21T20:45:20.624+0000] {processor.py:186} INFO - Started process (PID=2554) to work on /home/airflow/.local/lib/python3.12/site-packages/airflow/example_dags/example_dynamic_task_mapping.py
[2025-12-21T20:45:20.626+0000] {processor.py:914} INFO - Processing file /home/airflow/.local/lib/python3.12/site-packages/airflow/example_dags/example_dynamic_task_mapping.py for tasks to queue
[2025-12-21T20:45:20.629+0000] {logging_mixin.py:190} INFO - [2025-12-21T20:45:20.628+0000] {dagbag.py:588} INFO - Filling up the DagBag from /home/airflow/.local/lib/python3.12/site-packages/airflow/example_dags/example_dynamic_task_mapping.py
[2025-12-21T20:45:20.649+0000] {processor.py:925} INFO - DAG(s) 'example_dynamic_task_mapping' retrieved from /home/airflow/.local/lib/python3.12/site-packages/airflow/example_dags/example_dynamic_task_mapping.py
[2025-12-21T20:45:20.690+0000] {logging_mixin.py:190} INFO - [2025-12-21T20:45:20.690+0000] {dag.py:3239} INFO - Sync 1 DAGs
[2025-12-21T20:45:20.711+0000] {logging_mixin.py:190} INFO - [2025-12-21T20:45:20.711+0000] {dag.py:4180} INFO - Setting next_dagrun for example_dynamic_task_mapping to None, run_after=None
[2025-12-21T20:45:20.736+0000] {processor.py:208} INFO - Processing /home/airflow/.local/lib/python3.12/site-packages/airflow/example_dags/example_dynamic_task_mapping.py took 0.123 seconds
[2025-12-21T20:45:50.821+0000] {processor.py:186} INFO - Started process (PID=2620) to work on /home/airflow/.local/lib/python3.12/site-packages/airflow/example_dags/example_dynamic_task_mapping.py
[2025-12-21T20:45:50.823+0000] {processor.py:914} INFO - Processing file /home/airflow/.local/lib/python3.12/site-packages/airflow/example_dags/example_dynamic_task_mapping.py for tasks to queue
[2025-12-21T20:45:50.826+0000] {logging_mixin.py:190} INFO - [2025-12-21T20:45:50.825+0000] {dagbag.py:588} INFO - Filling up the DagBag from /home/airflow/.local/lib/python3.12/site-packages/airflow/example_dags/example_dynamic_task_mapping.py
[2025-12-21T20:45:50.847+0000] {processor.py:925} INFO - DAG(s) 'example_dynamic_task_mapping' retrieved from /home/airflow/.local/lib/python3.12/site-packages/airflow/example_dags/example_dynamic_task_mapping.py
[2025-12-21T20:45:50.883+0000] {logging_mixin.py:190} INFO - [2025-12-21T20:45:50.882+0000] {dag.py:3239} INFO - Sync 1 DAGs
[2025-12-21T20:45:50.904+0000] {logging_mixin.py:190} INFO - [2025-12-21T20:45:50.903+0000] {dag.py:4180} INFO - Setting next_dagrun for example_dynamic_task_mapping to None, run_after=None
[2025-12-21T20:45:50.935+0000] {processor.py:208} INFO - Processing /home/airflow/.local/lib/python3.12/site-packages/airflow/example_dags/example_dynamic_task_mapping.py took 0.125 seconds
[2025-12-21T20:46:21.632+0000] {processor.py:186} INFO - Started process (PID=2686) to work on /home/airflow/.local/lib/python3.12/site-packages/airflow/example_dags/example_dynamic_task_mapping.py
[2025-12-21T20:46:21.634+0000] {processor.py:914} INFO - Processing file /home/airflow/.local/lib/python3.12/site-packages/airflow/example_dags/example_dynamic_task_mapping.py for tasks to queue
[2025-12-21T20:46:21.637+0000] {logging_mixin.py:190} INFO - [2025-12-21T20:46:21.636+0000] {dagbag.py:588} INFO - Filling up the DagBag from /home/airflow/.local/lib/python3.12/site-packages/airflow/example_dags/example_dynamic_task_mapping.py
[2025-12-21T20:46:21.647+0000] {processor.py:925} INFO - DAG(s) 'example_dynamic_task_mapping' retrieved from /home/airflow/.local/lib/python3.12/site-packages/airflow/example_dags/example_dynamic_task_mapping.py
[2025-12-21T20:46:21.670+0000] {logging_mixin.py:190} INFO - [2025-12-21T20:46:21.669+0000] {dag.py:3239} INFO - Sync 1 DAGs
[2025-12-21T20:46:21.697+0000] {logging_mixin.py:190} INFO - [2025-12-21T20:46:21.696+0000] {dag.py:4180} INFO - Setting next_dagrun for example_dynamic_task_mapping to None, run_after=None
[2025-12-21T20:46:21.725+0000] {processor.py:208} INFO - Processing /home/airflow/.local/lib/python3.12/site-packages/airflow/example_dags/example_dynamic_task_mapping.py took 0.102 seconds
[2025-12-21T20:46:52.474+0000] {processor.py:186} INFO - Started process (PID=2752) to work on /home/airflow/.local/lib/python3.12/site-packages/airflow/example_dags/example_dynamic_task_mapping.py
[2025-12-21T20:46:52.476+0000] {processor.py:914} INFO - Processing file /home/airflow/.local/lib/python3.12/site-packages/airflow/example_dags/example_dynamic_task_mapping.py for tasks to queue
[2025-12-21T20:46:52.479+0000] {logging_mixin.py:190} INFO - [2025-12-21T20:46:52.479+0000] {dagbag.py:588} INFO - Filling up the DagBag from /home/airflow/.local/lib/python3.12/site-packages/airflow/example_dags/example_dynamic_task_mapping.py
[2025-12-21T20:46:52.494+0000] {processor.py:925} INFO - DAG(s) 'example_dynamic_task_mapping' retrieved from /home/airflow/.local/lib/python3.12/site-packages/airflow/example_dags/example_dynamic_task_mapping.py
[2025-12-21T20:46:52.523+0000] {logging_mixin.py:190} INFO - [2025-12-21T20:46:52.523+0000] {dag.py:3239} INFO - Sync 1 DAGs
[2025-12-21T20:46:52.538+0000] {logging_mixin.py:190} INFO - [2025-12-21T20:46:52.537+0000] {dag.py:4180} INFO - Setting next_dagrun for example_dynamic_task_mapping to None, run_after=None
[2025-12-21T20:46:52.561+0000] {processor.py:208} INFO - Processing /home/airflow/.local/lib/python3.12/site-packages/airflow/example_dags/example_dynamic_task_mapping.py took 0.099 seconds
[2025-12-21T20:47:23.264+0000] {processor.py:186} INFO - Started process (PID=2818) to work on /home/airflow/.local/lib/python3.12/site-packages/airflow/example_dags/example_dynamic_task_mapping.py
[2025-12-21T20:47:23.265+0000] {processor.py:914} INFO - Processing file /home/airflow/.local/lib/python3.12/site-packages/airflow/example_dags/example_dynamic_task_mapping.py for tasks to queue
[2025-12-21T20:47:23.267+0000] {logging_mixin.py:190} INFO - [2025-12-21T20:47:23.267+0000] {dagbag.py:588} INFO - Filling up the DagBag from /home/airflow/.local/lib/python3.12/site-packages/airflow/example_dags/example_dynamic_task_mapping.py
[2025-12-21T20:47:23.279+0000] {processor.py:925} INFO - DAG(s) 'example_dynamic_task_mapping' retrieved from /home/airflow/.local/lib/python3.12/site-packages/airflow/example_dags/example_dynamic_task_mapping.py
[2025-12-21T20:47:23.304+0000] {logging_mixin.py:190} INFO - [2025-12-21T20:47:23.304+0000] {dag.py:3239} INFO - Sync 1 DAGs
[2025-12-21T20:47:23.321+0000] {logging_mixin.py:190} INFO - [2025-12-21T20:47:23.320+0000] {dag.py:4180} INFO - Setting next_dagrun for example_dynamic_task_mapping to None, run_after=None
[2025-12-21T20:47:23.379+0000] {processor.py:208} INFO - Processing /home/airflow/.local/lib/python3.12/site-packages/airflow/example_dags/example_dynamic_task_mapping.py took 0.122 seconds
[2025-12-21T20:47:53.550+0000] {processor.py:186} INFO - Started process (PID=2884) to work on /home/airflow/.local/lib/python3.12/site-packages/airflow/example_dags/example_dynamic_task_mapping.py
[2025-12-21T20:47:53.553+0000] {processor.py:914} INFO - Processing file /home/airflow/.local/lib/python3.12/site-packages/airflow/example_dags/example_dynamic_task_mapping.py for tasks to queue
[2025-12-21T20:47:53.556+0000] {logging_mixin.py:190} INFO - [2025-12-21T20:47:53.555+0000] {dagbag.py:588} INFO - Filling up the DagBag from /home/airflow/.local/lib/python3.12/site-packages/airflow/example_dags/example_dynamic_task_mapping.py
[2025-12-21T20:47:53.577+0000] {processor.py:925} INFO - DAG(s) 'example_dynamic_task_mapping' retrieved from /home/airflow/.local/lib/python3.12/site-packages/airflow/example_dags/example_dynamic_task_mapping.py
[2025-12-21T20:47:53.611+0000] {logging_mixin.py:190} INFO - [2025-12-21T20:47:53.611+0000] {dag.py:3239} INFO - Sync 1 DAGs
[2025-12-21T20:47:53.629+0000] {logging_mixin.py:190} INFO - [2025-12-21T20:47:53.628+0000] {dag.py:4180} INFO - Setting next_dagrun for example_dynamic_task_mapping to None, run_after=None
[2025-12-21T20:47:53.658+0000] {processor.py:208} INFO - Processing /home/airflow/.local/lib/python3.12/site-packages/airflow/example_dags/example_dynamic_task_mapping.py took 0.122 seconds
