[2025-12-21T20:23:38.235+0000] {processor.py:186} INFO - Started process (PID=107) to work on /home/airflow/.local/lib/python3.12/site-packages/airflow/example_dags/example_display_name.py
[2025-12-21T20:23:38.237+0000] {processor.py:914} INFO - Processing file /home/airflow/.local/lib/python3.12/site-packages/airflow/example_dags/example_display_name.py for tasks to queue
[2025-12-21T20:23:38.239+0000] {logging_mixin.py:190} INFO - [2025-12-21T20:23:38.239+0000] {dagbag.py:588} INFO - Filling up the DagBag from /home/airflow/.local/lib/python3.12/site-packages/airflow/example_dags/example_display_name.py
[2025-12-21T20:23:38.250+0000] {processor.py:925} INFO - DAG(s) 'example_display_name' retrieved from /home/airflow/.local/lib/python3.12/site-packages/airflow/example_dags/example_display_name.py
[2025-12-21T20:23:38.389+0000] {logging_mixin.py:190} INFO - [2025-12-21T20:23:38.388+0000] {override.py:1912} INFO - Created Permission View: can delete on DAG:example_display_name
[2025-12-21T20:23:38.406+0000] {logging_mixin.py:190} INFO - [2025-12-21T20:23:38.405+0000] {override.py:1912} INFO - Created Permission View: can edit on DAG:example_display_name
[2025-12-21T20:23:38.430+0000] {logging_mixin.py:190} INFO - [2025-12-21T20:23:38.429+0000] {override.py:1912} INFO - Created Permission View: can read on DAG:example_display_name
[2025-12-21T20:23:38.451+0000] {logging_mixin.py:190} INFO - [2025-12-21T20:23:38.450+0000] {override.py:1912} INFO - Created Permission View: can delete on DAG Run:example_display_name
[2025-12-21T20:23:38.466+0000] {logging_mixin.py:190} INFO - [2025-12-21T20:23:38.466+0000] {override.py:1912} INFO - Created Permission View: can create on DAG Run:example_display_name
[2025-12-21T20:23:38.478+0000] {logging_mixin.py:190} INFO - [2025-12-21T20:23:38.477+0000] {override.py:1912} INFO - Created Permission View: menu access on DAG Run:example_display_name
[2025-12-21T20:23:38.490+0000] {logging_mixin.py:190} INFO - [2025-12-21T20:23:38.489+0000] {override.py:1912} INFO - Created Permission View: can read on DAG Run:example_display_name
[2025-12-21T20:23:38.490+0000] {logging_mixin.py:190} INFO - [2025-12-21T20:23:38.490+0000] {dag.py:3239} INFO - Sync 1 DAGs
[2025-12-21T20:23:38.502+0000] {logging_mixin.py:190} INFO - [2025-12-21T20:23:38.502+0000] {dag.py:3262} INFO - Creating ORM DAG for example_display_name
[2025-12-21T20:23:38.503+0000] {logging_mixin.py:190} INFO - [2025-12-21T20:23:38.503+0000] {dag.py:4180} INFO - Setting next_dagrun for example_display_name to None, run_after=None
[2025-12-21T20:23:38.523+0000] {processor.py:208} INFO - Processing /home/airflow/.local/lib/python3.12/site-packages/airflow/example_dags/example_display_name.py took 0.297 seconds
[2025-12-21T20:24:08.653+0000] {processor.py:186} INFO - Started process (PID=173) to work on /home/airflow/.local/lib/python3.12/site-packages/airflow/example_dags/example_display_name.py
[2025-12-21T20:24:08.660+0000] {processor.py:914} INFO - Processing file /home/airflow/.local/lib/python3.12/site-packages/airflow/example_dags/example_display_name.py for tasks to queue
[2025-12-21T20:24:08.665+0000] {logging_mixin.py:190} INFO - [2025-12-21T20:24:08.664+0000] {dagbag.py:588} INFO - Filling up the DagBag from /home/airflow/.local/lib/python3.12/site-packages/airflow/example_dags/example_display_name.py
[2025-12-21T20:24:08.681+0000] {processor.py:925} INFO - DAG(s) 'example_display_name' retrieved from /home/airflow/.local/lib/python3.12/site-packages/airflow/example_dags/example_display_name.py
[2025-12-21T20:24:08.710+0000] {logging_mixin.py:190} INFO - [2025-12-21T20:24:08.709+0000] {dag.py:3239} INFO - Sync 1 DAGs
[2025-12-21T20:24:08.731+0000] {logging_mixin.py:190} INFO - [2025-12-21T20:24:08.731+0000] {dag.py:4180} INFO - Setting next_dagrun for example_display_name to None, run_after=None
[2025-12-21T20:24:08.761+0000] {processor.py:208} INFO - Processing /home/airflow/.local/lib/python3.12/site-packages/airflow/example_dags/example_display_name.py took 0.115 seconds
[2025-12-21T20:24:39.281+0000] {processor.py:186} INFO - Started process (PID=239) to work on /home/airflow/.local/lib/python3.12/site-packages/airflow/example_dags/example_display_name.py
[2025-12-21T20:24:39.287+0000] {processor.py:914} INFO - Processing file /home/airflow/.local/lib/python3.12/site-packages/airflow/example_dags/example_display_name.py for tasks to queue
[2025-12-21T20:24:39.290+0000] {logging_mixin.py:190} INFO - [2025-12-21T20:24:39.289+0000] {dagbag.py:588} INFO - Filling up the DagBag from /home/airflow/.local/lib/python3.12/site-packages/airflow/example_dags/example_display_name.py
[2025-12-21T20:24:39.297+0000] {processor.py:925} INFO - DAG(s) 'example_display_name' retrieved from /home/airflow/.local/lib/python3.12/site-packages/airflow/example_dags/example_display_name.py
[2025-12-21T20:24:39.319+0000] {logging_mixin.py:190} INFO - [2025-12-21T20:24:39.319+0000] {dag.py:3239} INFO - Sync 1 DAGs
[2025-12-21T20:24:39.333+0000] {logging_mixin.py:190} INFO - [2025-12-21T20:24:39.333+0000] {dag.py:4180} INFO - Setting next_dagrun for example_display_name to None, run_after=None
[2025-12-21T20:24:39.355+0000] {processor.py:208} INFO - Processing /home/airflow/.local/lib/python3.12/site-packages/airflow/example_dags/example_display_name.py took 0.079 seconds
[2025-12-21T20:25:10.016+0000] {processor.py:186} INFO - Started process (PID=305) to work on /home/airflow/.local/lib/python3.12/site-packages/airflow/example_dags/example_display_name.py
[2025-12-21T20:25:10.019+0000] {processor.py:914} INFO - Processing file /home/airflow/.local/lib/python3.12/site-packages/airflow/example_dags/example_display_name.py for tasks to queue
[2025-12-21T20:25:10.021+0000] {logging_mixin.py:190} INFO - [2025-12-21T20:25:10.021+0000] {dagbag.py:588} INFO - Filling up the DagBag from /home/airflow/.local/lib/python3.12/site-packages/airflow/example_dags/example_display_name.py
[2025-12-21T20:25:10.029+0000] {processor.py:925} INFO - DAG(s) 'example_display_name' retrieved from /home/airflow/.local/lib/python3.12/site-packages/airflow/example_dags/example_display_name.py
[2025-12-21T20:25:10.053+0000] {logging_mixin.py:190} INFO - [2025-12-21T20:25:10.052+0000] {dag.py:3239} INFO - Sync 1 DAGs
[2025-12-21T20:25:10.081+0000] {logging_mixin.py:190} INFO - [2025-12-21T20:25:10.081+0000] {dag.py:4180} INFO - Setting next_dagrun for example_display_name to None, run_after=None
[2025-12-21T20:25:10.114+0000] {processor.py:208} INFO - Processing /home/airflow/.local/lib/python3.12/site-packages/airflow/example_dags/example_display_name.py took 0.108 seconds
[2025-12-21T20:25:40.226+0000] {processor.py:186} INFO - Started process (PID=371) to work on /home/airflow/.local/lib/python3.12/site-packages/airflow/example_dags/example_display_name.py
[2025-12-21T20:25:40.226+0000] {processor.py:914} INFO - Processing file /home/airflow/.local/lib/python3.12/site-packages/airflow/example_dags/example_display_name.py for tasks to queue
[2025-12-21T20:25:40.229+0000] {logging_mixin.py:190} INFO - [2025-12-21T20:25:40.228+0000] {dagbag.py:588} INFO - Filling up the DagBag from /home/airflow/.local/lib/python3.12/site-packages/airflow/example_dags/example_display_name.py
[2025-12-21T20:25:40.235+0000] {processor.py:925} INFO - DAG(s) 'example_display_name' retrieved from /home/airflow/.local/lib/python3.12/site-packages/airflow/example_dags/example_display_name.py
[2025-12-21T20:25:40.256+0000] {logging_mixin.py:190} INFO - [2025-12-21T20:25:40.255+0000] {dag.py:3239} INFO - Sync 1 DAGs
[2025-12-21T20:25:40.270+0000] {logging_mixin.py:190} INFO - [2025-12-21T20:25:40.270+0000] {dag.py:4180} INFO - Setting next_dagrun for example_display_name to None, run_after=None
[2025-12-21T20:25:40.312+0000] {processor.py:208} INFO - Processing /home/airflow/.local/lib/python3.12/site-packages/airflow/example_dags/example_display_name.py took 0.091 seconds
[2025-12-21T20:26:10.417+0000] {processor.py:186} INFO - Started process (PID=436) to work on /home/airflow/.local/lib/python3.12/site-packages/airflow/example_dags/example_display_name.py
[2025-12-21T20:26:10.419+0000] {processor.py:914} INFO - Processing file /home/airflow/.local/lib/python3.12/site-packages/airflow/example_dags/example_display_name.py for tasks to queue
[2025-12-21T20:26:10.423+0000] {logging_mixin.py:190} INFO - [2025-12-21T20:26:10.422+0000] {dagbag.py:588} INFO - Filling up the DagBag from /home/airflow/.local/lib/python3.12/site-packages/airflow/example_dags/example_display_name.py
[2025-12-21T20:26:10.438+0000] {processor.py:925} INFO - DAG(s) 'example_display_name' retrieved from /home/airflow/.local/lib/python3.12/site-packages/airflow/example_dags/example_display_name.py
[2025-12-21T20:26:10.459+0000] {logging_mixin.py:190} INFO - [2025-12-21T20:26:10.458+0000] {dag.py:3239} INFO - Sync 1 DAGs
[2025-12-21T20:26:10.477+0000] {logging_mixin.py:190} INFO - [2025-12-21T20:26:10.476+0000] {dag.py:4180} INFO - Setting next_dagrun for example_display_name to None, run_after=None
[2025-12-21T20:26:10.519+0000] {processor.py:208} INFO - Processing /home/airflow/.local/lib/python3.12/site-packages/airflow/example_dags/example_display_name.py took 0.113 seconds
[2025-12-21T20:26:40.818+0000] {processor.py:186} INFO - Started process (PID=501) to work on /home/airflow/.local/lib/python3.12/site-packages/airflow/example_dags/example_display_name.py
[2025-12-21T20:26:40.819+0000] {processor.py:914} INFO - Processing file /home/airflow/.local/lib/python3.12/site-packages/airflow/example_dags/example_display_name.py for tasks to queue
[2025-12-21T20:26:40.822+0000] {logging_mixin.py:190} INFO - [2025-12-21T20:26:40.822+0000] {dagbag.py:588} INFO - Filling up the DagBag from /home/airflow/.local/lib/python3.12/site-packages/airflow/example_dags/example_display_name.py
[2025-12-21T20:26:40.830+0000] {processor.py:925} INFO - DAG(s) 'example_display_name' retrieved from /home/airflow/.local/lib/python3.12/site-packages/airflow/example_dags/example_display_name.py
[2025-12-21T20:26:40.849+0000] {logging_mixin.py:190} INFO - [2025-12-21T20:26:40.849+0000] {dag.py:3239} INFO - Sync 1 DAGs
[2025-12-21T20:26:40.863+0000] {logging_mixin.py:190} INFO - [2025-12-21T20:26:40.863+0000] {dag.py:4180} INFO - Setting next_dagrun for example_display_name to None, run_after=None
[2025-12-21T20:26:40.892+0000] {processor.py:208} INFO - Processing /home/airflow/.local/lib/python3.12/site-packages/airflow/example_dags/example_display_name.py took 0.079 seconds
[2025-12-21T20:27:10.990+0000] {processor.py:186} INFO - Started process (PID=567) to work on /home/airflow/.local/lib/python3.12/site-packages/airflow/example_dags/example_display_name.py
[2025-12-21T20:27:10.991+0000] {processor.py:914} INFO - Processing file /home/airflow/.local/lib/python3.12/site-packages/airflow/example_dags/example_display_name.py for tasks to queue
[2025-12-21T20:27:10.994+0000] {logging_mixin.py:190} INFO - [2025-12-21T20:27:10.993+0000] {dagbag.py:588} INFO - Filling up the DagBag from /home/airflow/.local/lib/python3.12/site-packages/airflow/example_dags/example_display_name.py
[2025-12-21T20:27:11.001+0000] {processor.py:925} INFO - DAG(s) 'example_display_name' retrieved from /home/airflow/.local/lib/python3.12/site-packages/airflow/example_dags/example_display_name.py
[2025-12-21T20:27:11.021+0000] {logging_mixin.py:190} INFO - [2025-12-21T20:27:11.020+0000] {dag.py:3239} INFO - Sync 1 DAGs
[2025-12-21T20:27:11.035+0000] {logging_mixin.py:190} INFO - [2025-12-21T20:27:11.035+0000] {dag.py:4180} INFO - Setting next_dagrun for example_display_name to None, run_after=None
[2025-12-21T20:27:11.087+0000] {processor.py:208} INFO - Processing /home/airflow/.local/lib/python3.12/site-packages/airflow/example_dags/example_display_name.py took 0.102 seconds
[2025-12-21T20:27:41.146+0000] {processor.py:186} INFO - Started process (PID=633) to work on /home/airflow/.local/lib/python3.12/site-packages/airflow/example_dags/example_display_name.py
[2025-12-21T20:27:41.148+0000] {processor.py:914} INFO - Processing file /home/airflow/.local/lib/python3.12/site-packages/airflow/example_dags/example_display_name.py for tasks to queue
[2025-12-21T20:27:41.152+0000] {logging_mixin.py:190} INFO - [2025-12-21T20:27:41.152+0000] {dagbag.py:588} INFO - Filling up the DagBag from /home/airflow/.local/lib/python3.12/site-packages/airflow/example_dags/example_display_name.py
[2025-12-21T20:27:41.167+0000] {processor.py:925} INFO - DAG(s) 'example_display_name' retrieved from /home/airflow/.local/lib/python3.12/site-packages/airflow/example_dags/example_display_name.py
[2025-12-21T20:27:41.192+0000] {logging_mixin.py:190} INFO - [2025-12-21T20:27:41.192+0000] {dag.py:3239} INFO - Sync 1 DAGs
[2025-12-21T20:27:41.207+0000] {logging_mixin.py:190} INFO - [2025-12-21T20:27:41.207+0000] {dag.py:4180} INFO - Setting next_dagrun for example_display_name to None, run_after=None
[2025-12-21T20:27:41.232+0000] {processor.py:208} INFO - Processing /home/airflow/.local/lib/python3.12/site-packages/airflow/example_dags/example_display_name.py took 0.098 seconds
[2025-12-21T20:28:12.262+0000] {processor.py:186} INFO - Started process (PID=699) to work on /home/airflow/.local/lib/python3.12/site-packages/airflow/example_dags/example_display_name.py
[2025-12-21T20:28:12.264+0000] {processor.py:914} INFO - Processing file /home/airflow/.local/lib/python3.12/site-packages/airflow/example_dags/example_display_name.py for tasks to queue
[2025-12-21T20:28:12.266+0000] {logging_mixin.py:190} INFO - [2025-12-21T20:28:12.266+0000] {dagbag.py:588} INFO - Filling up the DagBag from /home/airflow/.local/lib/python3.12/site-packages/airflow/example_dags/example_display_name.py
[2025-12-21T20:28:12.274+0000] {processor.py:925} INFO - DAG(s) 'example_display_name' retrieved from /home/airflow/.local/lib/python3.12/site-packages/airflow/example_dags/example_display_name.py
[2025-12-21T20:28:12.307+0000] {logging_mixin.py:190} INFO - [2025-12-21T20:28:12.306+0000] {dag.py:3239} INFO - Sync 1 DAGs
[2025-12-21T20:28:12.327+0000] {logging_mixin.py:190} INFO - [2025-12-21T20:28:12.326+0000] {dag.py:4180} INFO - Setting next_dagrun for example_display_name to None, run_after=None
[2025-12-21T20:28:12.355+0000] {processor.py:208} INFO - Processing /home/airflow/.local/lib/python3.12/site-packages/airflow/example_dags/example_display_name.py took 0.103 seconds
[2025-12-21T20:28:43.210+0000] {processor.py:186} INFO - Started process (PID=766) to work on /home/airflow/.local/lib/python3.12/site-packages/airflow/example_dags/example_display_name.py
[2025-12-21T20:28:43.212+0000] {processor.py:914} INFO - Processing file /home/airflow/.local/lib/python3.12/site-packages/airflow/example_dags/example_display_name.py for tasks to queue
[2025-12-21T20:28:43.216+0000] {logging_mixin.py:190} INFO - [2025-12-21T20:28:43.215+0000] {dagbag.py:588} INFO - Filling up the DagBag from /home/airflow/.local/lib/python3.12/site-packages/airflow/example_dags/example_display_name.py
[2025-12-21T20:28:43.223+0000] {processor.py:925} INFO - DAG(s) 'example_display_name' retrieved from /home/airflow/.local/lib/python3.12/site-packages/airflow/example_dags/example_display_name.py
[2025-12-21T20:28:43.244+0000] {logging_mixin.py:190} INFO - [2025-12-21T20:28:43.244+0000] {dag.py:3239} INFO - Sync 1 DAGs
[2025-12-21T20:28:43.261+0000] {logging_mixin.py:190} INFO - [2025-12-21T20:28:43.261+0000] {dag.py:4180} INFO - Setting next_dagrun for example_display_name to None, run_after=None
[2025-12-21T20:28:43.305+0000] {processor.py:208} INFO - Processing /home/airflow/.local/lib/python3.12/site-packages/airflow/example_dags/example_display_name.py took 0.103 seconds
[2025-12-21T20:29:13.569+0000] {processor.py:186} INFO - Started process (PID=832) to work on /home/airflow/.local/lib/python3.12/site-packages/airflow/example_dags/example_display_name.py
[2025-12-21T20:29:13.571+0000] {processor.py:914} INFO - Processing file /home/airflow/.local/lib/python3.12/site-packages/airflow/example_dags/example_display_name.py for tasks to queue
[2025-12-21T20:29:13.573+0000] {logging_mixin.py:190} INFO - [2025-12-21T20:29:13.573+0000] {dagbag.py:588} INFO - Filling up the DagBag from /home/airflow/.local/lib/python3.12/site-packages/airflow/example_dags/example_display_name.py
[2025-12-21T20:29:13.586+0000] {processor.py:925} INFO - DAG(s) 'example_display_name' retrieved from /home/airflow/.local/lib/python3.12/site-packages/airflow/example_dags/example_display_name.py
[2025-12-21T20:29:13.608+0000] {logging_mixin.py:190} INFO - [2025-12-21T20:29:13.608+0000] {dag.py:3239} INFO - Sync 1 DAGs
[2025-12-21T20:29:13.629+0000] {logging_mixin.py:190} INFO - [2025-12-21T20:29:13.628+0000] {dag.py:4180} INFO - Setting next_dagrun for example_display_name to None, run_after=None
[2025-12-21T20:29:13.665+0000] {processor.py:208} INFO - Processing /home/airflow/.local/lib/python3.12/site-packages/airflow/example_dags/example_display_name.py took 0.105 seconds
[2025-12-21T20:29:43.972+0000] {processor.py:186} INFO - Started process (PID=898) to work on /home/airflow/.local/lib/python3.12/site-packages/airflow/example_dags/example_display_name.py
[2025-12-21T20:29:43.973+0000] {processor.py:914} INFO - Processing file /home/airflow/.local/lib/python3.12/site-packages/airflow/example_dags/example_display_name.py for tasks to queue
[2025-12-21T20:29:43.975+0000] {logging_mixin.py:190} INFO - [2025-12-21T20:29:43.975+0000] {dagbag.py:588} INFO - Filling up the DagBag from /home/airflow/.local/lib/python3.12/site-packages/airflow/example_dags/example_display_name.py
[2025-12-21T20:29:43.983+0000] {processor.py:925} INFO - DAG(s) 'example_display_name' retrieved from /home/airflow/.local/lib/python3.12/site-packages/airflow/example_dags/example_display_name.py
[2025-12-21T20:29:44.004+0000] {logging_mixin.py:190} INFO - [2025-12-21T20:29:44.004+0000] {dag.py:3239} INFO - Sync 1 DAGs
[2025-12-21T20:29:44.033+0000] {logging_mixin.py:190} INFO - [2025-12-21T20:29:44.033+0000] {dag.py:4180} INFO - Setting next_dagrun for example_display_name to None, run_after=None
[2025-12-21T20:29:44.061+0000] {processor.py:208} INFO - Processing /home/airflow/.local/lib/python3.12/site-packages/airflow/example_dags/example_display_name.py took 0.094 seconds
[2025-12-21T20:30:14.288+0000] {processor.py:186} INFO - Started process (PID=964) to work on /home/airflow/.local/lib/python3.12/site-packages/airflow/example_dags/example_display_name.py
[2025-12-21T20:30:14.289+0000] {processor.py:914} INFO - Processing file /home/airflow/.local/lib/python3.12/site-packages/airflow/example_dags/example_display_name.py for tasks to queue
[2025-12-21T20:30:14.292+0000] {logging_mixin.py:190} INFO - [2025-12-21T20:30:14.292+0000] {dagbag.py:588} INFO - Filling up the DagBag from /home/airflow/.local/lib/python3.12/site-packages/airflow/example_dags/example_display_name.py
[2025-12-21T20:30:14.300+0000] {processor.py:925} INFO - DAG(s) 'example_display_name' retrieved from /home/airflow/.local/lib/python3.12/site-packages/airflow/example_dags/example_display_name.py
[2025-12-21T20:30:14.320+0000] {logging_mixin.py:190} INFO - [2025-12-21T20:30:14.320+0000] {dag.py:3239} INFO - Sync 1 DAGs
[2025-12-21T20:30:14.334+0000] {logging_mixin.py:190} INFO - [2025-12-21T20:30:14.334+0000] {dag.py:4180} INFO - Setting next_dagrun for example_display_name to None, run_after=None
[2025-12-21T20:30:14.362+0000] {processor.py:208} INFO - Processing /home/airflow/.local/lib/python3.12/site-packages/airflow/example_dags/example_display_name.py took 0.078 seconds
[2025-12-21T20:30:44.595+0000] {processor.py:186} INFO - Started process (PID=1030) to work on /home/airflow/.local/lib/python3.12/site-packages/airflow/example_dags/example_display_name.py
[2025-12-21T20:30:44.597+0000] {processor.py:914} INFO - Processing file /home/airflow/.local/lib/python3.12/site-packages/airflow/example_dags/example_display_name.py for tasks to queue
[2025-12-21T20:30:44.602+0000] {logging_mixin.py:190} INFO - [2025-12-21T20:30:44.602+0000] {dagbag.py:588} INFO - Filling up the DagBag from /home/airflow/.local/lib/python3.12/site-packages/airflow/example_dags/example_display_name.py
[2025-12-21T20:30:44.609+0000] {processor.py:925} INFO - DAG(s) 'example_display_name' retrieved from /home/airflow/.local/lib/python3.12/site-packages/airflow/example_dags/example_display_name.py
[2025-12-21T20:30:44.629+0000] {logging_mixin.py:190} INFO - [2025-12-21T20:30:44.629+0000] {dag.py:3239} INFO - Sync 1 DAGs
[2025-12-21T20:30:44.644+0000] {logging_mixin.py:190} INFO - [2025-12-21T20:30:44.644+0000] {dag.py:4180} INFO - Setting next_dagrun for example_display_name to None, run_after=None
[2025-12-21T20:30:44.679+0000] {processor.py:208} INFO - Processing /home/airflow/.local/lib/python3.12/site-packages/airflow/example_dags/example_display_name.py took 0.096 seconds
[2025-12-21T20:31:14.905+0000] {processor.py:186} INFO - Started process (PID=1096) to work on /home/airflow/.local/lib/python3.12/site-packages/airflow/example_dags/example_display_name.py
[2025-12-21T20:31:14.907+0000] {processor.py:914} INFO - Processing file /home/airflow/.local/lib/python3.12/site-packages/airflow/example_dags/example_display_name.py for tasks to queue
[2025-12-21T20:31:14.911+0000] {logging_mixin.py:190} INFO - [2025-12-21T20:31:14.910+0000] {dagbag.py:588} INFO - Filling up the DagBag from /home/airflow/.local/lib/python3.12/site-packages/airflow/example_dags/example_display_name.py
[2025-12-21T20:31:14.919+0000] {processor.py:925} INFO - DAG(s) 'example_display_name' retrieved from /home/airflow/.local/lib/python3.12/site-packages/airflow/example_dags/example_display_name.py
[2025-12-21T20:31:14.938+0000] {logging_mixin.py:190} INFO - [2025-12-21T20:31:14.938+0000] {dag.py:3239} INFO - Sync 1 DAGs
[2025-12-21T20:31:14.969+0000] {logging_mixin.py:190} INFO - [2025-12-21T20:31:14.968+0000] {dag.py:4180} INFO - Setting next_dagrun for example_display_name to None, run_after=None
[2025-12-21T20:31:14.996+0000] {processor.py:208} INFO - Processing /home/airflow/.local/lib/python3.12/site-packages/airflow/example_dags/example_display_name.py took 0.102 seconds
[2025-12-21T20:31:45.217+0000] {processor.py:186} INFO - Started process (PID=1162) to work on /home/airflow/.local/lib/python3.12/site-packages/airflow/example_dags/example_display_name.py
[2025-12-21T20:31:45.218+0000] {processor.py:914} INFO - Processing file /home/airflow/.local/lib/python3.12/site-packages/airflow/example_dags/example_display_name.py for tasks to queue
[2025-12-21T20:31:45.221+0000] {logging_mixin.py:190} INFO - [2025-12-21T20:31:45.220+0000] {dagbag.py:588} INFO - Filling up the DagBag from /home/airflow/.local/lib/python3.12/site-packages/airflow/example_dags/example_display_name.py
[2025-12-21T20:31:45.228+0000] {processor.py:925} INFO - DAG(s) 'example_display_name' retrieved from /home/airflow/.local/lib/python3.12/site-packages/airflow/example_dags/example_display_name.py
[2025-12-21T20:31:45.246+0000] {logging_mixin.py:190} INFO - [2025-12-21T20:31:45.246+0000] {dag.py:3239} INFO - Sync 1 DAGs
[2025-12-21T20:31:45.282+0000] {logging_mixin.py:190} INFO - [2025-12-21T20:31:45.282+0000] {dag.py:4180} INFO - Setting next_dagrun for example_display_name to None, run_after=None
[2025-12-21T20:31:45.316+0000] {processor.py:208} INFO - Processing /home/airflow/.local/lib/python3.12/site-packages/airflow/example_dags/example_display_name.py took 0.110 seconds
[2025-12-21T20:32:16.309+0000] {processor.py:186} INFO - Started process (PID=1228) to work on /home/airflow/.local/lib/python3.12/site-packages/airflow/example_dags/example_display_name.py
[2025-12-21T20:32:16.311+0000] {processor.py:914} INFO - Processing file /home/airflow/.local/lib/python3.12/site-packages/airflow/example_dags/example_display_name.py for tasks to queue
[2025-12-21T20:32:16.315+0000] {logging_mixin.py:190} INFO - [2025-12-21T20:32:16.315+0000] {dagbag.py:588} INFO - Filling up the DagBag from /home/airflow/.local/lib/python3.12/site-packages/airflow/example_dags/example_display_name.py
[2025-12-21T20:32:16.323+0000] {processor.py:925} INFO - DAG(s) 'example_display_name' retrieved from /home/airflow/.local/lib/python3.12/site-packages/airflow/example_dags/example_display_name.py
[2025-12-21T20:32:16.347+0000] {logging_mixin.py:190} INFO - [2025-12-21T20:32:16.346+0000] {dag.py:3239} INFO - Sync 1 DAGs
[2025-12-21T20:32:16.364+0000] {logging_mixin.py:190} INFO - [2025-12-21T20:32:16.363+0000] {dag.py:4180} INFO - Setting next_dagrun for example_display_name to None, run_after=None
[2025-12-21T20:32:16.387+0000] {processor.py:208} INFO - Processing /home/airflow/.local/lib/python3.12/site-packages/airflow/example_dags/example_display_name.py took 0.091 seconds
[2025-12-21T20:32:46.858+0000] {processor.py:186} INFO - Started process (PID=1294) to work on /home/airflow/.local/lib/python3.12/site-packages/airflow/example_dags/example_display_name.py
[2025-12-21T20:32:46.859+0000] {processor.py:914} INFO - Processing file /home/airflow/.local/lib/python3.12/site-packages/airflow/example_dags/example_display_name.py for tasks to queue
[2025-12-21T20:32:46.862+0000] {logging_mixin.py:190} INFO - [2025-12-21T20:32:46.861+0000] {dagbag.py:588} INFO - Filling up the DagBag from /home/airflow/.local/lib/python3.12/site-packages/airflow/example_dags/example_display_name.py
[2025-12-21T20:32:46.869+0000] {processor.py:925} INFO - DAG(s) 'example_display_name' retrieved from /home/airflow/.local/lib/python3.12/site-packages/airflow/example_dags/example_display_name.py
[2025-12-21T20:32:46.894+0000] {logging_mixin.py:190} INFO - [2025-12-21T20:32:46.894+0000] {dag.py:3239} INFO - Sync 1 DAGs
[2025-12-21T20:32:46.912+0000] {logging_mixin.py:190} INFO - [2025-12-21T20:32:46.911+0000] {dag.py:4180} INFO - Setting next_dagrun for example_display_name to None, run_after=None
[2025-12-21T20:32:46.940+0000] {processor.py:208} INFO - Processing /home/airflow/.local/lib/python3.12/site-packages/airflow/example_dags/example_display_name.py took 0.087 seconds
[2025-12-21T20:33:17.078+0000] {processor.py:186} INFO - Started process (PID=1360) to work on /home/airflow/.local/lib/python3.12/site-packages/airflow/example_dags/example_display_name.py
[2025-12-21T20:33:17.080+0000] {processor.py:914} INFO - Processing file /home/airflow/.local/lib/python3.12/site-packages/airflow/example_dags/example_display_name.py for tasks to queue
[2025-12-21T20:33:17.084+0000] {logging_mixin.py:190} INFO - [2025-12-21T20:33:17.083+0000] {dagbag.py:588} INFO - Filling up the DagBag from /home/airflow/.local/lib/python3.12/site-packages/airflow/example_dags/example_display_name.py
[2025-12-21T20:33:17.091+0000] {processor.py:925} INFO - DAG(s) 'example_display_name' retrieved from /home/airflow/.local/lib/python3.12/site-packages/airflow/example_dags/example_display_name.py
[2025-12-21T20:33:17.127+0000] {logging_mixin.py:190} INFO - [2025-12-21T20:33:17.126+0000] {dag.py:3239} INFO - Sync 1 DAGs
[2025-12-21T20:33:17.145+0000] {logging_mixin.py:190} INFO - [2025-12-21T20:33:17.145+0000] {dag.py:4180} INFO - Setting next_dagrun for example_display_name to None, run_after=None
[2025-12-21T20:33:17.166+0000] {processor.py:208} INFO - Processing /home/airflow/.local/lib/python3.12/site-packages/airflow/example_dags/example_display_name.py took 0.095 seconds
[2025-12-21T20:33:47.585+0000] {processor.py:186} INFO - Started process (PID=1426) to work on /home/airflow/.local/lib/python3.12/site-packages/airflow/example_dags/example_display_name.py
[2025-12-21T20:33:47.587+0000] {processor.py:914} INFO - Processing file /home/airflow/.local/lib/python3.12/site-packages/airflow/example_dags/example_display_name.py for tasks to queue
[2025-12-21T20:33:47.591+0000] {logging_mixin.py:190} INFO - [2025-12-21T20:33:47.591+0000] {dagbag.py:588} INFO - Filling up the DagBag from /home/airflow/.local/lib/python3.12/site-packages/airflow/example_dags/example_display_name.py
[2025-12-21T20:33:47.599+0000] {processor.py:925} INFO - DAG(s) 'example_display_name' retrieved from /home/airflow/.local/lib/python3.12/site-packages/airflow/example_dags/example_display_name.py
[2025-12-21T20:33:47.619+0000] {logging_mixin.py:190} INFO - [2025-12-21T20:33:47.619+0000] {dag.py:3239} INFO - Sync 1 DAGs
[2025-12-21T20:33:47.632+0000] {logging_mixin.py:190} INFO - [2025-12-21T20:33:47.632+0000] {dag.py:4180} INFO - Setting next_dagrun for example_display_name to None, run_after=None
[2025-12-21T20:33:47.659+0000] {processor.py:208} INFO - Processing /home/airflow/.local/lib/python3.12/site-packages/airflow/example_dags/example_display_name.py took 0.088 seconds
[2025-12-21T20:34:17.922+0000] {processor.py:186} INFO - Started process (PID=1492) to work on /home/airflow/.local/lib/python3.12/site-packages/airflow/example_dags/example_display_name.py
[2025-12-21T20:34:17.923+0000] {processor.py:914} INFO - Processing file /home/airflow/.local/lib/python3.12/site-packages/airflow/example_dags/example_display_name.py for tasks to queue
[2025-12-21T20:34:17.926+0000] {logging_mixin.py:190} INFO - [2025-12-21T20:34:17.926+0000] {dagbag.py:588} INFO - Filling up the DagBag from /home/airflow/.local/lib/python3.12/site-packages/airflow/example_dags/example_display_name.py
[2025-12-21T20:34:17.933+0000] {processor.py:925} INFO - DAG(s) 'example_display_name' retrieved from /home/airflow/.local/lib/python3.12/site-packages/airflow/example_dags/example_display_name.py
[2025-12-21T20:34:17.956+0000] {logging_mixin.py:190} INFO - [2025-12-21T20:34:17.956+0000] {dag.py:3239} INFO - Sync 1 DAGs
[2025-12-21T20:34:17.971+0000] {logging_mixin.py:190} INFO - [2025-12-21T20:34:17.971+0000] {dag.py:4180} INFO - Setting next_dagrun for example_display_name to None, run_after=None
[2025-12-21T20:34:17.995+0000] {processor.py:208} INFO - Processing /home/airflow/.local/lib/python3.12/site-packages/airflow/example_dags/example_display_name.py took 0.082 seconds
[2025-12-21T20:34:48.348+0000] {processor.py:186} INFO - Started process (PID=1558) to work on /home/airflow/.local/lib/python3.12/site-packages/airflow/example_dags/example_display_name.py
[2025-12-21T20:34:48.349+0000] {processor.py:914} INFO - Processing file /home/airflow/.local/lib/python3.12/site-packages/airflow/example_dags/example_display_name.py for tasks to queue
[2025-12-21T20:34:48.352+0000] {logging_mixin.py:190} INFO - [2025-12-21T20:34:48.352+0000] {dagbag.py:588} INFO - Filling up the DagBag from /home/airflow/.local/lib/python3.12/site-packages/airflow/example_dags/example_display_name.py
[2025-12-21T20:34:48.360+0000] {processor.py:925} INFO - DAG(s) 'example_display_name' retrieved from /home/airflow/.local/lib/python3.12/site-packages/airflow/example_dags/example_display_name.py
[2025-12-21T20:34:48.382+0000] {logging_mixin.py:190} INFO - [2025-12-21T20:34:48.382+0000] {dag.py:3239} INFO - Sync 1 DAGs
[2025-12-21T20:34:48.409+0000] {logging_mixin.py:190} INFO - [2025-12-21T20:34:48.409+0000] {dag.py:4180} INFO - Setting next_dagrun for example_display_name to None, run_after=None
[2025-12-21T20:34:48.442+0000] {processor.py:208} INFO - Processing /home/airflow/.local/lib/python3.12/site-packages/airflow/example_dags/example_display_name.py took 0.099 seconds
[2025-12-21T20:35:18.927+0000] {processor.py:186} INFO - Started process (PID=1624) to work on /home/airflow/.local/lib/python3.12/site-packages/airflow/example_dags/example_display_name.py
[2025-12-21T20:35:18.928+0000] {processor.py:914} INFO - Processing file /home/airflow/.local/lib/python3.12/site-packages/airflow/example_dags/example_display_name.py for tasks to queue
[2025-12-21T20:35:18.931+0000] {logging_mixin.py:190} INFO - [2025-12-21T20:35:18.931+0000] {dagbag.py:588} INFO - Filling up the DagBag from /home/airflow/.local/lib/python3.12/site-packages/airflow/example_dags/example_display_name.py
[2025-12-21T20:35:18.939+0000] {processor.py:925} INFO - DAG(s) 'example_display_name' retrieved from /home/airflow/.local/lib/python3.12/site-packages/airflow/example_dags/example_display_name.py
[2025-12-21T20:35:18.972+0000] {logging_mixin.py:190} INFO - [2025-12-21T20:35:18.972+0000] {dag.py:3239} INFO - Sync 1 DAGs
[2025-12-21T20:35:18.988+0000] {logging_mixin.py:190} INFO - [2025-12-21T20:35:18.988+0000] {dag.py:4180} INFO - Setting next_dagrun for example_display_name to None, run_after=None
[2025-12-21T20:35:19.019+0000] {processor.py:208} INFO - Processing /home/airflow/.local/lib/python3.12/site-packages/airflow/example_dags/example_display_name.py took 0.096 seconds
[2025-12-21T20:35:49.219+0000] {processor.py:186} INFO - Started process (PID=1689) to work on /home/airflow/.local/lib/python3.12/site-packages/airflow/example_dags/example_display_name.py
[2025-12-21T20:35:49.220+0000] {processor.py:914} INFO - Processing file /home/airflow/.local/lib/python3.12/site-packages/airflow/example_dags/example_display_name.py for tasks to queue
[2025-12-21T20:35:49.222+0000] {logging_mixin.py:190} INFO - [2025-12-21T20:35:49.222+0000] {dagbag.py:588} INFO - Filling up the DagBag from /home/airflow/.local/lib/python3.12/site-packages/airflow/example_dags/example_display_name.py
[2025-12-21T20:35:49.232+0000] {processor.py:925} INFO - DAG(s) 'example_display_name' retrieved from /home/airflow/.local/lib/python3.12/site-packages/airflow/example_dags/example_display_name.py
[2025-12-21T20:35:49.267+0000] {logging_mixin.py:190} INFO - [2025-12-21T20:35:49.266+0000] {dag.py:3239} INFO - Sync 1 DAGs
[2025-12-21T20:35:49.292+0000] {logging_mixin.py:190} INFO - [2025-12-21T20:35:49.291+0000] {dag.py:4180} INFO - Setting next_dagrun for example_display_name to None, run_after=None
[2025-12-21T20:35:49.325+0000] {processor.py:208} INFO - Processing /home/airflow/.local/lib/python3.12/site-packages/airflow/example_dags/example_display_name.py took 0.112 seconds
[2025-12-21T20:36:19.793+0000] {processor.py:186} INFO - Started process (PID=1755) to work on /home/airflow/.local/lib/python3.12/site-packages/airflow/example_dags/example_display_name.py
[2025-12-21T20:36:19.795+0000] {processor.py:914} INFO - Processing file /home/airflow/.local/lib/python3.12/site-packages/airflow/example_dags/example_display_name.py for tasks to queue
[2025-12-21T20:36:19.801+0000] {logging_mixin.py:190} INFO - [2025-12-21T20:36:19.800+0000] {dagbag.py:588} INFO - Filling up the DagBag from /home/airflow/.local/lib/python3.12/site-packages/airflow/example_dags/example_display_name.py
[2025-12-21T20:36:19.817+0000] {processor.py:925} INFO - DAG(s) 'example_display_name' retrieved from /home/airflow/.local/lib/python3.12/site-packages/airflow/example_dags/example_display_name.py
[2025-12-21T20:36:19.846+0000] {logging_mixin.py:190} INFO - [2025-12-21T20:36:19.845+0000] {dag.py:3239} INFO - Sync 1 DAGs
[2025-12-21T20:36:19.860+0000] {logging_mixin.py:190} INFO - [2025-12-21T20:36:19.860+0000] {dag.py:4180} INFO - Setting next_dagrun for example_display_name to None, run_after=None
[2025-12-21T20:36:19.904+0000] {processor.py:208} INFO - Processing /home/airflow/.local/lib/python3.12/site-packages/airflow/example_dags/example_display_name.py took 0.122 seconds
[2025-12-21T20:36:50.468+0000] {processor.py:186} INFO - Started process (PID=1821) to work on /home/airflow/.local/lib/python3.12/site-packages/airflow/example_dags/example_display_name.py
[2025-12-21T20:36:50.469+0000] {processor.py:914} INFO - Processing file /home/airflow/.local/lib/python3.12/site-packages/airflow/example_dags/example_display_name.py for tasks to queue
[2025-12-21T20:36:50.473+0000] {logging_mixin.py:190} INFO - [2025-12-21T20:36:50.472+0000] {dagbag.py:588} INFO - Filling up the DagBag from /home/airflow/.local/lib/python3.12/site-packages/airflow/example_dags/example_display_name.py
[2025-12-21T20:36:50.481+0000] {processor.py:925} INFO - DAG(s) 'example_display_name' retrieved from /home/airflow/.local/lib/python3.12/site-packages/airflow/example_dags/example_display_name.py
[2025-12-21T20:36:50.503+0000] {logging_mixin.py:190} INFO - [2025-12-21T20:36:50.503+0000] {dag.py:3239} INFO - Sync 1 DAGs
[2025-12-21T20:36:50.521+0000] {logging_mixin.py:190} INFO - [2025-12-21T20:36:50.520+0000] {dag.py:4180} INFO - Setting next_dagrun for example_display_name to None, run_after=None
[2025-12-21T20:36:50.542+0000] {processor.py:208} INFO - Processing /home/airflow/.local/lib/python3.12/site-packages/airflow/example_dags/example_display_name.py took 0.079 seconds
[2025-12-21T20:37:21.044+0000] {processor.py:186} INFO - Started process (PID=1887) to work on /home/airflow/.local/lib/python3.12/site-packages/airflow/example_dags/example_display_name.py
[2025-12-21T20:37:21.045+0000] {processor.py:914} INFO - Processing file /home/airflow/.local/lib/python3.12/site-packages/airflow/example_dags/example_display_name.py for tasks to queue
[2025-12-21T20:37:21.049+0000] {logging_mixin.py:190} INFO - [2025-12-21T20:37:21.048+0000] {dagbag.py:588} INFO - Filling up the DagBag from /home/airflow/.local/lib/python3.12/site-packages/airflow/example_dags/example_display_name.py
[2025-12-21T20:37:21.058+0000] {processor.py:925} INFO - DAG(s) 'example_display_name' retrieved from /home/airflow/.local/lib/python3.12/site-packages/airflow/example_dags/example_display_name.py
[2025-12-21T20:37:21.090+0000] {logging_mixin.py:190} INFO - [2025-12-21T20:37:21.090+0000] {dag.py:3239} INFO - Sync 1 DAGs
[2025-12-21T20:37:21.108+0000] {logging_mixin.py:190} INFO - [2025-12-21T20:37:21.108+0000] {dag.py:4180} INFO - Setting next_dagrun for example_display_name to None, run_after=None
[2025-12-21T20:37:21.137+0000] {processor.py:208} INFO - Processing /home/airflow/.local/lib/python3.12/site-packages/airflow/example_dags/example_display_name.py took 0.103 seconds
[2025-12-21T20:37:51.485+0000] {processor.py:186} INFO - Started process (PID=1953) to work on /home/airflow/.local/lib/python3.12/site-packages/airflow/example_dags/example_display_name.py
[2025-12-21T20:37:51.487+0000] {processor.py:914} INFO - Processing file /home/airflow/.local/lib/python3.12/site-packages/airflow/example_dags/example_display_name.py for tasks to queue
[2025-12-21T20:37:51.490+0000] {logging_mixin.py:190} INFO - [2025-12-21T20:37:51.490+0000] {dagbag.py:588} INFO - Filling up the DagBag from /home/airflow/.local/lib/python3.12/site-packages/airflow/example_dags/example_display_name.py
[2025-12-21T20:37:51.499+0000] {processor.py:925} INFO - DAG(s) 'example_display_name' retrieved from /home/airflow/.local/lib/python3.12/site-packages/airflow/example_dags/example_display_name.py
[2025-12-21T20:37:51.516+0000] {logging_mixin.py:190} INFO - [2025-12-21T20:37:51.516+0000] {dag.py:3239} INFO - Sync 1 DAGs
[2025-12-21T20:37:51.534+0000] {logging_mixin.py:190} INFO - [2025-12-21T20:37:51.534+0000] {dag.py:4180} INFO - Setting next_dagrun for example_display_name to None, run_after=None
[2025-12-21T20:37:51.568+0000] {processor.py:208} INFO - Processing /home/airflow/.local/lib/python3.12/site-packages/airflow/example_dags/example_display_name.py took 0.096 seconds
[2025-12-21T20:38:21.605+0000] {processor.py:186} INFO - Started process (PID=2018) to work on /home/airflow/.local/lib/python3.12/site-packages/airflow/example_dags/example_display_name.py
[2025-12-21T20:38:21.606+0000] {processor.py:914} INFO - Processing file /home/airflow/.local/lib/python3.12/site-packages/airflow/example_dags/example_display_name.py for tasks to queue
[2025-12-21T20:38:21.609+0000] {logging_mixin.py:190} INFO - [2025-12-21T20:38:21.609+0000] {dagbag.py:588} INFO - Filling up the DagBag from /home/airflow/.local/lib/python3.12/site-packages/airflow/example_dags/example_display_name.py
[2025-12-21T20:38:21.617+0000] {processor.py:925} INFO - DAG(s) 'example_display_name' retrieved from /home/airflow/.local/lib/python3.12/site-packages/airflow/example_dags/example_display_name.py
[2025-12-21T20:38:21.639+0000] {logging_mixin.py:190} INFO - [2025-12-21T20:38:21.639+0000] {dag.py:3239} INFO - Sync 1 DAGs
[2025-12-21T20:38:21.654+0000] {logging_mixin.py:190} INFO - [2025-12-21T20:38:21.653+0000] {dag.py:4180} INFO - Setting next_dagrun for example_display_name to None, run_after=None
[2025-12-21T20:38:21.679+0000] {processor.py:208} INFO - Processing /home/airflow/.local/lib/python3.12/site-packages/airflow/example_dags/example_display_name.py took 0.078 seconds
[2025-12-21T20:38:52.000+0000] {processor.py:186} INFO - Started process (PID=2084) to work on /home/airflow/.local/lib/python3.12/site-packages/airflow/example_dags/example_display_name.py
[2025-12-21T20:38:52.001+0000] {processor.py:914} INFO - Processing file /home/airflow/.local/lib/python3.12/site-packages/airflow/example_dags/example_display_name.py for tasks to queue
[2025-12-21T20:38:52.005+0000] {logging_mixin.py:190} INFO - [2025-12-21T20:38:52.004+0000] {dagbag.py:588} INFO - Filling up the DagBag from /home/airflow/.local/lib/python3.12/site-packages/airflow/example_dags/example_display_name.py
[2025-12-21T20:38:52.014+0000] {processor.py:925} INFO - DAG(s) 'example_display_name' retrieved from /home/airflow/.local/lib/python3.12/site-packages/airflow/example_dags/example_display_name.py
[2025-12-21T20:38:52.043+0000] {logging_mixin.py:190} INFO - [2025-12-21T20:38:52.043+0000] {dag.py:3239} INFO - Sync 1 DAGs
[2025-12-21T20:38:52.060+0000] {logging_mixin.py:190} INFO - [2025-12-21T20:38:52.060+0000] {dag.py:4180} INFO - Setting next_dagrun for example_display_name to None, run_after=None
[2025-12-21T20:38:52.087+0000] {processor.py:208} INFO - Processing /home/airflow/.local/lib/python3.12/site-packages/airflow/example_dags/example_display_name.py took 0.099 seconds
[2025-12-21T20:39:22.414+0000] {processor.py:186} INFO - Started process (PID=2151) to work on /home/airflow/.local/lib/python3.12/site-packages/airflow/example_dags/example_display_name.py
[2025-12-21T20:39:22.415+0000] {processor.py:914} INFO - Processing file /home/airflow/.local/lib/python3.12/site-packages/airflow/example_dags/example_display_name.py for tasks to queue
[2025-12-21T20:39:22.421+0000] {logging_mixin.py:190} INFO - [2025-12-21T20:39:22.420+0000] {dagbag.py:588} INFO - Filling up the DagBag from /home/airflow/.local/lib/python3.12/site-packages/airflow/example_dags/example_display_name.py
[2025-12-21T20:39:22.429+0000] {processor.py:925} INFO - DAG(s) 'example_display_name' retrieved from /home/airflow/.local/lib/python3.12/site-packages/airflow/example_dags/example_display_name.py
[2025-12-21T20:39:22.447+0000] {logging_mixin.py:190} INFO - [2025-12-21T20:39:22.447+0000] {dag.py:3239} INFO - Sync 1 DAGs
[2025-12-21T20:39:22.467+0000] {logging_mixin.py:190} INFO - [2025-12-21T20:39:22.466+0000] {dag.py:4180} INFO - Setting next_dagrun for example_display_name to None, run_after=None
[2025-12-21T20:39:22.498+0000] {processor.py:208} INFO - Processing /home/airflow/.local/lib/python3.12/site-packages/airflow/example_dags/example_display_name.py took 0.094 seconds
[2025-12-21T20:39:52.677+0000] {processor.py:186} INFO - Started process (PID=2217) to work on /home/airflow/.local/lib/python3.12/site-packages/airflow/example_dags/example_display_name.py
[2025-12-21T20:39:52.679+0000] {processor.py:914} INFO - Processing file /home/airflow/.local/lib/python3.12/site-packages/airflow/example_dags/example_display_name.py for tasks to queue
[2025-12-21T20:39:52.681+0000] {logging_mixin.py:190} INFO - [2025-12-21T20:39:52.681+0000] {dagbag.py:588} INFO - Filling up the DagBag from /home/airflow/.local/lib/python3.12/site-packages/airflow/example_dags/example_display_name.py
[2025-12-21T20:39:52.689+0000] {processor.py:925} INFO - DAG(s) 'example_display_name' retrieved from /home/airflow/.local/lib/python3.12/site-packages/airflow/example_dags/example_display_name.py
[2025-12-21T20:39:52.718+0000] {logging_mixin.py:190} INFO - [2025-12-21T20:39:52.718+0000] {dag.py:3239} INFO - Sync 1 DAGs
[2025-12-21T20:39:52.734+0000] {logging_mixin.py:190} INFO - [2025-12-21T20:39:52.733+0000] {dag.py:4180} INFO - Setting next_dagrun for example_display_name to None, run_after=None
[2025-12-21T20:39:52.766+0000] {processor.py:208} INFO - Processing /home/airflow/.local/lib/python3.12/site-packages/airflow/example_dags/example_display_name.py took 0.102 seconds
[2025-12-21T20:43:17.353+0000] {processor.py:186} INFO - Started process (PID=2287) to work on /home/airflow/.local/lib/python3.12/site-packages/airflow/example_dags/example_display_name.py
[2025-12-21T20:43:17.354+0000] {processor.py:914} INFO - Processing file /home/airflow/.local/lib/python3.12/site-packages/airflow/example_dags/example_display_name.py for tasks to queue
[2025-12-21T20:43:17.357+0000] {logging_mixin.py:190} INFO - [2025-12-21T20:43:17.357+0000] {dagbag.py:588} INFO - Filling up the DagBag from /home/airflow/.local/lib/python3.12/site-packages/airflow/example_dags/example_display_name.py
[2025-12-21T20:43:17.372+0000] {processor.py:925} INFO - DAG(s) 'example_display_name' retrieved from /home/airflow/.local/lib/python3.12/site-packages/airflow/example_dags/example_display_name.py
[2025-12-21T20:43:17.413+0000] {logging_mixin.py:190} INFO - [2025-12-21T20:43:17.412+0000] {dag.py:3239} INFO - Sync 1 DAGs
[2025-12-21T20:43:17.439+0000] {logging_mixin.py:190} INFO - [2025-12-21T20:43:17.439+0000] {dag.py:4180} INFO - Setting next_dagrun for example_display_name to None, run_after=None
[2025-12-21T20:43:17.479+0000] {processor.py:208} INFO - Processing /home/airflow/.local/lib/python3.12/site-packages/airflow/example_dags/example_display_name.py took 0.135 seconds
[2025-12-21T20:43:47.973+0000] {processor.py:186} INFO - Started process (PID=2353) to work on /home/airflow/.local/lib/python3.12/site-packages/airflow/example_dags/example_display_name.py
[2025-12-21T20:43:47.975+0000] {processor.py:914} INFO - Processing file /home/airflow/.local/lib/python3.12/site-packages/airflow/example_dags/example_display_name.py for tasks to queue
[2025-12-21T20:43:47.978+0000] {logging_mixin.py:190} INFO - [2025-12-21T20:43:47.978+0000] {dagbag.py:588} INFO - Filling up the DagBag from /home/airflow/.local/lib/python3.12/site-packages/airflow/example_dags/example_display_name.py
[2025-12-21T20:43:47.988+0000] {processor.py:925} INFO - DAG(s) 'example_display_name' retrieved from /home/airflow/.local/lib/python3.12/site-packages/airflow/example_dags/example_display_name.py
[2025-12-21T20:43:48.012+0000] {logging_mixin.py:190} INFO - [2025-12-21T20:43:48.012+0000] {dag.py:3239} INFO - Sync 1 DAGs
[2025-12-21T20:43:48.032+0000] {logging_mixin.py:190} INFO - [2025-12-21T20:43:48.032+0000] {dag.py:4180} INFO - Setting next_dagrun for example_display_name to None, run_after=None
[2025-12-21T20:43:48.060+0000] {processor.py:208} INFO - Processing /home/airflow/.local/lib/python3.12/site-packages/airflow/example_dags/example_display_name.py took 0.100 seconds
[2025-12-21T20:44:18.540+0000] {processor.py:186} INFO - Started process (PID=2419) to work on /home/airflow/.local/lib/python3.12/site-packages/airflow/example_dags/example_display_name.py
[2025-12-21T20:44:18.542+0000] {processor.py:914} INFO - Processing file /home/airflow/.local/lib/python3.12/site-packages/airflow/example_dags/example_display_name.py for tasks to queue
[2025-12-21T20:44:18.545+0000] {logging_mixin.py:190} INFO - [2025-12-21T20:44:18.544+0000] {dagbag.py:588} INFO - Filling up the DagBag from /home/airflow/.local/lib/python3.12/site-packages/airflow/example_dags/example_display_name.py
[2025-12-21T20:44:18.553+0000] {processor.py:925} INFO - DAG(s) 'example_display_name' retrieved from /home/airflow/.local/lib/python3.12/site-packages/airflow/example_dags/example_display_name.py
[2025-12-21T20:44:18.587+0000] {logging_mixin.py:190} INFO - [2025-12-21T20:44:18.587+0000] {dag.py:3239} INFO - Sync 1 DAGs
[2025-12-21T20:44:18.621+0000] {logging_mixin.py:190} INFO - [2025-12-21T20:44:18.620+0000] {dag.py:4180} INFO - Setting next_dagrun for example_display_name to None, run_after=None
[2025-12-21T20:44:18.656+0000] {processor.py:208} INFO - Processing /home/airflow/.local/lib/python3.12/site-packages/airflow/example_dags/example_display_name.py took 0.121 seconds
[2025-12-21T20:44:49.094+0000] {processor.py:186} INFO - Started process (PID=2485) to work on /home/airflow/.local/lib/python3.12/site-packages/airflow/example_dags/example_display_name.py
[2025-12-21T20:44:49.096+0000] {processor.py:914} INFO - Processing file /home/airflow/.local/lib/python3.12/site-packages/airflow/example_dags/example_display_name.py for tasks to queue
[2025-12-21T20:44:49.098+0000] {logging_mixin.py:190} INFO - [2025-12-21T20:44:49.098+0000] {dagbag.py:588} INFO - Filling up the DagBag from /home/airflow/.local/lib/python3.12/site-packages/airflow/example_dags/example_display_name.py
[2025-12-21T20:44:49.113+0000] {processor.py:925} INFO - DAG(s) 'example_display_name' retrieved from /home/airflow/.local/lib/python3.12/site-packages/airflow/example_dags/example_display_name.py
[2025-12-21T20:44:49.137+0000] {logging_mixin.py:190} INFO - [2025-12-21T20:44:49.137+0000] {dag.py:3239} INFO - Sync 1 DAGs
[2025-12-21T20:44:49.154+0000] {logging_mixin.py:190} INFO - [2025-12-21T20:44:49.154+0000] {dag.py:4180} INFO - Setting next_dagrun for example_display_name to None, run_after=None
[2025-12-21T20:44:49.183+0000] {processor.py:208} INFO - Processing /home/airflow/.local/lib/python3.12/site-packages/airflow/example_dags/example_display_name.py took 0.100 seconds
[2025-12-21T20:45:19.425+0000] {processor.py:186} INFO - Started process (PID=2551) to work on /home/airflow/.local/lib/python3.12/site-packages/airflow/example_dags/example_display_name.py
[2025-12-21T20:45:19.426+0000] {processor.py:914} INFO - Processing file /home/airflow/.local/lib/python3.12/site-packages/airflow/example_dags/example_display_name.py for tasks to queue
[2025-12-21T20:45:19.428+0000] {logging_mixin.py:190} INFO - [2025-12-21T20:45:19.428+0000] {dagbag.py:588} INFO - Filling up the DagBag from /home/airflow/.local/lib/python3.12/site-packages/airflow/example_dags/example_display_name.py
[2025-12-21T20:45:19.440+0000] {processor.py:925} INFO - DAG(s) 'example_display_name' retrieved from /home/airflow/.local/lib/python3.12/site-packages/airflow/example_dags/example_display_name.py
[2025-12-21T20:45:19.464+0000] {logging_mixin.py:190} INFO - [2025-12-21T20:45:19.464+0000] {dag.py:3239} INFO - Sync 1 DAGs
[2025-12-21T20:45:19.483+0000] {logging_mixin.py:190} INFO - [2025-12-21T20:45:19.483+0000] {dag.py:4180} INFO - Setting next_dagrun for example_display_name to None, run_after=None
[2025-12-21T20:45:19.509+0000] {processor.py:208} INFO - Processing /home/airflow/.local/lib/python3.12/site-packages/airflow/example_dags/example_display_name.py took 0.094 seconds
[2025-12-21T20:45:49.582+0000] {processor.py:186} INFO - Started process (PID=2617) to work on /home/airflow/.local/lib/python3.12/site-packages/airflow/example_dags/example_display_name.py
[2025-12-21T20:45:49.583+0000] {processor.py:914} INFO - Processing file /home/airflow/.local/lib/python3.12/site-packages/airflow/example_dags/example_display_name.py for tasks to queue
[2025-12-21T20:45:49.585+0000] {logging_mixin.py:190} INFO - [2025-12-21T20:45:49.585+0000] {dagbag.py:588} INFO - Filling up the DagBag from /home/airflow/.local/lib/python3.12/site-packages/airflow/example_dags/example_display_name.py
[2025-12-21T20:45:49.594+0000] {processor.py:925} INFO - DAG(s) 'example_display_name' retrieved from /home/airflow/.local/lib/python3.12/site-packages/airflow/example_dags/example_display_name.py
[2025-12-21T20:45:49.614+0000] {logging_mixin.py:190} INFO - [2025-12-21T20:45:49.613+0000] {dag.py:3239} INFO - Sync 1 DAGs
[2025-12-21T20:45:49.629+0000] {logging_mixin.py:190} INFO - [2025-12-21T20:45:49.629+0000] {dag.py:4180} INFO - Setting next_dagrun for example_display_name to None, run_after=None
[2025-12-21T20:45:49.654+0000] {processor.py:208} INFO - Processing /home/airflow/.local/lib/python3.12/site-packages/airflow/example_dags/example_display_name.py took 0.082 seconds
[2025-12-21T20:46:20.471+0000] {processor.py:186} INFO - Started process (PID=2683) to work on /home/airflow/.local/lib/python3.12/site-packages/airflow/example_dags/example_display_name.py
[2025-12-21T20:46:20.473+0000] {processor.py:914} INFO - Processing file /home/airflow/.local/lib/python3.12/site-packages/airflow/example_dags/example_display_name.py for tasks to queue
[2025-12-21T20:46:20.475+0000] {logging_mixin.py:190} INFO - [2025-12-21T20:46:20.474+0000] {dagbag.py:588} INFO - Filling up the DagBag from /home/airflow/.local/lib/python3.12/site-packages/airflow/example_dags/example_display_name.py
[2025-12-21T20:46:20.483+0000] {processor.py:925} INFO - DAG(s) 'example_display_name' retrieved from /home/airflow/.local/lib/python3.12/site-packages/airflow/example_dags/example_display_name.py
[2025-12-21T20:46:20.504+0000] {logging_mixin.py:190} INFO - [2025-12-21T20:46:20.504+0000] {dag.py:3239} INFO - Sync 1 DAGs
[2025-12-21T20:46:20.521+0000] {logging_mixin.py:190} INFO - [2025-12-21T20:46:20.521+0000] {dag.py:4180} INFO - Setting next_dagrun for example_display_name to None, run_after=None
[2025-12-21T20:46:20.545+0000] {processor.py:208} INFO - Processing /home/airflow/.local/lib/python3.12/site-packages/airflow/example_dags/example_display_name.py took 0.080 seconds
[2025-12-21T20:46:51.208+0000] {processor.py:186} INFO - Started process (PID=2749) to work on /home/airflow/.local/lib/python3.12/site-packages/airflow/example_dags/example_display_name.py
[2025-12-21T20:46:51.210+0000] {processor.py:914} INFO - Processing file /home/airflow/.local/lib/python3.12/site-packages/airflow/example_dags/example_display_name.py for tasks to queue
[2025-12-21T20:46:51.213+0000] {logging_mixin.py:190} INFO - [2025-12-21T20:46:51.212+0000] {dagbag.py:588} INFO - Filling up the DagBag from /home/airflow/.local/lib/python3.12/site-packages/airflow/example_dags/example_display_name.py
[2025-12-21T20:46:51.222+0000] {processor.py:925} INFO - DAG(s) 'example_display_name' retrieved from /home/airflow/.local/lib/python3.12/site-packages/airflow/example_dags/example_display_name.py
[2025-12-21T20:46:51.248+0000] {logging_mixin.py:190} INFO - [2025-12-21T20:46:51.247+0000] {dag.py:3239} INFO - Sync 1 DAGs
[2025-12-21T20:46:51.264+0000] {logging_mixin.py:190} INFO - [2025-12-21T20:46:51.263+0000] {dag.py:4180} INFO - Setting next_dagrun for example_display_name to None, run_after=None
[2025-12-21T20:46:51.292+0000] {processor.py:208} INFO - Processing /home/airflow/.local/lib/python3.12/site-packages/airflow/example_dags/example_display_name.py took 0.092 seconds
[2025-12-21T20:47:22.011+0000] {processor.py:186} INFO - Started process (PID=2815) to work on /home/airflow/.local/lib/python3.12/site-packages/airflow/example_dags/example_display_name.py
[2025-12-21T20:47:22.013+0000] {processor.py:914} INFO - Processing file /home/airflow/.local/lib/python3.12/site-packages/airflow/example_dags/example_display_name.py for tasks to queue
[2025-12-21T20:47:22.015+0000] {logging_mixin.py:190} INFO - [2025-12-21T20:47:22.015+0000] {dagbag.py:588} INFO - Filling up the DagBag from /home/airflow/.local/lib/python3.12/site-packages/airflow/example_dags/example_display_name.py
[2025-12-21T20:47:22.023+0000] {processor.py:925} INFO - DAG(s) 'example_display_name' retrieved from /home/airflow/.local/lib/python3.12/site-packages/airflow/example_dags/example_display_name.py
[2025-12-21T20:47:22.044+0000] {logging_mixin.py:190} INFO - [2025-12-21T20:47:22.044+0000] {dag.py:3239} INFO - Sync 1 DAGs
[2025-12-21T20:47:22.059+0000] {logging_mixin.py:190} INFO - [2025-12-21T20:47:22.059+0000] {dag.py:4180} INFO - Setting next_dagrun for example_display_name to None, run_after=None
[2025-12-21T20:47:22.083+0000] {processor.py:208} INFO - Processing /home/airflow/.local/lib/python3.12/site-packages/airflow/example_dags/example_display_name.py took 0.082 seconds
[2025-12-21T20:47:52.165+0000] {processor.py:186} INFO - Started process (PID=2880) to work on /home/airflow/.local/lib/python3.12/site-packages/airflow/example_dags/example_display_name.py
[2025-12-21T20:47:52.166+0000] {processor.py:914} INFO - Processing file /home/airflow/.local/lib/python3.12/site-packages/airflow/example_dags/example_display_name.py for tasks to queue
[2025-12-21T20:47:52.168+0000] {logging_mixin.py:190} INFO - [2025-12-21T20:47:52.167+0000] {dagbag.py:588} INFO - Filling up the DagBag from /home/airflow/.local/lib/python3.12/site-packages/airflow/example_dags/example_display_name.py
[2025-12-21T20:47:52.176+0000] {processor.py:925} INFO - DAG(s) 'example_display_name' retrieved from /home/airflow/.local/lib/python3.12/site-packages/airflow/example_dags/example_display_name.py
[2025-12-21T20:47:52.198+0000] {logging_mixin.py:190} INFO - [2025-12-21T20:47:52.197+0000] {dag.py:3239} INFO - Sync 1 DAGs
[2025-12-21T20:47:52.215+0000] {logging_mixin.py:190} INFO - [2025-12-21T20:47:52.214+0000] {dag.py:4180} INFO - Setting next_dagrun for example_display_name to None, run_after=None
[2025-12-21T20:47:52.246+0000] {processor.py:208} INFO - Processing /home/airflow/.local/lib/python3.12/site-packages/airflow/example_dags/example_display_name.py took 0.087 seconds
