[2025-12-21T20:23:35.545+0000] {processor.py:186} INFO - Started process (PID=93) to work on /home/airflow/.local/lib/python3.12/site-packages/airflow/example_dags/example_branch_python_dop_operator_3.py
[2025-12-21T20:23:35.547+0000] {processor.py:914} INFO - Processing file /home/airflow/.local/lib/python3.12/site-packages/airflow/example_dags/example_branch_python_dop_operator_3.py for tasks to queue
[2025-12-21T20:23:35.550+0000] {logging_mixin.py:190} INFO - [2025-12-21T20:23:35.550+0000] {dagbag.py:588} INFO - Filling up the DagBag from /home/airflow/.local/lib/python3.12/site-packages/airflow/example_dags/example_branch_python_dop_operator_3.py
[2025-12-21T20:23:35.565+0000] {processor.py:925} INFO - DAG(s) 'example_branch_dop_operator_v3' retrieved from /home/airflow/.local/lib/python3.12/site-packages/airflow/example_dags/example_branch_python_dop_operator_3.py
[2025-12-21T20:23:35.699+0000] {logging_mixin.py:190} INFO - [2025-12-21T20:23:35.698+0000] {override.py:1912} INFO - Created Permission View: can delete on DAG:example_branch_dop_operator_v3
[2025-12-21T20:23:35.748+0000] {logging_mixin.py:190} INFO - [2025-12-21T20:23:35.748+0000] {override.py:1912} INFO - Created Permission View: can edit on DAG:example_branch_dop_operator_v3
[2025-12-21T20:23:35.762+0000] {logging_mixin.py:190} INFO - [2025-12-21T20:23:35.762+0000] {override.py:1912} INFO - Created Permission View: can read on DAG:example_branch_dop_operator_v3
[2025-12-21T20:23:35.780+0000] {logging_mixin.py:190} INFO - [2025-12-21T20:23:35.780+0000] {override.py:1912} INFO - Created Permission View: can delete on DAG Run:example_branch_dop_operator_v3
[2025-12-21T20:23:35.796+0000] {logging_mixin.py:190} INFO - [2025-12-21T20:23:35.796+0000] {override.py:1912} INFO - Created Permission View: can create on DAG Run:example_branch_dop_operator_v3
[2025-12-21T20:23:35.808+0000] {logging_mixin.py:190} INFO - [2025-12-21T20:23:35.808+0000] {override.py:1912} INFO - Created Permission View: menu access on DAG Run:example_branch_dop_operator_v3
[2025-12-21T20:23:35.824+0000] {logging_mixin.py:190} INFO - [2025-12-21T20:23:35.823+0000] {override.py:1912} INFO - Created Permission View: can read on DAG Run:example_branch_dop_operator_v3
[2025-12-21T20:23:35.825+0000] {logging_mixin.py:190} INFO - [2025-12-21T20:23:35.824+0000] {dag.py:3239} INFO - Sync 1 DAGs
[2025-12-21T20:23:35.839+0000] {logging_mixin.py:190} INFO - [2025-12-21T20:23:35.839+0000] {dag.py:3262} INFO - Creating ORM DAG for example_branch_dop_operator_v3
[2025-12-21T20:23:35.860+0000] {logging_mixin.py:190} INFO - [2025-12-21T20:23:35.859+0000] {dag.py:4180} INFO - Setting next_dagrun for example_branch_dop_operator_v3 to 2025-12-21 20:22:00+00:00, run_after=2025-12-21 20:23:00+00:00
[2025-12-21T20:23:35.887+0000] {processor.py:208} INFO - Processing /home/airflow/.local/lib/python3.12/site-packages/airflow/example_dags/example_branch_python_dop_operator_3.py took 0.347 seconds
[2025-12-21T20:24:06.821+0000] {processor.py:186} INFO - Started process (PID=159) to work on /home/airflow/.local/lib/python3.12/site-packages/airflow/example_dags/example_branch_python_dop_operator_3.py
[2025-12-21T20:24:06.823+0000] {processor.py:914} INFO - Processing file /home/airflow/.local/lib/python3.12/site-packages/airflow/example_dags/example_branch_python_dop_operator_3.py for tasks to queue
[2025-12-21T20:24:06.828+0000] {logging_mixin.py:190} INFO - [2025-12-21T20:24:06.827+0000] {dagbag.py:588} INFO - Filling up the DagBag from /home/airflow/.local/lib/python3.12/site-packages/airflow/example_dags/example_branch_python_dop_operator_3.py
[2025-12-21T20:24:06.851+0000] {processor.py:925} INFO - DAG(s) 'example_branch_dop_operator_v3' retrieved from /home/airflow/.local/lib/python3.12/site-packages/airflow/example_dags/example_branch_python_dop_operator_3.py
[2025-12-21T20:24:06.875+0000] {logging_mixin.py:190} INFO - [2025-12-21T20:24:06.875+0000] {dag.py:3239} INFO - Sync 1 DAGs
[2025-12-21T20:24:06.902+0000] {logging_mixin.py:190} INFO - [2025-12-21T20:24:06.902+0000] {dag.py:4180} INFO - Setting next_dagrun for example_branch_dop_operator_v3 to 2025-12-21 20:23:00+00:00, run_after=2025-12-21 20:24:00+00:00
[2025-12-21T20:24:06.930+0000] {processor.py:208} INFO - Processing /home/airflow/.local/lib/python3.12/site-packages/airflow/example_dags/example_branch_python_dop_operator_3.py took 0.123 seconds
[2025-12-21T20:24:37.026+0000] {processor.py:186} INFO - Started process (PID=224) to work on /home/airflow/.local/lib/python3.12/site-packages/airflow/example_dags/example_branch_python_dop_operator_3.py
[2025-12-21T20:24:37.027+0000] {processor.py:914} INFO - Processing file /home/airflow/.local/lib/python3.12/site-packages/airflow/example_dags/example_branch_python_dop_operator_3.py for tasks to queue
[2025-12-21T20:24:37.033+0000] {logging_mixin.py:190} INFO - [2025-12-21T20:24:37.032+0000] {dagbag.py:588} INFO - Filling up the DagBag from /home/airflow/.local/lib/python3.12/site-packages/airflow/example_dags/example_branch_python_dop_operator_3.py
[2025-12-21T20:24:37.055+0000] {processor.py:925} INFO - DAG(s) 'example_branch_dop_operator_v3' retrieved from /home/airflow/.local/lib/python3.12/site-packages/airflow/example_dags/example_branch_python_dop_operator_3.py
[2025-12-21T20:24:37.092+0000] {logging_mixin.py:190} INFO - [2025-12-21T20:24:37.091+0000] {dag.py:3239} INFO - Sync 1 DAGs
[2025-12-21T20:24:37.119+0000] {logging_mixin.py:190} INFO - [2025-12-21T20:24:37.119+0000] {dag.py:4180} INFO - Setting next_dagrun for example_branch_dop_operator_v3 to 2025-12-21 20:23:00+00:00, run_after=2025-12-21 20:24:00+00:00
[2025-12-21T20:24:37.148+0000] {processor.py:208} INFO - Processing /home/airflow/.local/lib/python3.12/site-packages/airflow/example_dags/example_branch_python_dop_operator_3.py took 0.133 seconds
[2025-12-21T20:25:07.682+0000] {processor.py:186} INFO - Started process (PID=290) to work on /home/airflow/.local/lib/python3.12/site-packages/airflow/example_dags/example_branch_python_dop_operator_3.py
[2025-12-21T20:25:07.684+0000] {processor.py:914} INFO - Processing file /home/airflow/.local/lib/python3.12/site-packages/airflow/example_dags/example_branch_python_dop_operator_3.py for tasks to queue
[2025-12-21T20:25:07.689+0000] {logging_mixin.py:190} INFO - [2025-12-21T20:25:07.688+0000] {dagbag.py:588} INFO - Filling up the DagBag from /home/airflow/.local/lib/python3.12/site-packages/airflow/example_dags/example_branch_python_dop_operator_3.py
[2025-12-21T20:25:07.708+0000] {processor.py:925} INFO - DAG(s) 'example_branch_dop_operator_v3' retrieved from /home/airflow/.local/lib/python3.12/site-packages/airflow/example_dags/example_branch_python_dop_operator_3.py
[2025-12-21T20:25:07.733+0000] {logging_mixin.py:190} INFO - [2025-12-21T20:25:07.732+0000] {dag.py:3239} INFO - Sync 1 DAGs
[2025-12-21T20:25:07.773+0000] {logging_mixin.py:190} INFO - [2025-12-21T20:25:07.773+0000] {dag.py:4180} INFO - Setting next_dagrun for example_branch_dop_operator_v3 to 2025-12-21 20:24:00+00:00, run_after=2025-12-21 20:25:00+00:00
[2025-12-21T20:25:07.806+0000] {processor.py:208} INFO - Processing /home/airflow/.local/lib/python3.12/site-packages/airflow/example_dags/example_branch_python_dop_operator_3.py took 0.136 seconds
[2025-12-21T20:25:38.051+0000] {processor.py:186} INFO - Started process (PID=356) to work on /home/airflow/.local/lib/python3.12/site-packages/airflow/example_dags/example_branch_python_dop_operator_3.py
[2025-12-21T20:25:38.052+0000] {processor.py:914} INFO - Processing file /home/airflow/.local/lib/python3.12/site-packages/airflow/example_dags/example_branch_python_dop_operator_3.py for tasks to queue
[2025-12-21T20:25:38.057+0000] {logging_mixin.py:190} INFO - [2025-12-21T20:25:38.056+0000] {dagbag.py:588} INFO - Filling up the DagBag from /home/airflow/.local/lib/python3.12/site-packages/airflow/example_dags/example_branch_python_dop_operator_3.py
[2025-12-21T20:25:38.081+0000] {processor.py:925} INFO - DAG(s) 'example_branch_dop_operator_v3' retrieved from /home/airflow/.local/lib/python3.12/site-packages/airflow/example_dags/example_branch_python_dop_operator_3.py
[2025-12-21T20:25:38.118+0000] {logging_mixin.py:190} INFO - [2025-12-21T20:25:38.118+0000] {dag.py:3239} INFO - Sync 1 DAGs
[2025-12-21T20:25:38.147+0000] {logging_mixin.py:190} INFO - [2025-12-21T20:25:38.146+0000] {dag.py:4180} INFO - Setting next_dagrun for example_branch_dop_operator_v3 to 2025-12-21 20:24:00+00:00, run_after=2025-12-21 20:25:00+00:00
[2025-12-21T20:25:38.194+0000] {processor.py:208} INFO - Processing /home/airflow/.local/lib/python3.12/site-packages/airflow/example_dags/example_branch_python_dop_operator_3.py took 0.150 seconds
[2025-12-21T20:26:08.290+0000] {processor.py:186} INFO - Started process (PID=422) to work on /home/airflow/.local/lib/python3.12/site-packages/airflow/example_dags/example_branch_python_dop_operator_3.py
[2025-12-21T20:26:08.292+0000] {processor.py:914} INFO - Processing file /home/airflow/.local/lib/python3.12/site-packages/airflow/example_dags/example_branch_python_dop_operator_3.py for tasks to queue
[2025-12-21T20:26:08.296+0000] {logging_mixin.py:190} INFO - [2025-12-21T20:26:08.295+0000] {dagbag.py:588} INFO - Filling up the DagBag from /home/airflow/.local/lib/python3.12/site-packages/airflow/example_dags/example_branch_python_dop_operator_3.py
[2025-12-21T20:26:08.309+0000] {processor.py:925} INFO - DAG(s) 'example_branch_dop_operator_v3' retrieved from /home/airflow/.local/lib/python3.12/site-packages/airflow/example_dags/example_branch_python_dop_operator_3.py
[2025-12-21T20:26:08.333+0000] {logging_mixin.py:190} INFO - [2025-12-21T20:26:08.333+0000] {dag.py:3239} INFO - Sync 1 DAGs
[2025-12-21T20:26:08.360+0000] {logging_mixin.py:190} INFO - [2025-12-21T20:26:08.360+0000] {dag.py:4180} INFO - Setting next_dagrun for example_branch_dop_operator_v3 to 2025-12-21 20:25:00+00:00, run_after=2025-12-21 20:26:00+00:00
[2025-12-21T20:26:08.410+0000] {processor.py:208} INFO - Processing /home/airflow/.local/lib/python3.12/site-packages/airflow/example_dags/example_branch_python_dop_operator_3.py took 0.129 seconds
[2025-12-21T20:26:38.592+0000] {processor.py:186} INFO - Started process (PID=488) to work on /home/airflow/.local/lib/python3.12/site-packages/airflow/example_dags/example_branch_python_dop_operator_3.py
[2025-12-21T20:26:38.595+0000] {processor.py:914} INFO - Processing file /home/airflow/.local/lib/python3.12/site-packages/airflow/example_dags/example_branch_python_dop_operator_3.py for tasks to queue
[2025-12-21T20:26:38.600+0000] {logging_mixin.py:190} INFO - [2025-12-21T20:26:38.599+0000] {dagbag.py:588} INFO - Filling up the DagBag from /home/airflow/.local/lib/python3.12/site-packages/airflow/example_dags/example_branch_python_dop_operator_3.py
[2025-12-21T20:26:38.622+0000] {processor.py:925} INFO - DAG(s) 'example_branch_dop_operator_v3' retrieved from /home/airflow/.local/lib/python3.12/site-packages/airflow/example_dags/example_branch_python_dop_operator_3.py
[2025-12-21T20:26:38.653+0000] {logging_mixin.py:190} INFO - [2025-12-21T20:26:38.653+0000] {dag.py:3239} INFO - Sync 1 DAGs
[2025-12-21T20:26:38.693+0000] {logging_mixin.py:190} INFO - [2025-12-21T20:26:38.693+0000] {dag.py:4180} INFO - Setting next_dagrun for example_branch_dop_operator_v3 to 2025-12-21 20:25:00+00:00, run_after=2025-12-21 20:26:00+00:00
[2025-12-21T20:26:38.724+0000] {processor.py:208} INFO - Processing /home/airflow/.local/lib/python3.12/site-packages/airflow/example_dags/example_branch_python_dop_operator_3.py took 0.144 seconds
[2025-12-21T20:27:09.012+0000] {processor.py:186} INFO - Started process (PID=554) to work on /home/airflow/.local/lib/python3.12/site-packages/airflow/example_dags/example_branch_python_dop_operator_3.py
[2025-12-21T20:27:09.014+0000] {processor.py:914} INFO - Processing file /home/airflow/.local/lib/python3.12/site-packages/airflow/example_dags/example_branch_python_dop_operator_3.py for tasks to queue
[2025-12-21T20:27:09.019+0000] {logging_mixin.py:190} INFO - [2025-12-21T20:27:09.018+0000] {dagbag.py:588} INFO - Filling up the DagBag from /home/airflow/.local/lib/python3.12/site-packages/airflow/example_dags/example_branch_python_dop_operator_3.py
[2025-12-21T20:27:09.042+0000] {processor.py:925} INFO - DAG(s) 'example_branch_dop_operator_v3' retrieved from /home/airflow/.local/lib/python3.12/site-packages/airflow/example_dags/example_branch_python_dop_operator_3.py
[2025-12-21T20:27:09.078+0000] {logging_mixin.py:190} INFO - [2025-12-21T20:27:09.078+0000] {dag.py:3239} INFO - Sync 1 DAGs
[2025-12-21T20:27:09.113+0000] {logging_mixin.py:190} INFO - [2025-12-21T20:27:09.113+0000] {dag.py:4180} INFO - Setting next_dagrun for example_branch_dop_operator_v3 to 2025-12-21 20:26:00+00:00, run_after=2025-12-21 20:27:00+00:00
[2025-12-21T20:27:09.139+0000] {processor.py:208} INFO - Processing /home/airflow/.local/lib/python3.12/site-packages/airflow/example_dags/example_branch_python_dop_operator_3.py took 0.138 seconds
[2025-12-21T20:27:39.271+0000] {processor.py:186} INFO - Started process (PID=621) to work on /home/airflow/.local/lib/python3.12/site-packages/airflow/example_dags/example_branch_python_dop_operator_3.py
[2025-12-21T20:27:39.288+0000] {processor.py:914} INFO - Processing file /home/airflow/.local/lib/python3.12/site-packages/airflow/example_dags/example_branch_python_dop_operator_3.py for tasks to queue
[2025-12-21T20:27:39.290+0000] {logging_mixin.py:190} INFO - [2025-12-21T20:27:39.290+0000] {dagbag.py:588} INFO - Filling up the DagBag from /home/airflow/.local/lib/python3.12/site-packages/airflow/example_dags/example_branch_python_dop_operator_3.py
[2025-12-21T20:27:39.300+0000] {processor.py:925} INFO - DAG(s) 'example_branch_dop_operator_v3' retrieved from /home/airflow/.local/lib/python3.12/site-packages/airflow/example_dags/example_branch_python_dop_operator_3.py
[2025-12-21T20:27:39.321+0000] {logging_mixin.py:190} INFO - [2025-12-21T20:27:39.321+0000] {dag.py:3239} INFO - Sync 1 DAGs
[2025-12-21T20:27:39.363+0000] {logging_mixin.py:190} INFO - [2025-12-21T20:27:39.363+0000] {dag.py:4180} INFO - Setting next_dagrun for example_branch_dop_operator_v3 to 2025-12-21 20:26:00+00:00, run_after=2025-12-21 20:27:00+00:00
[2025-12-21T20:27:39.403+0000] {processor.py:208} INFO - Processing /home/airflow/.local/lib/python3.12/site-packages/airflow/example_dags/example_branch_python_dop_operator_3.py took 0.136 seconds
[2025-12-21T20:28:10.215+0000] {processor.py:186} INFO - Started process (PID=686) to work on /home/airflow/.local/lib/python3.12/site-packages/airflow/example_dags/example_branch_python_dop_operator_3.py
[2025-12-21T20:28:10.217+0000] {processor.py:914} INFO - Processing file /home/airflow/.local/lib/python3.12/site-packages/airflow/example_dags/example_branch_python_dop_operator_3.py for tasks to queue
[2025-12-21T20:28:10.222+0000] {logging_mixin.py:190} INFO - [2025-12-21T20:28:10.221+0000] {dagbag.py:588} INFO - Filling up the DagBag from /home/airflow/.local/lib/python3.12/site-packages/airflow/example_dags/example_branch_python_dop_operator_3.py
[2025-12-21T20:28:10.245+0000] {processor.py:925} INFO - DAG(s) 'example_branch_dop_operator_v3' retrieved from /home/airflow/.local/lib/python3.12/site-packages/airflow/example_dags/example_branch_python_dop_operator_3.py
[2025-12-21T20:28:10.272+0000] {logging_mixin.py:190} INFO - [2025-12-21T20:28:10.271+0000] {dag.py:3239} INFO - Sync 1 DAGs
[2025-12-21T20:28:10.319+0000] {logging_mixin.py:190} INFO - [2025-12-21T20:28:10.319+0000] {dag.py:4180} INFO - Setting next_dagrun for example_branch_dop_operator_v3 to 2025-12-21 20:27:00+00:00, run_after=2025-12-21 20:28:00+00:00
[2025-12-21T20:28:10.353+0000] {processor.py:208} INFO - Processing /home/airflow/.local/lib/python3.12/site-packages/airflow/example_dags/example_branch_python_dop_operator_3.py took 0.148 seconds
[2025-12-21T20:28:41.079+0000] {processor.py:186} INFO - Started process (PID=752) to work on /home/airflow/.local/lib/python3.12/site-packages/airflow/example_dags/example_branch_python_dop_operator_3.py
[2025-12-21T20:28:41.081+0000] {processor.py:914} INFO - Processing file /home/airflow/.local/lib/python3.12/site-packages/airflow/example_dags/example_branch_python_dop_operator_3.py for tasks to queue
[2025-12-21T20:28:41.087+0000] {logging_mixin.py:190} INFO - [2025-12-21T20:28:41.086+0000] {dagbag.py:588} INFO - Filling up the DagBag from /home/airflow/.local/lib/python3.12/site-packages/airflow/example_dags/example_branch_python_dop_operator_3.py
[2025-12-21T20:28:41.112+0000] {processor.py:925} INFO - DAG(s) 'example_branch_dop_operator_v3' retrieved from /home/airflow/.local/lib/python3.12/site-packages/airflow/example_dags/example_branch_python_dop_operator_3.py
[2025-12-21T20:28:41.143+0000] {logging_mixin.py:190} INFO - [2025-12-21T20:28:41.143+0000] {dag.py:3239} INFO - Sync 1 DAGs
[2025-12-21T20:28:41.172+0000] {logging_mixin.py:190} INFO - [2025-12-21T20:28:41.172+0000] {dag.py:4180} INFO - Setting next_dagrun for example_branch_dop_operator_v3 to 2025-12-21 20:27:00+00:00, run_after=2025-12-21 20:28:00+00:00
[2025-12-21T20:28:41.197+0000] {processor.py:208} INFO - Processing /home/airflow/.local/lib/python3.12/site-packages/airflow/example_dags/example_branch_python_dop_operator_3.py took 0.130 seconds
[2025-12-21T20:29:11.531+0000] {processor.py:186} INFO - Started process (PID=818) to work on /home/airflow/.local/lib/python3.12/site-packages/airflow/example_dags/example_branch_python_dop_operator_3.py
[2025-12-21T20:29:11.533+0000] {processor.py:914} INFO - Processing file /home/airflow/.local/lib/python3.12/site-packages/airflow/example_dags/example_branch_python_dop_operator_3.py for tasks to queue
[2025-12-21T20:29:11.539+0000] {logging_mixin.py:190} INFO - [2025-12-21T20:29:11.538+0000] {dagbag.py:588} INFO - Filling up the DagBag from /home/airflow/.local/lib/python3.12/site-packages/airflow/example_dags/example_branch_python_dop_operator_3.py
[2025-12-21T20:29:11.563+0000] {processor.py:925} INFO - DAG(s) 'example_branch_dop_operator_v3' retrieved from /home/airflow/.local/lib/python3.12/site-packages/airflow/example_dags/example_branch_python_dop_operator_3.py
[2025-12-21T20:29:11.589+0000] {logging_mixin.py:190} INFO - [2025-12-21T20:29:11.589+0000] {dag.py:3239} INFO - Sync 1 DAGs
[2025-12-21T20:29:11.619+0000] {logging_mixin.py:190} INFO - [2025-12-21T20:29:11.619+0000] {dag.py:4180} INFO - Setting next_dagrun for example_branch_dop_operator_v3 to 2025-12-21 20:28:00+00:00, run_after=2025-12-21 20:29:00+00:00
[2025-12-21T20:29:11.645+0000] {processor.py:208} INFO - Processing /home/airflow/.local/lib/python3.12/site-packages/airflow/example_dags/example_branch_python_dop_operator_3.py took 0.127 seconds
[2025-12-21T20:29:42.078+0000] {processor.py:186} INFO - Started process (PID=884) to work on /home/airflow/.local/lib/python3.12/site-packages/airflow/example_dags/example_branch_python_dop_operator_3.py
[2025-12-21T20:29:42.081+0000] {processor.py:914} INFO - Processing file /home/airflow/.local/lib/python3.12/site-packages/airflow/example_dags/example_branch_python_dop_operator_3.py for tasks to queue
[2025-12-21T20:29:42.087+0000] {logging_mixin.py:190} INFO - [2025-12-21T20:29:42.086+0000] {dagbag.py:588} INFO - Filling up the DagBag from /home/airflow/.local/lib/python3.12/site-packages/airflow/example_dags/example_branch_python_dop_operator_3.py
[2025-12-21T20:29:42.110+0000] {processor.py:925} INFO - DAG(s) 'example_branch_dop_operator_v3' retrieved from /home/airflow/.local/lib/python3.12/site-packages/airflow/example_dags/example_branch_python_dop_operator_3.py
[2025-12-21T20:29:42.143+0000] {logging_mixin.py:190} INFO - [2025-12-21T20:29:42.143+0000] {dag.py:3239} INFO - Sync 1 DAGs
[2025-12-21T20:29:42.169+0000] {logging_mixin.py:190} INFO - [2025-12-21T20:29:42.169+0000] {dag.py:4180} INFO - Setting next_dagrun for example_branch_dop_operator_v3 to 2025-12-21 20:28:00+00:00, run_after=2025-12-21 20:29:00+00:00
[2025-12-21T20:29:42.196+0000] {processor.py:208} INFO - Processing /home/airflow/.local/lib/python3.12/site-packages/airflow/example_dags/example_branch_python_dop_operator_3.py took 0.128 seconds
[2025-12-21T20:30:12.326+0000] {processor.py:186} INFO - Started process (PID=950) to work on /home/airflow/.local/lib/python3.12/site-packages/airflow/example_dags/example_branch_python_dop_operator_3.py
[2025-12-21T20:30:12.328+0000] {processor.py:914} INFO - Processing file /home/airflow/.local/lib/python3.12/site-packages/airflow/example_dags/example_branch_python_dop_operator_3.py for tasks to queue
[2025-12-21T20:30:12.331+0000] {logging_mixin.py:190} INFO - [2025-12-21T20:30:12.331+0000] {dagbag.py:588} INFO - Filling up the DagBag from /home/airflow/.local/lib/python3.12/site-packages/airflow/example_dags/example_branch_python_dop_operator_3.py
[2025-12-21T20:30:12.349+0000] {processor.py:925} INFO - DAG(s) 'example_branch_dop_operator_v3' retrieved from /home/airflow/.local/lib/python3.12/site-packages/airflow/example_dags/example_branch_python_dop_operator_3.py
[2025-12-21T20:30:12.385+0000] {logging_mixin.py:190} INFO - [2025-12-21T20:30:12.385+0000] {dag.py:3239} INFO - Sync 1 DAGs
[2025-12-21T20:30:12.412+0000] {logging_mixin.py:190} INFO - [2025-12-21T20:30:12.412+0000] {dag.py:4180} INFO - Setting next_dagrun for example_branch_dop_operator_v3 to 2025-12-21 20:29:00+00:00, run_after=2025-12-21 20:30:00+00:00
[2025-12-21T20:30:12.438+0000] {processor.py:208} INFO - Processing /home/airflow/.local/lib/python3.12/site-packages/airflow/example_dags/example_branch_python_dop_operator_3.py took 0.123 seconds
[2025-12-21T20:30:42.652+0000] {processor.py:186} INFO - Started process (PID=1016) to work on /home/airflow/.local/lib/python3.12/site-packages/airflow/example_dags/example_branch_python_dop_operator_3.py
[2025-12-21T20:30:42.654+0000] {processor.py:914} INFO - Processing file /home/airflow/.local/lib/python3.12/site-packages/airflow/example_dags/example_branch_python_dop_operator_3.py for tasks to queue
[2025-12-21T20:30:42.659+0000] {logging_mixin.py:190} INFO - [2025-12-21T20:30:42.659+0000] {dagbag.py:588} INFO - Filling up the DagBag from /home/airflow/.local/lib/python3.12/site-packages/airflow/example_dags/example_branch_python_dop_operator_3.py
[2025-12-21T20:30:42.683+0000] {processor.py:925} INFO - DAG(s) 'example_branch_dop_operator_v3' retrieved from /home/airflow/.local/lib/python3.12/site-packages/airflow/example_dags/example_branch_python_dop_operator_3.py
[2025-12-21T20:30:42.720+0000] {logging_mixin.py:190} INFO - [2025-12-21T20:30:42.720+0000] {dag.py:3239} INFO - Sync 1 DAGs
[2025-12-21T20:30:42.746+0000] {logging_mixin.py:190} INFO - [2025-12-21T20:30:42.746+0000] {dag.py:4180} INFO - Setting next_dagrun for example_branch_dop_operator_v3 to 2025-12-21 20:29:00+00:00, run_after=2025-12-21 20:30:00+00:00
[2025-12-21T20:30:42.774+0000] {processor.py:208} INFO - Processing /home/airflow/.local/lib/python3.12/site-packages/airflow/example_dags/example_branch_python_dop_operator_3.py took 0.134 seconds
[2025-12-21T20:31:12.930+0000] {processor.py:186} INFO - Started process (PID=1082) to work on /home/airflow/.local/lib/python3.12/site-packages/airflow/example_dags/example_branch_python_dop_operator_3.py
[2025-12-21T20:31:12.934+0000] {processor.py:914} INFO - Processing file /home/airflow/.local/lib/python3.12/site-packages/airflow/example_dags/example_branch_python_dop_operator_3.py for tasks to queue
[2025-12-21T20:31:12.938+0000] {logging_mixin.py:190} INFO - [2025-12-21T20:31:12.937+0000] {dagbag.py:588} INFO - Filling up the DagBag from /home/airflow/.local/lib/python3.12/site-packages/airflow/example_dags/example_branch_python_dop_operator_3.py
[2025-12-21T20:31:12.961+0000] {processor.py:925} INFO - DAG(s) 'example_branch_dop_operator_v3' retrieved from /home/airflow/.local/lib/python3.12/site-packages/airflow/example_dags/example_branch_python_dop_operator_3.py
[2025-12-21T20:31:12.991+0000] {logging_mixin.py:190} INFO - [2025-12-21T20:31:12.991+0000] {dag.py:3239} INFO - Sync 1 DAGs
[2025-12-21T20:31:13.022+0000] {logging_mixin.py:190} INFO - [2025-12-21T20:31:13.021+0000] {dag.py:4180} INFO - Setting next_dagrun for example_branch_dop_operator_v3 to 2025-12-21 20:30:00+00:00, run_after=2025-12-21 20:31:00+00:00
[2025-12-21T20:31:13.047+0000] {processor.py:208} INFO - Processing /home/airflow/.local/lib/python3.12/site-packages/airflow/example_dags/example_branch_python_dop_operator_3.py took 0.128 seconds
[2025-12-21T20:31:43.259+0000] {processor.py:186} INFO - Started process (PID=1148) to work on /home/airflow/.local/lib/python3.12/site-packages/airflow/example_dags/example_branch_python_dop_operator_3.py
[2025-12-21T20:31:43.261+0000] {processor.py:914} INFO - Processing file /home/airflow/.local/lib/python3.12/site-packages/airflow/example_dags/example_branch_python_dop_operator_3.py for tasks to queue
[2025-12-21T20:31:43.266+0000] {logging_mixin.py:190} INFO - [2025-12-21T20:31:43.266+0000] {dagbag.py:588} INFO - Filling up the DagBag from /home/airflow/.local/lib/python3.12/site-packages/airflow/example_dags/example_branch_python_dop_operator_3.py
[2025-12-21T20:31:43.293+0000] {processor.py:925} INFO - DAG(s) 'example_branch_dop_operator_v3' retrieved from /home/airflow/.local/lib/python3.12/site-packages/airflow/example_dags/example_branch_python_dop_operator_3.py
[2025-12-21T20:31:43.331+0000] {logging_mixin.py:190} INFO - [2025-12-21T20:31:43.331+0000] {dag.py:3239} INFO - Sync 1 DAGs
[2025-12-21T20:31:43.358+0000] {logging_mixin.py:190} INFO - [2025-12-21T20:31:43.358+0000] {dag.py:4180} INFO - Setting next_dagrun for example_branch_dop_operator_v3 to 2025-12-21 20:30:00+00:00, run_after=2025-12-21 20:31:00+00:00
[2025-12-21T20:31:43.393+0000] {processor.py:208} INFO - Processing /home/airflow/.local/lib/python3.12/site-packages/airflow/example_dags/example_branch_python_dop_operator_3.py took 0.148 seconds
[2025-12-21T20:32:14.234+0000] {processor.py:186} INFO - Started process (PID=1214) to work on /home/airflow/.local/lib/python3.12/site-packages/airflow/example_dags/example_branch_python_dop_operator_3.py
[2025-12-21T20:32:14.235+0000] {processor.py:914} INFO - Processing file /home/airflow/.local/lib/python3.12/site-packages/airflow/example_dags/example_branch_python_dop_operator_3.py for tasks to queue
[2025-12-21T20:32:14.239+0000] {logging_mixin.py:190} INFO - [2025-12-21T20:32:14.239+0000] {dagbag.py:588} INFO - Filling up the DagBag from /home/airflow/.local/lib/python3.12/site-packages/airflow/example_dags/example_branch_python_dop_operator_3.py
[2025-12-21T20:32:14.258+0000] {processor.py:925} INFO - DAG(s) 'example_branch_dop_operator_v3' retrieved from /home/airflow/.local/lib/python3.12/site-packages/airflow/example_dags/example_branch_python_dop_operator_3.py
[2025-12-21T20:32:14.300+0000] {logging_mixin.py:190} INFO - [2025-12-21T20:32:14.299+0000] {dag.py:3239} INFO - Sync 1 DAGs
[2025-12-21T20:32:14.359+0000] {logging_mixin.py:190} INFO - [2025-12-21T20:32:14.359+0000] {dag.py:4180} INFO - Setting next_dagrun for example_branch_dop_operator_v3 to 2025-12-21 20:31:00+00:00, run_after=2025-12-21 20:32:00+00:00
[2025-12-21T20:32:14.388+0000] {processor.py:208} INFO - Processing /home/airflow/.local/lib/python3.12/site-packages/airflow/example_dags/example_branch_python_dop_operator_3.py took 0.166 seconds
[2025-12-21T20:32:44.823+0000] {processor.py:186} INFO - Started process (PID=1280) to work on /home/airflow/.local/lib/python3.12/site-packages/airflow/example_dags/example_branch_python_dop_operator_3.py
[2025-12-21T20:32:44.824+0000] {processor.py:914} INFO - Processing file /home/airflow/.local/lib/python3.12/site-packages/airflow/example_dags/example_branch_python_dop_operator_3.py for tasks to queue
[2025-12-21T20:32:44.827+0000] {logging_mixin.py:190} INFO - [2025-12-21T20:32:44.826+0000] {dagbag.py:588} INFO - Filling up the DagBag from /home/airflow/.local/lib/python3.12/site-packages/airflow/example_dags/example_branch_python_dop_operator_3.py
[2025-12-21T20:32:44.837+0000] {processor.py:925} INFO - DAG(s) 'example_branch_dop_operator_v3' retrieved from /home/airflow/.local/lib/python3.12/site-packages/airflow/example_dags/example_branch_python_dop_operator_3.py
[2025-12-21T20:32:44.872+0000] {logging_mixin.py:190} INFO - [2025-12-21T20:32:44.871+0000] {dag.py:3239} INFO - Sync 1 DAGs
[2025-12-21T20:32:44.903+0000] {logging_mixin.py:190} INFO - [2025-12-21T20:32:44.903+0000] {dag.py:4180} INFO - Setting next_dagrun for example_branch_dop_operator_v3 to 2025-12-21 20:31:00+00:00, run_after=2025-12-21 20:32:00+00:00
[2025-12-21T20:32:44.933+0000] {processor.py:208} INFO - Processing /home/airflow/.local/lib/python3.12/site-packages/airflow/example_dags/example_branch_python_dop_operator_3.py took 0.115 seconds
[2025-12-21T20:33:15.050+0000] {processor.py:186} INFO - Started process (PID=1346) to work on /home/airflow/.local/lib/python3.12/site-packages/airflow/example_dags/example_branch_python_dop_operator_3.py
[2025-12-21T20:33:15.052+0000] {processor.py:914} INFO - Processing file /home/airflow/.local/lib/python3.12/site-packages/airflow/example_dags/example_branch_python_dop_operator_3.py for tasks to queue
[2025-12-21T20:33:15.057+0000] {logging_mixin.py:190} INFO - [2025-12-21T20:33:15.056+0000] {dagbag.py:588} INFO - Filling up the DagBag from /home/airflow/.local/lib/python3.12/site-packages/airflow/example_dags/example_branch_python_dop_operator_3.py
[2025-12-21T20:33:15.081+0000] {processor.py:925} INFO - DAG(s) 'example_branch_dop_operator_v3' retrieved from /home/airflow/.local/lib/python3.12/site-packages/airflow/example_dags/example_branch_python_dop_operator_3.py
[2025-12-21T20:33:15.125+0000] {logging_mixin.py:190} INFO - [2025-12-21T20:33:15.124+0000] {dag.py:3239} INFO - Sync 1 DAGs
[2025-12-21T20:33:15.170+0000] {logging_mixin.py:190} INFO - [2025-12-21T20:33:15.170+0000] {dag.py:4180} INFO - Setting next_dagrun for example_branch_dop_operator_v3 to 2025-12-21 20:32:00+00:00, run_after=2025-12-21 20:33:00+00:00
[2025-12-21T20:33:15.200+0000] {processor.py:208} INFO - Processing /home/airflow/.local/lib/python3.12/site-packages/airflow/example_dags/example_branch_python_dop_operator_3.py took 0.163 seconds
[2025-12-21T20:33:45.636+0000] {processor.py:186} INFO - Started process (PID=1412) to work on /home/airflow/.local/lib/python3.12/site-packages/airflow/example_dags/example_branch_python_dop_operator_3.py
[2025-12-21T20:33:45.638+0000] {processor.py:914} INFO - Processing file /home/airflow/.local/lib/python3.12/site-packages/airflow/example_dags/example_branch_python_dop_operator_3.py for tasks to queue
[2025-12-21T20:33:45.643+0000] {logging_mixin.py:190} INFO - [2025-12-21T20:33:45.642+0000] {dagbag.py:588} INFO - Filling up the DagBag from /home/airflow/.local/lib/python3.12/site-packages/airflow/example_dags/example_branch_python_dop_operator_3.py
[2025-12-21T20:33:45.671+0000] {processor.py:925} INFO - DAG(s) 'example_branch_dop_operator_v3' retrieved from /home/airflow/.local/lib/python3.12/site-packages/airflow/example_dags/example_branch_python_dop_operator_3.py
[2025-12-21T20:33:45.696+0000] {logging_mixin.py:190} INFO - [2025-12-21T20:33:45.696+0000] {dag.py:3239} INFO - Sync 1 DAGs
[2025-12-21T20:33:45.729+0000] {logging_mixin.py:190} INFO - [2025-12-21T20:33:45.729+0000] {dag.py:4180} INFO - Setting next_dagrun for example_branch_dop_operator_v3 to 2025-12-21 20:32:00+00:00, run_after=2025-12-21 20:33:00+00:00
[2025-12-21T20:33:45.759+0000] {processor.py:208} INFO - Processing /home/airflow/.local/lib/python3.12/site-packages/airflow/example_dags/example_branch_python_dop_operator_3.py took 0.134 seconds
[2025-12-21T20:34:15.822+0000] {processor.py:186} INFO - Started process (PID=1478) to work on /home/airflow/.local/lib/python3.12/site-packages/airflow/example_dags/example_branch_python_dop_operator_3.py
[2025-12-21T20:34:15.826+0000] {processor.py:914} INFO - Processing file /home/airflow/.local/lib/python3.12/site-packages/airflow/example_dags/example_branch_python_dop_operator_3.py for tasks to queue
[2025-12-21T20:34:15.831+0000] {logging_mixin.py:190} INFO - [2025-12-21T20:34:15.830+0000] {dagbag.py:588} INFO - Filling up the DagBag from /home/airflow/.local/lib/python3.12/site-packages/airflow/example_dags/example_branch_python_dop_operator_3.py
[2025-12-21T20:34:15.855+0000] {processor.py:925} INFO - DAG(s) 'example_branch_dop_operator_v3' retrieved from /home/airflow/.local/lib/python3.12/site-packages/airflow/example_dags/example_branch_python_dop_operator_3.py
[2025-12-21T20:34:15.887+0000] {logging_mixin.py:190} INFO - [2025-12-21T20:34:15.887+0000] {dag.py:3239} INFO - Sync 1 DAGs
[2025-12-21T20:34:15.927+0000] {logging_mixin.py:190} INFO - [2025-12-21T20:34:15.927+0000] {dag.py:4180} INFO - Setting next_dagrun for example_branch_dop_operator_v3 to 2025-12-21 20:33:00+00:00, run_after=2025-12-21 20:34:00+00:00
[2025-12-21T20:34:15.951+0000] {processor.py:208} INFO - Processing /home/airflow/.local/lib/python3.12/site-packages/airflow/example_dags/example_branch_python_dop_operator_3.py took 0.141 seconds
[2025-12-21T20:34:46.366+0000] {processor.py:186} INFO - Started process (PID=1544) to work on /home/airflow/.local/lib/python3.12/site-packages/airflow/example_dags/example_branch_python_dop_operator_3.py
[2025-12-21T20:34:46.368+0000] {processor.py:914} INFO - Processing file /home/airflow/.local/lib/python3.12/site-packages/airflow/example_dags/example_branch_python_dop_operator_3.py for tasks to queue
[2025-12-21T20:34:46.373+0000] {logging_mixin.py:190} INFO - [2025-12-21T20:34:46.372+0000] {dagbag.py:588} INFO - Filling up the DagBag from /home/airflow/.local/lib/python3.12/site-packages/airflow/example_dags/example_branch_python_dop_operator_3.py
[2025-12-21T20:34:46.395+0000] {processor.py:925} INFO - DAG(s) 'example_branch_dop_operator_v3' retrieved from /home/airflow/.local/lib/python3.12/site-packages/airflow/example_dags/example_branch_python_dop_operator_3.py
[2025-12-21T20:34:46.436+0000] {logging_mixin.py:190} INFO - [2025-12-21T20:34:46.436+0000] {dag.py:3239} INFO - Sync 1 DAGs
[2025-12-21T20:34:46.468+0000] {logging_mixin.py:190} INFO - [2025-12-21T20:34:46.468+0000] {dag.py:4180} INFO - Setting next_dagrun for example_branch_dop_operator_v3 to 2025-12-21 20:33:00+00:00, run_after=2025-12-21 20:34:00+00:00
[2025-12-21T20:34:46.499+0000] {processor.py:208} INFO - Processing /home/airflow/.local/lib/python3.12/site-packages/airflow/example_dags/example_branch_python_dop_operator_3.py took 0.144 seconds
[2025-12-21T20:35:16.988+0000] {processor.py:186} INFO - Started process (PID=1610) to work on /home/airflow/.local/lib/python3.12/site-packages/airflow/example_dags/example_branch_python_dop_operator_3.py
[2025-12-21T20:35:16.990+0000] {processor.py:914} INFO - Processing file /home/airflow/.local/lib/python3.12/site-packages/airflow/example_dags/example_branch_python_dop_operator_3.py for tasks to queue
[2025-12-21T20:35:16.996+0000] {logging_mixin.py:190} INFO - [2025-12-21T20:35:16.995+0000] {dagbag.py:588} INFO - Filling up the DagBag from /home/airflow/.local/lib/python3.12/site-packages/airflow/example_dags/example_branch_python_dop_operator_3.py
[2025-12-21T20:35:17.022+0000] {processor.py:925} INFO - DAG(s) 'example_branch_dop_operator_v3' retrieved from /home/airflow/.local/lib/python3.12/site-packages/airflow/example_dags/example_branch_python_dop_operator_3.py
[2025-12-21T20:35:17.057+0000] {logging_mixin.py:190} INFO - [2025-12-21T20:35:17.057+0000] {dag.py:3239} INFO - Sync 1 DAGs
[2025-12-21T20:35:17.104+0000] {logging_mixin.py:190} INFO - [2025-12-21T20:35:17.103+0000] {dag.py:4180} INFO - Setting next_dagrun for example_branch_dop_operator_v3 to 2025-12-21 20:34:00+00:00, run_after=2025-12-21 20:35:00+00:00
[2025-12-21T20:35:17.135+0000] {processor.py:208} INFO - Processing /home/airflow/.local/lib/python3.12/site-packages/airflow/example_dags/example_branch_python_dop_operator_3.py took 0.159 seconds
[2025-12-21T20:35:47.195+0000] {processor.py:186} INFO - Started process (PID=1675) to work on /home/airflow/.local/lib/python3.12/site-packages/airflow/example_dags/example_branch_python_dop_operator_3.py
[2025-12-21T20:35:47.198+0000] {processor.py:914} INFO - Processing file /home/airflow/.local/lib/python3.12/site-packages/airflow/example_dags/example_branch_python_dop_operator_3.py for tasks to queue
[2025-12-21T20:35:47.202+0000] {logging_mixin.py:190} INFO - [2025-12-21T20:35:47.202+0000] {dagbag.py:588} INFO - Filling up the DagBag from /home/airflow/.local/lib/python3.12/site-packages/airflow/example_dags/example_branch_python_dop_operator_3.py
[2025-12-21T20:35:47.218+0000] {processor.py:925} INFO - DAG(s) 'example_branch_dop_operator_v3' retrieved from /home/airflow/.local/lib/python3.12/site-packages/airflow/example_dags/example_branch_python_dop_operator_3.py
[2025-12-21T20:35:47.261+0000] {logging_mixin.py:190} INFO - [2025-12-21T20:35:47.261+0000] {dag.py:3239} INFO - Sync 1 DAGs
[2025-12-21T20:35:47.311+0000] {logging_mixin.py:190} INFO - [2025-12-21T20:35:47.310+0000] {dag.py:4180} INFO - Setting next_dagrun for example_branch_dop_operator_v3 to 2025-12-21 20:34:00+00:00, run_after=2025-12-21 20:35:00+00:00
[2025-12-21T20:35:47.362+0000] {processor.py:208} INFO - Processing /home/airflow/.local/lib/python3.12/site-packages/airflow/example_dags/example_branch_python_dop_operator_3.py took 0.174 seconds
[2025-12-21T20:36:17.641+0000] {processor.py:186} INFO - Started process (PID=1741) to work on /home/airflow/.local/lib/python3.12/site-packages/airflow/example_dags/example_branch_python_dop_operator_3.py
[2025-12-21T20:36:17.644+0000] {processor.py:914} INFO - Processing file /home/airflow/.local/lib/python3.12/site-packages/airflow/example_dags/example_branch_python_dop_operator_3.py for tasks to queue
[2025-12-21T20:36:17.650+0000] {logging_mixin.py:190} INFO - [2025-12-21T20:36:17.649+0000] {dagbag.py:588} INFO - Filling up the DagBag from /home/airflow/.local/lib/python3.12/site-packages/airflow/example_dags/example_branch_python_dop_operator_3.py
[2025-12-21T20:36:17.667+0000] {processor.py:925} INFO - DAG(s) 'example_branch_dop_operator_v3' retrieved from /home/airflow/.local/lib/python3.12/site-packages/airflow/example_dags/example_branch_python_dop_operator_3.py
[2025-12-21T20:36:17.688+0000] {logging_mixin.py:190} INFO - [2025-12-21T20:36:17.688+0000] {dag.py:3239} INFO - Sync 1 DAGs
[2025-12-21T20:36:17.722+0000] {logging_mixin.py:190} INFO - [2025-12-21T20:36:17.722+0000] {dag.py:4180} INFO - Setting next_dagrun for example_branch_dop_operator_v3 to 2025-12-21 20:35:00+00:00, run_after=2025-12-21 20:36:00+00:00
[2025-12-21T20:36:17.750+0000] {processor.py:208} INFO - Processing /home/airflow/.local/lib/python3.12/site-packages/airflow/example_dags/example_branch_python_dop_operator_3.py took 0.125 seconds
[2025-12-21T20:36:48.546+0000] {processor.py:186} INFO - Started process (PID=1807) to work on /home/airflow/.local/lib/python3.12/site-packages/airflow/example_dags/example_branch_python_dop_operator_3.py
[2025-12-21T20:36:48.547+0000] {processor.py:914} INFO - Processing file /home/airflow/.local/lib/python3.12/site-packages/airflow/example_dags/example_branch_python_dop_operator_3.py for tasks to queue
[2025-12-21T20:36:48.552+0000] {logging_mixin.py:190} INFO - [2025-12-21T20:36:48.551+0000] {dagbag.py:588} INFO - Filling up the DagBag from /home/airflow/.local/lib/python3.12/site-packages/airflow/example_dags/example_branch_python_dop_operator_3.py
[2025-12-21T20:36:48.574+0000] {processor.py:925} INFO - DAG(s) 'example_branch_dop_operator_v3' retrieved from /home/airflow/.local/lib/python3.12/site-packages/airflow/example_dags/example_branch_python_dop_operator_3.py
[2025-12-21T20:36:48.612+0000] {logging_mixin.py:190} INFO - [2025-12-21T20:36:48.612+0000] {dag.py:3239} INFO - Sync 1 DAGs
[2025-12-21T20:36:48.649+0000] {logging_mixin.py:190} INFO - [2025-12-21T20:36:48.649+0000] {dag.py:4180} INFO - Setting next_dagrun for example_branch_dop_operator_v3 to 2025-12-21 20:35:00+00:00, run_after=2025-12-21 20:36:00+00:00
[2025-12-21T20:36:48.676+0000] {processor.py:208} INFO - Processing /home/airflow/.local/lib/python3.12/site-packages/airflow/example_dags/example_branch_python_dop_operator_3.py took 0.136 seconds
[2025-12-21T20:37:19.130+0000] {processor.py:186} INFO - Started process (PID=1873) to work on /home/airflow/.local/lib/python3.12/site-packages/airflow/example_dags/example_branch_python_dop_operator_3.py
[2025-12-21T20:37:19.132+0000] {processor.py:914} INFO - Processing file /home/airflow/.local/lib/python3.12/site-packages/airflow/example_dags/example_branch_python_dop_operator_3.py for tasks to queue
[2025-12-21T20:37:19.135+0000] {logging_mixin.py:190} INFO - [2025-12-21T20:37:19.134+0000] {dagbag.py:588} INFO - Filling up the DagBag from /home/airflow/.local/lib/python3.12/site-packages/airflow/example_dags/example_branch_python_dop_operator_3.py
[2025-12-21T20:37:19.148+0000] {processor.py:925} INFO - DAG(s) 'example_branch_dop_operator_v3' retrieved from /home/airflow/.local/lib/python3.12/site-packages/airflow/example_dags/example_branch_python_dop_operator_3.py
[2025-12-21T20:37:19.179+0000] {logging_mixin.py:190} INFO - [2025-12-21T20:37:19.178+0000] {dag.py:3239} INFO - Sync 1 DAGs
[2025-12-21T20:37:19.206+0000] {logging_mixin.py:190} INFO - [2025-12-21T20:37:19.206+0000] {dag.py:4180} INFO - Setting next_dagrun for example_branch_dop_operator_v3 to 2025-12-21 20:36:00+00:00, run_after=2025-12-21 20:37:00+00:00
[2025-12-21T20:37:19.230+0000] {processor.py:208} INFO - Processing /home/airflow/.local/lib/python3.12/site-packages/airflow/example_dags/example_branch_python_dop_operator_3.py took 0.108 seconds
[2025-12-21T20:37:49.318+0000] {processor.py:186} INFO - Started process (PID=1939) to work on /home/airflow/.local/lib/python3.12/site-packages/airflow/example_dags/example_branch_python_dop_operator_3.py
[2025-12-21T20:37:49.320+0000] {processor.py:914} INFO - Processing file /home/airflow/.local/lib/python3.12/site-packages/airflow/example_dags/example_branch_python_dop_operator_3.py for tasks to queue
[2025-12-21T20:37:49.325+0000] {logging_mixin.py:190} INFO - [2025-12-21T20:37:49.325+0000] {dagbag.py:588} INFO - Filling up the DagBag from /home/airflow/.local/lib/python3.12/site-packages/airflow/example_dags/example_branch_python_dop_operator_3.py
[2025-12-21T20:37:49.348+0000] {processor.py:925} INFO - DAG(s) 'example_branch_dop_operator_v3' retrieved from /home/airflow/.local/lib/python3.12/site-packages/airflow/example_dags/example_branch_python_dop_operator_3.py
[2025-12-21T20:37:49.371+0000] {logging_mixin.py:190} INFO - [2025-12-21T20:37:49.370+0000] {dag.py:3239} INFO - Sync 1 DAGs
[2025-12-21T20:37:49.397+0000] {logging_mixin.py:190} INFO - [2025-12-21T20:37:49.397+0000] {dag.py:4180} INFO - Setting next_dagrun for example_branch_dop_operator_v3 to 2025-12-21 20:36:00+00:00, run_after=2025-12-21 20:37:00+00:00
[2025-12-21T20:37:49.420+0000] {processor.py:208} INFO - Processing /home/airflow/.local/lib/python3.12/site-packages/airflow/example_dags/example_branch_python_dop_operator_3.py took 0.114 seconds
[2025-12-21T20:38:19.633+0000] {processor.py:186} INFO - Started process (PID=2005) to work on /home/airflow/.local/lib/python3.12/site-packages/airflow/example_dags/example_branch_python_dop_operator_3.py
[2025-12-21T20:38:19.635+0000] {processor.py:914} INFO - Processing file /home/airflow/.local/lib/python3.12/site-packages/airflow/example_dags/example_branch_python_dop_operator_3.py for tasks to queue
[2025-12-21T20:38:19.640+0000] {logging_mixin.py:190} INFO - [2025-12-21T20:38:19.639+0000] {dagbag.py:588} INFO - Filling up the DagBag from /home/airflow/.local/lib/python3.12/site-packages/airflow/example_dags/example_branch_python_dop_operator_3.py
[2025-12-21T20:38:19.665+0000] {processor.py:925} INFO - DAG(s) 'example_branch_dop_operator_v3' retrieved from /home/airflow/.local/lib/python3.12/site-packages/airflow/example_dags/example_branch_python_dop_operator_3.py
[2025-12-21T20:38:19.695+0000] {logging_mixin.py:190} INFO - [2025-12-21T20:38:19.694+0000] {dag.py:3239} INFO - Sync 1 DAGs
[2025-12-21T20:38:19.725+0000] {logging_mixin.py:190} INFO - [2025-12-21T20:38:19.725+0000] {dag.py:4180} INFO - Setting next_dagrun for example_branch_dop_operator_v3 to 2025-12-21 20:37:00+00:00, run_after=2025-12-21 20:38:00+00:00
[2025-12-21T20:38:19.758+0000] {processor.py:208} INFO - Processing /home/airflow/.local/lib/python3.12/site-packages/airflow/example_dags/example_branch_python_dop_operator_3.py took 0.136 seconds
[2025-12-21T20:38:50.194+0000] {processor.py:186} INFO - Started process (PID=2071) to work on /home/airflow/.local/lib/python3.12/site-packages/airflow/example_dags/example_branch_python_dop_operator_3.py
[2025-12-21T20:38:50.196+0000] {processor.py:914} INFO - Processing file /home/airflow/.local/lib/python3.12/site-packages/airflow/example_dags/example_branch_python_dop_operator_3.py for tasks to queue
[2025-12-21T20:38:50.199+0000] {logging_mixin.py:190} INFO - [2025-12-21T20:38:50.199+0000] {dagbag.py:588} INFO - Filling up the DagBag from /home/airflow/.local/lib/python3.12/site-packages/airflow/example_dags/example_branch_python_dop_operator_3.py
[2025-12-21T20:38:50.220+0000] {processor.py:925} INFO - DAG(s) 'example_branch_dop_operator_v3' retrieved from /home/airflow/.local/lib/python3.12/site-packages/airflow/example_dags/example_branch_python_dop_operator_3.py
[2025-12-21T20:38:50.253+0000] {logging_mixin.py:190} INFO - [2025-12-21T20:38:50.253+0000] {dag.py:3239} INFO - Sync 1 DAGs
[2025-12-21T20:38:50.291+0000] {logging_mixin.py:190} INFO - [2025-12-21T20:38:50.290+0000] {dag.py:4180} INFO - Setting next_dagrun for example_branch_dop_operator_v3 to 2025-12-21 20:37:00+00:00, run_after=2025-12-21 20:38:00+00:00
[2025-12-21T20:38:50.319+0000] {processor.py:208} INFO - Processing /home/airflow/.local/lib/python3.12/site-packages/airflow/example_dags/example_branch_python_dop_operator_3.py took 0.134 seconds
[2025-12-21T20:39:20.530+0000] {processor.py:186} INFO - Started process (PID=2137) to work on /home/airflow/.local/lib/python3.12/site-packages/airflow/example_dags/example_branch_python_dop_operator_3.py
[2025-12-21T20:39:20.532+0000] {processor.py:914} INFO - Processing file /home/airflow/.local/lib/python3.12/site-packages/airflow/example_dags/example_branch_python_dop_operator_3.py for tasks to queue
[2025-12-21T20:39:20.538+0000] {logging_mixin.py:190} INFO - [2025-12-21T20:39:20.537+0000] {dagbag.py:588} INFO - Filling up the DagBag from /home/airflow/.local/lib/python3.12/site-packages/airflow/example_dags/example_branch_python_dop_operator_3.py
[2025-12-21T20:39:20.561+0000] {processor.py:925} INFO - DAG(s) 'example_branch_dop_operator_v3' retrieved from /home/airflow/.local/lib/python3.12/site-packages/airflow/example_dags/example_branch_python_dop_operator_3.py
[2025-12-21T20:39:20.588+0000] {logging_mixin.py:190} INFO - [2025-12-21T20:39:20.587+0000] {dag.py:3239} INFO - Sync 1 DAGs
[2025-12-21T20:39:20.623+0000] {logging_mixin.py:190} INFO - [2025-12-21T20:39:20.623+0000] {dag.py:4180} INFO - Setting next_dagrun for example_branch_dop_operator_v3 to 2025-12-21 20:38:00+00:00, run_after=2025-12-21 20:39:00+00:00
[2025-12-21T20:39:20.647+0000] {processor.py:208} INFO - Processing /home/airflow/.local/lib/python3.12/site-packages/airflow/example_dags/example_branch_python_dop_operator_3.py took 0.127 seconds
[2025-12-21T20:39:50.735+0000] {processor.py:186} INFO - Started process (PID=2203) to work on /home/airflow/.local/lib/python3.12/site-packages/airflow/example_dags/example_branch_python_dop_operator_3.py
[2025-12-21T20:39:50.738+0000] {processor.py:914} INFO - Processing file /home/airflow/.local/lib/python3.12/site-packages/airflow/example_dags/example_branch_python_dop_operator_3.py for tasks to queue
[2025-12-21T20:39:50.745+0000] {logging_mixin.py:190} INFO - [2025-12-21T20:39:50.744+0000] {dagbag.py:588} INFO - Filling up the DagBag from /home/airflow/.local/lib/python3.12/site-packages/airflow/example_dags/example_branch_python_dop_operator_3.py
[2025-12-21T20:39:50.770+0000] {processor.py:925} INFO - DAG(s) 'example_branch_dop_operator_v3' retrieved from /home/airflow/.local/lib/python3.12/site-packages/airflow/example_dags/example_branch_python_dop_operator_3.py
[2025-12-21T20:39:50.796+0000] {logging_mixin.py:190} INFO - [2025-12-21T20:39:50.795+0000] {dag.py:3239} INFO - Sync 1 DAGs
[2025-12-21T20:39:50.827+0000] {logging_mixin.py:190} INFO - [2025-12-21T20:39:50.827+0000] {dag.py:4180} INFO - Setting next_dagrun for example_branch_dop_operator_v3 to 2025-12-21 20:38:00+00:00, run_after=2025-12-21 20:39:00+00:00
[2025-12-21T20:39:50.852+0000] {processor.py:208} INFO - Processing /home/airflow/.local/lib/python3.12/site-packages/airflow/example_dags/example_branch_python_dop_operator_3.py took 0.128 seconds
[2025-12-21T20:43:15.070+0000] {processor.py:186} INFO - Started process (PID=2273) to work on /home/airflow/.local/lib/python3.12/site-packages/airflow/example_dags/example_branch_python_dop_operator_3.py
[2025-12-21T20:43:15.075+0000] {processor.py:914} INFO - Processing file /home/airflow/.local/lib/python3.12/site-packages/airflow/example_dags/example_branch_python_dop_operator_3.py for tasks to queue
[2025-12-21T20:43:15.078+0000] {logging_mixin.py:190} INFO - [2025-12-21T20:43:15.077+0000] {dagbag.py:588} INFO - Filling up the DagBag from /home/airflow/.local/lib/python3.12/site-packages/airflow/example_dags/example_branch_python_dop_operator_3.py
[2025-12-21T20:43:15.101+0000] {processor.py:925} INFO - DAG(s) 'example_branch_dop_operator_v3' retrieved from /home/airflow/.local/lib/python3.12/site-packages/airflow/example_dags/example_branch_python_dop_operator_3.py
[2025-12-21T20:43:15.131+0000] {logging_mixin.py:190} INFO - [2025-12-21T20:43:15.131+0000] {dag.py:3239} INFO - Sync 1 DAGs
[2025-12-21T20:43:15.183+0000] {logging_mixin.py:190} INFO - [2025-12-21T20:43:15.183+0000] {dag.py:4180} INFO - Setting next_dagrun for example_branch_dop_operator_v3 to 2025-12-21 20:42:00+00:00, run_after=2025-12-21 20:43:00+00:00
[2025-12-21T20:43:15.221+0000] {processor.py:208} INFO - Processing /home/airflow/.local/lib/python3.12/site-packages/airflow/example_dags/example_branch_python_dop_operator_3.py took 0.160 seconds
[2025-12-21T20:43:46.009+0000] {processor.py:186} INFO - Started process (PID=2339) to work on /home/airflow/.local/lib/python3.12/site-packages/airflow/example_dags/example_branch_python_dop_operator_3.py
[2025-12-21T20:43:46.011+0000] {processor.py:914} INFO - Processing file /home/airflow/.local/lib/python3.12/site-packages/airflow/example_dags/example_branch_python_dop_operator_3.py for tasks to queue
[2025-12-21T20:43:46.013+0000] {logging_mixin.py:190} INFO - [2025-12-21T20:43:46.012+0000] {dagbag.py:588} INFO - Filling up the DagBag from /home/airflow/.local/lib/python3.12/site-packages/airflow/example_dags/example_branch_python_dop_operator_3.py
[2025-12-21T20:43:46.026+0000] {processor.py:925} INFO - DAG(s) 'example_branch_dop_operator_v3' retrieved from /home/airflow/.local/lib/python3.12/site-packages/airflow/example_dags/example_branch_python_dop_operator_3.py
[2025-12-21T20:43:46.047+0000] {logging_mixin.py:190} INFO - [2025-12-21T20:43:46.047+0000] {dag.py:3239} INFO - Sync 1 DAGs
[2025-12-21T20:43:46.077+0000] {logging_mixin.py:190} INFO - [2025-12-21T20:43:46.076+0000] {dag.py:4180} INFO - Setting next_dagrun for example_branch_dop_operator_v3 to 2025-12-21 20:42:00+00:00, run_after=2025-12-21 20:43:00+00:00
[2025-12-21T20:43:46.103+0000] {processor.py:208} INFO - Processing /home/airflow/.local/lib/python3.12/site-packages/airflow/example_dags/example_branch_python_dop_operator_3.py took 0.106 seconds
[2025-12-21T20:44:16.319+0000] {processor.py:186} INFO - Started process (PID=2405) to work on /home/airflow/.local/lib/python3.12/site-packages/airflow/example_dags/example_branch_python_dop_operator_3.py
[2025-12-21T20:44:16.321+0000] {processor.py:914} INFO - Processing file /home/airflow/.local/lib/python3.12/site-packages/airflow/example_dags/example_branch_python_dop_operator_3.py for tasks to queue
[2025-12-21T20:44:16.323+0000] {logging_mixin.py:190} INFO - [2025-12-21T20:44:16.323+0000] {dagbag.py:588} INFO - Filling up the DagBag from /home/airflow/.local/lib/python3.12/site-packages/airflow/example_dags/example_branch_python_dop_operator_3.py
[2025-12-21T20:44:16.336+0000] {processor.py:925} INFO - DAG(s) 'example_branch_dop_operator_v3' retrieved from /home/airflow/.local/lib/python3.12/site-packages/airflow/example_dags/example_branch_python_dop_operator_3.py
[2025-12-21T20:44:16.360+0000] {logging_mixin.py:190} INFO - [2025-12-21T20:44:16.360+0000] {dag.py:3239} INFO - Sync 1 DAGs
[2025-12-21T20:44:16.396+0000] {logging_mixin.py:190} INFO - [2025-12-21T20:44:16.395+0000] {dag.py:4180} INFO - Setting next_dagrun for example_branch_dop_operator_v3 to 2025-12-21 20:43:00+00:00, run_after=2025-12-21 20:44:00+00:00
[2025-12-21T20:44:16.419+0000] {processor.py:208} INFO - Processing /home/airflow/.local/lib/python3.12/site-packages/airflow/example_dags/example_branch_python_dop_operator_3.py took 0.109 seconds
[2025-12-21T20:44:46.859+0000] {processor.py:186} INFO - Started process (PID=2471) to work on /home/airflow/.local/lib/python3.12/site-packages/airflow/example_dags/example_branch_python_dop_operator_3.py
[2025-12-21T20:44:46.860+0000] {processor.py:914} INFO - Processing file /home/airflow/.local/lib/python3.12/site-packages/airflow/example_dags/example_branch_python_dop_operator_3.py for tasks to queue
[2025-12-21T20:44:46.861+0000] {logging_mixin.py:190} INFO - [2025-12-21T20:44:46.861+0000] {dagbag.py:588} INFO - Filling up the DagBag from /home/airflow/.local/lib/python3.12/site-packages/airflow/example_dags/example_branch_python_dop_operator_3.py
[2025-12-21T20:44:46.871+0000] {processor.py:925} INFO - DAG(s) 'example_branch_dop_operator_v3' retrieved from /home/airflow/.local/lib/python3.12/site-packages/airflow/example_dags/example_branch_python_dop_operator_3.py
[2025-12-21T20:44:46.893+0000] {logging_mixin.py:190} INFO - [2025-12-21T20:44:46.892+0000] {dag.py:3239} INFO - Sync 1 DAGs
[2025-12-21T20:44:46.919+0000] {logging_mixin.py:190} INFO - [2025-12-21T20:44:46.918+0000] {dag.py:4180} INFO - Setting next_dagrun for example_branch_dop_operator_v3 to 2025-12-21 20:43:00+00:00, run_after=2025-12-21 20:44:00+00:00
[2025-12-21T20:44:46.942+0000] {processor.py:208} INFO - Processing /home/airflow/.local/lib/python3.12/site-packages/airflow/example_dags/example_branch_python_dop_operator_3.py took 0.089 seconds
[2025-12-21T20:45:17.122+0000] {processor.py:186} INFO - Started process (PID=2536) to work on /home/airflow/.local/lib/python3.12/site-packages/airflow/example_dags/example_branch_python_dop_operator_3.py
[2025-12-21T20:45:17.123+0000] {processor.py:914} INFO - Processing file /home/airflow/.local/lib/python3.12/site-packages/airflow/example_dags/example_branch_python_dop_operator_3.py for tasks to queue
[2025-12-21T20:45:17.124+0000] {logging_mixin.py:190} INFO - [2025-12-21T20:45:17.124+0000] {dagbag.py:588} INFO - Filling up the DagBag from /home/airflow/.local/lib/python3.12/site-packages/airflow/example_dags/example_branch_python_dop_operator_3.py
[2025-12-21T20:45:17.136+0000] {processor.py:925} INFO - DAG(s) 'example_branch_dop_operator_v3' retrieved from /home/airflow/.local/lib/python3.12/site-packages/airflow/example_dags/example_branch_python_dop_operator_3.py
[2025-12-21T20:45:17.160+0000] {logging_mixin.py:190} INFO - [2025-12-21T20:45:17.159+0000] {dag.py:3239} INFO - Sync 1 DAGs
[2025-12-21T20:45:17.200+0000] {logging_mixin.py:190} INFO - [2025-12-21T20:45:17.200+0000] {dag.py:4180} INFO - Setting next_dagrun for example_branch_dop_operator_v3 to 2025-12-21 20:44:00+00:00, run_after=2025-12-21 20:45:00+00:00
[2025-12-21T20:45:17.226+0000] {processor.py:208} INFO - Processing /home/airflow/.local/lib/python3.12/site-packages/airflow/example_dags/example_branch_python_dop_operator_3.py took 0.109 seconds
[2025-12-21T20:45:47.865+0000] {processor.py:186} INFO - Started process (PID=2602) to work on /home/airflow/.local/lib/python3.12/site-packages/airflow/example_dags/example_branch_python_dop_operator_3.py
[2025-12-21T20:45:47.867+0000] {processor.py:914} INFO - Processing file /home/airflow/.local/lib/python3.12/site-packages/airflow/example_dags/example_branch_python_dop_operator_3.py for tasks to queue
[2025-12-21T20:45:47.869+0000] {logging_mixin.py:190} INFO - [2025-12-21T20:45:47.868+0000] {dagbag.py:588} INFO - Filling up the DagBag from /home/airflow/.local/lib/python3.12/site-packages/airflow/example_dags/example_branch_python_dop_operator_3.py
[2025-12-21T20:45:47.887+0000] {processor.py:925} INFO - DAG(s) 'example_branch_dop_operator_v3' retrieved from /home/airflow/.local/lib/python3.12/site-packages/airflow/example_dags/example_branch_python_dop_operator_3.py
[2025-12-21T20:45:47.914+0000] {logging_mixin.py:190} INFO - [2025-12-21T20:45:47.914+0000] {dag.py:3239} INFO - Sync 1 DAGs
[2025-12-21T20:45:47.949+0000] {logging_mixin.py:190} INFO - [2025-12-21T20:45:47.948+0000] {dag.py:4180} INFO - Setting next_dagrun for example_branch_dop_operator_v3 to 2025-12-21 20:44:00+00:00, run_after=2025-12-21 20:45:00+00:00
[2025-12-21T20:45:47.975+0000] {processor.py:208} INFO - Processing /home/airflow/.local/lib/python3.12/site-packages/airflow/example_dags/example_branch_python_dop_operator_3.py took 0.121 seconds
[2025-12-21T20:46:18.099+0000] {processor.py:186} INFO - Started process (PID=2668) to work on /home/airflow/.local/lib/python3.12/site-packages/airflow/example_dags/example_branch_python_dop_operator_3.py
[2025-12-21T20:46:18.100+0000] {processor.py:914} INFO - Processing file /home/airflow/.local/lib/python3.12/site-packages/airflow/example_dags/example_branch_python_dop_operator_3.py for tasks to queue
[2025-12-21T20:46:18.102+0000] {logging_mixin.py:190} INFO - [2025-12-21T20:46:18.102+0000] {dagbag.py:588} INFO - Filling up the DagBag from /home/airflow/.local/lib/python3.12/site-packages/airflow/example_dags/example_branch_python_dop_operator_3.py
[2025-12-21T20:46:18.113+0000] {processor.py:925} INFO - DAG(s) 'example_branch_dop_operator_v3' retrieved from /home/airflow/.local/lib/python3.12/site-packages/airflow/example_dags/example_branch_python_dop_operator_3.py
[2025-12-21T20:46:18.135+0000] {logging_mixin.py:190} INFO - [2025-12-21T20:46:18.135+0000] {dag.py:3239} INFO - Sync 1 DAGs
[2025-12-21T20:46:18.162+0000] {logging_mixin.py:190} INFO - [2025-12-21T20:46:18.161+0000] {dag.py:4180} INFO - Setting next_dagrun for example_branch_dop_operator_v3 to 2025-12-21 20:45:00+00:00, run_after=2025-12-21 20:46:00+00:00
[2025-12-21T20:46:18.191+0000] {processor.py:208} INFO - Processing /home/airflow/.local/lib/python3.12/site-packages/airflow/example_dags/example_branch_python_dop_operator_3.py took 0.103 seconds
[2025-12-21T20:46:48.470+0000] {processor.py:186} INFO - Started process (PID=2734) to work on /home/airflow/.local/lib/python3.12/site-packages/airflow/example_dags/example_branch_python_dop_operator_3.py
[2025-12-21T20:46:48.471+0000] {processor.py:914} INFO - Processing file /home/airflow/.local/lib/python3.12/site-packages/airflow/example_dags/example_branch_python_dop_operator_3.py for tasks to queue
[2025-12-21T20:46:48.474+0000] {logging_mixin.py:190} INFO - [2025-12-21T20:46:48.473+0000] {dagbag.py:588} INFO - Filling up the DagBag from /home/airflow/.local/lib/python3.12/site-packages/airflow/example_dags/example_branch_python_dop_operator_3.py
[2025-12-21T20:46:48.484+0000] {processor.py:925} INFO - DAG(s) 'example_branch_dop_operator_v3' retrieved from /home/airflow/.local/lib/python3.12/site-packages/airflow/example_dags/example_branch_python_dop_operator_3.py
[2025-12-21T20:46:48.514+0000] {logging_mixin.py:190} INFO - [2025-12-21T20:46:48.514+0000] {dag.py:3239} INFO - Sync 1 DAGs
[2025-12-21T20:46:48.543+0000] {logging_mixin.py:190} INFO - [2025-12-21T20:46:48.542+0000] {dag.py:4180} INFO - Setting next_dagrun for example_branch_dop_operator_v3 to 2025-12-21 20:45:00+00:00, run_after=2025-12-21 20:46:00+00:00
[2025-12-21T20:46:48.566+0000] {processor.py:208} INFO - Processing /home/airflow/.local/lib/python3.12/site-packages/airflow/example_dags/example_branch_python_dop_operator_3.py took 0.106 seconds
[2025-12-21T20:47:18.800+0000] {processor.py:186} INFO - Started process (PID=2800) to work on /home/airflow/.local/lib/python3.12/site-packages/airflow/example_dags/example_branch_python_dop_operator_3.py
[2025-12-21T20:47:18.802+0000] {processor.py:914} INFO - Processing file /home/airflow/.local/lib/python3.12/site-packages/airflow/example_dags/example_branch_python_dop_operator_3.py for tasks to queue
[2025-12-21T20:47:18.806+0000] {logging_mixin.py:190} INFO - [2025-12-21T20:47:18.804+0000] {dagbag.py:588} INFO - Filling up the DagBag from /home/airflow/.local/lib/python3.12/site-packages/airflow/example_dags/example_branch_python_dop_operator_3.py
[2025-12-21T20:47:18.830+0000] {processor.py:925} INFO - DAG(s) 'example_branch_dop_operator_v3' retrieved from /home/airflow/.local/lib/python3.12/site-packages/airflow/example_dags/example_branch_python_dop_operator_3.py
[2025-12-21T20:47:18.857+0000] {logging_mixin.py:190} INFO - [2025-12-21T20:47:18.856+0000] {dag.py:3239} INFO - Sync 1 DAGs
[2025-12-21T20:47:18.905+0000] {logging_mixin.py:190} INFO - [2025-12-21T20:47:18.904+0000] {dag.py:4180} INFO - Setting next_dagrun for example_branch_dop_operator_v3 to 2025-12-21 20:46:00+00:00, run_after=2025-12-21 20:47:00+00:00
[2025-12-21T20:47:18.939+0000] {processor.py:208} INFO - Processing /home/airflow/.local/lib/python3.12/site-packages/airflow/example_dags/example_branch_python_dop_operator_3.py took 0.149 seconds
[2025-12-21T20:47:49.102+0000] {processor.py:186} INFO - Started process (PID=2866) to work on /home/airflow/.local/lib/python3.12/site-packages/airflow/example_dags/example_branch_python_dop_operator_3.py
[2025-12-21T20:47:49.104+0000] {processor.py:914} INFO - Processing file /home/airflow/.local/lib/python3.12/site-packages/airflow/example_dags/example_branch_python_dop_operator_3.py for tasks to queue
[2025-12-21T20:47:49.106+0000] {logging_mixin.py:190} INFO - [2025-12-21T20:47:49.105+0000] {dagbag.py:588} INFO - Filling up the DagBag from /home/airflow/.local/lib/python3.12/site-packages/airflow/example_dags/example_branch_python_dop_operator_3.py
[2025-12-21T20:47:49.117+0000] {processor.py:925} INFO - DAG(s) 'example_branch_dop_operator_v3' retrieved from /home/airflow/.local/lib/python3.12/site-packages/airflow/example_dags/example_branch_python_dop_operator_3.py
[2025-12-21T20:47:49.142+0000] {logging_mixin.py:190} INFO - [2025-12-21T20:47:49.142+0000] {dag.py:3239} INFO - Sync 1 DAGs
[2025-12-21T20:47:49.172+0000] {logging_mixin.py:190} INFO - [2025-12-21T20:47:49.172+0000] {dag.py:4180} INFO - Setting next_dagrun for example_branch_dop_operator_v3 to 2025-12-21 20:46:00+00:00, run_after=2025-12-21 20:47:00+00:00
[2025-12-21T20:47:49.199+0000] {processor.py:208} INFO - Processing /home/airflow/.local/lib/python3.12/site-packages/airflow/example_dags/example_branch_python_dop_operator_3.py took 0.106 seconds
