[2025-12-21T20:23:34.853+0000] {processor.py:186} INFO - Started process (PID=91) to work on /home/airflow/.local/lib/python3.12/site-packages/airflow/example_dags/tutorial.py
[2025-12-21T20:23:34.854+0000] {processor.py:914} INFO - Processing file /home/airflow/.local/lib/python3.12/site-packages/airflow/example_dags/tutorial.py for tasks to queue
[2025-12-21T20:23:34.857+0000] {logging_mixin.py:190} INFO - [2025-12-21T20:23:34.856+0000] {dagbag.py:588} INFO - Filling up the DagBag from /home/airflow/.local/lib/python3.12/site-packages/airflow/example_dags/tutorial.py
[2025-12-21T20:23:34.867+0000] {processor.py:925} INFO - DAG(s) 'tutorial' retrieved from /home/airflow/.local/lib/python3.12/site-packages/airflow/example_dags/tutorial.py
[2025-12-21T20:23:35.004+0000] {logging_mixin.py:190} INFO - [2025-12-21T20:23:35.003+0000] {override.py:1912} INFO - Created Permission View: can delete on DAG:tutorial
[2025-12-21T20:23:35.019+0000] {logging_mixin.py:190} INFO - [2025-12-21T20:23:35.019+0000] {override.py:1912} INFO - Created Permission View: can edit on DAG:tutorial
[2025-12-21T20:23:35.032+0000] {logging_mixin.py:190} INFO - [2025-12-21T20:23:35.032+0000] {override.py:1912} INFO - Created Permission View: can read on DAG:tutorial
[2025-12-21T20:23:35.047+0000] {logging_mixin.py:190} INFO - [2025-12-21T20:23:35.047+0000] {override.py:1912} INFO - Created Permission View: can delete on DAG Run:tutorial
[2025-12-21T20:23:35.063+0000] {logging_mixin.py:190} INFO - [2025-12-21T20:23:35.062+0000] {override.py:1912} INFO - Created Permission View: can create on DAG Run:tutorial
[2025-12-21T20:23:35.075+0000] {logging_mixin.py:190} INFO - [2025-12-21T20:23:35.075+0000] {override.py:1912} INFO - Created Permission View: menu access on DAG Run:tutorial
[2025-12-21T20:23:35.088+0000] {logging_mixin.py:190} INFO - [2025-12-21T20:23:35.087+0000] {override.py:1912} INFO - Created Permission View: can read on DAG Run:tutorial
[2025-12-21T20:23:35.088+0000] {logging_mixin.py:190} INFO - [2025-12-21T20:23:35.088+0000] {dag.py:3239} INFO - Sync 1 DAGs
[2025-12-21T20:23:35.115+0000] {logging_mixin.py:190} INFO - [2025-12-21T20:23:35.114+0000] {dag.py:3262} INFO - Creating ORM DAG for tutorial
[2025-12-21T20:23:35.130+0000] {logging_mixin.py:190} INFO - [2025-12-21T20:23:35.129+0000] {dag.py:4180} INFO - Setting next_dagrun for tutorial to 2025-12-20 00:00:00+00:00, run_after=2025-12-21 00:00:00+00:00
[2025-12-21T20:23:35.154+0000] {processor.py:208} INFO - Processing /home/airflow/.local/lib/python3.12/site-packages/airflow/example_dags/tutorial.py took 0.306 seconds
[2025-12-21T20:24:05.643+0000] {processor.py:186} INFO - Started process (PID=156) to work on /home/airflow/.local/lib/python3.12/site-packages/airflow/example_dags/tutorial.py
[2025-12-21T20:24:05.645+0000] {processor.py:914} INFO - Processing file /home/airflow/.local/lib/python3.12/site-packages/airflow/example_dags/tutorial.py for tasks to queue
[2025-12-21T20:24:05.649+0000] {logging_mixin.py:190} INFO - [2025-12-21T20:24:05.648+0000] {dagbag.py:588} INFO - Filling up the DagBag from /home/airflow/.local/lib/python3.12/site-packages/airflow/example_dags/tutorial.py
[2025-12-21T20:24:05.659+0000] {processor.py:925} INFO - DAG(s) 'tutorial' retrieved from /home/airflow/.local/lib/python3.12/site-packages/airflow/example_dags/tutorial.py
[2025-12-21T20:24:05.686+0000] {logging_mixin.py:190} INFO - [2025-12-21T20:24:05.685+0000] {dag.py:3239} INFO - Sync 1 DAGs
[2025-12-21T20:24:05.727+0000] {logging_mixin.py:190} INFO - [2025-12-21T20:24:05.727+0000] {dag.py:4180} INFO - Setting next_dagrun for tutorial to 2025-12-20 00:00:00+00:00, run_after=2025-12-21 00:00:00+00:00
[2025-12-21T20:24:05.755+0000] {processor.py:208} INFO - Processing /home/airflow/.local/lib/python3.12/site-packages/airflow/example_dags/tutorial.py took 0.125 seconds
[2025-12-21T20:24:35.875+0000] {processor.py:186} INFO - Started process (PID=222) to work on /home/airflow/.local/lib/python3.12/site-packages/airflow/example_dags/tutorial.py
[2025-12-21T20:24:35.877+0000] {processor.py:914} INFO - Processing file /home/airflow/.local/lib/python3.12/site-packages/airflow/example_dags/tutorial.py for tasks to queue
[2025-12-21T20:24:35.882+0000] {logging_mixin.py:190} INFO - [2025-12-21T20:24:35.881+0000] {dagbag.py:588} INFO - Filling up the DagBag from /home/airflow/.local/lib/python3.12/site-packages/airflow/example_dags/tutorial.py
[2025-12-21T20:24:35.901+0000] {processor.py:925} INFO - DAG(s) 'tutorial' retrieved from /home/airflow/.local/lib/python3.12/site-packages/airflow/example_dags/tutorial.py
[2025-12-21T20:24:35.928+0000] {logging_mixin.py:190} INFO - [2025-12-21T20:24:35.927+0000] {dag.py:3239} INFO - Sync 1 DAGs
[2025-12-21T20:24:35.956+0000] {logging_mixin.py:190} INFO - [2025-12-21T20:24:35.955+0000] {dag.py:4180} INFO - Setting next_dagrun for tutorial to 2025-12-20 00:00:00+00:00, run_after=2025-12-21 00:00:00+00:00
[2025-12-21T20:24:35.978+0000] {processor.py:208} INFO - Processing /home/airflow/.local/lib/python3.12/site-packages/airflow/example_dags/tutorial.py took 0.118 seconds
[2025-12-21T20:25:06.504+0000] {processor.py:186} INFO - Started process (PID=288) to work on /home/airflow/.local/lib/python3.12/site-packages/airflow/example_dags/tutorial.py
[2025-12-21T20:25:06.507+0000] {processor.py:914} INFO - Processing file /home/airflow/.local/lib/python3.12/site-packages/airflow/example_dags/tutorial.py for tasks to queue
[2025-12-21T20:25:06.511+0000] {logging_mixin.py:190} INFO - [2025-12-21T20:25:06.510+0000] {dagbag.py:588} INFO - Filling up the DagBag from /home/airflow/.local/lib/python3.12/site-packages/airflow/example_dags/tutorial.py
[2025-12-21T20:25:06.529+0000] {processor.py:925} INFO - DAG(s) 'tutorial' retrieved from /home/airflow/.local/lib/python3.12/site-packages/airflow/example_dags/tutorial.py
[2025-12-21T20:25:06.568+0000] {logging_mixin.py:190} INFO - [2025-12-21T20:25:06.568+0000] {dag.py:3239} INFO - Sync 1 DAGs
[2025-12-21T20:25:06.594+0000] {logging_mixin.py:190} INFO - [2025-12-21T20:25:06.593+0000] {dag.py:4180} INFO - Setting next_dagrun for tutorial to 2025-12-20 00:00:00+00:00, run_after=2025-12-21 00:00:00+00:00
[2025-12-21T20:25:06.624+0000] {processor.py:208} INFO - Processing /home/airflow/.local/lib/python3.12/site-packages/airflow/example_dags/tutorial.py took 0.134 seconds
[2025-12-21T20:25:36.892+0000] {processor.py:186} INFO - Started process (PID=354) to work on /home/airflow/.local/lib/python3.12/site-packages/airflow/example_dags/tutorial.py
[2025-12-21T20:25:36.894+0000] {processor.py:914} INFO - Processing file /home/airflow/.local/lib/python3.12/site-packages/airflow/example_dags/tutorial.py for tasks to queue
[2025-12-21T20:25:36.898+0000] {logging_mixin.py:190} INFO - [2025-12-21T20:25:36.897+0000] {dagbag.py:588} INFO - Filling up the DagBag from /home/airflow/.local/lib/python3.12/site-packages/airflow/example_dags/tutorial.py
[2025-12-21T20:25:36.913+0000] {processor.py:925} INFO - DAG(s) 'tutorial' retrieved from /home/airflow/.local/lib/python3.12/site-packages/airflow/example_dags/tutorial.py
[2025-12-21T20:25:36.948+0000] {logging_mixin.py:190} INFO - [2025-12-21T20:25:36.947+0000] {dag.py:3239} INFO - Sync 1 DAGs
[2025-12-21T20:25:36.972+0000] {logging_mixin.py:190} INFO - [2025-12-21T20:25:36.972+0000] {dag.py:4180} INFO - Setting next_dagrun for tutorial to 2025-12-20 00:00:00+00:00, run_after=2025-12-21 00:00:00+00:00
[2025-12-21T20:25:37.001+0000] {processor.py:208} INFO - Processing /home/airflow/.local/lib/python3.12/site-packages/airflow/example_dags/tutorial.py took 0.121 seconds
[2025-12-21T20:26:07.126+0000] {processor.py:186} INFO - Started process (PID=420) to work on /home/airflow/.local/lib/python3.12/site-packages/airflow/example_dags/tutorial.py
[2025-12-21T20:26:07.129+0000] {processor.py:914} INFO - Processing file /home/airflow/.local/lib/python3.12/site-packages/airflow/example_dags/tutorial.py for tasks to queue
[2025-12-21T20:26:07.135+0000] {logging_mixin.py:190} INFO - [2025-12-21T20:26:07.134+0000] {dagbag.py:588} INFO - Filling up the DagBag from /home/airflow/.local/lib/python3.12/site-packages/airflow/example_dags/tutorial.py
[2025-12-21T20:26:07.153+0000] {processor.py:925} INFO - DAG(s) 'tutorial' retrieved from /home/airflow/.local/lib/python3.12/site-packages/airflow/example_dags/tutorial.py
[2025-12-21T20:26:07.191+0000] {logging_mixin.py:190} INFO - [2025-12-21T20:26:07.190+0000] {dag.py:3239} INFO - Sync 1 DAGs
[2025-12-21T20:26:07.222+0000] {logging_mixin.py:190} INFO - [2025-12-21T20:26:07.222+0000] {dag.py:4180} INFO - Setting next_dagrun for tutorial to 2025-12-20 00:00:00+00:00, run_after=2025-12-21 00:00:00+00:00
[2025-12-21T20:26:07.243+0000] {processor.py:208} INFO - Processing /home/airflow/.local/lib/python3.12/site-packages/airflow/example_dags/tutorial.py took 0.129 seconds
[2025-12-21T20:26:37.422+0000] {processor.py:186} INFO - Started process (PID=486) to work on /home/airflow/.local/lib/python3.12/site-packages/airflow/example_dags/tutorial.py
[2025-12-21T20:26:37.424+0000] {processor.py:914} INFO - Processing file /home/airflow/.local/lib/python3.12/site-packages/airflow/example_dags/tutorial.py for tasks to queue
[2025-12-21T20:26:37.429+0000] {logging_mixin.py:190} INFO - [2025-12-21T20:26:37.428+0000] {dagbag.py:588} INFO - Filling up the DagBag from /home/airflow/.local/lib/python3.12/site-packages/airflow/example_dags/tutorial.py
[2025-12-21T20:26:37.444+0000] {processor.py:925} INFO - DAG(s) 'tutorial' retrieved from /home/airflow/.local/lib/python3.12/site-packages/airflow/example_dags/tutorial.py
[2025-12-21T20:26:37.479+0000] {logging_mixin.py:190} INFO - [2025-12-21T20:26:37.478+0000] {dag.py:3239} INFO - Sync 1 DAGs
[2025-12-21T20:26:37.507+0000] {logging_mixin.py:190} INFO - [2025-12-21T20:26:37.507+0000] {dag.py:4180} INFO - Setting next_dagrun for tutorial to 2025-12-20 00:00:00+00:00, run_after=2025-12-21 00:00:00+00:00
[2025-12-21T20:26:37.535+0000] {processor.py:208} INFO - Processing /home/airflow/.local/lib/python3.12/site-packages/airflow/example_dags/tutorial.py took 0.123 seconds
[2025-12-21T20:27:07.830+0000] {processor.py:186} INFO - Started process (PID=552) to work on /home/airflow/.local/lib/python3.12/site-packages/airflow/example_dags/tutorial.py
[2025-12-21T20:27:07.832+0000] {processor.py:914} INFO - Processing file /home/airflow/.local/lib/python3.12/site-packages/airflow/example_dags/tutorial.py for tasks to queue
[2025-12-21T20:27:07.834+0000] {logging_mixin.py:190} INFO - [2025-12-21T20:27:07.834+0000] {dagbag.py:588} INFO - Filling up the DagBag from /home/airflow/.local/lib/python3.12/site-packages/airflow/example_dags/tutorial.py
[2025-12-21T20:27:07.844+0000] {processor.py:925} INFO - DAG(s) 'tutorial' retrieved from /home/airflow/.local/lib/python3.12/site-packages/airflow/example_dags/tutorial.py
[2025-12-21T20:27:07.893+0000] {logging_mixin.py:190} INFO - [2025-12-21T20:27:07.893+0000] {dag.py:3239} INFO - Sync 1 DAGs
[2025-12-21T20:27:07.927+0000] {logging_mixin.py:190} INFO - [2025-12-21T20:27:07.926+0000] {dag.py:4180} INFO - Setting next_dagrun for tutorial to 2025-12-20 00:00:00+00:00, run_after=2025-12-21 00:00:00+00:00
[2025-12-21T20:27:07.960+0000] {processor.py:208} INFO - Processing /home/airflow/.local/lib/python3.12/site-packages/airflow/example_dags/tutorial.py took 0.137 seconds
[2025-12-21T20:27:38.013+0000] {processor.py:186} INFO - Started process (PID=618) to work on /home/airflow/.local/lib/python3.12/site-packages/airflow/example_dags/tutorial.py
[2025-12-21T20:27:38.014+0000] {processor.py:914} INFO - Processing file /home/airflow/.local/lib/python3.12/site-packages/airflow/example_dags/tutorial.py for tasks to queue
[2025-12-21T20:27:38.017+0000] {logging_mixin.py:190} INFO - [2025-12-21T20:27:38.016+0000] {dagbag.py:588} INFO - Filling up the DagBag from /home/airflow/.local/lib/python3.12/site-packages/airflow/example_dags/tutorial.py
[2025-12-21T20:27:38.026+0000] {processor.py:925} INFO - DAG(s) 'tutorial' retrieved from /home/airflow/.local/lib/python3.12/site-packages/airflow/example_dags/tutorial.py
[2025-12-21T20:27:38.061+0000] {logging_mixin.py:190} INFO - [2025-12-21T20:27:38.061+0000] {dag.py:3239} INFO - Sync 1 DAGs
[2025-12-21T20:27:38.083+0000] {logging_mixin.py:190} INFO - [2025-12-21T20:27:38.083+0000] {dag.py:4180} INFO - Setting next_dagrun for tutorial to 2025-12-20 00:00:00+00:00, run_after=2025-12-21 00:00:00+00:00
[2025-12-21T20:27:38.113+0000] {processor.py:208} INFO - Processing /home/airflow/.local/lib/python3.12/site-packages/airflow/example_dags/tutorial.py took 0.108 seconds
[2025-12-21T20:28:09.064+0000] {processor.py:186} INFO - Started process (PID=684) to work on /home/airflow/.local/lib/python3.12/site-packages/airflow/example_dags/tutorial.py
[2025-12-21T20:28:09.067+0000] {processor.py:914} INFO - Processing file /home/airflow/.local/lib/python3.12/site-packages/airflow/example_dags/tutorial.py for tasks to queue
[2025-12-21T20:28:09.073+0000] {logging_mixin.py:190} INFO - [2025-12-21T20:28:09.072+0000] {dagbag.py:588} INFO - Filling up the DagBag from /home/airflow/.local/lib/python3.12/site-packages/airflow/example_dags/tutorial.py
[2025-12-21T20:28:09.091+0000] {processor.py:925} INFO - DAG(s) 'tutorial' retrieved from /home/airflow/.local/lib/python3.12/site-packages/airflow/example_dags/tutorial.py
[2025-12-21T20:28:09.112+0000] {logging_mixin.py:190} INFO - [2025-12-21T20:28:09.112+0000] {dag.py:3239} INFO - Sync 1 DAGs
[2025-12-21T20:28:09.134+0000] {logging_mixin.py:190} INFO - [2025-12-21T20:28:09.134+0000] {dag.py:4180} INFO - Setting next_dagrun for tutorial to 2025-12-20 00:00:00+00:00, run_after=2025-12-21 00:00:00+00:00
[2025-12-21T20:28:09.160+0000] {processor.py:208} INFO - Processing /home/airflow/.local/lib/python3.12/site-packages/airflow/example_dags/tutorial.py took 0.108 seconds
[2025-12-21T20:28:39.938+0000] {processor.py:186} INFO - Started process (PID=750) to work on /home/airflow/.local/lib/python3.12/site-packages/airflow/example_dags/tutorial.py
[2025-12-21T20:28:39.939+0000] {processor.py:914} INFO - Processing file /home/airflow/.local/lib/python3.12/site-packages/airflow/example_dags/tutorial.py for tasks to queue
[2025-12-21T20:28:39.943+0000] {logging_mixin.py:190} INFO - [2025-12-21T20:28:39.942+0000] {dagbag.py:588} INFO - Filling up the DagBag from /home/airflow/.local/lib/python3.12/site-packages/airflow/example_dags/tutorial.py
[2025-12-21T20:28:39.957+0000] {processor.py:925} INFO - DAG(s) 'tutorial' retrieved from /home/airflow/.local/lib/python3.12/site-packages/airflow/example_dags/tutorial.py
[2025-12-21T20:28:39.979+0000] {logging_mixin.py:190} INFO - [2025-12-21T20:28:39.978+0000] {dag.py:3239} INFO - Sync 1 DAGs
[2025-12-21T20:28:40.005+0000] {logging_mixin.py:190} INFO - [2025-12-21T20:28:40.004+0000] {dag.py:4180} INFO - Setting next_dagrun for tutorial to 2025-12-20 00:00:00+00:00, run_after=2025-12-21 00:00:00+00:00
[2025-12-21T20:28:40.031+0000] {processor.py:208} INFO - Processing /home/airflow/.local/lib/python3.12/site-packages/airflow/example_dags/tutorial.py took 0.104 seconds
[2025-12-21T20:29:10.354+0000] {processor.py:186} INFO - Started process (PID=816) to work on /home/airflow/.local/lib/python3.12/site-packages/airflow/example_dags/tutorial.py
[2025-12-21T20:29:10.355+0000] {processor.py:914} INFO - Processing file /home/airflow/.local/lib/python3.12/site-packages/airflow/example_dags/tutorial.py for tasks to queue
[2025-12-21T20:29:10.358+0000] {logging_mixin.py:190} INFO - [2025-12-21T20:29:10.357+0000] {dagbag.py:588} INFO - Filling up the DagBag from /home/airflow/.local/lib/python3.12/site-packages/airflow/example_dags/tutorial.py
[2025-12-21T20:29:10.366+0000] {processor.py:925} INFO - DAG(s) 'tutorial' retrieved from /home/airflow/.local/lib/python3.12/site-packages/airflow/example_dags/tutorial.py
[2025-12-21T20:29:10.407+0000] {logging_mixin.py:190} INFO - [2025-12-21T20:29:10.407+0000] {dag.py:3239} INFO - Sync 1 DAGs
[2025-12-21T20:29:10.433+0000] {logging_mixin.py:190} INFO - [2025-12-21T20:29:10.433+0000] {dag.py:4180} INFO - Setting next_dagrun for tutorial to 2025-12-20 00:00:00+00:00, run_after=2025-12-21 00:00:00+00:00
[2025-12-21T20:29:10.459+0000] {processor.py:208} INFO - Processing /home/airflow/.local/lib/python3.12/site-packages/airflow/example_dags/tutorial.py took 0.112 seconds
[2025-12-21T20:29:40.915+0000] {processor.py:186} INFO - Started process (PID=882) to work on /home/airflow/.local/lib/python3.12/site-packages/airflow/example_dags/tutorial.py
[2025-12-21T20:29:40.917+0000] {processor.py:914} INFO - Processing file /home/airflow/.local/lib/python3.12/site-packages/airflow/example_dags/tutorial.py for tasks to queue
[2025-12-21T20:29:40.922+0000] {logging_mixin.py:190} INFO - [2025-12-21T20:29:40.921+0000] {dagbag.py:588} INFO - Filling up the DagBag from /home/airflow/.local/lib/python3.12/site-packages/airflow/example_dags/tutorial.py
[2025-12-21T20:29:40.938+0000] {processor.py:925} INFO - DAG(s) 'tutorial' retrieved from /home/airflow/.local/lib/python3.12/site-packages/airflow/example_dags/tutorial.py
[2025-12-21T20:29:40.971+0000] {logging_mixin.py:190} INFO - [2025-12-21T20:29:40.971+0000] {dag.py:3239} INFO - Sync 1 DAGs
[2025-12-21T20:29:41.003+0000] {logging_mixin.py:190} INFO - [2025-12-21T20:29:41.003+0000] {dag.py:4180} INFO - Setting next_dagrun for tutorial to 2025-12-20 00:00:00+00:00, run_after=2025-12-21 00:00:00+00:00
[2025-12-21T20:29:41.028+0000] {processor.py:208} INFO - Processing /home/airflow/.local/lib/python3.12/site-packages/airflow/example_dags/tutorial.py took 0.125 seconds
[2025-12-21T20:30:11.136+0000] {processor.py:186} INFO - Started process (PID=948) to work on /home/airflow/.local/lib/python3.12/site-packages/airflow/example_dags/tutorial.py
[2025-12-21T20:30:11.137+0000] {processor.py:914} INFO - Processing file /home/airflow/.local/lib/python3.12/site-packages/airflow/example_dags/tutorial.py for tasks to queue
[2025-12-21T20:30:11.143+0000] {logging_mixin.py:190} INFO - [2025-12-21T20:30:11.143+0000] {dagbag.py:588} INFO - Filling up the DagBag from /home/airflow/.local/lib/python3.12/site-packages/airflow/example_dags/tutorial.py
[2025-12-21T20:30:11.154+0000] {processor.py:925} INFO - DAG(s) 'tutorial' retrieved from /home/airflow/.local/lib/python3.12/site-packages/airflow/example_dags/tutorial.py
[2025-12-21T20:30:11.196+0000] {logging_mixin.py:190} INFO - [2025-12-21T20:30:11.195+0000] {dag.py:3239} INFO - Sync 1 DAGs
[2025-12-21T20:30:11.241+0000] {logging_mixin.py:190} INFO - [2025-12-21T20:30:11.240+0000] {dag.py:4180} INFO - Setting next_dagrun for tutorial to 2025-12-20 00:00:00+00:00, run_after=2025-12-21 00:00:00+00:00
[2025-12-21T20:30:11.270+0000] {processor.py:208} INFO - Processing /home/airflow/.local/lib/python3.12/site-packages/airflow/example_dags/tutorial.py took 0.139 seconds
[2025-12-21T20:30:41.475+0000] {processor.py:186} INFO - Started process (PID=1014) to work on /home/airflow/.local/lib/python3.12/site-packages/airflow/example_dags/tutorial.py
[2025-12-21T20:30:41.476+0000] {processor.py:914} INFO - Processing file /home/airflow/.local/lib/python3.12/site-packages/airflow/example_dags/tutorial.py for tasks to queue
[2025-12-21T20:30:41.481+0000] {logging_mixin.py:190} INFO - [2025-12-21T20:30:41.481+0000] {dagbag.py:588} INFO - Filling up the DagBag from /home/airflow/.local/lib/python3.12/site-packages/airflow/example_dags/tutorial.py
[2025-12-21T20:30:41.495+0000] {processor.py:925} INFO - DAG(s) 'tutorial' retrieved from /home/airflow/.local/lib/python3.12/site-packages/airflow/example_dags/tutorial.py
[2025-12-21T20:30:41.531+0000] {logging_mixin.py:190} INFO - [2025-12-21T20:30:41.531+0000] {dag.py:3239} INFO - Sync 1 DAGs
[2025-12-21T20:30:41.573+0000] {logging_mixin.py:190} INFO - [2025-12-21T20:30:41.573+0000] {dag.py:4180} INFO - Setting next_dagrun for tutorial to 2025-12-20 00:00:00+00:00, run_after=2025-12-21 00:00:00+00:00
[2025-12-21T20:30:41.598+0000] {processor.py:208} INFO - Processing /home/airflow/.local/lib/python3.12/site-packages/airflow/example_dags/tutorial.py took 0.137 seconds
[2025-12-21T20:31:11.781+0000] {processor.py:186} INFO - Started process (PID=1080) to work on /home/airflow/.local/lib/python3.12/site-packages/airflow/example_dags/tutorial.py
[2025-12-21T20:31:11.784+0000] {processor.py:914} INFO - Processing file /home/airflow/.local/lib/python3.12/site-packages/airflow/example_dags/tutorial.py for tasks to queue
[2025-12-21T20:31:11.788+0000] {logging_mixin.py:190} INFO - [2025-12-21T20:31:11.787+0000] {dagbag.py:588} INFO - Filling up the DagBag from /home/airflow/.local/lib/python3.12/site-packages/airflow/example_dags/tutorial.py
[2025-12-21T20:31:11.797+0000] {processor.py:925} INFO - DAG(s) 'tutorial' retrieved from /home/airflow/.local/lib/python3.12/site-packages/airflow/example_dags/tutorial.py
[2025-12-21T20:31:11.822+0000] {logging_mixin.py:190} INFO - [2025-12-21T20:31:11.821+0000] {dag.py:3239} INFO - Sync 1 DAGs
[2025-12-21T20:31:11.849+0000] {logging_mixin.py:190} INFO - [2025-12-21T20:31:11.849+0000] {dag.py:4180} INFO - Setting next_dagrun for tutorial to 2025-12-20 00:00:00+00:00, run_after=2025-12-21 00:00:00+00:00
[2025-12-21T20:31:11.883+0000] {processor.py:208} INFO - Processing /home/airflow/.local/lib/python3.12/site-packages/airflow/example_dags/tutorial.py took 0.115 seconds
[2025-12-21T20:31:42.070+0000] {processor.py:186} INFO - Started process (PID=1146) to work on /home/airflow/.local/lib/python3.12/site-packages/airflow/example_dags/tutorial.py
[2025-12-21T20:31:42.072+0000] {processor.py:914} INFO - Processing file /home/airflow/.local/lib/python3.12/site-packages/airflow/example_dags/tutorial.py for tasks to queue
[2025-12-21T20:31:42.078+0000] {logging_mixin.py:190} INFO - [2025-12-21T20:31:42.077+0000] {dagbag.py:588} INFO - Filling up the DagBag from /home/airflow/.local/lib/python3.12/site-packages/airflow/example_dags/tutorial.py
[2025-12-21T20:31:42.101+0000] {processor.py:925} INFO - DAG(s) 'tutorial' retrieved from /home/airflow/.local/lib/python3.12/site-packages/airflow/example_dags/tutorial.py
[2025-12-21T20:31:42.138+0000] {logging_mixin.py:190} INFO - [2025-12-21T20:31:42.138+0000] {dag.py:3239} INFO - Sync 1 DAGs
[2025-12-21T20:31:42.167+0000] {logging_mixin.py:190} INFO - [2025-12-21T20:31:42.167+0000] {dag.py:4180} INFO - Setting next_dagrun for tutorial to 2025-12-20 00:00:00+00:00, run_after=2025-12-21 00:00:00+00:00
[2025-12-21T20:31:42.195+0000] {processor.py:208} INFO - Processing /home/airflow/.local/lib/python3.12/site-packages/airflow/example_dags/tutorial.py took 0.138 seconds
[2025-12-21T20:32:13.079+0000] {processor.py:186} INFO - Started process (PID=1212) to work on /home/airflow/.local/lib/python3.12/site-packages/airflow/example_dags/tutorial.py
[2025-12-21T20:32:13.081+0000] {processor.py:914} INFO - Processing file /home/airflow/.local/lib/python3.12/site-packages/airflow/example_dags/tutorial.py for tasks to queue
[2025-12-21T20:32:13.085+0000] {logging_mixin.py:190} INFO - [2025-12-21T20:32:13.084+0000] {dagbag.py:588} INFO - Filling up the DagBag from /home/airflow/.local/lib/python3.12/site-packages/airflow/example_dags/tutorial.py
[2025-12-21T20:32:13.099+0000] {processor.py:925} INFO - DAG(s) 'tutorial' retrieved from /home/airflow/.local/lib/python3.12/site-packages/airflow/example_dags/tutorial.py
[2025-12-21T20:32:13.128+0000] {logging_mixin.py:190} INFO - [2025-12-21T20:32:13.128+0000] {dag.py:3239} INFO - Sync 1 DAGs
[2025-12-21T20:32:13.152+0000] {logging_mixin.py:190} INFO - [2025-12-21T20:32:13.152+0000] {dag.py:4180} INFO - Setting next_dagrun for tutorial to 2025-12-20 00:00:00+00:00, run_after=2025-12-21 00:00:00+00:00
[2025-12-21T20:32:13.188+0000] {processor.py:208} INFO - Processing /home/airflow/.local/lib/python3.12/site-packages/airflow/example_dags/tutorial.py took 0.119 seconds
[2025-12-21T20:32:43.649+0000] {processor.py:186} INFO - Started process (PID=1278) to work on /home/airflow/.local/lib/python3.12/site-packages/airflow/example_dags/tutorial.py
[2025-12-21T20:32:43.651+0000] {processor.py:914} INFO - Processing file /home/airflow/.local/lib/python3.12/site-packages/airflow/example_dags/tutorial.py for tasks to queue
[2025-12-21T20:32:43.656+0000] {logging_mixin.py:190} INFO - [2025-12-21T20:32:43.656+0000] {dagbag.py:588} INFO - Filling up the DagBag from /home/airflow/.local/lib/python3.12/site-packages/airflow/example_dags/tutorial.py
[2025-12-21T20:32:43.673+0000] {processor.py:925} INFO - DAG(s) 'tutorial' retrieved from /home/airflow/.local/lib/python3.12/site-packages/airflow/example_dags/tutorial.py
[2025-12-21T20:32:43.703+0000] {logging_mixin.py:190} INFO - [2025-12-21T20:32:43.703+0000] {dag.py:3239} INFO - Sync 1 DAGs
[2025-12-21T20:32:43.740+0000] {logging_mixin.py:190} INFO - [2025-12-21T20:32:43.739+0000] {dag.py:4180} INFO - Setting next_dagrun for tutorial to 2025-12-20 00:00:00+00:00, run_after=2025-12-21 00:00:00+00:00
[2025-12-21T20:32:43.770+0000] {processor.py:208} INFO - Processing /home/airflow/.local/lib/python3.12/site-packages/airflow/example_dags/tutorial.py took 0.134 seconds
[2025-12-21T20:33:13.867+0000] {processor.py:186} INFO - Started process (PID=1344) to work on /home/airflow/.local/lib/python3.12/site-packages/airflow/example_dags/tutorial.py
[2025-12-21T20:33:13.869+0000] {processor.py:914} INFO - Processing file /home/airflow/.local/lib/python3.12/site-packages/airflow/example_dags/tutorial.py for tasks to queue
[2025-12-21T20:33:13.874+0000] {logging_mixin.py:190} INFO - [2025-12-21T20:33:13.874+0000] {dagbag.py:588} INFO - Filling up the DagBag from /home/airflow/.local/lib/python3.12/site-packages/airflow/example_dags/tutorial.py
[2025-12-21T20:33:13.893+0000] {processor.py:925} INFO - DAG(s) 'tutorial' retrieved from /home/airflow/.local/lib/python3.12/site-packages/airflow/example_dags/tutorial.py
[2025-12-21T20:33:13.926+0000] {logging_mixin.py:190} INFO - [2025-12-21T20:33:13.926+0000] {dag.py:3239} INFO - Sync 1 DAGs
[2025-12-21T20:33:13.956+0000] {logging_mixin.py:190} INFO - [2025-12-21T20:33:13.955+0000] {dag.py:4180} INFO - Setting next_dagrun for tutorial to 2025-12-20 00:00:00+00:00, run_after=2025-12-21 00:00:00+00:00
[2025-12-21T20:33:13.981+0000] {processor.py:208} INFO - Processing /home/airflow/.local/lib/python3.12/site-packages/airflow/example_dags/tutorial.py took 0.126 seconds
[2025-12-21T20:33:44.451+0000] {processor.py:186} INFO - Started process (PID=1410) to work on /home/airflow/.local/lib/python3.12/site-packages/airflow/example_dags/tutorial.py
[2025-12-21T20:33:44.457+0000] {processor.py:914} INFO - Processing file /home/airflow/.local/lib/python3.12/site-packages/airflow/example_dags/tutorial.py for tasks to queue
[2025-12-21T20:33:44.463+0000] {logging_mixin.py:190} INFO - [2025-12-21T20:33:44.462+0000] {dagbag.py:588} INFO - Filling up the DagBag from /home/airflow/.local/lib/python3.12/site-packages/airflow/example_dags/tutorial.py
[2025-12-21T20:33:44.484+0000] {processor.py:925} INFO - DAG(s) 'tutorial' retrieved from /home/airflow/.local/lib/python3.12/site-packages/airflow/example_dags/tutorial.py
[2025-12-21T20:33:44.529+0000] {logging_mixin.py:190} INFO - [2025-12-21T20:33:44.529+0000] {dag.py:3239} INFO - Sync 1 DAGs
[2025-12-21T20:33:44.554+0000] {logging_mixin.py:190} INFO - [2025-12-21T20:33:44.554+0000] {dag.py:4180} INFO - Setting next_dagrun for tutorial to 2025-12-20 00:00:00+00:00, run_after=2025-12-21 00:00:00+00:00
[2025-12-21T20:33:44.580+0000] {processor.py:208} INFO - Processing /home/airflow/.local/lib/python3.12/site-packages/airflow/example_dags/tutorial.py took 0.143 seconds
[2025-12-21T20:34:14.680+0000] {processor.py:186} INFO - Started process (PID=1476) to work on /home/airflow/.local/lib/python3.12/site-packages/airflow/example_dags/tutorial.py
[2025-12-21T20:34:14.681+0000] {processor.py:914} INFO - Processing file /home/airflow/.local/lib/python3.12/site-packages/airflow/example_dags/tutorial.py for tasks to queue
[2025-12-21T20:34:14.684+0000] {logging_mixin.py:190} INFO - [2025-12-21T20:34:14.683+0000] {dagbag.py:588} INFO - Filling up the DagBag from /home/airflow/.local/lib/python3.12/site-packages/airflow/example_dags/tutorial.py
[2025-12-21T20:34:14.692+0000] {processor.py:925} INFO - DAG(s) 'tutorial' retrieved from /home/airflow/.local/lib/python3.12/site-packages/airflow/example_dags/tutorial.py
[2025-12-21T20:34:14.713+0000] {logging_mixin.py:190} INFO - [2025-12-21T20:34:14.713+0000] {dag.py:3239} INFO - Sync 1 DAGs
[2025-12-21T20:34:14.739+0000] {logging_mixin.py:190} INFO - [2025-12-21T20:34:14.739+0000] {dag.py:4180} INFO - Setting next_dagrun for tutorial to 2025-12-20 00:00:00+00:00, run_after=2025-12-21 00:00:00+00:00
[2025-12-21T20:34:14.765+0000] {processor.py:208} INFO - Processing /home/airflow/.local/lib/python3.12/site-packages/airflow/example_dags/tutorial.py took 0.090 seconds
[2025-12-21T20:34:45.216+0000] {processor.py:186} INFO - Started process (PID=1542) to work on /home/airflow/.local/lib/python3.12/site-packages/airflow/example_dags/tutorial.py
[2025-12-21T20:34:45.218+0000] {processor.py:914} INFO - Processing file /home/airflow/.local/lib/python3.12/site-packages/airflow/example_dags/tutorial.py for tasks to queue
[2025-12-21T20:34:45.221+0000] {logging_mixin.py:190} INFO - [2025-12-21T20:34:45.220+0000] {dagbag.py:588} INFO - Filling up the DagBag from /home/airflow/.local/lib/python3.12/site-packages/airflow/example_dags/tutorial.py
[2025-12-21T20:34:45.229+0000] {processor.py:925} INFO - DAG(s) 'tutorial' retrieved from /home/airflow/.local/lib/python3.12/site-packages/airflow/example_dags/tutorial.py
[2025-12-21T20:34:45.247+0000] {logging_mixin.py:190} INFO - [2025-12-21T20:34:45.247+0000] {dag.py:3239} INFO - Sync 1 DAGs
[2025-12-21T20:34:45.270+0000] {logging_mixin.py:190} INFO - [2025-12-21T20:34:45.270+0000] {dag.py:4180} INFO - Setting next_dagrun for tutorial to 2025-12-20 00:00:00+00:00, run_after=2025-12-21 00:00:00+00:00
[2025-12-21T20:34:45.306+0000] {processor.py:208} INFO - Processing /home/airflow/.local/lib/python3.12/site-packages/airflow/example_dags/tutorial.py took 0.100 seconds
[2025-12-21T20:35:15.838+0000] {processor.py:186} INFO - Started process (PID=1608) to work on /home/airflow/.local/lib/python3.12/site-packages/airflow/example_dags/tutorial.py
[2025-12-21T20:35:15.839+0000] {processor.py:914} INFO - Processing file /home/airflow/.local/lib/python3.12/site-packages/airflow/example_dags/tutorial.py for tasks to queue
[2025-12-21T20:35:15.844+0000] {logging_mixin.py:190} INFO - [2025-12-21T20:35:15.843+0000] {dagbag.py:588} INFO - Filling up the DagBag from /home/airflow/.local/lib/python3.12/site-packages/airflow/example_dags/tutorial.py
[2025-12-21T20:35:15.859+0000] {processor.py:925} INFO - DAG(s) 'tutorial' retrieved from /home/airflow/.local/lib/python3.12/site-packages/airflow/example_dags/tutorial.py
[2025-12-21T20:35:15.886+0000] {logging_mixin.py:190} INFO - [2025-12-21T20:35:15.886+0000] {dag.py:3239} INFO - Sync 1 DAGs
[2025-12-21T20:35:15.911+0000] {logging_mixin.py:190} INFO - [2025-12-21T20:35:15.911+0000] {dag.py:4180} INFO - Setting next_dagrun for tutorial to 2025-12-20 00:00:00+00:00, run_after=2025-12-21 00:00:00+00:00
[2025-12-21T20:35:15.938+0000] {processor.py:208} INFO - Processing /home/airflow/.local/lib/python3.12/site-packages/airflow/example_dags/tutorial.py took 0.114 seconds
[2025-12-21T20:35:46.035+0000] {processor.py:186} INFO - Started process (PID=1673) to work on /home/airflow/.local/lib/python3.12/site-packages/airflow/example_dags/tutorial.py
[2025-12-21T20:35:46.036+0000] {processor.py:914} INFO - Processing file /home/airflow/.local/lib/python3.12/site-packages/airflow/example_dags/tutorial.py for tasks to queue
[2025-12-21T20:35:46.039+0000] {logging_mixin.py:190} INFO - [2025-12-21T20:35:46.039+0000] {dagbag.py:588} INFO - Filling up the DagBag from /home/airflow/.local/lib/python3.12/site-packages/airflow/example_dags/tutorial.py
[2025-12-21T20:35:46.047+0000] {processor.py:925} INFO - DAG(s) 'tutorial' retrieved from /home/airflow/.local/lib/python3.12/site-packages/airflow/example_dags/tutorial.py
[2025-12-21T20:35:46.083+0000] {logging_mixin.py:190} INFO - [2025-12-21T20:35:46.082+0000] {dag.py:3239} INFO - Sync 1 DAGs
[2025-12-21T20:35:46.116+0000] {logging_mixin.py:190} INFO - [2025-12-21T20:35:46.115+0000] {dag.py:4180} INFO - Setting next_dagrun for tutorial to 2025-12-20 00:00:00+00:00, run_after=2025-12-21 00:00:00+00:00
[2025-12-21T20:35:46.152+0000] {processor.py:208} INFO - Processing /home/airflow/.local/lib/python3.12/site-packages/airflow/example_dags/tutorial.py took 0.128 seconds
[2025-12-21T20:36:16.501+0000] {processor.py:186} INFO - Started process (PID=1739) to work on /home/airflow/.local/lib/python3.12/site-packages/airflow/example_dags/tutorial.py
[2025-12-21T20:36:16.502+0000] {processor.py:914} INFO - Processing file /home/airflow/.local/lib/python3.12/site-packages/airflow/example_dags/tutorial.py for tasks to queue
[2025-12-21T20:36:16.505+0000] {logging_mixin.py:190} INFO - [2025-12-21T20:36:16.504+0000] {dagbag.py:588} INFO - Filling up the DagBag from /home/airflow/.local/lib/python3.12/site-packages/airflow/example_dags/tutorial.py
[2025-12-21T20:36:16.513+0000] {processor.py:925} INFO - DAG(s) 'tutorial' retrieved from /home/airflow/.local/lib/python3.12/site-packages/airflow/example_dags/tutorial.py
[2025-12-21T20:36:16.535+0000] {logging_mixin.py:190} INFO - [2025-12-21T20:36:16.535+0000] {dag.py:3239} INFO - Sync 1 DAGs
[2025-12-21T20:36:16.561+0000] {logging_mixin.py:190} INFO - [2025-12-21T20:36:16.561+0000] {dag.py:4180} INFO - Setting next_dagrun for tutorial to 2025-12-20 00:00:00+00:00, run_after=2025-12-21 00:00:00+00:00
[2025-12-21T20:36:16.586+0000] {processor.py:208} INFO - Processing /home/airflow/.local/lib/python3.12/site-packages/airflow/example_dags/tutorial.py took 0.090 seconds
[2025-12-21T20:36:47.407+0000] {processor.py:186} INFO - Started process (PID=1805) to work on /home/airflow/.local/lib/python3.12/site-packages/airflow/example_dags/tutorial.py
[2025-12-21T20:36:47.408+0000] {processor.py:914} INFO - Processing file /home/airflow/.local/lib/python3.12/site-packages/airflow/example_dags/tutorial.py for tasks to queue
[2025-12-21T20:36:47.411+0000] {logging_mixin.py:190} INFO - [2025-12-21T20:36:47.411+0000] {dagbag.py:588} INFO - Filling up the DagBag from /home/airflow/.local/lib/python3.12/site-packages/airflow/example_dags/tutorial.py
[2025-12-21T20:36:47.419+0000] {processor.py:925} INFO - DAG(s) 'tutorial' retrieved from /home/airflow/.local/lib/python3.12/site-packages/airflow/example_dags/tutorial.py
[2025-12-21T20:36:47.441+0000] {logging_mixin.py:190} INFO - [2025-12-21T20:36:47.440+0000] {dag.py:3239} INFO - Sync 1 DAGs
[2025-12-21T20:36:47.467+0000] {logging_mixin.py:190} INFO - [2025-12-21T20:36:47.466+0000] {dag.py:4180} INFO - Setting next_dagrun for tutorial to 2025-12-20 00:00:00+00:00, run_after=2025-12-21 00:00:00+00:00
[2025-12-21T20:36:47.498+0000] {processor.py:208} INFO - Processing /home/airflow/.local/lib/python3.12/site-packages/airflow/example_dags/tutorial.py took 0.100 seconds
[2025-12-21T20:37:17.997+0000] {processor.py:186} INFO - Started process (PID=1871) to work on /home/airflow/.local/lib/python3.12/site-packages/airflow/example_dags/tutorial.py
[2025-12-21T20:37:17.998+0000] {processor.py:914} INFO - Processing file /home/airflow/.local/lib/python3.12/site-packages/airflow/example_dags/tutorial.py for tasks to queue
[2025-12-21T20:37:18.000+0000] {logging_mixin.py:190} INFO - [2025-12-21T20:37:18.000+0000] {dagbag.py:588} INFO - Filling up the DagBag from /home/airflow/.local/lib/python3.12/site-packages/airflow/example_dags/tutorial.py
[2025-12-21T20:37:18.008+0000] {processor.py:925} INFO - DAG(s) 'tutorial' retrieved from /home/airflow/.local/lib/python3.12/site-packages/airflow/example_dags/tutorial.py
[2025-12-21T20:37:18.027+0000] {logging_mixin.py:190} INFO - [2025-12-21T20:37:18.027+0000] {dag.py:3239} INFO - Sync 1 DAGs
[2025-12-21T20:37:18.052+0000] {logging_mixin.py:190} INFO - [2025-12-21T20:37:18.052+0000] {dag.py:4180} INFO - Setting next_dagrun for tutorial to 2025-12-20 00:00:00+00:00, run_after=2025-12-21 00:00:00+00:00
[2025-12-21T20:37:18.076+0000] {processor.py:208} INFO - Processing /home/airflow/.local/lib/python3.12/site-packages/airflow/example_dags/tutorial.py took 0.084 seconds
[2025-12-21T20:37:48.169+0000] {processor.py:186} INFO - Started process (PID=1937) to work on /home/airflow/.local/lib/python3.12/site-packages/airflow/example_dags/tutorial.py
[2025-12-21T20:37:48.170+0000] {processor.py:914} INFO - Processing file /home/airflow/.local/lib/python3.12/site-packages/airflow/example_dags/tutorial.py for tasks to queue
[2025-12-21T20:37:48.173+0000] {logging_mixin.py:190} INFO - [2025-12-21T20:37:48.172+0000] {dagbag.py:588} INFO - Filling up the DagBag from /home/airflow/.local/lib/python3.12/site-packages/airflow/example_dags/tutorial.py
[2025-12-21T20:37:48.181+0000] {processor.py:925} INFO - DAG(s) 'tutorial' retrieved from /home/airflow/.local/lib/python3.12/site-packages/airflow/example_dags/tutorial.py
[2025-12-21T20:37:48.207+0000] {logging_mixin.py:190} INFO - [2025-12-21T20:37:48.207+0000] {dag.py:3239} INFO - Sync 1 DAGs
[2025-12-21T20:37:48.239+0000] {logging_mixin.py:190} INFO - [2025-12-21T20:37:48.238+0000] {dag.py:4180} INFO - Setting next_dagrun for tutorial to 2025-12-20 00:00:00+00:00, run_after=2025-12-21 00:00:00+00:00
[2025-12-21T20:37:48.261+0000] {processor.py:208} INFO - Processing /home/airflow/.local/lib/python3.12/site-packages/airflow/example_dags/tutorial.py took 0.104 seconds
[2025-12-21T20:38:18.491+0000] {processor.py:186} INFO - Started process (PID=2003) to work on /home/airflow/.local/lib/python3.12/site-packages/airflow/example_dags/tutorial.py
[2025-12-21T20:38:18.492+0000] {processor.py:914} INFO - Processing file /home/airflow/.local/lib/python3.12/site-packages/airflow/example_dags/tutorial.py for tasks to queue
[2025-12-21T20:38:18.495+0000] {logging_mixin.py:190} INFO - [2025-12-21T20:38:18.494+0000] {dagbag.py:588} INFO - Filling up the DagBag from /home/airflow/.local/lib/python3.12/site-packages/airflow/example_dags/tutorial.py
[2025-12-21T20:38:18.502+0000] {processor.py:925} INFO - DAG(s) 'tutorial' retrieved from /home/airflow/.local/lib/python3.12/site-packages/airflow/example_dags/tutorial.py
[2025-12-21T20:38:18.520+0000] {logging_mixin.py:190} INFO - [2025-12-21T20:38:18.520+0000] {dag.py:3239} INFO - Sync 1 DAGs
[2025-12-21T20:38:18.540+0000] {logging_mixin.py:190} INFO - [2025-12-21T20:38:18.540+0000] {dag.py:4180} INFO - Setting next_dagrun for tutorial to 2025-12-20 00:00:00+00:00, run_after=2025-12-21 00:00:00+00:00
[2025-12-21T20:38:18.564+0000] {processor.py:208} INFO - Processing /home/airflow/.local/lib/python3.12/site-packages/airflow/example_dags/tutorial.py took 0.078 seconds
[2025-12-21T20:38:49.042+0000] {processor.py:186} INFO - Started process (PID=2069) to work on /home/airflow/.local/lib/python3.12/site-packages/airflow/example_dags/tutorial.py
[2025-12-21T20:38:49.044+0000] {processor.py:914} INFO - Processing file /home/airflow/.local/lib/python3.12/site-packages/airflow/example_dags/tutorial.py for tasks to queue
[2025-12-21T20:38:49.049+0000] {logging_mixin.py:190} INFO - [2025-12-21T20:38:49.048+0000] {dagbag.py:588} INFO - Filling up the DagBag from /home/airflow/.local/lib/python3.12/site-packages/airflow/example_dags/tutorial.py
[2025-12-21T20:38:49.065+0000] {processor.py:925} INFO - DAG(s) 'tutorial' retrieved from /home/airflow/.local/lib/python3.12/site-packages/airflow/example_dags/tutorial.py
[2025-12-21T20:38:49.094+0000] {logging_mixin.py:190} INFO - [2025-12-21T20:38:49.093+0000] {dag.py:3239} INFO - Sync 1 DAGs
[2025-12-21T20:38:49.121+0000] {logging_mixin.py:190} INFO - [2025-12-21T20:38:49.121+0000] {dag.py:4180} INFO - Setting next_dagrun for tutorial to 2025-12-20 00:00:00+00:00, run_after=2025-12-21 00:00:00+00:00
[2025-12-21T20:38:49.151+0000] {processor.py:208} INFO - Processing /home/airflow/.local/lib/python3.12/site-packages/airflow/example_dags/tutorial.py took 0.115 seconds
[2025-12-21T20:39:19.369+0000] {processor.py:186} INFO - Started process (PID=2135) to work on /home/airflow/.local/lib/python3.12/site-packages/airflow/example_dags/tutorial.py
[2025-12-21T20:39:19.371+0000] {processor.py:914} INFO - Processing file /home/airflow/.local/lib/python3.12/site-packages/airflow/example_dags/tutorial.py for tasks to queue
[2025-12-21T20:39:19.374+0000] {logging_mixin.py:190} INFO - [2025-12-21T20:39:19.374+0000] {dagbag.py:588} INFO - Filling up the DagBag from /home/airflow/.local/lib/python3.12/site-packages/airflow/example_dags/tutorial.py
[2025-12-21T20:39:19.384+0000] {processor.py:925} INFO - DAG(s) 'tutorial' retrieved from /home/airflow/.local/lib/python3.12/site-packages/airflow/example_dags/tutorial.py
[2025-12-21T20:39:19.406+0000] {logging_mixin.py:190} INFO - [2025-12-21T20:39:19.406+0000] {dag.py:3239} INFO - Sync 1 DAGs
[2025-12-21T20:39:19.446+0000] {logging_mixin.py:190} INFO - [2025-12-21T20:39:19.446+0000] {dag.py:4180} INFO - Setting next_dagrun for tutorial to 2025-12-20 00:00:00+00:00, run_after=2025-12-21 00:00:00+00:00
[2025-12-21T20:39:19.484+0000] {processor.py:208} INFO - Processing /home/airflow/.local/lib/python3.12/site-packages/airflow/example_dags/tutorial.py took 0.124 seconds
[2025-12-21T20:39:49.577+0000] {processor.py:186} INFO - Started process (PID=2201) to work on /home/airflow/.local/lib/python3.12/site-packages/airflow/example_dags/tutorial.py
[2025-12-21T20:39:49.578+0000] {processor.py:914} INFO - Processing file /home/airflow/.local/lib/python3.12/site-packages/airflow/example_dags/tutorial.py for tasks to queue
[2025-12-21T20:39:49.580+0000] {logging_mixin.py:190} INFO - [2025-12-21T20:39:49.580+0000] {dagbag.py:588} INFO - Filling up the DagBag from /home/airflow/.local/lib/python3.12/site-packages/airflow/example_dags/tutorial.py
[2025-12-21T20:39:49.592+0000] {processor.py:925} INFO - DAG(s) 'tutorial' retrieved from /home/airflow/.local/lib/python3.12/site-packages/airflow/example_dags/tutorial.py
[2025-12-21T20:39:49.619+0000] {logging_mixin.py:190} INFO - [2025-12-21T20:39:49.619+0000] {dag.py:3239} INFO - Sync 1 DAGs
[2025-12-21T20:39:49.647+0000] {logging_mixin.py:190} INFO - [2025-12-21T20:39:49.647+0000] {dag.py:4180} INFO - Setting next_dagrun for tutorial to 2025-12-20 00:00:00+00:00, run_after=2025-12-21 00:00:00+00:00
[2025-12-21T20:39:49.681+0000] {processor.py:208} INFO - Processing /home/airflow/.local/lib/python3.12/site-packages/airflow/example_dags/tutorial.py took 0.110 seconds
[2025-12-21T20:43:14.378+0000] {processor.py:186} INFO - Started process (PID=2271) to work on /home/airflow/.local/lib/python3.12/site-packages/airflow/example_dags/tutorial.py
[2025-12-21T20:43:14.379+0000] {processor.py:914} INFO - Processing file /home/airflow/.local/lib/python3.12/site-packages/airflow/example_dags/tutorial.py for tasks to queue
[2025-12-21T20:43:14.381+0000] {logging_mixin.py:190} INFO - [2025-12-21T20:43:14.381+0000] {dagbag.py:588} INFO - Filling up the DagBag from /home/airflow/.local/lib/python3.12/site-packages/airflow/example_dags/tutorial.py
[2025-12-21T20:43:14.407+0000] {processor.py:925} INFO - DAG(s) 'tutorial' retrieved from /home/airflow/.local/lib/python3.12/site-packages/airflow/example_dags/tutorial.py
[2025-12-21T20:43:14.913+0000] {logging_mixin.py:190} INFO - [2025-12-21T20:43:14.913+0000] {dag.py:3239} INFO - Sync 1 DAGs
[2025-12-21T20:43:14.969+0000] {logging_mixin.py:190} INFO - [2025-12-21T20:43:14.968+0000] {dag.py:4180} INFO - Setting next_dagrun for tutorial to 2025-12-20 00:00:00+00:00, run_after=2025-12-21 00:00:00+00:00
[2025-12-21T20:43:15.018+0000] {processor.py:208} INFO - Processing /home/airflow/.local/lib/python3.12/site-packages/airflow/example_dags/tutorial.py took 0.648 seconds
[2025-12-21T20:43:45.869+0000] {processor.py:186} INFO - Started process (PID=2337) to work on /home/airflow/.local/lib/python3.12/site-packages/airflow/example_dags/tutorial.py
[2025-12-21T20:43:45.870+0000] {processor.py:914} INFO - Processing file /home/airflow/.local/lib/python3.12/site-packages/airflow/example_dags/tutorial.py for tasks to queue
[2025-12-21T20:43:45.874+0000] {logging_mixin.py:190} INFO - [2025-12-21T20:43:45.873+0000] {dagbag.py:588} INFO - Filling up the DagBag from /home/airflow/.local/lib/python3.12/site-packages/airflow/example_dags/tutorial.py
[2025-12-21T20:43:45.890+0000] {processor.py:925} INFO - DAG(s) 'tutorial' retrieved from /home/airflow/.local/lib/python3.12/site-packages/airflow/example_dags/tutorial.py
[2025-12-21T20:43:45.910+0000] {logging_mixin.py:190} INFO - [2025-12-21T20:43:45.910+0000] {dag.py:3239} INFO - Sync 1 DAGs
[2025-12-21T20:43:45.941+0000] {logging_mixin.py:190} INFO - [2025-12-21T20:43:45.941+0000] {dag.py:4180} INFO - Setting next_dagrun for tutorial to 2025-12-20 00:00:00+00:00, run_after=2025-12-21 00:00:00+00:00
[2025-12-21T20:43:45.971+0000] {processor.py:208} INFO - Processing /home/airflow/.local/lib/python3.12/site-packages/airflow/example_dags/tutorial.py took 0.110 seconds
[2025-12-21T20:44:16.082+0000] {processor.py:186} INFO - Started process (PID=2403) to work on /home/airflow/.local/lib/python3.12/site-packages/airflow/example_dags/tutorial.py
[2025-12-21T20:44:16.083+0000] {processor.py:914} INFO - Processing file /home/airflow/.local/lib/python3.12/site-packages/airflow/example_dags/tutorial.py for tasks to queue
[2025-12-21T20:44:16.085+0000] {logging_mixin.py:190} INFO - [2025-12-21T20:44:16.084+0000] {dagbag.py:588} INFO - Filling up the DagBag from /home/airflow/.local/lib/python3.12/site-packages/airflow/example_dags/tutorial.py
[2025-12-21T20:44:16.093+0000] {processor.py:925} INFO - DAG(s) 'tutorial' retrieved from /home/airflow/.local/lib/python3.12/site-packages/airflow/example_dags/tutorial.py
[2025-12-21T20:44:16.115+0000] {logging_mixin.py:190} INFO - [2025-12-21T20:44:16.115+0000] {dag.py:3239} INFO - Sync 1 DAGs
[2025-12-21T20:44:16.138+0000] {logging_mixin.py:190} INFO - [2025-12-21T20:44:16.138+0000] {dag.py:4180} INFO - Setting next_dagrun for tutorial to 2025-12-20 00:00:00+00:00, run_after=2025-12-21 00:00:00+00:00
[2025-12-21T20:44:16.163+0000] {processor.py:208} INFO - Processing /home/airflow/.local/lib/python3.12/site-packages/airflow/example_dags/tutorial.py took 0.087 seconds
[2025-12-21T20:44:46.649+0000] {processor.py:186} INFO - Started process (PID=2468) to work on /home/airflow/.local/lib/python3.12/site-packages/airflow/example_dags/tutorial.py
[2025-12-21T20:44:46.650+0000] {processor.py:914} INFO - Processing file /home/airflow/.local/lib/python3.12/site-packages/airflow/example_dags/tutorial.py for tasks to queue
[2025-12-21T20:44:46.652+0000] {logging_mixin.py:190} INFO - [2025-12-21T20:44:46.651+0000] {dagbag.py:588} INFO - Filling up the DagBag from /home/airflow/.local/lib/python3.12/site-packages/airflow/example_dags/tutorial.py
[2025-12-21T20:44:46.667+0000] {processor.py:925} INFO - DAG(s) 'tutorial' retrieved from /home/airflow/.local/lib/python3.12/site-packages/airflow/example_dags/tutorial.py
[2025-12-21T20:44:46.693+0000] {logging_mixin.py:190} INFO - [2025-12-21T20:44:46.693+0000] {dag.py:3239} INFO - Sync 1 DAGs
[2025-12-21T20:44:46.718+0000] {logging_mixin.py:190} INFO - [2025-12-21T20:44:46.718+0000] {dag.py:4180} INFO - Setting next_dagrun for tutorial to 2025-12-20 00:00:00+00:00, run_after=2025-12-21 00:00:00+00:00
[2025-12-21T20:44:46.747+0000] {processor.py:208} INFO - Processing /home/airflow/.local/lib/python3.12/site-packages/airflow/example_dags/tutorial.py took 0.105 seconds
[2025-12-21T20:45:17.014+0000] {processor.py:186} INFO - Started process (PID=2534) to work on /home/airflow/.local/lib/python3.12/site-packages/airflow/example_dags/tutorial.py
[2025-12-21T20:45:17.015+0000] {processor.py:914} INFO - Processing file /home/airflow/.local/lib/python3.12/site-packages/airflow/example_dags/tutorial.py for tasks to queue
[2025-12-21T20:45:17.017+0000] {logging_mixin.py:190} INFO - [2025-12-21T20:45:17.017+0000] {dagbag.py:588} INFO - Filling up the DagBag from /home/airflow/.local/lib/python3.12/site-packages/airflow/example_dags/tutorial.py
[2025-12-21T20:45:17.025+0000] {processor.py:925} INFO - DAG(s) 'tutorial' retrieved from /home/airflow/.local/lib/python3.12/site-packages/airflow/example_dags/tutorial.py
[2025-12-21T20:45:17.045+0000] {logging_mixin.py:190} INFO - [2025-12-21T20:45:17.044+0000] {dag.py:3239} INFO - Sync 1 DAGs
[2025-12-21T20:45:17.067+0000] {logging_mixin.py:190} INFO - [2025-12-21T20:45:17.067+0000] {dag.py:4180} INFO - Setting next_dagrun for tutorial to 2025-12-20 00:00:00+00:00, run_after=2025-12-21 00:00:00+00:00
[2025-12-21T20:45:17.091+0000] {processor.py:208} INFO - Processing /home/airflow/.local/lib/python3.12/site-packages/airflow/example_dags/tutorial.py took 0.081 seconds
[2025-12-21T20:45:47.733+0000] {processor.py:186} INFO - Started process (PID=2600) to work on /home/airflow/.local/lib/python3.12/site-packages/airflow/example_dags/tutorial.py
[2025-12-21T20:45:47.734+0000] {processor.py:914} INFO - Processing file /home/airflow/.local/lib/python3.12/site-packages/airflow/example_dags/tutorial.py for tasks to queue
[2025-12-21T20:45:47.737+0000] {logging_mixin.py:190} INFO - [2025-12-21T20:45:47.736+0000] {dagbag.py:588} INFO - Filling up the DagBag from /home/airflow/.local/lib/python3.12/site-packages/airflow/example_dags/tutorial.py
[2025-12-21T20:45:47.747+0000] {processor.py:925} INFO - DAG(s) 'tutorial' retrieved from /home/airflow/.local/lib/python3.12/site-packages/airflow/example_dags/tutorial.py
[2025-12-21T20:45:47.773+0000] {logging_mixin.py:190} INFO - [2025-12-21T20:45:47.773+0000] {dag.py:3239} INFO - Sync 1 DAGs
[2025-12-21T20:45:47.795+0000] {logging_mixin.py:190} INFO - [2025-12-21T20:45:47.794+0000] {dag.py:4180} INFO - Setting next_dagrun for tutorial to 2025-12-20 00:00:00+00:00, run_after=2025-12-21 00:00:00+00:00
[2025-12-21T20:45:47.821+0000] {processor.py:208} INFO - Processing /home/airflow/.local/lib/python3.12/site-packages/airflow/example_dags/tutorial.py took 0.101 seconds
[2025-12-21T20:46:17.959+0000] {processor.py:186} INFO - Started process (PID=2666) to work on /home/airflow/.local/lib/python3.12/site-packages/airflow/example_dags/tutorial.py
[2025-12-21T20:46:17.960+0000] {processor.py:914} INFO - Processing file /home/airflow/.local/lib/python3.12/site-packages/airflow/example_dags/tutorial.py for tasks to queue
[2025-12-21T20:46:17.961+0000] {logging_mixin.py:190} INFO - [2025-12-21T20:46:17.961+0000] {dagbag.py:588} INFO - Filling up the DagBag from /home/airflow/.local/lib/python3.12/site-packages/airflow/example_dags/tutorial.py
[2025-12-21T20:46:17.975+0000] {processor.py:925} INFO - DAG(s) 'tutorial' retrieved from /home/airflow/.local/lib/python3.12/site-packages/airflow/example_dags/tutorial.py
[2025-12-21T20:46:18.007+0000] {logging_mixin.py:190} INFO - [2025-12-21T20:46:18.007+0000] {dag.py:3239} INFO - Sync 1 DAGs
[2025-12-21T20:46:18.034+0000] {logging_mixin.py:190} INFO - [2025-12-21T20:46:18.034+0000] {dag.py:4180} INFO - Setting next_dagrun for tutorial to 2025-12-20 00:00:00+00:00, run_after=2025-12-21 00:00:00+00:00
[2025-12-21T20:46:18.059+0000] {processor.py:208} INFO - Processing /home/airflow/.local/lib/python3.12/site-packages/airflow/example_dags/tutorial.py took 0.106 seconds
[2025-12-21T20:46:48.334+0000] {processor.py:186} INFO - Started process (PID=2732) to work on /home/airflow/.local/lib/python3.12/site-packages/airflow/example_dags/tutorial.py
[2025-12-21T20:46:48.335+0000] {processor.py:914} INFO - Processing file /home/airflow/.local/lib/python3.12/site-packages/airflow/example_dags/tutorial.py for tasks to queue
[2025-12-21T20:46:48.338+0000] {logging_mixin.py:190} INFO - [2025-12-21T20:46:48.337+0000] {dagbag.py:588} INFO - Filling up the DagBag from /home/airflow/.local/lib/python3.12/site-packages/airflow/example_dags/tutorial.py
[2025-12-21T20:46:48.354+0000] {processor.py:925} INFO - DAG(s) 'tutorial' retrieved from /home/airflow/.local/lib/python3.12/site-packages/airflow/example_dags/tutorial.py
[2025-12-21T20:46:48.378+0000] {logging_mixin.py:190} INFO - [2025-12-21T20:46:48.377+0000] {dag.py:3239} INFO - Sync 1 DAGs
[2025-12-21T20:46:48.409+0000] {logging_mixin.py:190} INFO - [2025-12-21T20:46:48.409+0000] {dag.py:4180} INFO - Setting next_dagrun for tutorial to 2025-12-20 00:00:00+00:00, run_after=2025-12-21 00:00:00+00:00
[2025-12-21T20:46:48.434+0000] {processor.py:208} INFO - Processing /home/airflow/.local/lib/python3.12/site-packages/airflow/example_dags/tutorial.py took 0.109 seconds
[2025-12-21T20:47:18.669+0000] {processor.py:186} INFO - Started process (PID=2798) to work on /home/airflow/.local/lib/python3.12/site-packages/airflow/example_dags/tutorial.py
[2025-12-21T20:47:18.672+0000] {processor.py:914} INFO - Processing file /home/airflow/.local/lib/python3.12/site-packages/airflow/example_dags/tutorial.py for tasks to queue
[2025-12-21T20:47:18.673+0000] {logging_mixin.py:190} INFO - [2025-12-21T20:47:18.673+0000] {dagbag.py:588} INFO - Filling up the DagBag from /home/airflow/.local/lib/python3.12/site-packages/airflow/example_dags/tutorial.py
[2025-12-21T20:47:18.683+0000] {processor.py:925} INFO - DAG(s) 'tutorial' retrieved from /home/airflow/.local/lib/python3.12/site-packages/airflow/example_dags/tutorial.py
[2025-12-21T20:47:18.708+0000] {logging_mixin.py:190} INFO - [2025-12-21T20:47:18.708+0000] {dag.py:3239} INFO - Sync 1 DAGs
[2025-12-21T20:47:18.735+0000] {logging_mixin.py:190} INFO - [2025-12-21T20:47:18.735+0000] {dag.py:4180} INFO - Setting next_dagrun for tutorial to 2025-12-20 00:00:00+00:00, run_after=2025-12-21 00:00:00+00:00
[2025-12-21T20:47:18.760+0000] {processor.py:208} INFO - Processing /home/airflow/.local/lib/python3.12/site-packages/airflow/example_dags/tutorial.py took 0.102 seconds
[2025-12-21T20:47:48.946+0000] {processor.py:186} INFO - Started process (PID=2864) to work on /home/airflow/.local/lib/python3.12/site-packages/airflow/example_dags/tutorial.py
[2025-12-21T20:47:48.947+0000] {processor.py:914} INFO - Processing file /home/airflow/.local/lib/python3.12/site-packages/airflow/example_dags/tutorial.py for tasks to queue
[2025-12-21T20:47:48.949+0000] {logging_mixin.py:190} INFO - [2025-12-21T20:47:48.948+0000] {dagbag.py:588} INFO - Filling up the DagBag from /home/airflow/.local/lib/python3.12/site-packages/airflow/example_dags/tutorial.py
[2025-12-21T20:47:48.965+0000] {processor.py:925} INFO - DAG(s) 'tutorial' retrieved from /home/airflow/.local/lib/python3.12/site-packages/airflow/example_dags/tutorial.py
[2025-12-21T20:47:48.994+0000] {logging_mixin.py:190} INFO - [2025-12-21T20:47:48.993+0000] {dag.py:3239} INFO - Sync 1 DAGs
[2025-12-21T20:47:49.028+0000] {logging_mixin.py:190} INFO - [2025-12-21T20:47:49.028+0000] {dag.py:4180} INFO - Setting next_dagrun for tutorial to 2025-12-20 00:00:00+00:00, run_after=2025-12-21 00:00:00+00:00
[2025-12-21T20:47:49.058+0000] {processor.py:208} INFO - Processing /home/airflow/.local/lib/python3.12/site-packages/airflow/example_dags/tutorial.py took 0.119 seconds
