[2025-12-04T12:26:28.443+0000] {processor.py:186} INFO - Started process (PID=78) to work on /home/airflow/.local/lib/python3.12/site-packages/airflow/example_dags/example_setup_teardown.py
[2025-12-04T12:26:28.444+0000] {processor.py:914} INFO - Processing file /home/airflow/.local/lib/python3.12/site-packages/airflow/example_dags/example_setup_teardown.py for tasks to queue
[2025-12-04T12:26:28.447+0000] {logging_mixin.py:190} INFO - [2025-12-04T12:26:28.447+0000] {dagbag.py:588} INFO - Filling up the DagBag from /home/airflow/.local/lib/python3.12/site-packages/airflow/example_dags/example_setup_teardown.py
[2025-12-04T12:26:28.460+0000] {processor.py:925} INFO - DAG(s) 'example_setup_teardown' retrieved from /home/airflow/.local/lib/python3.12/site-packages/airflow/example_dags/example_setup_teardown.py
[2025-12-04T12:26:28.556+0000] {logging_mixin.py:190} INFO - [2025-12-04T12:26:28.555+0000] {override.py:1912} INFO - Created Permission View: can delete on DAG:example_setup_teardown
[2025-12-04T12:26:28.565+0000] {logging_mixin.py:190} INFO - [2025-12-04T12:26:28.565+0000] {override.py:1912} INFO - Created Permission View: can edit on DAG:example_setup_teardown
[2025-12-04T12:26:28.570+0000] {logging_mixin.py:190} INFO - [2025-12-04T12:26:28.570+0000] {override.py:1912} INFO - Created Permission View: can read on DAG:example_setup_teardown
[2025-12-04T12:26:28.576+0000] {logging_mixin.py:190} INFO - [2025-12-04T12:26:28.576+0000] {override.py:1912} INFO - Created Permission View: can delete on DAG Run:example_setup_teardown
[2025-12-04T12:26:28.582+0000] {logging_mixin.py:190} INFO - [2025-12-04T12:26:28.582+0000] {override.py:1912} INFO - Created Permission View: can read on DAG Run:example_setup_teardown
[2025-12-04T12:26:28.588+0000] {logging_mixin.py:190} INFO - [2025-12-04T12:26:28.587+0000] {override.py:1912} INFO - Created Permission View: can create on DAG Run:example_setup_teardown
[2025-12-04T12:26:28.593+0000] {logging_mixin.py:190} INFO - [2025-12-04T12:26:28.592+0000] {override.py:1912} INFO - Created Permission View: menu access on DAG Run:example_setup_teardown
[2025-12-04T12:26:28.593+0000] {logging_mixin.py:190} INFO - [2025-12-04T12:26:28.593+0000] {dag.py:3239} INFO - Sync 1 DAGs
[2025-12-04T12:26:28.604+0000] {logging_mixin.py:190} INFO - [2025-12-04T12:26:28.604+0000] {dag.py:3262} INFO - Creating ORM DAG for example_setup_teardown
[2025-12-04T12:26:28.605+0000] {logging_mixin.py:190} INFO - [2025-12-04T12:26:28.605+0000] {dag.py:4180} INFO - Setting next_dagrun for example_setup_teardown to None, run_after=None
[2025-12-04T12:26:28.618+0000] {processor.py:208} INFO - Processing /home/airflow/.local/lib/python3.12/site-packages/airflow/example_dags/example_setup_teardown.py took 0.181 seconds
[2025-12-04T12:26:58.953+0000] {processor.py:186} INFO - Started process (PID=144) to work on /home/airflow/.local/lib/python3.12/site-packages/airflow/example_dags/example_setup_teardown.py
[2025-12-04T12:26:58.954+0000] {processor.py:914} INFO - Processing file /home/airflow/.local/lib/python3.12/site-packages/airflow/example_dags/example_setup_teardown.py for tasks to queue
[2025-12-04T12:26:58.956+0000] {logging_mixin.py:190} INFO - [2025-12-04T12:26:58.956+0000] {dagbag.py:588} INFO - Filling up the DagBag from /home/airflow/.local/lib/python3.12/site-packages/airflow/example_dags/example_setup_teardown.py
[2025-12-04T12:26:58.966+0000] {processor.py:925} INFO - DAG(s) 'example_setup_teardown' retrieved from /home/airflow/.local/lib/python3.12/site-packages/airflow/example_dags/example_setup_teardown.py
[2025-12-04T12:26:58.990+0000] {logging_mixin.py:190} INFO - [2025-12-04T12:26:58.989+0000] {dag.py:3239} INFO - Sync 1 DAGs
[2025-12-04T12:26:59.009+0000] {logging_mixin.py:190} INFO - [2025-12-04T12:26:59.008+0000] {dag.py:4180} INFO - Setting next_dagrun for example_setup_teardown to None, run_after=None
[2025-12-04T12:26:59.031+0000] {processor.py:208} INFO - Processing /home/airflow/.local/lib/python3.12/site-packages/airflow/example_dags/example_setup_teardown.py took 0.088 seconds
[2025-12-04T12:27:29.470+0000] {processor.py:186} INFO - Started process (PID=210) to work on /home/airflow/.local/lib/python3.12/site-packages/airflow/example_dags/example_setup_teardown.py
[2025-12-04T12:27:29.471+0000] {processor.py:914} INFO - Processing file /home/airflow/.local/lib/python3.12/site-packages/airflow/example_dags/example_setup_teardown.py for tasks to queue
[2025-12-04T12:27:29.473+0000] {logging_mixin.py:190} INFO - [2025-12-04T12:27:29.473+0000] {dagbag.py:588} INFO - Filling up the DagBag from /home/airflow/.local/lib/python3.12/site-packages/airflow/example_dags/example_setup_teardown.py
[2025-12-04T12:27:29.482+0000] {processor.py:925} INFO - DAG(s) 'example_setup_teardown' retrieved from /home/airflow/.local/lib/python3.12/site-packages/airflow/example_dags/example_setup_teardown.py
[2025-12-04T12:27:29.506+0000] {logging_mixin.py:190} INFO - [2025-12-04T12:27:29.505+0000] {dag.py:3239} INFO - Sync 1 DAGs
[2025-12-04T12:27:29.523+0000] {logging_mixin.py:190} INFO - [2025-12-04T12:27:29.523+0000] {dag.py:4180} INFO - Setting next_dagrun for example_setup_teardown to None, run_after=None
[2025-12-04T12:27:29.546+0000] {processor.py:208} INFO - Processing /home/airflow/.local/lib/python3.12/site-packages/airflow/example_dags/example_setup_teardown.py took 0.082 seconds
[2025-12-04T12:27:59.898+0000] {processor.py:186} INFO - Started process (PID=275) to work on /home/airflow/.local/lib/python3.12/site-packages/airflow/example_dags/example_setup_teardown.py
[2025-12-04T12:27:59.900+0000] {processor.py:914} INFO - Processing file /home/airflow/.local/lib/python3.12/site-packages/airflow/example_dags/example_setup_teardown.py for tasks to queue
[2025-12-04T12:27:59.903+0000] {logging_mixin.py:190} INFO - [2025-12-04T12:27:59.902+0000] {dagbag.py:588} INFO - Filling up the DagBag from /home/airflow/.local/lib/python3.12/site-packages/airflow/example_dags/example_setup_teardown.py
[2025-12-04T12:27:59.916+0000] {processor.py:925} INFO - DAG(s) 'example_setup_teardown' retrieved from /home/airflow/.local/lib/python3.12/site-packages/airflow/example_dags/example_setup_teardown.py
[2025-12-04T12:27:59.938+0000] {logging_mixin.py:190} INFO - [2025-12-04T12:27:59.938+0000] {dag.py:3239} INFO - Sync 1 DAGs
[2025-12-04T12:27:59.955+0000] {logging_mixin.py:190} INFO - [2025-12-04T12:27:59.955+0000] {dag.py:4180} INFO - Setting next_dagrun for example_setup_teardown to None, run_after=None
[2025-12-04T12:27:59.977+0000] {processor.py:208} INFO - Processing /home/airflow/.local/lib/python3.12/site-packages/airflow/example_dags/example_setup_teardown.py took 0.087 seconds
[2025-12-04T12:28:30.278+0000] {processor.py:186} INFO - Started process (PID=341) to work on /home/airflow/.local/lib/python3.12/site-packages/airflow/example_dags/example_setup_teardown.py
[2025-12-04T12:28:30.279+0000] {processor.py:914} INFO - Processing file /home/airflow/.local/lib/python3.12/site-packages/airflow/example_dags/example_setup_teardown.py for tasks to queue
[2025-12-04T12:28:30.282+0000] {logging_mixin.py:190} INFO - [2025-12-04T12:28:30.281+0000] {dagbag.py:588} INFO - Filling up the DagBag from /home/airflow/.local/lib/python3.12/site-packages/airflow/example_dags/example_setup_teardown.py
[2025-12-04T12:28:30.295+0000] {processor.py:925} INFO - DAG(s) 'example_setup_teardown' retrieved from /home/airflow/.local/lib/python3.12/site-packages/airflow/example_dags/example_setup_teardown.py
[2025-12-04T12:28:30.327+0000] {logging_mixin.py:190} INFO - [2025-12-04T12:28:30.326+0000] {dag.py:3239} INFO - Sync 1 DAGs
[2025-12-04T12:28:30.344+0000] {logging_mixin.py:190} INFO - [2025-12-04T12:28:30.344+0000] {dag.py:4180} INFO - Setting next_dagrun for example_setup_teardown to None, run_after=None
[2025-12-04T12:28:30.365+0000] {processor.py:208} INFO - Processing /home/airflow/.local/lib/python3.12/site-packages/airflow/example_dags/example_setup_teardown.py took 0.097 seconds
[2025-12-04T12:29:00.873+0000] {processor.py:186} INFO - Started process (PID=406) to work on /home/airflow/.local/lib/python3.12/site-packages/airflow/example_dags/example_setup_teardown.py
[2025-12-04T12:29:00.874+0000] {processor.py:914} INFO - Processing file /home/airflow/.local/lib/python3.12/site-packages/airflow/example_dags/example_setup_teardown.py for tasks to queue
[2025-12-04T12:29:00.875+0000] {logging_mixin.py:190} INFO - [2025-12-04T12:29:00.875+0000] {dagbag.py:588} INFO - Filling up the DagBag from /home/airflow/.local/lib/python3.12/site-packages/airflow/example_dags/example_setup_teardown.py
[2025-12-04T12:29:00.884+0000] {processor.py:925} INFO - DAG(s) 'example_setup_teardown' retrieved from /home/airflow/.local/lib/python3.12/site-packages/airflow/example_dags/example_setup_teardown.py
[2025-12-04T12:29:00.905+0000] {logging_mixin.py:190} INFO - [2025-12-04T12:29:00.905+0000] {dag.py:3239} INFO - Sync 1 DAGs
[2025-12-04T12:29:00.923+0000] {logging_mixin.py:190} INFO - [2025-12-04T12:29:00.923+0000] {dag.py:4180} INFO - Setting next_dagrun for example_setup_teardown to None, run_after=None
[2025-12-04T12:29:00.944+0000] {processor.py:208} INFO - Processing /home/airflow/.local/lib/python3.12/site-packages/airflow/example_dags/example_setup_teardown.py took 0.077 seconds
[2025-12-04T12:29:31.853+0000] {processor.py:186} INFO - Started process (PID=472) to work on /home/airflow/.local/lib/python3.12/site-packages/airflow/example_dags/example_setup_teardown.py
[2025-12-04T12:29:31.854+0000] {processor.py:914} INFO - Processing file /home/airflow/.local/lib/python3.12/site-packages/airflow/example_dags/example_setup_teardown.py for tasks to queue
[2025-12-04T12:29:31.857+0000] {logging_mixin.py:190} INFO - [2025-12-04T12:29:31.857+0000] {dagbag.py:588} INFO - Filling up the DagBag from /home/airflow/.local/lib/python3.12/site-packages/airflow/example_dags/example_setup_teardown.py
[2025-12-04T12:29:31.868+0000] {processor.py:925} INFO - DAG(s) 'example_setup_teardown' retrieved from /home/airflow/.local/lib/python3.12/site-packages/airflow/example_dags/example_setup_teardown.py
[2025-12-04T12:29:31.891+0000] {logging_mixin.py:190} INFO - [2025-12-04T12:29:31.890+0000] {dag.py:3239} INFO - Sync 1 DAGs
[2025-12-04T12:29:31.908+0000] {logging_mixin.py:190} INFO - [2025-12-04T12:29:31.907+0000] {dag.py:4180} INFO - Setting next_dagrun for example_setup_teardown to None, run_after=None
[2025-12-04T12:29:31.929+0000] {processor.py:208} INFO - Processing /home/airflow/.local/lib/python3.12/site-packages/airflow/example_dags/example_setup_teardown.py took 0.083 seconds
[2025-12-04T12:30:02.591+0000] {processor.py:186} INFO - Started process (PID=538) to work on /home/airflow/.local/lib/python3.12/site-packages/airflow/example_dags/example_setup_teardown.py
[2025-12-04T12:30:02.592+0000] {processor.py:914} INFO - Processing file /home/airflow/.local/lib/python3.12/site-packages/airflow/example_dags/example_setup_teardown.py for tasks to queue
[2025-12-04T12:30:02.594+0000] {logging_mixin.py:190} INFO - [2025-12-04T12:30:02.594+0000] {dagbag.py:588} INFO - Filling up the DagBag from /home/airflow/.local/lib/python3.12/site-packages/airflow/example_dags/example_setup_teardown.py
[2025-12-04T12:30:02.603+0000] {processor.py:925} INFO - DAG(s) 'example_setup_teardown' retrieved from /home/airflow/.local/lib/python3.12/site-packages/airflow/example_dags/example_setup_teardown.py
[2025-12-04T12:30:02.626+0000] {logging_mixin.py:190} INFO - [2025-12-04T12:30:02.626+0000] {dag.py:3239} INFO - Sync 1 DAGs
[2025-12-04T12:30:02.644+0000] {logging_mixin.py:190} INFO - [2025-12-04T12:30:02.644+0000] {dag.py:4180} INFO - Setting next_dagrun for example_setup_teardown to None, run_after=None
[2025-12-04T12:30:02.666+0000] {processor.py:208} INFO - Processing /home/airflow/.local/lib/python3.12/site-packages/airflow/example_dags/example_setup_teardown.py took 0.081 seconds
[2025-12-04T12:30:34.650+0000] {processor.py:186} INFO - Started process (PID=611) to work on /home/airflow/.local/lib/python3.12/site-packages/airflow/example_dags/example_setup_teardown.py
[2025-12-04T12:30:34.651+0000] {processor.py:914} INFO - Processing file /home/airflow/.local/lib/python3.12/site-packages/airflow/example_dags/example_setup_teardown.py for tasks to queue
[2025-12-04T12:30:34.653+0000] {logging_mixin.py:190} INFO - [2025-12-04T12:30:34.653+0000] {dagbag.py:588} INFO - Filling up the DagBag from /home/airflow/.local/lib/python3.12/site-packages/airflow/example_dags/example_setup_teardown.py
[2025-12-04T12:30:34.662+0000] {processor.py:925} INFO - DAG(s) 'example_setup_teardown' retrieved from /home/airflow/.local/lib/python3.12/site-packages/airflow/example_dags/example_setup_teardown.py
[2025-12-04T12:30:34.683+0000] {logging_mixin.py:190} INFO - [2025-12-04T12:30:34.683+0000] {dag.py:3239} INFO - Sync 1 DAGs
[2025-12-04T12:30:34.700+0000] {logging_mixin.py:190} INFO - [2025-12-04T12:30:34.700+0000] {dag.py:4180} INFO - Setting next_dagrun for example_setup_teardown to None, run_after=None
[2025-12-04T12:30:34.723+0000] {processor.py:208} INFO - Processing /home/airflow/.local/lib/python3.12/site-packages/airflow/example_dags/example_setup_teardown.py took 0.078 seconds
[2025-12-04T12:31:06.132+0000] {processor.py:186} INFO - Started process (PID=677) to work on /home/airflow/.local/lib/python3.12/site-packages/airflow/example_dags/example_setup_teardown.py
[2025-12-04T12:31:06.133+0000] {processor.py:914} INFO - Processing file /home/airflow/.local/lib/python3.12/site-packages/airflow/example_dags/example_setup_teardown.py for tasks to queue
[2025-12-04T12:31:06.135+0000] {logging_mixin.py:190} INFO - [2025-12-04T12:31:06.135+0000] {dagbag.py:588} INFO - Filling up the DagBag from /home/airflow/.local/lib/python3.12/site-packages/airflow/example_dags/example_setup_teardown.py
[2025-12-04T12:31:06.146+0000] {processor.py:925} INFO - DAG(s) 'example_setup_teardown' retrieved from /home/airflow/.local/lib/python3.12/site-packages/airflow/example_dags/example_setup_teardown.py
[2025-12-04T12:31:06.169+0000] {logging_mixin.py:190} INFO - [2025-12-04T12:31:06.168+0000] {dag.py:3239} INFO - Sync 1 DAGs
[2025-12-04T12:31:06.186+0000] {logging_mixin.py:190} INFO - [2025-12-04T12:31:06.186+0000] {dag.py:4180} INFO - Setting next_dagrun for example_setup_teardown to None, run_after=None
[2025-12-04T12:31:06.207+0000] {processor.py:208} INFO - Processing /home/airflow/.local/lib/python3.12/site-packages/airflow/example_dags/example_setup_teardown.py took 0.084 seconds
[2025-12-04T12:31:37.715+0000] {processor.py:186} INFO - Started process (PID=743) to work on /home/airflow/.local/lib/python3.12/site-packages/airflow/example_dags/example_setup_teardown.py
[2025-12-04T12:31:37.716+0000] {processor.py:914} INFO - Processing file /home/airflow/.local/lib/python3.12/site-packages/airflow/example_dags/example_setup_teardown.py for tasks to queue
[2025-12-04T12:31:37.718+0000] {logging_mixin.py:190} INFO - [2025-12-04T12:31:37.718+0000] {dagbag.py:588} INFO - Filling up the DagBag from /home/airflow/.local/lib/python3.12/site-packages/airflow/example_dags/example_setup_teardown.py
[2025-12-04T12:31:37.727+0000] {processor.py:925} INFO - DAG(s) 'example_setup_teardown' retrieved from /home/airflow/.local/lib/python3.12/site-packages/airflow/example_dags/example_setup_teardown.py
[2025-12-04T12:31:37.751+0000] {logging_mixin.py:190} INFO - [2025-12-04T12:31:37.750+0000] {dag.py:3239} INFO - Sync 1 DAGs
[2025-12-04T12:31:37.768+0000] {logging_mixin.py:190} INFO - [2025-12-04T12:31:37.767+0000] {dag.py:4180} INFO - Setting next_dagrun for example_setup_teardown to None, run_after=None
[2025-12-04T12:31:37.791+0000] {processor.py:208} INFO - Processing /home/airflow/.local/lib/python3.12/site-packages/airflow/example_dags/example_setup_teardown.py took 0.081 seconds
[2025-12-04T12:32:09.338+0000] {processor.py:186} INFO - Started process (PID=809) to work on /home/airflow/.local/lib/python3.12/site-packages/airflow/example_dags/example_setup_teardown.py
[2025-12-04T12:32:09.339+0000] {processor.py:914} INFO - Processing file /home/airflow/.local/lib/python3.12/site-packages/airflow/example_dags/example_setup_teardown.py for tasks to queue
[2025-12-04T12:32:09.341+0000] {logging_mixin.py:190} INFO - [2025-12-04T12:32:09.340+0000] {dagbag.py:588} INFO - Filling up the DagBag from /home/airflow/.local/lib/python3.12/site-packages/airflow/example_dags/example_setup_teardown.py
[2025-12-04T12:32:09.349+0000] {processor.py:925} INFO - DAG(s) 'example_setup_teardown' retrieved from /home/airflow/.local/lib/python3.12/site-packages/airflow/example_dags/example_setup_teardown.py
[2025-12-04T12:32:09.373+0000] {logging_mixin.py:190} INFO - [2025-12-04T12:32:09.373+0000] {dag.py:3239} INFO - Sync 1 DAGs
[2025-12-04T12:32:09.391+0000] {logging_mixin.py:190} INFO - [2025-12-04T12:32:09.390+0000] {dag.py:4180} INFO - Setting next_dagrun for example_setup_teardown to None, run_after=None
[2025-12-04T12:32:09.414+0000] {processor.py:208} INFO - Processing /home/airflow/.local/lib/python3.12/site-packages/airflow/example_dags/example_setup_teardown.py took 0.081 seconds
[2025-12-04T12:32:40.947+0000] {processor.py:186} INFO - Started process (PID=876) to work on /home/airflow/.local/lib/python3.12/site-packages/airflow/example_dags/example_setup_teardown.py
[2025-12-04T12:32:40.948+0000] {processor.py:914} INFO - Processing file /home/airflow/.local/lib/python3.12/site-packages/airflow/example_dags/example_setup_teardown.py for tasks to queue
[2025-12-04T12:32:40.950+0000] {logging_mixin.py:190} INFO - [2025-12-04T12:32:40.950+0000] {dagbag.py:588} INFO - Filling up the DagBag from /home/airflow/.local/lib/python3.12/site-packages/airflow/example_dags/example_setup_teardown.py
[2025-12-04T12:32:40.958+0000] {processor.py:925} INFO - DAG(s) 'example_setup_teardown' retrieved from /home/airflow/.local/lib/python3.12/site-packages/airflow/example_dags/example_setup_teardown.py
[2025-12-04T12:32:40.981+0000] {logging_mixin.py:190} INFO - [2025-12-04T12:32:40.981+0000] {dag.py:3239} INFO - Sync 1 DAGs
[2025-12-04T12:32:40.998+0000] {logging_mixin.py:190} INFO - [2025-12-04T12:32:40.998+0000] {dag.py:4180} INFO - Setting next_dagrun for example_setup_teardown to None, run_after=None
[2025-12-04T12:32:41.019+0000] {processor.py:208} INFO - Processing /home/airflow/.local/lib/python3.12/site-packages/airflow/example_dags/example_setup_teardown.py took 0.078 seconds
[2025-12-04T12:33:12.482+0000] {processor.py:186} INFO - Started process (PID=942) to work on /home/airflow/.local/lib/python3.12/site-packages/airflow/example_dags/example_setup_teardown.py
[2025-12-04T12:33:12.483+0000] {processor.py:914} INFO - Processing file /home/airflow/.local/lib/python3.12/site-packages/airflow/example_dags/example_setup_teardown.py for tasks to queue
[2025-12-04T12:33:12.486+0000] {logging_mixin.py:190} INFO - [2025-12-04T12:33:12.485+0000] {dagbag.py:588} INFO - Filling up the DagBag from /home/airflow/.local/lib/python3.12/site-packages/airflow/example_dags/example_setup_teardown.py
[2025-12-04T12:33:12.500+0000] {processor.py:925} INFO - DAG(s) 'example_setup_teardown' retrieved from /home/airflow/.local/lib/python3.12/site-packages/airflow/example_dags/example_setup_teardown.py
[2025-12-04T12:33:12.522+0000] {logging_mixin.py:190} INFO - [2025-12-04T12:33:12.521+0000] {dag.py:3239} INFO - Sync 1 DAGs
[2025-12-04T12:33:12.540+0000] {logging_mixin.py:190} INFO - [2025-12-04T12:33:12.539+0000] {dag.py:4180} INFO - Setting next_dagrun for example_setup_teardown to None, run_after=None
[2025-12-04T12:33:12.563+0000] {processor.py:208} INFO - Processing /home/airflow/.local/lib/python3.12/site-packages/airflow/example_dags/example_setup_teardown.py took 0.086 seconds
[2025-12-04T12:33:44.186+0000] {processor.py:186} INFO - Started process (PID=1008) to work on /home/airflow/.local/lib/python3.12/site-packages/airflow/example_dags/example_setup_teardown.py
[2025-12-04T12:33:44.187+0000] {processor.py:914} INFO - Processing file /home/airflow/.local/lib/python3.12/site-packages/airflow/example_dags/example_setup_teardown.py for tasks to queue
[2025-12-04T12:33:44.189+0000] {logging_mixin.py:190} INFO - [2025-12-04T12:33:44.188+0000] {dagbag.py:588} INFO - Filling up the DagBag from /home/airflow/.local/lib/python3.12/site-packages/airflow/example_dags/example_setup_teardown.py
[2025-12-04T12:33:44.197+0000] {processor.py:925} INFO - DAG(s) 'example_setup_teardown' retrieved from /home/airflow/.local/lib/python3.12/site-packages/airflow/example_dags/example_setup_teardown.py
[2025-12-04T12:33:44.226+0000] {logging_mixin.py:190} INFO - [2025-12-04T12:33:44.226+0000] {dag.py:3239} INFO - Sync 1 DAGs
[2025-12-04T12:33:44.244+0000] {logging_mixin.py:190} INFO - [2025-12-04T12:33:44.243+0000] {dag.py:4180} INFO - Setting next_dagrun for example_setup_teardown to None, run_after=None
[2025-12-04T12:33:44.264+0000] {processor.py:208} INFO - Processing /home/airflow/.local/lib/python3.12/site-packages/airflow/example_dags/example_setup_teardown.py took 0.084 seconds
[2025-12-04T12:34:15.762+0000] {processor.py:186} INFO - Started process (PID=1074) to work on /home/airflow/.local/lib/python3.12/site-packages/airflow/example_dags/example_setup_teardown.py
[2025-12-04T12:34:15.763+0000] {processor.py:914} INFO - Processing file /home/airflow/.local/lib/python3.12/site-packages/airflow/example_dags/example_setup_teardown.py for tasks to queue
[2025-12-04T12:34:15.765+0000] {logging_mixin.py:190} INFO - [2025-12-04T12:34:15.764+0000] {dagbag.py:588} INFO - Filling up the DagBag from /home/airflow/.local/lib/python3.12/site-packages/airflow/example_dags/example_setup_teardown.py
[2025-12-04T12:34:15.774+0000] {processor.py:925} INFO - DAG(s) 'example_setup_teardown' retrieved from /home/airflow/.local/lib/python3.12/site-packages/airflow/example_dags/example_setup_teardown.py
[2025-12-04T12:34:15.795+0000] {logging_mixin.py:190} INFO - [2025-12-04T12:34:15.795+0000] {dag.py:3239} INFO - Sync 1 DAGs
[2025-12-04T12:34:15.811+0000] {logging_mixin.py:190} INFO - [2025-12-04T12:34:15.811+0000] {dag.py:4180} INFO - Setting next_dagrun for example_setup_teardown to None, run_after=None
[2025-12-04T12:34:15.835+0000] {processor.py:208} INFO - Processing /home/airflow/.local/lib/python3.12/site-packages/airflow/example_dags/example_setup_teardown.py took 0.079 seconds
[2025-12-04T12:34:47.100+0000] {processor.py:186} INFO - Started process (PID=1140) to work on /home/airflow/.local/lib/python3.12/site-packages/airflow/example_dags/example_setup_teardown.py
[2025-12-04T12:34:47.101+0000] {processor.py:914} INFO - Processing file /home/airflow/.local/lib/python3.12/site-packages/airflow/example_dags/example_setup_teardown.py for tasks to queue
[2025-12-04T12:34:47.103+0000] {logging_mixin.py:190} INFO - [2025-12-04T12:34:47.103+0000] {dagbag.py:588} INFO - Filling up the DagBag from /home/airflow/.local/lib/python3.12/site-packages/airflow/example_dags/example_setup_teardown.py
[2025-12-04T12:34:47.112+0000] {processor.py:925} INFO - DAG(s) 'example_setup_teardown' retrieved from /home/airflow/.local/lib/python3.12/site-packages/airflow/example_dags/example_setup_teardown.py
[2025-12-04T12:34:47.139+0000] {logging_mixin.py:190} INFO - [2025-12-04T12:34:47.139+0000] {dag.py:3239} INFO - Sync 1 DAGs
[2025-12-04T12:34:47.162+0000] {logging_mixin.py:190} INFO - [2025-12-04T12:34:47.162+0000] {dag.py:4180} INFO - Setting next_dagrun for example_setup_teardown to None, run_after=None
[2025-12-04T12:34:47.184+0000] {processor.py:208} INFO - Processing /home/airflow/.local/lib/python3.12/site-packages/airflow/example_dags/example_setup_teardown.py took 0.090 seconds
[2025-12-04T12:35:18.475+0000] {processor.py:186} INFO - Started process (PID=1206) to work on /home/airflow/.local/lib/python3.12/site-packages/airflow/example_dags/example_setup_teardown.py
[2025-12-04T12:35:18.476+0000] {processor.py:914} INFO - Processing file /home/airflow/.local/lib/python3.12/site-packages/airflow/example_dags/example_setup_teardown.py for tasks to queue
[2025-12-04T12:35:18.478+0000] {logging_mixin.py:190} INFO - [2025-12-04T12:35:18.477+0000] {dagbag.py:588} INFO - Filling up the DagBag from /home/airflow/.local/lib/python3.12/site-packages/airflow/example_dags/example_setup_teardown.py
[2025-12-04T12:35:18.486+0000] {processor.py:925} INFO - DAG(s) 'example_setup_teardown' retrieved from /home/airflow/.local/lib/python3.12/site-packages/airflow/example_dags/example_setup_teardown.py
[2025-12-04T12:35:18.507+0000] {logging_mixin.py:190} INFO - [2025-12-04T12:35:18.507+0000] {dag.py:3239} INFO - Sync 1 DAGs
[2025-12-04T12:35:18.525+0000] {logging_mixin.py:190} INFO - [2025-12-04T12:35:18.524+0000] {dag.py:4180} INFO - Setting next_dagrun for example_setup_teardown to None, run_after=None
[2025-12-04T12:35:18.546+0000] {processor.py:208} INFO - Processing /home/airflow/.local/lib/python3.12/site-packages/airflow/example_dags/example_setup_teardown.py took 0.077 seconds
[2025-12-04T12:35:50.108+0000] {processor.py:186} INFO - Started process (PID=1272) to work on /home/airflow/.local/lib/python3.12/site-packages/airflow/example_dags/example_setup_teardown.py
[2025-12-04T12:35:50.109+0000] {processor.py:914} INFO - Processing file /home/airflow/.local/lib/python3.12/site-packages/airflow/example_dags/example_setup_teardown.py for tasks to queue
[2025-12-04T12:35:50.112+0000] {logging_mixin.py:190} INFO - [2025-12-04T12:35:50.111+0000] {dagbag.py:588} INFO - Filling up the DagBag from /home/airflow/.local/lib/python3.12/site-packages/airflow/example_dags/example_setup_teardown.py
[2025-12-04T12:35:50.120+0000] {processor.py:925} INFO - DAG(s) 'example_setup_teardown' retrieved from /home/airflow/.local/lib/python3.12/site-packages/airflow/example_dags/example_setup_teardown.py
[2025-12-04T12:35:50.143+0000] {logging_mixin.py:190} INFO - [2025-12-04T12:35:50.143+0000] {dag.py:3239} INFO - Sync 1 DAGs
[2025-12-04T12:35:50.161+0000] {logging_mixin.py:190} INFO - [2025-12-04T12:35:50.160+0000] {dag.py:4180} INFO - Setting next_dagrun for example_setup_teardown to None, run_after=None
[2025-12-04T12:35:50.181+0000] {processor.py:208} INFO - Processing /home/airflow/.local/lib/python3.12/site-packages/airflow/example_dags/example_setup_teardown.py took 0.079 seconds
[2025-12-04T12:36:21.532+0000] {processor.py:186} INFO - Started process (PID=1338) to work on /home/airflow/.local/lib/python3.12/site-packages/airflow/example_dags/example_setup_teardown.py
[2025-12-04T12:36:21.533+0000] {processor.py:914} INFO - Processing file /home/airflow/.local/lib/python3.12/site-packages/airflow/example_dags/example_setup_teardown.py for tasks to queue
[2025-12-04T12:36:21.536+0000] {logging_mixin.py:190} INFO - [2025-12-04T12:36:21.536+0000] {dagbag.py:588} INFO - Filling up the DagBag from /home/airflow/.local/lib/python3.12/site-packages/airflow/example_dags/example_setup_teardown.py
[2025-12-04T12:36:21.550+0000] {processor.py:925} INFO - DAG(s) 'example_setup_teardown' retrieved from /home/airflow/.local/lib/python3.12/site-packages/airflow/example_dags/example_setup_teardown.py
[2025-12-04T12:36:21.573+0000] {logging_mixin.py:190} INFO - [2025-12-04T12:36:21.573+0000] {dag.py:3239} INFO - Sync 1 DAGs
[2025-12-04T12:36:21.591+0000] {logging_mixin.py:190} INFO - [2025-12-04T12:36:21.590+0000] {dag.py:4180} INFO - Setting next_dagrun for example_setup_teardown to None, run_after=None
[2025-12-04T12:36:21.611+0000] {processor.py:208} INFO - Processing /home/airflow/.local/lib/python3.12/site-packages/airflow/example_dags/example_setup_teardown.py took 0.089 seconds
[2025-12-04T12:36:52.891+0000] {processor.py:186} INFO - Started process (PID=1405) to work on /home/airflow/.local/lib/python3.12/site-packages/airflow/example_dags/example_setup_teardown.py
[2025-12-04T12:36:52.892+0000] {processor.py:914} INFO - Processing file /home/airflow/.local/lib/python3.12/site-packages/airflow/example_dags/example_setup_teardown.py for tasks to queue
[2025-12-04T12:36:52.894+0000] {logging_mixin.py:190} INFO - [2025-12-04T12:36:52.893+0000] {dagbag.py:588} INFO - Filling up the DagBag from /home/airflow/.local/lib/python3.12/site-packages/airflow/example_dags/example_setup_teardown.py
[2025-12-04T12:36:52.902+0000] {processor.py:925} INFO - DAG(s) 'example_setup_teardown' retrieved from /home/airflow/.local/lib/python3.12/site-packages/airflow/example_dags/example_setup_teardown.py
[2025-12-04T12:36:52.922+0000] {logging_mixin.py:190} INFO - [2025-12-04T12:36:52.922+0000] {dag.py:3239} INFO - Sync 1 DAGs
[2025-12-04T12:36:52.938+0000] {logging_mixin.py:190} INFO - [2025-12-04T12:36:52.938+0000] {dag.py:4180} INFO - Setting next_dagrun for example_setup_teardown to None, run_after=None
[2025-12-04T12:36:52.957+0000] {processor.py:208} INFO - Processing /home/airflow/.local/lib/python3.12/site-packages/airflow/example_dags/example_setup_teardown.py took 0.072 seconds
[2025-12-04T12:37:24.345+0000] {processor.py:186} INFO - Started process (PID=1471) to work on /home/airflow/.local/lib/python3.12/site-packages/airflow/example_dags/example_setup_teardown.py
[2025-12-04T12:37:24.346+0000] {processor.py:914} INFO - Processing file /home/airflow/.local/lib/python3.12/site-packages/airflow/example_dags/example_setup_teardown.py for tasks to queue
[2025-12-04T12:37:24.349+0000] {logging_mixin.py:190} INFO - [2025-12-04T12:37:24.349+0000] {dagbag.py:588} INFO - Filling up the DagBag from /home/airflow/.local/lib/python3.12/site-packages/airflow/example_dags/example_setup_teardown.py
[2025-12-04T12:37:24.362+0000] {processor.py:925} INFO - DAG(s) 'example_setup_teardown' retrieved from /home/airflow/.local/lib/python3.12/site-packages/airflow/example_dags/example_setup_teardown.py
[2025-12-04T12:37:24.390+0000] {logging_mixin.py:190} INFO - [2025-12-04T12:37:24.390+0000] {dag.py:3239} INFO - Sync 1 DAGs
[2025-12-04T12:37:24.412+0000] {logging_mixin.py:190} INFO - [2025-12-04T12:37:24.412+0000] {dag.py:4180} INFO - Setting next_dagrun for example_setup_teardown to None, run_after=None
[2025-12-04T12:37:24.434+0000] {processor.py:208} INFO - Processing /home/airflow/.local/lib/python3.12/site-packages/airflow/example_dags/example_setup_teardown.py took 0.098 seconds
[2025-12-04T12:37:55.848+0000] {processor.py:186} INFO - Started process (PID=1537) to work on /home/airflow/.local/lib/python3.12/site-packages/airflow/example_dags/example_setup_teardown.py
[2025-12-04T12:37:55.849+0000] {processor.py:914} INFO - Processing file /home/airflow/.local/lib/python3.12/site-packages/airflow/example_dags/example_setup_teardown.py for tasks to queue
[2025-12-04T12:37:55.851+0000] {logging_mixin.py:190} INFO - [2025-12-04T12:37:55.851+0000] {dagbag.py:588} INFO - Filling up the DagBag from /home/airflow/.local/lib/python3.12/site-packages/airflow/example_dags/example_setup_teardown.py
[2025-12-04T12:37:55.859+0000] {processor.py:925} INFO - DAG(s) 'example_setup_teardown' retrieved from /home/airflow/.local/lib/python3.12/site-packages/airflow/example_dags/example_setup_teardown.py
[2025-12-04T12:37:55.881+0000] {logging_mixin.py:190} INFO - [2025-12-04T12:37:55.881+0000] {dag.py:3239} INFO - Sync 1 DAGs
[2025-12-04T12:37:55.898+0000] {logging_mixin.py:190} INFO - [2025-12-04T12:37:55.897+0000] {dag.py:4180} INFO - Setting next_dagrun for example_setup_teardown to None, run_after=None
[2025-12-04T12:37:55.918+0000] {processor.py:208} INFO - Processing /home/airflow/.local/lib/python3.12/site-packages/airflow/example_dags/example_setup_teardown.py took 0.075 seconds
[2025-12-04T12:38:27.732+0000] {processor.py:186} INFO - Started process (PID=1603) to work on /home/airflow/.local/lib/python3.12/site-packages/airflow/example_dags/example_setup_teardown.py
[2025-12-04T12:38:27.734+0000] {processor.py:914} INFO - Processing file /home/airflow/.local/lib/python3.12/site-packages/airflow/example_dags/example_setup_teardown.py for tasks to queue
[2025-12-04T12:38:27.737+0000] {logging_mixin.py:190} INFO - [2025-12-04T12:38:27.736+0000] {dagbag.py:588} INFO - Filling up the DagBag from /home/airflow/.local/lib/python3.12/site-packages/airflow/example_dags/example_setup_teardown.py
[2025-12-04T12:38:27.750+0000] {processor.py:925} INFO - DAG(s) 'example_setup_teardown' retrieved from /home/airflow/.local/lib/python3.12/site-packages/airflow/example_dags/example_setup_teardown.py
[2025-12-04T12:38:27.780+0000] {logging_mixin.py:190} INFO - [2025-12-04T12:38:27.779+0000] {dag.py:3239} INFO - Sync 1 DAGs
[2025-12-04T12:38:27.804+0000] {logging_mixin.py:190} INFO - [2025-12-04T12:38:27.803+0000] {dag.py:4180} INFO - Setting next_dagrun for example_setup_teardown to None, run_after=None
[2025-12-04T12:38:27.827+0000] {processor.py:208} INFO - Processing /home/airflow/.local/lib/python3.12/site-packages/airflow/example_dags/example_setup_teardown.py took 0.104 seconds
[2025-12-04T12:38:59.255+0000] {processor.py:186} INFO - Started process (PID=1669) to work on /home/airflow/.local/lib/python3.12/site-packages/airflow/example_dags/example_setup_teardown.py
[2025-12-04T12:38:59.256+0000] {processor.py:914} INFO - Processing file /home/airflow/.local/lib/python3.12/site-packages/airflow/example_dags/example_setup_teardown.py for tasks to queue
[2025-12-04T12:38:59.258+0000] {logging_mixin.py:190} INFO - [2025-12-04T12:38:59.258+0000] {dagbag.py:588} INFO - Filling up the DagBag from /home/airflow/.local/lib/python3.12/site-packages/airflow/example_dags/example_setup_teardown.py
[2025-12-04T12:38:59.267+0000] {processor.py:925} INFO - DAG(s) 'example_setup_teardown' retrieved from /home/airflow/.local/lib/python3.12/site-packages/airflow/example_dags/example_setup_teardown.py
[2025-12-04T12:38:59.289+0000] {logging_mixin.py:190} INFO - [2025-12-04T12:38:59.289+0000] {dag.py:3239} INFO - Sync 1 DAGs
[2025-12-04T12:38:59.306+0000] {logging_mixin.py:190} INFO - [2025-12-04T12:38:59.306+0000] {dag.py:4180} INFO - Setting next_dagrun for example_setup_teardown to None, run_after=None
[2025-12-04T12:38:59.327+0000] {processor.py:208} INFO - Processing /home/airflow/.local/lib/python3.12/site-packages/airflow/example_dags/example_setup_teardown.py took 0.078 seconds
[2025-12-04T12:39:31.173+0000] {processor.py:186} INFO - Started process (PID=1735) to work on /home/airflow/.local/lib/python3.12/site-packages/airflow/example_dags/example_setup_teardown.py
[2025-12-04T12:39:31.174+0000] {processor.py:914} INFO - Processing file /home/airflow/.local/lib/python3.12/site-packages/airflow/example_dags/example_setup_teardown.py for tasks to queue
[2025-12-04T12:39:31.176+0000] {logging_mixin.py:190} INFO - [2025-12-04T12:39:31.175+0000] {dagbag.py:588} INFO - Filling up the DagBag from /home/airflow/.local/lib/python3.12/site-packages/airflow/example_dags/example_setup_teardown.py
[2025-12-04T12:39:31.184+0000] {processor.py:925} INFO - DAG(s) 'example_setup_teardown' retrieved from /home/airflow/.local/lib/python3.12/site-packages/airflow/example_dags/example_setup_teardown.py
[2025-12-04T12:39:31.207+0000] {logging_mixin.py:190} INFO - [2025-12-04T12:39:31.207+0000] {dag.py:3239} INFO - Sync 1 DAGs
[2025-12-04T12:39:31.223+0000] {logging_mixin.py:190} INFO - [2025-12-04T12:39:31.223+0000] {dag.py:4180} INFO - Setting next_dagrun for example_setup_teardown to None, run_after=None
[2025-12-04T12:39:31.244+0000] {processor.py:208} INFO - Processing /home/airflow/.local/lib/python3.12/site-packages/airflow/example_dags/example_setup_teardown.py took 0.077 seconds
[2025-12-04T12:40:02.690+0000] {processor.py:186} INFO - Started process (PID=1801) to work on /home/airflow/.local/lib/python3.12/site-packages/airflow/example_dags/example_setup_teardown.py
[2025-12-04T12:40:02.691+0000] {processor.py:914} INFO - Processing file /home/airflow/.local/lib/python3.12/site-packages/airflow/example_dags/example_setup_teardown.py for tasks to queue
[2025-12-04T12:40:02.693+0000] {logging_mixin.py:190} INFO - [2025-12-04T12:40:02.693+0000] {dagbag.py:588} INFO - Filling up the DagBag from /home/airflow/.local/lib/python3.12/site-packages/airflow/example_dags/example_setup_teardown.py
[2025-12-04T12:40:02.701+0000] {processor.py:925} INFO - DAG(s) 'example_setup_teardown' retrieved from /home/airflow/.local/lib/python3.12/site-packages/airflow/example_dags/example_setup_teardown.py
[2025-12-04T12:40:02.726+0000] {logging_mixin.py:190} INFO - [2025-12-04T12:40:02.726+0000] {dag.py:3239} INFO - Sync 1 DAGs
[2025-12-04T12:40:02.744+0000] {logging_mixin.py:190} INFO - [2025-12-04T12:40:02.743+0000] {dag.py:4180} INFO - Setting next_dagrun for example_setup_teardown to None, run_after=None
[2025-12-04T12:40:02.766+0000] {processor.py:208} INFO - Processing /home/airflow/.local/lib/python3.12/site-packages/airflow/example_dags/example_setup_teardown.py took 0.081 seconds
[2025-12-04T12:40:33.958+0000] {processor.py:186} INFO - Started process (PID=1867) to work on /home/airflow/.local/lib/python3.12/site-packages/airflow/example_dags/example_setup_teardown.py
[2025-12-04T12:40:33.958+0000] {processor.py:914} INFO - Processing file /home/airflow/.local/lib/python3.12/site-packages/airflow/example_dags/example_setup_teardown.py for tasks to queue
[2025-12-04T12:40:33.961+0000] {logging_mixin.py:190} INFO - [2025-12-04T12:40:33.960+0000] {dagbag.py:588} INFO - Filling up the DagBag from /home/airflow/.local/lib/python3.12/site-packages/airflow/example_dags/example_setup_teardown.py
[2025-12-04T12:40:33.969+0000] {processor.py:925} INFO - DAG(s) 'example_setup_teardown' retrieved from /home/airflow/.local/lib/python3.12/site-packages/airflow/example_dags/example_setup_teardown.py
[2025-12-04T12:40:33.999+0000] {logging_mixin.py:190} INFO - [2025-12-04T12:40:33.999+0000] {dag.py:3239} INFO - Sync 1 DAGs
[2025-12-04T12:40:34.025+0000] {logging_mixin.py:190} INFO - [2025-12-04T12:40:34.025+0000] {dag.py:4180} INFO - Setting next_dagrun for example_setup_teardown to None, run_after=None
[2025-12-04T12:40:34.048+0000] {processor.py:208} INFO - Processing /home/airflow/.local/lib/python3.12/site-packages/airflow/example_dags/example_setup_teardown.py took 0.096 seconds
[2025-12-04T12:41:05.768+0000] {processor.py:186} INFO - Started process (PID=1933) to work on /home/airflow/.local/lib/python3.12/site-packages/airflow/example_dags/example_setup_teardown.py
[2025-12-04T12:41:05.769+0000] {processor.py:914} INFO - Processing file /home/airflow/.local/lib/python3.12/site-packages/airflow/example_dags/example_setup_teardown.py for tasks to queue
[2025-12-04T12:41:05.773+0000] {logging_mixin.py:190} INFO - [2025-12-04T12:41:05.772+0000] {dagbag.py:588} INFO - Filling up the DagBag from /home/airflow/.local/lib/python3.12/site-packages/airflow/example_dags/example_setup_teardown.py
[2025-12-04T12:41:05.783+0000] {processor.py:925} INFO - DAG(s) 'example_setup_teardown' retrieved from /home/airflow/.local/lib/python3.12/site-packages/airflow/example_dags/example_setup_teardown.py
[2025-12-04T12:41:05.807+0000] {logging_mixin.py:190} INFO - [2025-12-04T12:41:05.807+0000] {dag.py:3239} INFO - Sync 1 DAGs
[2025-12-04T12:41:05.826+0000] {logging_mixin.py:190} INFO - [2025-12-04T12:41:05.825+0000] {dag.py:4180} INFO - Setting next_dagrun for example_setup_teardown to None, run_after=None
[2025-12-04T12:41:05.850+0000] {processor.py:208} INFO - Processing /home/airflow/.local/lib/python3.12/site-packages/airflow/example_dags/example_setup_teardown.py took 0.090 seconds
[2025-12-04T12:41:36.887+0000] {processor.py:186} INFO - Started process (PID=2005) to work on /home/airflow/.local/lib/python3.12/site-packages/airflow/example_dags/example_setup_teardown.py
[2025-12-04T12:41:36.888+0000] {processor.py:914} INFO - Processing file /home/airflow/.local/lib/python3.12/site-packages/airflow/example_dags/example_setup_teardown.py for tasks to queue
[2025-12-04T12:41:36.891+0000] {logging_mixin.py:190} INFO - [2025-12-04T12:41:36.890+0000] {dagbag.py:588} INFO - Filling up the DagBag from /home/airflow/.local/lib/python3.12/site-packages/airflow/example_dags/example_setup_teardown.py
[2025-12-04T12:41:36.899+0000] {processor.py:925} INFO - DAG(s) 'example_setup_teardown' retrieved from /home/airflow/.local/lib/python3.12/site-packages/airflow/example_dags/example_setup_teardown.py
[2025-12-04T12:41:36.920+0000] {logging_mixin.py:190} INFO - [2025-12-04T12:41:36.920+0000] {dag.py:3239} INFO - Sync 1 DAGs
[2025-12-04T12:41:36.939+0000] {logging_mixin.py:190} INFO - [2025-12-04T12:41:36.939+0000] {dag.py:4180} INFO - Setting next_dagrun for example_setup_teardown to None, run_after=None
[2025-12-04T12:41:36.960+0000] {processor.py:208} INFO - Processing /home/airflow/.local/lib/python3.12/site-packages/airflow/example_dags/example_setup_teardown.py took 0.078 seconds
[2025-12-04T12:42:08.100+0000] {processor.py:186} INFO - Started process (PID=2071) to work on /home/airflow/.local/lib/python3.12/site-packages/airflow/example_dags/example_setup_teardown.py
[2025-12-04T12:42:08.101+0000] {processor.py:914} INFO - Processing file /home/airflow/.local/lib/python3.12/site-packages/airflow/example_dags/example_setup_teardown.py for tasks to queue
[2025-12-04T12:42:08.104+0000] {logging_mixin.py:190} INFO - [2025-12-04T12:42:08.104+0000] {dagbag.py:588} INFO - Filling up the DagBag from /home/airflow/.local/lib/python3.12/site-packages/airflow/example_dags/example_setup_teardown.py
[2025-12-04T12:42:08.117+0000] {processor.py:925} INFO - DAG(s) 'example_setup_teardown' retrieved from /home/airflow/.local/lib/python3.12/site-packages/airflow/example_dags/example_setup_teardown.py
[2025-12-04T12:42:08.149+0000] {logging_mixin.py:190} INFO - [2025-12-04T12:42:08.149+0000] {dag.py:3239} INFO - Sync 1 DAGs
[2025-12-04T12:42:08.172+0000] {logging_mixin.py:190} INFO - [2025-12-04T12:42:08.172+0000] {dag.py:4180} INFO - Setting next_dagrun for example_setup_teardown to None, run_after=None
[2025-12-04T12:42:08.194+0000] {processor.py:208} INFO - Processing /home/airflow/.local/lib/python3.12/site-packages/airflow/example_dags/example_setup_teardown.py took 0.103 seconds
[2025-12-04T12:42:39.772+0000] {processor.py:186} INFO - Started process (PID=2137) to work on /home/airflow/.local/lib/python3.12/site-packages/airflow/example_dags/example_setup_teardown.py
[2025-12-04T12:42:39.773+0000] {processor.py:914} INFO - Processing file /home/airflow/.local/lib/python3.12/site-packages/airflow/example_dags/example_setup_teardown.py for tasks to queue
[2025-12-04T12:42:39.775+0000] {logging_mixin.py:190} INFO - [2025-12-04T12:42:39.774+0000] {dagbag.py:588} INFO - Filling up the DagBag from /home/airflow/.local/lib/python3.12/site-packages/airflow/example_dags/example_setup_teardown.py
[2025-12-04T12:42:39.783+0000] {processor.py:925} INFO - DAG(s) 'example_setup_teardown' retrieved from /home/airflow/.local/lib/python3.12/site-packages/airflow/example_dags/example_setup_teardown.py
[2025-12-04T12:42:39.805+0000] {logging_mixin.py:190} INFO - [2025-12-04T12:42:39.805+0000] {dag.py:3239} INFO - Sync 1 DAGs
[2025-12-04T12:42:39.823+0000] {logging_mixin.py:190} INFO - [2025-12-04T12:42:39.823+0000] {dag.py:4180} INFO - Setting next_dagrun for example_setup_teardown to None, run_after=None
[2025-12-04T12:42:39.844+0000] {processor.py:208} INFO - Processing /home/airflow/.local/lib/python3.12/site-packages/airflow/example_dags/example_setup_teardown.py took 0.078 seconds
[2025-12-04T12:43:11.256+0000] {processor.py:186} INFO - Started process (PID=2203) to work on /home/airflow/.local/lib/python3.12/site-packages/airflow/example_dags/example_setup_teardown.py
[2025-12-04T12:43:11.257+0000] {processor.py:914} INFO - Processing file /home/airflow/.local/lib/python3.12/site-packages/airflow/example_dags/example_setup_teardown.py for tasks to queue
[2025-12-04T12:43:11.261+0000] {logging_mixin.py:190} INFO - [2025-12-04T12:43:11.260+0000] {dagbag.py:588} INFO - Filling up the DagBag from /home/airflow/.local/lib/python3.12/site-packages/airflow/example_dags/example_setup_teardown.py
[2025-12-04T12:43:11.276+0000] {processor.py:925} INFO - DAG(s) 'example_setup_teardown' retrieved from /home/airflow/.local/lib/python3.12/site-packages/airflow/example_dags/example_setup_teardown.py
[2025-12-04T12:43:11.303+0000] {logging_mixin.py:190} INFO - [2025-12-04T12:43:11.303+0000] {dag.py:3239} INFO - Sync 1 DAGs
[2025-12-04T12:43:11.323+0000] {logging_mixin.py:190} INFO - [2025-12-04T12:43:11.323+0000] {dag.py:4180} INFO - Setting next_dagrun for example_setup_teardown to None, run_after=None
[2025-12-04T12:43:11.347+0000] {processor.py:208} INFO - Processing /home/airflow/.local/lib/python3.12/site-packages/airflow/example_dags/example_setup_teardown.py took 0.102 seconds
[2025-12-04T12:43:42.817+0000] {processor.py:186} INFO - Started process (PID=2276) to work on /home/airflow/.local/lib/python3.12/site-packages/airflow/example_dags/example_setup_teardown.py
[2025-12-04T12:43:42.818+0000] {processor.py:914} INFO - Processing file /home/airflow/.local/lib/python3.12/site-packages/airflow/example_dags/example_setup_teardown.py for tasks to queue
[2025-12-04T12:43:42.820+0000] {logging_mixin.py:190} INFO - [2025-12-04T12:43:42.820+0000] {dagbag.py:588} INFO - Filling up the DagBag from /home/airflow/.local/lib/python3.12/site-packages/airflow/example_dags/example_setup_teardown.py
[2025-12-04T12:43:42.829+0000] {processor.py:925} INFO - DAG(s) 'example_setup_teardown' retrieved from /home/airflow/.local/lib/python3.12/site-packages/airflow/example_dags/example_setup_teardown.py
[2025-12-04T12:43:42.854+0000] {logging_mixin.py:190} INFO - [2025-12-04T12:43:42.854+0000] {dag.py:3239} INFO - Sync 1 DAGs
[2025-12-04T12:43:42.872+0000] {logging_mixin.py:190} INFO - [2025-12-04T12:43:42.872+0000] {dag.py:4180} INFO - Setting next_dagrun for example_setup_teardown to None, run_after=None
[2025-12-04T12:43:42.894+0000] {processor.py:208} INFO - Processing /home/airflow/.local/lib/python3.12/site-packages/airflow/example_dags/example_setup_teardown.py took 0.083 seconds
[2025-12-04T12:44:14.653+0000] {processor.py:186} INFO - Started process (PID=2341) to work on /home/airflow/.local/lib/python3.12/site-packages/airflow/example_dags/example_setup_teardown.py
[2025-12-04T12:44:14.653+0000] {processor.py:914} INFO - Processing file /home/airflow/.local/lib/python3.12/site-packages/airflow/example_dags/example_setup_teardown.py for tasks to queue
[2025-12-04T12:44:14.656+0000] {logging_mixin.py:190} INFO - [2025-12-04T12:44:14.655+0000] {dagbag.py:588} INFO - Filling up the DagBag from /home/airflow/.local/lib/python3.12/site-packages/airflow/example_dags/example_setup_teardown.py
[2025-12-04T12:44:14.665+0000] {processor.py:925} INFO - DAG(s) 'example_setup_teardown' retrieved from /home/airflow/.local/lib/python3.12/site-packages/airflow/example_dags/example_setup_teardown.py
[2025-12-04T12:44:14.689+0000] {logging_mixin.py:190} INFO - [2025-12-04T12:44:14.688+0000] {dag.py:3239} INFO - Sync 1 DAGs
[2025-12-04T12:44:14.706+0000] {logging_mixin.py:190} INFO - [2025-12-04T12:44:14.706+0000] {dag.py:4180} INFO - Setting next_dagrun for example_setup_teardown to None, run_after=None
[2025-12-04T12:44:14.728+0000] {processor.py:208} INFO - Processing /home/airflow/.local/lib/python3.12/site-packages/airflow/example_dags/example_setup_teardown.py took 0.081 seconds
[2025-12-04T12:44:45.568+0000] {processor.py:186} INFO - Started process (PID=2408) to work on /home/airflow/.local/lib/python3.12/site-packages/airflow/example_dags/example_setup_teardown.py
[2025-12-04T12:44:45.569+0000] {processor.py:914} INFO - Processing file /home/airflow/.local/lib/python3.12/site-packages/airflow/example_dags/example_setup_teardown.py for tasks to queue
[2025-12-04T12:44:45.571+0000] {logging_mixin.py:190} INFO - [2025-12-04T12:44:45.571+0000] {dagbag.py:588} INFO - Filling up the DagBag from /home/airflow/.local/lib/python3.12/site-packages/airflow/example_dags/example_setup_teardown.py
[2025-12-04T12:44:45.579+0000] {processor.py:925} INFO - DAG(s) 'example_setup_teardown' retrieved from /home/airflow/.local/lib/python3.12/site-packages/airflow/example_dags/example_setup_teardown.py
[2025-12-04T12:44:45.604+0000] {logging_mixin.py:190} INFO - [2025-12-04T12:44:45.604+0000] {dag.py:3239} INFO - Sync 1 DAGs
[2025-12-04T12:44:45.622+0000] {logging_mixin.py:190} INFO - [2025-12-04T12:44:45.622+0000] {dag.py:4180} INFO - Setting next_dagrun for example_setup_teardown to None, run_after=None
[2025-12-04T12:44:45.643+0000] {processor.py:208} INFO - Processing /home/airflow/.local/lib/python3.12/site-packages/airflow/example_dags/example_setup_teardown.py took 0.081 seconds
[2025-12-04T12:45:16.916+0000] {processor.py:186} INFO - Started process (PID=2480) to work on /home/airflow/.local/lib/python3.12/site-packages/airflow/example_dags/example_setup_teardown.py
[2025-12-04T12:45:16.917+0000] {processor.py:914} INFO - Processing file /home/airflow/.local/lib/python3.12/site-packages/airflow/example_dags/example_setup_teardown.py for tasks to queue
[2025-12-04T12:45:16.919+0000] {logging_mixin.py:190} INFO - [2025-12-04T12:45:16.919+0000] {dagbag.py:588} INFO - Filling up the DagBag from /home/airflow/.local/lib/python3.12/site-packages/airflow/example_dags/example_setup_teardown.py
[2025-12-04T12:45:16.928+0000] {processor.py:925} INFO - DAG(s) 'example_setup_teardown' retrieved from /home/airflow/.local/lib/python3.12/site-packages/airflow/example_dags/example_setup_teardown.py
[2025-12-04T12:45:16.953+0000] {logging_mixin.py:190} INFO - [2025-12-04T12:45:16.953+0000] {dag.py:3239} INFO - Sync 1 DAGs
[2025-12-04T12:45:16.972+0000] {logging_mixin.py:190} INFO - [2025-12-04T12:45:16.972+0000] {dag.py:4180} INFO - Setting next_dagrun for example_setup_teardown to None, run_after=None
[2025-12-04T12:45:16.997+0000] {processor.py:208} INFO - Processing /home/airflow/.local/lib/python3.12/site-packages/airflow/example_dags/example_setup_teardown.py took 0.088 seconds
[2025-12-04T12:45:48.377+0000] {processor.py:186} INFO - Started process (PID=2548) to work on /home/airflow/.local/lib/python3.12/site-packages/airflow/example_dags/example_setup_teardown.py
[2025-12-04T12:45:48.378+0000] {processor.py:914} INFO - Processing file /home/airflow/.local/lib/python3.12/site-packages/airflow/example_dags/example_setup_teardown.py for tasks to queue
[2025-12-04T12:45:48.380+0000] {logging_mixin.py:190} INFO - [2025-12-04T12:45:48.380+0000] {dagbag.py:588} INFO - Filling up the DagBag from /home/airflow/.local/lib/python3.12/site-packages/airflow/example_dags/example_setup_teardown.py
[2025-12-04T12:45:48.390+0000] {processor.py:925} INFO - DAG(s) 'example_setup_teardown' retrieved from /home/airflow/.local/lib/python3.12/site-packages/airflow/example_dags/example_setup_teardown.py
[2025-12-04T12:45:48.416+0000] {logging_mixin.py:190} INFO - [2025-12-04T12:45:48.416+0000] {dag.py:3239} INFO - Sync 1 DAGs
[2025-12-04T12:45:48.434+0000] {logging_mixin.py:190} INFO - [2025-12-04T12:45:48.434+0000] {dag.py:4180} INFO - Setting next_dagrun for example_setup_teardown to None, run_after=None
[2025-12-04T12:45:48.456+0000] {processor.py:208} INFO - Processing /home/airflow/.local/lib/python3.12/site-packages/airflow/example_dags/example_setup_teardown.py took 0.085 seconds
[2025-12-04T12:46:19.172+0000] {processor.py:186} INFO - Started process (PID=2614) to work on /home/airflow/.local/lib/python3.12/site-packages/airflow/example_dags/example_setup_teardown.py
[2025-12-04T12:46:19.173+0000] {processor.py:914} INFO - Processing file /home/airflow/.local/lib/python3.12/site-packages/airflow/example_dags/example_setup_teardown.py for tasks to queue
[2025-12-04T12:46:19.174+0000] {logging_mixin.py:190} INFO - [2025-12-04T12:46:19.174+0000] {dagbag.py:588} INFO - Filling up the DagBag from /home/airflow/.local/lib/python3.12/site-packages/airflow/example_dags/example_setup_teardown.py
[2025-12-04T12:46:19.180+0000] {processor.py:925} INFO - DAG(s) 'example_setup_teardown' retrieved from /home/airflow/.local/lib/python3.12/site-packages/airflow/example_dags/example_setup_teardown.py
[2025-12-04T12:46:19.197+0000] {logging_mixin.py:190} INFO - [2025-12-04T12:46:19.197+0000] {dag.py:3239} INFO - Sync 1 DAGs
[2025-12-04T12:46:19.211+0000] {logging_mixin.py:190} INFO - [2025-12-04T12:46:19.210+0000] {dag.py:4180} INFO - Setting next_dagrun for example_setup_teardown to None, run_after=None
[2025-12-04T12:46:19.230+0000] {processor.py:208} INFO - Processing /home/airflow/.local/lib/python3.12/site-packages/airflow/example_dags/example_setup_teardown.py took 0.062 seconds
[2025-12-04T12:49:41.024+0000] {processor.py:186} INFO - Started process (PID=78) to work on /home/airflow/.local/lib/python3.12/site-packages/airflow/example_dags/example_setup_teardown.py
[2025-12-04T12:49:41.025+0000] {processor.py:914} INFO - Processing file /home/airflow/.local/lib/python3.12/site-packages/airflow/example_dags/example_setup_teardown.py for tasks to queue
[2025-12-04T12:49:41.027+0000] {logging_mixin.py:190} INFO - [2025-12-04T12:49:41.027+0000] {dagbag.py:588} INFO - Filling up the DagBag from /home/airflow/.local/lib/python3.12/site-packages/airflow/example_dags/example_setup_teardown.py
[2025-12-04T12:49:41.035+0000] {processor.py:925} INFO - DAG(s) 'example_setup_teardown' retrieved from /home/airflow/.local/lib/python3.12/site-packages/airflow/example_dags/example_setup_teardown.py
[2025-12-04T12:49:41.126+0000] {logging_mixin.py:190} INFO - [2025-12-04T12:49:41.125+0000] {override.py:1912} INFO - Created Permission View: can edit on DAG:example_setup_teardown
[2025-12-04T12:49:41.135+0000] {logging_mixin.py:190} INFO - [2025-12-04T12:49:41.134+0000] {override.py:1912} INFO - Created Permission View: can delete on DAG:example_setup_teardown
[2025-12-04T12:49:41.141+0000] {logging_mixin.py:190} INFO - [2025-12-04T12:49:41.141+0000] {override.py:1912} INFO - Created Permission View: can read on DAG:example_setup_teardown
[2025-12-04T12:49:41.148+0000] {logging_mixin.py:190} INFO - [2025-12-04T12:49:41.148+0000] {override.py:1912} INFO - Created Permission View: can delete on DAG Run:example_setup_teardown
[2025-12-04T12:49:41.156+0000] {logging_mixin.py:190} INFO - [2025-12-04T12:49:41.156+0000] {override.py:1912} INFO - Created Permission View: can create on DAG Run:example_setup_teardown
[2025-12-04T12:49:41.162+0000] {logging_mixin.py:190} INFO - [2025-12-04T12:49:41.161+0000] {override.py:1912} INFO - Created Permission View: can read on DAG Run:example_setup_teardown
[2025-12-04T12:49:41.168+0000] {logging_mixin.py:190} INFO - [2025-12-04T12:49:41.168+0000] {override.py:1912} INFO - Created Permission View: menu access on DAG Run:example_setup_teardown
[2025-12-04T12:49:41.168+0000] {logging_mixin.py:190} INFO - [2025-12-04T12:49:41.168+0000] {dag.py:3239} INFO - Sync 1 DAGs
[2025-12-04T12:49:41.181+0000] {logging_mixin.py:190} INFO - [2025-12-04T12:49:41.181+0000] {dag.py:3262} INFO - Creating ORM DAG for example_setup_teardown
[2025-12-04T12:49:41.181+0000] {logging_mixin.py:190} INFO - [2025-12-04T12:49:41.181+0000] {dag.py:4180} INFO - Setting next_dagrun for example_setup_teardown to None, run_after=None
[2025-12-04T12:49:41.196+0000] {processor.py:208} INFO - Processing /home/airflow/.local/lib/python3.12/site-packages/airflow/example_dags/example_setup_teardown.py took 0.175 seconds
[2025-12-04T12:50:11.575+0000] {processor.py:186} INFO - Started process (PID=144) to work on /home/airflow/.local/lib/python3.12/site-packages/airflow/example_dags/example_setup_teardown.py
[2025-12-04T12:50:11.576+0000] {processor.py:914} INFO - Processing file /home/airflow/.local/lib/python3.12/site-packages/airflow/example_dags/example_setup_teardown.py for tasks to queue
[2025-12-04T12:50:11.580+0000] {logging_mixin.py:190} INFO - [2025-12-04T12:50:11.580+0000] {dagbag.py:588} INFO - Filling up the DagBag from /home/airflow/.local/lib/python3.12/site-packages/airflow/example_dags/example_setup_teardown.py
[2025-12-04T12:50:11.593+0000] {processor.py:925} INFO - DAG(s) 'example_setup_teardown' retrieved from /home/airflow/.local/lib/python3.12/site-packages/airflow/example_dags/example_setup_teardown.py
[2025-12-04T12:50:11.626+0000] {logging_mixin.py:190} INFO - [2025-12-04T12:50:11.625+0000] {dag.py:3239} INFO - Sync 1 DAGs
[2025-12-04T12:50:11.648+0000] {logging_mixin.py:190} INFO - [2025-12-04T12:50:11.647+0000] {dag.py:4180} INFO - Setting next_dagrun for example_setup_teardown to None, run_after=None
[2025-12-04T12:50:11.669+0000] {processor.py:208} INFO - Processing /home/airflow/.local/lib/python3.12/site-packages/airflow/example_dags/example_setup_teardown.py took 0.103 seconds
[2025-12-04T12:50:42.188+0000] {processor.py:186} INFO - Started process (PID=210) to work on /home/airflow/.local/lib/python3.12/site-packages/airflow/example_dags/example_setup_teardown.py
[2025-12-04T12:50:42.189+0000] {processor.py:914} INFO - Processing file /home/airflow/.local/lib/python3.12/site-packages/airflow/example_dags/example_setup_teardown.py for tasks to queue
[2025-12-04T12:50:42.191+0000] {logging_mixin.py:190} INFO - [2025-12-04T12:50:42.190+0000] {dagbag.py:588} INFO - Filling up the DagBag from /home/airflow/.local/lib/python3.12/site-packages/airflow/example_dags/example_setup_teardown.py
[2025-12-04T12:50:42.200+0000] {processor.py:925} INFO - DAG(s) 'example_setup_teardown' retrieved from /home/airflow/.local/lib/python3.12/site-packages/airflow/example_dags/example_setup_teardown.py
[2025-12-04T12:50:42.222+0000] {logging_mixin.py:190} INFO - [2025-12-04T12:50:42.221+0000] {dag.py:3239} INFO - Sync 1 DAGs
[2025-12-04T12:50:42.238+0000] {logging_mixin.py:190} INFO - [2025-12-04T12:50:42.238+0000] {dag.py:4180} INFO - Setting next_dagrun for example_setup_teardown to None, run_after=None
[2025-12-04T12:50:42.259+0000] {processor.py:208} INFO - Processing /home/airflow/.local/lib/python3.12/site-packages/airflow/example_dags/example_setup_teardown.py took 0.078 seconds
[2025-12-04T12:51:13.275+0000] {processor.py:186} INFO - Started process (PID=279) to work on /home/airflow/.local/lib/python3.12/site-packages/airflow/example_dags/example_setup_teardown.py
[2025-12-04T12:51:13.277+0000] {processor.py:914} INFO - Processing file /home/airflow/.local/lib/python3.12/site-packages/airflow/example_dags/example_setup_teardown.py for tasks to queue
[2025-12-04T12:51:13.280+0000] {logging_mixin.py:190} INFO - [2025-12-04T12:51:13.279+0000] {dagbag.py:588} INFO - Filling up the DagBag from /home/airflow/.local/lib/python3.12/site-packages/airflow/example_dags/example_setup_teardown.py
[2025-12-04T12:51:13.293+0000] {processor.py:925} INFO - DAG(s) 'example_setup_teardown' retrieved from /home/airflow/.local/lib/python3.12/site-packages/airflow/example_dags/example_setup_teardown.py
[2025-12-04T12:51:13.330+0000] {logging_mixin.py:190} INFO - [2025-12-04T12:51:13.330+0000] {dag.py:3239} INFO - Sync 1 DAGs
[2025-12-04T12:51:13.355+0000] {logging_mixin.py:190} INFO - [2025-12-04T12:51:13.355+0000] {dag.py:4180} INFO - Setting next_dagrun for example_setup_teardown to None, run_after=None
[2025-12-04T12:51:13.384+0000] {processor.py:208} INFO - Processing /home/airflow/.local/lib/python3.12/site-packages/airflow/example_dags/example_setup_teardown.py took 0.118 seconds
[2025-12-04T12:51:43.890+0000] {processor.py:186} INFO - Started process (PID=353) to work on /home/airflow/.local/lib/python3.12/site-packages/airflow/example_dags/example_setup_teardown.py
[2025-12-04T12:51:43.891+0000] {processor.py:914} INFO - Processing file /home/airflow/.local/lib/python3.12/site-packages/airflow/example_dags/example_setup_teardown.py for tasks to queue
[2025-12-04T12:51:43.893+0000] {logging_mixin.py:190} INFO - [2025-12-04T12:51:43.893+0000] {dagbag.py:588} INFO - Filling up the DagBag from /home/airflow/.local/lib/python3.12/site-packages/airflow/example_dags/example_setup_teardown.py
[2025-12-04T12:51:43.904+0000] {processor.py:925} INFO - DAG(s) 'example_setup_teardown' retrieved from /home/airflow/.local/lib/python3.12/site-packages/airflow/example_dags/example_setup_teardown.py
[2025-12-04T12:51:43.932+0000] {logging_mixin.py:190} INFO - [2025-12-04T12:51:43.932+0000] {dag.py:3239} INFO - Sync 1 DAGs
[2025-12-04T12:51:43.956+0000] {logging_mixin.py:190} INFO - [2025-12-04T12:51:43.955+0000] {dag.py:4180} INFO - Setting next_dagrun for example_setup_teardown to None, run_after=None
[2025-12-04T12:51:43.982+0000] {processor.py:208} INFO - Processing /home/airflow/.local/lib/python3.12/site-packages/airflow/example_dags/example_setup_teardown.py took 0.099 seconds
[2025-12-04T12:52:14.395+0000] {processor.py:186} INFO - Started process (PID=426) to work on /home/airflow/.local/lib/python3.12/site-packages/airflow/example_dags/example_setup_teardown.py
[2025-12-04T12:52:14.395+0000] {processor.py:914} INFO - Processing file /home/airflow/.local/lib/python3.12/site-packages/airflow/example_dags/example_setup_teardown.py for tasks to queue
[2025-12-04T12:52:14.397+0000] {logging_mixin.py:190} INFO - [2025-12-04T12:52:14.397+0000] {dagbag.py:588} INFO - Filling up the DagBag from /home/airflow/.local/lib/python3.12/site-packages/airflow/example_dags/example_setup_teardown.py
[2025-12-04T12:52:14.408+0000] {processor.py:925} INFO - DAG(s) 'example_setup_teardown' retrieved from /home/airflow/.local/lib/python3.12/site-packages/airflow/example_dags/example_setup_teardown.py
[2025-12-04T12:52:14.430+0000] {logging_mixin.py:190} INFO - [2025-12-04T12:52:14.430+0000] {dag.py:3239} INFO - Sync 1 DAGs
[2025-12-04T12:52:14.448+0000] {logging_mixin.py:190} INFO - [2025-12-04T12:52:14.448+0000] {dag.py:4180} INFO - Setting next_dagrun for example_setup_teardown to None, run_after=None
[2025-12-04T12:52:14.471+0000] {processor.py:208} INFO - Processing /home/airflow/.local/lib/python3.12/site-packages/airflow/example_dags/example_setup_teardown.py took 0.083 seconds
[2025-12-04T12:52:45.263+0000] {processor.py:186} INFO - Started process (PID=494) to work on /home/airflow/.local/lib/python3.12/site-packages/airflow/example_dags/example_setup_teardown.py
[2025-12-04T12:52:45.264+0000] {processor.py:914} INFO - Processing file /home/airflow/.local/lib/python3.12/site-packages/airflow/example_dags/example_setup_teardown.py for tasks to queue
[2025-12-04T12:52:45.266+0000] {logging_mixin.py:190} INFO - [2025-12-04T12:52:45.266+0000] {dagbag.py:588} INFO - Filling up the DagBag from /home/airflow/.local/lib/python3.12/site-packages/airflow/example_dags/example_setup_teardown.py
[2025-12-04T12:52:45.277+0000] {processor.py:925} INFO - DAG(s) 'example_setup_teardown' retrieved from /home/airflow/.local/lib/python3.12/site-packages/airflow/example_dags/example_setup_teardown.py
[2025-12-04T12:52:45.302+0000] {logging_mixin.py:190} INFO - [2025-12-04T12:52:45.302+0000] {dag.py:3239} INFO - Sync 1 DAGs
[2025-12-04T12:52:45.321+0000] {logging_mixin.py:190} INFO - [2025-12-04T12:52:45.320+0000] {dag.py:4180} INFO - Setting next_dagrun for example_setup_teardown to None, run_after=None
[2025-12-04T12:52:45.342+0000] {processor.py:208} INFO - Processing /home/airflow/.local/lib/python3.12/site-packages/airflow/example_dags/example_setup_teardown.py took 0.087 seconds
[2025-12-04T12:53:15.667+0000] {processor.py:186} INFO - Started process (PID=564) to work on /home/airflow/.local/lib/python3.12/site-packages/airflow/example_dags/example_setup_teardown.py
[2025-12-04T12:53:15.668+0000] {processor.py:914} INFO - Processing file /home/airflow/.local/lib/python3.12/site-packages/airflow/example_dags/example_setup_teardown.py for tasks to queue
[2025-12-04T12:53:15.670+0000] {logging_mixin.py:190} INFO - [2025-12-04T12:53:15.670+0000] {dagbag.py:588} INFO - Filling up the DagBag from /home/airflow/.local/lib/python3.12/site-packages/airflow/example_dags/example_setup_teardown.py
[2025-12-04T12:53:15.682+0000] {processor.py:925} INFO - DAG(s) 'example_setup_teardown' retrieved from /home/airflow/.local/lib/python3.12/site-packages/airflow/example_dags/example_setup_teardown.py
[2025-12-04T12:53:15.706+0000] {logging_mixin.py:190} INFO - [2025-12-04T12:53:15.706+0000] {dag.py:3239} INFO - Sync 1 DAGs
[2025-12-04T12:53:15.723+0000] {logging_mixin.py:190} INFO - [2025-12-04T12:53:15.723+0000] {dag.py:4180} INFO - Setting next_dagrun for example_setup_teardown to None, run_after=None
[2025-12-04T12:53:15.747+0000] {processor.py:208} INFO - Processing /home/airflow/.local/lib/python3.12/site-packages/airflow/example_dags/example_setup_teardown.py took 0.086 seconds
[2025-12-04T12:53:46.351+0000] {processor.py:186} INFO - Started process (PID=630) to work on /home/airflow/.local/lib/python3.12/site-packages/airflow/example_dags/example_setup_teardown.py
[2025-12-04T12:53:46.352+0000] {processor.py:914} INFO - Processing file /home/airflow/.local/lib/python3.12/site-packages/airflow/example_dags/example_setup_teardown.py for tasks to queue
[2025-12-04T12:53:46.355+0000] {logging_mixin.py:190} INFO - [2025-12-04T12:53:46.354+0000] {dagbag.py:588} INFO - Filling up the DagBag from /home/airflow/.local/lib/python3.12/site-packages/airflow/example_dags/example_setup_teardown.py
[2025-12-04T12:53:46.368+0000] {processor.py:925} INFO - DAG(s) 'example_setup_teardown' retrieved from /home/airflow/.local/lib/python3.12/site-packages/airflow/example_dags/example_setup_teardown.py
[2025-12-04T12:53:46.395+0000] {logging_mixin.py:190} INFO - [2025-12-04T12:53:46.395+0000] {dag.py:3239} INFO - Sync 1 DAGs
[2025-12-04T12:53:46.414+0000] {logging_mixin.py:190} INFO - [2025-12-04T12:53:46.413+0000] {dag.py:4180} INFO - Setting next_dagrun for example_setup_teardown to None, run_after=None
[2025-12-04T12:53:46.438+0000] {processor.py:208} INFO - Processing /home/airflow/.local/lib/python3.12/site-packages/airflow/example_dags/example_setup_teardown.py took 0.096 seconds
[2025-12-04T12:54:16.583+0000] {processor.py:186} INFO - Started process (PID=696) to work on /home/airflow/.local/lib/python3.12/site-packages/airflow/example_dags/example_setup_teardown.py
[2025-12-04T12:54:16.584+0000] {processor.py:914} INFO - Processing file /home/airflow/.local/lib/python3.12/site-packages/airflow/example_dags/example_setup_teardown.py for tasks to queue
[2025-12-04T12:54:16.586+0000] {logging_mixin.py:190} INFO - [2025-12-04T12:54:16.586+0000] {dagbag.py:588} INFO - Filling up the DagBag from /home/airflow/.local/lib/python3.12/site-packages/airflow/example_dags/example_setup_teardown.py
[2025-12-04T12:54:16.595+0000] {processor.py:925} INFO - DAG(s) 'example_setup_teardown' retrieved from /home/airflow/.local/lib/python3.12/site-packages/airflow/example_dags/example_setup_teardown.py
[2025-12-04T12:54:16.624+0000] {logging_mixin.py:190} INFO - [2025-12-04T12:54:16.624+0000] {dag.py:3239} INFO - Sync 1 DAGs
[2025-12-04T12:54:16.646+0000] {logging_mixin.py:190} INFO - [2025-12-04T12:54:16.646+0000] {dag.py:4180} INFO - Setting next_dagrun for example_setup_teardown to None, run_after=None
[2025-12-04T12:54:16.669+0000] {processor.py:208} INFO - Processing /home/airflow/.local/lib/python3.12/site-packages/airflow/example_dags/example_setup_teardown.py took 0.092 seconds
[2025-12-04T12:54:47.493+0000] {processor.py:186} INFO - Started process (PID=762) to work on /home/airflow/.local/lib/python3.12/site-packages/airflow/example_dags/example_setup_teardown.py
[2025-12-04T12:54:47.494+0000] {processor.py:914} INFO - Processing file /home/airflow/.local/lib/python3.12/site-packages/airflow/example_dags/example_setup_teardown.py for tasks to queue
[2025-12-04T12:54:47.496+0000] {logging_mixin.py:190} INFO - [2025-12-04T12:54:47.496+0000] {dagbag.py:588} INFO - Filling up the DagBag from /home/airflow/.local/lib/python3.12/site-packages/airflow/example_dags/example_setup_teardown.py
[2025-12-04T12:54:47.504+0000] {processor.py:925} INFO - DAG(s) 'example_setup_teardown' retrieved from /home/airflow/.local/lib/python3.12/site-packages/airflow/example_dags/example_setup_teardown.py
[2025-12-04T12:54:47.530+0000] {logging_mixin.py:190} INFO - [2025-12-04T12:54:47.530+0000] {dag.py:3239} INFO - Sync 1 DAGs
[2025-12-04T12:54:47.551+0000] {logging_mixin.py:190} INFO - [2025-12-04T12:54:47.551+0000] {dag.py:4180} INFO - Setting next_dagrun for example_setup_teardown to None, run_after=None
[2025-12-04T12:54:47.578+0000] {processor.py:208} INFO - Processing /home/airflow/.local/lib/python3.12/site-packages/airflow/example_dags/example_setup_teardown.py took 0.090 seconds
