[2025-12-04T12:26:24.282+0000] {processor.py:186} INFO - Started process (PID=50) to work on /home/airflow/.local/lib/python3.12/site-packages/airflow/example_dags/example_branch_python_dop_operator_3.py
[2025-12-04T12:26:24.283+0000] {processor.py:914} INFO - Processing file /home/airflow/.local/lib/python3.12/site-packages/airflow/example_dags/example_branch_python_dop_operator_3.py for tasks to queue
[2025-12-04T12:26:24.284+0000] {logging_mixin.py:190} INFO - [2025-12-04T12:26:24.284+0000] {dagbag.py:588} INFO - Filling up the DagBag from /home/airflow/.local/lib/python3.12/site-packages/airflow/example_dags/example_branch_python_dop_operator_3.py
[2025-12-04T12:26:24.292+0000] {processor.py:925} INFO - DAG(s) 'example_branch_dop_operator_v3' retrieved from /home/airflow/.local/lib/python3.12/site-packages/airflow/example_dags/example_branch_python_dop_operator_3.py
[2025-12-04T12:26:24.374+0000] {logging_mixin.py:190} INFO - [2025-12-04T12:26:24.373+0000] {override.py:1912} INFO - Created Permission View: can delete on DAG:example_branch_dop_operator_v3
[2025-12-04T12:26:24.382+0000] {logging_mixin.py:190} INFO - [2025-12-04T12:26:24.382+0000] {override.py:1912} INFO - Created Permission View: can edit on DAG:example_branch_dop_operator_v3
[2025-12-04T12:26:24.387+0000] {logging_mixin.py:190} INFO - [2025-12-04T12:26:24.387+0000] {override.py:1912} INFO - Created Permission View: can read on DAG:example_branch_dop_operator_v3
[2025-12-04T12:26:24.392+0000] {logging_mixin.py:190} INFO - [2025-12-04T12:26:24.392+0000] {override.py:1912} INFO - Created Permission View: can delete on DAG Run:example_branch_dop_operator_v3
[2025-12-04T12:26:24.399+0000] {logging_mixin.py:190} INFO - [2025-12-04T12:26:24.398+0000] {override.py:1912} INFO - Created Permission View: can read on DAG Run:example_branch_dop_operator_v3
[2025-12-04T12:26:24.406+0000] {logging_mixin.py:190} INFO - [2025-12-04T12:26:24.406+0000] {override.py:1912} INFO - Created Permission View: can create on DAG Run:example_branch_dop_operator_v3
[2025-12-04T12:26:24.413+0000] {logging_mixin.py:190} INFO - [2025-12-04T12:26:24.413+0000] {override.py:1912} INFO - Created Permission View: menu access on DAG Run:example_branch_dop_operator_v3
[2025-12-04T12:26:24.414+0000] {logging_mixin.py:190} INFO - [2025-12-04T12:26:24.413+0000] {dag.py:3239} INFO - Sync 1 DAGs
[2025-12-04T12:26:24.426+0000] {logging_mixin.py:190} INFO - [2025-12-04T12:26:24.426+0000] {dag.py:3262} INFO - Creating ORM DAG for example_branch_dop_operator_v3
[2025-12-04T12:26:24.438+0000] {logging_mixin.py:190} INFO - [2025-12-04T12:26:24.438+0000] {dag.py:4180} INFO - Setting next_dagrun for example_branch_dop_operator_v3 to 2025-12-04 12:25:00+00:00, run_after=2025-12-04 12:26:00+00:00
[2025-12-04T12:26:24.457+0000] {processor.py:208} INFO - Processing /home/airflow/.local/lib/python3.12/site-packages/airflow/example_dags/example_branch_python_dop_operator_3.py took 0.179 seconds
[2025-12-04T12:26:54.888+0000] {processor.py:186} INFO - Started process (PID=116) to work on /home/airflow/.local/lib/python3.12/site-packages/airflow/example_dags/example_branch_python_dop_operator_3.py
[2025-12-04T12:26:54.889+0000] {processor.py:914} INFO - Processing file /home/airflow/.local/lib/python3.12/site-packages/airflow/example_dags/example_branch_python_dop_operator_3.py for tasks to queue
[2025-12-04T12:26:54.891+0000] {logging_mixin.py:190} INFO - [2025-12-04T12:26:54.890+0000] {dagbag.py:588} INFO - Filling up the DagBag from /home/airflow/.local/lib/python3.12/site-packages/airflow/example_dags/example_branch_python_dop_operator_3.py
[2025-12-04T12:26:54.902+0000] {processor.py:925} INFO - DAG(s) 'example_branch_dop_operator_v3' retrieved from /home/airflow/.local/lib/python3.12/site-packages/airflow/example_dags/example_branch_python_dop_operator_3.py
[2025-12-04T12:26:54.923+0000] {logging_mixin.py:190} INFO - [2025-12-04T12:26:54.923+0000] {dag.py:3239} INFO - Sync 1 DAGs
[2025-12-04T12:26:54.957+0000] {logging_mixin.py:190} INFO - [2025-12-04T12:26:54.956+0000] {dag.py:4180} INFO - Setting next_dagrun for example_branch_dop_operator_v3 to 2025-12-04 12:25:00+00:00, run_after=2025-12-04 12:26:00+00:00
[2025-12-04T12:26:54.977+0000] {processor.py:208} INFO - Processing /home/airflow/.local/lib/python3.12/site-packages/airflow/example_dags/example_branch_python_dop_operator_3.py took 0.095 seconds
[2025-12-04T12:27:25.640+0000] {processor.py:186} INFO - Started process (PID=182) to work on /home/airflow/.local/lib/python3.12/site-packages/airflow/example_dags/example_branch_python_dop_operator_3.py
[2025-12-04T12:27:25.641+0000] {processor.py:914} INFO - Processing file /home/airflow/.local/lib/python3.12/site-packages/airflow/example_dags/example_branch_python_dop_operator_3.py for tasks to queue
[2025-12-04T12:27:25.643+0000] {logging_mixin.py:190} INFO - [2025-12-04T12:27:25.642+0000] {dagbag.py:588} INFO - Filling up the DagBag from /home/airflow/.local/lib/python3.12/site-packages/airflow/example_dags/example_branch_python_dop_operator_3.py
[2025-12-04T12:27:25.653+0000] {processor.py:925} INFO - DAG(s) 'example_branch_dop_operator_v3' retrieved from /home/airflow/.local/lib/python3.12/site-packages/airflow/example_dags/example_branch_python_dop_operator_3.py
[2025-12-04T12:27:25.674+0000] {logging_mixin.py:190} INFO - [2025-12-04T12:27:25.674+0000] {dag.py:3239} INFO - Sync 1 DAGs
[2025-12-04T12:27:25.707+0000] {logging_mixin.py:190} INFO - [2025-12-04T12:27:25.706+0000] {dag.py:4180} INFO - Setting next_dagrun for example_branch_dop_operator_v3 to 2025-12-04 12:26:00+00:00, run_after=2025-12-04 12:27:00+00:00
[2025-12-04T12:27:25.727+0000] {processor.py:208} INFO - Processing /home/airflow/.local/lib/python3.12/site-packages/airflow/example_dags/example_branch_python_dop_operator_3.py took 0.093 seconds
[2025-12-04T12:27:56.231+0000] {processor.py:186} INFO - Started process (PID=247) to work on /home/airflow/.local/lib/python3.12/site-packages/airflow/example_dags/example_branch_python_dop_operator_3.py
[2025-12-04T12:27:56.232+0000] {processor.py:914} INFO - Processing file /home/airflow/.local/lib/python3.12/site-packages/airflow/example_dags/example_branch_python_dop_operator_3.py for tasks to queue
[2025-12-04T12:27:56.234+0000] {logging_mixin.py:190} INFO - [2025-12-04T12:27:56.234+0000] {dagbag.py:588} INFO - Filling up the DagBag from /home/airflow/.local/lib/python3.12/site-packages/airflow/example_dags/example_branch_python_dop_operator_3.py
[2025-12-04T12:27:56.245+0000] {processor.py:925} INFO - DAG(s) 'example_branch_dop_operator_v3' retrieved from /home/airflow/.local/lib/python3.12/site-packages/airflow/example_dags/example_branch_python_dop_operator_3.py
[2025-12-04T12:27:56.265+0000] {logging_mixin.py:190} INFO - [2025-12-04T12:27:56.265+0000] {dag.py:3239} INFO - Sync 1 DAGs
[2025-12-04T12:27:56.299+0000] {logging_mixin.py:190} INFO - [2025-12-04T12:27:56.299+0000] {dag.py:4180} INFO - Setting next_dagrun for example_branch_dop_operator_v3 to 2025-12-04 12:26:00+00:00, run_after=2025-12-04 12:27:00+00:00
[2025-12-04T12:27:56.320+0000] {processor.py:208} INFO - Processing /home/airflow/.local/lib/python3.12/site-packages/airflow/example_dags/example_branch_python_dop_operator_3.py took 0.095 seconds
[2025-12-04T12:28:26.566+0000] {processor.py:186} INFO - Started process (PID=313) to work on /home/airflow/.local/lib/python3.12/site-packages/airflow/example_dags/example_branch_python_dop_operator_3.py
[2025-12-04T12:28:26.567+0000] {processor.py:914} INFO - Processing file /home/airflow/.local/lib/python3.12/site-packages/airflow/example_dags/example_branch_python_dop_operator_3.py for tasks to queue
[2025-12-04T12:28:26.570+0000] {logging_mixin.py:190} INFO - [2025-12-04T12:28:26.569+0000] {dagbag.py:588} INFO - Filling up the DagBag from /home/airflow/.local/lib/python3.12/site-packages/airflow/example_dags/example_branch_python_dop_operator_3.py
[2025-12-04T12:28:26.583+0000] {processor.py:925} INFO - DAG(s) 'example_branch_dop_operator_v3' retrieved from /home/airflow/.local/lib/python3.12/site-packages/airflow/example_dags/example_branch_python_dop_operator_3.py
[2025-12-04T12:28:26.610+0000] {logging_mixin.py:190} INFO - [2025-12-04T12:28:26.610+0000] {dag.py:3239} INFO - Sync 1 DAGs
[2025-12-04T12:28:26.646+0000] {logging_mixin.py:190} INFO - [2025-12-04T12:28:26.646+0000] {dag.py:4180} INFO - Setting next_dagrun for example_branch_dop_operator_v3 to 2025-12-04 12:27:00+00:00, run_after=2025-12-04 12:28:00+00:00
[2025-12-04T12:28:26.668+0000] {processor.py:208} INFO - Processing /home/airflow/.local/lib/python3.12/site-packages/airflow/example_dags/example_branch_python_dop_operator_3.py took 0.110 seconds
[2025-12-04T12:28:56.752+0000] {processor.py:186} INFO - Started process (PID=378) to work on /home/airflow/.local/lib/python3.12/site-packages/airflow/example_dags/example_branch_python_dop_operator_3.py
[2025-12-04T12:28:56.752+0000] {processor.py:914} INFO - Processing file /home/airflow/.local/lib/python3.12/site-packages/airflow/example_dags/example_branch_python_dop_operator_3.py for tasks to queue
[2025-12-04T12:28:56.754+0000] {logging_mixin.py:190} INFO - [2025-12-04T12:28:56.754+0000] {dagbag.py:588} INFO - Filling up the DagBag from /home/airflow/.local/lib/python3.12/site-packages/airflow/example_dags/example_branch_python_dop_operator_3.py
[2025-12-04T12:28:56.765+0000] {processor.py:925} INFO - DAG(s) 'example_branch_dop_operator_v3' retrieved from /home/airflow/.local/lib/python3.12/site-packages/airflow/example_dags/example_branch_python_dop_operator_3.py
[2025-12-04T12:28:56.788+0000] {logging_mixin.py:190} INFO - [2025-12-04T12:28:56.787+0000] {dag.py:3239} INFO - Sync 1 DAGs
[2025-12-04T12:28:56.827+0000] {logging_mixin.py:190} INFO - [2025-12-04T12:28:56.826+0000] {dag.py:4180} INFO - Setting next_dagrun for example_branch_dop_operator_v3 to 2025-12-04 12:27:00+00:00, run_after=2025-12-04 12:28:00+00:00
[2025-12-04T12:28:56.849+0000] {processor.py:208} INFO - Processing /home/airflow/.local/lib/python3.12/site-packages/airflow/example_dags/example_branch_python_dop_operator_3.py took 0.103 seconds
[2025-12-04T12:29:26.928+0000] {processor.py:186} INFO - Started process (PID=444) to work on /home/airflow/.local/lib/python3.12/site-packages/airflow/example_dags/example_branch_python_dop_operator_3.py
[2025-12-04T12:29:26.929+0000] {processor.py:914} INFO - Processing file /home/airflow/.local/lib/python3.12/site-packages/airflow/example_dags/example_branch_python_dop_operator_3.py for tasks to queue
[2025-12-04T12:29:26.931+0000] {logging_mixin.py:190} INFO - [2025-12-04T12:29:26.930+0000] {dagbag.py:588} INFO - Filling up the DagBag from /home/airflow/.local/lib/python3.12/site-packages/airflow/example_dags/example_branch_python_dop_operator_3.py
[2025-12-04T12:29:26.941+0000] {processor.py:925} INFO - DAG(s) 'example_branch_dop_operator_v3' retrieved from /home/airflow/.local/lib/python3.12/site-packages/airflow/example_dags/example_branch_python_dop_operator_3.py
[2025-12-04T12:29:26.962+0000] {logging_mixin.py:190} INFO - [2025-12-04T12:29:26.961+0000] {dag.py:3239} INFO - Sync 1 DAGs
[2025-12-04T12:29:26.993+0000] {logging_mixin.py:190} INFO - [2025-12-04T12:29:26.993+0000] {dag.py:4180} INFO - Setting next_dagrun for example_branch_dop_operator_v3 to 2025-12-04 12:28:00+00:00, run_after=2025-12-04 12:29:00+00:00
[2025-12-04T12:29:27.016+0000] {processor.py:208} INFO - Processing /home/airflow/.local/lib/python3.12/site-packages/airflow/example_dags/example_branch_python_dop_operator_3.py took 0.094 seconds
[2025-12-04T12:29:57.810+0000] {processor.py:186} INFO - Started process (PID=510) to work on /home/airflow/.local/lib/python3.12/site-packages/airflow/example_dags/example_branch_python_dop_operator_3.py
[2025-12-04T12:29:57.811+0000] {processor.py:914} INFO - Processing file /home/airflow/.local/lib/python3.12/site-packages/airflow/example_dags/example_branch_python_dop_operator_3.py for tasks to queue
[2025-12-04T12:29:57.813+0000] {logging_mixin.py:190} INFO - [2025-12-04T12:29:57.813+0000] {dagbag.py:588} INFO - Filling up the DagBag from /home/airflow/.local/lib/python3.12/site-packages/airflow/example_dags/example_branch_python_dop_operator_3.py
[2025-12-04T12:29:57.824+0000] {processor.py:925} INFO - DAG(s) 'example_branch_dop_operator_v3' retrieved from /home/airflow/.local/lib/python3.12/site-packages/airflow/example_dags/example_branch_python_dop_operator_3.py
[2025-12-04T12:29:57.848+0000] {logging_mixin.py:190} INFO - [2025-12-04T12:29:57.848+0000] {dag.py:3239} INFO - Sync 1 DAGs
[2025-12-04T12:29:57.885+0000] {logging_mixin.py:190} INFO - [2025-12-04T12:29:57.885+0000] {dag.py:4180} INFO - Setting next_dagrun for example_branch_dop_operator_v3 to 2025-12-04 12:28:00+00:00, run_after=2025-12-04 12:29:00+00:00
[2025-12-04T12:29:57.908+0000] {processor.py:208} INFO - Processing /home/airflow/.local/lib/python3.12/site-packages/airflow/example_dags/example_branch_python_dop_operator_3.py took 0.103 seconds
[2025-12-04T12:30:28.131+0000] {processor.py:186} INFO - Started process (PID=576) to work on /home/airflow/.local/lib/python3.12/site-packages/airflow/example_dags/example_branch_python_dop_operator_3.py
[2025-12-04T12:30:28.132+0000] {processor.py:914} INFO - Processing file /home/airflow/.local/lib/python3.12/site-packages/airflow/example_dags/example_branch_python_dop_operator_3.py for tasks to queue
[2025-12-04T12:30:28.135+0000] {logging_mixin.py:190} INFO - [2025-12-04T12:30:28.135+0000] {dagbag.py:588} INFO - Filling up the DagBag from /home/airflow/.local/lib/python3.12/site-packages/airflow/example_dags/example_branch_python_dop_operator_3.py
[2025-12-04T12:30:28.152+0000] {processor.py:925} INFO - DAG(s) 'example_branch_dop_operator_v3' retrieved from /home/airflow/.local/lib/python3.12/site-packages/airflow/example_dags/example_branch_python_dop_operator_3.py
[2025-12-04T12:30:28.175+0000] {logging_mixin.py:190} INFO - [2025-12-04T12:30:28.175+0000] {dag.py:3239} INFO - Sync 1 DAGs
[2025-12-04T12:30:28.207+0000] {logging_mixin.py:190} INFO - [2025-12-04T12:30:28.206+0000] {dag.py:4180} INFO - Setting next_dagrun for example_branch_dop_operator_v3 to 2025-12-04 12:29:00+00:00, run_after=2025-12-04 12:30:00+00:00
[2025-12-04T12:30:28.228+0000] {processor.py:208} INFO - Processing /home/airflow/.local/lib/python3.12/site-packages/airflow/example_dags/example_branch_python_dop_operator_3.py took 0.106 seconds
[2025-12-04T12:30:58.946+0000] {processor.py:186} INFO - Started process (PID=642) to work on /home/airflow/.local/lib/python3.12/site-packages/airflow/example_dags/example_branch_python_dop_operator_3.py
[2025-12-04T12:30:58.948+0000] {processor.py:914} INFO - Processing file /home/airflow/.local/lib/python3.12/site-packages/airflow/example_dags/example_branch_python_dop_operator_3.py for tasks to queue
[2025-12-04T12:30:58.950+0000] {logging_mixin.py:190} INFO - [2025-12-04T12:30:58.950+0000] {dagbag.py:588} INFO - Filling up the DagBag from /home/airflow/.local/lib/python3.12/site-packages/airflow/example_dags/example_branch_python_dop_operator_3.py
[2025-12-04T12:30:58.964+0000] {processor.py:925} INFO - DAG(s) 'example_branch_dop_operator_v3' retrieved from /home/airflow/.local/lib/python3.12/site-packages/airflow/example_dags/example_branch_python_dop_operator_3.py
[2025-12-04T12:30:58.996+0000] {logging_mixin.py:190} INFO - [2025-12-04T12:30:58.996+0000] {dag.py:3239} INFO - Sync 1 DAGs
[2025-12-04T12:30:59.035+0000] {logging_mixin.py:190} INFO - [2025-12-04T12:30:59.035+0000] {dag.py:4180} INFO - Setting next_dagrun for example_branch_dop_operator_v3 to 2025-12-04 12:29:00+00:00, run_after=2025-12-04 12:30:00+00:00
[2025-12-04T12:30:59.063+0000] {processor.py:208} INFO - Processing /home/airflow/.local/lib/python3.12/site-packages/airflow/example_dags/example_branch_python_dop_operator_3.py took 0.124 seconds
[2025-12-04T12:31:29.562+0000] {processor.py:186} INFO - Started process (PID=708) to work on /home/airflow/.local/lib/python3.12/site-packages/airflow/example_dags/example_branch_python_dop_operator_3.py
[2025-12-04T12:31:29.563+0000] {processor.py:914} INFO - Processing file /home/airflow/.local/lib/python3.12/site-packages/airflow/example_dags/example_branch_python_dop_operator_3.py for tasks to queue
[2025-12-04T12:31:29.565+0000] {logging_mixin.py:190} INFO - [2025-12-04T12:31:29.565+0000] {dagbag.py:588} INFO - Filling up the DagBag from /home/airflow/.local/lib/python3.12/site-packages/airflow/example_dags/example_branch_python_dop_operator_3.py
[2025-12-04T12:31:29.581+0000] {processor.py:925} INFO - DAG(s) 'example_branch_dop_operator_v3' retrieved from /home/airflow/.local/lib/python3.12/site-packages/airflow/example_dags/example_branch_python_dop_operator_3.py
[2025-12-04T12:31:29.608+0000] {logging_mixin.py:190} INFO - [2025-12-04T12:31:29.608+0000] {dag.py:3239} INFO - Sync 1 DAGs
[2025-12-04T12:31:29.644+0000] {logging_mixin.py:190} INFO - [2025-12-04T12:31:29.644+0000] {dag.py:4180} INFO - Setting next_dagrun for example_branch_dop_operator_v3 to 2025-12-04 12:30:00+00:00, run_after=2025-12-04 12:31:00+00:00
[2025-12-04T12:31:29.666+0000] {processor.py:208} INFO - Processing /home/airflow/.local/lib/python3.12/site-packages/airflow/example_dags/example_branch_python_dop_operator_3.py took 0.113 seconds
[2025-12-04T12:32:00.177+0000] {processor.py:186} INFO - Started process (PID=774) to work on /home/airflow/.local/lib/python3.12/site-packages/airflow/example_dags/example_branch_python_dop_operator_3.py
[2025-12-04T12:32:00.178+0000] {processor.py:914} INFO - Processing file /home/airflow/.local/lib/python3.12/site-packages/airflow/example_dags/example_branch_python_dop_operator_3.py for tasks to queue
[2025-12-04T12:32:00.181+0000] {logging_mixin.py:190} INFO - [2025-12-04T12:32:00.180+0000] {dagbag.py:588} INFO - Filling up the DagBag from /home/airflow/.local/lib/python3.12/site-packages/airflow/example_dags/example_branch_python_dop_operator_3.py
[2025-12-04T12:32:00.195+0000] {processor.py:925} INFO - DAG(s) 'example_branch_dop_operator_v3' retrieved from /home/airflow/.local/lib/python3.12/site-packages/airflow/example_dags/example_branch_python_dop_operator_3.py
[2025-12-04T12:32:00.220+0000] {logging_mixin.py:190} INFO - [2025-12-04T12:32:00.220+0000] {dag.py:3239} INFO - Sync 1 DAGs
[2025-12-04T12:32:00.263+0000] {logging_mixin.py:190} INFO - [2025-12-04T12:32:00.262+0000] {dag.py:4180} INFO - Setting next_dagrun for example_branch_dop_operator_v3 to 2025-12-04 12:31:00+00:00, run_after=2025-12-04 12:32:00+00:00
[2025-12-04T12:32:00.290+0000] {processor.py:208} INFO - Processing /home/airflow/.local/lib/python3.12/site-packages/airflow/example_dags/example_branch_python_dop_operator_3.py took 0.120 seconds
[2025-12-04T12:32:30.614+0000] {processor.py:186} INFO - Started process (PID=840) to work on /home/airflow/.local/lib/python3.12/site-packages/airflow/example_dags/example_branch_python_dop_operator_3.py
[2025-12-04T12:32:30.616+0000] {processor.py:914} INFO - Processing file /home/airflow/.local/lib/python3.12/site-packages/airflow/example_dags/example_branch_python_dop_operator_3.py for tasks to queue
[2025-12-04T12:32:30.620+0000] {logging_mixin.py:190} INFO - [2025-12-04T12:32:30.620+0000] {dagbag.py:588} INFO - Filling up the DagBag from /home/airflow/.local/lib/python3.12/site-packages/airflow/example_dags/example_branch_python_dop_operator_3.py
[2025-12-04T12:32:30.635+0000] {processor.py:925} INFO - DAG(s) 'example_branch_dop_operator_v3' retrieved from /home/airflow/.local/lib/python3.12/site-packages/airflow/example_dags/example_branch_python_dop_operator_3.py
[2025-12-04T12:32:30.663+0000] {logging_mixin.py:190} INFO - [2025-12-04T12:32:30.662+0000] {dag.py:3239} INFO - Sync 1 DAGs
[2025-12-04T12:32:30.703+0000] {logging_mixin.py:190} INFO - [2025-12-04T12:32:30.703+0000] {dag.py:4180} INFO - Setting next_dagrun for example_branch_dop_operator_v3 to 2025-12-04 12:31:00+00:00, run_after=2025-12-04 12:32:00+00:00
[2025-12-04T12:32:30.732+0000] {processor.py:208} INFO - Processing /home/airflow/.local/lib/python3.12/site-packages/airflow/example_dags/example_branch_python_dop_operator_3.py took 0.127 seconds
[2025-12-04T12:33:01.107+0000] {processor.py:186} INFO - Started process (PID=907) to work on /home/airflow/.local/lib/python3.12/site-packages/airflow/example_dags/example_branch_python_dop_operator_3.py
[2025-12-04T12:33:01.108+0000] {processor.py:914} INFO - Processing file /home/airflow/.local/lib/python3.12/site-packages/airflow/example_dags/example_branch_python_dop_operator_3.py for tasks to queue
[2025-12-04T12:33:01.111+0000] {logging_mixin.py:190} INFO - [2025-12-04T12:33:01.111+0000] {dagbag.py:588} INFO - Filling up the DagBag from /home/airflow/.local/lib/python3.12/site-packages/airflow/example_dags/example_branch_python_dop_operator_3.py
[2025-12-04T12:33:01.125+0000] {processor.py:925} INFO - DAG(s) 'example_branch_dop_operator_v3' retrieved from /home/airflow/.local/lib/python3.12/site-packages/airflow/example_dags/example_branch_python_dop_operator_3.py
[2025-12-04T12:33:01.154+0000] {logging_mixin.py:190} INFO - [2025-12-04T12:33:01.154+0000] {dag.py:3239} INFO - Sync 1 DAGs
[2025-12-04T12:33:01.196+0000] {logging_mixin.py:190} INFO - [2025-12-04T12:33:01.196+0000] {dag.py:4180} INFO - Setting next_dagrun for example_branch_dop_operator_v3 to 2025-12-04 12:32:00+00:00, run_after=2025-12-04 12:33:00+00:00
[2025-12-04T12:33:01.228+0000] {processor.py:208} INFO - Processing /home/airflow/.local/lib/python3.12/site-packages/airflow/example_dags/example_branch_python_dop_operator_3.py took 0.128 seconds
[2025-12-04T12:33:31.854+0000] {processor.py:186} INFO - Started process (PID=973) to work on /home/airflow/.local/lib/python3.12/site-packages/airflow/example_dags/example_branch_python_dop_operator_3.py
[2025-12-04T12:33:31.855+0000] {processor.py:914} INFO - Processing file /home/airflow/.local/lib/python3.12/site-packages/airflow/example_dags/example_branch_python_dop_operator_3.py for tasks to queue
[2025-12-04T12:33:31.858+0000] {logging_mixin.py:190} INFO - [2025-12-04T12:33:31.857+0000] {dagbag.py:588} INFO - Filling up the DagBag from /home/airflow/.local/lib/python3.12/site-packages/airflow/example_dags/example_branch_python_dop_operator_3.py
[2025-12-04T12:33:31.871+0000] {processor.py:925} INFO - DAG(s) 'example_branch_dop_operator_v3' retrieved from /home/airflow/.local/lib/python3.12/site-packages/airflow/example_dags/example_branch_python_dop_operator_3.py
[2025-12-04T12:33:31.898+0000] {logging_mixin.py:190} INFO - [2025-12-04T12:33:31.897+0000] {dag.py:3239} INFO - Sync 1 DAGs
[2025-12-04T12:33:31.936+0000] {logging_mixin.py:190} INFO - [2025-12-04T12:33:31.936+0000] {dag.py:4180} INFO - Setting next_dagrun for example_branch_dop_operator_v3 to 2025-12-04 12:32:00+00:00, run_after=2025-12-04 12:33:00+00:00
[2025-12-04T12:33:31.957+0000] {processor.py:208} INFO - Processing /home/airflow/.local/lib/python3.12/site-packages/airflow/example_dags/example_branch_python_dop_operator_3.py took 0.111 seconds
[2025-12-04T12:34:02.462+0000] {processor.py:186} INFO - Started process (PID=1039) to work on /home/airflow/.local/lib/python3.12/site-packages/airflow/example_dags/example_branch_python_dop_operator_3.py
[2025-12-04T12:34:02.463+0000] {processor.py:914} INFO - Processing file /home/airflow/.local/lib/python3.12/site-packages/airflow/example_dags/example_branch_python_dop_operator_3.py for tasks to queue
[2025-12-04T12:34:02.465+0000] {logging_mixin.py:190} INFO - [2025-12-04T12:34:02.465+0000] {dagbag.py:588} INFO - Filling up the DagBag from /home/airflow/.local/lib/python3.12/site-packages/airflow/example_dags/example_branch_python_dop_operator_3.py
[2025-12-04T12:34:02.476+0000] {processor.py:925} INFO - DAG(s) 'example_branch_dop_operator_v3' retrieved from /home/airflow/.local/lib/python3.12/site-packages/airflow/example_dags/example_branch_python_dop_operator_3.py
[2025-12-04T12:34:02.497+0000] {logging_mixin.py:190} INFO - [2025-12-04T12:34:02.497+0000] {dag.py:3239} INFO - Sync 1 DAGs
[2025-12-04T12:34:02.530+0000] {logging_mixin.py:190} INFO - [2025-12-04T12:34:02.530+0000] {dag.py:4180} INFO - Setting next_dagrun for example_branch_dop_operator_v3 to 2025-12-04 12:33:00+00:00, run_after=2025-12-04 12:34:00+00:00
[2025-12-04T12:34:02.553+0000] {processor.py:208} INFO - Processing /home/airflow/.local/lib/python3.12/site-packages/airflow/example_dags/example_branch_python_dop_operator_3.py took 0.097 seconds
[2025-12-04T12:34:32.666+0000] {processor.py:186} INFO - Started process (PID=1105) to work on /home/airflow/.local/lib/python3.12/site-packages/airflow/example_dags/example_branch_python_dop_operator_3.py
[2025-12-04T12:34:32.666+0000] {processor.py:914} INFO - Processing file /home/airflow/.local/lib/python3.12/site-packages/airflow/example_dags/example_branch_python_dop_operator_3.py for tasks to queue
[2025-12-04T12:34:32.669+0000] {logging_mixin.py:190} INFO - [2025-12-04T12:34:32.669+0000] {dagbag.py:588} INFO - Filling up the DagBag from /home/airflow/.local/lib/python3.12/site-packages/airflow/example_dags/example_branch_python_dop_operator_3.py
[2025-12-04T12:34:32.681+0000] {processor.py:925} INFO - DAG(s) 'example_branch_dop_operator_v3' retrieved from /home/airflow/.local/lib/python3.12/site-packages/airflow/example_dags/example_branch_python_dop_operator_3.py
[2025-12-04T12:34:32.702+0000] {logging_mixin.py:190} INFO - [2025-12-04T12:34:32.702+0000] {dag.py:3239} INFO - Sync 1 DAGs
[2025-12-04T12:34:32.737+0000] {logging_mixin.py:190} INFO - [2025-12-04T12:34:32.737+0000] {dag.py:4180} INFO - Setting next_dagrun for example_branch_dop_operator_v3 to 2025-12-04 12:33:00+00:00, run_after=2025-12-04 12:34:00+00:00
[2025-12-04T12:34:32.759+0000] {processor.py:208} INFO - Processing /home/airflow/.local/lib/python3.12/site-packages/airflow/example_dags/example_branch_python_dop_operator_3.py took 0.102 seconds
[2025-12-04T12:35:03.297+0000] {processor.py:186} INFO - Started process (PID=1171) to work on /home/airflow/.local/lib/python3.12/site-packages/airflow/example_dags/example_branch_python_dop_operator_3.py
[2025-12-04T12:35:03.298+0000] {processor.py:914} INFO - Processing file /home/airflow/.local/lib/python3.12/site-packages/airflow/example_dags/example_branch_python_dop_operator_3.py for tasks to queue
[2025-12-04T12:35:03.300+0000] {logging_mixin.py:190} INFO - [2025-12-04T12:35:03.300+0000] {dagbag.py:588} INFO - Filling up the DagBag from /home/airflow/.local/lib/python3.12/site-packages/airflow/example_dags/example_branch_python_dop_operator_3.py
[2025-12-04T12:35:03.311+0000] {processor.py:925} INFO - DAG(s) 'example_branch_dop_operator_v3' retrieved from /home/airflow/.local/lib/python3.12/site-packages/airflow/example_dags/example_branch_python_dop_operator_3.py
[2025-12-04T12:35:03.339+0000] {logging_mixin.py:190} INFO - [2025-12-04T12:35:03.338+0000] {dag.py:3239} INFO - Sync 1 DAGs
[2025-12-04T12:35:03.377+0000] {logging_mixin.py:190} INFO - [2025-12-04T12:35:03.377+0000] {dag.py:4180} INFO - Setting next_dagrun for example_branch_dop_operator_v3 to 2025-12-04 12:34:00+00:00, run_after=2025-12-04 12:35:00+00:00
[2025-12-04T12:35:03.400+0000] {processor.py:208} INFO - Processing /home/airflow/.local/lib/python3.12/site-packages/airflow/example_dags/example_branch_python_dop_operator_3.py took 0.109 seconds
[2025-12-04T12:35:33.898+0000] {processor.py:186} INFO - Started process (PID=1237) to work on /home/airflow/.local/lib/python3.12/site-packages/airflow/example_dags/example_branch_python_dop_operator_3.py
[2025-12-04T12:35:33.899+0000] {processor.py:914} INFO - Processing file /home/airflow/.local/lib/python3.12/site-packages/airflow/example_dags/example_branch_python_dop_operator_3.py for tasks to queue
[2025-12-04T12:35:33.903+0000] {logging_mixin.py:190} INFO - [2025-12-04T12:35:33.903+0000] {dagbag.py:588} INFO - Filling up the DagBag from /home/airflow/.local/lib/python3.12/site-packages/airflow/example_dags/example_branch_python_dop_operator_3.py
[2025-12-04T12:35:33.919+0000] {processor.py:925} INFO - DAG(s) 'example_branch_dop_operator_v3' retrieved from /home/airflow/.local/lib/python3.12/site-packages/airflow/example_dags/example_branch_python_dop_operator_3.py
[2025-12-04T12:35:33.948+0000] {logging_mixin.py:190} INFO - [2025-12-04T12:35:33.948+0000] {dag.py:3239} INFO - Sync 1 DAGs
[2025-12-04T12:35:33.992+0000] {logging_mixin.py:190} INFO - [2025-12-04T12:35:33.991+0000] {dag.py:4180} INFO - Setting next_dagrun for example_branch_dop_operator_v3 to 2025-12-04 12:34:00+00:00, run_after=2025-12-04 12:35:00+00:00
[2025-12-04T12:35:34.020+0000] {processor.py:208} INFO - Processing /home/airflow/.local/lib/python3.12/site-packages/airflow/example_dags/example_branch_python_dop_operator_3.py took 0.132 seconds
[2025-12-04T12:36:04.299+0000] {processor.py:186} INFO - Started process (PID=1303) to work on /home/airflow/.local/lib/python3.12/site-packages/airflow/example_dags/example_branch_python_dop_operator_3.py
[2025-12-04T12:36:04.300+0000] {processor.py:914} INFO - Processing file /home/airflow/.local/lib/python3.12/site-packages/airflow/example_dags/example_branch_python_dop_operator_3.py for tasks to queue
[2025-12-04T12:36:04.302+0000] {logging_mixin.py:190} INFO - [2025-12-04T12:36:04.302+0000] {dagbag.py:588} INFO - Filling up the DagBag from /home/airflow/.local/lib/python3.12/site-packages/airflow/example_dags/example_branch_python_dop_operator_3.py
[2025-12-04T12:36:04.317+0000] {processor.py:925} INFO - DAG(s) 'example_branch_dop_operator_v3' retrieved from /home/airflow/.local/lib/python3.12/site-packages/airflow/example_dags/example_branch_python_dop_operator_3.py
[2025-12-04T12:36:04.344+0000] {logging_mixin.py:190} INFO - [2025-12-04T12:36:04.344+0000] {dag.py:3239} INFO - Sync 1 DAGs
[2025-12-04T12:36:04.386+0000] {logging_mixin.py:190} INFO - [2025-12-04T12:36:04.386+0000] {dag.py:4180} INFO - Setting next_dagrun for example_branch_dop_operator_v3 to 2025-12-04 12:35:00+00:00, run_after=2025-12-04 12:36:00+00:00
[2025-12-04T12:36:04.414+0000] {processor.py:208} INFO - Processing /home/airflow/.local/lib/python3.12/site-packages/airflow/example_dags/example_branch_python_dop_operator_3.py took 0.122 seconds
[2025-12-04T12:36:34.756+0000] {processor.py:186} INFO - Started process (PID=1369) to work on /home/airflow/.local/lib/python3.12/site-packages/airflow/example_dags/example_branch_python_dop_operator_3.py
[2025-12-04T12:36:34.757+0000] {processor.py:914} INFO - Processing file /home/airflow/.local/lib/python3.12/site-packages/airflow/example_dags/example_branch_python_dop_operator_3.py for tasks to queue
[2025-12-04T12:36:34.761+0000] {logging_mixin.py:190} INFO - [2025-12-04T12:36:34.761+0000] {dagbag.py:588} INFO - Filling up the DagBag from /home/airflow/.local/lib/python3.12/site-packages/airflow/example_dags/example_branch_python_dop_operator_3.py
[2025-12-04T12:36:34.783+0000] {processor.py:925} INFO - DAG(s) 'example_branch_dop_operator_v3' retrieved from /home/airflow/.local/lib/python3.12/site-packages/airflow/example_dags/example_branch_python_dop_operator_3.py
[2025-12-04T12:36:34.811+0000] {logging_mixin.py:190} INFO - [2025-12-04T12:36:34.811+0000] {dag.py:3239} INFO - Sync 1 DAGs
[2025-12-04T12:36:34.848+0000] {logging_mixin.py:190} INFO - [2025-12-04T12:36:34.848+0000] {dag.py:4180} INFO - Setting next_dagrun for example_branch_dop_operator_v3 to 2025-12-04 12:35:00+00:00, run_after=2025-12-04 12:36:00+00:00
[2025-12-04T12:36:34.876+0000] {processor.py:208} INFO - Processing /home/airflow/.local/lib/python3.12/site-packages/airflow/example_dags/example_branch_python_dop_operator_3.py took 0.131 seconds
[2025-12-04T12:37:05.047+0000] {processor.py:186} INFO - Started process (PID=1436) to work on /home/airflow/.local/lib/python3.12/site-packages/airflow/example_dags/example_branch_python_dop_operator_3.py
[2025-12-04T12:37:05.048+0000] {processor.py:914} INFO - Processing file /home/airflow/.local/lib/python3.12/site-packages/airflow/example_dags/example_branch_python_dop_operator_3.py for tasks to queue
[2025-12-04T12:37:05.051+0000] {logging_mixin.py:190} INFO - [2025-12-04T12:37:05.050+0000] {dagbag.py:588} INFO - Filling up the DagBag from /home/airflow/.local/lib/python3.12/site-packages/airflow/example_dags/example_branch_python_dop_operator_3.py
[2025-12-04T12:37:05.064+0000] {processor.py:925} INFO - DAG(s) 'example_branch_dop_operator_v3' retrieved from /home/airflow/.local/lib/python3.12/site-packages/airflow/example_dags/example_branch_python_dop_operator_3.py
[2025-12-04T12:37:05.096+0000] {logging_mixin.py:190} INFO - [2025-12-04T12:37:05.096+0000] {dag.py:3239} INFO - Sync 1 DAGs
[2025-12-04T12:37:05.138+0000] {logging_mixin.py:190} INFO - [2025-12-04T12:37:05.137+0000] {dag.py:4180} INFO - Setting next_dagrun for example_branch_dop_operator_v3 to 2025-12-04 12:36:00+00:00, run_after=2025-12-04 12:37:00+00:00
[2025-12-04T12:37:05.161+0000] {processor.py:208} INFO - Processing /home/airflow/.local/lib/python3.12/site-packages/airflow/example_dags/example_branch_python_dop_operator_3.py took 0.121 seconds
[2025-12-04T12:37:35.602+0000] {processor.py:186} INFO - Started process (PID=1508) to work on /home/airflow/.local/lib/python3.12/site-packages/airflow/example_dags/example_branch_python_dop_operator_3.py
[2025-12-04T12:37:35.603+0000] {processor.py:914} INFO - Processing file /home/airflow/.local/lib/python3.12/site-packages/airflow/example_dags/example_branch_python_dop_operator_3.py for tasks to queue
[2025-12-04T12:37:35.607+0000] {logging_mixin.py:190} INFO - [2025-12-04T12:37:35.606+0000] {dagbag.py:588} INFO - Filling up the DagBag from /home/airflow/.local/lib/python3.12/site-packages/airflow/example_dags/example_branch_python_dop_operator_3.py
[2025-12-04T12:37:35.622+0000] {processor.py:925} INFO - DAG(s) 'example_branch_dop_operator_v3' retrieved from /home/airflow/.local/lib/python3.12/site-packages/airflow/example_dags/example_branch_python_dop_operator_3.py
[2025-12-04T12:37:35.649+0000] {logging_mixin.py:190} INFO - [2025-12-04T12:37:35.649+0000] {dag.py:3239} INFO - Sync 1 DAGs
[2025-12-04T12:37:35.681+0000] {logging_mixin.py:190} INFO - [2025-12-04T12:37:35.680+0000] {dag.py:4180} INFO - Setting next_dagrun for example_branch_dop_operator_v3 to 2025-12-04 12:36:00+00:00, run_after=2025-12-04 12:37:00+00:00
[2025-12-04T12:37:35.705+0000] {processor.py:208} INFO - Processing /home/airflow/.local/lib/python3.12/site-packages/airflow/example_dags/example_branch_python_dop_operator_3.py took 0.110 seconds
[2025-12-04T12:38:06.119+0000] {processor.py:186} INFO - Started process (PID=1574) to work on /home/airflow/.local/lib/python3.12/site-packages/airflow/example_dags/example_branch_python_dop_operator_3.py
[2025-12-04T12:38:06.120+0000] {processor.py:914} INFO - Processing file /home/airflow/.local/lib/python3.12/site-packages/airflow/example_dags/example_branch_python_dop_operator_3.py for tasks to queue
[2025-12-04T12:38:06.123+0000] {logging_mixin.py:190} INFO - [2025-12-04T12:38:06.123+0000] {dagbag.py:588} INFO - Filling up the DagBag from /home/airflow/.local/lib/python3.12/site-packages/airflow/example_dags/example_branch_python_dop_operator_3.py
[2025-12-04T12:38:06.138+0000] {processor.py:925} INFO - DAG(s) 'example_branch_dop_operator_v3' retrieved from /home/airflow/.local/lib/python3.12/site-packages/airflow/example_dags/example_branch_python_dop_operator_3.py
[2025-12-04T12:38:06.164+0000] {logging_mixin.py:190} INFO - [2025-12-04T12:38:06.164+0000] {dag.py:3239} INFO - Sync 1 DAGs
[2025-12-04T12:38:06.208+0000] {logging_mixin.py:190} INFO - [2025-12-04T12:38:06.208+0000] {dag.py:4180} INFO - Setting next_dagrun for example_branch_dop_operator_v3 to 2025-12-04 12:37:00+00:00, run_after=2025-12-04 12:38:00+00:00
[2025-12-04T12:38:06.234+0000] {processor.py:208} INFO - Processing /home/airflow/.local/lib/python3.12/site-packages/airflow/example_dags/example_branch_python_dop_operator_3.py took 0.123 seconds
[2025-12-04T12:38:36.854+0000] {processor.py:186} INFO - Started process (PID=1640) to work on /home/airflow/.local/lib/python3.12/site-packages/airflow/example_dags/example_branch_python_dop_operator_3.py
[2025-12-04T12:38:36.856+0000] {processor.py:914} INFO - Processing file /home/airflow/.local/lib/python3.12/site-packages/airflow/example_dags/example_branch_python_dop_operator_3.py for tasks to queue
[2025-12-04T12:38:36.859+0000] {logging_mixin.py:190} INFO - [2025-12-04T12:38:36.859+0000] {dagbag.py:588} INFO - Filling up the DagBag from /home/airflow/.local/lib/python3.12/site-packages/airflow/example_dags/example_branch_python_dop_operator_3.py
[2025-12-04T12:38:36.876+0000] {processor.py:925} INFO - DAG(s) 'example_branch_dop_operator_v3' retrieved from /home/airflow/.local/lib/python3.12/site-packages/airflow/example_dags/example_branch_python_dop_operator_3.py
[2025-12-04T12:38:36.900+0000] {logging_mixin.py:190} INFO - [2025-12-04T12:38:36.900+0000] {dag.py:3239} INFO - Sync 1 DAGs
[2025-12-04T12:38:36.935+0000] {logging_mixin.py:190} INFO - [2025-12-04T12:38:36.934+0000] {dag.py:4180} INFO - Setting next_dagrun for example_branch_dop_operator_v3 to 2025-12-04 12:37:00+00:00, run_after=2025-12-04 12:38:00+00:00
[2025-12-04T12:38:36.957+0000] {processor.py:208} INFO - Processing /home/airflow/.local/lib/python3.12/site-packages/airflow/example_dags/example_branch_python_dop_operator_3.py took 0.112 seconds
[2025-12-04T12:39:07.204+0000] {processor.py:186} INFO - Started process (PID=1706) to work on /home/airflow/.local/lib/python3.12/site-packages/airflow/example_dags/example_branch_python_dop_operator_3.py
[2025-12-04T12:39:07.205+0000] {processor.py:914} INFO - Processing file /home/airflow/.local/lib/python3.12/site-packages/airflow/example_dags/example_branch_python_dop_operator_3.py for tasks to queue
[2025-12-04T12:39:07.208+0000] {logging_mixin.py:190} INFO - [2025-12-04T12:39:07.207+0000] {dagbag.py:588} INFO - Filling up the DagBag from /home/airflow/.local/lib/python3.12/site-packages/airflow/example_dags/example_branch_python_dop_operator_3.py
[2025-12-04T12:39:07.224+0000] {processor.py:925} INFO - DAG(s) 'example_branch_dop_operator_v3' retrieved from /home/airflow/.local/lib/python3.12/site-packages/airflow/example_dags/example_branch_python_dop_operator_3.py
[2025-12-04T12:39:07.252+0000] {logging_mixin.py:190} INFO - [2025-12-04T12:39:07.252+0000] {dag.py:3239} INFO - Sync 1 DAGs
[2025-12-04T12:39:07.296+0000] {logging_mixin.py:190} INFO - [2025-12-04T12:39:07.296+0000] {dag.py:4180} INFO - Setting next_dagrun for example_branch_dop_operator_v3 to 2025-12-04 12:38:00+00:00, run_after=2025-12-04 12:39:00+00:00
[2025-12-04T12:39:07.318+0000] {processor.py:208} INFO - Processing /home/airflow/.local/lib/python3.12/site-packages/airflow/example_dags/example_branch_python_dop_operator_3.py took 0.123 seconds
[2025-12-04T12:39:38.052+0000] {processor.py:186} INFO - Started process (PID=1772) to work on /home/airflow/.local/lib/python3.12/site-packages/airflow/example_dags/example_branch_python_dop_operator_3.py
[2025-12-04T12:39:38.053+0000] {processor.py:914} INFO - Processing file /home/airflow/.local/lib/python3.12/site-packages/airflow/example_dags/example_branch_python_dop_operator_3.py for tasks to queue
[2025-12-04T12:39:38.055+0000] {logging_mixin.py:190} INFO - [2025-12-04T12:39:38.055+0000] {dagbag.py:588} INFO - Filling up the DagBag from /home/airflow/.local/lib/python3.12/site-packages/airflow/example_dags/example_branch_python_dop_operator_3.py
[2025-12-04T12:39:38.064+0000] {processor.py:925} INFO - DAG(s) 'example_branch_dop_operator_v3' retrieved from /home/airflow/.local/lib/python3.12/site-packages/airflow/example_dags/example_branch_python_dop_operator_3.py
[2025-12-04T12:39:38.085+0000] {logging_mixin.py:190} INFO - [2025-12-04T12:39:38.084+0000] {dag.py:3239} INFO - Sync 1 DAGs
[2025-12-04T12:39:38.116+0000] {logging_mixin.py:190} INFO - [2025-12-04T12:39:38.115+0000] {dag.py:4180} INFO - Setting next_dagrun for example_branch_dop_operator_v3 to 2025-12-04 12:38:00+00:00, run_after=2025-12-04 12:39:00+00:00
[2025-12-04T12:39:38.135+0000] {processor.py:208} INFO - Processing /home/airflow/.local/lib/python3.12/site-packages/airflow/example_dags/example_branch_python_dop_operator_3.py took 0.087 seconds
[2025-12-04T12:40:08.674+0000] {processor.py:186} INFO - Started process (PID=1837) to work on /home/airflow/.local/lib/python3.12/site-packages/airflow/example_dags/example_branch_python_dop_operator_3.py
[2025-12-04T12:40:08.675+0000] {processor.py:914} INFO - Processing file /home/airflow/.local/lib/python3.12/site-packages/airflow/example_dags/example_branch_python_dop_operator_3.py for tasks to queue
[2025-12-04T12:40:08.677+0000] {logging_mixin.py:190} INFO - [2025-12-04T12:40:08.677+0000] {dagbag.py:588} INFO - Filling up the DagBag from /home/airflow/.local/lib/python3.12/site-packages/airflow/example_dags/example_branch_python_dop_operator_3.py
[2025-12-04T12:40:08.688+0000] {processor.py:925} INFO - DAG(s) 'example_branch_dop_operator_v3' retrieved from /home/airflow/.local/lib/python3.12/site-packages/airflow/example_dags/example_branch_python_dop_operator_3.py
[2025-12-04T12:40:08.710+0000] {logging_mixin.py:190} INFO - [2025-12-04T12:40:08.710+0000] {dag.py:3239} INFO - Sync 1 DAGs
[2025-12-04T12:40:08.741+0000] {logging_mixin.py:190} INFO - [2025-12-04T12:40:08.741+0000] {dag.py:4180} INFO - Setting next_dagrun for example_branch_dop_operator_v3 to 2025-12-04 12:39:00+00:00, run_after=2025-12-04 12:40:00+00:00
[2025-12-04T12:40:08.763+0000] {processor.py:208} INFO - Processing /home/airflow/.local/lib/python3.12/site-packages/airflow/example_dags/example_branch_python_dop_operator_3.py took 0.095 seconds
[2025-12-04T12:40:39.346+0000] {processor.py:186} INFO - Started process (PID=1903) to work on /home/airflow/.local/lib/python3.12/site-packages/airflow/example_dags/example_branch_python_dop_operator_3.py
[2025-12-04T12:40:39.347+0000] {processor.py:914} INFO - Processing file /home/airflow/.local/lib/python3.12/site-packages/airflow/example_dags/example_branch_python_dop_operator_3.py for tasks to queue
[2025-12-04T12:40:39.349+0000] {logging_mixin.py:190} INFO - [2025-12-04T12:40:39.349+0000] {dagbag.py:588} INFO - Filling up the DagBag from /home/airflow/.local/lib/python3.12/site-packages/airflow/example_dags/example_branch_python_dop_operator_3.py
[2025-12-04T12:40:39.363+0000] {processor.py:925} INFO - DAG(s) 'example_branch_dop_operator_v3' retrieved from /home/airflow/.local/lib/python3.12/site-packages/airflow/example_dags/example_branch_python_dop_operator_3.py
[2025-12-04T12:40:39.390+0000] {logging_mixin.py:190} INFO - [2025-12-04T12:40:39.389+0000] {dag.py:3239} INFO - Sync 1 DAGs
[2025-12-04T12:40:39.429+0000] {logging_mixin.py:190} INFO - [2025-12-04T12:40:39.429+0000] {dag.py:4180} INFO - Setting next_dagrun for example_branch_dop_operator_v3 to 2025-12-04 12:39:00+00:00, run_after=2025-12-04 12:40:00+00:00
[2025-12-04T12:40:39.451+0000] {processor.py:208} INFO - Processing /home/airflow/.local/lib/python3.12/site-packages/airflow/example_dags/example_branch_python_dop_operator_3.py took 0.112 seconds
[2025-12-04T12:41:09.821+0000] {processor.py:186} INFO - Started process (PID=1968) to work on /home/airflow/.local/lib/python3.12/site-packages/airflow/example_dags/example_branch_python_dop_operator_3.py
[2025-12-04T12:41:09.822+0000] {processor.py:914} INFO - Processing file /home/airflow/.local/lib/python3.12/site-packages/airflow/example_dags/example_branch_python_dop_operator_3.py for tasks to queue
[2025-12-04T12:41:09.825+0000] {logging_mixin.py:190} INFO - [2025-12-04T12:41:09.825+0000] {dagbag.py:588} INFO - Filling up the DagBag from /home/airflow/.local/lib/python3.12/site-packages/airflow/example_dags/example_branch_python_dop_operator_3.py
[2025-12-04T12:41:09.840+0000] {processor.py:925} INFO - DAG(s) 'example_branch_dop_operator_v3' retrieved from /home/airflow/.local/lib/python3.12/site-packages/airflow/example_dags/example_branch_python_dop_operator_3.py
[2025-12-04T12:41:09.869+0000] {logging_mixin.py:190} INFO - [2025-12-04T12:41:09.868+0000] {dag.py:3239} INFO - Sync 1 DAGs
[2025-12-04T12:41:09.907+0000] {logging_mixin.py:190} INFO - [2025-12-04T12:41:09.907+0000] {dag.py:4180} INFO - Setting next_dagrun for example_branch_dop_operator_v3 to 2025-12-04 12:40:00+00:00, run_after=2025-12-04 12:41:00+00:00
[2025-12-04T12:41:09.935+0000] {processor.py:208} INFO - Processing /home/airflow/.local/lib/python3.12/site-packages/airflow/example_dags/example_branch_python_dop_operator_3.py took 0.121 seconds
[2025-12-04T12:41:40.035+0000] {processor.py:186} INFO - Started process (PID=2034) to work on /home/airflow/.local/lib/python3.12/site-packages/airflow/example_dags/example_branch_python_dop_operator_3.py
[2025-12-04T12:41:40.036+0000] {processor.py:914} INFO - Processing file /home/airflow/.local/lib/python3.12/site-packages/airflow/example_dags/example_branch_python_dop_operator_3.py for tasks to queue
[2025-12-04T12:41:40.039+0000] {logging_mixin.py:190} INFO - [2025-12-04T12:41:40.038+0000] {dagbag.py:588} INFO - Filling up the DagBag from /home/airflow/.local/lib/python3.12/site-packages/airflow/example_dags/example_branch_python_dop_operator_3.py
[2025-12-04T12:41:40.056+0000] {processor.py:925} INFO - DAG(s) 'example_branch_dop_operator_v3' retrieved from /home/airflow/.local/lib/python3.12/site-packages/airflow/example_dags/example_branch_python_dop_operator_3.py
[2025-12-04T12:41:40.078+0000] {logging_mixin.py:190} INFO - [2025-12-04T12:41:40.078+0000] {dag.py:3239} INFO - Sync 1 DAGs
[2025-12-04T12:41:40.109+0000] {logging_mixin.py:190} INFO - [2025-12-04T12:41:40.108+0000] {dag.py:4180} INFO - Setting next_dagrun for example_branch_dop_operator_v3 to 2025-12-04 12:40:00+00:00, run_after=2025-12-04 12:41:00+00:00
[2025-12-04T12:41:40.130+0000] {processor.py:208} INFO - Processing /home/airflow/.local/lib/python3.12/site-packages/airflow/example_dags/example_branch_python_dop_operator_3.py took 0.104 seconds
[2025-12-04T12:42:10.179+0000] {processor.py:186} INFO - Started process (PID=2100) to work on /home/airflow/.local/lib/python3.12/site-packages/airflow/example_dags/example_branch_python_dop_operator_3.py
[2025-12-04T12:42:10.179+0000] {processor.py:914} INFO - Processing file /home/airflow/.local/lib/python3.12/site-packages/airflow/example_dags/example_branch_python_dop_operator_3.py for tasks to queue
[2025-12-04T12:42:10.181+0000] {logging_mixin.py:190} INFO - [2025-12-04T12:42:10.181+0000] {dagbag.py:588} INFO - Filling up the DagBag from /home/airflow/.local/lib/python3.12/site-packages/airflow/example_dags/example_branch_python_dop_operator_3.py
[2025-12-04T12:42:10.192+0000] {processor.py:925} INFO - DAG(s) 'example_branch_dop_operator_v3' retrieved from /home/airflow/.local/lib/python3.12/site-packages/airflow/example_dags/example_branch_python_dop_operator_3.py
[2025-12-04T12:42:10.215+0000] {logging_mixin.py:190} INFO - [2025-12-04T12:42:10.214+0000] {dag.py:3239} INFO - Sync 1 DAGs
[2025-12-04T12:42:10.246+0000] {logging_mixin.py:190} INFO - [2025-12-04T12:42:10.246+0000] {dag.py:4180} INFO - Setting next_dagrun for example_branch_dop_operator_v3 to 2025-12-04 12:41:00+00:00, run_after=2025-12-04 12:42:00+00:00
[2025-12-04T12:42:10.267+0000] {processor.py:208} INFO - Processing /home/airflow/.local/lib/python3.12/site-packages/airflow/example_dags/example_branch_python_dop_operator_3.py took 0.094 seconds
[2025-12-04T12:42:41.863+0000] {processor.py:186} INFO - Started process (PID=2166) to work on /home/airflow/.local/lib/python3.12/site-packages/airflow/example_dags/example_branch_python_dop_operator_3.py
[2025-12-04T12:42:41.864+0000] {processor.py:914} INFO - Processing file /home/airflow/.local/lib/python3.12/site-packages/airflow/example_dags/example_branch_python_dop_operator_3.py for tasks to queue
[2025-12-04T12:42:41.866+0000] {logging_mixin.py:190} INFO - [2025-12-04T12:42:41.866+0000] {dagbag.py:588} INFO - Filling up the DagBag from /home/airflow/.local/lib/python3.12/site-packages/airflow/example_dags/example_branch_python_dop_operator_3.py
[2025-12-04T12:42:41.878+0000] {processor.py:925} INFO - DAG(s) 'example_branch_dop_operator_v3' retrieved from /home/airflow/.local/lib/python3.12/site-packages/airflow/example_dags/example_branch_python_dop_operator_3.py
[2025-12-04T12:42:41.901+0000] {logging_mixin.py:190} INFO - [2025-12-04T12:42:41.901+0000] {dag.py:3239} INFO - Sync 1 DAGs
[2025-12-04T12:42:41.935+0000] {logging_mixin.py:190} INFO - [2025-12-04T12:42:41.935+0000] {dag.py:4180} INFO - Setting next_dagrun for example_branch_dop_operator_v3 to 2025-12-04 12:41:00+00:00, run_after=2025-12-04 12:42:00+00:00
[2025-12-04T12:42:41.956+0000] {processor.py:208} INFO - Processing /home/airflow/.local/lib/python3.12/site-packages/airflow/example_dags/example_branch_python_dop_operator_3.py took 0.099 seconds
[2025-12-04T12:43:13.060+0000] {processor.py:186} INFO - Started process (PID=2227) to work on /home/airflow/.local/lib/python3.12/site-packages/airflow/example_dags/example_branch_python_dop_operator_3.py
[2025-12-04T12:43:13.061+0000] {processor.py:914} INFO - Processing file /home/airflow/.local/lib/python3.12/site-packages/airflow/example_dags/example_branch_python_dop_operator_3.py for tasks to queue
[2025-12-04T12:43:13.063+0000] {logging_mixin.py:190} INFO - [2025-12-04T12:43:13.062+0000] {dagbag.py:588} INFO - Filling up the DagBag from /home/airflow/.local/lib/python3.12/site-packages/airflow/example_dags/example_branch_python_dop_operator_3.py
[2025-12-04T12:43:13.071+0000] {processor.py:925} INFO - DAG(s) 'example_branch_dop_operator_v3' retrieved from /home/airflow/.local/lib/python3.12/site-packages/airflow/example_dags/example_branch_python_dop_operator_3.py
[2025-12-04T12:43:13.085+0000] {logging_mixin.py:190} INFO - [2025-12-04T12:43:13.085+0000] {dag.py:3239} INFO - Sync 1 DAGs
[2025-12-04T12:43:13.112+0000] {logging_mixin.py:190} INFO - [2025-12-04T12:43:13.111+0000] {dag.py:4180} INFO - Setting next_dagrun for example_branch_dop_operator_v3 to 2025-12-04 12:42:00+00:00, run_after=2025-12-04 12:43:00+00:00
[2025-12-04T12:43:13.128+0000] {processor.py:208} INFO - Processing /home/airflow/.local/lib/python3.12/site-packages/airflow/example_dags/example_branch_python_dop_operator_3.py took 0.073 seconds
[2025-12-04T12:43:43.598+0000] {processor.py:186} INFO - Started process (PID=2285) to work on /home/airflow/.local/lib/python3.12/site-packages/airflow/example_dags/example_branch_python_dop_operator_3.py
[2025-12-04T12:43:43.599+0000] {processor.py:914} INFO - Processing file /home/airflow/.local/lib/python3.12/site-packages/airflow/example_dags/example_branch_python_dop_operator_3.py for tasks to queue
[2025-12-04T12:43:43.601+0000] {logging_mixin.py:190} INFO - [2025-12-04T12:43:43.601+0000] {dagbag.py:588} INFO - Filling up the DagBag from /home/airflow/.local/lib/python3.12/site-packages/airflow/example_dags/example_branch_python_dop_operator_3.py
[2025-12-04T12:43:43.613+0000] {processor.py:925} INFO - DAG(s) 'example_branch_dop_operator_v3' retrieved from /home/airflow/.local/lib/python3.12/site-packages/airflow/example_dags/example_branch_python_dop_operator_3.py
[2025-12-04T12:43:43.634+0000] {logging_mixin.py:190} INFO - [2025-12-04T12:43:43.634+0000] {dag.py:3239} INFO - Sync 1 DAGs
[2025-12-04T12:43:43.668+0000] {logging_mixin.py:190} INFO - [2025-12-04T12:43:43.667+0000] {dag.py:4180} INFO - Setting next_dagrun for example_branch_dop_operator_v3 to 2025-12-04 12:42:00+00:00, run_after=2025-12-04 12:43:00+00:00
[2025-12-04T12:43:43.689+0000] {processor.py:208} INFO - Processing /home/airflow/.local/lib/python3.12/site-packages/airflow/example_dags/example_branch_python_dop_operator_3.py took 0.096 seconds
[2025-12-04T12:44:14.904+0000] {processor.py:186} INFO - Started process (PID=2344) to work on /home/airflow/.local/lib/python3.12/site-packages/airflow/example_dags/example_branch_python_dop_operator_3.py
[2025-12-04T12:44:14.905+0000] {processor.py:914} INFO - Processing file /home/airflow/.local/lib/python3.12/site-packages/airflow/example_dags/example_branch_python_dop_operator_3.py for tasks to queue
[2025-12-04T12:44:14.908+0000] {logging_mixin.py:190} INFO - [2025-12-04T12:44:14.907+0000] {dagbag.py:588} INFO - Filling up the DagBag from /home/airflow/.local/lib/python3.12/site-packages/airflow/example_dags/example_branch_python_dop_operator_3.py
[2025-12-04T12:44:14.919+0000] {processor.py:925} INFO - DAG(s) 'example_branch_dop_operator_v3' retrieved from /home/airflow/.local/lib/python3.12/site-packages/airflow/example_dags/example_branch_python_dop_operator_3.py
[2025-12-04T12:44:14.941+0000] {logging_mixin.py:190} INFO - [2025-12-04T12:44:14.940+0000] {dag.py:3239} INFO - Sync 1 DAGs
[2025-12-04T12:44:14.975+0000] {logging_mixin.py:190} INFO - [2025-12-04T12:44:14.975+0000] {dag.py:4180} INFO - Setting next_dagrun for example_branch_dop_operator_v3 to 2025-12-04 12:43:00+00:00, run_after=2025-12-04 12:44:00+00:00
[2025-12-04T12:44:14.997+0000] {processor.py:208} INFO - Processing /home/airflow/.local/lib/python3.12/site-packages/airflow/example_dags/example_branch_python_dop_operator_3.py took 0.098 seconds
[2025-12-04T12:44:45.740+0000] {processor.py:186} INFO - Started process (PID=2410) to work on /home/airflow/.local/lib/python3.12/site-packages/airflow/example_dags/example_branch_python_dop_operator_3.py
[2025-12-04T12:44:45.741+0000] {processor.py:914} INFO - Processing file /home/airflow/.local/lib/python3.12/site-packages/airflow/example_dags/example_branch_python_dop_operator_3.py for tasks to queue
[2025-12-04T12:44:45.743+0000] {logging_mixin.py:190} INFO - [2025-12-04T12:44:45.743+0000] {dagbag.py:588} INFO - Filling up the DagBag from /home/airflow/.local/lib/python3.12/site-packages/airflow/example_dags/example_branch_python_dop_operator_3.py
[2025-12-04T12:44:45.755+0000] {processor.py:925} INFO - DAG(s) 'example_branch_dop_operator_v3' retrieved from /home/airflow/.local/lib/python3.12/site-packages/airflow/example_dags/example_branch_python_dop_operator_3.py
[2025-12-04T12:44:45.777+0000] {logging_mixin.py:190} INFO - [2025-12-04T12:44:45.777+0000] {dag.py:3239} INFO - Sync 1 DAGs
[2025-12-04T12:44:45.811+0000] {logging_mixin.py:190} INFO - [2025-12-04T12:44:45.811+0000] {dag.py:4180} INFO - Setting next_dagrun for example_branch_dop_operator_v3 to 2025-12-04 12:43:00+00:00, run_after=2025-12-04 12:44:00+00:00
[2025-12-04T12:44:45.834+0000] {processor.py:208} INFO - Processing /home/airflow/.local/lib/python3.12/site-packages/airflow/example_dags/example_branch_python_dop_operator_3.py took 0.100 seconds
[2025-12-04T12:45:16.319+0000] {processor.py:186} INFO - Started process (PID=2472) to work on /home/airflow/.local/lib/python3.12/site-packages/airflow/example_dags/example_branch_python_dop_operator_3.py
[2025-12-04T12:45:16.320+0000] {processor.py:914} INFO - Processing file /home/airflow/.local/lib/python3.12/site-packages/airflow/example_dags/example_branch_python_dop_operator_3.py for tasks to queue
[2025-12-04T12:45:16.324+0000] {logging_mixin.py:190} INFO - [2025-12-04T12:45:16.323+0000] {dagbag.py:588} INFO - Filling up the DagBag from /home/airflow/.local/lib/python3.12/site-packages/airflow/example_dags/example_branch_python_dop_operator_3.py
[2025-12-04T12:45:16.342+0000] {processor.py:925} INFO - DAG(s) 'example_branch_dop_operator_v3' retrieved from /home/airflow/.local/lib/python3.12/site-packages/airflow/example_dags/example_branch_python_dop_operator_3.py
[2025-12-04T12:45:16.366+0000] {logging_mixin.py:190} INFO - [2025-12-04T12:45:16.366+0000] {dag.py:3239} INFO - Sync 1 DAGs
[2025-12-04T12:45:16.404+0000] {logging_mixin.py:190} INFO - [2025-12-04T12:45:16.404+0000] {dag.py:4180} INFO - Setting next_dagrun for example_branch_dop_operator_v3 to 2025-12-04 12:44:00+00:00, run_after=2025-12-04 12:45:00+00:00
[2025-12-04T12:45:16.428+0000] {processor.py:208} INFO - Processing /home/airflow/.local/lib/python3.12/site-packages/airflow/example_dags/example_branch_python_dop_operator_3.py took 0.119 seconds
[2025-12-04T12:45:46.709+0000] {processor.py:186} INFO - Started process (PID=2532) to work on /home/airflow/.local/lib/python3.12/site-packages/airflow/example_dags/example_branch_python_dop_operator_3.py
[2025-12-04T12:45:46.710+0000] {processor.py:914} INFO - Processing file /home/airflow/.local/lib/python3.12/site-packages/airflow/example_dags/example_branch_python_dop_operator_3.py for tasks to queue
[2025-12-04T12:45:46.714+0000] {logging_mixin.py:190} INFO - [2025-12-04T12:45:46.713+0000] {dagbag.py:588} INFO - Filling up the DagBag from /home/airflow/.local/lib/python3.12/site-packages/airflow/example_dags/example_branch_python_dop_operator_3.py
[2025-12-04T12:45:46.729+0000] {processor.py:925} INFO - DAG(s) 'example_branch_dop_operator_v3' retrieved from /home/airflow/.local/lib/python3.12/site-packages/airflow/example_dags/example_branch_python_dop_operator_3.py
[2025-12-04T12:45:46.753+0000] {logging_mixin.py:190} INFO - [2025-12-04T12:45:46.752+0000] {dag.py:3239} INFO - Sync 1 DAGs
[2025-12-04T12:45:46.788+0000] {logging_mixin.py:190} INFO - [2025-12-04T12:45:46.788+0000] {dag.py:4180} INFO - Setting next_dagrun for example_branch_dop_operator_v3 to 2025-12-04 12:44:00+00:00, run_after=2025-12-04 12:45:00+00:00
[2025-12-04T12:45:46.813+0000] {processor.py:208} INFO - Processing /home/airflow/.local/lib/python3.12/site-packages/airflow/example_dags/example_branch_python_dop_operator_3.py took 0.112 seconds
[2025-12-04T12:46:17.679+0000] {processor.py:186} INFO - Started process (PID=2598) to work on /home/airflow/.local/lib/python3.12/site-packages/airflow/example_dags/example_branch_python_dop_operator_3.py
[2025-12-04T12:46:17.680+0000] {processor.py:914} INFO - Processing file /home/airflow/.local/lib/python3.12/site-packages/airflow/example_dags/example_branch_python_dop_operator_3.py for tasks to queue
[2025-12-04T12:46:17.683+0000] {logging_mixin.py:190} INFO - [2025-12-04T12:46:17.682+0000] {dagbag.py:588} INFO - Filling up the DagBag from /home/airflow/.local/lib/python3.12/site-packages/airflow/example_dags/example_branch_python_dop_operator_3.py
[2025-12-04T12:46:17.697+0000] {processor.py:925} INFO - DAG(s) 'example_branch_dop_operator_v3' retrieved from /home/airflow/.local/lib/python3.12/site-packages/airflow/example_dags/example_branch_python_dop_operator_3.py
[2025-12-04T12:46:17.726+0000] {logging_mixin.py:190} INFO - [2025-12-04T12:46:17.726+0000] {dag.py:3239} INFO - Sync 1 DAGs
[2025-12-04T12:46:17.771+0000] {logging_mixin.py:190} INFO - [2025-12-04T12:46:17.771+0000] {dag.py:4180} INFO - Setting next_dagrun for example_branch_dop_operator_v3 to 2025-12-04 12:45:00+00:00, run_after=2025-12-04 12:46:00+00:00
[2025-12-04T12:46:17.802+0000] {processor.py:208} INFO - Processing /home/airflow/.local/lib/python3.12/site-packages/airflow/example_dags/example_branch_python_dop_operator_3.py took 0.129 seconds
[2025-12-04T12:49:35.477+0000] {processor.py:186} INFO - Started process (PID=50) to work on /home/airflow/.local/lib/python3.12/site-packages/airflow/example_dags/example_branch_python_dop_operator_3.py
[2025-12-04T12:49:35.478+0000] {processor.py:914} INFO - Processing file /home/airflow/.local/lib/python3.12/site-packages/airflow/example_dags/example_branch_python_dop_operator_3.py for tasks to queue
[2025-12-04T12:49:35.480+0000] {logging_mixin.py:190} INFO - [2025-12-04T12:49:35.480+0000] {dagbag.py:588} INFO - Filling up the DagBag from /home/airflow/.local/lib/python3.12/site-packages/airflow/example_dags/example_branch_python_dop_operator_3.py
[2025-12-04T12:49:35.492+0000] {processor.py:925} INFO - DAG(s) 'example_branch_dop_operator_v3' retrieved from /home/airflow/.local/lib/python3.12/site-packages/airflow/example_dags/example_branch_python_dop_operator_3.py
[2025-12-04T12:49:35.588+0000] {logging_mixin.py:190} INFO - [2025-12-04T12:49:35.587+0000] {override.py:1912} INFO - Created Permission View: can edit on DAG:example_branch_dop_operator_v3
[2025-12-04T12:49:35.598+0000] {logging_mixin.py:190} INFO - [2025-12-04T12:49:35.597+0000] {override.py:1912} INFO - Created Permission View: can delete on DAG:example_branch_dop_operator_v3
[2025-12-04T12:49:35.605+0000] {logging_mixin.py:190} INFO - [2025-12-04T12:49:35.605+0000] {override.py:1912} INFO - Created Permission View: can read on DAG:example_branch_dop_operator_v3
[2025-12-04T12:49:35.612+0000] {logging_mixin.py:190} INFO - [2025-12-04T12:49:35.612+0000] {override.py:1912} INFO - Created Permission View: can delete on DAG Run:example_branch_dop_operator_v3
[2025-12-04T12:49:35.622+0000] {logging_mixin.py:190} INFO - [2025-12-04T12:49:35.621+0000] {override.py:1912} INFO - Created Permission View: can create on DAG Run:example_branch_dop_operator_v3
[2025-12-04T12:49:35.628+0000] {logging_mixin.py:190} INFO - [2025-12-04T12:49:35.628+0000] {override.py:1912} INFO - Created Permission View: can read on DAG Run:example_branch_dop_operator_v3
[2025-12-04T12:49:35.634+0000] {logging_mixin.py:190} INFO - [2025-12-04T12:49:35.634+0000] {override.py:1912} INFO - Created Permission View: menu access on DAG Run:example_branch_dop_operator_v3
[2025-12-04T12:49:35.635+0000] {logging_mixin.py:190} INFO - [2025-12-04T12:49:35.634+0000] {dag.py:3239} INFO - Sync 1 DAGs
[2025-12-04T12:49:35.653+0000] {logging_mixin.py:190} INFO - [2025-12-04T12:49:35.653+0000] {dag.py:3262} INFO - Creating ORM DAG for example_branch_dop_operator_v3
[2025-12-04T12:49:35.672+0000] {logging_mixin.py:190} INFO - [2025-12-04T12:49:35.671+0000] {dag.py:4180} INFO - Setting next_dagrun for example_branch_dop_operator_v3 to 2025-12-04 12:48:00+00:00, run_after=2025-12-04 12:49:00+00:00
[2025-12-04T12:49:35.691+0000] {processor.py:208} INFO - Processing /home/airflow/.local/lib/python3.12/site-packages/airflow/example_dags/example_branch_python_dop_operator_3.py took 0.219 seconds
[2025-12-04T12:50:06.252+0000] {processor.py:186} INFO - Started process (PID=115) to work on /home/airflow/.local/lib/python3.12/site-packages/airflow/example_dags/example_branch_python_dop_operator_3.py
[2025-12-04T12:50:06.253+0000] {processor.py:914} INFO - Processing file /home/airflow/.local/lib/python3.12/site-packages/airflow/example_dags/example_branch_python_dop_operator_3.py for tasks to queue
[2025-12-04T12:50:06.256+0000] {logging_mixin.py:190} INFO - [2025-12-04T12:50:06.255+0000] {dagbag.py:588} INFO - Filling up the DagBag from /home/airflow/.local/lib/python3.12/site-packages/airflow/example_dags/example_branch_python_dop_operator_3.py
[2025-12-04T12:50:06.269+0000] {processor.py:925} INFO - DAG(s) 'example_branch_dop_operator_v3' retrieved from /home/airflow/.local/lib/python3.12/site-packages/airflow/example_dags/example_branch_python_dop_operator_3.py
[2025-12-04T12:50:06.294+0000] {logging_mixin.py:190} INFO - [2025-12-04T12:50:06.294+0000] {dag.py:3239} INFO - Sync 1 DAGs
[2025-12-04T12:50:06.337+0000] {logging_mixin.py:190} INFO - [2025-12-04T12:50:06.336+0000] {dag.py:4180} INFO - Setting next_dagrun for example_branch_dop_operator_v3 to 2025-12-04 12:49:00+00:00, run_after=2025-12-04 12:50:00+00:00
[2025-12-04T12:50:06.364+0000] {processor.py:208} INFO - Processing /home/airflow/.local/lib/python3.12/site-packages/airflow/example_dags/example_branch_python_dop_operator_3.py took 0.119 seconds
[2025-12-04T12:50:37.109+0000] {processor.py:186} INFO - Started process (PID=181) to work on /home/airflow/.local/lib/python3.12/site-packages/airflow/example_dags/example_branch_python_dop_operator_3.py
[2025-12-04T12:50:37.110+0000] {processor.py:914} INFO - Processing file /home/airflow/.local/lib/python3.12/site-packages/airflow/example_dags/example_branch_python_dop_operator_3.py for tasks to queue
[2025-12-04T12:50:37.114+0000] {logging_mixin.py:190} INFO - [2025-12-04T12:50:37.113+0000] {dagbag.py:588} INFO - Filling up the DagBag from /home/airflow/.local/lib/python3.12/site-packages/airflow/example_dags/example_branch_python_dop_operator_3.py
[2025-12-04T12:50:37.134+0000] {processor.py:925} INFO - DAG(s) 'example_branch_dop_operator_v3' retrieved from /home/airflow/.local/lib/python3.12/site-packages/airflow/example_dags/example_branch_python_dop_operator_3.py
[2025-12-04T12:50:37.163+0000] {logging_mixin.py:190} INFO - [2025-12-04T12:50:37.163+0000] {dag.py:3239} INFO - Sync 1 DAGs
[2025-12-04T12:50:37.205+0000] {logging_mixin.py:190} INFO - [2025-12-04T12:50:37.205+0000] {dag.py:4180} INFO - Setting next_dagrun for example_branch_dop_operator_v3 to 2025-12-04 12:49:00+00:00, run_after=2025-12-04 12:50:00+00:00
[2025-12-04T12:50:37.232+0000] {processor.py:208} INFO - Processing /home/airflow/.local/lib/python3.12/site-packages/airflow/example_dags/example_branch_python_dop_operator_3.py took 0.134 seconds
[2025-12-04T12:51:07.386+0000] {processor.py:186} INFO - Started process (PID=247) to work on /home/airflow/.local/lib/python3.12/site-packages/airflow/example_dags/example_branch_python_dop_operator_3.py
[2025-12-04T12:51:07.387+0000] {processor.py:914} INFO - Processing file /home/airflow/.local/lib/python3.12/site-packages/airflow/example_dags/example_branch_python_dop_operator_3.py for tasks to queue
[2025-12-04T12:51:07.389+0000] {logging_mixin.py:190} INFO - [2025-12-04T12:51:07.389+0000] {dagbag.py:588} INFO - Filling up the DagBag from /home/airflow/.local/lib/python3.12/site-packages/airflow/example_dags/example_branch_python_dop_operator_3.py
[2025-12-04T12:51:07.400+0000] {processor.py:925} INFO - DAG(s) 'example_branch_dop_operator_v3' retrieved from /home/airflow/.local/lib/python3.12/site-packages/airflow/example_dags/example_branch_python_dop_operator_3.py
[2025-12-04T12:51:07.424+0000] {logging_mixin.py:190} INFO - [2025-12-04T12:51:07.424+0000] {dag.py:3239} INFO - Sync 1 DAGs
[2025-12-04T12:51:07.462+0000] {logging_mixin.py:190} INFO - [2025-12-04T12:51:07.462+0000] {dag.py:4180} INFO - Setting next_dagrun for example_branch_dop_operator_v3 to 2025-12-04 12:50:00+00:00, run_after=2025-12-04 12:51:00+00:00
[2025-12-04T12:51:07.489+0000] {processor.py:208} INFO - Processing /home/airflow/.local/lib/python3.12/site-packages/airflow/example_dags/example_branch_python_dop_operator_3.py took 0.109 seconds
[2025-12-04T12:51:37.778+0000] {processor.py:186} INFO - Started process (PID=325) to work on /home/airflow/.local/lib/python3.12/site-packages/airflow/example_dags/example_branch_python_dop_operator_3.py
[2025-12-04T12:51:37.779+0000] {processor.py:914} INFO - Processing file /home/airflow/.local/lib/python3.12/site-packages/airflow/example_dags/example_branch_python_dop_operator_3.py for tasks to queue
[2025-12-04T12:51:37.782+0000] {logging_mixin.py:190} INFO - [2025-12-04T12:51:37.781+0000] {dagbag.py:588} INFO - Filling up the DagBag from /home/airflow/.local/lib/python3.12/site-packages/airflow/example_dags/example_branch_python_dop_operator_3.py
[2025-12-04T12:51:37.796+0000] {processor.py:925} INFO - DAG(s) 'example_branch_dop_operator_v3' retrieved from /home/airflow/.local/lib/python3.12/site-packages/airflow/example_dags/example_branch_python_dop_operator_3.py
[2025-12-04T12:51:37.824+0000] {logging_mixin.py:190} INFO - [2025-12-04T12:51:37.824+0000] {dag.py:3239} INFO - Sync 1 DAGs
[2025-12-04T12:51:37.864+0000] {logging_mixin.py:190} INFO - [2025-12-04T12:51:37.864+0000] {dag.py:4180} INFO - Setting next_dagrun for example_branch_dop_operator_v3 to 2025-12-04 12:50:00+00:00, run_after=2025-12-04 12:51:00+00:00
[2025-12-04T12:51:37.892+0000] {processor.py:208} INFO - Processing /home/airflow/.local/lib/python3.12/site-packages/airflow/example_dags/example_branch_python_dop_operator_3.py took 0.122 seconds
[2025-12-04T12:52:07.981+0000] {processor.py:186} INFO - Started process (PID=399) to work on /home/airflow/.local/lib/python3.12/site-packages/airflow/example_dags/example_branch_python_dop_operator_3.py
[2025-12-04T12:52:07.981+0000] {processor.py:914} INFO - Processing file /home/airflow/.local/lib/python3.12/site-packages/airflow/example_dags/example_branch_python_dop_operator_3.py for tasks to queue
[2025-12-04T12:52:07.983+0000] {logging_mixin.py:190} INFO - [2025-12-04T12:52:07.983+0000] {dagbag.py:588} INFO - Filling up the DagBag from /home/airflow/.local/lib/python3.12/site-packages/airflow/example_dags/example_branch_python_dop_operator_3.py
[2025-12-04T12:52:07.992+0000] {processor.py:925} INFO - DAG(s) 'example_branch_dop_operator_v3' retrieved from /home/airflow/.local/lib/python3.12/site-packages/airflow/example_dags/example_branch_python_dop_operator_3.py
[2025-12-04T12:52:08.008+0000] {logging_mixin.py:190} INFO - [2025-12-04T12:52:08.008+0000] {dag.py:3239} INFO - Sync 1 DAGs
[2025-12-04T12:52:08.031+0000] {logging_mixin.py:190} INFO - [2025-12-04T12:52:08.031+0000] {dag.py:4180} INFO - Setting next_dagrun for example_branch_dop_operator_v3 to 2025-12-04 12:51:00+00:00, run_after=2025-12-04 12:52:00+00:00
[2025-12-04T12:52:08.048+0000] {processor.py:208} INFO - Processing /home/airflow/.local/lib/python3.12/site-packages/airflow/example_dags/example_branch_python_dop_operator_3.py took 0.072 seconds
[2025-12-04T12:52:38.930+0000] {processor.py:186} INFO - Started process (PID=465) to work on /home/airflow/.local/lib/python3.12/site-packages/airflow/example_dags/example_branch_python_dop_operator_3.py
[2025-12-04T12:52:38.931+0000] {processor.py:914} INFO - Processing file /home/airflow/.local/lib/python3.12/site-packages/airflow/example_dags/example_branch_python_dop_operator_3.py for tasks to queue
[2025-12-04T12:52:38.933+0000] {logging_mixin.py:190} INFO - [2025-12-04T12:52:38.932+0000] {dagbag.py:588} INFO - Filling up the DagBag from /home/airflow/.local/lib/python3.12/site-packages/airflow/example_dags/example_branch_python_dop_operator_3.py
[2025-12-04T12:52:38.945+0000] {processor.py:925} INFO - DAG(s) 'example_branch_dop_operator_v3' retrieved from /home/airflow/.local/lib/python3.12/site-packages/airflow/example_dags/example_branch_python_dop_operator_3.py
[2025-12-04T12:52:38.970+0000] {logging_mixin.py:190} INFO - [2025-12-04T12:52:38.970+0000] {dag.py:3239} INFO - Sync 1 DAGs
[2025-12-04T12:52:39.002+0000] {logging_mixin.py:190} INFO - [2025-12-04T12:52:39.002+0000] {dag.py:4180} INFO - Setting next_dagrun for example_branch_dop_operator_v3 to 2025-12-04 12:51:00+00:00, run_after=2025-12-04 12:52:00+00:00
[2025-12-04T12:52:39.027+0000] {processor.py:208} INFO - Processing /home/airflow/.local/lib/python3.12/site-packages/airflow/example_dags/example_branch_python_dop_operator_3.py took 0.103 seconds
[2025-12-04T12:53:09.211+0000] {processor.py:186} INFO - Started process (PID=531) to work on /home/airflow/.local/lib/python3.12/site-packages/airflow/example_dags/example_branch_python_dop_operator_3.py
[2025-12-04T12:53:09.212+0000] {processor.py:914} INFO - Processing file /home/airflow/.local/lib/python3.12/site-packages/airflow/example_dags/example_branch_python_dop_operator_3.py for tasks to queue
[2025-12-04T12:53:09.214+0000] {logging_mixin.py:190} INFO - [2025-12-04T12:53:09.214+0000] {dagbag.py:588} INFO - Filling up the DagBag from /home/airflow/.local/lib/python3.12/site-packages/airflow/example_dags/example_branch_python_dop_operator_3.py
[2025-12-04T12:53:09.227+0000] {processor.py:925} INFO - DAG(s) 'example_branch_dop_operator_v3' retrieved from /home/airflow/.local/lib/python3.12/site-packages/airflow/example_dags/example_branch_python_dop_operator_3.py
[2025-12-04T12:53:09.249+0000] {logging_mixin.py:190} INFO - [2025-12-04T12:53:09.248+0000] {dag.py:3239} INFO - Sync 1 DAGs
[2025-12-04T12:53:09.288+0000] {logging_mixin.py:190} INFO - [2025-12-04T12:53:09.287+0000] {dag.py:4180} INFO - Setting next_dagrun for example_branch_dop_operator_v3 to 2025-12-04 12:52:00+00:00, run_after=2025-12-04 12:53:00+00:00
[2025-12-04T12:53:09.312+0000] {processor.py:208} INFO - Processing /home/airflow/.local/lib/python3.12/site-packages/airflow/example_dags/example_branch_python_dop_operator_3.py took 0.107 seconds
[2025-12-04T12:53:39.647+0000] {processor.py:186} INFO - Started process (PID=597) to work on /home/airflow/.local/lib/python3.12/site-packages/airflow/example_dags/example_branch_python_dop_operator_3.py
[2025-12-04T12:53:39.648+0000] {processor.py:914} INFO - Processing file /home/airflow/.local/lib/python3.12/site-packages/airflow/example_dags/example_branch_python_dop_operator_3.py for tasks to queue
[2025-12-04T12:53:39.650+0000] {logging_mixin.py:190} INFO - [2025-12-04T12:53:39.650+0000] {dagbag.py:588} INFO - Filling up the DagBag from /home/airflow/.local/lib/python3.12/site-packages/airflow/example_dags/example_branch_python_dop_operator_3.py
[2025-12-04T12:53:39.661+0000] {processor.py:925} INFO - DAG(s) 'example_branch_dop_operator_v3' retrieved from /home/airflow/.local/lib/python3.12/site-packages/airflow/example_dags/example_branch_python_dop_operator_3.py
[2025-12-04T12:53:39.681+0000] {logging_mixin.py:190} INFO - [2025-12-04T12:53:39.681+0000] {dag.py:3239} INFO - Sync 1 DAGs
[2025-12-04T12:53:39.713+0000] {logging_mixin.py:190} INFO - [2025-12-04T12:53:39.713+0000] {dag.py:4180} INFO - Setting next_dagrun for example_branch_dop_operator_v3 to 2025-12-04 12:52:00+00:00, run_after=2025-12-04 12:53:00+00:00
[2025-12-04T12:53:39.735+0000] {processor.py:208} INFO - Processing /home/airflow/.local/lib/python3.12/site-packages/airflow/example_dags/example_branch_python_dop_operator_3.py took 0.094 seconds
[2025-12-04T12:54:10.013+0000] {processor.py:186} INFO - Started process (PID=663) to work on /home/airflow/.local/lib/python3.12/site-packages/airflow/example_dags/example_branch_python_dop_operator_3.py
[2025-12-04T12:54:10.014+0000] {processor.py:914} INFO - Processing file /home/airflow/.local/lib/python3.12/site-packages/airflow/example_dags/example_branch_python_dop_operator_3.py for tasks to queue
[2025-12-04T12:54:10.017+0000] {logging_mixin.py:190} INFO - [2025-12-04T12:54:10.016+0000] {dagbag.py:588} INFO - Filling up the DagBag from /home/airflow/.local/lib/python3.12/site-packages/airflow/example_dags/example_branch_python_dop_operator_3.py
[2025-12-04T12:54:10.030+0000] {processor.py:925} INFO - DAG(s) 'example_branch_dop_operator_v3' retrieved from /home/airflow/.local/lib/python3.12/site-packages/airflow/example_dags/example_branch_python_dop_operator_3.py
[2025-12-04T12:54:10.058+0000] {logging_mixin.py:190} INFO - [2025-12-04T12:54:10.058+0000] {dag.py:3239} INFO - Sync 1 DAGs
[2025-12-04T12:54:10.098+0000] {logging_mixin.py:190} INFO - [2025-12-04T12:54:10.098+0000] {dag.py:4180} INFO - Setting next_dagrun for example_branch_dop_operator_v3 to 2025-12-04 12:53:00+00:00, run_after=2025-12-04 12:54:00+00:00
[2025-12-04T12:54:10.124+0000] {processor.py:208} INFO - Processing /home/airflow/.local/lib/python3.12/site-packages/airflow/example_dags/example_branch_python_dop_operator_3.py took 0.119 seconds
[2025-12-04T12:54:40.570+0000] {processor.py:186} INFO - Started process (PID=729) to work on /home/airflow/.local/lib/python3.12/site-packages/airflow/example_dags/example_branch_python_dop_operator_3.py
[2025-12-04T12:54:40.571+0000] {processor.py:914} INFO - Processing file /home/airflow/.local/lib/python3.12/site-packages/airflow/example_dags/example_branch_python_dop_operator_3.py for tasks to queue
[2025-12-04T12:54:40.575+0000] {logging_mixin.py:190} INFO - [2025-12-04T12:54:40.574+0000] {dagbag.py:588} INFO - Filling up the DagBag from /home/airflow/.local/lib/python3.12/site-packages/airflow/example_dags/example_branch_python_dop_operator_3.py
[2025-12-04T12:54:40.595+0000] {processor.py:925} INFO - DAG(s) 'example_branch_dop_operator_v3' retrieved from /home/airflow/.local/lib/python3.12/site-packages/airflow/example_dags/example_branch_python_dop_operator_3.py
[2025-12-04T12:54:40.625+0000] {logging_mixin.py:190} INFO - [2025-12-04T12:54:40.624+0000] {dag.py:3239} INFO - Sync 1 DAGs
[2025-12-04T12:54:40.665+0000] {logging_mixin.py:190} INFO - [2025-12-04T12:54:40.665+0000] {dag.py:4180} INFO - Setting next_dagrun for example_branch_dop_operator_v3 to 2025-12-04 12:53:00+00:00, run_after=2025-12-04 12:54:00+00:00
[2025-12-04T12:54:40.693+0000] {processor.py:208} INFO - Processing /home/airflow/.local/lib/python3.12/site-packages/airflow/example_dags/example_branch_python_dop_operator_3.py took 0.134 seconds
