[2025-12-04T12:26:27.303+0000] {processor.py:186} INFO - Started process (PID=71) to work on /home/airflow/.local/lib/python3.12/site-packages/airflow/example_dags/example_python_decorator.py
[2025-12-04T12:26:27.304+0000] {processor.py:914} INFO - Processing file /home/airflow/.local/lib/python3.12/site-packages/airflow/example_dags/example_python_decorator.py for tasks to queue
[2025-12-04T12:26:27.306+0000] {logging_mixin.py:190} INFO - [2025-12-04T12:26:27.305+0000] {dagbag.py:588} INFO - Filling up the DagBag from /home/airflow/.local/lib/python3.12/site-packages/airflow/example_dags/example_python_decorator.py
[2025-12-04T12:26:27.318+0000] {processor.py:925} INFO - DAG(s) 'example_python_decorator' retrieved from /home/airflow/.local/lib/python3.12/site-packages/airflow/example_dags/example_python_decorator.py
[2025-12-04T12:26:27.415+0000] {logging_mixin.py:190} INFO - [2025-12-04T12:26:27.415+0000] {override.py:1912} INFO - Created Permission View: can delete on DAG:example_python_decorator
[2025-12-04T12:26:27.428+0000] {logging_mixin.py:190} INFO - [2025-12-04T12:26:27.428+0000] {override.py:1912} INFO - Created Permission View: can edit on DAG:example_python_decorator
[2025-12-04T12:26:27.436+0000] {logging_mixin.py:190} INFO - [2025-12-04T12:26:27.435+0000] {override.py:1912} INFO - Created Permission View: can read on DAG:example_python_decorator
[2025-12-04T12:26:27.444+0000] {logging_mixin.py:190} INFO - [2025-12-04T12:26:27.444+0000] {override.py:1912} INFO - Created Permission View: can delete on DAG Run:example_python_decorator
[2025-12-04T12:26:27.451+0000] {logging_mixin.py:190} INFO - [2025-12-04T12:26:27.451+0000] {override.py:1912} INFO - Created Permission View: can read on DAG Run:example_python_decorator
[2025-12-04T12:26:27.457+0000] {logging_mixin.py:190} INFO - [2025-12-04T12:26:27.457+0000] {override.py:1912} INFO - Created Permission View: can create on DAG Run:example_python_decorator
[2025-12-04T12:26:27.464+0000] {logging_mixin.py:190} INFO - [2025-12-04T12:26:27.464+0000] {override.py:1912} INFO - Created Permission View: menu access on DAG Run:example_python_decorator
[2025-12-04T12:26:27.464+0000] {logging_mixin.py:190} INFO - [2025-12-04T12:26:27.464+0000] {dag.py:3239} INFO - Sync 1 DAGs
[2025-12-04T12:26:27.475+0000] {logging_mixin.py:190} INFO - [2025-12-04T12:26:27.475+0000] {dag.py:3262} INFO - Creating ORM DAG for example_python_decorator
[2025-12-04T12:26:27.476+0000] {logging_mixin.py:190} INFO - [2025-12-04T12:26:27.476+0000] {dag.py:4180} INFO - Setting next_dagrun for example_python_decorator to None, run_after=None
[2025-12-04T12:26:27.492+0000] {processor.py:208} INFO - Processing /home/airflow/.local/lib/python3.12/site-packages/airflow/example_dags/example_python_decorator.py took 0.193 seconds
[2025-12-04T12:26:57.897+0000] {processor.py:186} INFO - Started process (PID=136) to work on /home/airflow/.local/lib/python3.12/site-packages/airflow/example_dags/example_python_decorator.py
[2025-12-04T12:26:57.898+0000] {processor.py:914} INFO - Processing file /home/airflow/.local/lib/python3.12/site-packages/airflow/example_dags/example_python_decorator.py for tasks to queue
[2025-12-04T12:26:57.900+0000] {logging_mixin.py:190} INFO - [2025-12-04T12:26:57.900+0000] {dagbag.py:588} INFO - Filling up the DagBag from /home/airflow/.local/lib/python3.12/site-packages/airflow/example_dags/example_python_decorator.py
[2025-12-04T12:26:57.918+0000] {processor.py:925} INFO - DAG(s) 'example_python_decorator' retrieved from /home/airflow/.local/lib/python3.12/site-packages/airflow/example_dags/example_python_decorator.py
[2025-12-04T12:26:57.949+0000] {logging_mixin.py:190} INFO - [2025-12-04T12:26:57.948+0000] {dag.py:3239} INFO - Sync 1 DAGs
[2025-12-04T12:26:57.973+0000] {logging_mixin.py:190} INFO - [2025-12-04T12:26:57.972+0000] {dag.py:4180} INFO - Setting next_dagrun for example_python_decorator to None, run_after=None
[2025-12-04T12:26:58.000+0000] {processor.py:208} INFO - Processing /home/airflow/.local/lib/python3.12/site-packages/airflow/example_dags/example_python_decorator.py took 0.109 seconds
[2025-12-04T12:27:28.520+0000] {processor.py:186} INFO - Started process (PID=202) to work on /home/airflow/.local/lib/python3.12/site-packages/airflow/example_dags/example_python_decorator.py
[2025-12-04T12:27:28.521+0000] {processor.py:914} INFO - Processing file /home/airflow/.local/lib/python3.12/site-packages/airflow/example_dags/example_python_decorator.py for tasks to queue
[2025-12-04T12:27:28.523+0000] {logging_mixin.py:190} INFO - [2025-12-04T12:27:28.523+0000] {dagbag.py:588} INFO - Filling up the DagBag from /home/airflow/.local/lib/python3.12/site-packages/airflow/example_dags/example_python_decorator.py
[2025-12-04T12:27:28.539+0000] {processor.py:925} INFO - DAG(s) 'example_python_decorator' retrieved from /home/airflow/.local/lib/python3.12/site-packages/airflow/example_dags/example_python_decorator.py
[2025-12-04T12:27:28.564+0000] {logging_mixin.py:190} INFO - [2025-12-04T12:27:28.564+0000] {dag.py:3239} INFO - Sync 1 DAGs
[2025-12-04T12:27:28.583+0000] {logging_mixin.py:190} INFO - [2025-12-04T12:27:28.582+0000] {dag.py:4180} INFO - Setting next_dagrun for example_python_decorator to None, run_after=None
[2025-12-04T12:27:28.606+0000] {processor.py:208} INFO - Processing /home/airflow/.local/lib/python3.12/site-packages/airflow/example_dags/example_python_decorator.py took 0.091 seconds
[2025-12-04T12:27:58.893+0000] {processor.py:186} INFO - Started process (PID=267) to work on /home/airflow/.local/lib/python3.12/site-packages/airflow/example_dags/example_python_decorator.py
[2025-12-04T12:27:58.893+0000] {processor.py:914} INFO - Processing file /home/airflow/.local/lib/python3.12/site-packages/airflow/example_dags/example_python_decorator.py for tasks to queue
[2025-12-04T12:27:58.895+0000] {logging_mixin.py:190} INFO - [2025-12-04T12:27:58.895+0000] {dagbag.py:588} INFO - Filling up the DagBag from /home/airflow/.local/lib/python3.12/site-packages/airflow/example_dags/example_python_decorator.py
[2025-12-04T12:27:58.911+0000] {processor.py:925} INFO - DAG(s) 'example_python_decorator' retrieved from /home/airflow/.local/lib/python3.12/site-packages/airflow/example_dags/example_python_decorator.py
[2025-12-04T12:27:58.935+0000] {logging_mixin.py:190} INFO - [2025-12-04T12:27:58.934+0000] {dag.py:3239} INFO - Sync 1 DAGs
[2025-12-04T12:27:58.952+0000] {logging_mixin.py:190} INFO - [2025-12-04T12:27:58.952+0000] {dag.py:4180} INFO - Setting next_dagrun for example_python_decorator to None, run_after=None
[2025-12-04T12:27:58.973+0000] {processor.py:208} INFO - Processing /home/airflow/.local/lib/python3.12/site-packages/airflow/example_dags/example_python_decorator.py took 0.087 seconds
[2025-12-04T12:28:29.496+0000] {processor.py:186} INFO - Started process (PID=333) to work on /home/airflow/.local/lib/python3.12/site-packages/airflow/example_dags/example_python_decorator.py
[2025-12-04T12:28:29.497+0000] {processor.py:914} INFO - Processing file /home/airflow/.local/lib/python3.12/site-packages/airflow/example_dags/example_python_decorator.py for tasks to queue
[2025-12-04T12:28:29.500+0000] {logging_mixin.py:190} INFO - [2025-12-04T12:28:29.500+0000] {dagbag.py:588} INFO - Filling up the DagBag from /home/airflow/.local/lib/python3.12/site-packages/airflow/example_dags/example_python_decorator.py
[2025-12-04T12:28:29.524+0000] {processor.py:925} INFO - DAG(s) 'example_python_decorator' retrieved from /home/airflow/.local/lib/python3.12/site-packages/airflow/example_dags/example_python_decorator.py
[2025-12-04T12:28:29.550+0000] {logging_mixin.py:190} INFO - [2025-12-04T12:28:29.549+0000] {dag.py:3239} INFO - Sync 1 DAGs
[2025-12-04T12:28:29.568+0000] {logging_mixin.py:190} INFO - [2025-12-04T12:28:29.568+0000] {dag.py:4180} INFO - Setting next_dagrun for example_python_decorator to None, run_after=None
[2025-12-04T12:28:29.591+0000] {processor.py:208} INFO - Processing /home/airflow/.local/lib/python3.12/site-packages/airflow/example_dags/example_python_decorator.py took 0.104 seconds
[2025-12-04T12:29:00.296+0000] {processor.py:186} INFO - Started process (PID=399) to work on /home/airflow/.local/lib/python3.12/site-packages/airflow/example_dags/example_python_decorator.py
[2025-12-04T12:29:00.296+0000] {processor.py:914} INFO - Processing file /home/airflow/.local/lib/python3.12/site-packages/airflow/example_dags/example_python_decorator.py for tasks to queue
[2025-12-04T12:29:00.298+0000] {logging_mixin.py:190} INFO - [2025-12-04T12:29:00.298+0000] {dagbag.py:588} INFO - Filling up the DagBag from /home/airflow/.local/lib/python3.12/site-packages/airflow/example_dags/example_python_decorator.py
[2025-12-04T12:29:00.316+0000] {processor.py:925} INFO - DAG(s) 'example_python_decorator' retrieved from /home/airflow/.local/lib/python3.12/site-packages/airflow/example_dags/example_python_decorator.py
[2025-12-04T12:29:00.341+0000] {logging_mixin.py:190} INFO - [2025-12-04T12:29:00.341+0000] {dag.py:3239} INFO - Sync 1 DAGs
[2025-12-04T12:29:00.358+0000] {logging_mixin.py:190} INFO - [2025-12-04T12:29:00.358+0000] {dag.py:4180} INFO - Setting next_dagrun for example_python_decorator to None, run_after=None
[2025-12-04T12:29:00.381+0000] {processor.py:208} INFO - Processing /home/airflow/.local/lib/python3.12/site-packages/airflow/example_dags/example_python_decorator.py took 0.091 seconds
[2025-12-04T12:29:31.282+0000] {processor.py:186} INFO - Started process (PID=465) to work on /home/airflow/.local/lib/python3.12/site-packages/airflow/example_dags/example_python_decorator.py
[2025-12-04T12:29:31.284+0000] {processor.py:914} INFO - Processing file /home/airflow/.local/lib/python3.12/site-packages/airflow/example_dags/example_python_decorator.py for tasks to queue
[2025-12-04T12:29:31.287+0000] {logging_mixin.py:190} INFO - [2025-12-04T12:29:31.286+0000] {dagbag.py:588} INFO - Filling up the DagBag from /home/airflow/.local/lib/python3.12/site-packages/airflow/example_dags/example_python_decorator.py
[2025-12-04T12:29:31.315+0000] {processor.py:925} INFO - DAG(s) 'example_python_decorator' retrieved from /home/airflow/.local/lib/python3.12/site-packages/airflow/example_dags/example_python_decorator.py
[2025-12-04T12:29:31.340+0000] {logging_mixin.py:190} INFO - [2025-12-04T12:29:31.339+0000] {dag.py:3239} INFO - Sync 1 DAGs
[2025-12-04T12:29:31.358+0000] {logging_mixin.py:190} INFO - [2025-12-04T12:29:31.357+0000] {dag.py:4180} INFO - Setting next_dagrun for example_python_decorator to None, run_after=None
[2025-12-04T12:29:31.378+0000] {processor.py:208} INFO - Processing /home/airflow/.local/lib/python3.12/site-packages/airflow/example_dags/example_python_decorator.py took 0.105 seconds
[2025-12-04T12:30:02.037+0000] {processor.py:186} INFO - Started process (PID=531) to work on /home/airflow/.local/lib/python3.12/site-packages/airflow/example_dags/example_python_decorator.py
[2025-12-04T12:30:02.038+0000] {processor.py:914} INFO - Processing file /home/airflow/.local/lib/python3.12/site-packages/airflow/example_dags/example_python_decorator.py for tasks to queue
[2025-12-04T12:30:02.040+0000] {logging_mixin.py:190} INFO - [2025-12-04T12:30:02.040+0000] {dagbag.py:588} INFO - Filling up the DagBag from /home/airflow/.local/lib/python3.12/site-packages/airflow/example_dags/example_python_decorator.py
[2025-12-04T12:30:02.056+0000] {processor.py:925} INFO - DAG(s) 'example_python_decorator' retrieved from /home/airflow/.local/lib/python3.12/site-packages/airflow/example_dags/example_python_decorator.py
[2025-12-04T12:30:02.082+0000] {logging_mixin.py:190} INFO - [2025-12-04T12:30:02.082+0000] {dag.py:3239} INFO - Sync 1 DAGs
[2025-12-04T12:30:02.101+0000] {logging_mixin.py:190} INFO - [2025-12-04T12:30:02.101+0000] {dag.py:4180} INFO - Setting next_dagrun for example_python_decorator to None, run_after=None
[2025-12-04T12:30:02.124+0000] {processor.py:208} INFO - Processing /home/airflow/.local/lib/python3.12/site-packages/airflow/example_dags/example_python_decorator.py took 0.093 seconds
[2025-12-04T12:30:33.677+0000] {processor.py:186} INFO - Started process (PID=597) to work on /home/airflow/.local/lib/python3.12/site-packages/airflow/example_dags/example_python_decorator.py
[2025-12-04T12:30:33.677+0000] {processor.py:914} INFO - Processing file /home/airflow/.local/lib/python3.12/site-packages/airflow/example_dags/example_python_decorator.py for tasks to queue
[2025-12-04T12:30:33.680+0000] {logging_mixin.py:190} INFO - [2025-12-04T12:30:33.679+0000] {dagbag.py:588} INFO - Filling up the DagBag from /home/airflow/.local/lib/python3.12/site-packages/airflow/example_dags/example_python_decorator.py
[2025-12-04T12:30:33.697+0000] {processor.py:925} INFO - DAG(s) 'example_python_decorator' retrieved from /home/airflow/.local/lib/python3.12/site-packages/airflow/example_dags/example_python_decorator.py
[2025-12-04T12:30:33.724+0000] {logging_mixin.py:190} INFO - [2025-12-04T12:30:33.723+0000] {dag.py:3239} INFO - Sync 1 DAGs
[2025-12-04T12:30:33.744+0000] {logging_mixin.py:190} INFO - [2025-12-04T12:30:33.744+0000] {dag.py:4180} INFO - Setting next_dagrun for example_python_decorator to None, run_after=None
[2025-12-04T12:30:33.773+0000] {processor.py:208} INFO - Processing /home/airflow/.local/lib/python3.12/site-packages/airflow/example_dags/example_python_decorator.py took 0.103 seconds
[2025-12-04T12:31:05.189+0000] {processor.py:186} INFO - Started process (PID=669) to work on /home/airflow/.local/lib/python3.12/site-packages/airflow/example_dags/example_python_decorator.py
[2025-12-04T12:31:05.190+0000] {processor.py:914} INFO - Processing file /home/airflow/.local/lib/python3.12/site-packages/airflow/example_dags/example_python_decorator.py for tasks to queue
[2025-12-04T12:31:05.192+0000] {logging_mixin.py:190} INFO - [2025-12-04T12:31:05.191+0000] {dagbag.py:588} INFO - Filling up the DagBag from /home/airflow/.local/lib/python3.12/site-packages/airflow/example_dags/example_python_decorator.py
[2025-12-04T12:31:05.207+0000] {processor.py:925} INFO - DAG(s) 'example_python_decorator' retrieved from /home/airflow/.local/lib/python3.12/site-packages/airflow/example_dags/example_python_decorator.py
[2025-12-04T12:31:05.232+0000] {logging_mixin.py:190} INFO - [2025-12-04T12:31:05.232+0000] {dag.py:3239} INFO - Sync 1 DAGs
[2025-12-04T12:31:05.250+0000] {logging_mixin.py:190} INFO - [2025-12-04T12:31:05.250+0000] {dag.py:4180} INFO - Setting next_dagrun for example_python_decorator to None, run_after=None
[2025-12-04T12:31:05.271+0000] {processor.py:208} INFO - Processing /home/airflow/.local/lib/python3.12/site-packages/airflow/example_dags/example_python_decorator.py took 0.089 seconds
[2025-12-04T12:31:36.772+0000] {processor.py:186} INFO - Started process (PID=735) to work on /home/airflow/.local/lib/python3.12/site-packages/airflow/example_dags/example_python_decorator.py
[2025-12-04T12:31:36.773+0000] {processor.py:914} INFO - Processing file /home/airflow/.local/lib/python3.12/site-packages/airflow/example_dags/example_python_decorator.py for tasks to queue
[2025-12-04T12:31:36.775+0000] {logging_mixin.py:190} INFO - [2025-12-04T12:31:36.775+0000] {dagbag.py:588} INFO - Filling up the DagBag from /home/airflow/.local/lib/python3.12/site-packages/airflow/example_dags/example_python_decorator.py
[2025-12-04T12:31:36.790+0000] {processor.py:925} INFO - DAG(s) 'example_python_decorator' retrieved from /home/airflow/.local/lib/python3.12/site-packages/airflow/example_dags/example_python_decorator.py
[2025-12-04T12:31:36.813+0000] {logging_mixin.py:190} INFO - [2025-12-04T12:31:36.813+0000] {dag.py:3239} INFO - Sync 1 DAGs
[2025-12-04T12:31:36.833+0000] {logging_mixin.py:190} INFO - [2025-12-04T12:31:36.833+0000] {dag.py:4180} INFO - Setting next_dagrun for example_python_decorator to None, run_after=None
[2025-12-04T12:31:36.860+0000] {processor.py:208} INFO - Processing /home/airflow/.local/lib/python3.12/site-packages/airflow/example_dags/example_python_decorator.py took 0.093 seconds
[2025-12-04T12:32:08.530+0000] {processor.py:186} INFO - Started process (PID=801) to work on /home/airflow/.local/lib/python3.12/site-packages/airflow/example_dags/example_python_decorator.py
[2025-12-04T12:32:08.531+0000] {processor.py:914} INFO - Processing file /home/airflow/.local/lib/python3.12/site-packages/airflow/example_dags/example_python_decorator.py for tasks to queue
[2025-12-04T12:32:08.533+0000] {logging_mixin.py:190} INFO - [2025-12-04T12:32:08.532+0000] {dagbag.py:588} INFO - Filling up the DagBag from /home/airflow/.local/lib/python3.12/site-packages/airflow/example_dags/example_python_decorator.py
[2025-12-04T12:32:08.548+0000] {processor.py:925} INFO - DAG(s) 'example_python_decorator' retrieved from /home/airflow/.local/lib/python3.12/site-packages/airflow/example_dags/example_python_decorator.py
[2025-12-04T12:32:08.573+0000] {logging_mixin.py:190} INFO - [2025-12-04T12:32:08.572+0000] {dag.py:3239} INFO - Sync 1 DAGs
[2025-12-04T12:32:08.589+0000] {logging_mixin.py:190} INFO - [2025-12-04T12:32:08.589+0000] {dag.py:4180} INFO - Setting next_dagrun for example_python_decorator to None, run_after=None
[2025-12-04T12:32:08.614+0000] {processor.py:208} INFO - Processing /home/airflow/.local/lib/python3.12/site-packages/airflow/example_dags/example_python_decorator.py took 0.090 seconds
[2025-12-04T12:32:40.071+0000] {processor.py:186} INFO - Started process (PID=868) to work on /home/airflow/.local/lib/python3.12/site-packages/airflow/example_dags/example_python_decorator.py
[2025-12-04T12:32:40.072+0000] {processor.py:914} INFO - Processing file /home/airflow/.local/lib/python3.12/site-packages/airflow/example_dags/example_python_decorator.py for tasks to queue
[2025-12-04T12:32:40.074+0000] {logging_mixin.py:190} INFO - [2025-12-04T12:32:40.074+0000] {dagbag.py:588} INFO - Filling up the DagBag from /home/airflow/.local/lib/python3.12/site-packages/airflow/example_dags/example_python_decorator.py
[2025-12-04T12:32:40.090+0000] {processor.py:925} INFO - DAG(s) 'example_python_decorator' retrieved from /home/airflow/.local/lib/python3.12/site-packages/airflow/example_dags/example_python_decorator.py
[2025-12-04T12:32:40.117+0000] {logging_mixin.py:190} INFO - [2025-12-04T12:32:40.117+0000] {dag.py:3239} INFO - Sync 1 DAGs
[2025-12-04T12:32:40.135+0000] {logging_mixin.py:190} INFO - [2025-12-04T12:32:40.135+0000] {dag.py:4180} INFO - Setting next_dagrun for example_python_decorator to None, run_after=None
[2025-12-04T12:32:40.157+0000] {processor.py:208} INFO - Processing /home/airflow/.local/lib/python3.12/site-packages/airflow/example_dags/example_python_decorator.py took 0.092 seconds
[2025-12-04T12:33:11.543+0000] {processor.py:186} INFO - Started process (PID=934) to work on /home/airflow/.local/lib/python3.12/site-packages/airflow/example_dags/example_python_decorator.py
[2025-12-04T12:33:11.544+0000] {processor.py:914} INFO - Processing file /home/airflow/.local/lib/python3.12/site-packages/airflow/example_dags/example_python_decorator.py for tasks to queue
[2025-12-04T12:33:11.546+0000] {logging_mixin.py:190} INFO - [2025-12-04T12:33:11.546+0000] {dagbag.py:588} INFO - Filling up the DagBag from /home/airflow/.local/lib/python3.12/site-packages/airflow/example_dags/example_python_decorator.py
[2025-12-04T12:33:11.562+0000] {processor.py:925} INFO - DAG(s) 'example_python_decorator' retrieved from /home/airflow/.local/lib/python3.12/site-packages/airflow/example_dags/example_python_decorator.py
[2025-12-04T12:33:11.585+0000] {logging_mixin.py:190} INFO - [2025-12-04T12:33:11.585+0000] {dag.py:3239} INFO - Sync 1 DAGs
[2025-12-04T12:33:11.603+0000] {logging_mixin.py:190} INFO - [2025-12-04T12:33:11.603+0000] {dag.py:4180} INFO - Setting next_dagrun for example_python_decorator to None, run_after=None
[2025-12-04T12:33:11.625+0000] {processor.py:208} INFO - Processing /home/airflow/.local/lib/python3.12/site-packages/airflow/example_dags/example_python_decorator.py took 0.087 seconds
[2025-12-04T12:33:43.353+0000] {processor.py:186} INFO - Started process (PID=1000) to work on /home/airflow/.local/lib/python3.12/site-packages/airflow/example_dags/example_python_decorator.py
[2025-12-04T12:33:43.354+0000] {processor.py:914} INFO - Processing file /home/airflow/.local/lib/python3.12/site-packages/airflow/example_dags/example_python_decorator.py for tasks to queue
[2025-12-04T12:33:43.356+0000] {logging_mixin.py:190} INFO - [2025-12-04T12:33:43.356+0000] {dagbag.py:588} INFO - Filling up the DagBag from /home/airflow/.local/lib/python3.12/site-packages/airflow/example_dags/example_python_decorator.py
[2025-12-04T12:33:43.372+0000] {processor.py:925} INFO - DAG(s) 'example_python_decorator' retrieved from /home/airflow/.local/lib/python3.12/site-packages/airflow/example_dags/example_python_decorator.py
[2025-12-04T12:33:43.396+0000] {logging_mixin.py:190} INFO - [2025-12-04T12:33:43.395+0000] {dag.py:3239} INFO - Sync 1 DAGs
[2025-12-04T12:33:43.413+0000] {logging_mixin.py:190} INFO - [2025-12-04T12:33:43.412+0000] {dag.py:4180} INFO - Setting next_dagrun for example_python_decorator to None, run_after=None
[2025-12-04T12:33:43.434+0000] {processor.py:208} INFO - Processing /home/airflow/.local/lib/python3.12/site-packages/airflow/example_dags/example_python_decorator.py took 0.088 seconds
[2025-12-04T12:34:14.843+0000] {processor.py:186} INFO - Started process (PID=1066) to work on /home/airflow/.local/lib/python3.12/site-packages/airflow/example_dags/example_python_decorator.py
[2025-12-04T12:34:14.843+0000] {processor.py:914} INFO - Processing file /home/airflow/.local/lib/python3.12/site-packages/airflow/example_dags/example_python_decorator.py for tasks to queue
[2025-12-04T12:34:14.845+0000] {logging_mixin.py:190} INFO - [2025-12-04T12:34:14.845+0000] {dagbag.py:588} INFO - Filling up the DagBag from /home/airflow/.local/lib/python3.12/site-packages/airflow/example_dags/example_python_decorator.py
[2025-12-04T12:34:14.861+0000] {processor.py:925} INFO - DAG(s) 'example_python_decorator' retrieved from /home/airflow/.local/lib/python3.12/site-packages/airflow/example_dags/example_python_decorator.py
[2025-12-04T12:34:14.887+0000] {logging_mixin.py:190} INFO - [2025-12-04T12:34:14.886+0000] {dag.py:3239} INFO - Sync 1 DAGs
[2025-12-04T12:34:14.905+0000] {logging_mixin.py:190} INFO - [2025-12-04T12:34:14.904+0000] {dag.py:4180} INFO - Setting next_dagrun for example_python_decorator to None, run_after=None
[2025-12-04T12:34:14.925+0000] {processor.py:208} INFO - Processing /home/airflow/.local/lib/python3.12/site-packages/airflow/example_dags/example_python_decorator.py took 0.089 seconds
[2025-12-04T12:34:46.166+0000] {processor.py:186} INFO - Started process (PID=1133) to work on /home/airflow/.local/lib/python3.12/site-packages/airflow/example_dags/example_python_decorator.py
[2025-12-04T12:34:46.167+0000] {processor.py:914} INFO - Processing file /home/airflow/.local/lib/python3.12/site-packages/airflow/example_dags/example_python_decorator.py for tasks to queue
[2025-12-04T12:34:46.169+0000] {logging_mixin.py:190} INFO - [2025-12-04T12:34:46.169+0000] {dagbag.py:588} INFO - Filling up the DagBag from /home/airflow/.local/lib/python3.12/site-packages/airflow/example_dags/example_python_decorator.py
[2025-12-04T12:34:46.186+0000] {processor.py:925} INFO - DAG(s) 'example_python_decorator' retrieved from /home/airflow/.local/lib/python3.12/site-packages/airflow/example_dags/example_python_decorator.py
[2025-12-04T12:34:46.216+0000] {logging_mixin.py:190} INFO - [2025-12-04T12:34:46.216+0000] {dag.py:3239} INFO - Sync 1 DAGs
[2025-12-04T12:34:46.233+0000] {logging_mixin.py:190} INFO - [2025-12-04T12:34:46.233+0000] {dag.py:4180} INFO - Setting next_dagrun for example_python_decorator to None, run_after=None
[2025-12-04T12:34:46.254+0000] {processor.py:208} INFO - Processing /home/airflow/.local/lib/python3.12/site-packages/airflow/example_dags/example_python_decorator.py took 0.095 seconds
[2025-12-04T12:35:17.575+0000] {processor.py:186} INFO - Started process (PID=1198) to work on /home/airflow/.local/lib/python3.12/site-packages/airflow/example_dags/example_python_decorator.py
[2025-12-04T12:35:17.576+0000] {processor.py:914} INFO - Processing file /home/airflow/.local/lib/python3.12/site-packages/airflow/example_dags/example_python_decorator.py for tasks to queue
[2025-12-04T12:35:17.578+0000] {logging_mixin.py:190} INFO - [2025-12-04T12:35:17.578+0000] {dagbag.py:588} INFO - Filling up the DagBag from /home/airflow/.local/lib/python3.12/site-packages/airflow/example_dags/example_python_decorator.py
[2025-12-04T12:35:17.593+0000] {processor.py:925} INFO - DAG(s) 'example_python_decorator' retrieved from /home/airflow/.local/lib/python3.12/site-packages/airflow/example_dags/example_python_decorator.py
[2025-12-04T12:35:17.617+0000] {logging_mixin.py:190} INFO - [2025-12-04T12:35:17.617+0000] {dag.py:3239} INFO - Sync 1 DAGs
[2025-12-04T12:35:17.634+0000] {logging_mixin.py:190} INFO - [2025-12-04T12:35:17.634+0000] {dag.py:4180} INFO - Setting next_dagrun for example_python_decorator to None, run_after=None
[2025-12-04T12:35:17.654+0000] {processor.py:208} INFO - Processing /home/airflow/.local/lib/python3.12/site-packages/airflow/example_dags/example_python_decorator.py took 0.084 seconds
[2025-12-04T12:35:49.200+0000] {processor.py:186} INFO - Started process (PID=1264) to work on /home/airflow/.local/lib/python3.12/site-packages/airflow/example_dags/example_python_decorator.py
[2025-12-04T12:35:49.201+0000] {processor.py:914} INFO - Processing file /home/airflow/.local/lib/python3.12/site-packages/airflow/example_dags/example_python_decorator.py for tasks to queue
[2025-12-04T12:35:49.203+0000] {logging_mixin.py:190} INFO - [2025-12-04T12:35:49.202+0000] {dagbag.py:588} INFO - Filling up the DagBag from /home/airflow/.local/lib/python3.12/site-packages/airflow/example_dags/example_python_decorator.py
[2025-12-04T12:35:49.221+0000] {processor.py:925} INFO - DAG(s) 'example_python_decorator' retrieved from /home/airflow/.local/lib/python3.12/site-packages/airflow/example_dags/example_python_decorator.py
[2025-12-04T12:35:49.246+0000] {logging_mixin.py:190} INFO - [2025-12-04T12:35:49.246+0000] {dag.py:3239} INFO - Sync 1 DAGs
[2025-12-04T12:35:49.263+0000] {logging_mixin.py:190} INFO - [2025-12-04T12:35:49.263+0000] {dag.py:4180} INFO - Setting next_dagrun for example_python_decorator to None, run_after=None
[2025-12-04T12:35:49.285+0000] {processor.py:208} INFO - Processing /home/airflow/.local/lib/python3.12/site-packages/airflow/example_dags/example_python_decorator.py took 0.092 seconds
[2025-12-04T12:36:20.606+0000] {processor.py:186} INFO - Started process (PID=1330) to work on /home/airflow/.local/lib/python3.12/site-packages/airflow/example_dags/example_python_decorator.py
[2025-12-04T12:36:20.607+0000] {processor.py:914} INFO - Processing file /home/airflow/.local/lib/python3.12/site-packages/airflow/example_dags/example_python_decorator.py for tasks to queue
[2025-12-04T12:36:20.609+0000] {logging_mixin.py:190} INFO - [2025-12-04T12:36:20.609+0000] {dagbag.py:588} INFO - Filling up the DagBag from /home/airflow/.local/lib/python3.12/site-packages/airflow/example_dags/example_python_decorator.py
[2025-12-04T12:36:20.625+0000] {processor.py:925} INFO - DAG(s) 'example_python_decorator' retrieved from /home/airflow/.local/lib/python3.12/site-packages/airflow/example_dags/example_python_decorator.py
[2025-12-04T12:36:20.652+0000] {logging_mixin.py:190} INFO - [2025-12-04T12:36:20.651+0000] {dag.py:3239} INFO - Sync 1 DAGs
[2025-12-04T12:36:20.670+0000] {logging_mixin.py:190} INFO - [2025-12-04T12:36:20.670+0000] {dag.py:4180} INFO - Setting next_dagrun for example_python_decorator to None, run_after=None
[2025-12-04T12:36:20.692+0000] {processor.py:208} INFO - Processing /home/airflow/.local/lib/python3.12/site-packages/airflow/example_dags/example_python_decorator.py took 0.092 seconds
[2025-12-04T12:36:52.045+0000] {processor.py:186} INFO - Started process (PID=1397) to work on /home/airflow/.local/lib/python3.12/site-packages/airflow/example_dags/example_python_decorator.py
[2025-12-04T12:36:52.046+0000] {processor.py:914} INFO - Processing file /home/airflow/.local/lib/python3.12/site-packages/airflow/example_dags/example_python_decorator.py for tasks to queue
[2025-12-04T12:36:52.048+0000] {logging_mixin.py:190} INFO - [2025-12-04T12:36:52.048+0000] {dagbag.py:588} INFO - Filling up the DagBag from /home/airflow/.local/lib/python3.12/site-packages/airflow/example_dags/example_python_decorator.py
[2025-12-04T12:36:52.064+0000] {processor.py:925} INFO - DAG(s) 'example_python_decorator' retrieved from /home/airflow/.local/lib/python3.12/site-packages/airflow/example_dags/example_python_decorator.py
[2025-12-04T12:36:52.088+0000] {logging_mixin.py:190} INFO - [2025-12-04T12:36:52.088+0000] {dag.py:3239} INFO - Sync 1 DAGs
[2025-12-04T12:36:52.108+0000] {logging_mixin.py:190} INFO - [2025-12-04T12:36:52.107+0000] {dag.py:4180} INFO - Setting next_dagrun for example_python_decorator to None, run_after=None
[2025-12-04T12:36:52.128+0000] {processor.py:208} INFO - Processing /home/airflow/.local/lib/python3.12/site-packages/airflow/example_dags/example_python_decorator.py took 0.089 seconds
[2025-12-04T12:37:23.368+0000] {processor.py:186} INFO - Started process (PID=1463) to work on /home/airflow/.local/lib/python3.12/site-packages/airflow/example_dags/example_python_decorator.py
[2025-12-04T12:37:23.369+0000] {processor.py:914} INFO - Processing file /home/airflow/.local/lib/python3.12/site-packages/airflow/example_dags/example_python_decorator.py for tasks to queue
[2025-12-04T12:37:23.372+0000] {logging_mixin.py:190} INFO - [2025-12-04T12:37:23.371+0000] {dagbag.py:588} INFO - Filling up the DagBag from /home/airflow/.local/lib/python3.12/site-packages/airflow/example_dags/example_python_decorator.py
[2025-12-04T12:37:23.397+0000] {processor.py:925} INFO - DAG(s) 'example_python_decorator' retrieved from /home/airflow/.local/lib/python3.12/site-packages/airflow/example_dags/example_python_decorator.py
[2025-12-04T12:37:23.423+0000] {logging_mixin.py:190} INFO - [2025-12-04T12:37:23.422+0000] {dag.py:3239} INFO - Sync 1 DAGs
[2025-12-04T12:37:23.441+0000] {logging_mixin.py:190} INFO - [2025-12-04T12:37:23.441+0000] {dag.py:4180} INFO - Setting next_dagrun for example_python_decorator to None, run_after=None
[2025-12-04T12:37:23.462+0000] {processor.py:208} INFO - Processing /home/airflow/.local/lib/python3.12/site-packages/airflow/example_dags/example_python_decorator.py took 0.100 seconds
[2025-12-04T12:37:55.001+0000] {processor.py:186} INFO - Started process (PID=1529) to work on /home/airflow/.local/lib/python3.12/site-packages/airflow/example_dags/example_python_decorator.py
[2025-12-04T12:37:55.002+0000] {processor.py:914} INFO - Processing file /home/airflow/.local/lib/python3.12/site-packages/airflow/example_dags/example_python_decorator.py for tasks to queue
[2025-12-04T12:37:55.005+0000] {logging_mixin.py:190} INFO - [2025-12-04T12:37:55.004+0000] {dagbag.py:588} INFO - Filling up the DagBag from /home/airflow/.local/lib/python3.12/site-packages/airflow/example_dags/example_python_decorator.py
[2025-12-04T12:37:55.024+0000] {processor.py:925} INFO - DAG(s) 'example_python_decorator' retrieved from /home/airflow/.local/lib/python3.12/site-packages/airflow/example_dags/example_python_decorator.py
[2025-12-04T12:37:55.051+0000] {logging_mixin.py:190} INFO - [2025-12-04T12:37:55.050+0000] {dag.py:3239} INFO - Sync 1 DAGs
[2025-12-04T12:37:55.074+0000] {logging_mixin.py:190} INFO - [2025-12-04T12:37:55.073+0000] {dag.py:4180} INFO - Setting next_dagrun for example_python_decorator to None, run_after=None
[2025-12-04T12:37:55.099+0000] {processor.py:208} INFO - Processing /home/airflow/.local/lib/python3.12/site-packages/airflow/example_dags/example_python_decorator.py took 0.106 seconds
[2025-12-04T12:38:26.799+0000] {processor.py:186} INFO - Started process (PID=1595) to work on /home/airflow/.local/lib/python3.12/site-packages/airflow/example_dags/example_python_decorator.py
[2025-12-04T12:38:26.800+0000] {processor.py:914} INFO - Processing file /home/airflow/.local/lib/python3.12/site-packages/airflow/example_dags/example_python_decorator.py for tasks to queue
[2025-12-04T12:38:26.803+0000] {logging_mixin.py:190} INFO - [2025-12-04T12:38:26.803+0000] {dagbag.py:588} INFO - Filling up the DagBag from /home/airflow/.local/lib/python3.12/site-packages/airflow/example_dags/example_python_decorator.py
[2025-12-04T12:38:26.827+0000] {processor.py:925} INFO - DAG(s) 'example_python_decorator' retrieved from /home/airflow/.local/lib/python3.12/site-packages/airflow/example_dags/example_python_decorator.py
[2025-12-04T12:38:26.853+0000] {logging_mixin.py:190} INFO - [2025-12-04T12:38:26.853+0000] {dag.py:3239} INFO - Sync 1 DAGs
[2025-12-04T12:38:26.870+0000] {logging_mixin.py:190} INFO - [2025-12-04T12:38:26.870+0000] {dag.py:4180} INFO - Setting next_dagrun for example_python_decorator to None, run_after=None
[2025-12-04T12:38:26.891+0000] {processor.py:208} INFO - Processing /home/airflow/.local/lib/python3.12/site-packages/airflow/example_dags/example_python_decorator.py took 0.101 seconds
[2025-12-04T12:38:58.385+0000] {processor.py:186} INFO - Started process (PID=1661) to work on /home/airflow/.local/lib/python3.12/site-packages/airflow/example_dags/example_python_decorator.py
[2025-12-04T12:38:58.386+0000] {processor.py:914} INFO - Processing file /home/airflow/.local/lib/python3.12/site-packages/airflow/example_dags/example_python_decorator.py for tasks to queue
[2025-12-04T12:38:58.388+0000] {logging_mixin.py:190} INFO - [2025-12-04T12:38:58.387+0000] {dagbag.py:588} INFO - Filling up the DagBag from /home/airflow/.local/lib/python3.12/site-packages/airflow/example_dags/example_python_decorator.py
[2025-12-04T12:38:58.403+0000] {processor.py:925} INFO - DAG(s) 'example_python_decorator' retrieved from /home/airflow/.local/lib/python3.12/site-packages/airflow/example_dags/example_python_decorator.py
[2025-12-04T12:38:58.426+0000] {logging_mixin.py:190} INFO - [2025-12-04T12:38:58.426+0000] {dag.py:3239} INFO - Sync 1 DAGs
[2025-12-04T12:38:58.443+0000] {logging_mixin.py:190} INFO - [2025-12-04T12:38:58.443+0000] {dag.py:4180} INFO - Setting next_dagrun for example_python_decorator to None, run_after=None
[2025-12-04T12:38:58.466+0000] {processor.py:208} INFO - Processing /home/airflow/.local/lib/python3.12/site-packages/airflow/example_dags/example_python_decorator.py took 0.087 seconds
[2025-12-04T12:39:30.484+0000] {processor.py:186} INFO - Started process (PID=1728) to work on /home/airflow/.local/lib/python3.12/site-packages/airflow/example_dags/example_python_decorator.py
[2025-12-04T12:39:30.485+0000] {processor.py:914} INFO - Processing file /home/airflow/.local/lib/python3.12/site-packages/airflow/example_dags/example_python_decorator.py for tasks to queue
[2025-12-04T12:39:30.487+0000] {logging_mixin.py:190} INFO - [2025-12-04T12:39:30.486+0000] {dagbag.py:588} INFO - Filling up the DagBag from /home/airflow/.local/lib/python3.12/site-packages/airflow/example_dags/example_python_decorator.py
[2025-12-04T12:39:30.503+0000] {processor.py:925} INFO - DAG(s) 'example_python_decorator' retrieved from /home/airflow/.local/lib/python3.12/site-packages/airflow/example_dags/example_python_decorator.py
[2025-12-04T12:39:30.528+0000] {logging_mixin.py:190} INFO - [2025-12-04T12:39:30.527+0000] {dag.py:3239} INFO - Sync 1 DAGs
[2025-12-04T12:39:30.546+0000] {logging_mixin.py:190} INFO - [2025-12-04T12:39:30.546+0000] {dag.py:4180} INFO - Setting next_dagrun for example_python_decorator to None, run_after=None
[2025-12-04T12:39:30.569+0000] {processor.py:208} INFO - Processing /home/airflow/.local/lib/python3.12/site-packages/airflow/example_dags/example_python_decorator.py took 0.092 seconds
[2025-12-04T12:40:02.115+0000] {processor.py:186} INFO - Started process (PID=1794) to work on /home/airflow/.local/lib/python3.12/site-packages/airflow/example_dags/example_python_decorator.py
[2025-12-04T12:40:02.116+0000] {processor.py:914} INFO - Processing file /home/airflow/.local/lib/python3.12/site-packages/airflow/example_dags/example_python_decorator.py for tasks to queue
[2025-12-04T12:40:02.119+0000] {logging_mixin.py:190} INFO - [2025-12-04T12:40:02.118+0000] {dagbag.py:588} INFO - Filling up the DagBag from /home/airflow/.local/lib/python3.12/site-packages/airflow/example_dags/example_python_decorator.py
[2025-12-04T12:40:02.136+0000] {processor.py:925} INFO - DAG(s) 'example_python_decorator' retrieved from /home/airflow/.local/lib/python3.12/site-packages/airflow/example_dags/example_python_decorator.py
[2025-12-04T12:40:02.161+0000] {logging_mixin.py:190} INFO - [2025-12-04T12:40:02.160+0000] {dag.py:3239} INFO - Sync 1 DAGs
[2025-12-04T12:40:02.178+0000] {logging_mixin.py:190} INFO - [2025-12-04T12:40:02.178+0000] {dag.py:4180} INFO - Setting next_dagrun for example_python_decorator to None, run_after=None
[2025-12-04T12:40:02.199+0000] {processor.py:208} INFO - Processing /home/airflow/.local/lib/python3.12/site-packages/airflow/example_dags/example_python_decorator.py took 0.093 seconds
[2025-12-04T12:40:33.039+0000] {processor.py:186} INFO - Started process (PID=1860) to work on /home/airflow/.local/lib/python3.12/site-packages/airflow/example_dags/example_python_decorator.py
[2025-12-04T12:40:33.040+0000] {processor.py:914} INFO - Processing file /home/airflow/.local/lib/python3.12/site-packages/airflow/example_dags/example_python_decorator.py for tasks to queue
[2025-12-04T12:40:33.042+0000] {logging_mixin.py:190} INFO - [2025-12-04T12:40:33.042+0000] {dagbag.py:588} INFO - Filling up the DagBag from /home/airflow/.local/lib/python3.12/site-packages/airflow/example_dags/example_python_decorator.py
[2025-12-04T12:40:33.059+0000] {processor.py:925} INFO - DAG(s) 'example_python_decorator' retrieved from /home/airflow/.local/lib/python3.12/site-packages/airflow/example_dags/example_python_decorator.py
[2025-12-04T12:40:33.084+0000] {logging_mixin.py:190} INFO - [2025-12-04T12:40:33.084+0000] {dag.py:3239} INFO - Sync 1 DAGs
[2025-12-04T12:40:33.101+0000] {logging_mixin.py:190} INFO - [2025-12-04T12:40:33.101+0000] {dag.py:4180} INFO - Setting next_dagrun for example_python_decorator to None, run_after=None
[2025-12-04T12:40:33.122+0000] {processor.py:208} INFO - Processing /home/airflow/.local/lib/python3.12/site-packages/airflow/example_dags/example_python_decorator.py took 0.089 seconds
[2025-12-04T12:41:04.522+0000] {processor.py:186} INFO - Started process (PID=1925) to work on /home/airflow/.local/lib/python3.12/site-packages/airflow/example_dags/example_python_decorator.py
[2025-12-04T12:41:04.523+0000] {processor.py:914} INFO - Processing file /home/airflow/.local/lib/python3.12/site-packages/airflow/example_dags/example_python_decorator.py for tasks to queue
[2025-12-04T12:41:04.525+0000] {logging_mixin.py:190} INFO - [2025-12-04T12:41:04.525+0000] {dagbag.py:588} INFO - Filling up the DagBag from /home/airflow/.local/lib/python3.12/site-packages/airflow/example_dags/example_python_decorator.py
[2025-12-04T12:41:04.541+0000] {processor.py:925} INFO - DAG(s) 'example_python_decorator' retrieved from /home/airflow/.local/lib/python3.12/site-packages/airflow/example_dags/example_python_decorator.py
[2025-12-04T12:41:04.570+0000] {logging_mixin.py:190} INFO - [2025-12-04T12:41:04.570+0000] {dag.py:3239} INFO - Sync 1 DAGs
[2025-12-04T12:41:04.594+0000] {logging_mixin.py:190} INFO - [2025-12-04T12:41:04.594+0000] {dag.py:4180} INFO - Setting next_dagrun for example_python_decorator to None, run_after=None
[2025-12-04T12:41:04.620+0000] {processor.py:208} INFO - Processing /home/airflow/.local/lib/python3.12/site-packages/airflow/example_dags/example_python_decorator.py took 0.104 seconds
[2025-12-04T12:41:35.934+0000] {processor.py:186} INFO - Started process (PID=1991) to work on /home/airflow/.local/lib/python3.12/site-packages/airflow/example_dags/example_python_decorator.py
[2025-12-04T12:41:35.935+0000] {processor.py:914} INFO - Processing file /home/airflow/.local/lib/python3.12/site-packages/airflow/example_dags/example_python_decorator.py for tasks to queue
[2025-12-04T12:41:35.938+0000] {logging_mixin.py:190} INFO - [2025-12-04T12:41:35.937+0000] {dagbag.py:588} INFO - Filling up the DagBag from /home/airflow/.local/lib/python3.12/site-packages/airflow/example_dags/example_python_decorator.py
[2025-12-04T12:41:35.957+0000] {processor.py:925} INFO - DAG(s) 'example_python_decorator' retrieved from /home/airflow/.local/lib/python3.12/site-packages/airflow/example_dags/example_python_decorator.py
[2025-12-04T12:41:35.981+0000] {logging_mixin.py:190} INFO - [2025-12-04T12:41:35.981+0000] {dag.py:3239} INFO - Sync 1 DAGs
[2025-12-04T12:41:35.999+0000] {logging_mixin.py:190} INFO - [2025-12-04T12:41:35.998+0000] {dag.py:4180} INFO - Setting next_dagrun for example_python_decorator to None, run_after=None
[2025-12-04T12:41:36.020+0000] {processor.py:208} INFO - Processing /home/airflow/.local/lib/python3.12/site-packages/airflow/example_dags/example_python_decorator.py took 0.092 seconds
[2025-12-04T12:42:07.300+0000] {processor.py:186} INFO - Started process (PID=2064) to work on /home/airflow/.local/lib/python3.12/site-packages/airflow/example_dags/example_python_decorator.py
[2025-12-04T12:42:07.300+0000] {processor.py:914} INFO - Processing file /home/airflow/.local/lib/python3.12/site-packages/airflow/example_dags/example_python_decorator.py for tasks to queue
[2025-12-04T12:42:07.302+0000] {logging_mixin.py:190} INFO - [2025-12-04T12:42:07.302+0000] {dagbag.py:588} INFO - Filling up the DagBag from /home/airflow/.local/lib/python3.12/site-packages/airflow/example_dags/example_python_decorator.py
[2025-12-04T12:42:07.317+0000] {processor.py:925} INFO - DAG(s) 'example_python_decorator' retrieved from /home/airflow/.local/lib/python3.12/site-packages/airflow/example_dags/example_python_decorator.py
[2025-12-04T12:42:07.346+0000] {logging_mixin.py:190} INFO - [2025-12-04T12:42:07.346+0000] {dag.py:3239} INFO - Sync 1 DAGs
[2025-12-04T12:42:07.365+0000] {logging_mixin.py:190} INFO - [2025-12-04T12:42:07.365+0000] {dag.py:4180} INFO - Setting next_dagrun for example_python_decorator to None, run_after=None
[2025-12-04T12:42:07.390+0000] {processor.py:208} INFO - Processing /home/airflow/.local/lib/python3.12/site-packages/airflow/example_dags/example_python_decorator.py took 0.096 seconds
[2025-12-04T12:42:38.775+0000] {processor.py:186} INFO - Started process (PID=2129) to work on /home/airflow/.local/lib/python3.12/site-packages/airflow/example_dags/example_python_decorator.py
[2025-12-04T12:42:38.776+0000] {processor.py:914} INFO - Processing file /home/airflow/.local/lib/python3.12/site-packages/airflow/example_dags/example_python_decorator.py for tasks to queue
[2025-12-04T12:42:38.779+0000] {logging_mixin.py:190} INFO - [2025-12-04T12:42:38.779+0000] {dagbag.py:588} INFO - Filling up the DagBag from /home/airflow/.local/lib/python3.12/site-packages/airflow/example_dags/example_python_decorator.py
[2025-12-04T12:42:38.804+0000] {processor.py:925} INFO - DAG(s) 'example_python_decorator' retrieved from /home/airflow/.local/lib/python3.12/site-packages/airflow/example_dags/example_python_decorator.py
[2025-12-04T12:42:38.830+0000] {logging_mixin.py:190} INFO - [2025-12-04T12:42:38.830+0000] {dag.py:3239} INFO - Sync 1 DAGs
[2025-12-04T12:42:38.848+0000] {logging_mixin.py:190} INFO - [2025-12-04T12:42:38.847+0000] {dag.py:4180} INFO - Setting next_dagrun for example_python_decorator to None, run_after=None
[2025-12-04T12:42:38.870+0000] {processor.py:208} INFO - Processing /home/airflow/.local/lib/python3.12/site-packages/airflow/example_dags/example_python_decorator.py took 0.105 seconds
[2025-12-04T12:43:10.147+0000] {processor.py:186} INFO - Started process (PID=2195) to work on /home/airflow/.local/lib/python3.12/site-packages/airflow/example_dags/example_python_decorator.py
[2025-12-04T12:43:10.148+0000] {processor.py:914} INFO - Processing file /home/airflow/.local/lib/python3.12/site-packages/airflow/example_dags/example_python_decorator.py for tasks to queue
[2025-12-04T12:43:10.150+0000] {logging_mixin.py:190} INFO - [2025-12-04T12:43:10.150+0000] {dagbag.py:588} INFO - Filling up the DagBag from /home/airflow/.local/lib/python3.12/site-packages/airflow/example_dags/example_python_decorator.py
[2025-12-04T12:43:10.169+0000] {processor.py:925} INFO - DAG(s) 'example_python_decorator' retrieved from /home/airflow/.local/lib/python3.12/site-packages/airflow/example_dags/example_python_decorator.py
[2025-12-04T12:43:10.200+0000] {logging_mixin.py:190} INFO - [2025-12-04T12:43:10.200+0000] {dag.py:3239} INFO - Sync 1 DAGs
[2025-12-04T12:43:10.221+0000] {logging_mixin.py:190} INFO - [2025-12-04T12:43:10.220+0000] {dag.py:4180} INFO - Setting next_dagrun for example_python_decorator to None, run_after=None
[2025-12-04T12:43:10.246+0000] {processor.py:208} INFO - Processing /home/airflow/.local/lib/python3.12/site-packages/airflow/example_dags/example_python_decorator.py took 0.105 seconds
[2025-12-04T12:43:41.536+0000] {processor.py:186} INFO - Started process (PID=2262) to work on /home/airflow/.local/lib/python3.12/site-packages/airflow/example_dags/example_python_decorator.py
[2025-12-04T12:43:41.536+0000] {processor.py:914} INFO - Processing file /home/airflow/.local/lib/python3.12/site-packages/airflow/example_dags/example_python_decorator.py for tasks to queue
[2025-12-04T12:43:41.538+0000] {logging_mixin.py:190} INFO - [2025-12-04T12:43:41.538+0000] {dagbag.py:588} INFO - Filling up the DagBag from /home/airflow/.local/lib/python3.12/site-packages/airflow/example_dags/example_python_decorator.py
[2025-12-04T12:43:41.555+0000] {processor.py:925} INFO - DAG(s) 'example_python_decorator' retrieved from /home/airflow/.local/lib/python3.12/site-packages/airflow/example_dags/example_python_decorator.py
[2025-12-04T12:43:41.580+0000] {logging_mixin.py:190} INFO - [2025-12-04T12:43:41.580+0000] {dag.py:3239} INFO - Sync 1 DAGs
[2025-12-04T12:43:41.597+0000] {logging_mixin.py:190} INFO - [2025-12-04T12:43:41.597+0000] {dag.py:4180} INFO - Setting next_dagrun for example_python_decorator to None, run_after=None
[2025-12-04T12:43:41.621+0000] {processor.py:208} INFO - Processing /home/airflow/.local/lib/python3.12/site-packages/airflow/example_dags/example_python_decorator.py took 0.092 seconds
[2025-12-04T12:44:14.103+0000] {processor.py:186} INFO - Started process (PID=2334) to work on /home/airflow/.local/lib/python3.12/site-packages/airflow/example_dags/example_python_decorator.py
[2025-12-04T12:44:14.104+0000] {processor.py:914} INFO - Processing file /home/airflow/.local/lib/python3.12/site-packages/airflow/example_dags/example_python_decorator.py for tasks to queue
[2025-12-04T12:44:14.106+0000] {logging_mixin.py:190} INFO - [2025-12-04T12:44:14.105+0000] {dagbag.py:588} INFO - Filling up the DagBag from /home/airflow/.local/lib/python3.12/site-packages/airflow/example_dags/example_python_decorator.py
[2025-12-04T12:44:14.124+0000] {processor.py:925} INFO - DAG(s) 'example_python_decorator' retrieved from /home/airflow/.local/lib/python3.12/site-packages/airflow/example_dags/example_python_decorator.py
[2025-12-04T12:44:14.151+0000] {logging_mixin.py:190} INFO - [2025-12-04T12:44:14.151+0000] {dag.py:3239} INFO - Sync 1 DAGs
[2025-12-04T12:44:14.169+0000] {logging_mixin.py:190} INFO - [2025-12-04T12:44:14.169+0000] {dag.py:4180} INFO - Setting next_dagrun for example_python_decorator to None, run_after=None
[2025-12-04T12:44:14.192+0000] {processor.py:208} INFO - Processing /home/airflow/.local/lib/python3.12/site-packages/airflow/example_dags/example_python_decorator.py took 0.095 seconds
[2025-12-04T12:44:44.974+0000] {processor.py:186} INFO - Started process (PID=2401) to work on /home/airflow/.local/lib/python3.12/site-packages/airflow/example_dags/example_python_decorator.py
[2025-12-04T12:44:44.975+0000] {processor.py:914} INFO - Processing file /home/airflow/.local/lib/python3.12/site-packages/airflow/example_dags/example_python_decorator.py for tasks to queue
[2025-12-04T12:44:44.977+0000] {logging_mixin.py:190} INFO - [2025-12-04T12:44:44.977+0000] {dagbag.py:588} INFO - Filling up the DagBag from /home/airflow/.local/lib/python3.12/site-packages/airflow/example_dags/example_python_decorator.py
[2025-12-04T12:44:44.993+0000] {processor.py:925} INFO - DAG(s) 'example_python_decorator' retrieved from /home/airflow/.local/lib/python3.12/site-packages/airflow/example_dags/example_python_decorator.py
[2025-12-04T12:44:45.016+0000] {logging_mixin.py:190} INFO - [2025-12-04T12:44:45.016+0000] {dag.py:3239} INFO - Sync 1 DAGs
[2025-12-04T12:44:45.033+0000] {logging_mixin.py:190} INFO - [2025-12-04T12:44:45.033+0000] {dag.py:4180} INFO - Setting next_dagrun for example_python_decorator to None, run_after=None
[2025-12-04T12:44:45.055+0000] {processor.py:208} INFO - Processing /home/airflow/.local/lib/python3.12/site-packages/airflow/example_dags/example_python_decorator.py took 0.087 seconds
[2025-12-04T12:45:15.749+0000] {processor.py:186} INFO - Started process (PID=2467) to work on /home/airflow/.local/lib/python3.12/site-packages/airflow/example_dags/example_python_decorator.py
[2025-12-04T12:45:15.750+0000] {processor.py:914} INFO - Processing file /home/airflow/.local/lib/python3.12/site-packages/airflow/example_dags/example_python_decorator.py for tasks to queue
[2025-12-04T12:45:15.753+0000] {logging_mixin.py:190} INFO - [2025-12-04T12:45:15.752+0000] {dagbag.py:588} INFO - Filling up the DagBag from /home/airflow/.local/lib/python3.12/site-packages/airflow/example_dags/example_python_decorator.py
[2025-12-04T12:45:15.770+0000] {processor.py:925} INFO - DAG(s) 'example_python_decorator' retrieved from /home/airflow/.local/lib/python3.12/site-packages/airflow/example_dags/example_python_decorator.py
[2025-12-04T12:45:15.798+0000] {logging_mixin.py:190} INFO - [2025-12-04T12:45:15.798+0000] {dag.py:3239} INFO - Sync 1 DAGs
[2025-12-04T12:45:15.815+0000] {logging_mixin.py:190} INFO - [2025-12-04T12:45:15.815+0000] {dag.py:4180} INFO - Setting next_dagrun for example_python_decorator to None, run_after=None
[2025-12-04T12:45:15.837+0000] {processor.py:208} INFO - Processing /home/airflow/.local/lib/python3.12/site-packages/airflow/example_dags/example_python_decorator.py took 0.095 seconds
[2025-12-04T12:45:47.092+0000] {processor.py:186} INFO - Started process (PID=2537) to work on /home/airflow/.local/lib/python3.12/site-packages/airflow/example_dags/example_python_decorator.py
[2025-12-04T12:45:47.092+0000] {processor.py:914} INFO - Processing file /home/airflow/.local/lib/python3.12/site-packages/airflow/example_dags/example_python_decorator.py for tasks to queue
[2025-12-04T12:45:47.095+0000] {logging_mixin.py:190} INFO - [2025-12-04T12:45:47.094+0000] {dagbag.py:588} INFO - Filling up the DagBag from /home/airflow/.local/lib/python3.12/site-packages/airflow/example_dags/example_python_decorator.py
[2025-12-04T12:45:47.112+0000] {processor.py:925} INFO - DAG(s) 'example_python_decorator' retrieved from /home/airflow/.local/lib/python3.12/site-packages/airflow/example_dags/example_python_decorator.py
[2025-12-04T12:45:47.137+0000] {logging_mixin.py:190} INFO - [2025-12-04T12:45:47.137+0000] {dag.py:3239} INFO - Sync 1 DAGs
[2025-12-04T12:45:47.155+0000] {logging_mixin.py:190} INFO - [2025-12-04T12:45:47.155+0000] {dag.py:4180} INFO - Setting next_dagrun for example_python_decorator to None, run_after=None
[2025-12-04T12:45:47.178+0000] {processor.py:208} INFO - Processing /home/airflow/.local/lib/python3.12/site-packages/airflow/example_dags/example_python_decorator.py took 0.092 seconds
[2025-12-04T12:46:18.039+0000] {processor.py:186} INFO - Started process (PID=2602) to work on /home/airflow/.local/lib/python3.12/site-packages/airflow/example_dags/example_python_decorator.py
[2025-12-04T12:46:18.040+0000] {processor.py:914} INFO - Processing file /home/airflow/.local/lib/python3.12/site-packages/airflow/example_dags/example_python_decorator.py for tasks to queue
[2025-12-04T12:46:18.043+0000] {logging_mixin.py:190} INFO - [2025-12-04T12:46:18.043+0000] {dagbag.py:588} INFO - Filling up the DagBag from /home/airflow/.local/lib/python3.12/site-packages/airflow/example_dags/example_python_decorator.py
[2025-12-04T12:46:18.067+0000] {processor.py:925} INFO - DAG(s) 'example_python_decorator' retrieved from /home/airflow/.local/lib/python3.12/site-packages/airflow/example_dags/example_python_decorator.py
[2025-12-04T12:46:18.103+0000] {logging_mixin.py:190} INFO - [2025-12-04T12:46:18.103+0000] {dag.py:3239} INFO - Sync 1 DAGs
[2025-12-04T12:46:18.127+0000] {logging_mixin.py:190} INFO - [2025-12-04T12:46:18.126+0000] {dag.py:4180} INFO - Setting next_dagrun for example_python_decorator to None, run_after=None
[2025-12-04T12:46:18.153+0000] {processor.py:208} INFO - Processing /home/airflow/.local/lib/python3.12/site-packages/airflow/example_dags/example_python_decorator.py took 0.125 seconds
[2025-12-04T12:49:39.693+0000] {processor.py:186} INFO - Started process (PID=71) to work on /home/airflow/.local/lib/python3.12/site-packages/airflow/example_dags/example_python_decorator.py
[2025-12-04T12:49:39.694+0000] {processor.py:914} INFO - Processing file /home/airflow/.local/lib/python3.12/site-packages/airflow/example_dags/example_python_decorator.py for tasks to queue
[2025-12-04T12:49:39.696+0000] {logging_mixin.py:190} INFO - [2025-12-04T12:49:39.696+0000] {dagbag.py:588} INFO - Filling up the DagBag from /home/airflow/.local/lib/python3.12/site-packages/airflow/example_dags/example_python_decorator.py
[2025-12-04T12:49:39.713+0000] {processor.py:925} INFO - DAG(s) 'example_python_decorator' retrieved from /home/airflow/.local/lib/python3.12/site-packages/airflow/example_dags/example_python_decorator.py
[2025-12-04T12:49:39.834+0000] {logging_mixin.py:190} INFO - [2025-12-04T12:49:39.833+0000] {override.py:1912} INFO - Created Permission View: can edit on DAG:example_python_decorator
[2025-12-04T12:49:39.844+0000] {logging_mixin.py:190} INFO - [2025-12-04T12:49:39.844+0000] {override.py:1912} INFO - Created Permission View: can delete on DAG:example_python_decorator
[2025-12-04T12:49:39.851+0000] {logging_mixin.py:190} INFO - [2025-12-04T12:49:39.851+0000] {override.py:1912} INFO - Created Permission View: can read on DAG:example_python_decorator
[2025-12-04T12:49:39.859+0000] {logging_mixin.py:190} INFO - [2025-12-04T12:49:39.858+0000] {override.py:1912} INFO - Created Permission View: can delete on DAG Run:example_python_decorator
[2025-12-04T12:49:39.866+0000] {logging_mixin.py:190} INFO - [2025-12-04T12:49:39.865+0000] {override.py:1912} INFO - Created Permission View: can create on DAG Run:example_python_decorator
[2025-12-04T12:49:39.874+0000] {logging_mixin.py:190} INFO - [2025-12-04T12:49:39.873+0000] {override.py:1912} INFO - Created Permission View: can read on DAG Run:example_python_decorator
[2025-12-04T12:49:39.882+0000] {logging_mixin.py:190} INFO - [2025-12-04T12:49:39.881+0000] {override.py:1912} INFO - Created Permission View: menu access on DAG Run:example_python_decorator
[2025-12-04T12:49:39.882+0000] {logging_mixin.py:190} INFO - [2025-12-04T12:49:39.882+0000] {dag.py:3239} INFO - Sync 1 DAGs
[2025-12-04T12:49:39.898+0000] {logging_mixin.py:190} INFO - [2025-12-04T12:49:39.898+0000] {dag.py:3262} INFO - Creating ORM DAG for example_python_decorator
[2025-12-04T12:49:39.899+0000] {logging_mixin.py:190} INFO - [2025-12-04T12:49:39.899+0000] {dag.py:4180} INFO - Setting next_dagrun for example_python_decorator to None, run_after=None
[2025-12-04T12:49:39.917+0000] {processor.py:208} INFO - Processing /home/airflow/.local/lib/python3.12/site-packages/airflow/example_dags/example_python_decorator.py took 0.230 seconds
[2025-12-04T12:50:10.724+0000] {processor.py:186} INFO - Started process (PID=137) to work on /home/airflow/.local/lib/python3.12/site-packages/airflow/example_dags/example_python_decorator.py
[2025-12-04T12:50:10.725+0000] {processor.py:914} INFO - Processing file /home/airflow/.local/lib/python3.12/site-packages/airflow/example_dags/example_python_decorator.py for tasks to queue
[2025-12-04T12:50:10.727+0000] {logging_mixin.py:190} INFO - [2025-12-04T12:50:10.727+0000] {dagbag.py:588} INFO - Filling up the DagBag from /home/airflow/.local/lib/python3.12/site-packages/airflow/example_dags/example_python_decorator.py
[2025-12-04T12:50:10.742+0000] {processor.py:925} INFO - DAG(s) 'example_python_decorator' retrieved from /home/airflow/.local/lib/python3.12/site-packages/airflow/example_dags/example_python_decorator.py
[2025-12-04T12:50:10.775+0000] {logging_mixin.py:190} INFO - [2025-12-04T12:50:10.775+0000] {dag.py:3239} INFO - Sync 1 DAGs
[2025-12-04T12:50:10.799+0000] {logging_mixin.py:190} INFO - [2025-12-04T12:50:10.798+0000] {dag.py:4180} INFO - Setting next_dagrun for example_python_decorator to None, run_after=None
[2025-12-04T12:50:10.822+0000] {processor.py:208} INFO - Processing /home/airflow/.local/lib/python3.12/site-packages/airflow/example_dags/example_python_decorator.py took 0.103 seconds
[2025-12-04T12:50:41.030+0000] {processor.py:186} INFO - Started process (PID=202) to work on /home/airflow/.local/lib/python3.12/site-packages/airflow/example_dags/example_python_decorator.py
[2025-12-04T12:50:41.031+0000] {processor.py:914} INFO - Processing file /home/airflow/.local/lib/python3.12/site-packages/airflow/example_dags/example_python_decorator.py for tasks to queue
[2025-12-04T12:50:41.034+0000] {logging_mixin.py:190} INFO - [2025-12-04T12:50:41.033+0000] {dagbag.py:588} INFO - Filling up the DagBag from /home/airflow/.local/lib/python3.12/site-packages/airflow/example_dags/example_python_decorator.py
[2025-12-04T12:50:41.058+0000] {processor.py:925} INFO - DAG(s) 'example_python_decorator' retrieved from /home/airflow/.local/lib/python3.12/site-packages/airflow/example_dags/example_python_decorator.py
[2025-12-04T12:50:41.085+0000] {logging_mixin.py:190} INFO - [2025-12-04T12:50:41.085+0000] {dag.py:3239} INFO - Sync 1 DAGs
[2025-12-04T12:50:41.102+0000] {logging_mixin.py:190} INFO - [2025-12-04T12:50:41.102+0000] {dag.py:4180} INFO - Setting next_dagrun for example_python_decorator to None, run_after=None
[2025-12-04T12:50:41.124+0000] {processor.py:208} INFO - Processing /home/airflow/.local/lib/python3.12/site-packages/airflow/example_dags/example_python_decorator.py took 0.104 seconds
[2025-12-04T12:51:11.172+0000] {processor.py:186} INFO - Started process (PID=271) to work on /home/airflow/.local/lib/python3.12/site-packages/airflow/example_dags/example_python_decorator.py
[2025-12-04T12:51:11.173+0000] {processor.py:914} INFO - Processing file /home/airflow/.local/lib/python3.12/site-packages/airflow/example_dags/example_python_decorator.py for tasks to queue
[2025-12-04T12:51:11.175+0000] {logging_mixin.py:190} INFO - [2025-12-04T12:51:11.175+0000] {dagbag.py:588} INFO - Filling up the DagBag from /home/airflow/.local/lib/python3.12/site-packages/airflow/example_dags/example_python_decorator.py
[2025-12-04T12:51:11.192+0000] {processor.py:925} INFO - DAG(s) 'example_python_decorator' retrieved from /home/airflow/.local/lib/python3.12/site-packages/airflow/example_dags/example_python_decorator.py
[2025-12-04T12:51:11.220+0000] {logging_mixin.py:190} INFO - [2025-12-04T12:51:11.220+0000] {dag.py:3239} INFO - Sync 1 DAGs
[2025-12-04T12:51:11.241+0000] {logging_mixin.py:190} INFO - [2025-12-04T12:51:11.241+0000] {dag.py:4180} INFO - Setting next_dagrun for example_python_decorator to None, run_after=None
[2025-12-04T12:51:11.265+0000] {processor.py:208} INFO - Processing /home/airflow/.local/lib/python3.12/site-packages/airflow/example_dags/example_python_decorator.py took 0.100 seconds
[2025-12-04T12:51:41.803+0000] {processor.py:186} INFO - Started process (PID=345) to work on /home/airflow/.local/lib/python3.12/site-packages/airflow/example_dags/example_python_decorator.py
[2025-12-04T12:51:41.804+0000] {processor.py:914} INFO - Processing file /home/airflow/.local/lib/python3.12/site-packages/airflow/example_dags/example_python_decorator.py for tasks to queue
[2025-12-04T12:51:41.807+0000] {logging_mixin.py:190} INFO - [2025-12-04T12:51:41.806+0000] {dagbag.py:588} INFO - Filling up the DagBag from /home/airflow/.local/lib/python3.12/site-packages/airflow/example_dags/example_python_decorator.py
[2025-12-04T12:51:41.830+0000] {processor.py:925} INFO - DAG(s) 'example_python_decorator' retrieved from /home/airflow/.local/lib/python3.12/site-packages/airflow/example_dags/example_python_decorator.py
[2025-12-04T12:51:41.858+0000] {logging_mixin.py:190} INFO - [2025-12-04T12:51:41.858+0000] {dag.py:3239} INFO - Sync 1 DAGs
[2025-12-04T12:51:41.878+0000] {logging_mixin.py:190} INFO - [2025-12-04T12:51:41.878+0000] {dag.py:4180} INFO - Setting next_dagrun for example_python_decorator to None, run_after=None
[2025-12-04T12:51:41.901+0000] {processor.py:208} INFO - Processing /home/airflow/.local/lib/python3.12/site-packages/airflow/example_dags/example_python_decorator.py took 0.107 seconds
[2025-12-04T12:52:11.987+0000] {processor.py:186} INFO - Started process (PID=419) to work on /home/airflow/.local/lib/python3.12/site-packages/airflow/example_dags/example_python_decorator.py
[2025-12-04T12:52:11.988+0000] {processor.py:914} INFO - Processing file /home/airflow/.local/lib/python3.12/site-packages/airflow/example_dags/example_python_decorator.py for tasks to queue
[2025-12-04T12:52:11.991+0000] {logging_mixin.py:190} INFO - [2025-12-04T12:52:11.990+0000] {dagbag.py:588} INFO - Filling up the DagBag from /home/airflow/.local/lib/python3.12/site-packages/airflow/example_dags/example_python_decorator.py
[2025-12-04T12:52:12.016+0000] {processor.py:925} INFO - DAG(s) 'example_python_decorator' retrieved from /home/airflow/.local/lib/python3.12/site-packages/airflow/example_dags/example_python_decorator.py
[2025-12-04T12:52:12.044+0000] {logging_mixin.py:190} INFO - [2025-12-04T12:52:12.044+0000] {dag.py:3239} INFO - Sync 1 DAGs
[2025-12-04T12:52:12.062+0000] {logging_mixin.py:190} INFO - [2025-12-04T12:52:12.062+0000] {dag.py:4180} INFO - Setting next_dagrun for example_python_decorator to None, run_after=None
[2025-12-04T12:52:12.086+0000] {processor.py:208} INFO - Processing /home/airflow/.local/lib/python3.12/site-packages/airflow/example_dags/example_python_decorator.py took 0.109 seconds
[2025-12-04T12:52:42.723+0000] {processor.py:186} INFO - Started process (PID=485) to work on /home/airflow/.local/lib/python3.12/site-packages/airflow/example_dags/example_python_decorator.py
[2025-12-04T12:52:42.724+0000] {processor.py:914} INFO - Processing file /home/airflow/.local/lib/python3.12/site-packages/airflow/example_dags/example_python_decorator.py for tasks to queue
[2025-12-04T12:52:42.726+0000] {logging_mixin.py:190} INFO - [2025-12-04T12:52:42.726+0000] {dagbag.py:588} INFO - Filling up the DagBag from /home/airflow/.local/lib/python3.12/site-packages/airflow/example_dags/example_python_decorator.py
[2025-12-04T12:52:42.743+0000] {processor.py:925} INFO - DAG(s) 'example_python_decorator' retrieved from /home/airflow/.local/lib/python3.12/site-packages/airflow/example_dags/example_python_decorator.py
[2025-12-04T12:52:42.768+0000] {logging_mixin.py:190} INFO - [2025-12-04T12:52:42.768+0000] {dag.py:3239} INFO - Sync 1 DAGs
[2025-12-04T12:52:42.786+0000] {logging_mixin.py:190} INFO - [2025-12-04T12:52:42.785+0000] {dag.py:4180} INFO - Setting next_dagrun for example_python_decorator to None, run_after=None
[2025-12-04T12:52:42.809+0000] {processor.py:208} INFO - Processing /home/airflow/.local/lib/python3.12/site-packages/airflow/example_dags/example_python_decorator.py took 0.096 seconds
[2025-12-04T12:53:13.001+0000] {processor.py:186} INFO - Started process (PID=551) to work on /home/airflow/.local/lib/python3.12/site-packages/airflow/example_dags/example_python_decorator.py
[2025-12-04T12:53:13.002+0000] {processor.py:914} INFO - Processing file /home/airflow/.local/lib/python3.12/site-packages/airflow/example_dags/example_python_decorator.py for tasks to queue
[2025-12-04T12:53:13.005+0000] {logging_mixin.py:190} INFO - [2025-12-04T12:53:13.004+0000] {dagbag.py:588} INFO - Filling up the DagBag from /home/airflow/.local/lib/python3.12/site-packages/airflow/example_dags/example_python_decorator.py
[2025-12-04T12:53:13.022+0000] {processor.py:925} INFO - DAG(s) 'example_python_decorator' retrieved from /home/airflow/.local/lib/python3.12/site-packages/airflow/example_dags/example_python_decorator.py
[2025-12-04T12:53:13.054+0000] {logging_mixin.py:190} INFO - [2025-12-04T12:53:13.054+0000] {dag.py:3239} INFO - Sync 1 DAGs
[2025-12-04T12:53:13.079+0000] {logging_mixin.py:190} INFO - [2025-12-04T12:53:13.079+0000] {dag.py:4180} INFO - Setting next_dagrun for example_python_decorator to None, run_after=None
[2025-12-04T12:53:13.105+0000] {processor.py:208} INFO - Processing /home/airflow/.local/lib/python3.12/site-packages/airflow/example_dags/example_python_decorator.py took 0.111 seconds
[2025-12-04T12:53:44.138+0000] {processor.py:186} INFO - Started process (PID=617) to work on /home/airflow/.local/lib/python3.12/site-packages/airflow/example_dags/example_python_decorator.py
[2025-12-04T12:53:44.140+0000] {processor.py:914} INFO - Processing file /home/airflow/.local/lib/python3.12/site-packages/airflow/example_dags/example_python_decorator.py for tasks to queue
[2025-12-04T12:53:44.142+0000] {logging_mixin.py:190} INFO - [2025-12-04T12:53:44.141+0000] {dagbag.py:588} INFO - Filling up the DagBag from /home/airflow/.local/lib/python3.12/site-packages/airflow/example_dags/example_python_decorator.py
[2025-12-04T12:53:44.157+0000] {processor.py:925} INFO - DAG(s) 'example_python_decorator' retrieved from /home/airflow/.local/lib/python3.12/site-packages/airflow/example_dags/example_python_decorator.py
[2025-12-04T12:53:44.185+0000] {logging_mixin.py:190} INFO - [2025-12-04T12:53:44.185+0000] {dag.py:3239} INFO - Sync 1 DAGs
[2025-12-04T12:53:44.205+0000] {logging_mixin.py:190} INFO - [2025-12-04T12:53:44.205+0000] {dag.py:4180} INFO - Setting next_dagrun for example_python_decorator to None, run_after=None
[2025-12-04T12:53:44.227+0000] {processor.py:208} INFO - Processing /home/airflow/.local/lib/python3.12/site-packages/airflow/example_dags/example_python_decorator.py took 0.095 seconds
[2025-12-04T12:54:14.443+0000] {processor.py:186} INFO - Started process (PID=682) to work on /home/airflow/.local/lib/python3.12/site-packages/airflow/example_dags/example_python_decorator.py
[2025-12-04T12:54:14.453+0000] {processor.py:914} INFO - Processing file /home/airflow/.local/lib/python3.12/site-packages/airflow/example_dags/example_python_decorator.py for tasks to queue
[2025-12-04T12:54:14.456+0000] {logging_mixin.py:190} INFO - [2025-12-04T12:54:14.456+0000] {dagbag.py:588} INFO - Filling up the DagBag from /home/airflow/.local/lib/python3.12/site-packages/airflow/example_dags/example_python_decorator.py
[2025-12-04T12:54:14.475+0000] {processor.py:925} INFO - DAG(s) 'example_python_decorator' retrieved from /home/airflow/.local/lib/python3.12/site-packages/airflow/example_dags/example_python_decorator.py
[2025-12-04T12:54:14.513+0000] {logging_mixin.py:190} INFO - [2025-12-04T12:54:14.513+0000] {dag.py:3239} INFO - Sync 1 DAGs
[2025-12-04T12:54:14.538+0000] {logging_mixin.py:190} INFO - [2025-12-04T12:54:14.537+0000] {dag.py:4180} INFO - Setting next_dagrun for example_python_decorator to None, run_after=None
[2025-12-04T12:54:14.566+0000] {processor.py:208} INFO - Processing /home/airflow/.local/lib/python3.12/site-packages/airflow/example_dags/example_python_decorator.py took 0.131 seconds
[2025-12-04T12:54:45.169+0000] {processor.py:186} INFO - Started process (PID=748) to work on /home/airflow/.local/lib/python3.12/site-packages/airflow/example_dags/example_python_decorator.py
[2025-12-04T12:54:45.180+0000] {processor.py:914} INFO - Processing file /home/airflow/.local/lib/python3.12/site-packages/airflow/example_dags/example_python_decorator.py for tasks to queue
[2025-12-04T12:54:45.183+0000] {logging_mixin.py:190} INFO - [2025-12-04T12:54:45.183+0000] {dagbag.py:588} INFO - Filling up the DagBag from /home/airflow/.local/lib/python3.12/site-packages/airflow/example_dags/example_python_decorator.py
[2025-12-04T12:54:45.205+0000] {processor.py:925} INFO - DAG(s) 'example_python_decorator' retrieved from /home/airflow/.local/lib/python3.12/site-packages/airflow/example_dags/example_python_decorator.py
[2025-12-04T12:54:45.251+0000] {logging_mixin.py:190} INFO - [2025-12-04T12:54:45.251+0000] {dag.py:3239} INFO - Sync 1 DAGs
[2025-12-04T12:54:45.282+0000] {logging_mixin.py:190} INFO - [2025-12-04T12:54:45.281+0000] {dag.py:4180} INFO - Setting next_dagrun for example_python_decorator to None, run_after=None
[2025-12-04T12:54:45.339+0000] {processor.py:208} INFO - Processing /home/airflow/.local/lib/python3.12/site-packages/airflow/example_dags/example_python_decorator.py took 0.177 seconds
