[2025-12-04T12:26:29.806+0000] {processor.py:186} INFO - Started process (PID=87) to work on /home/airflow/.local/lib/python3.12/site-packages/airflow/example_dags/example_latest_only_with_trigger.py
[2025-12-04T12:26:29.806+0000] {processor.py:914} INFO - Processing file /home/airflow/.local/lib/python3.12/site-packages/airflow/example_dags/example_latest_only_with_trigger.py for tasks to queue
[2025-12-04T12:26:29.808+0000] {logging_mixin.py:190} INFO - [2025-12-04T12:26:29.808+0000] {dagbag.py:588} INFO - Filling up the DagBag from /home/airflow/.local/lib/python3.12/site-packages/airflow/example_dags/example_latest_only_with_trigger.py
[2025-12-04T12:26:29.814+0000] {processor.py:925} INFO - DAG(s) 'latest_only_with_trigger' retrieved from /home/airflow/.local/lib/python3.12/site-packages/airflow/example_dags/example_latest_only_with_trigger.py
[2025-12-04T12:26:29.905+0000] {logging_mixin.py:190} INFO - [2025-12-04T12:26:29.904+0000] {override.py:1912} INFO - Created Permission View: can delete on DAG:latest_only_with_trigger
[2025-12-04T12:26:29.916+0000] {logging_mixin.py:190} INFO - [2025-12-04T12:26:29.916+0000] {override.py:1912} INFO - Created Permission View: can edit on DAG:latest_only_with_trigger
[2025-12-04T12:26:29.924+0000] {logging_mixin.py:190} INFO - [2025-12-04T12:26:29.923+0000] {override.py:1912} INFO - Created Permission View: can read on DAG:latest_only_with_trigger
[2025-12-04T12:26:29.931+0000] {logging_mixin.py:190} INFO - [2025-12-04T12:26:29.931+0000] {override.py:1912} INFO - Created Permission View: can delete on DAG Run:latest_only_with_trigger
[2025-12-04T12:26:29.937+0000] {logging_mixin.py:190} INFO - [2025-12-04T12:26:29.937+0000] {override.py:1912} INFO - Created Permission View: can read on DAG Run:latest_only_with_trigger
[2025-12-04T12:26:29.943+0000] {logging_mixin.py:190} INFO - [2025-12-04T12:26:29.942+0000] {override.py:1912} INFO - Created Permission View: can create on DAG Run:latest_only_with_trigger
[2025-12-04T12:26:29.948+0000] {logging_mixin.py:190} INFO - [2025-12-04T12:26:29.948+0000] {override.py:1912} INFO - Created Permission View: menu access on DAG Run:latest_only_with_trigger
[2025-12-04T12:26:29.949+0000] {logging_mixin.py:190} INFO - [2025-12-04T12:26:29.949+0000] {dag.py:3239} INFO - Sync 1 DAGs
[2025-12-04T12:26:29.959+0000] {logging_mixin.py:190} INFO - [2025-12-04T12:26:29.958+0000] {dag.py:3262} INFO - Creating ORM DAG for latest_only_with_trigger
[2025-12-04T12:26:29.967+0000] {logging_mixin.py:190} INFO - [2025-12-04T12:26:29.967+0000] {dag.py:4180} INFO - Setting next_dagrun for latest_only_with_trigger to 2025-12-04 08:00:00+00:00, run_after=2025-12-04 12:00:00+00:00
[2025-12-04T12:26:29.980+0000] {processor.py:208} INFO - Processing /home/airflow/.local/lib/python3.12/site-packages/airflow/example_dags/example_latest_only_with_trigger.py took 0.178 seconds
[2025-12-04T12:27:00.727+0000] {processor.py:186} INFO - Started process (PID=152) to work on /home/airflow/.local/lib/python3.12/site-packages/airflow/example_dags/example_latest_only_with_trigger.py
[2025-12-04T12:27:00.728+0000] {processor.py:914} INFO - Processing file /home/airflow/.local/lib/python3.12/site-packages/airflow/example_dags/example_latest_only_with_trigger.py for tasks to queue
[2025-12-04T12:27:00.730+0000] {logging_mixin.py:190} INFO - [2025-12-04T12:27:00.730+0000] {dagbag.py:588} INFO - Filling up the DagBag from /home/airflow/.local/lib/python3.12/site-packages/airflow/example_dags/example_latest_only_with_trigger.py
[2025-12-04T12:27:00.738+0000] {processor.py:925} INFO - DAG(s) 'latest_only_with_trigger' retrieved from /home/airflow/.local/lib/python3.12/site-packages/airflow/example_dags/example_latest_only_with_trigger.py
[2025-12-04T12:27:00.762+0000] {logging_mixin.py:190} INFO - [2025-12-04T12:27:00.761+0000] {dag.py:3239} INFO - Sync 1 DAGs
[2025-12-04T12:27:00.791+0000] {logging_mixin.py:190} INFO - [2025-12-04T12:27:00.790+0000] {dag.py:4180} INFO - Setting next_dagrun for latest_only_with_trigger to 2025-12-04 08:00:00+00:00, run_after=2025-12-04 12:00:00+00:00
[2025-12-04T12:27:00.813+0000] {processor.py:208} INFO - Processing /home/airflow/.local/lib/python3.12/site-packages/airflow/example_dags/example_latest_only_with_trigger.py took 0.091 seconds
[2025-12-04T12:27:30.981+0000] {processor.py:186} INFO - Started process (PID=217) to work on /home/airflow/.local/lib/python3.12/site-packages/airflow/example_dags/example_latest_only_with_trigger.py
[2025-12-04T12:27:30.982+0000] {processor.py:914} INFO - Processing file /home/airflow/.local/lib/python3.12/site-packages/airflow/example_dags/example_latest_only_with_trigger.py for tasks to queue
[2025-12-04T12:27:30.984+0000] {logging_mixin.py:190} INFO - [2025-12-04T12:27:30.984+0000] {dagbag.py:588} INFO - Filling up the DagBag from /home/airflow/.local/lib/python3.12/site-packages/airflow/example_dags/example_latest_only_with_trigger.py
[2025-12-04T12:27:30.992+0000] {processor.py:925} INFO - DAG(s) 'latest_only_with_trigger' retrieved from /home/airflow/.local/lib/python3.12/site-packages/airflow/example_dags/example_latest_only_with_trigger.py
[2025-12-04T12:27:31.013+0000] {logging_mixin.py:190} INFO - [2025-12-04T12:27:31.013+0000] {dag.py:3239} INFO - Sync 1 DAGs
[2025-12-04T12:27:31.042+0000] {logging_mixin.py:190} INFO - [2025-12-04T12:27:31.042+0000] {dag.py:4180} INFO - Setting next_dagrun for latest_only_with_trigger to 2025-12-04 08:00:00+00:00, run_after=2025-12-04 12:00:00+00:00
[2025-12-04T12:27:31.062+0000] {processor.py:208} INFO - Processing /home/airflow/.local/lib/python3.12/site-packages/airflow/example_dags/example_latest_only_with_trigger.py took 0.087 seconds
[2025-12-04T12:28:01.230+0000] {processor.py:186} INFO - Started process (PID=283) to work on /home/airflow/.local/lib/python3.12/site-packages/airflow/example_dags/example_latest_only_with_trigger.py
[2025-12-04T12:28:01.231+0000] {processor.py:914} INFO - Processing file /home/airflow/.local/lib/python3.12/site-packages/airflow/example_dags/example_latest_only_with_trigger.py for tasks to queue
[2025-12-04T12:28:01.233+0000] {logging_mixin.py:190} INFO - [2025-12-04T12:28:01.233+0000] {dagbag.py:588} INFO - Filling up the DagBag from /home/airflow/.local/lib/python3.12/site-packages/airflow/example_dags/example_latest_only_with_trigger.py
[2025-12-04T12:28:01.241+0000] {processor.py:925} INFO - DAG(s) 'latest_only_with_trigger' retrieved from /home/airflow/.local/lib/python3.12/site-packages/airflow/example_dags/example_latest_only_with_trigger.py
[2025-12-04T12:28:01.263+0000] {logging_mixin.py:190} INFO - [2025-12-04T12:28:01.263+0000] {dag.py:3239} INFO - Sync 1 DAGs
[2025-12-04T12:28:01.292+0000] {logging_mixin.py:190} INFO - [2025-12-04T12:28:01.291+0000] {dag.py:4180} INFO - Setting next_dagrun for latest_only_with_trigger to 2025-12-04 08:00:00+00:00, run_after=2025-12-04 12:00:00+00:00
[2025-12-04T12:28:01.312+0000] {processor.py:208} INFO - Processing /home/airflow/.local/lib/python3.12/site-packages/airflow/example_dags/example_latest_only_with_trigger.py took 0.088 seconds
[2025-12-04T12:28:32.049+0000] {processor.py:186} INFO - Started process (PID=349) to work on /home/airflow/.local/lib/python3.12/site-packages/airflow/example_dags/example_latest_only_with_trigger.py
[2025-12-04T12:28:32.049+0000] {processor.py:914} INFO - Processing file /home/airflow/.local/lib/python3.12/site-packages/airflow/example_dags/example_latest_only_with_trigger.py for tasks to queue
[2025-12-04T12:28:32.052+0000] {logging_mixin.py:190} INFO - [2025-12-04T12:28:32.051+0000] {dagbag.py:588} INFO - Filling up the DagBag from /home/airflow/.local/lib/python3.12/site-packages/airflow/example_dags/example_latest_only_with_trigger.py
[2025-12-04T12:28:32.059+0000] {processor.py:925} INFO - DAG(s) 'latest_only_with_trigger' retrieved from /home/airflow/.local/lib/python3.12/site-packages/airflow/example_dags/example_latest_only_with_trigger.py
[2025-12-04T12:28:32.080+0000] {logging_mixin.py:190} INFO - [2025-12-04T12:28:32.080+0000] {dag.py:3239} INFO - Sync 1 DAGs
[2025-12-04T12:28:32.107+0000] {logging_mixin.py:190} INFO - [2025-12-04T12:28:32.107+0000] {dag.py:4180} INFO - Setting next_dagrun for latest_only_with_trigger to 2025-12-04 08:00:00+00:00, run_after=2025-12-04 12:00:00+00:00
[2025-12-04T12:28:32.129+0000] {processor.py:208} INFO - Processing /home/airflow/.local/lib/python3.12/site-packages/airflow/example_dags/example_latest_only_with_trigger.py took 0.086 seconds
[2025-12-04T12:29:02.544+0000] {processor.py:186} INFO - Started process (PID=415) to work on /home/airflow/.local/lib/python3.12/site-packages/airflow/example_dags/example_latest_only_with_trigger.py
[2025-12-04T12:29:02.545+0000] {processor.py:914} INFO - Processing file /home/airflow/.local/lib/python3.12/site-packages/airflow/example_dags/example_latest_only_with_trigger.py for tasks to queue
[2025-12-04T12:29:02.547+0000] {logging_mixin.py:190} INFO - [2025-12-04T12:29:02.547+0000] {dagbag.py:588} INFO - Filling up the DagBag from /home/airflow/.local/lib/python3.12/site-packages/airflow/example_dags/example_latest_only_with_trigger.py
[2025-12-04T12:29:02.554+0000] {processor.py:925} INFO - DAG(s) 'latest_only_with_trigger' retrieved from /home/airflow/.local/lib/python3.12/site-packages/airflow/example_dags/example_latest_only_with_trigger.py
[2025-12-04T12:29:02.576+0000] {logging_mixin.py:190} INFO - [2025-12-04T12:29:02.576+0000] {dag.py:3239} INFO - Sync 1 DAGs
[2025-12-04T12:29:02.603+0000] {logging_mixin.py:190} INFO - [2025-12-04T12:29:02.602+0000] {dag.py:4180} INFO - Setting next_dagrun for latest_only_with_trigger to 2025-12-04 08:00:00+00:00, run_after=2025-12-04 12:00:00+00:00
[2025-12-04T12:29:02.626+0000] {processor.py:208} INFO - Processing /home/airflow/.local/lib/python3.12/site-packages/airflow/example_dags/example_latest_only_with_trigger.py took 0.087 seconds
[2025-12-04T12:29:33.334+0000] {processor.py:186} INFO - Started process (PID=481) to work on /home/airflow/.local/lib/python3.12/site-packages/airflow/example_dags/example_latest_only_with_trigger.py
[2025-12-04T12:29:33.335+0000] {processor.py:914} INFO - Processing file /home/airflow/.local/lib/python3.12/site-packages/airflow/example_dags/example_latest_only_with_trigger.py for tasks to queue
[2025-12-04T12:29:33.337+0000] {logging_mixin.py:190} INFO - [2025-12-04T12:29:33.337+0000] {dagbag.py:588} INFO - Filling up the DagBag from /home/airflow/.local/lib/python3.12/site-packages/airflow/example_dags/example_latest_only_with_trigger.py
[2025-12-04T12:29:33.345+0000] {processor.py:925} INFO - DAG(s) 'latest_only_with_trigger' retrieved from /home/airflow/.local/lib/python3.12/site-packages/airflow/example_dags/example_latest_only_with_trigger.py
[2025-12-04T12:29:33.376+0000] {logging_mixin.py:190} INFO - [2025-12-04T12:29:33.375+0000] {dag.py:3239} INFO - Sync 1 DAGs
[2025-12-04T12:29:33.407+0000] {logging_mixin.py:190} INFO - [2025-12-04T12:29:33.407+0000] {dag.py:4180} INFO - Setting next_dagrun for latest_only_with_trigger to 2025-12-04 08:00:00+00:00, run_after=2025-12-04 12:00:00+00:00
[2025-12-04T12:29:33.429+0000] {processor.py:208} INFO - Processing /home/airflow/.local/lib/python3.12/site-packages/airflow/example_dags/example_latest_only_with_trigger.py took 0.101 seconds
[2025-12-04T12:30:03.898+0000] {processor.py:186} INFO - Started process (PID=552) to work on /home/airflow/.local/lib/python3.12/site-packages/airflow/example_dags/example_latest_only_with_trigger.py
[2025-12-04T12:30:03.899+0000] {processor.py:914} INFO - Processing file /home/airflow/.local/lib/python3.12/site-packages/airflow/example_dags/example_latest_only_with_trigger.py for tasks to queue
[2025-12-04T12:30:03.902+0000] {logging_mixin.py:190} INFO - [2025-12-04T12:30:03.901+0000] {dagbag.py:588} INFO - Filling up the DagBag from /home/airflow/.local/lib/python3.12/site-packages/airflow/example_dags/example_latest_only_with_trigger.py
[2025-12-04T12:30:03.909+0000] {processor.py:925} INFO - DAG(s) 'latest_only_with_trigger' retrieved from /home/airflow/.local/lib/python3.12/site-packages/airflow/example_dags/example_latest_only_with_trigger.py
[2025-12-04T12:30:03.932+0000] {logging_mixin.py:190} INFO - [2025-12-04T12:30:03.931+0000] {dag.py:3239} INFO - Sync 1 DAGs
[2025-12-04T12:30:03.960+0000] {logging_mixin.py:190} INFO - [2025-12-04T12:30:03.960+0000] {dag.py:4180} INFO - Setting next_dagrun for latest_only_with_trigger to 2025-12-04 08:00:00+00:00, run_after=2025-12-04 12:00:00+00:00
[2025-12-04T12:30:03.980+0000] {processor.py:208} INFO - Processing /home/airflow/.local/lib/python3.12/site-packages/airflow/example_dags/example_latest_only_with_trigger.py took 0.089 seconds
[2025-12-04T12:30:35.262+0000] {processor.py:186} INFO - Started process (PID=619) to work on /home/airflow/.local/lib/python3.12/site-packages/airflow/example_dags/example_latest_only_with_trigger.py
[2025-12-04T12:30:35.263+0000] {processor.py:914} INFO - Processing file /home/airflow/.local/lib/python3.12/site-packages/airflow/example_dags/example_latest_only_with_trigger.py for tasks to queue
[2025-12-04T12:30:35.265+0000] {logging_mixin.py:190} INFO - [2025-12-04T12:30:35.265+0000] {dagbag.py:588} INFO - Filling up the DagBag from /home/airflow/.local/lib/python3.12/site-packages/airflow/example_dags/example_latest_only_with_trigger.py
[2025-12-04T12:30:35.273+0000] {processor.py:925} INFO - DAG(s) 'latest_only_with_trigger' retrieved from /home/airflow/.local/lib/python3.12/site-packages/airflow/example_dags/example_latest_only_with_trigger.py
[2025-12-04T12:30:35.295+0000] {logging_mixin.py:190} INFO - [2025-12-04T12:30:35.295+0000] {dag.py:3239} INFO - Sync 1 DAGs
[2025-12-04T12:30:35.323+0000] {logging_mixin.py:190} INFO - [2025-12-04T12:30:35.323+0000] {dag.py:4180} INFO - Setting next_dagrun for latest_only_with_trigger to 2025-12-04 08:00:00+00:00, run_after=2025-12-04 12:00:00+00:00
[2025-12-04T12:30:35.345+0000] {processor.py:208} INFO - Processing /home/airflow/.local/lib/python3.12/site-packages/airflow/example_dags/example_latest_only_with_trigger.py took 0.088 seconds
[2025-12-04T12:31:06.652+0000] {processor.py:186} INFO - Started process (PID=684) to work on /home/airflow/.local/lib/python3.12/site-packages/airflow/example_dags/example_latest_only_with_trigger.py
[2025-12-04T12:31:06.653+0000] {processor.py:914} INFO - Processing file /home/airflow/.local/lib/python3.12/site-packages/airflow/example_dags/example_latest_only_with_trigger.py for tasks to queue
[2025-12-04T12:31:06.655+0000] {logging_mixin.py:190} INFO - [2025-12-04T12:31:06.655+0000] {dagbag.py:588} INFO - Filling up the DagBag from /home/airflow/.local/lib/python3.12/site-packages/airflow/example_dags/example_latest_only_with_trigger.py
[2025-12-04T12:31:06.663+0000] {processor.py:925} INFO - DAG(s) 'latest_only_with_trigger' retrieved from /home/airflow/.local/lib/python3.12/site-packages/airflow/example_dags/example_latest_only_with_trigger.py
[2025-12-04T12:31:06.687+0000] {logging_mixin.py:190} INFO - [2025-12-04T12:31:06.686+0000] {dag.py:3239} INFO - Sync 1 DAGs
[2025-12-04T12:31:06.716+0000] {logging_mixin.py:190} INFO - [2025-12-04T12:31:06.716+0000] {dag.py:4180} INFO - Setting next_dagrun for latest_only_with_trigger to 2025-12-04 08:00:00+00:00, run_after=2025-12-04 12:00:00+00:00
[2025-12-04T12:31:06.738+0000] {processor.py:208} INFO - Processing /home/airflow/.local/lib/python3.12/site-packages/airflow/example_dags/example_latest_only_with_trigger.py took 0.093 seconds
[2025-12-04T12:31:38.298+0000] {processor.py:186} INFO - Started process (PID=750) to work on /home/airflow/.local/lib/python3.12/site-packages/airflow/example_dags/example_latest_only_with_trigger.py
[2025-12-04T12:31:38.299+0000] {processor.py:914} INFO - Processing file /home/airflow/.local/lib/python3.12/site-packages/airflow/example_dags/example_latest_only_with_trigger.py for tasks to queue
[2025-12-04T12:31:38.301+0000] {logging_mixin.py:190} INFO - [2025-12-04T12:31:38.301+0000] {dagbag.py:588} INFO - Filling up the DagBag from /home/airflow/.local/lib/python3.12/site-packages/airflow/example_dags/example_latest_only_with_trigger.py
[2025-12-04T12:31:38.309+0000] {processor.py:925} INFO - DAG(s) 'latest_only_with_trigger' retrieved from /home/airflow/.local/lib/python3.12/site-packages/airflow/example_dags/example_latest_only_with_trigger.py
[2025-12-04T12:31:38.331+0000] {logging_mixin.py:190} INFO - [2025-12-04T12:31:38.331+0000] {dag.py:3239} INFO - Sync 1 DAGs
[2025-12-04T12:31:38.364+0000] {logging_mixin.py:190} INFO - [2025-12-04T12:31:38.364+0000] {dag.py:4180} INFO - Setting next_dagrun for latest_only_with_trigger to 2025-12-04 08:00:00+00:00, run_after=2025-12-04 12:00:00+00:00
[2025-12-04T12:31:38.385+0000] {processor.py:208} INFO - Processing /home/airflow/.local/lib/python3.12/site-packages/airflow/example_dags/example_latest_only_with_trigger.py took 0.094 seconds
[2025-12-04T12:32:09.850+0000] {processor.py:186} INFO - Started process (PID=816) to work on /home/airflow/.local/lib/python3.12/site-packages/airflow/example_dags/example_latest_only_with_trigger.py
[2025-12-04T12:32:09.851+0000] {processor.py:914} INFO - Processing file /home/airflow/.local/lib/python3.12/site-packages/airflow/example_dags/example_latest_only_with_trigger.py for tasks to queue
[2025-12-04T12:32:09.853+0000] {logging_mixin.py:190} INFO - [2025-12-04T12:32:09.853+0000] {dagbag.py:588} INFO - Filling up the DagBag from /home/airflow/.local/lib/python3.12/site-packages/airflow/example_dags/example_latest_only_with_trigger.py
[2025-12-04T12:32:09.860+0000] {processor.py:925} INFO - DAG(s) 'latest_only_with_trigger' retrieved from /home/airflow/.local/lib/python3.12/site-packages/airflow/example_dags/example_latest_only_with_trigger.py
[2025-12-04T12:32:09.883+0000] {logging_mixin.py:190} INFO - [2025-12-04T12:32:09.883+0000] {dag.py:3239} INFO - Sync 1 DAGs
[2025-12-04T12:32:09.913+0000] {logging_mixin.py:190} INFO - [2025-12-04T12:32:09.913+0000] {dag.py:4180} INFO - Setting next_dagrun for latest_only_with_trigger to 2025-12-04 08:00:00+00:00, run_after=2025-12-04 12:00:00+00:00
[2025-12-04T12:32:09.942+0000] {processor.py:208} INFO - Processing /home/airflow/.local/lib/python3.12/site-packages/airflow/example_dags/example_latest_only_with_trigger.py took 0.098 seconds
[2025-12-04T12:32:41.427+0000] {processor.py:186} INFO - Started process (PID=883) to work on /home/airflow/.local/lib/python3.12/site-packages/airflow/example_dags/example_latest_only_with_trigger.py
[2025-12-04T12:32:41.428+0000] {processor.py:914} INFO - Processing file /home/airflow/.local/lib/python3.12/site-packages/airflow/example_dags/example_latest_only_with_trigger.py for tasks to queue
[2025-12-04T12:32:41.430+0000] {logging_mixin.py:190} INFO - [2025-12-04T12:32:41.430+0000] {dagbag.py:588} INFO - Filling up the DagBag from /home/airflow/.local/lib/python3.12/site-packages/airflow/example_dags/example_latest_only_with_trigger.py
[2025-12-04T12:32:41.437+0000] {processor.py:925} INFO - DAG(s) 'latest_only_with_trigger' retrieved from /home/airflow/.local/lib/python3.12/site-packages/airflow/example_dags/example_latest_only_with_trigger.py
[2025-12-04T12:32:41.458+0000] {logging_mixin.py:190} INFO - [2025-12-04T12:32:41.458+0000] {dag.py:3239} INFO - Sync 1 DAGs
[2025-12-04T12:32:41.486+0000] {logging_mixin.py:190} INFO - [2025-12-04T12:32:41.486+0000] {dag.py:4180} INFO - Setting next_dagrun for latest_only_with_trigger to 2025-12-04 08:00:00+00:00, run_after=2025-12-04 12:00:00+00:00
[2025-12-04T12:32:41.509+0000] {processor.py:208} INFO - Processing /home/airflow/.local/lib/python3.12/site-packages/airflow/example_dags/example_latest_only_with_trigger.py took 0.088 seconds
[2025-12-04T12:33:12.886+0000] {processor.py:186} INFO - Started process (PID=949) to work on /home/airflow/.local/lib/python3.12/site-packages/airflow/example_dags/example_latest_only_with_trigger.py
[2025-12-04T12:33:12.887+0000] {processor.py:914} INFO - Processing file /home/airflow/.local/lib/python3.12/site-packages/airflow/example_dags/example_latest_only_with_trigger.py for tasks to queue
[2025-12-04T12:33:12.889+0000] {logging_mixin.py:190} INFO - [2025-12-04T12:33:12.888+0000] {dagbag.py:588} INFO - Filling up the DagBag from /home/airflow/.local/lib/python3.12/site-packages/airflow/example_dags/example_latest_only_with_trigger.py
[2025-12-04T12:33:12.896+0000] {processor.py:925} INFO - DAG(s) 'latest_only_with_trigger' retrieved from /home/airflow/.local/lib/python3.12/site-packages/airflow/example_dags/example_latest_only_with_trigger.py
[2025-12-04T12:33:12.922+0000] {logging_mixin.py:190} INFO - [2025-12-04T12:33:12.922+0000] {dag.py:3239} INFO - Sync 1 DAGs
[2025-12-04T12:33:12.951+0000] {logging_mixin.py:190} INFO - [2025-12-04T12:33:12.950+0000] {dag.py:4180} INFO - Setting next_dagrun for latest_only_with_trigger to 2025-12-04 08:00:00+00:00, run_after=2025-12-04 12:00:00+00:00
[2025-12-04T12:33:12.972+0000] {processor.py:208} INFO - Processing /home/airflow/.local/lib/python3.12/site-packages/airflow/example_dags/example_latest_only_with_trigger.py took 0.092 seconds
[2025-12-04T12:33:44.784+0000] {processor.py:186} INFO - Started process (PID=1015) to work on /home/airflow/.local/lib/python3.12/site-packages/airflow/example_dags/example_latest_only_with_trigger.py
[2025-12-04T12:33:44.785+0000] {processor.py:914} INFO - Processing file /home/airflow/.local/lib/python3.12/site-packages/airflow/example_dags/example_latest_only_with_trigger.py for tasks to queue
[2025-12-04T12:33:44.789+0000] {logging_mixin.py:190} INFO - [2025-12-04T12:33:44.788+0000] {dagbag.py:588} INFO - Filling up the DagBag from /home/airflow/.local/lib/python3.12/site-packages/airflow/example_dags/example_latest_only_with_trigger.py
[2025-12-04T12:33:44.802+0000] {processor.py:925} INFO - DAG(s) 'latest_only_with_trigger' retrieved from /home/airflow/.local/lib/python3.12/site-packages/airflow/example_dags/example_latest_only_with_trigger.py
[2025-12-04T12:33:44.826+0000] {logging_mixin.py:190} INFO - [2025-12-04T12:33:44.826+0000] {dag.py:3239} INFO - Sync 1 DAGs
[2025-12-04T12:33:44.855+0000] {logging_mixin.py:190} INFO - [2025-12-04T12:33:44.855+0000] {dag.py:4180} INFO - Setting next_dagrun for latest_only_with_trigger to 2025-12-04 08:00:00+00:00, run_after=2025-12-04 12:00:00+00:00
[2025-12-04T12:33:44.876+0000] {processor.py:208} INFO - Processing /home/airflow/.local/lib/python3.12/site-packages/airflow/example_dags/example_latest_only_with_trigger.py took 0.102 seconds
[2025-12-04T12:34:16.307+0000] {processor.py:186} INFO - Started process (PID=1081) to work on /home/airflow/.local/lib/python3.12/site-packages/airflow/example_dags/example_latest_only_with_trigger.py
[2025-12-04T12:34:16.308+0000] {processor.py:914} INFO - Processing file /home/airflow/.local/lib/python3.12/site-packages/airflow/example_dags/example_latest_only_with_trigger.py for tasks to queue
[2025-12-04T12:34:16.311+0000] {logging_mixin.py:190} INFO - [2025-12-04T12:34:16.310+0000] {dagbag.py:588} INFO - Filling up the DagBag from /home/airflow/.local/lib/python3.12/site-packages/airflow/example_dags/example_latest_only_with_trigger.py
[2025-12-04T12:34:16.320+0000] {processor.py:925} INFO - DAG(s) 'latest_only_with_trigger' retrieved from /home/airflow/.local/lib/python3.12/site-packages/airflow/example_dags/example_latest_only_with_trigger.py
[2025-12-04T12:34:16.349+0000] {logging_mixin.py:190} INFO - [2025-12-04T12:34:16.349+0000] {dag.py:3239} INFO - Sync 1 DAGs
[2025-12-04T12:34:16.387+0000] {logging_mixin.py:190} INFO - [2025-12-04T12:34:16.387+0000] {dag.py:4180} INFO - Setting next_dagrun for latest_only_with_trigger to 2025-12-04 08:00:00+00:00, run_after=2025-12-04 12:00:00+00:00
[2025-12-04T12:34:16.415+0000] {processor.py:208} INFO - Processing /home/airflow/.local/lib/python3.12/site-packages/airflow/example_dags/example_latest_only_with_trigger.py took 0.115 seconds
[2025-12-04T12:34:47.636+0000] {processor.py:186} INFO - Started process (PID=1147) to work on /home/airflow/.local/lib/python3.12/site-packages/airflow/example_dags/example_latest_only_with_trigger.py
[2025-12-04T12:34:47.636+0000] {processor.py:914} INFO - Processing file /home/airflow/.local/lib/python3.12/site-packages/airflow/example_dags/example_latest_only_with_trigger.py for tasks to queue
[2025-12-04T12:34:47.639+0000] {logging_mixin.py:190} INFO - [2025-12-04T12:34:47.638+0000] {dagbag.py:588} INFO - Filling up the DagBag from /home/airflow/.local/lib/python3.12/site-packages/airflow/example_dags/example_latest_only_with_trigger.py
[2025-12-04T12:34:47.646+0000] {processor.py:925} INFO - DAG(s) 'latest_only_with_trigger' retrieved from /home/airflow/.local/lib/python3.12/site-packages/airflow/example_dags/example_latest_only_with_trigger.py
[2025-12-04T12:34:47.668+0000] {logging_mixin.py:190} INFO - [2025-12-04T12:34:47.667+0000] {dag.py:3239} INFO - Sync 1 DAGs
[2025-12-04T12:34:47.695+0000] {logging_mixin.py:190} INFO - [2025-12-04T12:34:47.695+0000] {dag.py:4180} INFO - Setting next_dagrun for latest_only_with_trigger to 2025-12-04 08:00:00+00:00, run_after=2025-12-04 12:00:00+00:00
[2025-12-04T12:34:47.718+0000] {processor.py:208} INFO - Processing /home/airflow/.local/lib/python3.12/site-packages/airflow/example_dags/example_latest_only_with_trigger.py took 0.088 seconds
[2025-12-04T12:35:19.119+0000] {processor.py:186} INFO - Started process (PID=1214) to work on /home/airflow/.local/lib/python3.12/site-packages/airflow/example_dags/example_latest_only_with_trigger.py
[2025-12-04T12:35:19.119+0000] {processor.py:914} INFO - Processing file /home/airflow/.local/lib/python3.12/site-packages/airflow/example_dags/example_latest_only_with_trigger.py for tasks to queue
[2025-12-04T12:35:19.121+0000] {logging_mixin.py:190} INFO - [2025-12-04T12:35:19.121+0000] {dagbag.py:588} INFO - Filling up the DagBag from /home/airflow/.local/lib/python3.12/site-packages/airflow/example_dags/example_latest_only_with_trigger.py
[2025-12-04T12:35:19.129+0000] {processor.py:925} INFO - DAG(s) 'latest_only_with_trigger' retrieved from /home/airflow/.local/lib/python3.12/site-packages/airflow/example_dags/example_latest_only_with_trigger.py
[2025-12-04T12:35:19.158+0000] {logging_mixin.py:190} INFO - [2025-12-04T12:35:19.158+0000] {dag.py:3239} INFO - Sync 1 DAGs
[2025-12-04T12:35:19.193+0000] {logging_mixin.py:190} INFO - [2025-12-04T12:35:19.193+0000] {dag.py:4180} INFO - Setting next_dagrun for latest_only_with_trigger to 2025-12-04 08:00:00+00:00, run_after=2025-12-04 12:00:00+00:00
[2025-12-04T12:35:19.215+0000] {processor.py:208} INFO - Processing /home/airflow/.local/lib/python3.12/site-packages/airflow/example_dags/example_latest_only_with_trigger.py took 0.102 seconds
[2025-12-04T12:35:50.545+0000] {processor.py:186} INFO - Started process (PID=1279) to work on /home/airflow/.local/lib/python3.12/site-packages/airflow/example_dags/example_latest_only_with_trigger.py
[2025-12-04T12:35:50.546+0000] {processor.py:914} INFO - Processing file /home/airflow/.local/lib/python3.12/site-packages/airflow/example_dags/example_latest_only_with_trigger.py for tasks to queue
[2025-12-04T12:35:50.548+0000] {logging_mixin.py:190} INFO - [2025-12-04T12:35:50.548+0000] {dagbag.py:588} INFO - Filling up the DagBag from /home/airflow/.local/lib/python3.12/site-packages/airflow/example_dags/example_latest_only_with_trigger.py
[2025-12-04T12:35:50.556+0000] {processor.py:925} INFO - DAG(s) 'latest_only_with_trigger' retrieved from /home/airflow/.local/lib/python3.12/site-packages/airflow/example_dags/example_latest_only_with_trigger.py
[2025-12-04T12:35:50.579+0000] {logging_mixin.py:190} INFO - [2025-12-04T12:35:50.579+0000] {dag.py:3239} INFO - Sync 1 DAGs
[2025-12-04T12:35:50.608+0000] {logging_mixin.py:190} INFO - [2025-12-04T12:35:50.608+0000] {dag.py:4180} INFO - Setting next_dagrun for latest_only_with_trigger to 2025-12-04 08:00:00+00:00, run_after=2025-12-04 12:00:00+00:00
[2025-12-04T12:35:50.631+0000] {processor.py:208} INFO - Processing /home/airflow/.local/lib/python3.12/site-packages/airflow/example_dags/example_latest_only_with_trigger.py took 0.092 seconds
[2025-12-04T12:36:22.067+0000] {processor.py:186} INFO - Started process (PID=1345) to work on /home/airflow/.local/lib/python3.12/site-packages/airflow/example_dags/example_latest_only_with_trigger.py
[2025-12-04T12:36:22.068+0000] {processor.py:914} INFO - Processing file /home/airflow/.local/lib/python3.12/site-packages/airflow/example_dags/example_latest_only_with_trigger.py for tasks to queue
[2025-12-04T12:36:22.071+0000] {logging_mixin.py:190} INFO - [2025-12-04T12:36:22.071+0000] {dagbag.py:588} INFO - Filling up the DagBag from /home/airflow/.local/lib/python3.12/site-packages/airflow/example_dags/example_latest_only_with_trigger.py
[2025-12-04T12:36:22.084+0000] {processor.py:925} INFO - DAG(s) 'latest_only_with_trigger' retrieved from /home/airflow/.local/lib/python3.12/site-packages/airflow/example_dags/example_latest_only_with_trigger.py
[2025-12-04T12:36:22.106+0000] {logging_mixin.py:190} INFO - [2025-12-04T12:36:22.106+0000] {dag.py:3239} INFO - Sync 1 DAGs
[2025-12-04T12:36:22.134+0000] {logging_mixin.py:190} INFO - [2025-12-04T12:36:22.134+0000] {dag.py:4180} INFO - Setting next_dagrun for latest_only_with_trigger to 2025-12-04 08:00:00+00:00, run_after=2025-12-04 12:00:00+00:00
[2025-12-04T12:36:22.157+0000] {processor.py:208} INFO - Processing /home/airflow/.local/lib/python3.12/site-packages/airflow/example_dags/example_latest_only_with_trigger.py took 0.100 seconds
[2025-12-04T12:36:53.432+0000] {processor.py:186} INFO - Started process (PID=1412) to work on /home/airflow/.local/lib/python3.12/site-packages/airflow/example_dags/example_latest_only_with_trigger.py
[2025-12-04T12:36:53.432+0000] {processor.py:914} INFO - Processing file /home/airflow/.local/lib/python3.12/site-packages/airflow/example_dags/example_latest_only_with_trigger.py for tasks to queue
[2025-12-04T12:36:53.434+0000] {logging_mixin.py:190} INFO - [2025-12-04T12:36:53.434+0000] {dagbag.py:588} INFO - Filling up the DagBag from /home/airflow/.local/lib/python3.12/site-packages/airflow/example_dags/example_latest_only_with_trigger.py
[2025-12-04T12:36:53.440+0000] {processor.py:925} INFO - DAG(s) 'latest_only_with_trigger' retrieved from /home/airflow/.local/lib/python3.12/site-packages/airflow/example_dags/example_latest_only_with_trigger.py
[2025-12-04T12:36:53.460+0000] {logging_mixin.py:190} INFO - [2025-12-04T12:36:53.460+0000] {dag.py:3239} INFO - Sync 1 DAGs
[2025-12-04T12:36:53.484+0000] {logging_mixin.py:190} INFO - [2025-12-04T12:36:53.484+0000] {dag.py:4180} INFO - Setting next_dagrun for latest_only_with_trigger to 2025-12-04 08:00:00+00:00, run_after=2025-12-04 12:00:00+00:00
[2025-12-04T12:36:53.501+0000] {processor.py:208} INFO - Processing /home/airflow/.local/lib/python3.12/site-packages/airflow/example_dags/example_latest_only_with_trigger.py took 0.074 seconds
[2025-12-04T12:37:24.886+0000] {processor.py:186} INFO - Started process (PID=1478) to work on /home/airflow/.local/lib/python3.12/site-packages/airflow/example_dags/example_latest_only_with_trigger.py
[2025-12-04T12:37:24.887+0000] {processor.py:914} INFO - Processing file /home/airflow/.local/lib/python3.12/site-packages/airflow/example_dags/example_latest_only_with_trigger.py for tasks to queue
[2025-12-04T12:37:24.889+0000] {logging_mixin.py:190} INFO - [2025-12-04T12:37:24.888+0000] {dagbag.py:588} INFO - Filling up the DagBag from /home/airflow/.local/lib/python3.12/site-packages/airflow/example_dags/example_latest_only_with_trigger.py
[2025-12-04T12:37:24.897+0000] {processor.py:925} INFO - DAG(s) 'latest_only_with_trigger' retrieved from /home/airflow/.local/lib/python3.12/site-packages/airflow/example_dags/example_latest_only_with_trigger.py
[2025-12-04T12:37:24.920+0000] {logging_mixin.py:190} INFO - [2025-12-04T12:37:24.920+0000] {dag.py:3239} INFO - Sync 1 DAGs
[2025-12-04T12:37:24.947+0000] {logging_mixin.py:190} INFO - [2025-12-04T12:37:24.946+0000] {dag.py:4180} INFO - Setting next_dagrun for latest_only_with_trigger to 2025-12-04 08:00:00+00:00, run_after=2025-12-04 12:00:00+00:00
[2025-12-04T12:37:24.969+0000] {processor.py:208} INFO - Processing /home/airflow/.local/lib/python3.12/site-packages/airflow/example_dags/example_latest_only_with_trigger.py took 0.089 seconds
[2025-12-04T12:37:56.474+0000] {processor.py:186} INFO - Started process (PID=1544) to work on /home/airflow/.local/lib/python3.12/site-packages/airflow/example_dags/example_latest_only_with_trigger.py
[2025-12-04T12:37:56.475+0000] {processor.py:914} INFO - Processing file /home/airflow/.local/lib/python3.12/site-packages/airflow/example_dags/example_latest_only_with_trigger.py for tasks to queue
[2025-12-04T12:37:56.477+0000] {logging_mixin.py:190} INFO - [2025-12-04T12:37:56.477+0000] {dagbag.py:588} INFO - Filling up the DagBag from /home/airflow/.local/lib/python3.12/site-packages/airflow/example_dags/example_latest_only_with_trigger.py
[2025-12-04T12:37:56.485+0000] {processor.py:925} INFO - DAG(s) 'latest_only_with_trigger' retrieved from /home/airflow/.local/lib/python3.12/site-packages/airflow/example_dags/example_latest_only_with_trigger.py
[2025-12-04T12:37:56.508+0000] {logging_mixin.py:190} INFO - [2025-12-04T12:37:56.508+0000] {dag.py:3239} INFO - Sync 1 DAGs
[2025-12-04T12:37:56.541+0000] {logging_mixin.py:190} INFO - [2025-12-04T12:37:56.540+0000] {dag.py:4180} INFO - Setting next_dagrun for latest_only_with_trigger to 2025-12-04 08:00:00+00:00, run_after=2025-12-04 12:00:00+00:00
[2025-12-04T12:37:56.568+0000] {processor.py:208} INFO - Processing /home/airflow/.local/lib/python3.12/site-packages/airflow/example_dags/example_latest_only_with_trigger.py took 0.100 seconds
[2025-12-04T12:38:28.331+0000] {processor.py:186} INFO - Started process (PID=1610) to work on /home/airflow/.local/lib/python3.12/site-packages/airflow/example_dags/example_latest_only_with_trigger.py
[2025-12-04T12:38:28.332+0000] {processor.py:914} INFO - Processing file /home/airflow/.local/lib/python3.12/site-packages/airflow/example_dags/example_latest_only_with_trigger.py for tasks to queue
[2025-12-04T12:38:28.334+0000] {logging_mixin.py:190} INFO - [2025-12-04T12:38:28.334+0000] {dagbag.py:588} INFO - Filling up the DagBag from /home/airflow/.local/lib/python3.12/site-packages/airflow/example_dags/example_latest_only_with_trigger.py
[2025-12-04T12:38:28.342+0000] {processor.py:925} INFO - DAG(s) 'latest_only_with_trigger' retrieved from /home/airflow/.local/lib/python3.12/site-packages/airflow/example_dags/example_latest_only_with_trigger.py
[2025-12-04T12:38:28.365+0000] {logging_mixin.py:190} INFO - [2025-12-04T12:38:28.365+0000] {dag.py:3239} INFO - Sync 1 DAGs
[2025-12-04T12:38:28.393+0000] {logging_mixin.py:190} INFO - [2025-12-04T12:38:28.393+0000] {dag.py:4180} INFO - Setting next_dagrun for latest_only_with_trigger to 2025-12-04 08:00:00+00:00, run_after=2025-12-04 12:00:00+00:00
[2025-12-04T12:38:28.416+0000] {processor.py:208} INFO - Processing /home/airflow/.local/lib/python3.12/site-packages/airflow/example_dags/example_latest_only_with_trigger.py took 0.091 seconds
[2025-12-04T12:38:59.691+0000] {processor.py:186} INFO - Started process (PID=1676) to work on /home/airflow/.local/lib/python3.12/site-packages/airflow/example_dags/example_latest_only_with_trigger.py
[2025-12-04T12:38:59.692+0000] {processor.py:914} INFO - Processing file /home/airflow/.local/lib/python3.12/site-packages/airflow/example_dags/example_latest_only_with_trigger.py for tasks to queue
[2025-12-04T12:38:59.694+0000] {logging_mixin.py:190} INFO - [2025-12-04T12:38:59.693+0000] {dagbag.py:588} INFO - Filling up the DagBag from /home/airflow/.local/lib/python3.12/site-packages/airflow/example_dags/example_latest_only_with_trigger.py
[2025-12-04T12:38:59.701+0000] {processor.py:925} INFO - DAG(s) 'latest_only_with_trigger' retrieved from /home/airflow/.local/lib/python3.12/site-packages/airflow/example_dags/example_latest_only_with_trigger.py
[2025-12-04T12:38:59.725+0000] {logging_mixin.py:190} INFO - [2025-12-04T12:38:59.725+0000] {dag.py:3239} INFO - Sync 1 DAGs
[2025-12-04T12:38:59.755+0000] {logging_mixin.py:190} INFO - [2025-12-04T12:38:59.755+0000] {dag.py:4180} INFO - Setting next_dagrun for latest_only_with_trigger to 2025-12-04 08:00:00+00:00, run_after=2025-12-04 12:00:00+00:00
[2025-12-04T12:38:59.778+0000] {processor.py:208} INFO - Processing /home/airflow/.local/lib/python3.12/site-packages/airflow/example_dags/example_latest_only_with_trigger.py took 0.094 seconds
[2025-12-04T12:39:32.469+0000] {processor.py:186} INFO - Started process (PID=1743) to work on /home/airflow/.local/lib/python3.12/site-packages/airflow/example_dags/example_latest_only_with_trigger.py
[2025-12-04T12:39:32.470+0000] {processor.py:914} INFO - Processing file /home/airflow/.local/lib/python3.12/site-packages/airflow/example_dags/example_latest_only_with_trigger.py for tasks to queue
[2025-12-04T12:39:32.472+0000] {logging_mixin.py:190} INFO - [2025-12-04T12:39:32.472+0000] {dagbag.py:588} INFO - Filling up the DagBag from /home/airflow/.local/lib/python3.12/site-packages/airflow/example_dags/example_latest_only_with_trigger.py
[2025-12-04T12:39:32.479+0000] {processor.py:925} INFO - DAG(s) 'latest_only_with_trigger' retrieved from /home/airflow/.local/lib/python3.12/site-packages/airflow/example_dags/example_latest_only_with_trigger.py
[2025-12-04T12:39:32.509+0000] {logging_mixin.py:190} INFO - [2025-12-04T12:39:32.508+0000] {dag.py:3239} INFO - Sync 1 DAGs
[2025-12-04T12:39:32.542+0000] {logging_mixin.py:190} INFO - [2025-12-04T12:39:32.542+0000] {dag.py:4180} INFO - Setting next_dagrun for latest_only_with_trigger to 2025-12-04 08:00:00+00:00, run_after=2025-12-04 12:00:00+00:00
[2025-12-04T12:39:32.562+0000] {processor.py:208} INFO - Processing /home/airflow/.local/lib/python3.12/site-packages/airflow/example_dags/example_latest_only_with_trigger.py took 0.099 seconds
[2025-12-04T12:40:03.563+0000] {processor.py:186} INFO - Started process (PID=1809) to work on /home/airflow/.local/lib/python3.12/site-packages/airflow/example_dags/example_latest_only_with_trigger.py
[2025-12-04T12:40:03.564+0000] {processor.py:914} INFO - Processing file /home/airflow/.local/lib/python3.12/site-packages/airflow/example_dags/example_latest_only_with_trigger.py for tasks to queue
[2025-12-04T12:40:03.567+0000] {logging_mixin.py:190} INFO - [2025-12-04T12:40:03.566+0000] {dagbag.py:588} INFO - Filling up the DagBag from /home/airflow/.local/lib/python3.12/site-packages/airflow/example_dags/example_latest_only_with_trigger.py
[2025-12-04T12:40:03.575+0000] {processor.py:925} INFO - DAG(s) 'latest_only_with_trigger' retrieved from /home/airflow/.local/lib/python3.12/site-packages/airflow/example_dags/example_latest_only_with_trigger.py
[2025-12-04T12:40:03.597+0000] {logging_mixin.py:190} INFO - [2025-12-04T12:40:03.596+0000] {dag.py:3239} INFO - Sync 1 DAGs
[2025-12-04T12:40:03.626+0000] {logging_mixin.py:190} INFO - [2025-12-04T12:40:03.626+0000] {dag.py:4180} INFO - Setting next_dagrun for latest_only_with_trigger to 2025-12-04 08:00:00+00:00, run_after=2025-12-04 12:00:00+00:00
[2025-12-04T12:40:03.648+0000] {processor.py:208} INFO - Processing /home/airflow/.local/lib/python3.12/site-packages/airflow/example_dags/example_latest_only_with_trigger.py took 0.091 seconds
[2025-12-04T12:40:34.830+0000] {processor.py:186} INFO - Started process (PID=1875) to work on /home/airflow/.local/lib/python3.12/site-packages/airflow/example_dags/example_latest_only_with_trigger.py
[2025-12-04T12:40:34.831+0000] {processor.py:914} INFO - Processing file /home/airflow/.local/lib/python3.12/site-packages/airflow/example_dags/example_latest_only_with_trigger.py for tasks to queue
[2025-12-04T12:40:34.833+0000] {logging_mixin.py:190} INFO - [2025-12-04T12:40:34.832+0000] {dagbag.py:588} INFO - Filling up the DagBag from /home/airflow/.local/lib/python3.12/site-packages/airflow/example_dags/example_latest_only_with_trigger.py
[2025-12-04T12:40:34.840+0000] {processor.py:925} INFO - DAG(s) 'latest_only_with_trigger' retrieved from /home/airflow/.local/lib/python3.12/site-packages/airflow/example_dags/example_latest_only_with_trigger.py
[2025-12-04T12:40:34.862+0000] {logging_mixin.py:190} INFO - [2025-12-04T12:40:34.862+0000] {dag.py:3239} INFO - Sync 1 DAGs
[2025-12-04T12:40:34.890+0000] {logging_mixin.py:190} INFO - [2025-12-04T12:40:34.890+0000] {dag.py:4180} INFO - Setting next_dagrun for latest_only_with_trigger to 2025-12-04 08:00:00+00:00, run_after=2025-12-04 12:00:00+00:00
[2025-12-04T12:40:34.911+0000] {processor.py:208} INFO - Processing /home/airflow/.local/lib/python3.12/site-packages/airflow/example_dags/example_latest_only_with_trigger.py took 0.087 seconds
[2025-12-04T12:41:06.419+0000] {processor.py:186} INFO - Started process (PID=1947) to work on /home/airflow/.local/lib/python3.12/site-packages/airflow/example_dags/example_latest_only_with_trigger.py
[2025-12-04T12:41:06.420+0000] {processor.py:914} INFO - Processing file /home/airflow/.local/lib/python3.12/site-packages/airflow/example_dags/example_latest_only_with_trigger.py for tasks to queue
[2025-12-04T12:41:06.423+0000] {logging_mixin.py:190} INFO - [2025-12-04T12:41:06.422+0000] {dagbag.py:588} INFO - Filling up the DagBag from /home/airflow/.local/lib/python3.12/site-packages/airflow/example_dags/example_latest_only_with_trigger.py
[2025-12-04T12:41:06.430+0000] {processor.py:925} INFO - DAG(s) 'latest_only_with_trigger' retrieved from /home/airflow/.local/lib/python3.12/site-packages/airflow/example_dags/example_latest_only_with_trigger.py
[2025-12-04T12:41:06.452+0000] {logging_mixin.py:190} INFO - [2025-12-04T12:41:06.452+0000] {dag.py:3239} INFO - Sync 1 DAGs
[2025-12-04T12:41:06.479+0000] {logging_mixin.py:190} INFO - [2025-12-04T12:41:06.479+0000] {dag.py:4180} INFO - Setting next_dagrun for latest_only_with_trigger to 2025-12-04 08:00:00+00:00, run_after=2025-12-04 12:00:00+00:00
[2025-12-04T12:41:06.502+0000] {processor.py:208} INFO - Processing /home/airflow/.local/lib/python3.12/site-packages/airflow/example_dags/example_latest_only_with_trigger.py took 0.089 seconds
[2025-12-04T12:41:37.661+0000] {processor.py:186} INFO - Started process (PID=2013) to work on /home/airflow/.local/lib/python3.12/site-packages/airflow/example_dags/example_latest_only_with_trigger.py
[2025-12-04T12:41:37.661+0000] {processor.py:914} INFO - Processing file /home/airflow/.local/lib/python3.12/site-packages/airflow/example_dags/example_latest_only_with_trigger.py for tasks to queue
[2025-12-04T12:41:37.664+0000] {logging_mixin.py:190} INFO - [2025-12-04T12:41:37.663+0000] {dagbag.py:588} INFO - Filling up the DagBag from /home/airflow/.local/lib/python3.12/site-packages/airflow/example_dags/example_latest_only_with_trigger.py
[2025-12-04T12:41:37.671+0000] {processor.py:925} INFO - DAG(s) 'latest_only_with_trigger' retrieved from /home/airflow/.local/lib/python3.12/site-packages/airflow/example_dags/example_latest_only_with_trigger.py
[2025-12-04T12:41:37.694+0000] {logging_mixin.py:190} INFO - [2025-12-04T12:41:37.694+0000] {dag.py:3239} INFO - Sync 1 DAGs
[2025-12-04T12:41:37.723+0000] {logging_mixin.py:190} INFO - [2025-12-04T12:41:37.722+0000] {dag.py:4180} INFO - Setting next_dagrun for latest_only_with_trigger to 2025-12-04 08:00:00+00:00, run_after=2025-12-04 12:00:00+00:00
[2025-12-04T12:41:37.744+0000] {processor.py:208} INFO - Processing /home/airflow/.local/lib/python3.12/site-packages/airflow/example_dags/example_latest_only_with_trigger.py took 0.091 seconds
[2025-12-04T12:42:08.849+0000] {processor.py:186} INFO - Started process (PID=2079) to work on /home/airflow/.local/lib/python3.12/site-packages/airflow/example_dags/example_latest_only_with_trigger.py
[2025-12-04T12:42:08.850+0000] {processor.py:914} INFO - Processing file /home/airflow/.local/lib/python3.12/site-packages/airflow/example_dags/example_latest_only_with_trigger.py for tasks to queue
[2025-12-04T12:42:08.852+0000] {logging_mixin.py:190} INFO - [2025-12-04T12:42:08.851+0000] {dagbag.py:588} INFO - Filling up the DagBag from /home/airflow/.local/lib/python3.12/site-packages/airflow/example_dags/example_latest_only_with_trigger.py
[2025-12-04T12:42:08.859+0000] {processor.py:925} INFO - DAG(s) 'latest_only_with_trigger' retrieved from /home/airflow/.local/lib/python3.12/site-packages/airflow/example_dags/example_latest_only_with_trigger.py
[2025-12-04T12:42:08.882+0000] {logging_mixin.py:190} INFO - [2025-12-04T12:42:08.882+0000] {dag.py:3239} INFO - Sync 1 DAGs
[2025-12-04T12:42:08.911+0000] {logging_mixin.py:190} INFO - [2025-12-04T12:42:08.910+0000] {dag.py:4180} INFO - Setting next_dagrun for latest_only_with_trigger to 2025-12-04 08:00:00+00:00, run_after=2025-12-04 12:00:00+00:00
[2025-12-04T12:42:08.932+0000] {processor.py:208} INFO - Processing /home/airflow/.local/lib/python3.12/site-packages/airflow/example_dags/example_latest_only_with_trigger.py took 0.089 seconds
[2025-12-04T12:42:40.813+0000] {processor.py:186} INFO - Started process (PID=2152) to work on /home/airflow/.local/lib/python3.12/site-packages/airflow/example_dags/example_latest_only_with_trigger.py
[2025-12-04T12:42:40.814+0000] {processor.py:914} INFO - Processing file /home/airflow/.local/lib/python3.12/site-packages/airflow/example_dags/example_latest_only_with_trigger.py for tasks to queue
[2025-12-04T12:42:40.816+0000] {logging_mixin.py:190} INFO - [2025-12-04T12:42:40.816+0000] {dagbag.py:588} INFO - Filling up the DagBag from /home/airflow/.local/lib/python3.12/site-packages/airflow/example_dags/example_latest_only_with_trigger.py
[2025-12-04T12:42:40.823+0000] {processor.py:925} INFO - DAG(s) 'latest_only_with_trigger' retrieved from /home/airflow/.local/lib/python3.12/site-packages/airflow/example_dags/example_latest_only_with_trigger.py
[2025-12-04T12:42:40.846+0000] {logging_mixin.py:190} INFO - [2025-12-04T12:42:40.846+0000] {dag.py:3239} INFO - Sync 1 DAGs
[2025-12-04T12:42:40.875+0000] {logging_mixin.py:190} INFO - [2025-12-04T12:42:40.874+0000] {dag.py:4180} INFO - Setting next_dagrun for latest_only_with_trigger to 2025-12-04 08:00:00+00:00, run_after=2025-12-04 12:00:00+00:00
[2025-12-04T12:42:40.899+0000] {processor.py:208} INFO - Processing /home/airflow/.local/lib/python3.12/site-packages/airflow/example_dags/example_latest_only_with_trigger.py took 0.092 seconds
[2025-12-04T12:43:12.289+0000] {processor.py:186} INFO - Started process (PID=2218) to work on /home/airflow/.local/lib/python3.12/site-packages/airflow/example_dags/example_latest_only_with_trigger.py
[2025-12-04T12:43:12.290+0000] {processor.py:914} INFO - Processing file /home/airflow/.local/lib/python3.12/site-packages/airflow/example_dags/example_latest_only_with_trigger.py for tasks to queue
[2025-12-04T12:43:12.292+0000] {logging_mixin.py:190} INFO - [2025-12-04T12:43:12.292+0000] {dagbag.py:588} INFO - Filling up the DagBag from /home/airflow/.local/lib/python3.12/site-packages/airflow/example_dags/example_latest_only_with_trigger.py
[2025-12-04T12:43:12.300+0000] {processor.py:925} INFO - DAG(s) 'latest_only_with_trigger' retrieved from /home/airflow/.local/lib/python3.12/site-packages/airflow/example_dags/example_latest_only_with_trigger.py
[2025-12-04T12:43:12.321+0000] {logging_mixin.py:190} INFO - [2025-12-04T12:43:12.321+0000] {dag.py:3239} INFO - Sync 1 DAGs
[2025-12-04T12:43:12.350+0000] {logging_mixin.py:190} INFO - [2025-12-04T12:43:12.349+0000] {dag.py:4180} INFO - Setting next_dagrun for latest_only_with_trigger to 2025-12-04 08:00:00+00:00, run_after=2025-12-04 12:00:00+00:00
[2025-12-04T12:43:12.370+0000] {processor.py:208} INFO - Processing /home/airflow/.local/lib/python3.12/site-packages/airflow/example_dags/example_latest_only_with_trigger.py took 0.087 seconds
[2025-12-04T12:43:43.473+0000] {processor.py:186} INFO - Started process (PID=2283) to work on /home/airflow/.local/lib/python3.12/site-packages/airflow/example_dags/example_latest_only_with_trigger.py
[2025-12-04T12:43:43.474+0000] {processor.py:914} INFO - Processing file /home/airflow/.local/lib/python3.12/site-packages/airflow/example_dags/example_latest_only_with_trigger.py for tasks to queue
[2025-12-04T12:43:43.476+0000] {logging_mixin.py:190} INFO - [2025-12-04T12:43:43.476+0000] {dagbag.py:588} INFO - Filling up the DagBag from /home/airflow/.local/lib/python3.12/site-packages/airflow/example_dags/example_latest_only_with_trigger.py
[2025-12-04T12:43:43.484+0000] {processor.py:925} INFO - DAG(s) 'latest_only_with_trigger' retrieved from /home/airflow/.local/lib/python3.12/site-packages/airflow/example_dags/example_latest_only_with_trigger.py
[2025-12-04T12:43:43.506+0000] {logging_mixin.py:190} INFO - [2025-12-04T12:43:43.505+0000] {dag.py:3239} INFO - Sync 1 DAGs
[2025-12-04T12:43:43.536+0000] {logging_mixin.py:190} INFO - [2025-12-04T12:43:43.535+0000] {dag.py:4180} INFO - Setting next_dagrun for latest_only_with_trigger to 2025-12-04 08:00:00+00:00, run_after=2025-12-04 12:00:00+00:00
[2025-12-04T12:43:43.557+0000] {processor.py:208} INFO - Processing /home/airflow/.local/lib/python3.12/site-packages/airflow/example_dags/example_latest_only_with_trigger.py took 0.091 seconds
[2025-12-04T12:44:15.787+0000] {processor.py:186} INFO - Started process (PID=2357) to work on /home/airflow/.local/lib/python3.12/site-packages/airflow/example_dags/example_latest_only_with_trigger.py
[2025-12-04T12:44:15.788+0000] {processor.py:914} INFO - Processing file /home/airflow/.local/lib/python3.12/site-packages/airflow/example_dags/example_latest_only_with_trigger.py for tasks to queue
[2025-12-04T12:44:15.791+0000] {logging_mixin.py:190} INFO - [2025-12-04T12:44:15.790+0000] {dagbag.py:588} INFO - Filling up the DagBag from /home/airflow/.local/lib/python3.12/site-packages/airflow/example_dags/example_latest_only_with_trigger.py
[2025-12-04T12:44:15.801+0000] {processor.py:925} INFO - DAG(s) 'latest_only_with_trigger' retrieved from /home/airflow/.local/lib/python3.12/site-packages/airflow/example_dags/example_latest_only_with_trigger.py
[2025-12-04T12:44:15.827+0000] {logging_mixin.py:190} INFO - [2025-12-04T12:44:15.826+0000] {dag.py:3239} INFO - Sync 1 DAGs
[2025-12-04T12:44:15.858+0000] {logging_mixin.py:190} INFO - [2025-12-04T12:44:15.858+0000] {dag.py:4180} INFO - Setting next_dagrun for latest_only_with_trigger to 2025-12-04 08:00:00+00:00, run_after=2025-12-04 12:00:00+00:00
[2025-12-04T12:44:15.883+0000] {processor.py:208} INFO - Processing /home/airflow/.local/lib/python3.12/site-packages/airflow/example_dags/example_latest_only_with_trigger.py took 0.102 seconds
[2025-12-04T12:44:46.601+0000] {processor.py:186} INFO - Started process (PID=2423) to work on /home/airflow/.local/lib/python3.12/site-packages/airflow/example_dags/example_latest_only_with_trigger.py
[2025-12-04T12:44:46.602+0000] {processor.py:914} INFO - Processing file /home/airflow/.local/lib/python3.12/site-packages/airflow/example_dags/example_latest_only_with_trigger.py for tasks to queue
[2025-12-04T12:44:46.604+0000] {logging_mixin.py:190} INFO - [2025-12-04T12:44:46.604+0000] {dagbag.py:588} INFO - Filling up the DagBag from /home/airflow/.local/lib/python3.12/site-packages/airflow/example_dags/example_latest_only_with_trigger.py
[2025-12-04T12:44:46.612+0000] {processor.py:925} INFO - DAG(s) 'latest_only_with_trigger' retrieved from /home/airflow/.local/lib/python3.12/site-packages/airflow/example_dags/example_latest_only_with_trigger.py
[2025-12-04T12:44:46.634+0000] {logging_mixin.py:190} INFO - [2025-12-04T12:44:46.634+0000] {dag.py:3239} INFO - Sync 1 DAGs
[2025-12-04T12:44:46.663+0000] {logging_mixin.py:190} INFO - [2025-12-04T12:44:46.663+0000] {dag.py:4180} INFO - Setting next_dagrun for latest_only_with_trigger to 2025-12-04 08:00:00+00:00, run_after=2025-12-04 12:00:00+00:00
[2025-12-04T12:44:46.684+0000] {processor.py:208} INFO - Processing /home/airflow/.local/lib/python3.12/site-packages/airflow/example_dags/example_latest_only_with_trigger.py took 0.089 seconds
[2025-12-04T12:45:17.650+0000] {processor.py:186} INFO - Started process (PID=2489) to work on /home/airflow/.local/lib/python3.12/site-packages/airflow/example_dags/example_latest_only_with_trigger.py
[2025-12-04T12:45:17.651+0000] {processor.py:914} INFO - Processing file /home/airflow/.local/lib/python3.12/site-packages/airflow/example_dags/example_latest_only_with_trigger.py for tasks to queue
[2025-12-04T12:45:17.653+0000] {logging_mixin.py:190} INFO - [2025-12-04T12:45:17.652+0000] {dagbag.py:588} INFO - Filling up the DagBag from /home/airflow/.local/lib/python3.12/site-packages/airflow/example_dags/example_latest_only_with_trigger.py
[2025-12-04T12:45:17.660+0000] {processor.py:925} INFO - DAG(s) 'latest_only_with_trigger' retrieved from /home/airflow/.local/lib/python3.12/site-packages/airflow/example_dags/example_latest_only_with_trigger.py
[2025-12-04T12:45:17.681+0000] {logging_mixin.py:190} INFO - [2025-12-04T12:45:17.681+0000] {dag.py:3239} INFO - Sync 1 DAGs
[2025-12-04T12:45:17.709+0000] {logging_mixin.py:190} INFO - [2025-12-04T12:45:17.709+0000] {dag.py:4180} INFO - Setting next_dagrun for latest_only_with_trigger to 2025-12-04 08:00:00+00:00, run_after=2025-12-04 12:00:00+00:00
[2025-12-04T12:45:17.731+0000] {processor.py:208} INFO - Processing /home/airflow/.local/lib/python3.12/site-packages/airflow/example_dags/example_latest_only_with_trigger.py took 0.087 seconds
[2025-12-04T12:45:49.613+0000] {processor.py:186} INFO - Started process (PID=2562) to work on /home/airflow/.local/lib/python3.12/site-packages/airflow/example_dags/example_latest_only_with_trigger.py
[2025-12-04T12:45:49.615+0000] {processor.py:914} INFO - Processing file /home/airflow/.local/lib/python3.12/site-packages/airflow/example_dags/example_latest_only_with_trigger.py for tasks to queue
[2025-12-04T12:45:49.619+0000] {logging_mixin.py:190} INFO - [2025-12-04T12:45:49.618+0000] {dagbag.py:588} INFO - Filling up the DagBag from /home/airflow/.local/lib/python3.12/site-packages/airflow/example_dags/example_latest_only_with_trigger.py
[2025-12-04T12:45:49.634+0000] {processor.py:925} INFO - DAG(s) 'latest_only_with_trigger' retrieved from /home/airflow/.local/lib/python3.12/site-packages/airflow/example_dags/example_latest_only_with_trigger.py
[2025-12-04T12:45:49.660+0000] {logging_mixin.py:190} INFO - [2025-12-04T12:45:49.660+0000] {dag.py:3239} INFO - Sync 1 DAGs
[2025-12-04T12:45:49.691+0000] {logging_mixin.py:190} INFO - [2025-12-04T12:45:49.691+0000] {dag.py:4180} INFO - Setting next_dagrun for latest_only_with_trigger to 2025-12-04 08:00:00+00:00, run_after=2025-12-04 12:00:00+00:00
[2025-12-04T12:45:49.714+0000] {processor.py:208} INFO - Processing /home/airflow/.local/lib/python3.12/site-packages/airflow/example_dags/example_latest_only_with_trigger.py took 0.114 seconds
[2025-12-04T12:46:19.934+0000] {processor.py:186} INFO - Started process (PID=2628) to work on /home/airflow/.local/lib/python3.12/site-packages/airflow/example_dags/example_latest_only_with_trigger.py
[2025-12-04T12:46:19.935+0000] {processor.py:914} INFO - Processing file /home/airflow/.local/lib/python3.12/site-packages/airflow/example_dags/example_latest_only_with_trigger.py for tasks to queue
[2025-12-04T12:46:19.937+0000] {logging_mixin.py:190} INFO - [2025-12-04T12:46:19.936+0000] {dagbag.py:588} INFO - Filling up the DagBag from /home/airflow/.local/lib/python3.12/site-packages/airflow/example_dags/example_latest_only_with_trigger.py
[2025-12-04T12:46:19.943+0000] {processor.py:925} INFO - DAG(s) 'latest_only_with_trigger' retrieved from /home/airflow/.local/lib/python3.12/site-packages/airflow/example_dags/example_latest_only_with_trigger.py
[2025-12-04T12:46:19.968+0000] {logging_mixin.py:190} INFO - [2025-12-04T12:46:19.967+0000] {dag.py:3239} INFO - Sync 1 DAGs
[2025-12-04T12:46:19.997+0000] {logging_mixin.py:190} INFO - [2025-12-04T12:46:19.997+0000] {dag.py:4180} INFO - Setting next_dagrun for latest_only_with_trigger to 2025-12-04 08:00:00+00:00, run_after=2025-12-04 12:00:00+00:00
[2025-12-04T12:46:20.016+0000] {processor.py:208} INFO - Processing /home/airflow/.local/lib/python3.12/site-packages/airflow/example_dags/example_latest_only_with_trigger.py took 0.086 seconds
[2025-12-04T12:49:42.390+0000] {processor.py:186} INFO - Started process (PID=87) to work on /home/airflow/.local/lib/python3.12/site-packages/airflow/example_dags/example_latest_only_with_trigger.py
[2025-12-04T12:49:42.391+0000] {processor.py:914} INFO - Processing file /home/airflow/.local/lib/python3.12/site-packages/airflow/example_dags/example_latest_only_with_trigger.py for tasks to queue
[2025-12-04T12:49:42.393+0000] {logging_mixin.py:190} INFO - [2025-12-04T12:49:42.393+0000] {dagbag.py:588} INFO - Filling up the DagBag from /home/airflow/.local/lib/python3.12/site-packages/airflow/example_dags/example_latest_only_with_trigger.py
[2025-12-04T12:49:42.405+0000] {processor.py:925} INFO - DAG(s) 'latest_only_with_trigger' retrieved from /home/airflow/.local/lib/python3.12/site-packages/airflow/example_dags/example_latest_only_with_trigger.py
[2025-12-04T12:49:42.637+0000] {logging_mixin.py:190} INFO - [2025-12-04T12:49:42.636+0000] {override.py:1912} INFO - Created Permission View: can edit on DAG:latest_only_with_trigger
[2025-12-04T12:49:42.669+0000] {logging_mixin.py:190} INFO - [2025-12-04T12:49:42.669+0000] {override.py:1912} INFO - Created Permission View: can delete on DAG:latest_only_with_trigger
[2025-12-04T12:49:42.701+0000] {logging_mixin.py:190} INFO - [2025-12-04T12:49:42.700+0000] {override.py:1912} INFO - Created Permission View: can read on DAG:latest_only_with_trigger
[2025-12-04T12:49:42.715+0000] {logging_mixin.py:190} INFO - [2025-12-04T12:49:42.714+0000] {override.py:1912} INFO - Created Permission View: can delete on DAG Run:latest_only_with_trigger
[2025-12-04T12:49:42.725+0000] {logging_mixin.py:190} INFO - [2025-12-04T12:49:42.725+0000] {override.py:1912} INFO - Created Permission View: can create on DAG Run:latest_only_with_trigger
[2025-12-04T12:49:42.740+0000] {logging_mixin.py:190} INFO - [2025-12-04T12:49:42.739+0000] {override.py:1912} INFO - Created Permission View: can read on DAG Run:latest_only_with_trigger
[2025-12-04T12:49:42.769+0000] {logging_mixin.py:190} INFO - [2025-12-04T12:49:42.768+0000] {override.py:1912} INFO - Created Permission View: menu access on DAG Run:latest_only_with_trigger
[2025-12-04T12:49:42.769+0000] {logging_mixin.py:190} INFO - [2025-12-04T12:49:42.769+0000] {dag.py:3239} INFO - Sync 1 DAGs
[2025-12-04T12:49:42.786+0000] {logging_mixin.py:190} INFO - [2025-12-04T12:49:42.786+0000] {dag.py:3262} INFO - Creating ORM DAG for latest_only_with_trigger
[2025-12-04T12:49:42.800+0000] {logging_mixin.py:190} INFO - [2025-12-04T12:49:42.800+0000] {dag.py:4180} INFO - Setting next_dagrun for latest_only_with_trigger to 2025-12-04 08:00:00+00:00, run_after=2025-12-04 12:00:00+00:00
[2025-12-04T12:49:42.827+0000] {processor.py:208} INFO - Processing /home/airflow/.local/lib/python3.12/site-packages/airflow/example_dags/example_latest_only_with_trigger.py took 0.445 seconds
[2025-12-04T12:50:13.187+0000] {processor.py:186} INFO - Started process (PID=152) to work on /home/airflow/.local/lib/python3.12/site-packages/airflow/example_dags/example_latest_only_with_trigger.py
[2025-12-04T12:50:13.188+0000] {processor.py:914} INFO - Processing file /home/airflow/.local/lib/python3.12/site-packages/airflow/example_dags/example_latest_only_with_trigger.py for tasks to queue
[2025-12-04T12:50:13.190+0000] {logging_mixin.py:190} INFO - [2025-12-04T12:50:13.190+0000] {dagbag.py:588} INFO - Filling up the DagBag from /home/airflow/.local/lib/python3.12/site-packages/airflow/example_dags/example_latest_only_with_trigger.py
[2025-12-04T12:50:13.198+0000] {processor.py:925} INFO - DAG(s) 'latest_only_with_trigger' retrieved from /home/airflow/.local/lib/python3.12/site-packages/airflow/example_dags/example_latest_only_with_trigger.py
[2025-12-04T12:50:13.220+0000] {logging_mixin.py:190} INFO - [2025-12-04T12:50:13.220+0000] {dag.py:3239} INFO - Sync 1 DAGs
[2025-12-04T12:50:13.255+0000] {logging_mixin.py:190} INFO - [2025-12-04T12:50:13.254+0000] {dag.py:4180} INFO - Setting next_dagrun for latest_only_with_trigger to 2025-12-04 08:00:00+00:00, run_after=2025-12-04 12:00:00+00:00
[2025-12-04T12:50:13.296+0000] {processor.py:208} INFO - Processing /home/airflow/.local/lib/python3.12/site-packages/airflow/example_dags/example_latest_only_with_trigger.py took 0.116 seconds
[2025-12-04T12:50:43.669+0000] {processor.py:186} INFO - Started process (PID=217) to work on /home/airflow/.local/lib/python3.12/site-packages/airflow/example_dags/example_latest_only_with_trigger.py
[2025-12-04T12:50:43.670+0000] {processor.py:914} INFO - Processing file /home/airflow/.local/lib/python3.12/site-packages/airflow/example_dags/example_latest_only_with_trigger.py for tasks to queue
[2025-12-04T12:50:43.673+0000] {logging_mixin.py:190} INFO - [2025-12-04T12:50:43.672+0000] {dagbag.py:588} INFO - Filling up the DagBag from /home/airflow/.local/lib/python3.12/site-packages/airflow/example_dags/example_latest_only_with_trigger.py
[2025-12-04T12:50:43.680+0000] {processor.py:925} INFO - DAG(s) 'latest_only_with_trigger' retrieved from /home/airflow/.local/lib/python3.12/site-packages/airflow/example_dags/example_latest_only_with_trigger.py
[2025-12-04T12:50:43.702+0000] {logging_mixin.py:190} INFO - [2025-12-04T12:50:43.702+0000] {dag.py:3239} INFO - Sync 1 DAGs
[2025-12-04T12:50:43.731+0000] {logging_mixin.py:190} INFO - [2025-12-04T12:50:43.731+0000] {dag.py:4180} INFO - Setting next_dagrun for latest_only_with_trigger to 2025-12-04 08:00:00+00:00, run_after=2025-12-04 12:00:00+00:00
[2025-12-04T12:50:43.752+0000] {processor.py:208} INFO - Processing /home/airflow/.local/lib/python3.12/site-packages/airflow/example_dags/example_latest_only_with_trigger.py took 0.089 seconds
[2025-12-04T12:51:14.133+0000] {processor.py:186} INFO - Started process (PID=287) to work on /home/airflow/.local/lib/python3.12/site-packages/airflow/example_dags/example_latest_only_with_trigger.py
[2025-12-04T12:51:14.134+0000] {processor.py:914} INFO - Processing file /home/airflow/.local/lib/python3.12/site-packages/airflow/example_dags/example_latest_only_with_trigger.py for tasks to queue
[2025-12-04T12:51:14.135+0000] {logging_mixin.py:190} INFO - [2025-12-04T12:51:14.135+0000] {dagbag.py:588} INFO - Filling up the DagBag from /home/airflow/.local/lib/python3.12/site-packages/airflow/example_dags/example_latest_only_with_trigger.py
[2025-12-04T12:51:14.141+0000] {processor.py:925} INFO - DAG(s) 'latest_only_with_trigger' retrieved from /home/airflow/.local/lib/python3.12/site-packages/airflow/example_dags/example_latest_only_with_trigger.py
[2025-12-04T12:51:14.158+0000] {logging_mixin.py:190} INFO - [2025-12-04T12:51:14.158+0000] {dag.py:3239} INFO - Sync 1 DAGs
[2025-12-04T12:51:14.179+0000] {logging_mixin.py:190} INFO - [2025-12-04T12:51:14.179+0000] {dag.py:4180} INFO - Setting next_dagrun for latest_only_with_trigger to 2025-12-04 08:00:00+00:00, run_after=2025-12-04 12:00:00+00:00
[2025-12-04T12:51:14.195+0000] {processor.py:208} INFO - Processing /home/airflow/.local/lib/python3.12/site-packages/airflow/example_dags/example_latest_only_with_trigger.py took 0.067 seconds
[2025-12-04T12:51:45.160+0000] {processor.py:186} INFO - Started process (PID=367) to work on /home/airflow/.local/lib/python3.12/site-packages/airflow/example_dags/example_latest_only_with_trigger.py
[2025-12-04T12:51:45.161+0000] {processor.py:914} INFO - Processing file /home/airflow/.local/lib/python3.12/site-packages/airflow/example_dags/example_latest_only_with_trigger.py for tasks to queue
[2025-12-04T12:51:45.163+0000] {logging_mixin.py:190} INFO - [2025-12-04T12:51:45.163+0000] {dagbag.py:588} INFO - Filling up the DagBag from /home/airflow/.local/lib/python3.12/site-packages/airflow/example_dags/example_latest_only_with_trigger.py
[2025-12-04T12:51:45.171+0000] {processor.py:925} INFO - DAG(s) 'latest_only_with_trigger' retrieved from /home/airflow/.local/lib/python3.12/site-packages/airflow/example_dags/example_latest_only_with_trigger.py
[2025-12-04T12:51:45.193+0000] {logging_mixin.py:190} INFO - [2025-12-04T12:51:45.193+0000] {dag.py:3239} INFO - Sync 1 DAGs
[2025-12-04T12:51:45.224+0000] {logging_mixin.py:190} INFO - [2025-12-04T12:51:45.223+0000] {dag.py:4180} INFO - Setting next_dagrun for latest_only_with_trigger to 2025-12-04 08:00:00+00:00, run_after=2025-12-04 12:00:00+00:00
[2025-12-04T12:51:45.246+0000] {processor.py:208} INFO - Processing /home/airflow/.local/lib/python3.12/site-packages/airflow/example_dags/example_latest_only_with_trigger.py took 0.092 seconds
[2025-12-04T12:52:16.157+0000] {processor.py:186} INFO - Started process (PID=441) to work on /home/airflow/.local/lib/python3.12/site-packages/airflow/example_dags/example_latest_only_with_trigger.py
[2025-12-04T12:52:16.158+0000] {processor.py:914} INFO - Processing file /home/airflow/.local/lib/python3.12/site-packages/airflow/example_dags/example_latest_only_with_trigger.py for tasks to queue
[2025-12-04T12:52:16.160+0000] {logging_mixin.py:190} INFO - [2025-12-04T12:52:16.159+0000] {dagbag.py:588} INFO - Filling up the DagBag from /home/airflow/.local/lib/python3.12/site-packages/airflow/example_dags/example_latest_only_with_trigger.py
[2025-12-04T12:52:16.167+0000] {processor.py:925} INFO - DAG(s) 'latest_only_with_trigger' retrieved from /home/airflow/.local/lib/python3.12/site-packages/airflow/example_dags/example_latest_only_with_trigger.py
[2025-12-04T12:52:16.189+0000] {logging_mixin.py:190} INFO - [2025-12-04T12:52:16.189+0000] {dag.py:3239} INFO - Sync 1 DAGs
[2025-12-04T12:52:16.219+0000] {logging_mixin.py:190} INFO - [2025-12-04T12:52:16.218+0000] {dag.py:4180} INFO - Setting next_dagrun for latest_only_with_trigger to 2025-12-04 08:00:00+00:00, run_after=2025-12-04 12:00:00+00:00
[2025-12-04T12:52:16.240+0000] {processor.py:208} INFO - Processing /home/airflow/.local/lib/python3.12/site-packages/airflow/example_dags/example_latest_only_with_trigger.py took 0.090 seconds
[2025-12-04T12:52:47.576+0000] {processor.py:186} INFO - Started process (PID=507) to work on /home/airflow/.local/lib/python3.12/site-packages/airflow/example_dags/example_latest_only_with_trigger.py
[2025-12-04T12:52:47.577+0000] {processor.py:914} INFO - Processing file /home/airflow/.local/lib/python3.12/site-packages/airflow/example_dags/example_latest_only_with_trigger.py for tasks to queue
[2025-12-04T12:52:47.578+0000] {logging_mixin.py:190} INFO - [2025-12-04T12:52:47.578+0000] {dagbag.py:588} INFO - Filling up the DagBag from /home/airflow/.local/lib/python3.12/site-packages/airflow/example_dags/example_latest_only_with_trigger.py
[2025-12-04T12:52:47.586+0000] {processor.py:925} INFO - DAG(s) 'latest_only_with_trigger' retrieved from /home/airflow/.local/lib/python3.12/site-packages/airflow/example_dags/example_latest_only_with_trigger.py
[2025-12-04T12:52:47.608+0000] {logging_mixin.py:190} INFO - [2025-12-04T12:52:47.608+0000] {dag.py:3239} INFO - Sync 1 DAGs
[2025-12-04T12:52:47.637+0000] {logging_mixin.py:190} INFO - [2025-12-04T12:52:47.636+0000] {dag.py:4180} INFO - Setting next_dagrun for latest_only_with_trigger to 2025-12-04 08:00:00+00:00, run_after=2025-12-04 12:00:00+00:00
[2025-12-04T12:52:47.658+0000] {processor.py:208} INFO - Processing /home/airflow/.local/lib/python3.12/site-packages/airflow/example_dags/example_latest_only_with_trigger.py took 0.090 seconds
[2025-12-04T12:53:19.114+0000] {processor.py:186} INFO - Started process (PID=573) to work on /home/airflow/.local/lib/python3.12/site-packages/airflow/example_dags/example_latest_only_with_trigger.py
[2025-12-04T12:53:19.115+0000] {processor.py:914} INFO - Processing file /home/airflow/.local/lib/python3.12/site-packages/airflow/example_dags/example_latest_only_with_trigger.py for tasks to queue
[2025-12-04T12:53:19.117+0000] {logging_mixin.py:190} INFO - [2025-12-04T12:53:19.117+0000] {dagbag.py:588} INFO - Filling up the DagBag from /home/airflow/.local/lib/python3.12/site-packages/airflow/example_dags/example_latest_only_with_trigger.py
[2025-12-04T12:53:19.126+0000] {processor.py:925} INFO - DAG(s) 'latest_only_with_trigger' retrieved from /home/airflow/.local/lib/python3.12/site-packages/airflow/example_dags/example_latest_only_with_trigger.py
[2025-12-04T12:53:19.150+0000] {logging_mixin.py:190} INFO - [2025-12-04T12:53:19.149+0000] {dag.py:3239} INFO - Sync 1 DAGs
[2025-12-04T12:53:19.183+0000] {logging_mixin.py:190} INFO - [2025-12-04T12:53:19.182+0000] {dag.py:4180} INFO - Setting next_dagrun for latest_only_with_trigger to 2025-12-04 08:00:00+00:00, run_after=2025-12-04 12:00:00+00:00
[2025-12-04T12:53:19.206+0000] {processor.py:208} INFO - Processing /home/airflow/.local/lib/python3.12/site-packages/airflow/example_dags/example_latest_only_with_trigger.py took 0.098 seconds
[2025-12-04T12:53:50.720+0000] {processor.py:186} INFO - Started process (PID=639) to work on /home/airflow/.local/lib/python3.12/site-packages/airflow/example_dags/example_latest_only_with_trigger.py
[2025-12-04T12:53:50.720+0000] {processor.py:914} INFO - Processing file /home/airflow/.local/lib/python3.12/site-packages/airflow/example_dags/example_latest_only_with_trigger.py for tasks to queue
[2025-12-04T12:53:50.722+0000] {logging_mixin.py:190} INFO - [2025-12-04T12:53:50.722+0000] {dagbag.py:588} INFO - Filling up the DagBag from /home/airflow/.local/lib/python3.12/site-packages/airflow/example_dags/example_latest_only_with_trigger.py
[2025-12-04T12:53:50.729+0000] {processor.py:925} INFO - DAG(s) 'latest_only_with_trigger' retrieved from /home/airflow/.local/lib/python3.12/site-packages/airflow/example_dags/example_latest_only_with_trigger.py
[2025-12-04T12:53:50.748+0000] {logging_mixin.py:190} INFO - [2025-12-04T12:53:50.748+0000] {dag.py:3239} INFO - Sync 1 DAGs
[2025-12-04T12:53:50.773+0000] {logging_mixin.py:190} INFO - [2025-12-04T12:53:50.773+0000] {dag.py:4180} INFO - Setting next_dagrun for latest_only_with_trigger to 2025-12-04 08:00:00+00:00, run_after=2025-12-04 12:00:00+00:00
[2025-12-04T12:53:50.794+0000] {processor.py:208} INFO - Processing /home/airflow/.local/lib/python3.12/site-packages/airflow/example_dags/example_latest_only_with_trigger.py took 0.080 seconds
[2025-12-04T12:54:22.081+0000] {processor.py:186} INFO - Started process (PID=705) to work on /home/airflow/.local/lib/python3.12/site-packages/airflow/example_dags/example_latest_only_with_trigger.py
[2025-12-04T12:54:22.082+0000] {processor.py:914} INFO - Processing file /home/airflow/.local/lib/python3.12/site-packages/airflow/example_dags/example_latest_only_with_trigger.py for tasks to queue
[2025-12-04T12:54:22.084+0000] {logging_mixin.py:190} INFO - [2025-12-04T12:54:22.084+0000] {dagbag.py:588} INFO - Filling up the DagBag from /home/airflow/.local/lib/python3.12/site-packages/airflow/example_dags/example_latest_only_with_trigger.py
[2025-12-04T12:54:22.092+0000] {processor.py:925} INFO - DAG(s) 'latest_only_with_trigger' retrieved from /home/airflow/.local/lib/python3.12/site-packages/airflow/example_dags/example_latest_only_with_trigger.py
[2025-12-04T12:54:22.113+0000] {logging_mixin.py:190} INFO - [2025-12-04T12:54:22.113+0000] {dag.py:3239} INFO - Sync 1 DAGs
[2025-12-04T12:54:22.143+0000] {logging_mixin.py:190} INFO - [2025-12-04T12:54:22.143+0000] {dag.py:4180} INFO - Setting next_dagrun for latest_only_with_trigger to 2025-12-04 08:00:00+00:00, run_after=2025-12-04 12:00:00+00:00
[2025-12-04T12:54:22.165+0000] {processor.py:208} INFO - Processing /home/airflow/.local/lib/python3.12/site-packages/airflow/example_dags/example_latest_only_with_trigger.py took 0.090 seconds
