[2025-12-04T12:26:30.005+0000] {processor.py:186} INFO - Started process (PID=88) to work on /home/airflow/.local/lib/python3.12/site-packages/airflow/example_dags/example_complex.py
[2025-12-04T12:26:30.005+0000] {processor.py:914} INFO - Processing file /home/airflow/.local/lib/python3.12/site-packages/airflow/example_dags/example_complex.py for tasks to queue
[2025-12-04T12:26:30.007+0000] {logging_mixin.py:190} INFO - [2025-12-04T12:26:30.006+0000] {dagbag.py:588} INFO - Filling up the DagBag from /home/airflow/.local/lib/python3.12/site-packages/airflow/example_dags/example_complex.py
[2025-12-04T12:26:30.018+0000] {processor.py:925} INFO - DAG(s) 'example_complex' retrieved from /home/airflow/.local/lib/python3.12/site-packages/airflow/example_dags/example_complex.py
[2025-12-04T12:26:30.120+0000] {logging_mixin.py:190} INFO - [2025-12-04T12:26:30.119+0000] {override.py:1912} INFO - Created Permission View: can delete on DAG:example_complex
[2025-12-04T12:26:30.132+0000] {logging_mixin.py:190} INFO - [2025-12-04T12:26:30.131+0000] {override.py:1912} INFO - Created Permission View: can edit on DAG:example_complex
[2025-12-04T12:26:30.140+0000] {logging_mixin.py:190} INFO - [2025-12-04T12:26:30.139+0000] {override.py:1912} INFO - Created Permission View: can read on DAG:example_complex
[2025-12-04T12:26:30.148+0000] {logging_mixin.py:190} INFO - [2025-12-04T12:26:30.148+0000] {override.py:1912} INFO - Created Permission View: can delete on DAG Run:example_complex
[2025-12-04T12:26:30.156+0000] {logging_mixin.py:190} INFO - [2025-12-04T12:26:30.156+0000] {override.py:1912} INFO - Created Permission View: can read on DAG Run:example_complex
[2025-12-04T12:26:30.165+0000] {logging_mixin.py:190} INFO - [2025-12-04T12:26:30.164+0000] {override.py:1912} INFO - Created Permission View: can create on DAG Run:example_complex
[2025-12-04T12:26:30.173+0000] {logging_mixin.py:190} INFO - [2025-12-04T12:26:30.172+0000] {override.py:1912} INFO - Created Permission View: menu access on DAG Run:example_complex
[2025-12-04T12:26:30.173+0000] {logging_mixin.py:190} INFO - [2025-12-04T12:26:30.173+0000] {dag.py:3239} INFO - Sync 1 DAGs
[2025-12-04T12:26:30.186+0000] {logging_mixin.py:190} INFO - [2025-12-04T12:26:30.186+0000] {dag.py:3262} INFO - Creating ORM DAG for example_complex
[2025-12-04T12:26:30.186+0000] {logging_mixin.py:190} INFO - [2025-12-04T12:26:30.186+0000] {dag.py:4180} INFO - Setting next_dagrun for example_complex to None, run_after=None
[2025-12-04T12:26:30.203+0000] {processor.py:208} INFO - Processing /home/airflow/.local/lib/python3.12/site-packages/airflow/example_dags/example_complex.py took 0.203 seconds
[2025-12-04T12:27:00.847+0000] {processor.py:186} INFO - Started process (PID=153) to work on /home/airflow/.local/lib/python3.12/site-packages/airflow/example_dags/example_complex.py
[2025-12-04T12:27:00.848+0000] {processor.py:914} INFO - Processing file /home/airflow/.local/lib/python3.12/site-packages/airflow/example_dags/example_complex.py for tasks to queue
[2025-12-04T12:27:00.851+0000] {logging_mixin.py:190} INFO - [2025-12-04T12:27:00.850+0000] {dagbag.py:588} INFO - Filling up the DagBag from /home/airflow/.local/lib/python3.12/site-packages/airflow/example_dags/example_complex.py
[2025-12-04T12:27:00.866+0000] {processor.py:925} INFO - DAG(s) 'example_complex' retrieved from /home/airflow/.local/lib/python3.12/site-packages/airflow/example_dags/example_complex.py
[2025-12-04T12:27:00.906+0000] {logging_mixin.py:190} INFO - [2025-12-04T12:27:00.906+0000] {dag.py:3239} INFO - Sync 1 DAGs
[2025-12-04T12:27:00.924+0000] {logging_mixin.py:190} INFO - [2025-12-04T12:27:00.924+0000] {dag.py:4180} INFO - Setting next_dagrun for example_complex to None, run_after=None
[2025-12-04T12:27:00.950+0000] {processor.py:208} INFO - Processing /home/airflow/.local/lib/python3.12/site-packages/airflow/example_dags/example_complex.py took 0.109 seconds
[2025-12-04T12:27:31.080+0000] {processor.py:186} INFO - Started process (PID=218) to work on /home/airflow/.local/lib/python3.12/site-packages/airflow/example_dags/example_complex.py
[2025-12-04T12:27:31.081+0000] {processor.py:914} INFO - Processing file /home/airflow/.local/lib/python3.12/site-packages/airflow/example_dags/example_complex.py for tasks to queue
[2025-12-04T12:27:31.083+0000] {logging_mixin.py:190} INFO - [2025-12-04T12:27:31.082+0000] {dagbag.py:588} INFO - Filling up the DagBag from /home/airflow/.local/lib/python3.12/site-packages/airflow/example_dags/example_complex.py
[2025-12-04T12:27:31.096+0000] {processor.py:925} INFO - DAG(s) 'example_complex' retrieved from /home/airflow/.local/lib/python3.12/site-packages/airflow/example_dags/example_complex.py
[2025-12-04T12:27:31.133+0000] {logging_mixin.py:190} INFO - [2025-12-04T12:27:31.132+0000] {dag.py:3239} INFO - Sync 1 DAGs
[2025-12-04T12:27:31.151+0000] {logging_mixin.py:190} INFO - [2025-12-04T12:27:31.151+0000] {dag.py:4180} INFO - Setting next_dagrun for example_complex to None, run_after=None
[2025-12-04T12:27:31.172+0000] {processor.py:208} INFO - Processing /home/airflow/.local/lib/python3.12/site-packages/airflow/example_dags/example_complex.py took 0.098 seconds
[2025-12-04T12:28:01.338+0000] {processor.py:186} INFO - Started process (PID=284) to work on /home/airflow/.local/lib/python3.12/site-packages/airflow/example_dags/example_complex.py
[2025-12-04T12:28:01.339+0000] {processor.py:914} INFO - Processing file /home/airflow/.local/lib/python3.12/site-packages/airflow/example_dags/example_complex.py for tasks to queue
[2025-12-04T12:28:01.341+0000] {logging_mixin.py:190} INFO - [2025-12-04T12:28:01.340+0000] {dagbag.py:588} INFO - Filling up the DagBag from /home/airflow/.local/lib/python3.12/site-packages/airflow/example_dags/example_complex.py
[2025-12-04T12:28:01.355+0000] {processor.py:925} INFO - DAG(s) 'example_complex' retrieved from /home/airflow/.local/lib/python3.12/site-packages/airflow/example_dags/example_complex.py
[2025-12-04T12:28:01.392+0000] {logging_mixin.py:190} INFO - [2025-12-04T12:28:01.392+0000] {dag.py:3239} INFO - Sync 1 DAGs
[2025-12-04T12:28:01.408+0000] {logging_mixin.py:190} INFO - [2025-12-04T12:28:01.408+0000] {dag.py:4180} INFO - Setting next_dagrun for example_complex to None, run_after=None
[2025-12-04T12:28:01.429+0000] {processor.py:208} INFO - Processing /home/airflow/.local/lib/python3.12/site-packages/airflow/example_dags/example_complex.py took 0.097 seconds
[2025-12-04T12:28:32.087+0000] {processor.py:186} INFO - Started process (PID=350) to work on /home/airflow/.local/lib/python3.12/site-packages/airflow/example_dags/example_complex.py
[2025-12-04T12:28:32.088+0000] {processor.py:914} INFO - Processing file /home/airflow/.local/lib/python3.12/site-packages/airflow/example_dags/example_complex.py for tasks to queue
[2025-12-04T12:28:32.091+0000] {logging_mixin.py:190} INFO - [2025-12-04T12:28:32.090+0000] {dagbag.py:588} INFO - Filling up the DagBag from /home/airflow/.local/lib/python3.12/site-packages/airflow/example_dags/example_complex.py
[2025-12-04T12:28:32.113+0000] {processor.py:925} INFO - DAG(s) 'example_complex' retrieved from /home/airflow/.local/lib/python3.12/site-packages/airflow/example_dags/example_complex.py
[2025-12-04T12:28:32.153+0000] {logging_mixin.py:190} INFO - [2025-12-04T12:28:32.153+0000] {dag.py:3239} INFO - Sync 1 DAGs
[2025-12-04T12:28:32.171+0000] {logging_mixin.py:190} INFO - [2025-12-04T12:28:32.171+0000] {dag.py:4180} INFO - Setting next_dagrun for example_complex to None, run_after=None
[2025-12-04T12:28:32.194+0000] {processor.py:208} INFO - Processing /home/airflow/.local/lib/python3.12/site-packages/airflow/example_dags/example_complex.py took 0.116 seconds
[2025-12-04T12:29:02.655+0000] {processor.py:186} INFO - Started process (PID=416) to work on /home/airflow/.local/lib/python3.12/site-packages/airflow/example_dags/example_complex.py
[2025-12-04T12:29:02.656+0000] {processor.py:914} INFO - Processing file /home/airflow/.local/lib/python3.12/site-packages/airflow/example_dags/example_complex.py for tasks to queue
[2025-12-04T12:29:02.658+0000] {logging_mixin.py:190} INFO - [2025-12-04T12:29:02.658+0000] {dagbag.py:588} INFO - Filling up the DagBag from /home/airflow/.local/lib/python3.12/site-packages/airflow/example_dags/example_complex.py
[2025-12-04T12:29:02.671+0000] {processor.py:925} INFO - DAG(s) 'example_complex' retrieved from /home/airflow/.local/lib/python3.12/site-packages/airflow/example_dags/example_complex.py
[2025-12-04T12:29:02.709+0000] {logging_mixin.py:190} INFO - [2025-12-04T12:29:02.709+0000] {dag.py:3239} INFO - Sync 1 DAGs
[2025-12-04T12:29:02.726+0000] {logging_mixin.py:190} INFO - [2025-12-04T12:29:02.725+0000] {dag.py:4180} INFO - Setting next_dagrun for example_complex to None, run_after=None
[2025-12-04T12:29:02.748+0000] {processor.py:208} INFO - Processing /home/airflow/.local/lib/python3.12/site-packages/airflow/example_dags/example_complex.py took 0.099 seconds
[2025-12-04T12:29:33.461+0000] {processor.py:186} INFO - Started process (PID=482) to work on /home/airflow/.local/lib/python3.12/site-packages/airflow/example_dags/example_complex.py
[2025-12-04T12:29:33.462+0000] {processor.py:914} INFO - Processing file /home/airflow/.local/lib/python3.12/site-packages/airflow/example_dags/example_complex.py for tasks to queue
[2025-12-04T12:29:33.464+0000] {logging_mixin.py:190} INFO - [2025-12-04T12:29:33.463+0000] {dagbag.py:588} INFO - Filling up the DagBag from /home/airflow/.local/lib/python3.12/site-packages/airflow/example_dags/example_complex.py
[2025-12-04T12:29:33.479+0000] {processor.py:925} INFO - DAG(s) 'example_complex' retrieved from /home/airflow/.local/lib/python3.12/site-packages/airflow/example_dags/example_complex.py
[2025-12-04T12:29:33.521+0000] {logging_mixin.py:190} INFO - [2025-12-04T12:29:33.521+0000] {dag.py:3239} INFO - Sync 1 DAGs
[2025-12-04T12:29:33.538+0000] {logging_mixin.py:190} INFO - [2025-12-04T12:29:33.538+0000] {dag.py:4180} INFO - Setting next_dagrun for example_complex to None, run_after=None
[2025-12-04T12:29:33.563+0000] {processor.py:208} INFO - Processing /home/airflow/.local/lib/python3.12/site-packages/airflow/example_dags/example_complex.py took 0.108 seconds
[2025-12-04T12:30:04.012+0000] {processor.py:186} INFO - Started process (PID=553) to work on /home/airflow/.local/lib/python3.12/site-packages/airflow/example_dags/example_complex.py
[2025-12-04T12:30:04.013+0000] {processor.py:914} INFO - Processing file /home/airflow/.local/lib/python3.12/site-packages/airflow/example_dags/example_complex.py for tasks to queue
[2025-12-04T12:30:04.015+0000] {logging_mixin.py:190} INFO - [2025-12-04T12:30:04.015+0000] {dagbag.py:588} INFO - Filling up the DagBag from /home/airflow/.local/lib/python3.12/site-packages/airflow/example_dags/example_complex.py
[2025-12-04T12:30:04.029+0000] {processor.py:925} INFO - DAG(s) 'example_complex' retrieved from /home/airflow/.local/lib/python3.12/site-packages/airflow/example_dags/example_complex.py
[2025-12-04T12:30:04.067+0000] {logging_mixin.py:190} INFO - [2025-12-04T12:30:04.066+0000] {dag.py:3239} INFO - Sync 1 DAGs
[2025-12-04T12:30:04.083+0000] {logging_mixin.py:190} INFO - [2025-12-04T12:30:04.083+0000] {dag.py:4180} INFO - Setting next_dagrun for example_complex to None, run_after=None
[2025-12-04T12:30:04.104+0000] {processor.py:208} INFO - Processing /home/airflow/.local/lib/python3.12/site-packages/airflow/example_dags/example_complex.py took 0.097 seconds
[2025-12-04T12:30:35.380+0000] {processor.py:186} INFO - Started process (PID=620) to work on /home/airflow/.local/lib/python3.12/site-packages/airflow/example_dags/example_complex.py
[2025-12-04T12:30:35.381+0000] {processor.py:914} INFO - Processing file /home/airflow/.local/lib/python3.12/site-packages/airflow/example_dags/example_complex.py for tasks to queue
[2025-12-04T12:30:35.383+0000] {logging_mixin.py:190} INFO - [2025-12-04T12:30:35.383+0000] {dagbag.py:588} INFO - Filling up the DagBag from /home/airflow/.local/lib/python3.12/site-packages/airflow/example_dags/example_complex.py
[2025-12-04T12:30:35.397+0000] {processor.py:925} INFO - DAG(s) 'example_complex' retrieved from /home/airflow/.local/lib/python3.12/site-packages/airflow/example_dags/example_complex.py
[2025-12-04T12:30:35.436+0000] {logging_mixin.py:190} INFO - [2025-12-04T12:30:35.435+0000] {dag.py:3239} INFO - Sync 1 DAGs
[2025-12-04T12:30:35.456+0000] {logging_mixin.py:190} INFO - [2025-12-04T12:30:35.455+0000] {dag.py:4180} INFO - Setting next_dagrun for example_complex to None, run_after=None
[2025-12-04T12:30:35.480+0000] {processor.py:208} INFO - Processing /home/airflow/.local/lib/python3.12/site-packages/airflow/example_dags/example_complex.py took 0.106 seconds
[2025-12-04T12:31:06.773+0000] {processor.py:186} INFO - Started process (PID=686) to work on /home/airflow/.local/lib/python3.12/site-packages/airflow/example_dags/example_complex.py
[2025-12-04T12:31:06.774+0000] {processor.py:914} INFO - Processing file /home/airflow/.local/lib/python3.12/site-packages/airflow/example_dags/example_complex.py for tasks to queue
[2025-12-04T12:31:06.776+0000] {logging_mixin.py:190} INFO - [2025-12-04T12:31:06.776+0000] {dagbag.py:588} INFO - Filling up the DagBag from /home/airflow/.local/lib/python3.12/site-packages/airflow/example_dags/example_complex.py
[2025-12-04T12:31:06.790+0000] {processor.py:925} INFO - DAG(s) 'example_complex' retrieved from /home/airflow/.local/lib/python3.12/site-packages/airflow/example_dags/example_complex.py
[2025-12-04T12:31:06.838+0000] {logging_mixin.py:190} INFO - [2025-12-04T12:31:06.837+0000] {dag.py:3239} INFO - Sync 1 DAGs
[2025-12-04T12:31:06.857+0000] {logging_mixin.py:190} INFO - [2025-12-04T12:31:06.856+0000] {dag.py:4180} INFO - Setting next_dagrun for example_complex to None, run_after=None
[2025-12-04T12:31:06.880+0000] {processor.py:208} INFO - Processing /home/airflow/.local/lib/python3.12/site-packages/airflow/example_dags/example_complex.py took 0.112 seconds
[2025-12-04T12:31:38.419+0000] {processor.py:186} INFO - Started process (PID=751) to work on /home/airflow/.local/lib/python3.12/site-packages/airflow/example_dags/example_complex.py
[2025-12-04T12:31:38.420+0000] {processor.py:914} INFO - Processing file /home/airflow/.local/lib/python3.12/site-packages/airflow/example_dags/example_complex.py for tasks to queue
[2025-12-04T12:31:38.422+0000] {logging_mixin.py:190} INFO - [2025-12-04T12:31:38.422+0000] {dagbag.py:588} INFO - Filling up the DagBag from /home/airflow/.local/lib/python3.12/site-packages/airflow/example_dags/example_complex.py
[2025-12-04T12:31:38.436+0000] {processor.py:925} INFO - DAG(s) 'example_complex' retrieved from /home/airflow/.local/lib/python3.12/site-packages/airflow/example_dags/example_complex.py
[2025-12-04T12:31:38.483+0000] {logging_mixin.py:190} INFO - [2025-12-04T12:31:38.483+0000] {dag.py:3239} INFO - Sync 1 DAGs
[2025-12-04T12:31:38.500+0000] {logging_mixin.py:190} INFO - [2025-12-04T12:31:38.500+0000] {dag.py:4180} INFO - Setting next_dagrun for example_complex to None, run_after=None
[2025-12-04T12:31:38.522+0000] {processor.py:208} INFO - Processing /home/airflow/.local/lib/python3.12/site-packages/airflow/example_dags/example_complex.py took 0.109 seconds
[2025-12-04T12:32:09.919+0000] {processor.py:186} INFO - Started process (PID=817) to work on /home/airflow/.local/lib/python3.12/site-packages/airflow/example_dags/example_complex.py
[2025-12-04T12:32:09.920+0000] {processor.py:914} INFO - Processing file /home/airflow/.local/lib/python3.12/site-packages/airflow/example_dags/example_complex.py for tasks to queue
[2025-12-04T12:32:09.922+0000] {logging_mixin.py:190} INFO - [2025-12-04T12:32:09.921+0000] {dagbag.py:588} INFO - Filling up the DagBag from /home/airflow/.local/lib/python3.12/site-packages/airflow/example_dags/example_complex.py
[2025-12-04T12:32:09.935+0000] {processor.py:925} INFO - DAG(s) 'example_complex' retrieved from /home/airflow/.local/lib/python3.12/site-packages/airflow/example_dags/example_complex.py
[2025-12-04T12:32:09.973+0000] {logging_mixin.py:190} INFO - [2025-12-04T12:32:09.972+0000] {dag.py:3239} INFO - Sync 1 DAGs
[2025-12-04T12:32:09.991+0000] {logging_mixin.py:190} INFO - [2025-12-04T12:32:09.991+0000] {dag.py:4180} INFO - Setting next_dagrun for example_complex to None, run_after=None
[2025-12-04T12:32:10.013+0000] {processor.py:208} INFO - Processing /home/airflow/.local/lib/python3.12/site-packages/airflow/example_dags/example_complex.py took 0.100 seconds
[2025-12-04T12:32:41.508+0000] {processor.py:186} INFO - Started process (PID=884) to work on /home/airflow/.local/lib/python3.12/site-packages/airflow/example_dags/example_complex.py
[2025-12-04T12:32:41.509+0000] {processor.py:914} INFO - Processing file /home/airflow/.local/lib/python3.12/site-packages/airflow/example_dags/example_complex.py for tasks to queue
[2025-12-04T12:32:41.511+0000] {logging_mixin.py:190} INFO - [2025-12-04T12:32:41.510+0000] {dagbag.py:588} INFO - Filling up the DagBag from /home/airflow/.local/lib/python3.12/site-packages/airflow/example_dags/example_complex.py
[2025-12-04T12:32:41.524+0000] {processor.py:925} INFO - DAG(s) 'example_complex' retrieved from /home/airflow/.local/lib/python3.12/site-packages/airflow/example_dags/example_complex.py
[2025-12-04T12:32:41.563+0000] {logging_mixin.py:190} INFO - [2025-12-04T12:32:41.562+0000] {dag.py:3239} INFO - Sync 1 DAGs
[2025-12-04T12:32:41.581+0000] {logging_mixin.py:190} INFO - [2025-12-04T12:32:41.581+0000] {dag.py:4180} INFO - Setting next_dagrun for example_complex to None, run_after=None
[2025-12-04T12:32:41.603+0000] {processor.py:208} INFO - Processing /home/airflow/.local/lib/python3.12/site-packages/airflow/example_dags/example_complex.py took 0.101 seconds
[2025-12-04T12:33:12.980+0000] {processor.py:186} INFO - Started process (PID=950) to work on /home/airflow/.local/lib/python3.12/site-packages/airflow/example_dags/example_complex.py
[2025-12-04T12:33:12.981+0000] {processor.py:914} INFO - Processing file /home/airflow/.local/lib/python3.12/site-packages/airflow/example_dags/example_complex.py for tasks to queue
[2025-12-04T12:33:12.983+0000] {logging_mixin.py:190} INFO - [2025-12-04T12:33:12.983+0000] {dagbag.py:588} INFO - Filling up the DagBag from /home/airflow/.local/lib/python3.12/site-packages/airflow/example_dags/example_complex.py
[2025-12-04T12:33:12.997+0000] {processor.py:925} INFO - DAG(s) 'example_complex' retrieved from /home/airflow/.local/lib/python3.12/site-packages/airflow/example_dags/example_complex.py
[2025-12-04T12:33:13.035+0000] {logging_mixin.py:190} INFO - [2025-12-04T12:33:13.034+0000] {dag.py:3239} INFO - Sync 1 DAGs
[2025-12-04T12:33:13.057+0000] {logging_mixin.py:190} INFO - [2025-12-04T12:33:13.057+0000] {dag.py:4180} INFO - Setting next_dagrun for example_complex to None, run_after=None
[2025-12-04T12:33:13.082+0000] {processor.py:208} INFO - Processing /home/airflow/.local/lib/python3.12/site-packages/airflow/example_dags/example_complex.py took 0.108 seconds
[2025-12-04T12:33:44.848+0000] {processor.py:186} INFO - Started process (PID=1016) to work on /home/airflow/.local/lib/python3.12/site-packages/airflow/example_dags/example_complex.py
[2025-12-04T12:33:44.849+0000] {processor.py:914} INFO - Processing file /home/airflow/.local/lib/python3.12/site-packages/airflow/example_dags/example_complex.py for tasks to queue
[2025-12-04T12:33:44.852+0000] {logging_mixin.py:190} INFO - [2025-12-04T12:33:44.851+0000] {dagbag.py:588} INFO - Filling up the DagBag from /home/airflow/.local/lib/python3.12/site-packages/airflow/example_dags/example_complex.py
[2025-12-04T12:33:44.874+0000] {processor.py:925} INFO - DAG(s) 'example_complex' retrieved from /home/airflow/.local/lib/python3.12/site-packages/airflow/example_dags/example_complex.py
[2025-12-04T12:33:44.915+0000] {logging_mixin.py:190} INFO - [2025-12-04T12:33:44.914+0000] {dag.py:3239} INFO - Sync 1 DAGs
[2025-12-04T12:33:44.932+0000] {logging_mixin.py:190} INFO - [2025-12-04T12:33:44.932+0000] {dag.py:4180} INFO - Setting next_dagrun for example_complex to None, run_after=None
[2025-12-04T12:33:44.954+0000] {processor.py:208} INFO - Processing /home/airflow/.local/lib/python3.12/site-packages/airflow/example_dags/example_complex.py took 0.115 seconds
[2025-12-04T12:34:16.437+0000] {processor.py:186} INFO - Started process (PID=1082) to work on /home/airflow/.local/lib/python3.12/site-packages/airflow/example_dags/example_complex.py
[2025-12-04T12:34:16.438+0000] {processor.py:914} INFO - Processing file /home/airflow/.local/lib/python3.12/site-packages/airflow/example_dags/example_complex.py for tasks to queue
[2025-12-04T12:34:16.440+0000] {logging_mixin.py:190} INFO - [2025-12-04T12:34:16.440+0000] {dagbag.py:588} INFO - Filling up the DagBag from /home/airflow/.local/lib/python3.12/site-packages/airflow/example_dags/example_complex.py
[2025-12-04T12:34:16.456+0000] {processor.py:925} INFO - DAG(s) 'example_complex' retrieved from /home/airflow/.local/lib/python3.12/site-packages/airflow/example_dags/example_complex.py
[2025-12-04T12:34:16.497+0000] {logging_mixin.py:190} INFO - [2025-12-04T12:34:16.497+0000] {dag.py:3239} INFO - Sync 1 DAGs
[2025-12-04T12:34:16.515+0000] {logging_mixin.py:190} INFO - [2025-12-04T12:34:16.515+0000] {dag.py:4180} INFO - Setting next_dagrun for example_complex to None, run_after=None
[2025-12-04T12:34:16.537+0000] {processor.py:208} INFO - Processing /home/airflow/.local/lib/python3.12/site-packages/airflow/example_dags/example_complex.py took 0.107 seconds
[2025-12-04T12:34:47.734+0000] {processor.py:186} INFO - Started process (PID=1148) to work on /home/airflow/.local/lib/python3.12/site-packages/airflow/example_dags/example_complex.py
[2025-12-04T12:34:47.735+0000] {processor.py:914} INFO - Processing file /home/airflow/.local/lib/python3.12/site-packages/airflow/example_dags/example_complex.py for tasks to queue
[2025-12-04T12:34:47.737+0000] {logging_mixin.py:190} INFO - [2025-12-04T12:34:47.737+0000] {dagbag.py:588} INFO - Filling up the DagBag from /home/airflow/.local/lib/python3.12/site-packages/airflow/example_dags/example_complex.py
[2025-12-04T12:34:47.751+0000] {processor.py:925} INFO - DAG(s) 'example_complex' retrieved from /home/airflow/.local/lib/python3.12/site-packages/airflow/example_dags/example_complex.py
[2025-12-04T12:34:47.789+0000] {logging_mixin.py:190} INFO - [2025-12-04T12:34:47.789+0000] {dag.py:3239} INFO - Sync 1 DAGs
[2025-12-04T12:34:47.806+0000] {logging_mixin.py:190} INFO - [2025-12-04T12:34:47.806+0000] {dag.py:4180} INFO - Setting next_dagrun for example_complex to None, run_after=None
[2025-12-04T12:34:47.829+0000] {processor.py:208} INFO - Processing /home/airflow/.local/lib/python3.12/site-packages/airflow/example_dags/example_complex.py took 0.101 seconds
[2025-12-04T12:35:19.254+0000] {processor.py:186} INFO - Started process (PID=1215) to work on /home/airflow/.local/lib/python3.12/site-packages/airflow/example_dags/example_complex.py
[2025-12-04T12:35:19.255+0000] {processor.py:914} INFO - Processing file /home/airflow/.local/lib/python3.12/site-packages/airflow/example_dags/example_complex.py for tasks to queue
[2025-12-04T12:35:19.258+0000] {logging_mixin.py:190} INFO - [2025-12-04T12:35:19.257+0000] {dagbag.py:588} INFO - Filling up the DagBag from /home/airflow/.local/lib/python3.12/site-packages/airflow/example_dags/example_complex.py
[2025-12-04T12:35:19.280+0000] {processor.py:925} INFO - DAG(s) 'example_complex' retrieved from /home/airflow/.local/lib/python3.12/site-packages/airflow/example_dags/example_complex.py
[2025-12-04T12:35:19.321+0000] {logging_mixin.py:190} INFO - [2025-12-04T12:35:19.320+0000] {dag.py:3239} INFO - Sync 1 DAGs
[2025-12-04T12:35:19.338+0000] {logging_mixin.py:190} INFO - [2025-12-04T12:35:19.338+0000] {dag.py:4180} INFO - Setting next_dagrun for example_complex to None, run_after=None
[2025-12-04T12:35:19.359+0000] {processor.py:208} INFO - Processing /home/airflow/.local/lib/python3.12/site-packages/airflow/example_dags/example_complex.py took 0.114 seconds
[2025-12-04T12:35:50.668+0000] {processor.py:186} INFO - Started process (PID=1281) to work on /home/airflow/.local/lib/python3.12/site-packages/airflow/example_dags/example_complex.py
[2025-12-04T12:35:50.669+0000] {processor.py:914} INFO - Processing file /home/airflow/.local/lib/python3.12/site-packages/airflow/example_dags/example_complex.py for tasks to queue
[2025-12-04T12:35:50.671+0000] {logging_mixin.py:190} INFO - [2025-12-04T12:35:50.671+0000] {dagbag.py:588} INFO - Filling up the DagBag from /home/airflow/.local/lib/python3.12/site-packages/airflow/example_dags/example_complex.py
[2025-12-04T12:35:50.692+0000] {processor.py:925} INFO - DAG(s) 'example_complex' retrieved from /home/airflow/.local/lib/python3.12/site-packages/airflow/example_dags/example_complex.py
[2025-12-04T12:35:50.732+0000] {logging_mixin.py:190} INFO - [2025-12-04T12:35:50.732+0000] {dag.py:3239} INFO - Sync 1 DAGs
[2025-12-04T12:35:50.749+0000] {logging_mixin.py:190} INFO - [2025-12-04T12:35:50.749+0000] {dag.py:4180} INFO - Setting next_dagrun for example_complex to None, run_after=None
[2025-12-04T12:35:50.771+0000] {processor.py:208} INFO - Processing /home/airflow/.local/lib/python3.12/site-packages/airflow/example_dags/example_complex.py took 0.108 seconds
[2025-12-04T12:36:22.190+0000] {processor.py:186} INFO - Started process (PID=1347) to work on /home/airflow/.local/lib/python3.12/site-packages/airflow/example_dags/example_complex.py
[2025-12-04T12:36:22.190+0000] {processor.py:914} INFO - Processing file /home/airflow/.local/lib/python3.12/site-packages/airflow/example_dags/example_complex.py for tasks to queue
[2025-12-04T12:36:22.192+0000] {logging_mixin.py:190} INFO - [2025-12-04T12:36:22.192+0000] {dagbag.py:588} INFO - Filling up the DagBag from /home/airflow/.local/lib/python3.12/site-packages/airflow/example_dags/example_complex.py
[2025-12-04T12:36:22.206+0000] {processor.py:925} INFO - DAG(s) 'example_complex' retrieved from /home/airflow/.local/lib/python3.12/site-packages/airflow/example_dags/example_complex.py
[2025-12-04T12:36:22.244+0000] {logging_mixin.py:190} INFO - [2025-12-04T12:36:22.244+0000] {dag.py:3239} INFO - Sync 1 DAGs
[2025-12-04T12:36:22.262+0000] {logging_mixin.py:190} INFO - [2025-12-04T12:36:22.261+0000] {dag.py:4180} INFO - Setting next_dagrun for example_complex to None, run_after=None
[2025-12-04T12:36:22.283+0000] {processor.py:208} INFO - Processing /home/airflow/.local/lib/python3.12/site-packages/airflow/example_dags/example_complex.py took 0.099 seconds
[2025-12-04T12:36:53.548+0000] {processor.py:186} INFO - Started process (PID=1414) to work on /home/airflow/.local/lib/python3.12/site-packages/airflow/example_dags/example_complex.py
[2025-12-04T12:36:53.549+0000] {processor.py:914} INFO - Processing file /home/airflow/.local/lib/python3.12/site-packages/airflow/example_dags/example_complex.py for tasks to queue
[2025-12-04T12:36:53.550+0000] {logging_mixin.py:190} INFO - [2025-12-04T12:36:53.550+0000] {dagbag.py:588} INFO - Filling up the DagBag from /home/airflow/.local/lib/python3.12/site-packages/airflow/example_dags/example_complex.py
[2025-12-04T12:36:53.560+0000] {processor.py:925} INFO - DAG(s) 'example_complex' retrieved from /home/airflow/.local/lib/python3.12/site-packages/airflow/example_dags/example_complex.py
[2025-12-04T12:36:53.595+0000] {logging_mixin.py:190} INFO - [2025-12-04T12:36:53.594+0000] {dag.py:3239} INFO - Sync 1 DAGs
[2025-12-04T12:36:53.609+0000] {logging_mixin.py:190} INFO - [2025-12-04T12:36:53.609+0000] {dag.py:4180} INFO - Setting next_dagrun for example_complex to None, run_after=None
[2025-12-04T12:36:53.629+0000] {processor.py:208} INFO - Processing /home/airflow/.local/lib/python3.12/site-packages/airflow/example_dags/example_complex.py took 0.085 seconds
[2025-12-04T12:37:25.004+0000] {processor.py:186} INFO - Started process (PID=1480) to work on /home/airflow/.local/lib/python3.12/site-packages/airflow/example_dags/example_complex.py
[2025-12-04T12:37:25.005+0000] {processor.py:914} INFO - Processing file /home/airflow/.local/lib/python3.12/site-packages/airflow/example_dags/example_complex.py for tasks to queue
[2025-12-04T12:37:25.007+0000] {logging_mixin.py:190} INFO - [2025-12-04T12:37:25.007+0000] {dagbag.py:588} INFO - Filling up the DagBag from /home/airflow/.local/lib/python3.12/site-packages/airflow/example_dags/example_complex.py
[2025-12-04T12:37:25.021+0000] {processor.py:925} INFO - DAG(s) 'example_complex' retrieved from /home/airflow/.local/lib/python3.12/site-packages/airflow/example_dags/example_complex.py
[2025-12-04T12:37:25.058+0000] {logging_mixin.py:190} INFO - [2025-12-04T12:37:25.058+0000] {dag.py:3239} INFO - Sync 1 DAGs
[2025-12-04T12:37:25.077+0000] {logging_mixin.py:190} INFO - [2025-12-04T12:37:25.077+0000] {dag.py:4180} INFO - Setting next_dagrun for example_complex to None, run_after=None
[2025-12-04T12:37:25.099+0000] {processor.py:208} INFO - Processing /home/airflow/.local/lib/python3.12/site-packages/airflow/example_dags/example_complex.py took 0.102 seconds
[2025-12-04T12:37:56.489+0000] {processor.py:186} INFO - Started process (PID=1545) to work on /home/airflow/.local/lib/python3.12/site-packages/airflow/example_dags/example_complex.py
[2025-12-04T12:37:56.490+0000] {processor.py:914} INFO - Processing file /home/airflow/.local/lib/python3.12/site-packages/airflow/example_dags/example_complex.py for tasks to queue
[2025-12-04T12:37:56.493+0000] {logging_mixin.py:190} INFO - [2025-12-04T12:37:56.493+0000] {dagbag.py:588} INFO - Filling up the DagBag from /home/airflow/.local/lib/python3.12/site-packages/airflow/example_dags/example_complex.py
[2025-12-04T12:37:56.516+0000] {processor.py:925} INFO - DAG(s) 'example_complex' retrieved from /home/airflow/.local/lib/python3.12/site-packages/airflow/example_dags/example_complex.py
[2025-12-04T12:37:56.567+0000] {logging_mixin.py:190} INFO - [2025-12-04T12:37:56.567+0000] {dag.py:3239} INFO - Sync 1 DAGs
[2025-12-04T12:37:56.587+0000] {logging_mixin.py:190} INFO - [2025-12-04T12:37:56.587+0000] {dag.py:4180} INFO - Setting next_dagrun for example_complex to None, run_after=None
[2025-12-04T12:37:56.609+0000] {processor.py:208} INFO - Processing /home/airflow/.local/lib/python3.12/site-packages/airflow/example_dags/example_complex.py took 0.129 seconds
[2025-12-04T12:38:28.370+0000] {processor.py:186} INFO - Started process (PID=1611) to work on /home/airflow/.local/lib/python3.12/site-packages/airflow/example_dags/example_complex.py
[2025-12-04T12:38:28.371+0000] {processor.py:914} INFO - Processing file /home/airflow/.local/lib/python3.12/site-packages/airflow/example_dags/example_complex.py for tasks to queue
[2025-12-04T12:38:28.373+0000] {logging_mixin.py:190} INFO - [2025-12-04T12:38:28.372+0000] {dagbag.py:588} INFO - Filling up the DagBag from /home/airflow/.local/lib/python3.12/site-packages/airflow/example_dags/example_complex.py
[2025-12-04T12:38:28.387+0000] {processor.py:925} INFO - DAG(s) 'example_complex' retrieved from /home/airflow/.local/lib/python3.12/site-packages/airflow/example_dags/example_complex.py
[2025-12-04T12:38:28.424+0000] {logging_mixin.py:190} INFO - [2025-12-04T12:38:28.424+0000] {dag.py:3239} INFO - Sync 1 DAGs
[2025-12-04T12:38:28.442+0000] {logging_mixin.py:190} INFO - [2025-12-04T12:38:28.442+0000] {dag.py:4180} INFO - Setting next_dagrun for example_complex to None, run_after=None
[2025-12-04T12:38:28.464+0000] {processor.py:208} INFO - Processing /home/airflow/.local/lib/python3.12/site-packages/airflow/example_dags/example_complex.py took 0.100 seconds
[2025-12-04T12:38:59.787+0000] {processor.py:186} INFO - Started process (PID=1677) to work on /home/airflow/.local/lib/python3.12/site-packages/airflow/example_dags/example_complex.py
[2025-12-04T12:38:59.788+0000] {processor.py:914} INFO - Processing file /home/airflow/.local/lib/python3.12/site-packages/airflow/example_dags/example_complex.py for tasks to queue
[2025-12-04T12:38:59.792+0000] {logging_mixin.py:190} INFO - [2025-12-04T12:38:59.791+0000] {dagbag.py:588} INFO - Filling up the DagBag from /home/airflow/.local/lib/python3.12/site-packages/airflow/example_dags/example_complex.py
[2025-12-04T12:38:59.813+0000] {processor.py:925} INFO - DAG(s) 'example_complex' retrieved from /home/airflow/.local/lib/python3.12/site-packages/airflow/example_dags/example_complex.py
[2025-12-04T12:38:59.855+0000] {logging_mixin.py:190} INFO - [2025-12-04T12:38:59.855+0000] {dag.py:3239} INFO - Sync 1 DAGs
[2025-12-04T12:38:59.873+0000] {logging_mixin.py:190} INFO - [2025-12-04T12:38:59.873+0000] {dag.py:4180} INFO - Setting next_dagrun for example_complex to None, run_after=None
[2025-12-04T12:38:59.895+0000] {processor.py:208} INFO - Processing /home/airflow/.local/lib/python3.12/site-packages/airflow/example_dags/example_complex.py took 0.118 seconds
[2025-12-04T12:39:32.597+0000] {processor.py:186} INFO - Started process (PID=1744) to work on /home/airflow/.local/lib/python3.12/site-packages/airflow/example_dags/example_complex.py
[2025-12-04T12:39:32.598+0000] {processor.py:914} INFO - Processing file /home/airflow/.local/lib/python3.12/site-packages/airflow/example_dags/example_complex.py for tasks to queue
[2025-12-04T12:39:32.600+0000] {logging_mixin.py:190} INFO - [2025-12-04T12:39:32.600+0000] {dagbag.py:588} INFO - Filling up the DagBag from /home/airflow/.local/lib/python3.12/site-packages/airflow/example_dags/example_complex.py
[2025-12-04T12:39:32.614+0000] {processor.py:925} INFO - DAG(s) 'example_complex' retrieved from /home/airflow/.local/lib/python3.12/site-packages/airflow/example_dags/example_complex.py
[2025-12-04T12:39:32.655+0000] {logging_mixin.py:190} INFO - [2025-12-04T12:39:32.654+0000] {dag.py:3239} INFO - Sync 1 DAGs
[2025-12-04T12:39:32.672+0000] {logging_mixin.py:190} INFO - [2025-12-04T12:39:32.672+0000] {dag.py:4180} INFO - Setting next_dagrun for example_complex to None, run_after=None
[2025-12-04T12:39:32.693+0000] {processor.py:208} INFO - Processing /home/airflow/.local/lib/python3.12/site-packages/airflow/example_dags/example_complex.py took 0.101 seconds
[2025-12-04T12:40:03.599+0000] {processor.py:186} INFO - Started process (PID=1810) to work on /home/airflow/.local/lib/python3.12/site-packages/airflow/example_dags/example_complex.py
[2025-12-04T12:40:03.600+0000] {processor.py:914} INFO - Processing file /home/airflow/.local/lib/python3.12/site-packages/airflow/example_dags/example_complex.py for tasks to queue
[2025-12-04T12:40:03.602+0000] {logging_mixin.py:190} INFO - [2025-12-04T12:40:03.601+0000] {dagbag.py:588} INFO - Filling up the DagBag from /home/airflow/.local/lib/python3.12/site-packages/airflow/example_dags/example_complex.py
[2025-12-04T12:40:03.616+0000] {processor.py:925} INFO - DAG(s) 'example_complex' retrieved from /home/airflow/.local/lib/python3.12/site-packages/airflow/example_dags/example_complex.py
[2025-12-04T12:40:03.654+0000] {logging_mixin.py:190} INFO - [2025-12-04T12:40:03.654+0000] {dag.py:3239} INFO - Sync 1 DAGs
[2025-12-04T12:40:03.674+0000] {logging_mixin.py:190} INFO - [2025-12-04T12:40:03.674+0000] {dag.py:4180} INFO - Setting next_dagrun for example_complex to None, run_after=None
[2025-12-04T12:40:03.695+0000] {processor.py:208} INFO - Processing /home/airflow/.local/lib/python3.12/site-packages/airflow/example_dags/example_complex.py took 0.102 seconds
[2025-12-04T12:40:34.946+0000] {processor.py:186} INFO - Started process (PID=1876) to work on /home/airflow/.local/lib/python3.12/site-packages/airflow/example_dags/example_complex.py
[2025-12-04T12:40:34.947+0000] {processor.py:914} INFO - Processing file /home/airflow/.local/lib/python3.12/site-packages/airflow/example_dags/example_complex.py for tasks to queue
[2025-12-04T12:40:34.950+0000] {logging_mixin.py:190} INFO - [2025-12-04T12:40:34.950+0000] {dagbag.py:588} INFO - Filling up the DagBag from /home/airflow/.local/lib/python3.12/site-packages/airflow/example_dags/example_complex.py
[2025-12-04T12:40:34.972+0000] {processor.py:925} INFO - DAG(s) 'example_complex' retrieved from /home/airflow/.local/lib/python3.12/site-packages/airflow/example_dags/example_complex.py
[2025-12-04T12:40:35.011+0000] {logging_mixin.py:190} INFO - [2025-12-04T12:40:35.011+0000] {dag.py:3239} INFO - Sync 1 DAGs
[2025-12-04T12:40:35.029+0000] {logging_mixin.py:190} INFO - [2025-12-04T12:40:35.029+0000] {dag.py:4180} INFO - Setting next_dagrun for example_complex to None, run_after=None
[2025-12-04T12:40:35.052+0000] {processor.py:208} INFO - Processing /home/airflow/.local/lib/python3.12/site-packages/airflow/example_dags/example_complex.py took 0.115 seconds
[2025-12-04T12:41:06.536+0000] {processor.py:186} INFO - Started process (PID=1948) to work on /home/airflow/.local/lib/python3.12/site-packages/airflow/example_dags/example_complex.py
[2025-12-04T12:41:06.537+0000] {processor.py:914} INFO - Processing file /home/airflow/.local/lib/python3.12/site-packages/airflow/example_dags/example_complex.py for tasks to queue
[2025-12-04T12:41:06.539+0000] {logging_mixin.py:190} INFO - [2025-12-04T12:41:06.539+0000] {dagbag.py:588} INFO - Filling up the DagBag from /home/airflow/.local/lib/python3.12/site-packages/airflow/example_dags/example_complex.py
[2025-12-04T12:41:06.552+0000] {processor.py:925} INFO - DAG(s) 'example_complex' retrieved from /home/airflow/.local/lib/python3.12/site-packages/airflow/example_dags/example_complex.py
[2025-12-04T12:41:06.590+0000] {logging_mixin.py:190} INFO - [2025-12-04T12:41:06.589+0000] {dag.py:3239} INFO - Sync 1 DAGs
[2025-12-04T12:41:06.607+0000] {logging_mixin.py:190} INFO - [2025-12-04T12:41:06.607+0000] {dag.py:4180} INFO - Setting next_dagrun for example_complex to None, run_after=None
[2025-12-04T12:41:06.629+0000] {processor.py:208} INFO - Processing /home/airflow/.local/lib/python3.12/site-packages/airflow/example_dags/example_complex.py took 0.098 seconds
[2025-12-04T12:41:37.777+0000] {processor.py:186} INFO - Started process (PID=2014) to work on /home/airflow/.local/lib/python3.12/site-packages/airflow/example_dags/example_complex.py
[2025-12-04T12:41:37.778+0000] {processor.py:914} INFO - Processing file /home/airflow/.local/lib/python3.12/site-packages/airflow/example_dags/example_complex.py for tasks to queue
[2025-12-04T12:41:37.780+0000] {logging_mixin.py:190} INFO - [2025-12-04T12:41:37.780+0000] {dagbag.py:588} INFO - Filling up the DagBag from /home/airflow/.local/lib/python3.12/site-packages/airflow/example_dags/example_complex.py
[2025-12-04T12:41:37.794+0000] {processor.py:925} INFO - DAG(s) 'example_complex' retrieved from /home/airflow/.local/lib/python3.12/site-packages/airflow/example_dags/example_complex.py
[2025-12-04T12:41:37.832+0000] {logging_mixin.py:190} INFO - [2025-12-04T12:41:37.832+0000] {dag.py:3239} INFO - Sync 1 DAGs
[2025-12-04T12:41:37.849+0000] {logging_mixin.py:190} INFO - [2025-12-04T12:41:37.848+0000] {dag.py:4180} INFO - Setting next_dagrun for example_complex to None, run_after=None
[2025-12-04T12:41:37.870+0000] {processor.py:208} INFO - Processing /home/airflow/.local/lib/python3.12/site-packages/airflow/example_dags/example_complex.py took 0.098 seconds
[2025-12-04T12:42:08.969+0000] {processor.py:186} INFO - Started process (PID=2080) to work on /home/airflow/.local/lib/python3.12/site-packages/airflow/example_dags/example_complex.py
[2025-12-04T12:42:08.969+0000] {processor.py:914} INFO - Processing file /home/airflow/.local/lib/python3.12/site-packages/airflow/example_dags/example_complex.py for tasks to queue
[2025-12-04T12:42:08.971+0000] {logging_mixin.py:190} INFO - [2025-12-04T12:42:08.971+0000] {dagbag.py:588} INFO - Filling up the DagBag from /home/airflow/.local/lib/python3.12/site-packages/airflow/example_dags/example_complex.py
[2025-12-04T12:42:08.985+0000] {processor.py:925} INFO - DAG(s) 'example_complex' retrieved from /home/airflow/.local/lib/python3.12/site-packages/airflow/example_dags/example_complex.py
[2025-12-04T12:42:09.036+0000] {logging_mixin.py:190} INFO - [2025-12-04T12:42:09.036+0000] {dag.py:3239} INFO - Sync 1 DAGs
[2025-12-04T12:42:09.055+0000] {logging_mixin.py:190} INFO - [2025-12-04T12:42:09.055+0000] {dag.py:4180} INFO - Setting next_dagrun for example_complex to None, run_after=None
[2025-12-04T12:42:09.077+0000] {processor.py:208} INFO - Processing /home/airflow/.local/lib/python3.12/site-packages/airflow/example_dags/example_complex.py took 0.116 seconds
[2025-12-04T12:42:40.929+0000] {processor.py:186} INFO - Started process (PID=2153) to work on /home/airflow/.local/lib/python3.12/site-packages/airflow/example_dags/example_complex.py
[2025-12-04T12:42:40.930+0000] {processor.py:914} INFO - Processing file /home/airflow/.local/lib/python3.12/site-packages/airflow/example_dags/example_complex.py for tasks to queue
[2025-12-04T12:42:40.932+0000] {logging_mixin.py:190} INFO - [2025-12-04T12:42:40.932+0000] {dagbag.py:588} INFO - Filling up the DagBag from /home/airflow/.local/lib/python3.12/site-packages/airflow/example_dags/example_complex.py
[2025-12-04T12:42:40.946+0000] {processor.py:925} INFO - DAG(s) 'example_complex' retrieved from /home/airflow/.local/lib/python3.12/site-packages/airflow/example_dags/example_complex.py
[2025-12-04T12:42:40.984+0000] {logging_mixin.py:190} INFO - [2025-12-04T12:42:40.984+0000] {dag.py:3239} INFO - Sync 1 DAGs
[2025-12-04T12:42:41.003+0000] {logging_mixin.py:190} INFO - [2025-12-04T12:42:41.003+0000] {dag.py:4180} INFO - Setting next_dagrun for example_complex to None, run_after=None
[2025-12-04T12:42:41.025+0000] {processor.py:208} INFO - Processing /home/airflow/.local/lib/python3.12/site-packages/airflow/example_dags/example_complex.py took 0.101 seconds
[2025-12-04T12:43:12.406+0000] {processor.py:186} INFO - Started process (PID=2219) to work on /home/airflow/.local/lib/python3.12/site-packages/airflow/example_dags/example_complex.py
[2025-12-04T12:43:12.406+0000] {processor.py:914} INFO - Processing file /home/airflow/.local/lib/python3.12/site-packages/airflow/example_dags/example_complex.py for tasks to queue
[2025-12-04T12:43:12.408+0000] {logging_mixin.py:190} INFO - [2025-12-04T12:43:12.408+0000] {dagbag.py:588} INFO - Filling up the DagBag from /home/airflow/.local/lib/python3.12/site-packages/airflow/example_dags/example_complex.py
[2025-12-04T12:43:12.419+0000] {processor.py:925} INFO - DAG(s) 'example_complex' retrieved from /home/airflow/.local/lib/python3.12/site-packages/airflow/example_dags/example_complex.py
[2025-12-04T12:43:12.451+0000] {logging_mixin.py:190} INFO - [2025-12-04T12:43:12.450+0000] {dag.py:3239} INFO - Sync 1 DAGs
[2025-12-04T12:43:12.467+0000] {logging_mixin.py:190} INFO - [2025-12-04T12:43:12.467+0000] {dag.py:4180} INFO - Setting next_dagrun for example_complex to None, run_after=None
[2025-12-04T12:43:12.490+0000] {processor.py:208} INFO - Processing /home/airflow/.local/lib/python3.12/site-packages/airflow/example_dags/example_complex.py took 0.090 seconds
[2025-12-04T12:43:44.210+0000] {processor.py:186} INFO - Started process (PID=2293) to work on /home/airflow/.local/lib/python3.12/site-packages/airflow/example_dags/example_complex.py
[2025-12-04T12:43:44.211+0000] {processor.py:914} INFO - Processing file /home/airflow/.local/lib/python3.12/site-packages/airflow/example_dags/example_complex.py for tasks to queue
[2025-12-04T12:43:44.213+0000] {logging_mixin.py:190} INFO - [2025-12-04T12:43:44.213+0000] {dagbag.py:588} INFO - Filling up the DagBag from /home/airflow/.local/lib/python3.12/site-packages/airflow/example_dags/example_complex.py
[2025-12-04T12:43:44.227+0000] {processor.py:925} INFO - DAG(s) 'example_complex' retrieved from /home/airflow/.local/lib/python3.12/site-packages/airflow/example_dags/example_complex.py
[2025-12-04T12:43:44.265+0000] {logging_mixin.py:190} INFO - [2025-12-04T12:43:44.264+0000] {dag.py:3239} INFO - Sync 1 DAGs
[2025-12-04T12:43:44.283+0000] {logging_mixin.py:190} INFO - [2025-12-04T12:43:44.283+0000] {dag.py:4180} INFO - Setting next_dagrun for example_complex to None, run_after=None
[2025-12-04T12:43:44.305+0000] {processor.py:208} INFO - Processing /home/airflow/.local/lib/python3.12/site-packages/airflow/example_dags/example_complex.py took 0.100 seconds
[2025-12-04T12:44:15.913+0000] {processor.py:186} INFO - Started process (PID=2358) to work on /home/airflow/.local/lib/python3.12/site-packages/airflow/example_dags/example_complex.py
[2025-12-04T12:44:15.914+0000] {processor.py:914} INFO - Processing file /home/airflow/.local/lib/python3.12/site-packages/airflow/example_dags/example_complex.py for tasks to queue
[2025-12-04T12:44:15.917+0000] {logging_mixin.py:190} INFO - [2025-12-04T12:44:15.917+0000] {dagbag.py:588} INFO - Filling up the DagBag from /home/airflow/.local/lib/python3.12/site-packages/airflow/example_dags/example_complex.py
[2025-12-04T12:44:15.941+0000] {processor.py:925} INFO - DAG(s) 'example_complex' retrieved from /home/airflow/.local/lib/python3.12/site-packages/airflow/example_dags/example_complex.py
[2025-12-04T12:44:15.982+0000] {logging_mixin.py:190} INFO - [2025-12-04T12:44:15.982+0000] {dag.py:3239} INFO - Sync 1 DAGs
[2025-12-04T12:44:16.001+0000] {logging_mixin.py:190} INFO - [2025-12-04T12:44:16.000+0000] {dag.py:4180} INFO - Setting next_dagrun for example_complex to None, run_after=None
[2025-12-04T12:44:16.023+0000] {processor.py:208} INFO - Processing /home/airflow/.local/lib/python3.12/site-packages/airflow/example_dags/example_complex.py took 0.120 seconds
[2025-12-04T12:44:46.668+0000] {processor.py:186} INFO - Started process (PID=2424) to work on /home/airflow/.local/lib/python3.12/site-packages/airflow/example_dags/example_complex.py
[2025-12-04T12:44:46.669+0000] {processor.py:914} INFO - Processing file /home/airflow/.local/lib/python3.12/site-packages/airflow/example_dags/example_complex.py for tasks to queue
[2025-12-04T12:44:46.671+0000] {logging_mixin.py:190} INFO - [2025-12-04T12:44:46.671+0000] {dagbag.py:588} INFO - Filling up the DagBag from /home/airflow/.local/lib/python3.12/site-packages/airflow/example_dags/example_complex.py
[2025-12-04T12:44:46.686+0000] {processor.py:925} INFO - DAG(s) 'example_complex' retrieved from /home/airflow/.local/lib/python3.12/site-packages/airflow/example_dags/example_complex.py
[2025-12-04T12:44:46.726+0000] {logging_mixin.py:190} INFO - [2025-12-04T12:44:46.726+0000] {dag.py:3239} INFO - Sync 1 DAGs
[2025-12-04T12:44:46.744+0000] {logging_mixin.py:190} INFO - [2025-12-04T12:44:46.744+0000] {dag.py:4180} INFO - Setting next_dagrun for example_complex to None, run_after=None
[2025-12-04T12:44:46.766+0000] {processor.py:208} INFO - Processing /home/airflow/.local/lib/python3.12/site-packages/airflow/example_dags/example_complex.py took 0.104 seconds
[2025-12-04T12:45:17.717+0000] {processor.py:186} INFO - Started process (PID=2490) to work on /home/airflow/.local/lib/python3.12/site-packages/airflow/example_dags/example_complex.py
[2025-12-04T12:45:17.717+0000] {processor.py:914} INFO - Processing file /home/airflow/.local/lib/python3.12/site-packages/airflow/example_dags/example_complex.py for tasks to queue
[2025-12-04T12:45:17.720+0000] {logging_mixin.py:190} INFO - [2025-12-04T12:45:17.719+0000] {dagbag.py:588} INFO - Filling up the DagBag from /home/airflow/.local/lib/python3.12/site-packages/airflow/example_dags/example_complex.py
[2025-12-04T12:45:17.736+0000] {processor.py:925} INFO - DAG(s) 'example_complex' retrieved from /home/airflow/.local/lib/python3.12/site-packages/airflow/example_dags/example_complex.py
[2025-12-04T12:45:17.774+0000] {logging_mixin.py:190} INFO - [2025-12-04T12:45:17.774+0000] {dag.py:3239} INFO - Sync 1 DAGs
[2025-12-04T12:45:17.792+0000] {logging_mixin.py:190} INFO - [2025-12-04T12:45:17.791+0000] {dag.py:4180} INFO - Setting next_dagrun for example_complex to None, run_after=None
[2025-12-04T12:45:17.814+0000] {processor.py:208} INFO - Processing /home/airflow/.local/lib/python3.12/site-packages/airflow/example_dags/example_complex.py took 0.104 seconds
[2025-12-04T12:45:49.750+0000] {processor.py:186} INFO - Started process (PID=2563) to work on /home/airflow/.local/lib/python3.12/site-packages/airflow/example_dags/example_complex.py
[2025-12-04T12:45:49.751+0000] {processor.py:914} INFO - Processing file /home/airflow/.local/lib/python3.12/site-packages/airflow/example_dags/example_complex.py for tasks to queue
[2025-12-04T12:45:49.753+0000] {logging_mixin.py:190} INFO - [2025-12-04T12:45:49.753+0000] {dagbag.py:588} INFO - Filling up the DagBag from /home/airflow/.local/lib/python3.12/site-packages/airflow/example_dags/example_complex.py
[2025-12-04T12:45:49.767+0000] {processor.py:925} INFO - DAG(s) 'example_complex' retrieved from /home/airflow/.local/lib/python3.12/site-packages/airflow/example_dags/example_complex.py
[2025-12-04T12:45:49.805+0000] {logging_mixin.py:190} INFO - [2025-12-04T12:45:49.805+0000] {dag.py:3239} INFO - Sync 1 DAGs
[2025-12-04T12:45:49.822+0000] {logging_mixin.py:190} INFO - [2025-12-04T12:45:49.822+0000] {dag.py:4180} INFO - Setting next_dagrun for example_complex to None, run_after=None
[2025-12-04T12:45:49.844+0000] {processor.py:208} INFO - Processing /home/airflow/.local/lib/python3.12/site-packages/airflow/example_dags/example_complex.py took 0.099 seconds
[2025-12-04T12:46:19.961+0000] {processor.py:186} INFO - Started process (PID=2629) to work on /home/airflow/.local/lib/python3.12/site-packages/airflow/example_dags/example_complex.py
[2025-12-04T12:46:19.962+0000] {processor.py:914} INFO - Processing file /home/airflow/.local/lib/python3.12/site-packages/airflow/example_dags/example_complex.py for tasks to queue
[2025-12-04T12:46:19.964+0000] {logging_mixin.py:190} INFO - [2025-12-04T12:46:19.964+0000] {dagbag.py:588} INFO - Filling up the DagBag from /home/airflow/.local/lib/python3.12/site-packages/airflow/example_dags/example_complex.py
[2025-12-04T12:46:19.974+0000] {processor.py:925} INFO - DAG(s) 'example_complex' retrieved from /home/airflow/.local/lib/python3.12/site-packages/airflow/example_dags/example_complex.py
[2025-12-04T12:46:20.005+0000] {logging_mixin.py:190} INFO - [2025-12-04T12:46:20.005+0000] {dag.py:3239} INFO - Sync 1 DAGs
[2025-12-04T12:46:20.020+0000] {logging_mixin.py:190} INFO - [2025-12-04T12:46:20.020+0000] {dag.py:4180} INFO - Setting next_dagrun for example_complex to None, run_after=None
[2025-12-04T12:46:20.036+0000] {processor.py:208} INFO - Processing /home/airflow/.local/lib/python3.12/site-packages/airflow/example_dags/example_complex.py took 0.080 seconds
[2025-12-04T12:49:42.864+0000] {processor.py:186} INFO - Started process (PID=88) to work on /home/airflow/.local/lib/python3.12/site-packages/airflow/example_dags/example_complex.py
[2025-12-04T12:49:42.864+0000] {processor.py:914} INFO - Processing file /home/airflow/.local/lib/python3.12/site-packages/airflow/example_dags/example_complex.py for tasks to queue
[2025-12-04T12:49:42.867+0000] {logging_mixin.py:190} INFO - [2025-12-04T12:49:42.866+0000] {dagbag.py:588} INFO - Filling up the DagBag from /home/airflow/.local/lib/python3.12/site-packages/airflow/example_dags/example_complex.py
[2025-12-04T12:49:42.880+0000] {processor.py:925} INFO - DAG(s) 'example_complex' retrieved from /home/airflow/.local/lib/python3.12/site-packages/airflow/example_dags/example_complex.py
[2025-12-04T12:49:43.039+0000] {logging_mixin.py:190} INFO - [2025-12-04T12:49:43.038+0000] {override.py:1912} INFO - Created Permission View: can edit on DAG:example_complex
[2025-12-04T12:49:43.074+0000] {logging_mixin.py:190} INFO - [2025-12-04T12:49:43.072+0000] {override.py:1912} INFO - Created Permission View: can delete on DAG:example_complex
[2025-12-04T12:49:43.092+0000] {logging_mixin.py:190} INFO - [2025-12-04T12:49:43.092+0000] {override.py:1912} INFO - Created Permission View: can read on DAG:example_complex
[2025-12-04T12:49:43.104+0000] {logging_mixin.py:190} INFO - [2025-12-04T12:49:43.103+0000] {override.py:1912} INFO - Created Permission View: can delete on DAG Run:example_complex
[2025-12-04T12:49:43.119+0000] {logging_mixin.py:190} INFO - [2025-12-04T12:49:43.119+0000] {override.py:1912} INFO - Created Permission View: can create on DAG Run:example_complex
[2025-12-04T12:49:43.128+0000] {logging_mixin.py:190} INFO - [2025-12-04T12:49:43.128+0000] {override.py:1912} INFO - Created Permission View: can read on DAG Run:example_complex
[2025-12-04T12:49:43.137+0000] {logging_mixin.py:190} INFO - [2025-12-04T12:49:43.137+0000] {override.py:1912} INFO - Created Permission View: menu access on DAG Run:example_complex
[2025-12-04T12:49:43.138+0000] {logging_mixin.py:190} INFO - [2025-12-04T12:49:43.138+0000] {dag.py:3239} INFO - Sync 1 DAGs
[2025-12-04T12:49:43.151+0000] {logging_mixin.py:190} INFO - [2025-12-04T12:49:43.151+0000] {dag.py:3262} INFO - Creating ORM DAG for example_complex
[2025-12-04T12:49:43.152+0000] {logging_mixin.py:190} INFO - [2025-12-04T12:49:43.152+0000] {dag.py:4180} INFO - Setting next_dagrun for example_complex to None, run_after=None
[2025-12-04T12:49:43.169+0000] {processor.py:208} INFO - Processing /home/airflow/.local/lib/python3.12/site-packages/airflow/example_dags/example_complex.py took 0.310 seconds
[2025-12-04T12:50:13.345+0000] {processor.py:186} INFO - Started process (PID=153) to work on /home/airflow/.local/lib/python3.12/site-packages/airflow/example_dags/example_complex.py
[2025-12-04T12:50:13.347+0000] {processor.py:914} INFO - Processing file /home/airflow/.local/lib/python3.12/site-packages/airflow/example_dags/example_complex.py for tasks to queue
[2025-12-04T12:50:13.350+0000] {logging_mixin.py:190} INFO - [2025-12-04T12:50:13.349+0000] {dagbag.py:588} INFO - Filling up the DagBag from /home/airflow/.local/lib/python3.12/site-packages/airflow/example_dags/example_complex.py
[2025-12-04T12:50:13.372+0000] {processor.py:925} INFO - DAG(s) 'example_complex' retrieved from /home/airflow/.local/lib/python3.12/site-packages/airflow/example_dags/example_complex.py
[2025-12-04T12:50:13.422+0000] {logging_mixin.py:190} INFO - [2025-12-04T12:50:13.422+0000] {dag.py:3239} INFO - Sync 1 DAGs
[2025-12-04T12:50:13.446+0000] {logging_mixin.py:190} INFO - [2025-12-04T12:50:13.445+0000] {dag.py:4180} INFO - Setting next_dagrun for example_complex to None, run_after=None
[2025-12-04T12:50:13.474+0000] {processor.py:208} INFO - Processing /home/airflow/.local/lib/python3.12/site-packages/airflow/example_dags/example_complex.py took 0.139 seconds
[2025-12-04T12:50:43.702+0000] {processor.py:186} INFO - Started process (PID=218) to work on /home/airflow/.local/lib/python3.12/site-packages/airflow/example_dags/example_complex.py
[2025-12-04T12:50:43.703+0000] {processor.py:914} INFO - Processing file /home/airflow/.local/lib/python3.12/site-packages/airflow/example_dags/example_complex.py for tasks to queue
[2025-12-04T12:50:43.705+0000] {logging_mixin.py:190} INFO - [2025-12-04T12:50:43.705+0000] {dagbag.py:588} INFO - Filling up the DagBag from /home/airflow/.local/lib/python3.12/site-packages/airflow/example_dags/example_complex.py
[2025-12-04T12:50:43.719+0000] {processor.py:925} INFO - DAG(s) 'example_complex' retrieved from /home/airflow/.local/lib/python3.12/site-packages/airflow/example_dags/example_complex.py
[2025-12-04T12:50:43.761+0000] {logging_mixin.py:190} INFO - [2025-12-04T12:50:43.760+0000] {dag.py:3239} INFO - Sync 1 DAGs
[2025-12-04T12:50:43.778+0000] {logging_mixin.py:190} INFO - [2025-12-04T12:50:43.777+0000] {dag.py:4180} INFO - Setting next_dagrun for example_complex to None, run_after=None
[2025-12-04T12:50:43.800+0000] {processor.py:208} INFO - Processing /home/airflow/.local/lib/python3.12/site-packages/airflow/example_dags/example_complex.py took 0.104 seconds
[2025-12-04T12:51:14.179+0000] {processor.py:186} INFO - Started process (PID=288) to work on /home/airflow/.local/lib/python3.12/site-packages/airflow/example_dags/example_complex.py
[2025-12-04T12:51:14.180+0000] {processor.py:914} INFO - Processing file /home/airflow/.local/lib/python3.12/site-packages/airflow/example_dags/example_complex.py for tasks to queue
[2025-12-04T12:51:14.181+0000] {logging_mixin.py:190} INFO - [2025-12-04T12:51:14.181+0000] {dagbag.py:588} INFO - Filling up the DagBag from /home/airflow/.local/lib/python3.12/site-packages/airflow/example_dags/example_complex.py
[2025-12-04T12:51:14.191+0000] {processor.py:925} INFO - DAG(s) 'example_complex' retrieved from /home/airflow/.local/lib/python3.12/site-packages/airflow/example_dags/example_complex.py
[2025-12-04T12:51:14.229+0000] {logging_mixin.py:190} INFO - [2025-12-04T12:51:14.229+0000] {dag.py:3239} INFO - Sync 1 DAGs
[2025-12-04T12:51:14.246+0000] {logging_mixin.py:190} INFO - [2025-12-04T12:51:14.246+0000] {dag.py:4180} INFO - Setting next_dagrun for example_complex to None, run_after=None
[2025-12-04T12:51:14.265+0000] {processor.py:208} INFO - Processing /home/airflow/.local/lib/python3.12/site-packages/airflow/example_dags/example_complex.py took 0.090 seconds
[2025-12-04T12:51:45.277+0000] {processor.py:186} INFO - Started process (PID=368) to work on /home/airflow/.local/lib/python3.12/site-packages/airflow/example_dags/example_complex.py
[2025-12-04T12:51:45.277+0000] {processor.py:914} INFO - Processing file /home/airflow/.local/lib/python3.12/site-packages/airflow/example_dags/example_complex.py for tasks to queue
[2025-12-04T12:51:45.279+0000] {logging_mixin.py:190} INFO - [2025-12-04T12:51:45.279+0000] {dagbag.py:588} INFO - Filling up the DagBag from /home/airflow/.local/lib/python3.12/site-packages/airflow/example_dags/example_complex.py
[2025-12-04T12:51:45.294+0000] {processor.py:925} INFO - DAG(s) 'example_complex' retrieved from /home/airflow/.local/lib/python3.12/site-packages/airflow/example_dags/example_complex.py
[2025-12-04T12:51:45.344+0000] {logging_mixin.py:190} INFO - [2025-12-04T12:51:45.343+0000] {dag.py:3239} INFO - Sync 1 DAGs
[2025-12-04T12:51:45.361+0000] {logging_mixin.py:190} INFO - [2025-12-04T12:51:45.361+0000] {dag.py:4180} INFO - Setting next_dagrun for example_complex to None, run_after=None
[2025-12-04T12:51:45.383+0000] {processor.py:208} INFO - Processing /home/airflow/.local/lib/python3.12/site-packages/airflow/example_dags/example_complex.py took 0.112 seconds
[2025-12-04T12:52:16.273+0000] {processor.py:186} INFO - Started process (PID=442) to work on /home/airflow/.local/lib/python3.12/site-packages/airflow/example_dags/example_complex.py
[2025-12-04T12:52:16.274+0000] {processor.py:914} INFO - Processing file /home/airflow/.local/lib/python3.12/site-packages/airflow/example_dags/example_complex.py for tasks to queue
[2025-12-04T12:52:16.276+0000] {logging_mixin.py:190} INFO - [2025-12-04T12:52:16.276+0000] {dagbag.py:588} INFO - Filling up the DagBag from /home/airflow/.local/lib/python3.12/site-packages/airflow/example_dags/example_complex.py
[2025-12-04T12:52:16.292+0000] {processor.py:925} INFO - DAG(s) 'example_complex' retrieved from /home/airflow/.local/lib/python3.12/site-packages/airflow/example_dags/example_complex.py
[2025-12-04T12:52:16.336+0000] {logging_mixin.py:190} INFO - [2025-12-04T12:52:16.336+0000] {dag.py:3239} INFO - Sync 1 DAGs
[2025-12-04T12:52:16.354+0000] {logging_mixin.py:190} INFO - [2025-12-04T12:52:16.353+0000] {dag.py:4180} INFO - Setting next_dagrun for example_complex to None, run_after=None
[2025-12-04T12:52:16.381+0000] {processor.py:208} INFO - Processing /home/airflow/.local/lib/python3.12/site-packages/airflow/example_dags/example_complex.py took 0.115 seconds
[2025-12-04T12:52:47.654+0000] {processor.py:186} INFO - Started process (PID=508) to work on /home/airflow/.local/lib/python3.12/site-packages/airflow/example_dags/example_complex.py
[2025-12-04T12:52:47.655+0000] {processor.py:914} INFO - Processing file /home/airflow/.local/lib/python3.12/site-packages/airflow/example_dags/example_complex.py for tasks to queue
[2025-12-04T12:52:47.657+0000] {logging_mixin.py:190} INFO - [2025-12-04T12:52:47.657+0000] {dagbag.py:588} INFO - Filling up the DagBag from /home/airflow/.local/lib/python3.12/site-packages/airflow/example_dags/example_complex.py
[2025-12-04T12:52:47.679+0000] {processor.py:925} INFO - DAG(s) 'example_complex' retrieved from /home/airflow/.local/lib/python3.12/site-packages/airflow/example_dags/example_complex.py
[2025-12-04T12:52:47.718+0000] {logging_mixin.py:190} INFO - [2025-12-04T12:52:47.718+0000] {dag.py:3239} INFO - Sync 1 DAGs
[2025-12-04T12:52:47.736+0000] {logging_mixin.py:190} INFO - [2025-12-04T12:52:47.735+0000] {dag.py:4180} INFO - Setting next_dagrun for example_complex to None, run_after=None
[2025-12-04T12:52:47.758+0000] {processor.py:208} INFO - Processing /home/airflow/.local/lib/python3.12/site-packages/airflow/example_dags/example_complex.py took 0.109 seconds
[2025-12-04T12:53:19.156+0000] {processor.py:186} INFO - Started process (PID=574) to work on /home/airflow/.local/lib/python3.12/site-packages/airflow/example_dags/example_complex.py
[2025-12-04T12:53:19.157+0000] {processor.py:914} INFO - Processing file /home/airflow/.local/lib/python3.12/site-packages/airflow/example_dags/example_complex.py for tasks to queue
[2025-12-04T12:53:19.159+0000] {logging_mixin.py:190} INFO - [2025-12-04T12:53:19.159+0000] {dagbag.py:588} INFO - Filling up the DagBag from /home/airflow/.local/lib/python3.12/site-packages/airflow/example_dags/example_complex.py
[2025-12-04T12:53:19.175+0000] {processor.py:925} INFO - DAG(s) 'example_complex' retrieved from /home/airflow/.local/lib/python3.12/site-packages/airflow/example_dags/example_complex.py
[2025-12-04T12:53:19.216+0000] {logging_mixin.py:190} INFO - [2025-12-04T12:53:19.216+0000] {dag.py:3239} INFO - Sync 1 DAGs
[2025-12-04T12:53:19.237+0000] {logging_mixin.py:190} INFO - [2025-12-04T12:53:19.236+0000] {dag.py:4180} INFO - Setting next_dagrun for example_complex to None, run_after=None
[2025-12-04T12:53:19.261+0000] {processor.py:208} INFO - Processing /home/airflow/.local/lib/python3.12/site-packages/airflow/example_dags/example_complex.py took 0.111 seconds
[2025-12-04T12:53:50.742+0000] {processor.py:186} INFO - Started process (PID=640) to work on /home/airflow/.local/lib/python3.12/site-packages/airflow/example_dags/example_complex.py
[2025-12-04T12:53:50.743+0000] {processor.py:914} INFO - Processing file /home/airflow/.local/lib/python3.12/site-packages/airflow/example_dags/example_complex.py for tasks to queue
[2025-12-04T12:53:50.745+0000] {logging_mixin.py:190} INFO - [2025-12-04T12:53:50.744+0000] {dagbag.py:588} INFO - Filling up the DagBag from /home/airflow/.local/lib/python3.12/site-packages/airflow/example_dags/example_complex.py
[2025-12-04T12:53:50.756+0000] {processor.py:925} INFO - DAG(s) 'example_complex' retrieved from /home/airflow/.local/lib/python3.12/site-packages/airflow/example_dags/example_complex.py
[2025-12-04T12:53:50.789+0000] {logging_mixin.py:190} INFO - [2025-12-04T12:53:50.789+0000] {dag.py:3239} INFO - Sync 1 DAGs
[2025-12-04T12:53:50.806+0000] {logging_mixin.py:190} INFO - [2025-12-04T12:53:50.806+0000] {dag.py:4180} INFO - Setting next_dagrun for example_complex to None, run_after=None
[2025-12-04T12:53:50.825+0000] {processor.py:208} INFO - Processing /home/airflow/.local/lib/python3.12/site-packages/airflow/example_dags/example_complex.py took 0.088 seconds
[2025-12-04T12:54:22.123+0000] {processor.py:186} INFO - Started process (PID=706) to work on /home/airflow/.local/lib/python3.12/site-packages/airflow/example_dags/example_complex.py
[2025-12-04T12:54:22.123+0000] {processor.py:914} INFO - Processing file /home/airflow/.local/lib/python3.12/site-packages/airflow/example_dags/example_complex.py for tasks to queue
[2025-12-04T12:54:22.126+0000] {logging_mixin.py:190} INFO - [2025-12-04T12:54:22.125+0000] {dagbag.py:588} INFO - Filling up the DagBag from /home/airflow/.local/lib/python3.12/site-packages/airflow/example_dags/example_complex.py
[2025-12-04T12:54:22.141+0000] {processor.py:925} INFO - DAG(s) 'example_complex' retrieved from /home/airflow/.local/lib/python3.12/site-packages/airflow/example_dags/example_complex.py
[2025-12-04T12:54:22.189+0000] {logging_mixin.py:190} INFO - [2025-12-04T12:54:22.189+0000] {dag.py:3239} INFO - Sync 1 DAGs
[2025-12-04T12:54:22.215+0000] {logging_mixin.py:190} INFO - [2025-12-04T12:54:22.215+0000] {dag.py:4180} INFO - Setting next_dagrun for example_complex to None, run_after=None
[2025-12-04T12:54:22.251+0000] {processor.py:208} INFO - Processing /home/airflow/.local/lib/python3.12/site-packages/airflow/example_dags/example_complex.py took 0.135 seconds
