[2025-12-04T12:26:25.288+0000] {processor.py:186} INFO - Started process (PID=58) to work on /home/airflow/.local/lib/python3.12/site-packages/airflow/example_dags/example_sla_dag.py
[2025-12-04T12:26:25.289+0000] {processor.py:914} INFO - Processing file /home/airflow/.local/lib/python3.12/site-packages/airflow/example_dags/example_sla_dag.py for tasks to queue
[2025-12-04T12:26:25.291+0000] {logging_mixin.py:190} INFO - [2025-12-04T12:26:25.290+0000] {dagbag.py:588} INFO - Filling up the DagBag from /home/airflow/.local/lib/python3.12/site-packages/airflow/example_dags/example_sla_dag.py
[2025-12-04T12:26:25.300+0000] {processor.py:925} INFO - DAG(s) 'example_sla_dag' retrieved from /home/airflow/.local/lib/python3.12/site-packages/airflow/example_dags/example_sla_dag.py
[2025-12-04T12:26:25.410+0000] {logging_mixin.py:190} INFO - [2025-12-04T12:26:25.409+0000] {override.py:1912} INFO - Created Permission View: can delete on DAG:example_sla_dag
[2025-12-04T12:26:25.419+0000] {logging_mixin.py:190} INFO - [2025-12-04T12:26:25.419+0000] {override.py:1912} INFO - Created Permission View: can edit on DAG:example_sla_dag
[2025-12-04T12:26:25.427+0000] {logging_mixin.py:190} INFO - [2025-12-04T12:26:25.426+0000] {override.py:1912} INFO - Created Permission View: can read on DAG:example_sla_dag
[2025-12-04T12:26:25.433+0000] {logging_mixin.py:190} INFO - [2025-12-04T12:26:25.433+0000] {override.py:1912} INFO - Created Permission View: can delete on DAG Run:example_sla_dag
[2025-12-04T12:26:25.440+0000] {logging_mixin.py:190} INFO - [2025-12-04T12:26:25.440+0000] {override.py:1912} INFO - Created Permission View: can read on DAG Run:example_sla_dag
[2025-12-04T12:26:25.446+0000] {logging_mixin.py:190} INFO - [2025-12-04T12:26:25.446+0000] {override.py:1912} INFO - Created Permission View: can create on DAG Run:example_sla_dag
[2025-12-04T12:26:25.452+0000] {logging_mixin.py:190} INFO - [2025-12-04T12:26:25.452+0000] {override.py:1912} INFO - Created Permission View: menu access on DAG Run:example_sla_dag
[2025-12-04T12:26:25.452+0000] {logging_mixin.py:190} INFO - [2025-12-04T12:26:25.452+0000] {dag.py:3239} INFO - Sync 1 DAGs
[2025-12-04T12:26:25.463+0000] {logging_mixin.py:190} INFO - [2025-12-04T12:26:25.463+0000] {dag.py:3262} INFO - Creating ORM DAG for example_sla_dag
[2025-12-04T12:26:25.473+0000] {logging_mixin.py:190} INFO - [2025-12-04T12:26:25.473+0000] {dag.py:4180} INFO - Setting next_dagrun for example_sla_dag to 2025-12-04 12:24:00+00:00, run_after=2025-12-04 12:26:00+00:00
[2025-12-04T12:26:25.486+0000] {processor.py:208} INFO - Processing /home/airflow/.local/lib/python3.12/site-packages/airflow/example_dags/example_sla_dag.py took 0.202 seconds
[2025-12-04T12:26:55.573+0000] {processor.py:186} INFO - Started process (PID=124) to work on /home/airflow/.local/lib/python3.12/site-packages/airflow/example_dags/example_sla_dag.py
[2025-12-04T12:26:55.574+0000] {processor.py:914} INFO - Processing file /home/airflow/.local/lib/python3.12/site-packages/airflow/example_dags/example_sla_dag.py for tasks to queue
[2025-12-04T12:26:55.577+0000] {logging_mixin.py:190} INFO - [2025-12-04T12:26:55.576+0000] {dagbag.py:588} INFO - Filling up the DagBag from /home/airflow/.local/lib/python3.12/site-packages/airflow/example_dags/example_sla_dag.py
[2025-12-04T12:26:55.598+0000] {processor.py:925} INFO - DAG(s) 'example_sla_dag' retrieved from /home/airflow/.local/lib/python3.12/site-packages/airflow/example_dags/example_sla_dag.py
[2025-12-04T12:26:55.621+0000] {logging_mixin.py:190} INFO - [2025-12-04T12:26:55.621+0000] {dag.py:3239} INFO - Sync 1 DAGs
[2025-12-04T12:26:55.653+0000] {logging_mixin.py:190} INFO - [2025-12-04T12:26:55.652+0000] {dag.py:4180} INFO - Setting next_dagrun for example_sla_dag to 2025-12-04 12:24:00+00:00, run_after=2025-12-04 12:26:00+00:00
[2025-12-04T12:26:55.677+0000] {processor.py:208} INFO - Processing /home/airflow/.local/lib/python3.12/site-packages/airflow/example_dags/example_sla_dag.py took 0.113 seconds
[2025-12-04T12:27:26.570+0000] {processor.py:186} INFO - Started process (PID=190) to work on /home/airflow/.local/lib/python3.12/site-packages/airflow/example_dags/example_sla_dag.py
[2025-12-04T12:27:26.571+0000] {processor.py:914} INFO - Processing file /home/airflow/.local/lib/python3.12/site-packages/airflow/example_dags/example_sla_dag.py for tasks to queue
[2025-12-04T12:27:26.573+0000] {logging_mixin.py:190} INFO - [2025-12-04T12:27:26.573+0000] {dagbag.py:588} INFO - Filling up the DagBag from /home/airflow/.local/lib/python3.12/site-packages/airflow/example_dags/example_sla_dag.py
[2025-12-04T12:27:26.583+0000] {processor.py:925} INFO - DAG(s) 'example_sla_dag' retrieved from /home/airflow/.local/lib/python3.12/site-packages/airflow/example_dags/example_sla_dag.py
[2025-12-04T12:27:26.604+0000] {logging_mixin.py:190} INFO - [2025-12-04T12:27:26.603+0000] {dag.py:3239} INFO - Sync 1 DAGs
[2025-12-04T12:27:26.636+0000] {logging_mixin.py:190} INFO - [2025-12-04T12:27:26.636+0000] {dag.py:4180} INFO - Setting next_dagrun for example_sla_dag to 2025-12-04 12:24:00+00:00, run_after=2025-12-04 12:26:00+00:00
[2025-12-04T12:27:26.657+0000] {processor.py:208} INFO - Processing /home/airflow/.local/lib/python3.12/site-packages/airflow/example_dags/example_sla_dag.py took 0.093 seconds
[2025-12-04T12:27:57.142+0000] {processor.py:186} INFO - Started process (PID=256) to work on /home/airflow/.local/lib/python3.12/site-packages/airflow/example_dags/example_sla_dag.py
[2025-12-04T12:27:57.143+0000] {processor.py:914} INFO - Processing file /home/airflow/.local/lib/python3.12/site-packages/airflow/example_dags/example_sla_dag.py for tasks to queue
[2025-12-04T12:27:57.145+0000] {logging_mixin.py:190} INFO - [2025-12-04T12:27:57.145+0000] {dagbag.py:588} INFO - Filling up the DagBag from /home/airflow/.local/lib/python3.12/site-packages/airflow/example_dags/example_sla_dag.py
[2025-12-04T12:27:57.155+0000] {processor.py:925} INFO - DAG(s) 'example_sla_dag' retrieved from /home/airflow/.local/lib/python3.12/site-packages/airflow/example_dags/example_sla_dag.py
[2025-12-04T12:27:57.181+0000] {logging_mixin.py:190} INFO - [2025-12-04T12:27:57.181+0000] {dag.py:3239} INFO - Sync 1 DAGs
[2025-12-04T12:27:57.216+0000] {logging_mixin.py:190} INFO - [2025-12-04T12:27:57.216+0000] {dag.py:4180} INFO - Setting next_dagrun for example_sla_dag to 2025-12-04 12:24:00+00:00, run_after=2025-12-04 12:26:00+00:00
[2025-12-04T12:27:57.238+0000] {processor.py:208} INFO - Processing /home/airflow/.local/lib/python3.12/site-packages/airflow/example_dags/example_sla_dag.py took 0.103 seconds
[2025-12-04T12:28:27.554+0000] {processor.py:186} INFO - Started process (PID=322) to work on /home/airflow/.local/lib/python3.12/site-packages/airflow/example_dags/example_sla_dag.py
[2025-12-04T12:28:27.555+0000] {processor.py:914} INFO - Processing file /home/airflow/.local/lib/python3.12/site-packages/airflow/example_dags/example_sla_dag.py for tasks to queue
[2025-12-04T12:28:27.557+0000] {logging_mixin.py:190} INFO - [2025-12-04T12:28:27.557+0000] {dagbag.py:588} INFO - Filling up the DagBag from /home/airflow/.local/lib/python3.12/site-packages/airflow/example_dags/example_sla_dag.py
[2025-12-04T12:28:27.567+0000] {processor.py:925} INFO - DAG(s) 'example_sla_dag' retrieved from /home/airflow/.local/lib/python3.12/site-packages/airflow/example_dags/example_sla_dag.py
[2025-12-04T12:28:27.589+0000] {logging_mixin.py:190} INFO - [2025-12-04T12:28:27.589+0000] {dag.py:3239} INFO - Sync 1 DAGs
[2025-12-04T12:28:27.622+0000] {logging_mixin.py:190} INFO - [2025-12-04T12:28:27.622+0000] {dag.py:4180} INFO - Setting next_dagrun for example_sla_dag to 2025-12-04 12:26:00+00:00, run_after=2025-12-04 12:28:00+00:00
[2025-12-04T12:28:27.643+0000] {processor.py:208} INFO - Processing /home/airflow/.local/lib/python3.12/site-packages/airflow/example_dags/example_sla_dag.py took 0.095 seconds
[2025-12-04T12:28:58.810+0000] {processor.py:186} INFO - Started process (PID=387) to work on /home/airflow/.local/lib/python3.12/site-packages/airflow/example_dags/example_sla_dag.py
[2025-12-04T12:28:58.811+0000] {processor.py:914} INFO - Processing file /home/airflow/.local/lib/python3.12/site-packages/airflow/example_dags/example_sla_dag.py for tasks to queue
[2025-12-04T12:28:58.813+0000] {logging_mixin.py:190} INFO - [2025-12-04T12:28:58.812+0000] {dagbag.py:588} INFO - Filling up the DagBag from /home/airflow/.local/lib/python3.12/site-packages/airflow/example_dags/example_sla_dag.py
[2025-12-04T12:28:58.823+0000] {processor.py:925} INFO - DAG(s) 'example_sla_dag' retrieved from /home/airflow/.local/lib/python3.12/site-packages/airflow/example_dags/example_sla_dag.py
[2025-12-04T12:28:58.844+0000] {logging_mixin.py:190} INFO - [2025-12-04T12:28:58.844+0000] {dag.py:3239} INFO - Sync 1 DAGs
[2025-12-04T12:28:58.875+0000] {logging_mixin.py:190} INFO - [2025-12-04T12:28:58.875+0000] {dag.py:4180} INFO - Setting next_dagrun for example_sla_dag to 2025-12-04 12:26:00+00:00, run_after=2025-12-04 12:28:00+00:00
[2025-12-04T12:28:58.896+0000] {processor.py:208} INFO - Processing /home/airflow/.local/lib/python3.12/site-packages/airflow/example_dags/example_sla_dag.py took 0.092 seconds
[2025-12-04T12:29:29.922+0000] {processor.py:186} INFO - Started process (PID=453) to work on /home/airflow/.local/lib/python3.12/site-packages/airflow/example_dags/example_sla_dag.py
[2025-12-04T12:29:29.923+0000] {processor.py:914} INFO - Processing file /home/airflow/.local/lib/python3.12/site-packages/airflow/example_dags/example_sla_dag.py for tasks to queue
[2025-12-04T12:29:29.927+0000] {logging_mixin.py:190} INFO - [2025-12-04T12:29:29.926+0000] {dagbag.py:588} INFO - Filling up the DagBag from /home/airflow/.local/lib/python3.12/site-packages/airflow/example_dags/example_sla_dag.py
[2025-12-04T12:29:29.946+0000] {processor.py:925} INFO - DAG(s) 'example_sla_dag' retrieved from /home/airflow/.local/lib/python3.12/site-packages/airflow/example_dags/example_sla_dag.py
[2025-12-04T12:29:29.971+0000] {logging_mixin.py:190} INFO - [2025-12-04T12:29:29.971+0000] {dag.py:3239} INFO - Sync 1 DAGs
[2025-12-04T12:29:30.005+0000] {logging_mixin.py:190} INFO - [2025-12-04T12:29:30.005+0000] {dag.py:4180} INFO - Setting next_dagrun for example_sla_dag to 2025-12-04 12:26:00+00:00, run_after=2025-12-04 12:28:00+00:00
[2025-12-04T12:29:30.031+0000] {processor.py:208} INFO - Processing /home/airflow/.local/lib/python3.12/site-packages/airflow/example_dags/example_sla_dag.py took 0.122 seconds
[2025-12-04T12:30:00.419+0000] {processor.py:186} INFO - Started process (PID=518) to work on /home/airflow/.local/lib/python3.12/site-packages/airflow/example_dags/example_sla_dag.py
[2025-12-04T12:30:00.419+0000] {processor.py:914} INFO - Processing file /home/airflow/.local/lib/python3.12/site-packages/airflow/example_dags/example_sla_dag.py for tasks to queue
[2025-12-04T12:30:00.421+0000] {logging_mixin.py:190} INFO - [2025-12-04T12:30:00.421+0000] {dagbag.py:588} INFO - Filling up the DagBag from /home/airflow/.local/lib/python3.12/site-packages/airflow/example_dags/example_sla_dag.py
[2025-12-04T12:30:00.432+0000] {processor.py:925} INFO - DAG(s) 'example_sla_dag' retrieved from /home/airflow/.local/lib/python3.12/site-packages/airflow/example_dags/example_sla_dag.py
[2025-12-04T12:30:00.451+0000] {logging_mixin.py:190} INFO - [2025-12-04T12:30:00.451+0000] {dag.py:3239} INFO - Sync 1 DAGs
[2025-12-04T12:30:00.481+0000] {logging_mixin.py:190} INFO - [2025-12-04T12:30:00.481+0000] {dag.py:4180} INFO - Setting next_dagrun for example_sla_dag to 2025-12-04 12:28:00+00:00, run_after=2025-12-04 12:30:00+00:00
[2025-12-04T12:30:00.503+0000] {processor.py:208} INFO - Processing /home/airflow/.local/lib/python3.12/site-packages/airflow/example_dags/example_sla_dag.py took 0.090 seconds
[2025-12-04T12:30:30.735+0000] {processor.py:186} INFO - Started process (PID=584) to work on /home/airflow/.local/lib/python3.12/site-packages/airflow/example_dags/example_sla_dag.py
[2025-12-04T12:30:30.736+0000] {processor.py:914} INFO - Processing file /home/airflow/.local/lib/python3.12/site-packages/airflow/example_dags/example_sla_dag.py for tasks to queue
[2025-12-04T12:30:30.739+0000] {logging_mixin.py:190} INFO - [2025-12-04T12:30:30.738+0000] {dagbag.py:588} INFO - Filling up the DagBag from /home/airflow/.local/lib/python3.12/site-packages/airflow/example_dags/example_sla_dag.py
[2025-12-04T12:30:30.755+0000] {processor.py:925} INFO - DAG(s) 'example_sla_dag' retrieved from /home/airflow/.local/lib/python3.12/site-packages/airflow/example_dags/example_sla_dag.py
[2025-12-04T12:30:30.778+0000] {logging_mixin.py:190} INFO - [2025-12-04T12:30:30.778+0000] {dag.py:3239} INFO - Sync 1 DAGs
[2025-12-04T12:30:30.809+0000] {logging_mixin.py:190} INFO - [2025-12-04T12:30:30.809+0000] {dag.py:4180} INFO - Setting next_dagrun for example_sla_dag to 2025-12-04 12:28:00+00:00, run_after=2025-12-04 12:30:00+00:00
[2025-12-04T12:30:30.830+0000] {processor.py:208} INFO - Processing /home/airflow/.local/lib/python3.12/site-packages/airflow/example_dags/example_sla_dag.py took 0.105 seconds
[2025-12-04T12:31:01.540+0000] {processor.py:186} INFO - Started process (PID=650) to work on /home/airflow/.local/lib/python3.12/site-packages/airflow/example_dags/example_sla_dag.py
[2025-12-04T12:31:01.541+0000] {processor.py:914} INFO - Processing file /home/airflow/.local/lib/python3.12/site-packages/airflow/example_dags/example_sla_dag.py for tasks to queue
[2025-12-04T12:31:01.545+0000] {logging_mixin.py:190} INFO - [2025-12-04T12:31:01.544+0000] {dagbag.py:588} INFO - Filling up the DagBag from /home/airflow/.local/lib/python3.12/site-packages/airflow/example_dags/example_sla_dag.py
[2025-12-04T12:31:01.566+0000] {processor.py:925} INFO - DAG(s) 'example_sla_dag' retrieved from /home/airflow/.local/lib/python3.12/site-packages/airflow/example_dags/example_sla_dag.py
[2025-12-04T12:31:01.596+0000] {logging_mixin.py:190} INFO - [2025-12-04T12:31:01.596+0000] {dag.py:3239} INFO - Sync 1 DAGs
[2025-12-04T12:31:01.634+0000] {logging_mixin.py:190} INFO - [2025-12-04T12:31:01.634+0000] {dag.py:4180} INFO - Setting next_dagrun for example_sla_dag to 2025-12-04 12:28:00+00:00, run_after=2025-12-04 12:30:00+00:00
[2025-12-04T12:31:01.660+0000] {processor.py:208} INFO - Processing /home/airflow/.local/lib/python3.12/site-packages/airflow/example_dags/example_sla_dag.py took 0.130 seconds
[2025-12-04T12:31:32.062+0000] {processor.py:186} INFO - Started process (PID=716) to work on /home/airflow/.local/lib/python3.12/site-packages/airflow/example_dags/example_sla_dag.py
[2025-12-04T12:31:32.063+0000] {processor.py:914} INFO - Processing file /home/airflow/.local/lib/python3.12/site-packages/airflow/example_dags/example_sla_dag.py for tasks to queue
[2025-12-04T12:31:32.067+0000] {logging_mixin.py:190} INFO - [2025-12-04T12:31:32.066+0000] {dagbag.py:588} INFO - Filling up the DagBag from /home/airflow/.local/lib/python3.12/site-packages/airflow/example_dags/example_sla_dag.py
[2025-12-04T12:31:32.080+0000] {processor.py:925} INFO - DAG(s) 'example_sla_dag' retrieved from /home/airflow/.local/lib/python3.12/site-packages/airflow/example_dags/example_sla_dag.py
[2025-12-04T12:31:32.105+0000] {logging_mixin.py:190} INFO - [2025-12-04T12:31:32.104+0000] {dag.py:3239} INFO - Sync 1 DAGs
[2025-12-04T12:31:32.139+0000] {logging_mixin.py:190} INFO - [2025-12-04T12:31:32.139+0000] {dag.py:4180} INFO - Setting next_dagrun for example_sla_dag to 2025-12-04 12:28:00+00:00, run_after=2025-12-04 12:30:00+00:00
[2025-12-04T12:31:32.170+0000] {processor.py:208} INFO - Processing /home/airflow/.local/lib/python3.12/site-packages/airflow/example_dags/example_sla_dag.py took 0.115 seconds
[2025-12-04T12:32:02.797+0000] {processor.py:186} INFO - Started process (PID=782) to work on /home/airflow/.local/lib/python3.12/site-packages/airflow/example_dags/example_sla_dag.py
[2025-12-04T12:32:02.798+0000] {processor.py:914} INFO - Processing file /home/airflow/.local/lib/python3.12/site-packages/airflow/example_dags/example_sla_dag.py for tasks to queue
[2025-12-04T12:32:02.801+0000] {logging_mixin.py:190} INFO - [2025-12-04T12:32:02.800+0000] {dagbag.py:588} INFO - Filling up the DagBag from /home/airflow/.local/lib/python3.12/site-packages/airflow/example_dags/example_sla_dag.py
[2025-12-04T12:32:02.814+0000] {processor.py:925} INFO - DAG(s) 'example_sla_dag' retrieved from /home/airflow/.local/lib/python3.12/site-packages/airflow/example_dags/example_sla_dag.py
[2025-12-04T12:32:02.841+0000] {logging_mixin.py:190} INFO - [2025-12-04T12:32:02.841+0000] {dag.py:3239} INFO - Sync 1 DAGs
[2025-12-04T12:32:02.880+0000] {logging_mixin.py:190} INFO - [2025-12-04T12:32:02.879+0000] {dag.py:4180} INFO - Setting next_dagrun for example_sla_dag to 2025-12-04 12:30:00+00:00, run_after=2025-12-04 12:32:00+00:00
[2025-12-04T12:32:02.908+0000] {processor.py:208} INFO - Processing /home/airflow/.local/lib/python3.12/site-packages/airflow/example_dags/example_sla_dag.py took 0.122 seconds
[2025-12-04T12:32:33.237+0000] {processor.py:186} INFO - Started process (PID=848) to work on /home/airflow/.local/lib/python3.12/site-packages/airflow/example_dags/example_sla_dag.py
[2025-12-04T12:32:33.238+0000] {processor.py:914} INFO - Processing file /home/airflow/.local/lib/python3.12/site-packages/airflow/example_dags/example_sla_dag.py for tasks to queue
[2025-12-04T12:32:33.241+0000] {logging_mixin.py:190} INFO - [2025-12-04T12:32:33.240+0000] {dagbag.py:588} INFO - Filling up the DagBag from /home/airflow/.local/lib/python3.12/site-packages/airflow/example_dags/example_sla_dag.py
[2025-12-04T12:32:33.254+0000] {processor.py:925} INFO - DAG(s) 'example_sla_dag' retrieved from /home/airflow/.local/lib/python3.12/site-packages/airflow/example_dags/example_sla_dag.py
[2025-12-04T12:32:33.279+0000] {logging_mixin.py:190} INFO - [2025-12-04T12:32:33.279+0000] {dag.py:3239} INFO - Sync 1 DAGs
[2025-12-04T12:32:33.331+0000] {logging_mixin.py:190} INFO - [2025-12-04T12:32:33.330+0000] {dag.py:4180} INFO - Setting next_dagrun for example_sla_dag to 2025-12-04 12:30:00+00:00, run_after=2025-12-04 12:32:00+00:00
[2025-12-04T12:32:33.359+0000] {processor.py:208} INFO - Processing /home/airflow/.local/lib/python3.12/site-packages/airflow/example_dags/example_sla_dag.py took 0.130 seconds
[2025-12-04T12:33:03.807+0000] {processor.py:186} INFO - Started process (PID=915) to work on /home/airflow/.local/lib/python3.12/site-packages/airflow/example_dags/example_sla_dag.py
[2025-12-04T12:33:03.809+0000] {processor.py:914} INFO - Processing file /home/airflow/.local/lib/python3.12/site-packages/airflow/example_dags/example_sla_dag.py for tasks to queue
[2025-12-04T12:33:03.811+0000] {logging_mixin.py:190} INFO - [2025-12-04T12:33:03.811+0000] {dagbag.py:588} INFO - Filling up the DagBag from /home/airflow/.local/lib/python3.12/site-packages/airflow/example_dags/example_sla_dag.py
[2025-12-04T12:33:03.825+0000] {processor.py:925} INFO - DAG(s) 'example_sla_dag' retrieved from /home/airflow/.local/lib/python3.12/site-packages/airflow/example_dags/example_sla_dag.py
[2025-12-04T12:33:03.851+0000] {logging_mixin.py:190} INFO - [2025-12-04T12:33:03.850+0000] {dag.py:3239} INFO - Sync 1 DAGs
[2025-12-04T12:33:03.892+0000] {logging_mixin.py:190} INFO - [2025-12-04T12:33:03.892+0000] {dag.py:4180} INFO - Setting next_dagrun for example_sla_dag to 2025-12-04 12:30:00+00:00, run_after=2025-12-04 12:32:00+00:00
[2025-12-04T12:33:03.927+0000] {processor.py:208} INFO - Processing /home/airflow/.local/lib/python3.12/site-packages/airflow/example_dags/example_sla_dag.py took 0.127 seconds
[2025-12-04T12:33:34.488+0000] {processor.py:186} INFO - Started process (PID=981) to work on /home/airflow/.local/lib/python3.12/site-packages/airflow/example_dags/example_sla_dag.py
[2025-12-04T12:33:34.489+0000] {processor.py:914} INFO - Processing file /home/airflow/.local/lib/python3.12/site-packages/airflow/example_dags/example_sla_dag.py for tasks to queue
[2025-12-04T12:33:34.492+0000] {logging_mixin.py:190} INFO - [2025-12-04T12:33:34.492+0000] {dagbag.py:588} INFO - Filling up the DagBag from /home/airflow/.local/lib/python3.12/site-packages/airflow/example_dags/example_sla_dag.py
[2025-12-04T12:33:34.507+0000] {processor.py:925} INFO - DAG(s) 'example_sla_dag' retrieved from /home/airflow/.local/lib/python3.12/site-packages/airflow/example_dags/example_sla_dag.py
[2025-12-04T12:33:34.532+0000] {logging_mixin.py:190} INFO - [2025-12-04T12:33:34.531+0000] {dag.py:3239} INFO - Sync 1 DAGs
[2025-12-04T12:33:34.574+0000] {logging_mixin.py:190} INFO - [2025-12-04T12:33:34.573+0000] {dag.py:4180} INFO - Setting next_dagrun for example_sla_dag to 2025-12-04 12:30:00+00:00, run_after=2025-12-04 12:32:00+00:00
[2025-12-04T12:33:34.602+0000] {processor.py:208} INFO - Processing /home/airflow/.local/lib/python3.12/site-packages/airflow/example_dags/example_sla_dag.py took 0.122 seconds
[2025-12-04T12:34:05.047+0000] {processor.py:186} INFO - Started process (PID=1053) to work on /home/airflow/.local/lib/python3.12/site-packages/airflow/example_dags/example_sla_dag.py
[2025-12-04T12:34:05.048+0000] {processor.py:914} INFO - Processing file /home/airflow/.local/lib/python3.12/site-packages/airflow/example_dags/example_sla_dag.py for tasks to queue
[2025-12-04T12:34:05.051+0000] {logging_mixin.py:190} INFO - [2025-12-04T12:34:05.051+0000] {dagbag.py:588} INFO - Filling up the DagBag from /home/airflow/.local/lib/python3.12/site-packages/airflow/example_dags/example_sla_dag.py
[2025-12-04T12:34:05.065+0000] {processor.py:925} INFO - DAG(s) 'example_sla_dag' retrieved from /home/airflow/.local/lib/python3.12/site-packages/airflow/example_dags/example_sla_dag.py
[2025-12-04T12:34:05.095+0000] {logging_mixin.py:190} INFO - [2025-12-04T12:34:05.095+0000] {dag.py:3239} INFO - Sync 1 DAGs
[2025-12-04T12:34:05.138+0000] {logging_mixin.py:190} INFO - [2025-12-04T12:34:05.137+0000] {dag.py:4180} INFO - Setting next_dagrun for example_sla_dag to 2025-12-04 12:32:00+00:00, run_after=2025-12-04 12:34:00+00:00
[2025-12-04T12:34:05.159+0000] {processor.py:208} INFO - Processing /home/airflow/.local/lib/python3.12/site-packages/airflow/example_dags/example_sla_dag.py took 0.119 seconds
[2025-12-04T12:34:36.186+0000] {processor.py:186} INFO - Started process (PID=1119) to work on /home/airflow/.local/lib/python3.12/site-packages/airflow/example_dags/example_sla_dag.py
[2025-12-04T12:34:36.187+0000] {processor.py:914} INFO - Processing file /home/airflow/.local/lib/python3.12/site-packages/airflow/example_dags/example_sla_dag.py for tasks to queue
[2025-12-04T12:34:36.189+0000] {logging_mixin.py:190} INFO - [2025-12-04T12:34:36.189+0000] {dagbag.py:588} INFO - Filling up the DagBag from /home/airflow/.local/lib/python3.12/site-packages/airflow/example_dags/example_sla_dag.py
[2025-12-04T12:34:36.203+0000] {processor.py:925} INFO - DAG(s) 'example_sla_dag' retrieved from /home/airflow/.local/lib/python3.12/site-packages/airflow/example_dags/example_sla_dag.py
[2025-12-04T12:34:36.229+0000] {logging_mixin.py:190} INFO - [2025-12-04T12:34:36.229+0000] {dag.py:3239} INFO - Sync 1 DAGs
[2025-12-04T12:34:36.267+0000] {logging_mixin.py:190} INFO - [2025-12-04T12:34:36.267+0000] {dag.py:4180} INFO - Setting next_dagrun for example_sla_dag to 2025-12-04 12:32:00+00:00, run_after=2025-12-04 12:34:00+00:00
[2025-12-04T12:34:36.295+0000] {processor.py:208} INFO - Processing /home/airflow/.local/lib/python3.12/site-packages/airflow/example_dags/example_sla_dag.py took 0.118 seconds
[2025-12-04T12:35:06.813+0000] {processor.py:186} INFO - Started process (PID=1185) to work on /home/airflow/.local/lib/python3.12/site-packages/airflow/example_dags/example_sla_dag.py
[2025-12-04T12:35:06.817+0000] {processor.py:914} INFO - Processing file /home/airflow/.local/lib/python3.12/site-packages/airflow/example_dags/example_sla_dag.py for tasks to queue
[2025-12-04T12:35:06.820+0000] {logging_mixin.py:190} INFO - [2025-12-04T12:35:06.819+0000] {dagbag.py:588} INFO - Filling up the DagBag from /home/airflow/.local/lib/python3.12/site-packages/airflow/example_dags/example_sla_dag.py
[2025-12-04T12:35:06.831+0000] {processor.py:925} INFO - DAG(s) 'example_sla_dag' retrieved from /home/airflow/.local/lib/python3.12/site-packages/airflow/example_dags/example_sla_dag.py
[2025-12-04T12:35:06.853+0000] {logging_mixin.py:190} INFO - [2025-12-04T12:35:06.853+0000] {dag.py:3239} INFO - Sync 1 DAGs
[2025-12-04T12:35:06.886+0000] {logging_mixin.py:190} INFO - [2025-12-04T12:35:06.886+0000] {dag.py:4180} INFO - Setting next_dagrun for example_sla_dag to 2025-12-04 12:32:00+00:00, run_after=2025-12-04 12:34:00+00:00
[2025-12-04T12:35:06.908+0000] {processor.py:208} INFO - Processing /home/airflow/.local/lib/python3.12/site-packages/airflow/example_dags/example_sla_dag.py took 0.101 seconds
[2025-12-04T12:35:37.493+0000] {processor.py:186} INFO - Started process (PID=1251) to work on /home/airflow/.local/lib/python3.12/site-packages/airflow/example_dags/example_sla_dag.py
[2025-12-04T12:35:37.494+0000] {processor.py:914} INFO - Processing file /home/airflow/.local/lib/python3.12/site-packages/airflow/example_dags/example_sla_dag.py for tasks to queue
[2025-12-04T12:35:37.498+0000] {logging_mixin.py:190} INFO - [2025-12-04T12:35:37.497+0000] {dagbag.py:588} INFO - Filling up the DagBag from /home/airflow/.local/lib/python3.12/site-packages/airflow/example_dags/example_sla_dag.py
[2025-12-04T12:35:37.515+0000] {processor.py:925} INFO - DAG(s) 'example_sla_dag' retrieved from /home/airflow/.local/lib/python3.12/site-packages/airflow/example_dags/example_sla_dag.py
[2025-12-04T12:35:37.545+0000] {logging_mixin.py:190} INFO - [2025-12-04T12:35:37.544+0000] {dag.py:3239} INFO - Sync 1 DAGs
[2025-12-04T12:35:37.577+0000] {logging_mixin.py:190} INFO - [2025-12-04T12:35:37.577+0000] {dag.py:4180} INFO - Setting next_dagrun for example_sla_dag to 2025-12-04 12:32:00+00:00, run_after=2025-12-04 12:34:00+00:00
[2025-12-04T12:35:37.599+0000] {processor.py:208} INFO - Processing /home/airflow/.local/lib/python3.12/site-packages/airflow/example_dags/example_sla_dag.py took 0.116 seconds
[2025-12-04T12:36:07.878+0000] {processor.py:186} INFO - Started process (PID=1317) to work on /home/airflow/.local/lib/python3.12/site-packages/airflow/example_dags/example_sla_dag.py
[2025-12-04T12:36:07.880+0000] {processor.py:914} INFO - Processing file /home/airflow/.local/lib/python3.12/site-packages/airflow/example_dags/example_sla_dag.py for tasks to queue
[2025-12-04T12:36:07.884+0000] {logging_mixin.py:190} INFO - [2025-12-04T12:36:07.883+0000] {dagbag.py:588} INFO - Filling up the DagBag from /home/airflow/.local/lib/python3.12/site-packages/airflow/example_dags/example_sla_dag.py
[2025-12-04T12:36:07.902+0000] {processor.py:925} INFO - DAG(s) 'example_sla_dag' retrieved from /home/airflow/.local/lib/python3.12/site-packages/airflow/example_dags/example_sla_dag.py
[2025-12-04T12:36:07.929+0000] {logging_mixin.py:190} INFO - [2025-12-04T12:36:07.928+0000] {dag.py:3239} INFO - Sync 1 DAGs
[2025-12-04T12:36:07.964+0000] {logging_mixin.py:190} INFO - [2025-12-04T12:36:07.964+0000] {dag.py:4180} INFO - Setting next_dagrun for example_sla_dag to 2025-12-04 12:34:00+00:00, run_after=2025-12-04 12:36:00+00:00
[2025-12-04T12:36:07.990+0000] {processor.py:208} INFO - Processing /home/airflow/.local/lib/python3.12/site-packages/airflow/example_dags/example_sla_dag.py took 0.122 seconds
[2025-12-04T12:36:38.361+0000] {processor.py:186} INFO - Started process (PID=1384) to work on /home/airflow/.local/lib/python3.12/site-packages/airflow/example_dags/example_sla_dag.py
[2025-12-04T12:36:38.362+0000] {processor.py:914} INFO - Processing file /home/airflow/.local/lib/python3.12/site-packages/airflow/example_dags/example_sla_dag.py for tasks to queue
[2025-12-04T12:36:38.366+0000] {logging_mixin.py:190} INFO - [2025-12-04T12:36:38.365+0000] {dagbag.py:588} INFO - Filling up the DagBag from /home/airflow/.local/lib/python3.12/site-packages/airflow/example_dags/example_sla_dag.py
[2025-12-04T12:36:38.379+0000] {processor.py:925} INFO - DAG(s) 'example_sla_dag' retrieved from /home/airflow/.local/lib/python3.12/site-packages/airflow/example_dags/example_sla_dag.py
[2025-12-04T12:36:38.406+0000] {logging_mixin.py:190} INFO - [2025-12-04T12:36:38.405+0000] {dag.py:3239} INFO - Sync 1 DAGs
[2025-12-04T12:36:38.444+0000] {logging_mixin.py:190} INFO - [2025-12-04T12:36:38.444+0000] {dag.py:4180} INFO - Setting next_dagrun for example_sla_dag to 2025-12-04 12:34:00+00:00, run_after=2025-12-04 12:36:00+00:00
[2025-12-04T12:36:38.471+0000] {processor.py:208} INFO - Processing /home/airflow/.local/lib/python3.12/site-packages/airflow/example_dags/example_sla_dag.py took 0.117 seconds
[2025-12-04T12:37:08.684+0000] {processor.py:186} INFO - Started process (PID=1450) to work on /home/airflow/.local/lib/python3.12/site-packages/airflow/example_dags/example_sla_dag.py
[2025-12-04T12:37:08.685+0000] {processor.py:914} INFO - Processing file /home/airflow/.local/lib/python3.12/site-packages/airflow/example_dags/example_sla_dag.py for tasks to queue
[2025-12-04T12:37:08.688+0000] {logging_mixin.py:190} INFO - [2025-12-04T12:37:08.687+0000] {dagbag.py:588} INFO - Filling up the DagBag from /home/airflow/.local/lib/python3.12/site-packages/airflow/example_dags/example_sla_dag.py
[2025-12-04T12:37:08.702+0000] {processor.py:925} INFO - DAG(s) 'example_sla_dag' retrieved from /home/airflow/.local/lib/python3.12/site-packages/airflow/example_dags/example_sla_dag.py
[2025-12-04T12:37:08.733+0000] {logging_mixin.py:190} INFO - [2025-12-04T12:37:08.733+0000] {dag.py:3239} INFO - Sync 1 DAGs
[2025-12-04T12:37:08.777+0000] {logging_mixin.py:190} INFO - [2025-12-04T12:37:08.777+0000] {dag.py:4180} INFO - Setting next_dagrun for example_sla_dag to 2025-12-04 12:34:00+00:00, run_after=2025-12-04 12:36:00+00:00
[2025-12-04T12:37:08.809+0000] {processor.py:208} INFO - Processing /home/airflow/.local/lib/python3.12/site-packages/airflow/example_dags/example_sla_dag.py took 0.132 seconds
[2025-12-04T12:37:39.222+0000] {processor.py:186} INFO - Started process (PID=1516) to work on /home/airflow/.local/lib/python3.12/site-packages/airflow/example_dags/example_sla_dag.py
[2025-12-04T12:37:39.223+0000] {processor.py:914} INFO - Processing file /home/airflow/.local/lib/python3.12/site-packages/airflow/example_dags/example_sla_dag.py for tasks to queue
[2025-12-04T12:37:39.226+0000] {logging_mixin.py:190} INFO - [2025-12-04T12:37:39.225+0000] {dagbag.py:588} INFO - Filling up the DagBag from /home/airflow/.local/lib/python3.12/site-packages/airflow/example_dags/example_sla_dag.py
[2025-12-04T12:37:39.239+0000] {processor.py:925} INFO - DAG(s) 'example_sla_dag' retrieved from /home/airflow/.local/lib/python3.12/site-packages/airflow/example_dags/example_sla_dag.py
[2025-12-04T12:37:39.265+0000] {logging_mixin.py:190} INFO - [2025-12-04T12:37:39.265+0000] {dag.py:3239} INFO - Sync 1 DAGs
[2025-12-04T12:37:39.302+0000] {logging_mixin.py:190} INFO - [2025-12-04T12:37:39.301+0000] {dag.py:4180} INFO - Setting next_dagrun for example_sla_dag to 2025-12-04 12:34:00+00:00, run_after=2025-12-04 12:36:00+00:00
[2025-12-04T12:37:39.331+0000] {processor.py:208} INFO - Processing /home/airflow/.local/lib/python3.12/site-packages/airflow/example_dags/example_sla_dag.py took 0.117 seconds
[2025-12-04T12:38:09.757+0000] {processor.py:186} INFO - Started process (PID=1582) to work on /home/airflow/.local/lib/python3.12/site-packages/airflow/example_dags/example_sla_dag.py
[2025-12-04T12:38:09.758+0000] {processor.py:914} INFO - Processing file /home/airflow/.local/lib/python3.12/site-packages/airflow/example_dags/example_sla_dag.py for tasks to queue
[2025-12-04T12:38:09.763+0000] {logging_mixin.py:190} INFO - [2025-12-04T12:38:09.762+0000] {dagbag.py:588} INFO - Filling up the DagBag from /home/airflow/.local/lib/python3.12/site-packages/airflow/example_dags/example_sla_dag.py
[2025-12-04T12:38:09.783+0000] {processor.py:925} INFO - DAG(s) 'example_sla_dag' retrieved from /home/airflow/.local/lib/python3.12/site-packages/airflow/example_dags/example_sla_dag.py
[2025-12-04T12:38:09.813+0000] {logging_mixin.py:190} INFO - [2025-12-04T12:38:09.812+0000] {dag.py:3239} INFO - Sync 1 DAGs
[2025-12-04T12:38:09.853+0000] {logging_mixin.py:190} INFO - [2025-12-04T12:38:09.853+0000] {dag.py:4180} INFO - Setting next_dagrun for example_sla_dag to 2025-12-04 12:36:00+00:00, run_after=2025-12-04 12:38:00+00:00
[2025-12-04T12:38:09.881+0000] {processor.py:208} INFO - Processing /home/airflow/.local/lib/python3.12/site-packages/airflow/example_dags/example_sla_dag.py took 0.134 seconds
[2025-12-04T12:38:40.401+0000] {processor.py:186} INFO - Started process (PID=1648) to work on /home/airflow/.local/lib/python3.12/site-packages/airflow/example_dags/example_sla_dag.py
[2025-12-04T12:38:40.402+0000] {processor.py:914} INFO - Processing file /home/airflow/.local/lib/python3.12/site-packages/airflow/example_dags/example_sla_dag.py for tasks to queue
[2025-12-04T12:38:40.407+0000] {logging_mixin.py:190} INFO - [2025-12-04T12:38:40.406+0000] {dagbag.py:588} INFO - Filling up the DagBag from /home/airflow/.local/lib/python3.12/site-packages/airflow/example_dags/example_sla_dag.py
[2025-12-04T12:38:40.421+0000] {processor.py:925} INFO - DAG(s) 'example_sla_dag' retrieved from /home/airflow/.local/lib/python3.12/site-packages/airflow/example_dags/example_sla_dag.py
[2025-12-04T12:38:40.448+0000] {logging_mixin.py:190} INFO - [2025-12-04T12:38:40.448+0000] {dag.py:3239} INFO - Sync 1 DAGs
[2025-12-04T12:38:40.487+0000] {logging_mixin.py:190} INFO - [2025-12-04T12:38:40.487+0000] {dag.py:4180} INFO - Setting next_dagrun for example_sla_dag to 2025-12-04 12:36:00+00:00, run_after=2025-12-04 12:38:00+00:00
[2025-12-04T12:38:40.515+0000] {processor.py:208} INFO - Processing /home/airflow/.local/lib/python3.12/site-packages/airflow/example_dags/example_sla_dag.py took 0.124 seconds
[2025-12-04T12:39:10.785+0000] {processor.py:186} INFO - Started process (PID=1714) to work on /home/airflow/.local/lib/python3.12/site-packages/airflow/example_dags/example_sla_dag.py
[2025-12-04T12:39:10.786+0000] {processor.py:914} INFO - Processing file /home/airflow/.local/lib/python3.12/site-packages/airflow/example_dags/example_sla_dag.py for tasks to queue
[2025-12-04T12:39:10.789+0000] {logging_mixin.py:190} INFO - [2025-12-04T12:39:10.789+0000] {dagbag.py:588} INFO - Filling up the DagBag from /home/airflow/.local/lib/python3.12/site-packages/airflow/example_dags/example_sla_dag.py
[2025-12-04T12:39:10.802+0000] {processor.py:925} INFO - DAG(s) 'example_sla_dag' retrieved from /home/airflow/.local/lib/python3.12/site-packages/airflow/example_dags/example_sla_dag.py
[2025-12-04T12:39:10.827+0000] {logging_mixin.py:190} INFO - [2025-12-04T12:39:10.827+0000] {dag.py:3239} INFO - Sync 1 DAGs
[2025-12-04T12:39:10.864+0000] {logging_mixin.py:190} INFO - [2025-12-04T12:39:10.864+0000] {dag.py:4180} INFO - Setting next_dagrun for example_sla_dag to 2025-12-04 12:36:00+00:00, run_after=2025-12-04 12:38:00+00:00
[2025-12-04T12:39:10.897+0000] {processor.py:208} INFO - Processing /home/airflow/.local/lib/python3.12/site-packages/airflow/example_dags/example_sla_dag.py took 0.120 seconds
[2025-12-04T12:39:41.492+0000] {processor.py:186} INFO - Started process (PID=1780) to work on /home/airflow/.local/lib/python3.12/site-packages/airflow/example_dags/example_sla_dag.py
[2025-12-04T12:39:41.492+0000] {processor.py:914} INFO - Processing file /home/airflow/.local/lib/python3.12/site-packages/airflow/example_dags/example_sla_dag.py for tasks to queue
[2025-12-04T12:39:41.494+0000] {logging_mixin.py:190} INFO - [2025-12-04T12:39:41.494+0000] {dagbag.py:588} INFO - Filling up the DagBag from /home/airflow/.local/lib/python3.12/site-packages/airflow/example_dags/example_sla_dag.py
[2025-12-04T12:39:41.505+0000] {processor.py:925} INFO - DAG(s) 'example_sla_dag' retrieved from /home/airflow/.local/lib/python3.12/site-packages/airflow/example_dags/example_sla_dag.py
[2025-12-04T12:39:41.529+0000] {logging_mixin.py:190} INFO - [2025-12-04T12:39:41.529+0000] {dag.py:3239} INFO - Sync 1 DAGs
[2025-12-04T12:39:41.561+0000] {logging_mixin.py:190} INFO - [2025-12-04T12:39:41.560+0000] {dag.py:4180} INFO - Setting next_dagrun for example_sla_dag to 2025-12-04 12:36:00+00:00, run_after=2025-12-04 12:38:00+00:00
[2025-12-04T12:39:41.583+0000] {processor.py:208} INFO - Processing /home/airflow/.local/lib/python3.12/site-packages/airflow/example_dags/example_sla_dag.py took 0.098 seconds
[2025-12-04T12:40:11.982+0000] {processor.py:186} INFO - Started process (PID=1846) to work on /home/airflow/.local/lib/python3.12/site-packages/airflow/example_dags/example_sla_dag.py
[2025-12-04T12:40:11.984+0000] {processor.py:914} INFO - Processing file /home/airflow/.local/lib/python3.12/site-packages/airflow/example_dags/example_sla_dag.py for tasks to queue
[2025-12-04T12:40:11.988+0000] {logging_mixin.py:190} INFO - [2025-12-04T12:40:11.987+0000] {dagbag.py:588} INFO - Filling up the DagBag from /home/airflow/.local/lib/python3.12/site-packages/airflow/example_dags/example_sla_dag.py
[2025-12-04T12:40:12.001+0000] {processor.py:925} INFO - DAG(s) 'example_sla_dag' retrieved from /home/airflow/.local/lib/python3.12/site-packages/airflow/example_dags/example_sla_dag.py
[2025-12-04T12:40:12.026+0000] {logging_mixin.py:190} INFO - [2025-12-04T12:40:12.026+0000] {dag.py:3239} INFO - Sync 1 DAGs
[2025-12-04T12:40:12.064+0000] {logging_mixin.py:190} INFO - [2025-12-04T12:40:12.064+0000] {dag.py:4180} INFO - Setting next_dagrun for example_sla_dag to 2025-12-04 12:38:00+00:00, run_after=2025-12-04 12:40:00+00:00
[2025-12-04T12:40:12.096+0000] {processor.py:208} INFO - Processing /home/airflow/.local/lib/python3.12/site-packages/airflow/example_dags/example_sla_dag.py took 0.125 seconds
[2025-12-04T12:40:42.577+0000] {processor.py:186} INFO - Started process (PID=1912) to work on /home/airflow/.local/lib/python3.12/site-packages/airflow/example_dags/example_sla_dag.py
[2025-12-04T12:40:42.582+0000] {processor.py:914} INFO - Processing file /home/airflow/.local/lib/python3.12/site-packages/airflow/example_dags/example_sla_dag.py for tasks to queue
[2025-12-04T12:40:42.584+0000] {logging_mixin.py:190} INFO - [2025-12-04T12:40:42.584+0000] {dagbag.py:588} INFO - Filling up the DagBag from /home/airflow/.local/lib/python3.12/site-packages/airflow/example_dags/example_sla_dag.py
[2025-12-04T12:40:42.595+0000] {processor.py:925} INFO - DAG(s) 'example_sla_dag' retrieved from /home/airflow/.local/lib/python3.12/site-packages/airflow/example_dags/example_sla_dag.py
[2025-12-04T12:40:42.620+0000] {logging_mixin.py:190} INFO - [2025-12-04T12:40:42.620+0000] {dag.py:3239} INFO - Sync 1 DAGs
[2025-12-04T12:40:42.659+0000] {logging_mixin.py:190} INFO - [2025-12-04T12:40:42.659+0000] {dag.py:4180} INFO - Setting next_dagrun for example_sla_dag to 2025-12-04 12:38:00+00:00, run_after=2025-12-04 12:40:00+00:00
[2025-12-04T12:40:42.680+0000] {processor.py:208} INFO - Processing /home/airflow/.local/lib/python3.12/site-packages/airflow/example_dags/example_sla_dag.py took 0.108 seconds
[2025-12-04T12:41:13.053+0000] {processor.py:186} INFO - Started process (PID=1978) to work on /home/airflow/.local/lib/python3.12/site-packages/airflow/example_dags/example_sla_dag.py
[2025-12-04T12:41:13.054+0000] {processor.py:914} INFO - Processing file /home/airflow/.local/lib/python3.12/site-packages/airflow/example_dags/example_sla_dag.py for tasks to queue
[2025-12-04T12:41:13.058+0000] {logging_mixin.py:190} INFO - [2025-12-04T12:41:13.057+0000] {dagbag.py:588} INFO - Filling up the DagBag from /home/airflow/.local/lib/python3.12/site-packages/airflow/example_dags/example_sla_dag.py
[2025-12-04T12:41:13.073+0000] {processor.py:925} INFO - DAG(s) 'example_sla_dag' retrieved from /home/airflow/.local/lib/python3.12/site-packages/airflow/example_dags/example_sla_dag.py
[2025-12-04T12:41:13.101+0000] {logging_mixin.py:190} INFO - [2025-12-04T12:41:13.100+0000] {dag.py:3239} INFO - Sync 1 DAGs
[2025-12-04T12:41:13.139+0000] {logging_mixin.py:190} INFO - [2025-12-04T12:41:13.139+0000] {dag.py:4180} INFO - Setting next_dagrun for example_sla_dag to 2025-12-04 12:38:00+00:00, run_after=2025-12-04 12:40:00+00:00
[2025-12-04T12:41:13.161+0000] {processor.py:208} INFO - Processing /home/airflow/.local/lib/python3.12/site-packages/airflow/example_dags/example_sla_dag.py took 0.117 seconds
[2025-12-04T12:41:43.247+0000] {processor.py:186} INFO - Started process (PID=2044) to work on /home/airflow/.local/lib/python3.12/site-packages/airflow/example_dags/example_sla_dag.py
[2025-12-04T12:41:43.248+0000] {processor.py:914} INFO - Processing file /home/airflow/.local/lib/python3.12/site-packages/airflow/example_dags/example_sla_dag.py for tasks to queue
[2025-12-04T12:41:43.250+0000] {logging_mixin.py:190} INFO - [2025-12-04T12:41:43.249+0000] {dagbag.py:588} INFO - Filling up the DagBag from /home/airflow/.local/lib/python3.12/site-packages/airflow/example_dags/example_sla_dag.py
[2025-12-04T12:41:43.260+0000] {processor.py:925} INFO - DAG(s) 'example_sla_dag' retrieved from /home/airflow/.local/lib/python3.12/site-packages/airflow/example_dags/example_sla_dag.py
[2025-12-04T12:41:43.282+0000] {logging_mixin.py:190} INFO - [2025-12-04T12:41:43.282+0000] {dag.py:3239} INFO - Sync 1 DAGs
[2025-12-04T12:41:43.314+0000] {logging_mixin.py:190} INFO - [2025-12-04T12:41:43.314+0000] {dag.py:4180} INFO - Setting next_dagrun for example_sla_dag to 2025-12-04 12:38:00+00:00, run_after=2025-12-04 12:40:00+00:00
[2025-12-04T12:41:43.335+0000] {processor.py:208} INFO - Processing /home/airflow/.local/lib/python3.12/site-packages/airflow/example_dags/example_sla_dag.py took 0.095 seconds
[2025-12-04T12:42:14.057+0000] {processor.py:186} INFO - Started process (PID=2109) to work on /home/airflow/.local/lib/python3.12/site-packages/airflow/example_dags/example_sla_dag.py
[2025-12-04T12:42:14.058+0000] {processor.py:914} INFO - Processing file /home/airflow/.local/lib/python3.12/site-packages/airflow/example_dags/example_sla_dag.py for tasks to queue
[2025-12-04T12:42:14.062+0000] {logging_mixin.py:190} INFO - [2025-12-04T12:42:14.061+0000] {dagbag.py:588} INFO - Filling up the DagBag from /home/airflow/.local/lib/python3.12/site-packages/airflow/example_dags/example_sla_dag.py
[2025-12-04T12:42:14.079+0000] {processor.py:925} INFO - DAG(s) 'example_sla_dag' retrieved from /home/airflow/.local/lib/python3.12/site-packages/airflow/example_dags/example_sla_dag.py
[2025-12-04T12:42:14.105+0000] {logging_mixin.py:190} INFO - [2025-12-04T12:42:14.105+0000] {dag.py:3239} INFO - Sync 1 DAGs
[2025-12-04T12:42:14.139+0000] {logging_mixin.py:190} INFO - [2025-12-04T12:42:14.139+0000] {dag.py:4180} INFO - Setting next_dagrun for example_sla_dag to 2025-12-04 12:40:00+00:00, run_after=2025-12-04 12:42:00+00:00
[2025-12-04T12:42:14.159+0000] {processor.py:208} INFO - Processing /home/airflow/.local/lib/python3.12/site-packages/airflow/example_dags/example_sla_dag.py took 0.112 seconds
[2025-12-04T12:42:44.532+0000] {processor.py:186} INFO - Started process (PID=2174) to work on /home/airflow/.local/lib/python3.12/site-packages/airflow/example_dags/example_sla_dag.py
[2025-12-04T12:42:44.533+0000] {processor.py:914} INFO - Processing file /home/airflow/.local/lib/python3.12/site-packages/airflow/example_dags/example_sla_dag.py for tasks to queue
[2025-12-04T12:42:44.535+0000] {logging_mixin.py:190} INFO - [2025-12-04T12:42:44.535+0000] {dagbag.py:588} INFO - Filling up the DagBag from /home/airflow/.local/lib/python3.12/site-packages/airflow/example_dags/example_sla_dag.py
[2025-12-04T12:42:44.549+0000] {processor.py:925} INFO - DAG(s) 'example_sla_dag' retrieved from /home/airflow/.local/lib/python3.12/site-packages/airflow/example_dags/example_sla_dag.py
[2025-12-04T12:42:44.576+0000] {logging_mixin.py:190} INFO - [2025-12-04T12:42:44.576+0000] {dag.py:3239} INFO - Sync 1 DAGs
[2025-12-04T12:42:44.623+0000] {logging_mixin.py:190} INFO - [2025-12-04T12:42:44.622+0000] {dag.py:4180} INFO - Setting next_dagrun for example_sla_dag to 2025-12-04 12:40:00+00:00, run_after=2025-12-04 12:42:00+00:00
[2025-12-04T12:42:44.664+0000] {processor.py:208} INFO - Processing /home/airflow/.local/lib/python3.12/site-packages/airflow/example_dags/example_sla_dag.py took 0.141 seconds
[2025-12-04T12:43:15.661+0000] {processor.py:186} INFO - Started process (PID=2240) to work on /home/airflow/.local/lib/python3.12/site-packages/airflow/example_dags/example_sla_dag.py
[2025-12-04T12:43:15.662+0000] {processor.py:914} INFO - Processing file /home/airflow/.local/lib/python3.12/site-packages/airflow/example_dags/example_sla_dag.py for tasks to queue
[2025-12-04T12:43:15.664+0000] {logging_mixin.py:190} INFO - [2025-12-04T12:43:15.664+0000] {dagbag.py:588} INFO - Filling up the DagBag from /home/airflow/.local/lib/python3.12/site-packages/airflow/example_dags/example_sla_dag.py
[2025-12-04T12:43:15.678+0000] {processor.py:925} INFO - DAG(s) 'example_sla_dag' retrieved from /home/airflow/.local/lib/python3.12/site-packages/airflow/example_dags/example_sla_dag.py
[2025-12-04T12:43:15.710+0000] {logging_mixin.py:190} INFO - [2025-12-04T12:43:15.710+0000] {dag.py:3239} INFO - Sync 1 DAGs
[2025-12-04T12:43:15.752+0000] {logging_mixin.py:190} INFO - [2025-12-04T12:43:15.751+0000] {dag.py:4180} INFO - Setting next_dagrun for example_sla_dag to 2025-12-04 12:40:00+00:00, run_after=2025-12-04 12:42:00+00:00
[2025-12-04T12:43:15.778+0000] {processor.py:208} INFO - Processing /home/airflow/.local/lib/python3.12/site-packages/airflow/example_dags/example_sla_dag.py took 0.125 seconds
[2025-12-04T12:43:46.173+0000] {processor.py:186} INFO - Started process (PID=2306) to work on /home/airflow/.local/lib/python3.12/site-packages/airflow/example_dags/example_sla_dag.py
[2025-12-04T12:43:46.174+0000] {processor.py:914} INFO - Processing file /home/airflow/.local/lib/python3.12/site-packages/airflow/example_dags/example_sla_dag.py for tasks to queue
[2025-12-04T12:43:46.178+0000] {logging_mixin.py:190} INFO - [2025-12-04T12:43:46.177+0000] {dagbag.py:588} INFO - Filling up the DagBag from /home/airflow/.local/lib/python3.12/site-packages/airflow/example_dags/example_sla_dag.py
[2025-12-04T12:43:46.197+0000] {processor.py:925} INFO - DAG(s) 'example_sla_dag' retrieved from /home/airflow/.local/lib/python3.12/site-packages/airflow/example_dags/example_sla_dag.py
[2025-12-04T12:43:46.229+0000] {logging_mixin.py:190} INFO - [2025-12-04T12:43:46.229+0000] {dag.py:3239} INFO - Sync 1 DAGs
[2025-12-04T12:43:46.266+0000] {logging_mixin.py:190} INFO - [2025-12-04T12:43:46.265+0000] {dag.py:4180} INFO - Setting next_dagrun for example_sla_dag to 2025-12-04 12:40:00+00:00, run_after=2025-12-04 12:42:00+00:00
[2025-12-04T12:43:46.292+0000] {processor.py:208} INFO - Processing /home/airflow/.local/lib/python3.12/site-packages/airflow/example_dags/example_sla_dag.py took 0.130 seconds
[2025-12-04T12:44:17.066+0000] {processor.py:186} INFO - Started process (PID=2372) to work on /home/airflow/.local/lib/python3.12/site-packages/airflow/example_dags/example_sla_dag.py
[2025-12-04T12:44:17.067+0000] {processor.py:914} INFO - Processing file /home/airflow/.local/lib/python3.12/site-packages/airflow/example_dags/example_sla_dag.py for tasks to queue
[2025-12-04T12:44:17.069+0000] {logging_mixin.py:190} INFO - [2025-12-04T12:44:17.069+0000] {dagbag.py:588} INFO - Filling up the DagBag from /home/airflow/.local/lib/python3.12/site-packages/airflow/example_dags/example_sla_dag.py
[2025-12-04T12:44:17.081+0000] {processor.py:925} INFO - DAG(s) 'example_sla_dag' retrieved from /home/airflow/.local/lib/python3.12/site-packages/airflow/example_dags/example_sla_dag.py
[2025-12-04T12:44:17.102+0000] {logging_mixin.py:190} INFO - [2025-12-04T12:44:17.102+0000] {dag.py:3239} INFO - Sync 1 DAGs
[2025-12-04T12:44:17.135+0000] {logging_mixin.py:190} INFO - [2025-12-04T12:44:17.135+0000] {dag.py:4180} INFO - Setting next_dagrun for example_sla_dag to 2025-12-04 12:42:00+00:00, run_after=2025-12-04 12:44:00+00:00
[2025-12-04T12:44:17.158+0000] {processor.py:208} INFO - Processing /home/airflow/.local/lib/python3.12/site-packages/airflow/example_dags/example_sla_dag.py took 0.098 seconds
[2025-12-04T12:44:47.348+0000] {processor.py:186} INFO - Started process (PID=2436) to work on /home/airflow/.local/lib/python3.12/site-packages/airflow/example_dags/example_sla_dag.py
[2025-12-04T12:44:47.349+0000] {processor.py:914} INFO - Processing file /home/airflow/.local/lib/python3.12/site-packages/airflow/example_dags/example_sla_dag.py for tasks to queue
[2025-12-04T12:44:47.351+0000] {logging_mixin.py:190} INFO - [2025-12-04T12:44:47.351+0000] {dagbag.py:588} INFO - Filling up the DagBag from /home/airflow/.local/lib/python3.12/site-packages/airflow/example_dags/example_sla_dag.py
[2025-12-04T12:44:47.360+0000] {processor.py:925} INFO - DAG(s) 'example_sla_dag' retrieved from /home/airflow/.local/lib/python3.12/site-packages/airflow/example_dags/example_sla_dag.py
[2025-12-04T12:44:47.376+0000] {logging_mixin.py:190} INFO - [2025-12-04T12:44:47.376+0000] {dag.py:3239} INFO - Sync 1 DAGs
[2025-12-04T12:44:47.401+0000] {logging_mixin.py:190} INFO - [2025-12-04T12:44:47.401+0000] {dag.py:4180} INFO - Setting next_dagrun for example_sla_dag to 2025-12-04 12:42:00+00:00, run_after=2025-12-04 12:44:00+00:00
[2025-12-04T12:44:47.418+0000] {processor.py:208} INFO - Processing /home/airflow/.local/lib/python3.12/site-packages/airflow/example_dags/example_sla_dag.py took 0.075 seconds
[2025-12-04T12:45:18.084+0000] {processor.py:186} INFO - Started process (PID=2496) to work on /home/airflow/.local/lib/python3.12/site-packages/airflow/example_dags/example_sla_dag.py
[2025-12-04T12:45:18.085+0000] {processor.py:914} INFO - Processing file /home/airflow/.local/lib/python3.12/site-packages/airflow/example_dags/example_sla_dag.py for tasks to queue
[2025-12-04T12:45:18.088+0000] {logging_mixin.py:190} INFO - [2025-12-04T12:45:18.088+0000] {dagbag.py:588} INFO - Filling up the DagBag from /home/airflow/.local/lib/python3.12/site-packages/airflow/example_dags/example_sla_dag.py
[2025-12-04T12:45:18.105+0000] {processor.py:925} INFO - DAG(s) 'example_sla_dag' retrieved from /home/airflow/.local/lib/python3.12/site-packages/airflow/example_dags/example_sla_dag.py
[2025-12-04T12:45:18.128+0000] {logging_mixin.py:190} INFO - [2025-12-04T12:45:18.127+0000] {dag.py:3239} INFO - Sync 1 DAGs
[2025-12-04T12:45:18.165+0000] {logging_mixin.py:190} INFO - [2025-12-04T12:45:18.165+0000] {dag.py:4180} INFO - Setting next_dagrun for example_sla_dag to 2025-12-04 12:42:00+00:00, run_after=2025-12-04 12:44:00+00:00
[2025-12-04T12:45:18.188+0000] {processor.py:208} INFO - Processing /home/airflow/.local/lib/python3.12/site-packages/airflow/example_dags/example_sla_dag.py took 0.113 seconds
[2025-12-04T12:45:48.922+0000] {processor.py:186} INFO - Started process (PID=2554) to work on /home/airflow/.local/lib/python3.12/site-packages/airflow/example_dags/example_sla_dag.py
[2025-12-04T12:45:48.923+0000] {processor.py:914} INFO - Processing file /home/airflow/.local/lib/python3.12/site-packages/airflow/example_dags/example_sla_dag.py for tasks to queue
[2025-12-04T12:45:48.925+0000] {logging_mixin.py:190} INFO - [2025-12-04T12:45:48.925+0000] {dagbag.py:588} INFO - Filling up the DagBag from /home/airflow/.local/lib/python3.12/site-packages/airflow/example_dags/example_sla_dag.py
[2025-12-04T12:45:48.937+0000] {processor.py:925} INFO - DAG(s) 'example_sla_dag' retrieved from /home/airflow/.local/lib/python3.12/site-packages/airflow/example_dags/example_sla_dag.py
[2025-12-04T12:45:48.959+0000] {logging_mixin.py:190} INFO - [2025-12-04T12:45:48.959+0000] {dag.py:3239} INFO - Sync 1 DAGs
[2025-12-04T12:45:48.993+0000] {logging_mixin.py:190} INFO - [2025-12-04T12:45:48.993+0000] {dag.py:4180} INFO - Setting next_dagrun for example_sla_dag to 2025-12-04 12:42:00+00:00, run_after=2025-12-04 12:44:00+00:00
[2025-12-04T12:45:49.016+0000] {processor.py:208} INFO - Processing /home/airflow/.local/lib/python3.12/site-packages/airflow/example_dags/example_sla_dag.py took 0.100 seconds
[2025-12-04T12:46:19.482+0000] {processor.py:186} INFO - Started process (PID=2619) to work on /home/airflow/.local/lib/python3.12/site-packages/airflow/example_dags/example_sla_dag.py
[2025-12-04T12:46:19.483+0000] {processor.py:914} INFO - Processing file /home/airflow/.local/lib/python3.12/site-packages/airflow/example_dags/example_sla_dag.py for tasks to queue
[2025-12-04T12:46:19.486+0000] {logging_mixin.py:190} INFO - [2025-12-04T12:46:19.485+0000] {dagbag.py:588} INFO - Filling up the DagBag from /home/airflow/.local/lib/python3.12/site-packages/airflow/example_dags/example_sla_dag.py
[2025-12-04T12:46:19.493+0000] {processor.py:925} INFO - DAG(s) 'example_sla_dag' retrieved from /home/airflow/.local/lib/python3.12/site-packages/airflow/example_dags/example_sla_dag.py
[2025-12-04T12:46:19.509+0000] {logging_mixin.py:190} INFO - [2025-12-04T12:46:19.508+0000] {dag.py:3239} INFO - Sync 1 DAGs
[2025-12-04T12:46:19.531+0000] {logging_mixin.py:190} INFO - [2025-12-04T12:46:19.531+0000] {dag.py:4180} INFO - Setting next_dagrun for example_sla_dag to 2025-12-04 12:44:00+00:00, run_after=2025-12-04 12:46:00+00:00
[2025-12-04T12:46:19.549+0000] {processor.py:208} INFO - Processing /home/airflow/.local/lib/python3.12/site-packages/airflow/example_dags/example_sla_dag.py took 0.071 seconds
[2025-12-04T12:49:36.820+0000] {processor.py:186} INFO - Started process (PID=58) to work on /home/airflow/.local/lib/python3.12/site-packages/airflow/example_dags/example_sla_dag.py
[2025-12-04T12:49:36.821+0000] {processor.py:914} INFO - Processing file /home/airflow/.local/lib/python3.12/site-packages/airflow/example_dags/example_sla_dag.py for tasks to queue
[2025-12-04T12:49:36.823+0000] {logging_mixin.py:190} INFO - [2025-12-04T12:49:36.822+0000] {dagbag.py:588} INFO - Filling up the DagBag from /home/airflow/.local/lib/python3.12/site-packages/airflow/example_dags/example_sla_dag.py
[2025-12-04T12:49:36.831+0000] {processor.py:925} INFO - DAG(s) 'example_sla_dag' retrieved from /home/airflow/.local/lib/python3.12/site-packages/airflow/example_dags/example_sla_dag.py
[2025-12-04T12:49:36.927+0000] {logging_mixin.py:190} INFO - [2025-12-04T12:49:36.926+0000] {override.py:1912} INFO - Created Permission View: can edit on DAG:example_sla_dag
[2025-12-04T12:49:36.937+0000] {logging_mixin.py:190} INFO - [2025-12-04T12:49:36.936+0000] {override.py:1912} INFO - Created Permission View: can delete on DAG:example_sla_dag
[2025-12-04T12:49:36.944+0000] {logging_mixin.py:190} INFO - [2025-12-04T12:49:36.944+0000] {override.py:1912} INFO - Created Permission View: can read on DAG:example_sla_dag
[2025-12-04T12:49:36.950+0000] {logging_mixin.py:190} INFO - [2025-12-04T12:49:36.950+0000] {override.py:1912} INFO - Created Permission View: can delete on DAG Run:example_sla_dag
[2025-12-04T12:49:36.957+0000] {logging_mixin.py:190} INFO - [2025-12-04T12:49:36.956+0000] {override.py:1912} INFO - Created Permission View: can create on DAG Run:example_sla_dag
[2025-12-04T12:49:36.963+0000] {logging_mixin.py:190} INFO - [2025-12-04T12:49:36.963+0000] {override.py:1912} INFO - Created Permission View: can read on DAG Run:example_sla_dag
[2025-12-04T12:49:36.969+0000] {logging_mixin.py:190} INFO - [2025-12-04T12:49:36.969+0000] {override.py:1912} INFO - Created Permission View: menu access on DAG Run:example_sla_dag
[2025-12-04T12:49:36.970+0000] {logging_mixin.py:190} INFO - [2025-12-04T12:49:36.970+0000] {dag.py:3239} INFO - Sync 1 DAGs
[2025-12-04T12:49:36.983+0000] {logging_mixin.py:190} INFO - [2025-12-04T12:49:36.983+0000] {dag.py:3262} INFO - Creating ORM DAG for example_sla_dag
[2025-12-04T12:49:37.014+0000] {logging_mixin.py:190} INFO - [2025-12-04T12:49:37.014+0000] {dag.py:4180} INFO - Setting next_dagrun for example_sla_dag to 2025-12-04 12:46:00+00:00, run_after=2025-12-04 12:48:00+00:00
[2025-12-04T12:49:37.032+0000] {processor.py:208} INFO - Processing /home/airflow/.local/lib/python3.12/site-packages/airflow/example_dags/example_sla_dag.py took 0.217 seconds
[2025-12-04T12:50:07.272+0000] {processor.py:186} INFO - Started process (PID=124) to work on /home/airflow/.local/lib/python3.12/site-packages/airflow/example_dags/example_sla_dag.py
[2025-12-04T12:50:07.273+0000] {processor.py:914} INFO - Processing file /home/airflow/.local/lib/python3.12/site-packages/airflow/example_dags/example_sla_dag.py for tasks to queue
[2025-12-04T12:50:07.276+0000] {logging_mixin.py:190} INFO - [2025-12-04T12:50:07.275+0000] {dagbag.py:588} INFO - Filling up the DagBag from /home/airflow/.local/lib/python3.12/site-packages/airflow/example_dags/example_sla_dag.py
[2025-12-04T12:50:07.291+0000] {processor.py:925} INFO - DAG(s) 'example_sla_dag' retrieved from /home/airflow/.local/lib/python3.12/site-packages/airflow/example_dags/example_sla_dag.py
[2025-12-04T12:50:07.314+0000] {logging_mixin.py:190} INFO - [2025-12-04T12:50:07.313+0000] {dag.py:3239} INFO - Sync 1 DAGs
[2025-12-04T12:50:07.352+0000] {logging_mixin.py:190} INFO - [2025-12-04T12:50:07.351+0000] {dag.py:4180} INFO - Setting next_dagrun for example_sla_dag to 2025-12-04 12:48:00+00:00, run_after=2025-12-04 12:50:00+00:00
[2025-12-04T12:50:07.373+0000] {processor.py:208} INFO - Processing /home/airflow/.local/lib/python3.12/site-packages/airflow/example_dags/example_sla_dag.py took 0.110 seconds
[2025-12-04T12:50:37.994+0000] {processor.py:186} INFO - Started process (PID=190) to work on /home/airflow/.local/lib/python3.12/site-packages/airflow/example_dags/example_sla_dag.py
[2025-12-04T12:50:37.995+0000] {processor.py:914} INFO - Processing file /home/airflow/.local/lib/python3.12/site-packages/airflow/example_dags/example_sla_dag.py for tasks to queue
[2025-12-04T12:50:37.997+0000] {logging_mixin.py:190} INFO - [2025-12-04T12:50:37.996+0000] {dagbag.py:588} INFO - Filling up the DagBag from /home/airflow/.local/lib/python3.12/site-packages/airflow/example_dags/example_sla_dag.py
[2025-12-04T12:50:38.007+0000] {processor.py:925} INFO - DAG(s) 'example_sla_dag' retrieved from /home/airflow/.local/lib/python3.12/site-packages/airflow/example_dags/example_sla_dag.py
[2025-12-04T12:50:38.032+0000] {logging_mixin.py:190} INFO - [2025-12-04T12:50:38.032+0000] {dag.py:3239} INFO - Sync 1 DAGs
[2025-12-04T12:50:38.068+0000] {logging_mixin.py:190} INFO - [2025-12-04T12:50:38.068+0000] {dag.py:4180} INFO - Setting next_dagrun for example_sla_dag to 2025-12-04 12:48:00+00:00, run_after=2025-12-04 12:50:00+00:00
[2025-12-04T12:50:38.089+0000] {processor.py:208} INFO - Processing /home/airflow/.local/lib/python3.12/site-packages/airflow/example_dags/example_sla_dag.py took 0.101 seconds
[2025-12-04T12:51:08.238+0000] {processor.py:186} INFO - Started process (PID=256) to work on /home/airflow/.local/lib/python3.12/site-packages/airflow/example_dags/example_sla_dag.py
[2025-12-04T12:51:08.239+0000] {processor.py:914} INFO - Processing file /home/airflow/.local/lib/python3.12/site-packages/airflow/example_dags/example_sla_dag.py for tasks to queue
[2025-12-04T12:51:08.242+0000] {logging_mixin.py:190} INFO - [2025-12-04T12:51:08.242+0000] {dagbag.py:588} INFO - Filling up the DagBag from /home/airflow/.local/lib/python3.12/site-packages/airflow/example_dags/example_sla_dag.py
[2025-12-04T12:51:08.253+0000] {processor.py:925} INFO - DAG(s) 'example_sla_dag' retrieved from /home/airflow/.local/lib/python3.12/site-packages/airflow/example_dags/example_sla_dag.py
[2025-12-04T12:51:08.272+0000] {logging_mixin.py:190} INFO - [2025-12-04T12:51:08.272+0000] {dag.py:3239} INFO - Sync 1 DAGs
[2025-12-04T12:51:08.304+0000] {logging_mixin.py:190} INFO - [2025-12-04T12:51:08.304+0000] {dag.py:4180} INFO - Setting next_dagrun for example_sla_dag to 2025-12-04 12:48:00+00:00, run_after=2025-12-04 12:50:00+00:00
[2025-12-04T12:51:08.326+0000] {processor.py:208} INFO - Processing /home/airflow/.local/lib/python3.12/site-packages/airflow/example_dags/example_sla_dag.py took 0.094 seconds
[2025-12-04T12:51:38.455+0000] {processor.py:186} INFO - Started process (PID=333) to work on /home/airflow/.local/lib/python3.12/site-packages/airflow/example_dags/example_sla_dag.py
[2025-12-04T12:51:38.456+0000] {processor.py:914} INFO - Processing file /home/airflow/.local/lib/python3.12/site-packages/airflow/example_dags/example_sla_dag.py for tasks to queue
[2025-12-04T12:51:38.458+0000] {logging_mixin.py:190} INFO - [2025-12-04T12:51:38.458+0000] {dagbag.py:588} INFO - Filling up the DagBag from /home/airflow/.local/lib/python3.12/site-packages/airflow/example_dags/example_sla_dag.py
[2025-12-04T12:51:38.469+0000] {processor.py:925} INFO - DAG(s) 'example_sla_dag' retrieved from /home/airflow/.local/lib/python3.12/site-packages/airflow/example_dags/example_sla_dag.py
[2025-12-04T12:51:38.489+0000] {logging_mixin.py:190} INFO - [2025-12-04T12:51:38.489+0000] {dag.py:3239} INFO - Sync 1 DAGs
[2025-12-04T12:51:38.521+0000] {logging_mixin.py:190} INFO - [2025-12-04T12:51:38.521+0000] {dag.py:4180} INFO - Setting next_dagrun for example_sla_dag to 2025-12-04 12:48:00+00:00, run_after=2025-12-04 12:50:00+00:00
[2025-12-04T12:51:38.545+0000] {processor.py:208} INFO - Processing /home/airflow/.local/lib/python3.12/site-packages/airflow/example_dags/example_sla_dag.py took 0.096 seconds
[2025-12-04T12:52:09.452+0000] {processor.py:186} INFO - Started process (PID=407) to work on /home/airflow/.local/lib/python3.12/site-packages/airflow/example_dags/example_sla_dag.py
[2025-12-04T12:52:09.453+0000] {processor.py:914} INFO - Processing file /home/airflow/.local/lib/python3.12/site-packages/airflow/example_dags/example_sla_dag.py for tasks to queue
[2025-12-04T12:52:09.457+0000] {logging_mixin.py:190} INFO - [2025-12-04T12:52:09.457+0000] {dagbag.py:588} INFO - Filling up the DagBag from /home/airflow/.local/lib/python3.12/site-packages/airflow/example_dags/example_sla_dag.py
[2025-12-04T12:52:09.477+0000] {processor.py:925} INFO - DAG(s) 'example_sla_dag' retrieved from /home/airflow/.local/lib/python3.12/site-packages/airflow/example_dags/example_sla_dag.py
[2025-12-04T12:52:09.503+0000] {logging_mixin.py:190} INFO - [2025-12-04T12:52:09.503+0000] {dag.py:3239} INFO - Sync 1 DAGs
[2025-12-04T12:52:09.540+0000] {logging_mixin.py:190} INFO - [2025-12-04T12:52:09.539+0000] {dag.py:4180} INFO - Setting next_dagrun for example_sla_dag to 2025-12-04 12:50:00+00:00, run_after=2025-12-04 12:52:00+00:00
[2025-12-04T12:52:09.567+0000] {processor.py:208} INFO - Processing /home/airflow/.local/lib/python3.12/site-packages/airflow/example_dags/example_sla_dag.py took 0.125 seconds
[2025-12-04T12:52:40.484+0000] {processor.py:186} INFO - Started process (PID=473) to work on /home/airflow/.local/lib/python3.12/site-packages/airflow/example_dags/example_sla_dag.py
[2025-12-04T12:52:40.485+0000] {processor.py:914} INFO - Processing file /home/airflow/.local/lib/python3.12/site-packages/airflow/example_dags/example_sla_dag.py for tasks to queue
[2025-12-04T12:52:40.488+0000] {logging_mixin.py:190} INFO - [2025-12-04T12:52:40.487+0000] {dagbag.py:588} INFO - Filling up the DagBag from /home/airflow/.local/lib/python3.12/site-packages/airflow/example_dags/example_sla_dag.py
[2025-12-04T12:52:40.500+0000] {processor.py:925} INFO - DAG(s) 'example_sla_dag' retrieved from /home/airflow/.local/lib/python3.12/site-packages/airflow/example_dags/example_sla_dag.py
[2025-12-04T12:52:40.526+0000] {logging_mixin.py:190} INFO - [2025-12-04T12:52:40.526+0000] {dag.py:3239} INFO - Sync 1 DAGs
[2025-12-04T12:52:40.566+0000] {logging_mixin.py:190} INFO - [2025-12-04T12:52:40.565+0000] {dag.py:4180} INFO - Setting next_dagrun for example_sla_dag to 2025-12-04 12:50:00+00:00, run_after=2025-12-04 12:52:00+00:00
[2025-12-04T12:52:40.588+0000] {processor.py:208} INFO - Processing /home/airflow/.local/lib/python3.12/site-packages/airflow/example_dags/example_sla_dag.py took 0.110 seconds
[2025-12-04T12:53:10.698+0000] {processor.py:186} INFO - Started process (PID=539) to work on /home/airflow/.local/lib/python3.12/site-packages/airflow/example_dags/example_sla_dag.py
[2025-12-04T12:53:10.701+0000] {processor.py:914} INFO - Processing file /home/airflow/.local/lib/python3.12/site-packages/airflow/example_dags/example_sla_dag.py for tasks to queue
[2025-12-04T12:53:10.703+0000] {logging_mixin.py:190} INFO - [2025-12-04T12:53:10.702+0000] {dagbag.py:588} INFO - Filling up the DagBag from /home/airflow/.local/lib/python3.12/site-packages/airflow/example_dags/example_sla_dag.py
[2025-12-04T12:53:10.714+0000] {processor.py:925} INFO - DAG(s) 'example_sla_dag' retrieved from /home/airflow/.local/lib/python3.12/site-packages/airflow/example_dags/example_sla_dag.py
[2025-12-04T12:53:10.734+0000] {logging_mixin.py:190} INFO - [2025-12-04T12:53:10.733+0000] {dag.py:3239} INFO - Sync 1 DAGs
[2025-12-04T12:53:10.765+0000] {logging_mixin.py:190} INFO - [2025-12-04T12:53:10.764+0000] {dag.py:4180} INFO - Setting next_dagrun for example_sla_dag to 2025-12-04 12:50:00+00:00, run_after=2025-12-04 12:52:00+00:00
[2025-12-04T12:53:10.786+0000] {processor.py:208} INFO - Processing /home/airflow/.local/lib/python3.12/site-packages/airflow/example_dags/example_sla_dag.py took 0.095 seconds
[2025-12-04T12:53:41.179+0000] {processor.py:186} INFO - Started process (PID=605) to work on /home/airflow/.local/lib/python3.12/site-packages/airflow/example_dags/example_sla_dag.py
[2025-12-04T12:53:41.181+0000] {processor.py:914} INFO - Processing file /home/airflow/.local/lib/python3.12/site-packages/airflow/example_dags/example_sla_dag.py for tasks to queue
[2025-12-04T12:53:41.183+0000] {logging_mixin.py:190} INFO - [2025-12-04T12:53:41.183+0000] {dagbag.py:588} INFO - Filling up the DagBag from /home/airflow/.local/lib/python3.12/site-packages/airflow/example_dags/example_sla_dag.py
[2025-12-04T12:53:41.196+0000] {processor.py:925} INFO - DAG(s) 'example_sla_dag' retrieved from /home/airflow/.local/lib/python3.12/site-packages/airflow/example_dags/example_sla_dag.py
[2025-12-04T12:53:41.223+0000] {logging_mixin.py:190} INFO - [2025-12-04T12:53:41.222+0000] {dag.py:3239} INFO - Sync 1 DAGs
[2025-12-04T12:53:41.258+0000] {logging_mixin.py:190} INFO - [2025-12-04T12:53:41.257+0000] {dag.py:4180} INFO - Setting next_dagrun for example_sla_dag to 2025-12-04 12:50:00+00:00, run_after=2025-12-04 12:52:00+00:00
[2025-12-04T12:53:41.282+0000] {processor.py:208} INFO - Processing /home/airflow/.local/lib/python3.12/site-packages/airflow/example_dags/example_sla_dag.py took 0.110 seconds
[2025-12-04T12:54:11.581+0000] {processor.py:186} INFO - Started process (PID=671) to work on /home/airflow/.local/lib/python3.12/site-packages/airflow/example_dags/example_sla_dag.py
[2025-12-04T12:54:11.582+0000] {processor.py:914} INFO - Processing file /home/airflow/.local/lib/python3.12/site-packages/airflow/example_dags/example_sla_dag.py for tasks to queue
[2025-12-04T12:54:11.586+0000] {logging_mixin.py:190} INFO - [2025-12-04T12:54:11.585+0000] {dagbag.py:588} INFO - Filling up the DagBag from /home/airflow/.local/lib/python3.12/site-packages/airflow/example_dags/example_sla_dag.py
[2025-12-04T12:54:11.602+0000] {processor.py:925} INFO - DAG(s) 'example_sla_dag' retrieved from /home/airflow/.local/lib/python3.12/site-packages/airflow/example_dags/example_sla_dag.py
[2025-12-04T12:54:11.629+0000] {logging_mixin.py:190} INFO - [2025-12-04T12:54:11.628+0000] {dag.py:3239} INFO - Sync 1 DAGs
[2025-12-04T12:54:11.668+0000] {logging_mixin.py:190} INFO - [2025-12-04T12:54:11.668+0000] {dag.py:4180} INFO - Setting next_dagrun for example_sla_dag to 2025-12-04 12:52:00+00:00, run_after=2025-12-04 12:54:00+00:00
[2025-12-04T12:54:11.697+0000] {processor.py:208} INFO - Processing /home/airflow/.local/lib/python3.12/site-packages/airflow/example_dags/example_sla_dag.py took 0.124 seconds
[2025-12-04T12:54:42.191+0000] {processor.py:186} INFO - Started process (PID=737) to work on /home/airflow/.local/lib/python3.12/site-packages/airflow/example_dags/example_sla_dag.py
[2025-12-04T12:54:42.192+0000] {processor.py:914} INFO - Processing file /home/airflow/.local/lib/python3.12/site-packages/airflow/example_dags/example_sla_dag.py for tasks to queue
[2025-12-04T12:54:42.196+0000] {logging_mixin.py:190} INFO - [2025-12-04T12:54:42.196+0000] {dagbag.py:588} INFO - Filling up the DagBag from /home/airflow/.local/lib/python3.12/site-packages/airflow/example_dags/example_sla_dag.py
[2025-12-04T12:54:42.216+0000] {processor.py:925} INFO - DAG(s) 'example_sla_dag' retrieved from /home/airflow/.local/lib/python3.12/site-packages/airflow/example_dags/example_sla_dag.py
[2025-12-04T12:54:42.244+0000] {logging_mixin.py:190} INFO - [2025-12-04T12:54:42.243+0000] {dag.py:3239} INFO - Sync 1 DAGs
[2025-12-04T12:54:42.282+0000] {logging_mixin.py:190} INFO - [2025-12-04T12:54:42.282+0000] {dag.py:4180} INFO - Setting next_dagrun for example_sla_dag to 2025-12-04 12:52:00+00:00, run_after=2025-12-04 12:54:00+00:00
[2025-12-04T12:54:42.310+0000] {processor.py:208} INFO - Processing /home/airflow/.local/lib/python3.12/site-packages/airflow/example_dags/example_sla_dag.py took 0.130 seconds
