[2025-12-04T12:26:24.077+0000] {processor.py:186} INFO - Started process (PID=48) to work on /home/airflow/.local/lib/python3.12/site-packages/airflow/example_dags/example_branch_operator.py
[2025-12-04T12:26:24.077+0000] {processor.py:914} INFO - Processing file /home/airflow/.local/lib/python3.12/site-packages/airflow/example_dags/example_branch_operator.py for tasks to queue
[2025-12-04T12:26:24.079+0000] {logging_mixin.py:190} INFO - [2025-12-04T12:26:24.079+0000] {dagbag.py:588} INFO - Filling up the DagBag from /home/airflow/.local/lib/python3.12/site-packages/airflow/example_dags/example_branch_operator.py
[2025-12-04T12:26:24.102+0000] {processor.py:925} INFO - DAG(s) 'example_branch_operator' retrieved from /home/airflow/.local/lib/python3.12/site-packages/airflow/example_dags/example_branch_operator.py
[2025-12-04T12:26:24.189+0000] {logging_mixin.py:190} INFO - [2025-12-04T12:26:24.189+0000] {override.py:1912} INFO - Created Permission View: can delete on DAG:example_branch_operator
[2025-12-04T12:26:24.198+0000] {logging_mixin.py:190} INFO - [2025-12-04T12:26:24.198+0000] {override.py:1912} INFO - Created Permission View: can edit on DAG:example_branch_operator
[2025-12-04T12:26:24.203+0000] {logging_mixin.py:190} INFO - [2025-12-04T12:26:24.203+0000] {override.py:1912} INFO - Created Permission View: can read on DAG:example_branch_operator
[2025-12-04T12:26:24.208+0000] {logging_mixin.py:190} INFO - [2025-12-04T12:26:24.208+0000] {override.py:1912} INFO - Created Permission View: can delete on DAG Run:example_branch_operator
[2025-12-04T12:26:24.213+0000] {logging_mixin.py:190} INFO - [2025-12-04T12:26:24.213+0000] {override.py:1912} INFO - Created Permission View: can read on DAG Run:example_branch_operator
[2025-12-04T12:26:24.217+0000] {logging_mixin.py:190} INFO - [2025-12-04T12:26:24.217+0000] {override.py:1912} INFO - Created Permission View: can create on DAG Run:example_branch_operator
[2025-12-04T12:26:24.222+0000] {logging_mixin.py:190} INFO - [2025-12-04T12:26:24.222+0000] {override.py:1912} INFO - Created Permission View: menu access on DAG Run:example_branch_operator
[2025-12-04T12:26:24.222+0000] {logging_mixin.py:190} INFO - [2025-12-04T12:26:24.222+0000] {dag.py:3239} INFO - Sync 1 DAGs
[2025-12-04T12:26:24.233+0000] {logging_mixin.py:190} INFO - [2025-12-04T12:26:24.233+0000] {dag.py:3262} INFO - Creating ORM DAG for example_branch_operator
[2025-12-04T12:26:24.242+0000] {logging_mixin.py:190} INFO - [2025-12-04T12:26:24.242+0000] {dag.py:4180} INFO - Setting next_dagrun for example_branch_operator to 2025-12-03 00:00:00+00:00, run_after=2025-12-04 00:00:00+00:00
[2025-12-04T12:26:24.257+0000] {processor.py:208} INFO - Processing /home/airflow/.local/lib/python3.12/site-packages/airflow/example_dags/example_branch_operator.py took 0.185 seconds
[2025-12-04T12:26:54.616+0000] {processor.py:186} INFO - Started process (PID=114) to work on /home/airflow/.local/lib/python3.12/site-packages/airflow/example_dags/example_branch_operator.py
[2025-12-04T12:26:54.618+0000] {processor.py:914} INFO - Processing file /home/airflow/.local/lib/python3.12/site-packages/airflow/example_dags/example_branch_operator.py for tasks to queue
[2025-12-04T12:26:54.620+0000] {logging_mixin.py:190} INFO - [2025-12-04T12:26:54.620+0000] {dagbag.py:588} INFO - Filling up the DagBag from /home/airflow/.local/lib/python3.12/site-packages/airflow/example_dags/example_branch_operator.py
[2025-12-04T12:26:54.640+0000] {processor.py:925} INFO - DAG(s) 'example_branch_operator' retrieved from /home/airflow/.local/lib/python3.12/site-packages/airflow/example_dags/example_branch_operator.py
[2025-12-04T12:26:54.674+0000] {logging_mixin.py:190} INFO - [2025-12-04T12:26:54.674+0000] {dag.py:3239} INFO - Sync 1 DAGs
[2025-12-04T12:26:54.705+0000] {logging_mixin.py:190} INFO - [2025-12-04T12:26:54.705+0000] {dag.py:4180} INFO - Setting next_dagrun for example_branch_operator to 2025-12-03 00:00:00+00:00, run_after=2025-12-04 00:00:00+00:00
[2025-12-04T12:26:54.729+0000] {processor.py:208} INFO - Processing /home/airflow/.local/lib/python3.12/site-packages/airflow/example_dags/example_branch_operator.py took 0.118 seconds
[2025-12-04T12:27:25.358+0000] {processor.py:186} INFO - Started process (PID=180) to work on /home/airflow/.local/lib/python3.12/site-packages/airflow/example_dags/example_branch_operator.py
[2025-12-04T12:27:25.359+0000] {processor.py:914} INFO - Processing file /home/airflow/.local/lib/python3.12/site-packages/airflow/example_dags/example_branch_operator.py for tasks to queue
[2025-12-04T12:27:25.361+0000] {logging_mixin.py:190} INFO - [2025-12-04T12:27:25.361+0000] {dagbag.py:588} INFO - Filling up the DagBag from /home/airflow/.local/lib/python3.12/site-packages/airflow/example_dags/example_branch_operator.py
[2025-12-04T12:27:25.380+0000] {processor.py:925} INFO - DAG(s) 'example_branch_operator' retrieved from /home/airflow/.local/lib/python3.12/site-packages/airflow/example_dags/example_branch_operator.py
[2025-12-04T12:27:25.425+0000] {logging_mixin.py:190} INFO - [2025-12-04T12:27:25.424+0000] {dag.py:3239} INFO - Sync 1 DAGs
[2025-12-04T12:27:25.464+0000] {logging_mixin.py:190} INFO - [2025-12-04T12:27:25.464+0000] {dag.py:4180} INFO - Setting next_dagrun for example_branch_operator to 2025-12-03 00:00:00+00:00, run_after=2025-12-04 00:00:00+00:00
[2025-12-04T12:27:25.493+0000] {processor.py:208} INFO - Processing /home/airflow/.local/lib/python3.12/site-packages/airflow/example_dags/example_branch_operator.py took 0.140 seconds
[2025-12-04T12:27:55.957+0000] {processor.py:186} INFO - Started process (PID=245) to work on /home/airflow/.local/lib/python3.12/site-packages/airflow/example_dags/example_branch_operator.py
[2025-12-04T12:27:55.959+0000] {processor.py:914} INFO - Processing file /home/airflow/.local/lib/python3.12/site-packages/airflow/example_dags/example_branch_operator.py for tasks to queue
[2025-12-04T12:27:55.962+0000] {logging_mixin.py:190} INFO - [2025-12-04T12:27:55.961+0000] {dagbag.py:588} INFO - Filling up the DagBag from /home/airflow/.local/lib/python3.12/site-packages/airflow/example_dags/example_branch_operator.py
[2025-12-04T12:27:55.991+0000] {processor.py:925} INFO - DAG(s) 'example_branch_operator' retrieved from /home/airflow/.local/lib/python3.12/site-packages/airflow/example_dags/example_branch_operator.py
[2025-12-04T12:27:56.030+0000] {logging_mixin.py:190} INFO - [2025-12-04T12:27:56.030+0000] {dag.py:3239} INFO - Sync 1 DAGs
[2025-12-04T12:27:56.065+0000] {logging_mixin.py:190} INFO - [2025-12-04T12:27:56.065+0000] {dag.py:4180} INFO - Setting next_dagrun for example_branch_operator to 2025-12-03 00:00:00+00:00, run_after=2025-12-04 00:00:00+00:00
[2025-12-04T12:27:56.091+0000] {processor.py:208} INFO - Processing /home/airflow/.local/lib/python3.12/site-packages/airflow/example_dags/example_branch_operator.py took 0.142 seconds
[2025-12-04T12:28:26.224+0000] {processor.py:186} INFO - Started process (PID=310) to work on /home/airflow/.local/lib/python3.12/site-packages/airflow/example_dags/example_branch_operator.py
[2025-12-04T12:28:26.225+0000] {processor.py:914} INFO - Processing file /home/airflow/.local/lib/python3.12/site-packages/airflow/example_dags/example_branch_operator.py for tasks to queue
[2025-12-04T12:28:26.228+0000] {logging_mixin.py:190} INFO - [2025-12-04T12:28:26.227+0000] {dagbag.py:588} INFO - Filling up the DagBag from /home/airflow/.local/lib/python3.12/site-packages/airflow/example_dags/example_branch_operator.py
[2025-12-04T12:28:26.250+0000] {processor.py:925} INFO - DAG(s) 'example_branch_operator' retrieved from /home/airflow/.local/lib/python3.12/site-packages/airflow/example_dags/example_branch_operator.py
[2025-12-04T12:28:26.289+0000] {logging_mixin.py:190} INFO - [2025-12-04T12:28:26.288+0000] {dag.py:3239} INFO - Sync 1 DAGs
[2025-12-04T12:28:26.324+0000] {logging_mixin.py:190} INFO - [2025-12-04T12:28:26.323+0000] {dag.py:4180} INFO - Setting next_dagrun for example_branch_operator to 2025-12-03 00:00:00+00:00, run_after=2025-12-04 00:00:00+00:00
[2025-12-04T12:28:26.351+0000] {processor.py:208} INFO - Processing /home/airflow/.local/lib/python3.12/site-packages/airflow/example_dags/example_branch_operator.py took 0.134 seconds
[2025-12-04T12:28:56.463+0000] {processor.py:186} INFO - Started process (PID=376) to work on /home/airflow/.local/lib/python3.12/site-packages/airflow/example_dags/example_branch_operator.py
[2025-12-04T12:28:56.464+0000] {processor.py:914} INFO - Processing file /home/airflow/.local/lib/python3.12/site-packages/airflow/example_dags/example_branch_operator.py for tasks to queue
[2025-12-04T12:28:56.468+0000] {logging_mixin.py:190} INFO - [2025-12-04T12:28:56.467+0000] {dagbag.py:588} INFO - Filling up the DagBag from /home/airflow/.local/lib/python3.12/site-packages/airflow/example_dags/example_branch_operator.py
[2025-12-04T12:28:56.500+0000] {processor.py:925} INFO - DAG(s) 'example_branch_operator' retrieved from /home/airflow/.local/lib/python3.12/site-packages/airflow/example_dags/example_branch_operator.py
[2025-12-04T12:28:56.533+0000] {logging_mixin.py:190} INFO - [2025-12-04T12:28:56.532+0000] {dag.py:3239} INFO - Sync 1 DAGs
[2025-12-04T12:28:56.561+0000] {logging_mixin.py:190} INFO - [2025-12-04T12:28:56.561+0000] {dag.py:4180} INFO - Setting next_dagrun for example_branch_operator to 2025-12-03 00:00:00+00:00, run_after=2025-12-04 00:00:00+00:00
[2025-12-04T12:28:56.592+0000] {processor.py:208} INFO - Processing /home/airflow/.local/lib/python3.12/site-packages/airflow/example_dags/example_branch_operator.py took 0.140 seconds
[2025-12-04T12:29:26.664+0000] {processor.py:186} INFO - Started process (PID=442) to work on /home/airflow/.local/lib/python3.12/site-packages/airflow/example_dags/example_branch_operator.py
[2025-12-04T12:29:26.664+0000] {processor.py:914} INFO - Processing file /home/airflow/.local/lib/python3.12/site-packages/airflow/example_dags/example_branch_operator.py for tasks to queue
[2025-12-04T12:29:26.666+0000] {logging_mixin.py:190} INFO - [2025-12-04T12:29:26.666+0000] {dagbag.py:588} INFO - Filling up the DagBag from /home/airflow/.local/lib/python3.12/site-packages/airflow/example_dags/example_branch_operator.py
[2025-12-04T12:29:26.685+0000] {processor.py:925} INFO - DAG(s) 'example_branch_operator' retrieved from /home/airflow/.local/lib/python3.12/site-packages/airflow/example_dags/example_branch_operator.py
[2025-12-04T12:29:26.719+0000] {logging_mixin.py:190} INFO - [2025-12-04T12:29:26.719+0000] {dag.py:3239} INFO - Sync 1 DAGs
[2025-12-04T12:29:26.749+0000] {logging_mixin.py:190} INFO - [2025-12-04T12:29:26.748+0000] {dag.py:4180} INFO - Setting next_dagrun for example_branch_operator to 2025-12-03 00:00:00+00:00, run_after=2025-12-04 00:00:00+00:00
[2025-12-04T12:29:26.772+0000] {processor.py:208} INFO - Processing /home/airflow/.local/lib/python3.12/site-packages/airflow/example_dags/example_branch_operator.py took 0.114 seconds
[2025-12-04T12:29:57.648+0000] {processor.py:186} INFO - Started process (PID=508) to work on /home/airflow/.local/lib/python3.12/site-packages/airflow/example_dags/example_branch_operator.py
[2025-12-04T12:29:57.649+0000] {processor.py:914} INFO - Processing file /home/airflow/.local/lib/python3.12/site-packages/airflow/example_dags/example_branch_operator.py for tasks to queue
[2025-12-04T12:29:57.651+0000] {logging_mixin.py:190} INFO - [2025-12-04T12:29:57.651+0000] {dagbag.py:588} INFO - Filling up the DagBag from /home/airflow/.local/lib/python3.12/site-packages/airflow/example_dags/example_branch_operator.py
[2025-12-04T12:29:57.672+0000] {processor.py:925} INFO - DAG(s) 'example_branch_operator' retrieved from /home/airflow/.local/lib/python3.12/site-packages/airflow/example_dags/example_branch_operator.py
[2025-12-04T12:29:57.706+0000] {logging_mixin.py:190} INFO - [2025-12-04T12:29:57.706+0000] {dag.py:3239} INFO - Sync 1 DAGs
[2025-12-04T12:29:57.739+0000] {logging_mixin.py:190} INFO - [2025-12-04T12:29:57.739+0000] {dag.py:4180} INFO - Setting next_dagrun for example_branch_operator to 2025-12-03 00:00:00+00:00, run_after=2025-12-04 00:00:00+00:00
[2025-12-04T12:29:57.763+0000] {processor.py:208} INFO - Processing /home/airflow/.local/lib/python3.12/site-packages/airflow/example_dags/example_branch_operator.py took 0.121 seconds
[2025-12-04T12:30:27.966+0000] {processor.py:186} INFO - Started process (PID=574) to work on /home/airflow/.local/lib/python3.12/site-packages/airflow/example_dags/example_branch_operator.py
[2025-12-04T12:30:27.967+0000] {processor.py:914} INFO - Processing file /home/airflow/.local/lib/python3.12/site-packages/airflow/example_dags/example_branch_operator.py for tasks to queue
[2025-12-04T12:30:27.970+0000] {logging_mixin.py:190} INFO - [2025-12-04T12:30:27.970+0000] {dagbag.py:588} INFO - Filling up the DagBag from /home/airflow/.local/lib/python3.12/site-packages/airflow/example_dags/example_branch_operator.py
[2025-12-04T12:30:27.996+0000] {processor.py:925} INFO - DAG(s) 'example_branch_operator' retrieved from /home/airflow/.local/lib/python3.12/site-packages/airflow/example_dags/example_branch_operator.py
[2025-12-04T12:30:28.031+0000] {logging_mixin.py:190} INFO - [2025-12-04T12:30:28.031+0000] {dag.py:3239} INFO - Sync 1 DAGs
[2025-12-04T12:30:28.061+0000] {logging_mixin.py:190} INFO - [2025-12-04T12:30:28.061+0000] {dag.py:4180} INFO - Setting next_dagrun for example_branch_operator to 2025-12-03 00:00:00+00:00, run_after=2025-12-04 00:00:00+00:00
[2025-12-04T12:30:28.082+0000] {processor.py:208} INFO - Processing /home/airflow/.local/lib/python3.12/site-packages/airflow/example_dags/example_branch_operator.py took 0.124 seconds
[2025-12-04T12:30:58.752+0000] {processor.py:186} INFO - Started process (PID=640) to work on /home/airflow/.local/lib/python3.12/site-packages/airflow/example_dags/example_branch_operator.py
[2025-12-04T12:30:58.754+0000] {processor.py:914} INFO - Processing file /home/airflow/.local/lib/python3.12/site-packages/airflow/example_dags/example_branch_operator.py for tasks to queue
[2025-12-04T12:30:58.757+0000] {logging_mixin.py:190} INFO - [2025-12-04T12:30:58.757+0000] {dagbag.py:588} INFO - Filling up the DagBag from /home/airflow/.local/lib/python3.12/site-packages/airflow/example_dags/example_branch_operator.py
[2025-12-04T12:30:58.790+0000] {processor.py:925} INFO - DAG(s) 'example_branch_operator' retrieved from /home/airflow/.local/lib/python3.12/site-packages/airflow/example_dags/example_branch_operator.py
[2025-12-04T12:30:58.836+0000] {logging_mixin.py:190} INFO - [2025-12-04T12:30:58.835+0000] {dag.py:3239} INFO - Sync 1 DAGs
[2025-12-04T12:30:58.873+0000] {logging_mixin.py:190} INFO - [2025-12-04T12:30:58.873+0000] {dag.py:4180} INFO - Setting next_dagrun for example_branch_operator to 2025-12-03 00:00:00+00:00, run_after=2025-12-04 00:00:00+00:00
[2025-12-04T12:30:58.902+0000] {processor.py:208} INFO - Processing /home/airflow/.local/lib/python3.12/site-packages/airflow/example_dags/example_branch_operator.py took 0.161 seconds
[2025-12-04T12:31:29.378+0000] {processor.py:186} INFO - Started process (PID=706) to work on /home/airflow/.local/lib/python3.12/site-packages/airflow/example_dags/example_branch_operator.py
[2025-12-04T12:31:29.380+0000] {processor.py:914} INFO - Processing file /home/airflow/.local/lib/python3.12/site-packages/airflow/example_dags/example_branch_operator.py for tasks to queue
[2025-12-04T12:31:29.382+0000] {logging_mixin.py:190} INFO - [2025-12-04T12:31:29.382+0000] {dagbag.py:588} INFO - Filling up the DagBag from /home/airflow/.local/lib/python3.12/site-packages/airflow/example_dags/example_branch_operator.py
[2025-12-04T12:31:29.410+0000] {processor.py:925} INFO - DAG(s) 'example_branch_operator' retrieved from /home/airflow/.local/lib/python3.12/site-packages/airflow/example_dags/example_branch_operator.py
[2025-12-04T12:31:29.453+0000] {logging_mixin.py:190} INFO - [2025-12-04T12:31:29.453+0000] {dag.py:3239} INFO - Sync 1 DAGs
[2025-12-04T12:31:29.490+0000] {logging_mixin.py:190} INFO - [2025-12-04T12:31:29.490+0000] {dag.py:4180} INFO - Setting next_dagrun for example_branch_operator to 2025-12-03 00:00:00+00:00, run_after=2025-12-04 00:00:00+00:00
[2025-12-04T12:31:29.518+0000] {processor.py:208} INFO - Processing /home/airflow/.local/lib/python3.12/site-packages/airflow/example_dags/example_branch_operator.py took 0.147 seconds
[2025-12-04T12:31:59.997+0000] {processor.py:186} INFO - Started process (PID=772) to work on /home/airflow/.local/lib/python3.12/site-packages/airflow/example_dags/example_branch_operator.py
[2025-12-04T12:31:59.998+0000] {processor.py:914} INFO - Processing file /home/airflow/.local/lib/python3.12/site-packages/airflow/example_dags/example_branch_operator.py for tasks to queue
[2025-12-04T12:32:00.001+0000] {logging_mixin.py:190} INFO - [2025-12-04T12:32:00.001+0000] {dagbag.py:588} INFO - Filling up the DagBag from /home/airflow/.local/lib/python3.12/site-packages/airflow/example_dags/example_branch_operator.py
[2025-12-04T12:32:00.028+0000] {processor.py:925} INFO - DAG(s) 'example_branch_operator' retrieved from /home/airflow/.local/lib/python3.12/site-packages/airflow/example_dags/example_branch_operator.py
[2025-12-04T12:32:00.068+0000] {logging_mixin.py:190} INFO - [2025-12-04T12:32:00.068+0000] {dag.py:3239} INFO - Sync 1 DAGs
[2025-12-04T12:32:00.103+0000] {logging_mixin.py:190} INFO - [2025-12-04T12:32:00.103+0000] {dag.py:4180} INFO - Setting next_dagrun for example_branch_operator to 2025-12-03 00:00:00+00:00, run_after=2025-12-04 00:00:00+00:00
[2025-12-04T12:32:00.130+0000] {processor.py:208} INFO - Processing /home/airflow/.local/lib/python3.12/site-packages/airflow/example_dags/example_branch_operator.py took 0.141 seconds
[2025-12-04T12:32:30.432+0000] {processor.py:186} INFO - Started process (PID=838) to work on /home/airflow/.local/lib/python3.12/site-packages/airflow/example_dags/example_branch_operator.py
[2025-12-04T12:32:30.433+0000] {processor.py:914} INFO - Processing file /home/airflow/.local/lib/python3.12/site-packages/airflow/example_dags/example_branch_operator.py for tasks to queue
[2025-12-04T12:32:30.436+0000] {logging_mixin.py:190} INFO - [2025-12-04T12:32:30.436+0000] {dagbag.py:588} INFO - Filling up the DagBag from /home/airflow/.local/lib/python3.12/site-packages/airflow/example_dags/example_branch_operator.py
[2025-12-04T12:32:30.461+0000] {processor.py:925} INFO - DAG(s) 'example_branch_operator' retrieved from /home/airflow/.local/lib/python3.12/site-packages/airflow/example_dags/example_branch_operator.py
[2025-12-04T12:32:30.503+0000] {logging_mixin.py:190} INFO - [2025-12-04T12:32:30.502+0000] {dag.py:3239} INFO - Sync 1 DAGs
[2025-12-04T12:32:30.538+0000] {logging_mixin.py:190} INFO - [2025-12-04T12:32:30.538+0000] {dag.py:4180} INFO - Setting next_dagrun for example_branch_operator to 2025-12-03 00:00:00+00:00, run_after=2025-12-04 00:00:00+00:00
[2025-12-04T12:32:30.564+0000] {processor.py:208} INFO - Processing /home/airflow/.local/lib/python3.12/site-packages/airflow/example_dags/example_branch_operator.py took 0.139 seconds
[2025-12-04T12:33:00.910+0000] {processor.py:186} INFO - Started process (PID=905) to work on /home/airflow/.local/lib/python3.12/site-packages/airflow/example_dags/example_branch_operator.py
[2025-12-04T12:33:00.911+0000] {processor.py:914} INFO - Processing file /home/airflow/.local/lib/python3.12/site-packages/airflow/example_dags/example_branch_operator.py for tasks to queue
[2025-12-04T12:33:00.915+0000] {logging_mixin.py:190} INFO - [2025-12-04T12:33:00.914+0000] {dagbag.py:588} INFO - Filling up the DagBag from /home/airflow/.local/lib/python3.12/site-packages/airflow/example_dags/example_branch_operator.py
[2025-12-04T12:33:00.939+0000] {processor.py:925} INFO - DAG(s) 'example_branch_operator' retrieved from /home/airflow/.local/lib/python3.12/site-packages/airflow/example_dags/example_branch_operator.py
[2025-12-04T12:33:00.977+0000] {logging_mixin.py:190} INFO - [2025-12-04T12:33:00.977+0000] {dag.py:3239} INFO - Sync 1 DAGs
[2025-12-04T12:33:01.011+0000] {logging_mixin.py:190} INFO - [2025-12-04T12:33:01.010+0000] {dag.py:4180} INFO - Setting next_dagrun for example_branch_operator to 2025-12-03 00:00:00+00:00, run_after=2025-12-04 00:00:00+00:00
[2025-12-04T12:33:01.047+0000] {processor.py:208} INFO - Processing /home/airflow/.local/lib/python3.12/site-packages/airflow/example_dags/example_branch_operator.py took 0.145 seconds
[2025-12-04T12:33:31.651+0000] {processor.py:186} INFO - Started process (PID=971) to work on /home/airflow/.local/lib/python3.12/site-packages/airflow/example_dags/example_branch_operator.py
[2025-12-04T12:33:31.652+0000] {processor.py:914} INFO - Processing file /home/airflow/.local/lib/python3.12/site-packages/airflow/example_dags/example_branch_operator.py for tasks to queue
[2025-12-04T12:33:31.655+0000] {logging_mixin.py:190} INFO - [2025-12-04T12:33:31.654+0000] {dagbag.py:588} INFO - Filling up the DagBag from /home/airflow/.local/lib/python3.12/site-packages/airflow/example_dags/example_branch_operator.py
[2025-12-04T12:33:31.681+0000] {processor.py:925} INFO - DAG(s) 'example_branch_operator' retrieved from /home/airflow/.local/lib/python3.12/site-packages/airflow/example_dags/example_branch_operator.py
[2025-12-04T12:33:31.722+0000] {logging_mixin.py:190} INFO - [2025-12-04T12:33:31.721+0000] {dag.py:3239} INFO - Sync 1 DAGs
[2025-12-04T12:33:31.761+0000] {logging_mixin.py:190} INFO - [2025-12-04T12:33:31.760+0000] {dag.py:4180} INFO - Setting next_dagrun for example_branch_operator to 2025-12-03 00:00:00+00:00, run_after=2025-12-04 00:00:00+00:00
[2025-12-04T12:33:31.798+0000] {processor.py:208} INFO - Processing /home/airflow/.local/lib/python3.12/site-packages/airflow/example_dags/example_branch_operator.py took 0.155 seconds
[2025-12-04T12:34:02.308+0000] {processor.py:186} INFO - Started process (PID=1037) to work on /home/airflow/.local/lib/python3.12/site-packages/airflow/example_dags/example_branch_operator.py
[2025-12-04T12:34:02.309+0000] {processor.py:914} INFO - Processing file /home/airflow/.local/lib/python3.12/site-packages/airflow/example_dags/example_branch_operator.py for tasks to queue
[2025-12-04T12:34:02.313+0000] {logging_mixin.py:190} INFO - [2025-12-04T12:34:02.312+0000] {dagbag.py:588} INFO - Filling up the DagBag from /home/airflow/.local/lib/python3.12/site-packages/airflow/example_dags/example_branch_operator.py
[2025-12-04T12:34:02.341+0000] {processor.py:925} INFO - DAG(s) 'example_branch_operator' retrieved from /home/airflow/.local/lib/python3.12/site-packages/airflow/example_dags/example_branch_operator.py
[2025-12-04T12:34:02.376+0000] {logging_mixin.py:190} INFO - [2025-12-04T12:34:02.376+0000] {dag.py:3239} INFO - Sync 1 DAGs
[2025-12-04T12:34:02.408+0000] {logging_mixin.py:190} INFO - [2025-12-04T12:34:02.407+0000] {dag.py:4180} INFO - Setting next_dagrun for example_branch_operator to 2025-12-03 00:00:00+00:00, run_after=2025-12-04 00:00:00+00:00
[2025-12-04T12:34:02.430+0000] {processor.py:208} INFO - Processing /home/airflow/.local/lib/python3.12/site-packages/airflow/example_dags/example_branch_operator.py took 0.133 seconds
[2025-12-04T12:34:32.537+0000] {processor.py:186} INFO - Started process (PID=1103) to work on /home/airflow/.local/lib/python3.12/site-packages/airflow/example_dags/example_branch_operator.py
[2025-12-04T12:34:32.538+0000] {processor.py:914} INFO - Processing file /home/airflow/.local/lib/python3.12/site-packages/airflow/example_dags/example_branch_operator.py for tasks to queue
[2025-12-04T12:34:32.540+0000] {logging_mixin.py:190} INFO - [2025-12-04T12:34:32.540+0000] {dagbag.py:588} INFO - Filling up the DagBag from /home/airflow/.local/lib/python3.12/site-packages/airflow/example_dags/example_branch_operator.py
[2025-12-04T12:34:32.561+0000] {processor.py:925} INFO - DAG(s) 'example_branch_operator' retrieved from /home/airflow/.local/lib/python3.12/site-packages/airflow/example_dags/example_branch_operator.py
[2025-12-04T12:34:32.595+0000] {logging_mixin.py:190} INFO - [2025-12-04T12:34:32.595+0000] {dag.py:3239} INFO - Sync 1 DAGs
[2025-12-04T12:34:32.624+0000] {logging_mixin.py:190} INFO - [2025-12-04T12:34:32.624+0000] {dag.py:4180} INFO - Setting next_dagrun for example_branch_operator to 2025-12-03 00:00:00+00:00, run_after=2025-12-04 00:00:00+00:00
[2025-12-04T12:34:32.648+0000] {processor.py:208} INFO - Processing /home/airflow/.local/lib/python3.12/site-packages/airflow/example_dags/example_branch_operator.py took 0.117 seconds
[2025-12-04T12:35:03.144+0000] {processor.py:186} INFO - Started process (PID=1169) to work on /home/airflow/.local/lib/python3.12/site-packages/airflow/example_dags/example_branch_operator.py
[2025-12-04T12:35:03.144+0000] {processor.py:914} INFO - Processing file /home/airflow/.local/lib/python3.12/site-packages/airflow/example_dags/example_branch_operator.py for tasks to queue
[2025-12-04T12:35:03.147+0000] {logging_mixin.py:190} INFO - [2025-12-04T12:35:03.146+0000] {dagbag.py:588} INFO - Filling up the DagBag from /home/airflow/.local/lib/python3.12/site-packages/airflow/example_dags/example_branch_operator.py
[2025-12-04T12:35:03.166+0000] {processor.py:925} INFO - DAG(s) 'example_branch_operator' retrieved from /home/airflow/.local/lib/python3.12/site-packages/airflow/example_dags/example_branch_operator.py
[2025-12-04T12:35:03.203+0000] {logging_mixin.py:190} INFO - [2025-12-04T12:35:03.203+0000] {dag.py:3239} INFO - Sync 1 DAGs
[2025-12-04T12:35:03.233+0000] {logging_mixin.py:190} INFO - [2025-12-04T12:35:03.233+0000] {dag.py:4180} INFO - Setting next_dagrun for example_branch_operator to 2025-12-03 00:00:00+00:00, run_after=2025-12-04 00:00:00+00:00
[2025-12-04T12:35:03.256+0000] {processor.py:208} INFO - Processing /home/airflow/.local/lib/python3.12/site-packages/airflow/example_dags/example_branch_operator.py took 0.118 seconds
[2025-12-04T12:35:33.733+0000] {processor.py:186} INFO - Started process (PID=1235) to work on /home/airflow/.local/lib/python3.12/site-packages/airflow/example_dags/example_branch_operator.py
[2025-12-04T12:35:33.735+0000] {processor.py:914} INFO - Processing file /home/airflow/.local/lib/python3.12/site-packages/airflow/example_dags/example_branch_operator.py for tasks to queue
[2025-12-04T12:35:33.738+0000] {logging_mixin.py:190} INFO - [2025-12-04T12:35:33.737+0000] {dagbag.py:588} INFO - Filling up the DagBag from /home/airflow/.local/lib/python3.12/site-packages/airflow/example_dags/example_branch_operator.py
[2025-12-04T12:35:33.763+0000] {processor.py:925} INFO - DAG(s) 'example_branch_operator' retrieved from /home/airflow/.local/lib/python3.12/site-packages/airflow/example_dags/example_branch_operator.py
[2025-12-04T12:35:33.808+0000] {logging_mixin.py:190} INFO - [2025-12-04T12:35:33.808+0000] {dag.py:3239} INFO - Sync 1 DAGs
[2025-12-04T12:35:33.845+0000] {logging_mixin.py:190} INFO - [2025-12-04T12:35:33.844+0000] {dag.py:4180} INFO - Setting next_dagrun for example_branch_operator to 2025-12-03 00:00:00+00:00, run_after=2025-12-04 00:00:00+00:00
[2025-12-04T12:35:33.874+0000] {processor.py:208} INFO - Processing /home/airflow/.local/lib/python3.12/site-packages/airflow/example_dags/example_branch_operator.py took 0.148 seconds
[2025-12-04T12:36:04.098+0000] {processor.py:186} INFO - Started process (PID=1301) to work on /home/airflow/.local/lib/python3.12/site-packages/airflow/example_dags/example_branch_operator.py
[2025-12-04T12:36:04.099+0000] {processor.py:914} INFO - Processing file /home/airflow/.local/lib/python3.12/site-packages/airflow/example_dags/example_branch_operator.py for tasks to queue
[2025-12-04T12:36:04.103+0000] {logging_mixin.py:190} INFO - [2025-12-04T12:36:04.102+0000] {dagbag.py:588} INFO - Filling up the DagBag from /home/airflow/.local/lib/python3.12/site-packages/airflow/example_dags/example_branch_operator.py
[2025-12-04T12:36:04.132+0000] {processor.py:925} INFO - DAG(s) 'example_branch_operator' retrieved from /home/airflow/.local/lib/python3.12/site-packages/airflow/example_dags/example_branch_operator.py
[2025-12-04T12:36:04.174+0000] {logging_mixin.py:190} INFO - [2025-12-04T12:36:04.174+0000] {dag.py:3239} INFO - Sync 1 DAGs
[2025-12-04T12:36:04.211+0000] {logging_mixin.py:190} INFO - [2025-12-04T12:36:04.211+0000] {dag.py:4180} INFO - Setting next_dagrun for example_branch_operator to 2025-12-03 00:00:00+00:00, run_after=2025-12-04 00:00:00+00:00
[2025-12-04T12:36:04.238+0000] {processor.py:208} INFO - Processing /home/airflow/.local/lib/python3.12/site-packages/airflow/example_dags/example_branch_operator.py took 0.150 seconds
[2025-12-04T12:36:34.565+0000] {processor.py:186} INFO - Started process (PID=1367) to work on /home/airflow/.local/lib/python3.12/site-packages/airflow/example_dags/example_branch_operator.py
[2025-12-04T12:36:34.566+0000] {processor.py:914} INFO - Processing file /home/airflow/.local/lib/python3.12/site-packages/airflow/example_dags/example_branch_operator.py for tasks to queue
[2025-12-04T12:36:34.568+0000] {logging_mixin.py:190} INFO - [2025-12-04T12:36:34.568+0000] {dagbag.py:588} INFO - Filling up the DagBag from /home/airflow/.local/lib/python3.12/site-packages/airflow/example_dags/example_branch_operator.py
[2025-12-04T12:36:34.592+0000] {processor.py:925} INFO - DAG(s) 'example_branch_operator' retrieved from /home/airflow/.local/lib/python3.12/site-packages/airflow/example_dags/example_branch_operator.py
[2025-12-04T12:36:34.631+0000] {logging_mixin.py:190} INFO - [2025-12-04T12:36:34.630+0000] {dag.py:3239} INFO - Sync 1 DAGs
[2025-12-04T12:36:34.671+0000] {logging_mixin.py:190} INFO - [2025-12-04T12:36:34.670+0000] {dag.py:4180} INFO - Setting next_dagrun for example_branch_operator to 2025-12-03 00:00:00+00:00, run_after=2025-12-04 00:00:00+00:00
[2025-12-04T12:36:34.699+0000] {processor.py:208} INFO - Processing /home/airflow/.local/lib/python3.12/site-packages/airflow/example_dags/example_branch_operator.py took 0.141 seconds
[2025-12-04T12:37:04.840+0000] {processor.py:186} INFO - Started process (PID=1434) to work on /home/airflow/.local/lib/python3.12/site-packages/airflow/example_dags/example_branch_operator.py
[2025-12-04T12:37:04.841+0000] {processor.py:914} INFO - Processing file /home/airflow/.local/lib/python3.12/site-packages/airflow/example_dags/example_branch_operator.py for tasks to queue
[2025-12-04T12:37:04.845+0000] {logging_mixin.py:190} INFO - [2025-12-04T12:37:04.845+0000] {dagbag.py:588} INFO - Filling up the DagBag from /home/airflow/.local/lib/python3.12/site-packages/airflow/example_dags/example_branch_operator.py
[2025-12-04T12:37:04.874+0000] {processor.py:925} INFO - DAG(s) 'example_branch_operator' retrieved from /home/airflow/.local/lib/python3.12/site-packages/airflow/example_dags/example_branch_operator.py
[2025-12-04T12:37:04.913+0000] {logging_mixin.py:190} INFO - [2025-12-04T12:37:04.913+0000] {dag.py:3239} INFO - Sync 1 DAGs
[2025-12-04T12:37:04.948+0000] {logging_mixin.py:190} INFO - [2025-12-04T12:37:04.948+0000] {dag.py:4180} INFO - Setting next_dagrun for example_branch_operator to 2025-12-03 00:00:00+00:00, run_after=2025-12-04 00:00:00+00:00
[2025-12-04T12:37:04.984+0000] {processor.py:208} INFO - Processing /home/airflow/.local/lib/python3.12/site-packages/airflow/example_dags/example_branch_operator.py took 0.154 seconds
[2025-12-04T12:37:35.386+0000] {processor.py:186} INFO - Started process (PID=1500) to work on /home/airflow/.local/lib/python3.12/site-packages/airflow/example_dags/example_branch_operator.py
[2025-12-04T12:37:35.387+0000] {processor.py:914} INFO - Processing file /home/airflow/.local/lib/python3.12/site-packages/airflow/example_dags/example_branch_operator.py for tasks to queue
[2025-12-04T12:37:35.389+0000] {logging_mixin.py:190} INFO - [2025-12-04T12:37:35.389+0000] {dagbag.py:588} INFO - Filling up the DagBag from /home/airflow/.local/lib/python3.12/site-packages/airflow/example_dags/example_branch_operator.py
[2025-12-04T12:37:35.413+0000] {processor.py:925} INFO - DAG(s) 'example_branch_operator' retrieved from /home/airflow/.local/lib/python3.12/site-packages/airflow/example_dags/example_branch_operator.py
[2025-12-04T12:37:35.454+0000] {logging_mixin.py:190} INFO - [2025-12-04T12:37:35.453+0000] {dag.py:3239} INFO - Sync 1 DAGs
[2025-12-04T12:37:35.488+0000] {logging_mixin.py:190} INFO - [2025-12-04T12:37:35.488+0000] {dag.py:4180} INFO - Setting next_dagrun for example_branch_operator to 2025-12-03 00:00:00+00:00, run_after=2025-12-04 00:00:00+00:00
[2025-12-04T12:37:35.525+0000] {processor.py:208} INFO - Processing /home/airflow/.local/lib/python3.12/site-packages/airflow/example_dags/example_branch_operator.py took 0.147 seconds
[2025-12-04T12:38:05.935+0000] {processor.py:186} INFO - Started process (PID=1572) to work on /home/airflow/.local/lib/python3.12/site-packages/airflow/example_dags/example_branch_operator.py
[2025-12-04T12:38:05.936+0000] {processor.py:914} INFO - Processing file /home/airflow/.local/lib/python3.12/site-packages/airflow/example_dags/example_branch_operator.py for tasks to queue
[2025-12-04T12:38:05.939+0000] {logging_mixin.py:190} INFO - [2025-12-04T12:38:05.938+0000] {dagbag.py:588} INFO - Filling up the DagBag from /home/airflow/.local/lib/python3.12/site-packages/airflow/example_dags/example_branch_operator.py
[2025-12-04T12:38:05.962+0000] {processor.py:925} INFO - DAG(s) 'example_branch_operator' retrieved from /home/airflow/.local/lib/python3.12/site-packages/airflow/example_dags/example_branch_operator.py
[2025-12-04T12:38:06.003+0000] {logging_mixin.py:190} INFO - [2025-12-04T12:38:06.002+0000] {dag.py:3239} INFO - Sync 1 DAGs
[2025-12-04T12:38:06.041+0000] {logging_mixin.py:190} INFO - [2025-12-04T12:38:06.040+0000] {dag.py:4180} INFO - Setting next_dagrun for example_branch_operator to 2025-12-03 00:00:00+00:00, run_after=2025-12-04 00:00:00+00:00
[2025-12-04T12:38:06.073+0000] {processor.py:208} INFO - Processing /home/airflow/.local/lib/python3.12/site-packages/airflow/example_dags/example_branch_operator.py took 0.145 seconds
[2025-12-04T12:38:36.686+0000] {processor.py:186} INFO - Started process (PID=1638) to work on /home/airflow/.local/lib/python3.12/site-packages/airflow/example_dags/example_branch_operator.py
[2025-12-04T12:38:36.688+0000] {processor.py:914} INFO - Processing file /home/airflow/.local/lib/python3.12/site-packages/airflow/example_dags/example_branch_operator.py for tasks to queue
[2025-12-04T12:38:36.691+0000] {logging_mixin.py:190} INFO - [2025-12-04T12:38:36.690+0000] {dagbag.py:588} INFO - Filling up the DagBag from /home/airflow/.local/lib/python3.12/site-packages/airflow/example_dags/example_branch_operator.py
[2025-12-04T12:38:36.724+0000] {processor.py:925} INFO - DAG(s) 'example_branch_operator' retrieved from /home/airflow/.local/lib/python3.12/site-packages/airflow/example_dags/example_branch_operator.py
[2025-12-04T12:38:36.765+0000] {logging_mixin.py:190} INFO - [2025-12-04T12:38:36.765+0000] {dag.py:3239} INFO - Sync 1 DAGs
[2025-12-04T12:38:36.802+0000] {logging_mixin.py:190} INFO - [2025-12-04T12:38:36.802+0000] {dag.py:4180} INFO - Setting next_dagrun for example_branch_operator to 2025-12-03 00:00:00+00:00, run_after=2025-12-04 00:00:00+00:00
[2025-12-04T12:38:36.830+0000] {processor.py:208} INFO - Processing /home/airflow/.local/lib/python3.12/site-packages/airflow/example_dags/example_branch_operator.py took 0.154 seconds
[2025-12-04T12:39:07.066+0000] {processor.py:186} INFO - Started process (PID=1704) to work on /home/airflow/.local/lib/python3.12/site-packages/airflow/example_dags/example_branch_operator.py
[2025-12-04T12:39:07.066+0000] {processor.py:914} INFO - Processing file /home/airflow/.local/lib/python3.12/site-packages/airflow/example_dags/example_branch_operator.py for tasks to queue
[2025-12-04T12:39:07.068+0000] {logging_mixin.py:190} INFO - [2025-12-04T12:39:07.068+0000] {dagbag.py:588} INFO - Filling up the DagBag from /home/airflow/.local/lib/python3.12/site-packages/airflow/example_dags/example_branch_operator.py
[2025-12-04T12:39:07.087+0000] {processor.py:925} INFO - DAG(s) 'example_branch_operator' retrieved from /home/airflow/.local/lib/python3.12/site-packages/airflow/example_dags/example_branch_operator.py
[2025-12-04T12:39:07.122+0000] {logging_mixin.py:190} INFO - [2025-12-04T12:39:07.122+0000] {dag.py:3239} INFO - Sync 1 DAGs
[2025-12-04T12:39:07.153+0000] {logging_mixin.py:190} INFO - [2025-12-04T12:39:07.153+0000] {dag.py:4180} INFO - Setting next_dagrun for example_branch_operator to 2025-12-03 00:00:00+00:00, run_after=2025-12-04 00:00:00+00:00
[2025-12-04T12:39:07.175+0000] {processor.py:208} INFO - Processing /home/airflow/.local/lib/python3.12/site-packages/airflow/example_dags/example_branch_operator.py took 0.115 seconds
[2025-12-04T12:39:37.892+0000] {processor.py:186} INFO - Started process (PID=1770) to work on /home/airflow/.local/lib/python3.12/site-packages/airflow/example_dags/example_branch_operator.py
[2025-12-04T12:39:37.893+0000] {processor.py:914} INFO - Processing file /home/airflow/.local/lib/python3.12/site-packages/airflow/example_dags/example_branch_operator.py for tasks to queue
[2025-12-04T12:39:37.895+0000] {logging_mixin.py:190} INFO - [2025-12-04T12:39:37.895+0000] {dagbag.py:588} INFO - Filling up the DagBag from /home/airflow/.local/lib/python3.12/site-packages/airflow/example_dags/example_branch_operator.py
[2025-12-04T12:39:37.913+0000] {processor.py:925} INFO - DAG(s) 'example_branch_operator' retrieved from /home/airflow/.local/lib/python3.12/site-packages/airflow/example_dags/example_branch_operator.py
[2025-12-04T12:39:37.944+0000] {logging_mixin.py:190} INFO - [2025-12-04T12:39:37.944+0000] {dag.py:3239} INFO - Sync 1 DAGs
[2025-12-04T12:39:37.972+0000] {logging_mixin.py:190} INFO - [2025-12-04T12:39:37.972+0000] {dag.py:4180} INFO - Setting next_dagrun for example_branch_operator to 2025-12-03 00:00:00+00:00, run_after=2025-12-04 00:00:00+00:00
[2025-12-04T12:39:37.991+0000] {processor.py:208} INFO - Processing /home/airflow/.local/lib/python3.12/site-packages/airflow/example_dags/example_branch_operator.py took 0.103 seconds
[2025-12-04T12:40:08.517+0000] {processor.py:186} INFO - Started process (PID=1835) to work on /home/airflow/.local/lib/python3.12/site-packages/airflow/example_dags/example_branch_operator.py
[2025-12-04T12:40:08.517+0000] {processor.py:914} INFO - Processing file /home/airflow/.local/lib/python3.12/site-packages/airflow/example_dags/example_branch_operator.py for tasks to queue
[2025-12-04T12:40:08.519+0000] {logging_mixin.py:190} INFO - [2025-12-04T12:40:08.519+0000] {dagbag.py:588} INFO - Filling up the DagBag from /home/airflow/.local/lib/python3.12/site-packages/airflow/example_dags/example_branch_operator.py
[2025-12-04T12:40:08.539+0000] {processor.py:925} INFO - DAG(s) 'example_branch_operator' retrieved from /home/airflow/.local/lib/python3.12/site-packages/airflow/example_dags/example_branch_operator.py
[2025-12-04T12:40:08.583+0000] {logging_mixin.py:190} INFO - [2025-12-04T12:40:08.583+0000] {dag.py:3239} INFO - Sync 1 DAGs
[2025-12-04T12:40:08.621+0000] {logging_mixin.py:190} INFO - [2025-12-04T12:40:08.621+0000] {dag.py:4180} INFO - Setting next_dagrun for example_branch_operator to 2025-12-03 00:00:00+00:00, run_after=2025-12-04 00:00:00+00:00
[2025-12-04T12:40:08.651+0000] {processor.py:208} INFO - Processing /home/airflow/.local/lib/python3.12/site-packages/airflow/example_dags/example_branch_operator.py took 0.141 seconds
[2025-12-04T12:40:39.023+0000] {processor.py:186} INFO - Started process (PID=1900) to work on /home/airflow/.local/lib/python3.12/site-packages/airflow/example_dags/example_branch_operator.py
[2025-12-04T12:40:39.024+0000] {processor.py:914} INFO - Processing file /home/airflow/.local/lib/python3.12/site-packages/airflow/example_dags/example_branch_operator.py for tasks to queue
[2025-12-04T12:40:39.026+0000] {logging_mixin.py:190} INFO - [2025-12-04T12:40:39.026+0000] {dagbag.py:588} INFO - Filling up the DagBag from /home/airflow/.local/lib/python3.12/site-packages/airflow/example_dags/example_branch_operator.py
[2025-12-04T12:40:39.049+0000] {processor.py:925} INFO - DAG(s) 'example_branch_operator' retrieved from /home/airflow/.local/lib/python3.12/site-packages/airflow/example_dags/example_branch_operator.py
[2025-12-04T12:40:39.089+0000] {logging_mixin.py:190} INFO - [2025-12-04T12:40:39.089+0000] {dag.py:3239} INFO - Sync 1 DAGs
[2025-12-04T12:40:39.130+0000] {logging_mixin.py:190} INFO - [2025-12-04T12:40:39.129+0000] {dag.py:4180} INFO - Setting next_dagrun for example_branch_operator to 2025-12-03 00:00:00+00:00, run_after=2025-12-04 00:00:00+00:00
[2025-12-04T12:40:39.156+0000] {processor.py:208} INFO - Processing /home/airflow/.local/lib/python3.12/site-packages/airflow/example_dags/example_branch_operator.py took 0.140 seconds
[2025-12-04T12:41:09.630+0000] {processor.py:186} INFO - Started process (PID=1966) to work on /home/airflow/.local/lib/python3.12/site-packages/airflow/example_dags/example_branch_operator.py
[2025-12-04T12:41:09.631+0000] {processor.py:914} INFO - Processing file /home/airflow/.local/lib/python3.12/site-packages/airflow/example_dags/example_branch_operator.py for tasks to queue
[2025-12-04T12:41:09.633+0000] {logging_mixin.py:190} INFO - [2025-12-04T12:41:09.633+0000] {dagbag.py:588} INFO - Filling up the DagBag from /home/airflow/.local/lib/python3.12/site-packages/airflow/example_dags/example_branch_operator.py
[2025-12-04T12:41:09.659+0000] {processor.py:925} INFO - DAG(s) 'example_branch_operator' retrieved from /home/airflow/.local/lib/python3.12/site-packages/airflow/example_dags/example_branch_operator.py
[2025-12-04T12:41:09.699+0000] {logging_mixin.py:190} INFO - [2025-12-04T12:41:09.698+0000] {dag.py:3239} INFO - Sync 1 DAGs
[2025-12-04T12:41:09.734+0000] {logging_mixin.py:190} INFO - [2025-12-04T12:41:09.733+0000] {dag.py:4180} INFO - Setting next_dagrun for example_branch_operator to 2025-12-03 00:00:00+00:00, run_after=2025-12-04 00:00:00+00:00
[2025-12-04T12:41:09.761+0000] {processor.py:208} INFO - Processing /home/airflow/.local/lib/python3.12/site-packages/airflow/example_dags/example_branch_operator.py took 0.139 seconds
[2025-12-04T12:41:39.857+0000] {processor.py:186} INFO - Started process (PID=2032) to work on /home/airflow/.local/lib/python3.12/site-packages/airflow/example_dags/example_branch_operator.py
[2025-12-04T12:41:39.858+0000] {processor.py:914} INFO - Processing file /home/airflow/.local/lib/python3.12/site-packages/airflow/example_dags/example_branch_operator.py for tasks to queue
[2025-12-04T12:41:39.861+0000] {logging_mixin.py:190} INFO - [2025-12-04T12:41:39.860+0000] {dagbag.py:588} INFO - Filling up the DagBag from /home/airflow/.local/lib/python3.12/site-packages/airflow/example_dags/example_branch_operator.py
[2025-12-04T12:41:39.884+0000] {processor.py:925} INFO - DAG(s) 'example_branch_operator' retrieved from /home/airflow/.local/lib/python3.12/site-packages/airflow/example_dags/example_branch_operator.py
[2025-12-04T12:41:39.928+0000] {logging_mixin.py:190} INFO - [2025-12-04T12:41:39.928+0000] {dag.py:3239} INFO - Sync 1 DAGs
[2025-12-04T12:41:39.959+0000] {logging_mixin.py:190} INFO - [2025-12-04T12:41:39.959+0000] {dag.py:4180} INFO - Setting next_dagrun for example_branch_operator to 2025-12-03 00:00:00+00:00, run_after=2025-12-04 00:00:00+00:00
[2025-12-04T12:41:39.991+0000] {processor.py:208} INFO - Processing /home/airflow/.local/lib/python3.12/site-packages/airflow/example_dags/example_branch_operator.py took 0.141 seconds
[2025-12-04T12:42:10.021+0000] {processor.py:186} INFO - Started process (PID=2098) to work on /home/airflow/.local/lib/python3.12/site-packages/airflow/example_dags/example_branch_operator.py
[2025-12-04T12:42:10.022+0000] {processor.py:914} INFO - Processing file /home/airflow/.local/lib/python3.12/site-packages/airflow/example_dags/example_branch_operator.py for tasks to queue
[2025-12-04T12:42:10.025+0000] {logging_mixin.py:190} INFO - [2025-12-04T12:42:10.024+0000] {dagbag.py:588} INFO - Filling up the DagBag from /home/airflow/.local/lib/python3.12/site-packages/airflow/example_dags/example_branch_operator.py
[2025-12-04T12:42:10.045+0000] {processor.py:925} INFO - DAG(s) 'example_branch_operator' retrieved from /home/airflow/.local/lib/python3.12/site-packages/airflow/example_dags/example_branch_operator.py
[2025-12-04T12:42:10.080+0000] {logging_mixin.py:190} INFO - [2025-12-04T12:42:10.079+0000] {dag.py:3239} INFO - Sync 1 DAGs
[2025-12-04T12:42:10.110+0000] {logging_mixin.py:190} INFO - [2025-12-04T12:42:10.109+0000] {dag.py:4180} INFO - Setting next_dagrun for example_branch_operator to 2025-12-03 00:00:00+00:00, run_after=2025-12-04 00:00:00+00:00
[2025-12-04T12:42:10.132+0000] {processor.py:208} INFO - Processing /home/airflow/.local/lib/python3.12/site-packages/airflow/example_dags/example_branch_operator.py took 0.117 seconds
[2025-12-04T12:42:40.665+0000] {processor.py:186} INFO - Started process (PID=2150) to work on /home/airflow/.local/lib/python3.12/site-packages/airflow/example_dags/example_branch_operator.py
[2025-12-04T12:42:40.666+0000] {processor.py:914} INFO - Processing file /home/airflow/.local/lib/python3.12/site-packages/airflow/example_dags/example_branch_operator.py for tasks to queue
[2025-12-04T12:42:40.668+0000] {logging_mixin.py:190} INFO - [2025-12-04T12:42:40.667+0000] {dagbag.py:588} INFO - Filling up the DagBag from /home/airflow/.local/lib/python3.12/site-packages/airflow/example_dags/example_branch_operator.py
[2025-12-04T12:42:40.687+0000] {processor.py:925} INFO - DAG(s) 'example_branch_operator' retrieved from /home/airflow/.local/lib/python3.12/site-packages/airflow/example_dags/example_branch_operator.py
[2025-12-04T12:42:40.727+0000] {logging_mixin.py:190} INFO - [2025-12-04T12:42:40.727+0000] {dag.py:3239} INFO - Sync 1 DAGs
[2025-12-04T12:42:40.759+0000] {logging_mixin.py:190} INFO - [2025-12-04T12:42:40.759+0000] {dag.py:4180} INFO - Setting next_dagrun for example_branch_operator to 2025-12-03 00:00:00+00:00, run_after=2025-12-04 00:00:00+00:00
[2025-12-04T12:42:40.781+0000] {processor.py:208} INFO - Processing /home/airflow/.local/lib/python3.12/site-packages/airflow/example_dags/example_branch_operator.py took 0.122 seconds
[2025-12-04T12:43:12.144+0000] {processor.py:186} INFO - Started process (PID=2216) to work on /home/airflow/.local/lib/python3.12/site-packages/airflow/example_dags/example_branch_operator.py
[2025-12-04T12:43:12.145+0000] {processor.py:914} INFO - Processing file /home/airflow/.local/lib/python3.12/site-packages/airflow/example_dags/example_branch_operator.py for tasks to queue
[2025-12-04T12:43:12.147+0000] {logging_mixin.py:190} INFO - [2025-12-04T12:43:12.146+0000] {dagbag.py:588} INFO - Filling up the DagBag from /home/airflow/.local/lib/python3.12/site-packages/airflow/example_dags/example_branch_operator.py
[2025-12-04T12:43:12.164+0000] {processor.py:925} INFO - DAG(s) 'example_branch_operator' retrieved from /home/airflow/.local/lib/python3.12/site-packages/airflow/example_dags/example_branch_operator.py
[2025-12-04T12:43:12.195+0000] {logging_mixin.py:190} INFO - [2025-12-04T12:43:12.195+0000] {dag.py:3239} INFO - Sync 1 DAGs
[2025-12-04T12:43:12.226+0000] {logging_mixin.py:190} INFO - [2025-12-04T12:43:12.225+0000] {dag.py:4180} INFO - Setting next_dagrun for example_branch_operator to 2025-12-03 00:00:00+00:00, run_after=2025-12-04 00:00:00+00:00
[2025-12-04T12:43:12.249+0000] {processor.py:208} INFO - Processing /home/airflow/.local/lib/python3.12/site-packages/airflow/example_dags/example_branch_operator.py took 0.110 seconds
[2025-12-04T12:43:42.791+0000] {processor.py:186} INFO - Started process (PID=2275) to work on /home/airflow/.local/lib/python3.12/site-packages/airflow/example_dags/example_branch_operator.py
[2025-12-04T12:43:42.792+0000] {processor.py:914} INFO - Processing file /home/airflow/.local/lib/python3.12/site-packages/airflow/example_dags/example_branch_operator.py for tasks to queue
[2025-12-04T12:43:42.794+0000] {logging_mixin.py:190} INFO - [2025-12-04T12:43:42.793+0000] {dagbag.py:588} INFO - Filling up the DagBag from /home/airflow/.local/lib/python3.12/site-packages/airflow/example_dags/example_branch_operator.py
[2025-12-04T12:43:42.814+0000] {processor.py:925} INFO - DAG(s) 'example_branch_operator' retrieved from /home/airflow/.local/lib/python3.12/site-packages/airflow/example_dags/example_branch_operator.py
[2025-12-04T12:43:42.849+0000] {logging_mixin.py:190} INFO - [2025-12-04T12:43:42.849+0000] {dag.py:3239} INFO - Sync 1 DAGs
[2025-12-04T12:43:42.878+0000] {logging_mixin.py:190} INFO - [2025-12-04T12:43:42.878+0000] {dag.py:4180} INFO - Setting next_dagrun for example_branch_operator to 2025-12-03 00:00:00+00:00, run_after=2025-12-04 00:00:00+00:00
[2025-12-04T12:43:42.900+0000] {processor.py:208} INFO - Processing /home/airflow/.local/lib/python3.12/site-packages/airflow/example_dags/example_branch_operator.py took 0.115 seconds
[2025-12-04T12:44:14.760+0000] {processor.py:186} INFO - Started process (PID=2342) to work on /home/airflow/.local/lib/python3.12/site-packages/airflow/example_dags/example_branch_operator.py
[2025-12-04T12:44:14.761+0000] {processor.py:914} INFO - Processing file /home/airflow/.local/lib/python3.12/site-packages/airflow/example_dags/example_branch_operator.py for tasks to queue
[2025-12-04T12:44:14.763+0000] {logging_mixin.py:190} INFO - [2025-12-04T12:44:14.763+0000] {dagbag.py:588} INFO - Filling up the DagBag from /home/airflow/.local/lib/python3.12/site-packages/airflow/example_dags/example_branch_operator.py
[2025-12-04T12:44:14.783+0000] {processor.py:925} INFO - DAG(s) 'example_branch_operator' retrieved from /home/airflow/.local/lib/python3.12/site-packages/airflow/example_dags/example_branch_operator.py
[2025-12-04T12:44:14.816+0000] {logging_mixin.py:190} INFO - [2025-12-04T12:44:14.816+0000] {dag.py:3239} INFO - Sync 1 DAGs
[2025-12-04T12:44:14.847+0000] {logging_mixin.py:190} INFO - [2025-12-04T12:44:14.846+0000] {dag.py:4180} INFO - Setting next_dagrun for example_branch_operator to 2025-12-03 00:00:00+00:00, run_after=2025-12-04 00:00:00+00:00
[2025-12-04T12:44:14.872+0000] {processor.py:208} INFO - Processing /home/airflow/.local/lib/python3.12/site-packages/airflow/example_dags/example_branch_operator.py took 0.118 seconds
[2025-12-04T12:44:44.965+0000] {processor.py:186} INFO - Started process (PID=2400) to work on /home/airflow/.local/lib/python3.12/site-packages/airflow/example_dags/example_branch_operator.py
[2025-12-04T12:44:44.966+0000] {processor.py:914} INFO - Processing file /home/airflow/.local/lib/python3.12/site-packages/airflow/example_dags/example_branch_operator.py for tasks to queue
[2025-12-04T12:44:44.968+0000] {logging_mixin.py:190} INFO - [2025-12-04T12:44:44.968+0000] {dagbag.py:588} INFO - Filling up the DagBag from /home/airflow/.local/lib/python3.12/site-packages/airflow/example_dags/example_branch_operator.py
[2025-12-04T12:44:44.989+0000] {processor.py:925} INFO - DAG(s) 'example_branch_operator' retrieved from /home/airflow/.local/lib/python3.12/site-packages/airflow/example_dags/example_branch_operator.py
[2025-12-04T12:44:45.025+0000] {logging_mixin.py:190} INFO - [2025-12-04T12:44:45.024+0000] {dag.py:3239} INFO - Sync 1 DAGs
[2025-12-04T12:44:45.055+0000] {logging_mixin.py:190} INFO - [2025-12-04T12:44:45.055+0000] {dag.py:4180} INFO - Setting next_dagrun for example_branch_operator to 2025-12-03 00:00:00+00:00, run_after=2025-12-04 00:00:00+00:00
[2025-12-04T12:44:45.080+0000] {processor.py:208} INFO - Processing /home/airflow/.local/lib/python3.12/site-packages/airflow/example_dags/example_branch_operator.py took 0.121 seconds
[2025-12-04T12:45:15.356+0000] {processor.py:186} INFO - Started process (PID=2463) to work on /home/airflow/.local/lib/python3.12/site-packages/airflow/example_dags/example_branch_operator.py
[2025-12-04T12:45:15.356+0000] {processor.py:914} INFO - Processing file /home/airflow/.local/lib/python3.12/site-packages/airflow/example_dags/example_branch_operator.py for tasks to queue
[2025-12-04T12:45:15.358+0000] {logging_mixin.py:190} INFO - [2025-12-04T12:45:15.358+0000] {dagbag.py:588} INFO - Filling up the DagBag from /home/airflow/.local/lib/python3.12/site-packages/airflow/example_dags/example_branch_operator.py
[2025-12-04T12:45:15.379+0000] {processor.py:925} INFO - DAG(s) 'example_branch_operator' retrieved from /home/airflow/.local/lib/python3.12/site-packages/airflow/example_dags/example_branch_operator.py
[2025-12-04T12:45:15.416+0000] {logging_mixin.py:190} INFO - [2025-12-04T12:45:15.415+0000] {dag.py:3239} INFO - Sync 1 DAGs
[2025-12-04T12:45:15.449+0000] {logging_mixin.py:190} INFO - [2025-12-04T12:45:15.448+0000] {dag.py:4180} INFO - Setting next_dagrun for example_branch_operator to 2025-12-03 00:00:00+00:00, run_after=2025-12-04 00:00:00+00:00
[2025-12-04T12:45:15.473+0000] {processor.py:208} INFO - Processing /home/airflow/.local/lib/python3.12/site-packages/airflow/example_dags/example_branch_operator.py took 0.123 seconds
[2025-12-04T12:45:46.016+0000] {processor.py:186} INFO - Started process (PID=2526) to work on /home/airflow/.local/lib/python3.12/site-packages/airflow/example_dags/example_branch_operator.py
[2025-12-04T12:45:46.017+0000] {processor.py:914} INFO - Processing file /home/airflow/.local/lib/python3.12/site-packages/airflow/example_dags/example_branch_operator.py for tasks to queue
[2025-12-04T12:45:46.019+0000] {logging_mixin.py:190} INFO - [2025-12-04T12:45:46.019+0000] {dagbag.py:588} INFO - Filling up the DagBag from /home/airflow/.local/lib/python3.12/site-packages/airflow/example_dags/example_branch_operator.py
[2025-12-04T12:45:46.042+0000] {processor.py:925} INFO - DAG(s) 'example_branch_operator' retrieved from /home/airflow/.local/lib/python3.12/site-packages/airflow/example_dags/example_branch_operator.py
[2025-12-04T12:45:46.076+0000] {logging_mixin.py:190} INFO - [2025-12-04T12:45:46.075+0000] {dag.py:3239} INFO - Sync 1 DAGs
[2025-12-04T12:45:46.112+0000] {logging_mixin.py:190} INFO - [2025-12-04T12:45:46.112+0000] {dag.py:4180} INFO - Setting next_dagrun for example_branch_operator to 2025-12-03 00:00:00+00:00, run_after=2025-12-04 00:00:00+00:00
[2025-12-04T12:45:46.141+0000] {processor.py:208} INFO - Processing /home/airflow/.local/lib/python3.12/site-packages/airflow/example_dags/example_branch_operator.py took 0.132 seconds
[2025-12-04T12:46:16.933+0000] {processor.py:186} INFO - Started process (PID=2592) to work on /home/airflow/.local/lib/python3.12/site-packages/airflow/example_dags/example_branch_operator.py
[2025-12-04T12:46:16.935+0000] {processor.py:914} INFO - Processing file /home/airflow/.local/lib/python3.12/site-packages/airflow/example_dags/example_branch_operator.py for tasks to queue
[2025-12-04T12:46:16.937+0000] {logging_mixin.py:190} INFO - [2025-12-04T12:46:16.937+0000] {dagbag.py:588} INFO - Filling up the DagBag from /home/airflow/.local/lib/python3.12/site-packages/airflow/example_dags/example_branch_operator.py
[2025-12-04T12:46:16.961+0000] {processor.py:925} INFO - DAG(s) 'example_branch_operator' retrieved from /home/airflow/.local/lib/python3.12/site-packages/airflow/example_dags/example_branch_operator.py
[2025-12-04T12:46:16.997+0000] {logging_mixin.py:190} INFO - [2025-12-04T12:46:16.996+0000] {dag.py:3239} INFO - Sync 1 DAGs
[2025-12-04T12:46:17.033+0000] {logging_mixin.py:190} INFO - [2025-12-04T12:46:17.032+0000] {dag.py:4180} INFO - Setting next_dagrun for example_branch_operator to 2025-12-03 00:00:00+00:00, run_after=2025-12-04 00:00:00+00:00
[2025-12-04T12:46:17.058+0000] {processor.py:208} INFO - Processing /home/airflow/.local/lib/python3.12/site-packages/airflow/example_dags/example_branch_operator.py took 0.133 seconds
[2025-12-04T12:49:34.939+0000] {processor.py:186} INFO - Started process (PID=48) to work on /home/airflow/.local/lib/python3.12/site-packages/airflow/example_dags/example_branch_operator.py
[2025-12-04T12:49:34.940+0000] {processor.py:914} INFO - Processing file /home/airflow/.local/lib/python3.12/site-packages/airflow/example_dags/example_branch_operator.py for tasks to queue
[2025-12-04T12:49:34.942+0000] {logging_mixin.py:190} INFO - [2025-12-04T12:49:34.942+0000] {dagbag.py:588} INFO - Filling up the DagBag from /home/airflow/.local/lib/python3.12/site-packages/airflow/example_dags/example_branch_operator.py
[2025-12-04T12:49:34.967+0000] {processor.py:925} INFO - DAG(s) 'example_branch_operator' retrieved from /home/airflow/.local/lib/python3.12/site-packages/airflow/example_dags/example_branch_operator.py
[2025-12-04T12:49:35.086+0000] {logging_mixin.py:190} INFO - [2025-12-04T12:49:35.085+0000] {override.py:1912} INFO - Created Permission View: can edit on DAG:example_branch_operator
[2025-12-04T12:49:35.104+0000] {logging_mixin.py:190} INFO - [2025-12-04T12:49:35.103+0000] {override.py:1912} INFO - Created Permission View: can delete on DAG:example_branch_operator
[2025-12-04T12:49:35.112+0000] {logging_mixin.py:190} INFO - [2025-12-04T12:49:35.111+0000] {override.py:1912} INFO - Created Permission View: can read on DAG:example_branch_operator
[2025-12-04T12:49:35.123+0000] {logging_mixin.py:190} INFO - [2025-12-04T12:49:35.123+0000] {override.py:1912} INFO - Created Permission View: can delete on DAG Run:example_branch_operator
[2025-12-04T12:49:35.133+0000] {logging_mixin.py:190} INFO - [2025-12-04T12:49:35.132+0000] {override.py:1912} INFO - Created Permission View: can create on DAG Run:example_branch_operator
[2025-12-04T12:49:35.141+0000] {logging_mixin.py:190} INFO - [2025-12-04T12:49:35.141+0000] {override.py:1912} INFO - Created Permission View: can read on DAG Run:example_branch_operator
[2025-12-04T12:49:35.149+0000] {logging_mixin.py:190} INFO - [2025-12-04T12:49:35.149+0000] {override.py:1912} INFO - Created Permission View: menu access on DAG Run:example_branch_operator
[2025-12-04T12:49:35.149+0000] {logging_mixin.py:190} INFO - [2025-12-04T12:49:35.149+0000] {dag.py:3239} INFO - Sync 1 DAGs
[2025-12-04T12:49:35.165+0000] {logging_mixin.py:190} INFO - [2025-12-04T12:49:35.165+0000] {dag.py:3262} INFO - Creating ORM DAG for example_branch_operator
[2025-12-04T12:49:35.184+0000] {logging_mixin.py:190} INFO - [2025-12-04T12:49:35.184+0000] {dag.py:4180} INFO - Setting next_dagrun for example_branch_operator to 2025-12-03 00:00:00+00:00, run_after=2025-12-04 00:00:00+00:00
[2025-12-04T12:49:35.211+0000] {processor.py:208} INFO - Processing /home/airflow/.local/lib/python3.12/site-packages/airflow/example_dags/example_branch_operator.py took 0.280 seconds
[2025-12-04T12:50:06.097+0000] {processor.py:186} INFO - Started process (PID=113) to work on /home/airflow/.local/lib/python3.12/site-packages/airflow/example_dags/example_branch_operator.py
[2025-12-04T12:50:06.108+0000] {processor.py:914} INFO - Processing file /home/airflow/.local/lib/python3.12/site-packages/airflow/example_dags/example_branch_operator.py for tasks to queue
[2025-12-04T12:50:06.111+0000] {logging_mixin.py:190} INFO - [2025-12-04T12:50:06.111+0000] {dagbag.py:588} INFO - Filling up the DagBag from /home/airflow/.local/lib/python3.12/site-packages/airflow/example_dags/example_branch_operator.py
[2025-12-04T12:50:06.145+0000] {processor.py:925} INFO - DAG(s) 'example_branch_operator' retrieved from /home/airflow/.local/lib/python3.12/site-packages/airflow/example_dags/example_branch_operator.py
[2025-12-04T12:50:06.183+0000] {logging_mixin.py:190} INFO - [2025-12-04T12:50:06.183+0000] {dag.py:3239} INFO - Sync 1 DAGs
[2025-12-04T12:50:06.217+0000] {logging_mixin.py:190} INFO - [2025-12-04T12:50:06.216+0000] {dag.py:4180} INFO - Setting next_dagrun for example_branch_operator to 2025-12-03 00:00:00+00:00, run_after=2025-12-04 00:00:00+00:00
[2025-12-04T12:50:06.243+0000] {processor.py:208} INFO - Processing /home/airflow/.local/lib/python3.12/site-packages/airflow/example_dags/example_branch_operator.py took 0.156 seconds
[2025-12-04T12:50:36.925+0000] {processor.py:186} INFO - Started process (PID=179) to work on /home/airflow/.local/lib/python3.12/site-packages/airflow/example_dags/example_branch_operator.py
[2025-12-04T12:50:36.926+0000] {processor.py:914} INFO - Processing file /home/airflow/.local/lib/python3.12/site-packages/airflow/example_dags/example_branch_operator.py for tasks to queue
[2025-12-04T12:50:36.930+0000] {logging_mixin.py:190} INFO - [2025-12-04T12:50:36.929+0000] {dagbag.py:588} INFO - Filling up the DagBag from /home/airflow/.local/lib/python3.12/site-packages/airflow/example_dags/example_branch_operator.py
[2025-12-04T12:50:36.963+0000] {processor.py:925} INFO - DAG(s) 'example_branch_operator' retrieved from /home/airflow/.local/lib/python3.12/site-packages/airflow/example_dags/example_branch_operator.py
[2025-12-04T12:50:37.008+0000] {logging_mixin.py:190} INFO - [2025-12-04T12:50:37.008+0000] {dag.py:3239} INFO - Sync 1 DAGs
[2025-12-04T12:50:37.051+0000] {logging_mixin.py:190} INFO - [2025-12-04T12:50:37.050+0000] {dag.py:4180} INFO - Setting next_dagrun for example_branch_operator to 2025-12-03 00:00:00+00:00, run_after=2025-12-04 00:00:00+00:00
[2025-12-04T12:50:37.087+0000] {processor.py:208} INFO - Processing /home/airflow/.local/lib/python3.12/site-packages/airflow/example_dags/example_branch_operator.py took 0.172 seconds
[2025-12-04T12:51:07.219+0000] {processor.py:186} INFO - Started process (PID=246) to work on /home/airflow/.local/lib/python3.12/site-packages/airflow/example_dags/example_branch_operator.py
[2025-12-04T12:51:07.220+0000] {processor.py:914} INFO - Processing file /home/airflow/.local/lib/python3.12/site-packages/airflow/example_dags/example_branch_operator.py for tasks to queue
[2025-12-04T12:51:07.222+0000] {logging_mixin.py:190} INFO - [2025-12-04T12:51:07.222+0000] {dagbag.py:588} INFO - Filling up the DagBag from /home/airflow/.local/lib/python3.12/site-packages/airflow/example_dags/example_branch_operator.py
[2025-12-04T12:51:07.243+0000] {processor.py:925} INFO - DAG(s) 'example_branch_operator' retrieved from /home/airflow/.local/lib/python3.12/site-packages/airflow/example_dags/example_branch_operator.py
[2025-12-04T12:51:07.278+0000] {logging_mixin.py:190} INFO - [2025-12-04T12:51:07.278+0000] {dag.py:3239} INFO - Sync 1 DAGs
[2025-12-04T12:51:07.310+0000] {logging_mixin.py:190} INFO - [2025-12-04T12:51:07.310+0000] {dag.py:4180} INFO - Setting next_dagrun for example_branch_operator to 2025-12-03 00:00:00+00:00, run_after=2025-12-04 00:00:00+00:00
[2025-12-04T12:51:07.334+0000] {processor.py:208} INFO - Processing /home/airflow/.local/lib/python3.12/site-packages/airflow/example_dags/example_branch_operator.py took 0.120 seconds
[2025-12-04T12:51:37.610+0000] {processor.py:186} INFO - Started process (PID=323) to work on /home/airflow/.local/lib/python3.12/site-packages/airflow/example_dags/example_branch_operator.py
[2025-12-04T12:51:37.621+0000] {processor.py:914} INFO - Processing file /home/airflow/.local/lib/python3.12/site-packages/airflow/example_dags/example_branch_operator.py for tasks to queue
[2025-12-04T12:51:37.624+0000] {logging_mixin.py:190} INFO - [2025-12-04T12:51:37.623+0000] {dagbag.py:588} INFO - Filling up the DagBag from /home/airflow/.local/lib/python3.12/site-packages/airflow/example_dags/example_branch_operator.py
[2025-12-04T12:51:37.649+0000] {processor.py:925} INFO - DAG(s) 'example_branch_operator' retrieved from /home/airflow/.local/lib/python3.12/site-packages/airflow/example_dags/example_branch_operator.py
[2025-12-04T12:51:37.694+0000] {logging_mixin.py:190} INFO - [2025-12-04T12:51:37.694+0000] {dag.py:3239} INFO - Sync 1 DAGs
[2025-12-04T12:51:37.733+0000] {logging_mixin.py:190} INFO - [2025-12-04T12:51:37.732+0000] {dag.py:4180} INFO - Setting next_dagrun for example_branch_operator to 2025-12-03 00:00:00+00:00, run_after=2025-12-04 00:00:00+00:00
[2025-12-04T12:51:37.765+0000] {processor.py:208} INFO - Processing /home/airflow/.local/lib/python3.12/site-packages/airflow/example_dags/example_branch_operator.py took 0.166 seconds
[2025-12-04T12:52:07.855+0000] {processor.py:186} INFO - Started process (PID=398) to work on /home/airflow/.local/lib/python3.12/site-packages/airflow/example_dags/example_branch_operator.py
[2025-12-04T12:52:07.856+0000] {processor.py:914} INFO - Processing file /home/airflow/.local/lib/python3.12/site-packages/airflow/example_dags/example_branch_operator.py for tasks to queue
[2025-12-04T12:52:07.857+0000] {logging_mixin.py:190} INFO - [2025-12-04T12:52:07.857+0000] {dagbag.py:588} INFO - Filling up the DagBag from /home/airflow/.local/lib/python3.12/site-packages/airflow/example_dags/example_branch_operator.py
[2025-12-04T12:52:07.872+0000] {processor.py:925} INFO - DAG(s) 'example_branch_operator' retrieved from /home/airflow/.local/lib/python3.12/site-packages/airflow/example_dags/example_branch_operator.py
[2025-12-04T12:52:07.903+0000] {logging_mixin.py:190} INFO - [2025-12-04T12:52:07.902+0000] {dag.py:3239} INFO - Sync 1 DAGs
[2025-12-04T12:52:07.930+0000] {logging_mixin.py:190} INFO - [2025-12-04T12:52:07.929+0000] {dag.py:4180} INFO - Setting next_dagrun for example_branch_operator to 2025-12-03 00:00:00+00:00, run_after=2025-12-04 00:00:00+00:00
[2025-12-04T12:52:07.951+0000] {processor.py:208} INFO - Processing /home/airflow/.local/lib/python3.12/site-packages/airflow/example_dags/example_branch_operator.py took 0.100 seconds
[2025-12-04T12:52:38.789+0000] {processor.py:186} INFO - Started process (PID=463) to work on /home/airflow/.local/lib/python3.12/site-packages/airflow/example_dags/example_branch_operator.py
[2025-12-04T12:52:38.799+0000] {processor.py:914} INFO - Processing file /home/airflow/.local/lib/python3.12/site-packages/airflow/example_dags/example_branch_operator.py for tasks to queue
[2025-12-04T12:52:38.802+0000] {logging_mixin.py:190} INFO - [2025-12-04T12:52:38.801+0000] {dagbag.py:588} INFO - Filling up the DagBag from /home/airflow/.local/lib/python3.12/site-packages/airflow/example_dags/example_branch_operator.py
[2025-12-04T12:52:38.834+0000] {processor.py:925} INFO - DAG(s) 'example_branch_operator' retrieved from /home/airflow/.local/lib/python3.12/site-packages/airflow/example_dags/example_branch_operator.py
[2025-12-04T12:52:38.881+0000] {logging_mixin.py:190} INFO - [2025-12-04T12:52:38.881+0000] {dag.py:3239} INFO - Sync 1 DAGs
[2025-12-04T12:52:38.923+0000] {logging_mixin.py:190} INFO - [2025-12-04T12:52:38.923+0000] {dag.py:4180} INFO - Setting next_dagrun for example_branch_operator to 2025-12-03 00:00:00+00:00, run_after=2025-12-04 00:00:00+00:00
[2025-12-04T12:52:38.956+0000] {processor.py:208} INFO - Processing /home/airflow/.local/lib/python3.12/site-packages/airflow/example_dags/example_branch_operator.py took 0.176 seconds
[2025-12-04T12:53:09.050+0000] {processor.py:186} INFO - Started process (PID=530) to work on /home/airflow/.local/lib/python3.12/site-packages/airflow/example_dags/example_branch_operator.py
[2025-12-04T12:53:09.052+0000] {processor.py:914} INFO - Processing file /home/airflow/.local/lib/python3.12/site-packages/airflow/example_dags/example_branch_operator.py for tasks to queue
[2025-12-04T12:53:09.055+0000] {logging_mixin.py:190} INFO - [2025-12-04T12:53:09.055+0000] {dagbag.py:588} INFO - Filling up the DagBag from /home/airflow/.local/lib/python3.12/site-packages/airflow/example_dags/example_branch_operator.py
[2025-12-04T12:53:09.088+0000] {processor.py:925} INFO - DAG(s) 'example_branch_operator' retrieved from /home/airflow/.local/lib/python3.12/site-packages/airflow/example_dags/example_branch_operator.py
[2025-12-04T12:53:09.121+0000] {logging_mixin.py:190} INFO - [2025-12-04T12:53:09.120+0000] {dag.py:3239} INFO - Sync 1 DAGs
[2025-12-04T12:53:09.152+0000] {logging_mixin.py:190} INFO - [2025-12-04T12:53:09.151+0000] {dag.py:4180} INFO - Setting next_dagrun for example_branch_operator to 2025-12-03 00:00:00+00:00, run_after=2025-12-04 00:00:00+00:00
[2025-12-04T12:53:09.176+0000] {processor.py:208} INFO - Processing /home/airflow/.local/lib/python3.12/site-packages/airflow/example_dags/example_branch_operator.py took 0.135 seconds
[2025-12-04T12:53:39.493+0000] {processor.py:186} INFO - Started process (PID=595) to work on /home/airflow/.local/lib/python3.12/site-packages/airflow/example_dags/example_branch_operator.py
[2025-12-04T12:53:39.494+0000] {processor.py:914} INFO - Processing file /home/airflow/.local/lib/python3.12/site-packages/airflow/example_dags/example_branch_operator.py for tasks to queue
[2025-12-04T12:53:39.497+0000] {logging_mixin.py:190} INFO - [2025-12-04T12:53:39.496+0000] {dagbag.py:588} INFO - Filling up the DagBag from /home/airflow/.local/lib/python3.12/site-packages/airflow/example_dags/example_branch_operator.py
[2025-12-04T12:53:39.525+0000] {processor.py:925} INFO - DAG(s) 'example_branch_operator' retrieved from /home/airflow/.local/lib/python3.12/site-packages/airflow/example_dags/example_branch_operator.py
[2025-12-04T12:53:39.559+0000] {logging_mixin.py:190} INFO - [2025-12-04T12:53:39.559+0000] {dag.py:3239} INFO - Sync 1 DAGs
[2025-12-04T12:53:39.589+0000] {logging_mixin.py:190} INFO - [2025-12-04T12:53:39.589+0000] {dag.py:4180} INFO - Setting next_dagrun for example_branch_operator to 2025-12-03 00:00:00+00:00, run_after=2025-12-04 00:00:00+00:00
[2025-12-04T12:53:39.611+0000] {processor.py:208} INFO - Processing /home/airflow/.local/lib/python3.12/site-packages/airflow/example_dags/example_branch_operator.py took 0.126 seconds
[2025-12-04T12:54:09.828+0000] {processor.py:186} INFO - Started process (PID=661) to work on /home/airflow/.local/lib/python3.12/site-packages/airflow/example_dags/example_branch_operator.py
[2025-12-04T12:54:09.829+0000] {processor.py:914} INFO - Processing file /home/airflow/.local/lib/python3.12/site-packages/airflow/example_dags/example_branch_operator.py for tasks to queue
[2025-12-04T12:54:09.832+0000] {logging_mixin.py:190} INFO - [2025-12-04T12:54:09.831+0000] {dagbag.py:588} INFO - Filling up the DagBag from /home/airflow/.local/lib/python3.12/site-packages/airflow/example_dags/example_branch_operator.py
[2025-12-04T12:54:09.855+0000] {processor.py:925} INFO - DAG(s) 'example_branch_operator' retrieved from /home/airflow/.local/lib/python3.12/site-packages/airflow/example_dags/example_branch_operator.py
[2025-12-04T12:54:09.898+0000] {logging_mixin.py:190} INFO - [2025-12-04T12:54:09.898+0000] {dag.py:3239} INFO - Sync 1 DAGs
[2025-12-04T12:54:09.935+0000] {logging_mixin.py:190} INFO - [2025-12-04T12:54:09.935+0000] {dag.py:4180} INFO - Setting next_dagrun for example_branch_operator to 2025-12-03 00:00:00+00:00, run_after=2025-12-04 00:00:00+00:00
[2025-12-04T12:54:09.963+0000] {processor.py:208} INFO - Processing /home/airflow/.local/lib/python3.12/site-packages/airflow/example_dags/example_branch_operator.py took 0.143 seconds
[2025-12-04T12:54:40.366+0000] {processor.py:186} INFO - Started process (PID=727) to work on /home/airflow/.local/lib/python3.12/site-packages/airflow/example_dags/example_branch_operator.py
[2025-12-04T12:54:40.367+0000] {processor.py:914} INFO - Processing file /home/airflow/.local/lib/python3.12/site-packages/airflow/example_dags/example_branch_operator.py for tasks to queue
[2025-12-04T12:54:40.370+0000] {logging_mixin.py:190} INFO - [2025-12-04T12:54:40.369+0000] {dagbag.py:588} INFO - Filling up the DagBag from /home/airflow/.local/lib/python3.12/site-packages/airflow/example_dags/example_branch_operator.py
[2025-12-04T12:54:40.393+0000] {processor.py:925} INFO - DAG(s) 'example_branch_operator' retrieved from /home/airflow/.local/lib/python3.12/site-packages/airflow/example_dags/example_branch_operator.py
[2025-12-04T12:54:40.432+0000] {logging_mixin.py:190} INFO - [2025-12-04T12:54:40.431+0000] {dag.py:3239} INFO - Sync 1 DAGs
[2025-12-04T12:54:40.466+0000] {logging_mixin.py:190} INFO - [2025-12-04T12:54:40.465+0000] {dag.py:4180} INFO - Setting next_dagrun for example_branch_operator to 2025-12-03 00:00:00+00:00, run_after=2025-12-04 00:00:00+00:00
[2025-12-04T12:54:40.502+0000] {processor.py:208} INFO - Processing /home/airflow/.local/lib/python3.12/site-packages/airflow/example_dags/example_branch_operator.py took 0.143 seconds
