[2025-12-04T12:26:28.146+0000] {processor.py:186} INFO - Started process (PID=76) to work on /home/airflow/.local/lib/python3.12/site-packages/airflow/example_dags/example_bash_decorator.py
[2025-12-04T12:26:28.146+0000] {processor.py:914} INFO - Processing file /home/airflow/.local/lib/python3.12/site-packages/airflow/example_dags/example_bash_decorator.py for tasks to queue
[2025-12-04T12:26:28.148+0000] {logging_mixin.py:190} INFO - [2025-12-04T12:26:28.148+0000] {dagbag.py:588} INFO - Filling up the DagBag from /home/airflow/.local/lib/python3.12/site-packages/airflow/example_dags/example_bash_decorator.py
[2025-12-04T12:26:28.164+0000] {processor.py:925} INFO - DAG(s) 'example_bash_decorator' retrieved from /home/airflow/.local/lib/python3.12/site-packages/airflow/example_dags/example_bash_decorator.py
[2025-12-04T12:26:28.262+0000] {logging_mixin.py:190} INFO - [2025-12-04T12:26:28.261+0000] {override.py:1912} INFO - Created Permission View: can delete on DAG:example_bash_decorator
[2025-12-04T12:26:28.272+0000] {logging_mixin.py:190} INFO - [2025-12-04T12:26:28.271+0000] {override.py:1912} INFO - Created Permission View: can edit on DAG:example_bash_decorator
[2025-12-04T12:26:28.278+0000] {logging_mixin.py:190} INFO - [2025-12-04T12:26:28.278+0000] {override.py:1912} INFO - Created Permission View: can read on DAG:example_bash_decorator
[2025-12-04T12:26:28.284+0000] {logging_mixin.py:190} INFO - [2025-12-04T12:26:28.284+0000] {override.py:1912} INFO - Created Permission View: can delete on DAG Run:example_bash_decorator
[2025-12-04T12:26:28.290+0000] {logging_mixin.py:190} INFO - [2025-12-04T12:26:28.290+0000] {override.py:1912} INFO - Created Permission View: can read on DAG Run:example_bash_decorator
[2025-12-04T12:26:28.297+0000] {logging_mixin.py:190} INFO - [2025-12-04T12:26:28.296+0000] {override.py:1912} INFO - Created Permission View: can create on DAG Run:example_bash_decorator
[2025-12-04T12:26:28.304+0000] {logging_mixin.py:190} INFO - [2025-12-04T12:26:28.304+0000] {override.py:1912} INFO - Created Permission View: menu access on DAG Run:example_bash_decorator
[2025-12-04T12:26:28.305+0000] {logging_mixin.py:190} INFO - [2025-12-04T12:26:28.304+0000] {dag.py:3239} INFO - Sync 1 DAGs
[2025-12-04T12:26:28.316+0000] {logging_mixin.py:190} INFO - [2025-12-04T12:26:28.316+0000] {dag.py:3262} INFO - Creating ORM DAG for example_bash_decorator
[2025-12-04T12:26:28.317+0000] {logging_mixin.py:190} INFO - [2025-12-04T12:26:28.317+0000] {dag.py:4180} INFO - Setting next_dagrun for example_bash_decorator to None, run_after=None
[2025-12-04T12:26:28.330+0000] {processor.py:208} INFO - Processing /home/airflow/.local/lib/python3.12/site-packages/airflow/example_dags/example_bash_decorator.py took 0.189 seconds
[2025-12-04T12:26:58.429+0000] {processor.py:186} INFO - Started process (PID=141) to work on /home/airflow/.local/lib/python3.12/site-packages/airflow/example_dags/example_bash_decorator.py
[2025-12-04T12:26:58.430+0000] {processor.py:914} INFO - Processing file /home/airflow/.local/lib/python3.12/site-packages/airflow/example_dags/example_bash_decorator.py for tasks to queue
[2025-12-04T12:26:58.433+0000] {logging_mixin.py:190} INFO - [2025-12-04T12:26:58.432+0000] {dagbag.py:588} INFO - Filling up the DagBag from /home/airflow/.local/lib/python3.12/site-packages/airflow/example_dags/example_bash_decorator.py
[2025-12-04T12:26:58.449+0000] {processor.py:925} INFO - DAG(s) 'example_bash_decorator' retrieved from /home/airflow/.local/lib/python3.12/site-packages/airflow/example_dags/example_bash_decorator.py
[2025-12-04T12:26:58.476+0000] {logging_mixin.py:190} INFO - [2025-12-04T12:26:58.475+0000] {dag.py:3239} INFO - Sync 1 DAGs
[2025-12-04T12:26:58.493+0000] {logging_mixin.py:190} INFO - [2025-12-04T12:26:58.492+0000] {dag.py:4180} INFO - Setting next_dagrun for example_bash_decorator to None, run_after=None
[2025-12-04T12:26:58.514+0000] {processor.py:208} INFO - Processing /home/airflow/.local/lib/python3.12/site-packages/airflow/example_dags/example_bash_decorator.py took 0.090 seconds
[2025-12-04T12:27:28.907+0000] {processor.py:186} INFO - Started process (PID=206) to work on /home/airflow/.local/lib/python3.12/site-packages/airflow/example_dags/example_bash_decorator.py
[2025-12-04T12:27:28.909+0000] {processor.py:914} INFO - Processing file /home/airflow/.local/lib/python3.12/site-packages/airflow/example_dags/example_bash_decorator.py for tasks to queue
[2025-12-04T12:27:28.912+0000] {logging_mixin.py:190} INFO - [2025-12-04T12:27:28.911+0000] {dagbag.py:588} INFO - Filling up the DagBag from /home/airflow/.local/lib/python3.12/site-packages/airflow/example_dags/example_bash_decorator.py
[2025-12-04T12:27:28.936+0000] {processor.py:925} INFO - DAG(s) 'example_bash_decorator' retrieved from /home/airflow/.local/lib/python3.12/site-packages/airflow/example_dags/example_bash_decorator.py
[2025-12-04T12:27:28.965+0000] {logging_mixin.py:190} INFO - [2025-12-04T12:27:28.965+0000] {dag.py:3239} INFO - Sync 1 DAGs
[2025-12-04T12:27:28.983+0000] {logging_mixin.py:190} INFO - [2025-12-04T12:27:28.983+0000] {dag.py:4180} INFO - Setting next_dagrun for example_bash_decorator to None, run_after=None
[2025-12-04T12:27:29.004+0000] {processor.py:208} INFO - Processing /home/airflow/.local/lib/python3.12/site-packages/airflow/example_dags/example_bash_decorator.py took 0.106 seconds
[2025-12-04T12:27:59.326+0000] {processor.py:186} INFO - Started process (PID=272) to work on /home/airflow/.local/lib/python3.12/site-packages/airflow/example_dags/example_bash_decorator.py
[2025-12-04T12:27:59.327+0000] {processor.py:914} INFO - Processing file /home/airflow/.local/lib/python3.12/site-packages/airflow/example_dags/example_bash_decorator.py for tasks to queue
[2025-12-04T12:27:59.329+0000] {logging_mixin.py:190} INFO - [2025-12-04T12:27:59.329+0000] {dagbag.py:588} INFO - Filling up the DagBag from /home/airflow/.local/lib/python3.12/site-packages/airflow/example_dags/example_bash_decorator.py
[2025-12-04T12:27:59.345+0000] {processor.py:925} INFO - DAG(s) 'example_bash_decorator' retrieved from /home/airflow/.local/lib/python3.12/site-packages/airflow/example_dags/example_bash_decorator.py
[2025-12-04T12:27:59.378+0000] {logging_mixin.py:190} INFO - [2025-12-04T12:27:59.377+0000] {dag.py:3239} INFO - Sync 1 DAGs
[2025-12-04T12:27:59.396+0000] {logging_mixin.py:190} INFO - [2025-12-04T12:27:59.395+0000] {dag.py:4180} INFO - Setting next_dagrun for example_bash_decorator to None, run_after=None
[2025-12-04T12:27:59.416+0000] {processor.py:208} INFO - Processing /home/airflow/.local/lib/python3.12/site-packages/airflow/example_dags/example_bash_decorator.py took 0.096 seconds
[2025-12-04T12:28:29.738+0000] {processor.py:186} INFO - Started process (PID=337) to work on /home/airflow/.local/lib/python3.12/site-packages/airflow/example_dags/example_bash_decorator.py
[2025-12-04T12:28:29.738+0000] {processor.py:914} INFO - Processing file /home/airflow/.local/lib/python3.12/site-packages/airflow/example_dags/example_bash_decorator.py for tasks to queue
[2025-12-04T12:28:29.741+0000] {logging_mixin.py:190} INFO - [2025-12-04T12:28:29.740+0000] {dagbag.py:588} INFO - Filling up the DagBag from /home/airflow/.local/lib/python3.12/site-packages/airflow/example_dags/example_bash_decorator.py
[2025-12-04T12:28:29.755+0000] {processor.py:925} INFO - DAG(s) 'example_bash_decorator' retrieved from /home/airflow/.local/lib/python3.12/site-packages/airflow/example_dags/example_bash_decorator.py
[2025-12-04T12:28:29.781+0000] {logging_mixin.py:190} INFO - [2025-12-04T12:28:29.781+0000] {dag.py:3239} INFO - Sync 1 DAGs
[2025-12-04T12:28:29.799+0000] {logging_mixin.py:190} INFO - [2025-12-04T12:28:29.798+0000] {dag.py:4180} INFO - Setting next_dagrun for example_bash_decorator to None, run_after=None
[2025-12-04T12:28:29.819+0000] {processor.py:208} INFO - Processing /home/airflow/.local/lib/python3.12/site-packages/airflow/example_dags/example_bash_decorator.py took 0.087 seconds
[2025-12-04T12:29:00.647+0000] {processor.py:186} INFO - Started process (PID=404) to work on /home/airflow/.local/lib/python3.12/site-packages/airflow/example_dags/example_bash_decorator.py
[2025-12-04T12:29:00.648+0000] {processor.py:914} INFO - Processing file /home/airflow/.local/lib/python3.12/site-packages/airflow/example_dags/example_bash_decorator.py for tasks to queue
[2025-12-04T12:29:00.651+0000] {logging_mixin.py:190} INFO - [2025-12-04T12:29:00.650+0000] {dagbag.py:588} INFO - Filling up the DagBag from /home/airflow/.local/lib/python3.12/site-packages/airflow/example_dags/example_bash_decorator.py
[2025-12-04T12:29:00.674+0000] {processor.py:925} INFO - DAG(s) 'example_bash_decorator' retrieved from /home/airflow/.local/lib/python3.12/site-packages/airflow/example_dags/example_bash_decorator.py
[2025-12-04T12:29:00.699+0000] {logging_mixin.py:190} INFO - [2025-12-04T12:29:00.699+0000] {dag.py:3239} INFO - Sync 1 DAGs
[2025-12-04T12:29:00.716+0000] {logging_mixin.py:190} INFO - [2025-12-04T12:29:00.716+0000] {dag.py:4180} INFO - Setting next_dagrun for example_bash_decorator to None, run_after=None
[2025-12-04T12:29:00.736+0000] {processor.py:208} INFO - Processing /home/airflow/.local/lib/python3.12/site-packages/airflow/example_dags/example_bash_decorator.py took 0.099 seconds
[2025-12-04T12:29:31.637+0000] {processor.py:186} INFO - Started process (PID=470) to work on /home/airflow/.local/lib/python3.12/site-packages/airflow/example_dags/example_bash_decorator.py
[2025-12-04T12:29:31.638+0000] {processor.py:914} INFO - Processing file /home/airflow/.local/lib/python3.12/site-packages/airflow/example_dags/example_bash_decorator.py for tasks to queue
[2025-12-04T12:29:31.640+0000] {logging_mixin.py:190} INFO - [2025-12-04T12:29:31.640+0000] {dagbag.py:588} INFO - Filling up the DagBag from /home/airflow/.local/lib/python3.12/site-packages/airflow/example_dags/example_bash_decorator.py
[2025-12-04T12:29:31.655+0000] {processor.py:925} INFO - DAG(s) 'example_bash_decorator' retrieved from /home/airflow/.local/lib/python3.12/site-packages/airflow/example_dags/example_bash_decorator.py
[2025-12-04T12:29:31.680+0000] {logging_mixin.py:190} INFO - [2025-12-04T12:29:31.680+0000] {dag.py:3239} INFO - Sync 1 DAGs
[2025-12-04T12:29:31.697+0000] {logging_mixin.py:190} INFO - [2025-12-04T12:29:31.697+0000] {dag.py:4180} INFO - Setting next_dagrun for example_bash_decorator to None, run_after=None
[2025-12-04T12:29:31.720+0000] {processor.py:208} INFO - Processing /home/airflow/.local/lib/python3.12/site-packages/airflow/example_dags/example_bash_decorator.py took 0.088 seconds
[2025-12-04T12:30:02.377+0000] {processor.py:186} INFO - Started process (PID=536) to work on /home/airflow/.local/lib/python3.12/site-packages/airflow/example_dags/example_bash_decorator.py
[2025-12-04T12:30:02.377+0000] {processor.py:914} INFO - Processing file /home/airflow/.local/lib/python3.12/site-packages/airflow/example_dags/example_bash_decorator.py for tasks to queue
[2025-12-04T12:30:02.380+0000] {logging_mixin.py:190} INFO - [2025-12-04T12:30:02.379+0000] {dagbag.py:588} INFO - Filling up the DagBag from /home/airflow/.local/lib/python3.12/site-packages/airflow/example_dags/example_bash_decorator.py
[2025-12-04T12:30:02.397+0000] {processor.py:925} INFO - DAG(s) 'example_bash_decorator' retrieved from /home/airflow/.local/lib/python3.12/site-packages/airflow/example_dags/example_bash_decorator.py
[2025-12-04T12:30:02.423+0000] {logging_mixin.py:190} INFO - [2025-12-04T12:30:02.422+0000] {dag.py:3239} INFO - Sync 1 DAGs
[2025-12-04T12:30:02.440+0000] {logging_mixin.py:190} INFO - [2025-12-04T12:30:02.439+0000] {dag.py:4180} INFO - Setting next_dagrun for example_bash_decorator to None, run_after=None
[2025-12-04T12:30:02.460+0000] {processor.py:208} INFO - Processing /home/airflow/.local/lib/python3.12/site-packages/airflow/example_dags/example_bash_decorator.py took 0.089 seconds
[2025-12-04T12:30:34.412+0000] {processor.py:186} INFO - Started process (PID=609) to work on /home/airflow/.local/lib/python3.12/site-packages/airflow/example_dags/example_bash_decorator.py
[2025-12-04T12:30:34.413+0000] {processor.py:914} INFO - Processing file /home/airflow/.local/lib/python3.12/site-packages/airflow/example_dags/example_bash_decorator.py for tasks to queue
[2025-12-04T12:30:34.414+0000] {logging_mixin.py:190} INFO - [2025-12-04T12:30:34.414+0000] {dagbag.py:588} INFO - Filling up the DagBag from /home/airflow/.local/lib/python3.12/site-packages/airflow/example_dags/example_bash_decorator.py
[2025-12-04T12:30:34.430+0000] {processor.py:925} INFO - DAG(s) 'example_bash_decorator' retrieved from /home/airflow/.local/lib/python3.12/site-packages/airflow/example_dags/example_bash_decorator.py
[2025-12-04T12:30:34.475+0000] {logging_mixin.py:190} INFO - [2025-12-04T12:30:34.475+0000] {dag.py:3239} INFO - Sync 1 DAGs
[2025-12-04T12:30:34.495+0000] {logging_mixin.py:190} INFO - [2025-12-04T12:30:34.495+0000] {dag.py:4180} INFO - Setting next_dagrun for example_bash_decorator to None, run_after=None
[2025-12-04T12:30:34.516+0000] {processor.py:208} INFO - Processing /home/airflow/.local/lib/python3.12/site-packages/airflow/example_dags/example_bash_decorator.py took 0.110 seconds
[2025-12-04T12:31:05.895+0000] {processor.py:186} INFO - Started process (PID=675) to work on /home/airflow/.local/lib/python3.12/site-packages/airflow/example_dags/example_bash_decorator.py
[2025-12-04T12:31:05.896+0000] {processor.py:914} INFO - Processing file /home/airflow/.local/lib/python3.12/site-packages/airflow/example_dags/example_bash_decorator.py for tasks to queue
[2025-12-04T12:31:05.898+0000] {logging_mixin.py:190} INFO - [2025-12-04T12:31:05.898+0000] {dagbag.py:588} INFO - Filling up the DagBag from /home/airflow/.local/lib/python3.12/site-packages/airflow/example_dags/example_bash_decorator.py
[2025-12-04T12:31:05.914+0000] {processor.py:925} INFO - DAG(s) 'example_bash_decorator' retrieved from /home/airflow/.local/lib/python3.12/site-packages/airflow/example_dags/example_bash_decorator.py
[2025-12-04T12:31:05.941+0000] {logging_mixin.py:190} INFO - [2025-12-04T12:31:05.940+0000] {dag.py:3239} INFO - Sync 1 DAGs
[2025-12-04T12:31:05.960+0000] {logging_mixin.py:190} INFO - [2025-12-04T12:31:05.960+0000] {dag.py:4180} INFO - Setting next_dagrun for example_bash_decorator to None, run_after=None
[2025-12-04T12:31:05.982+0000] {processor.py:208} INFO - Processing /home/airflow/.local/lib/python3.12/site-packages/airflow/example_dags/example_bash_decorator.py took 0.092 seconds
[2025-12-04T12:31:37.475+0000] {processor.py:186} INFO - Started process (PID=741) to work on /home/airflow/.local/lib/python3.12/site-packages/airflow/example_dags/example_bash_decorator.py
[2025-12-04T12:31:37.475+0000] {processor.py:914} INFO - Processing file /home/airflow/.local/lib/python3.12/site-packages/airflow/example_dags/example_bash_decorator.py for tasks to queue
[2025-12-04T12:31:37.477+0000] {logging_mixin.py:190} INFO - [2025-12-04T12:31:37.477+0000] {dagbag.py:588} INFO - Filling up the DagBag from /home/airflow/.local/lib/python3.12/site-packages/airflow/example_dags/example_bash_decorator.py
[2025-12-04T12:31:37.493+0000] {processor.py:925} INFO - DAG(s) 'example_bash_decorator' retrieved from /home/airflow/.local/lib/python3.12/site-packages/airflow/example_dags/example_bash_decorator.py
[2025-12-04T12:31:37.519+0000] {logging_mixin.py:190} INFO - [2025-12-04T12:31:37.519+0000] {dag.py:3239} INFO - Sync 1 DAGs
[2025-12-04T12:31:37.537+0000] {logging_mixin.py:190} INFO - [2025-12-04T12:31:37.537+0000] {dag.py:4180} INFO - Setting next_dagrun for example_bash_decorator to None, run_after=None
[2025-12-04T12:31:37.560+0000] {processor.py:208} INFO - Processing /home/airflow/.local/lib/python3.12/site-packages/airflow/example_dags/example_bash_decorator.py took 0.091 seconds
[2025-12-04T12:32:09.114+0000] {processor.py:186} INFO - Started process (PID=807) to work on /home/airflow/.local/lib/python3.12/site-packages/airflow/example_dags/example_bash_decorator.py
[2025-12-04T12:32:09.115+0000] {processor.py:914} INFO - Processing file /home/airflow/.local/lib/python3.12/site-packages/airflow/example_dags/example_bash_decorator.py for tasks to queue
[2025-12-04T12:32:09.117+0000] {logging_mixin.py:190} INFO - [2025-12-04T12:32:09.117+0000] {dagbag.py:588} INFO - Filling up the DagBag from /home/airflow/.local/lib/python3.12/site-packages/airflow/example_dags/example_bash_decorator.py
[2025-12-04T12:32:09.132+0000] {processor.py:925} INFO - DAG(s) 'example_bash_decorator' retrieved from /home/airflow/.local/lib/python3.12/site-packages/airflow/example_dags/example_bash_decorator.py
[2025-12-04T12:32:09.161+0000] {logging_mixin.py:190} INFO - [2025-12-04T12:32:09.161+0000] {dag.py:3239} INFO - Sync 1 DAGs
[2025-12-04T12:32:09.179+0000] {logging_mixin.py:190} INFO - [2025-12-04T12:32:09.179+0000] {dag.py:4180} INFO - Setting next_dagrun for example_bash_decorator to None, run_after=None
[2025-12-04T12:32:09.204+0000] {processor.py:208} INFO - Processing /home/airflow/.local/lib/python3.12/site-packages/airflow/example_dags/example_bash_decorator.py took 0.095 seconds
[2025-12-04T12:32:40.722+0000] {processor.py:186} INFO - Started process (PID=874) to work on /home/airflow/.local/lib/python3.12/site-packages/airflow/example_dags/example_bash_decorator.py
[2025-12-04T12:32:40.723+0000] {processor.py:914} INFO - Processing file /home/airflow/.local/lib/python3.12/site-packages/airflow/example_dags/example_bash_decorator.py for tasks to queue
[2025-12-04T12:32:40.725+0000] {logging_mixin.py:190} INFO - [2025-12-04T12:32:40.725+0000] {dagbag.py:588} INFO - Filling up the DagBag from /home/airflow/.local/lib/python3.12/site-packages/airflow/example_dags/example_bash_decorator.py
[2025-12-04T12:32:40.740+0000] {processor.py:925} INFO - DAG(s) 'example_bash_decorator' retrieved from /home/airflow/.local/lib/python3.12/site-packages/airflow/example_dags/example_bash_decorator.py
[2025-12-04T12:32:40.766+0000] {logging_mixin.py:190} INFO - [2025-12-04T12:32:40.766+0000] {dag.py:3239} INFO - Sync 1 DAGs
[2025-12-04T12:32:40.783+0000] {logging_mixin.py:190} INFO - [2025-12-04T12:32:40.783+0000] {dag.py:4180} INFO - Setting next_dagrun for example_bash_decorator to None, run_after=None
[2025-12-04T12:32:40.805+0000] {processor.py:208} INFO - Processing /home/airflow/.local/lib/python3.12/site-packages/airflow/example_dags/example_bash_decorator.py took 0.088 seconds
[2025-12-04T12:33:12.229+0000] {processor.py:186} INFO - Started process (PID=940) to work on /home/airflow/.local/lib/python3.12/site-packages/airflow/example_dags/example_bash_decorator.py
[2025-12-04T12:33:12.230+0000] {processor.py:914} INFO - Processing file /home/airflow/.local/lib/python3.12/site-packages/airflow/example_dags/example_bash_decorator.py for tasks to queue
[2025-12-04T12:33:12.232+0000] {logging_mixin.py:190} INFO - [2025-12-04T12:33:12.232+0000] {dagbag.py:588} INFO - Filling up the DagBag from /home/airflow/.local/lib/python3.12/site-packages/airflow/example_dags/example_bash_decorator.py
[2025-12-04T12:33:12.247+0000] {processor.py:925} INFO - DAG(s) 'example_bash_decorator' retrieved from /home/airflow/.local/lib/python3.12/site-packages/airflow/example_dags/example_bash_decorator.py
[2025-12-04T12:33:12.282+0000] {logging_mixin.py:190} INFO - [2025-12-04T12:33:12.282+0000] {dag.py:3239} INFO - Sync 1 DAGs
[2025-12-04T12:33:12.305+0000] {logging_mixin.py:190} INFO - [2025-12-04T12:33:12.305+0000] {dag.py:4180} INFO - Setting next_dagrun for example_bash_decorator to None, run_after=None
[2025-12-04T12:33:12.331+0000] {processor.py:208} INFO - Processing /home/airflow/.local/lib/python3.12/site-packages/airflow/example_dags/example_bash_decorator.py took 0.108 seconds
[2025-12-04T12:33:43.947+0000] {processor.py:186} INFO - Started process (PID=1006) to work on /home/airflow/.local/lib/python3.12/site-packages/airflow/example_dags/example_bash_decorator.py
[2025-12-04T12:33:43.948+0000] {processor.py:914} INFO - Processing file /home/airflow/.local/lib/python3.12/site-packages/airflow/example_dags/example_bash_decorator.py for tasks to queue
[2025-12-04T12:33:43.950+0000] {logging_mixin.py:190} INFO - [2025-12-04T12:33:43.950+0000] {dagbag.py:588} INFO - Filling up the DagBag from /home/airflow/.local/lib/python3.12/site-packages/airflow/example_dags/example_bash_decorator.py
[2025-12-04T12:33:43.966+0000] {processor.py:925} INFO - DAG(s) 'example_bash_decorator' retrieved from /home/airflow/.local/lib/python3.12/site-packages/airflow/example_dags/example_bash_decorator.py
[2025-12-04T12:33:43.993+0000] {logging_mixin.py:190} INFO - [2025-12-04T12:33:43.993+0000] {dag.py:3239} INFO - Sync 1 DAGs
[2025-12-04T12:33:44.010+0000] {logging_mixin.py:190} INFO - [2025-12-04T12:33:44.010+0000] {dag.py:4180} INFO - Setting next_dagrun for example_bash_decorator to None, run_after=None
[2025-12-04T12:33:44.033+0000] {processor.py:208} INFO - Processing /home/airflow/.local/lib/python3.12/site-packages/airflow/example_dags/example_bash_decorator.py took 0.091 seconds
[2025-12-04T12:34:15.534+0000] {processor.py:186} INFO - Started process (PID=1072) to work on /home/airflow/.local/lib/python3.12/site-packages/airflow/example_dags/example_bash_decorator.py
[2025-12-04T12:34:15.535+0000] {processor.py:914} INFO - Processing file /home/airflow/.local/lib/python3.12/site-packages/airflow/example_dags/example_bash_decorator.py for tasks to queue
[2025-12-04T12:34:15.537+0000] {logging_mixin.py:190} INFO - [2025-12-04T12:34:15.536+0000] {dagbag.py:588} INFO - Filling up the DagBag from /home/airflow/.local/lib/python3.12/site-packages/airflow/example_dags/example_bash_decorator.py
[2025-12-04T12:34:15.553+0000] {processor.py:925} INFO - DAG(s) 'example_bash_decorator' retrieved from /home/airflow/.local/lib/python3.12/site-packages/airflow/example_dags/example_bash_decorator.py
[2025-12-04T12:34:15.579+0000] {logging_mixin.py:190} INFO - [2025-12-04T12:34:15.579+0000] {dag.py:3239} INFO - Sync 1 DAGs
[2025-12-04T12:34:15.596+0000] {logging_mixin.py:190} INFO - [2025-12-04T12:34:15.595+0000] {dag.py:4180} INFO - Setting next_dagrun for example_bash_decorator to None, run_after=None
[2025-12-04T12:34:15.618+0000] {processor.py:208} INFO - Processing /home/airflow/.local/lib/python3.12/site-packages/airflow/example_dags/example_bash_decorator.py took 0.090 seconds
[2025-12-04T12:34:46.971+0000] {processor.py:186} INFO - Started process (PID=1138) to work on /home/airflow/.local/lib/python3.12/site-packages/airflow/example_dags/example_bash_decorator.py
[2025-12-04T12:34:46.972+0000] {processor.py:914} INFO - Processing file /home/airflow/.local/lib/python3.12/site-packages/airflow/example_dags/example_bash_decorator.py for tasks to queue
[2025-12-04T12:34:46.973+0000] {logging_mixin.py:190} INFO - [2025-12-04T12:34:46.973+0000] {dagbag.py:588} INFO - Filling up the DagBag from /home/airflow/.local/lib/python3.12/site-packages/airflow/example_dags/example_bash_decorator.py
[2025-12-04T12:34:46.989+0000] {processor.py:925} INFO - DAG(s) 'example_bash_decorator' retrieved from /home/airflow/.local/lib/python3.12/site-packages/airflow/example_dags/example_bash_decorator.py
[2025-12-04T12:34:47.018+0000] {logging_mixin.py:190} INFO - [2025-12-04T12:34:47.017+0000] {dag.py:3239} INFO - Sync 1 DAGs
[2025-12-04T12:34:47.038+0000] {logging_mixin.py:190} INFO - [2025-12-04T12:34:47.038+0000] {dag.py:4180} INFO - Setting next_dagrun for example_bash_decorator to None, run_after=None
[2025-12-04T12:34:47.058+0000] {processor.py:208} INFO - Processing /home/airflow/.local/lib/python3.12/site-packages/airflow/example_dags/example_bash_decorator.py took 0.095 seconds
[2025-12-04T12:35:18.360+0000] {processor.py:186} INFO - Started process (PID=1204) to work on /home/airflow/.local/lib/python3.12/site-packages/airflow/example_dags/example_bash_decorator.py
[2025-12-04T12:35:18.361+0000] {processor.py:914} INFO - Processing file /home/airflow/.local/lib/python3.12/site-packages/airflow/example_dags/example_bash_decorator.py for tasks to queue
[2025-12-04T12:35:18.363+0000] {logging_mixin.py:190} INFO - [2025-12-04T12:35:18.363+0000] {dagbag.py:588} INFO - Filling up the DagBag from /home/airflow/.local/lib/python3.12/site-packages/airflow/example_dags/example_bash_decorator.py
[2025-12-04T12:35:18.379+0000] {processor.py:925} INFO - DAG(s) 'example_bash_decorator' retrieved from /home/airflow/.local/lib/python3.12/site-packages/airflow/example_dags/example_bash_decorator.py
[2025-12-04T12:35:18.406+0000] {logging_mixin.py:190} INFO - [2025-12-04T12:35:18.406+0000] {dag.py:3239} INFO - Sync 1 DAGs
[2025-12-04T12:35:18.423+0000] {logging_mixin.py:190} INFO - [2025-12-04T12:35:18.423+0000] {dag.py:4180} INFO - Setting next_dagrun for example_bash_decorator to None, run_after=None
[2025-12-04T12:35:18.444+0000] {processor.py:208} INFO - Processing /home/airflow/.local/lib/python3.12/site-packages/airflow/example_dags/example_bash_decorator.py took 0.090 seconds
[2025-12-04T12:35:49.883+0000] {processor.py:186} INFO - Started process (PID=1270) to work on /home/airflow/.local/lib/python3.12/site-packages/airflow/example_dags/example_bash_decorator.py
[2025-12-04T12:35:49.884+0000] {processor.py:914} INFO - Processing file /home/airflow/.local/lib/python3.12/site-packages/airflow/example_dags/example_bash_decorator.py for tasks to queue
[2025-12-04T12:35:49.886+0000] {logging_mixin.py:190} INFO - [2025-12-04T12:35:49.886+0000] {dagbag.py:588} INFO - Filling up the DagBag from /home/airflow/.local/lib/python3.12/site-packages/airflow/example_dags/example_bash_decorator.py
[2025-12-04T12:35:49.902+0000] {processor.py:925} INFO - DAG(s) 'example_bash_decorator' retrieved from /home/airflow/.local/lib/python3.12/site-packages/airflow/example_dags/example_bash_decorator.py
[2025-12-04T12:35:49.928+0000] {logging_mixin.py:190} INFO - [2025-12-04T12:35:49.928+0000] {dag.py:3239} INFO - Sync 1 DAGs
[2025-12-04T12:35:49.944+0000] {logging_mixin.py:190} INFO - [2025-12-04T12:35:49.943+0000] {dag.py:4180} INFO - Setting next_dagrun for example_bash_decorator to None, run_after=None
[2025-12-04T12:35:49.964+0000] {processor.py:208} INFO - Processing /home/airflow/.local/lib/python3.12/site-packages/airflow/example_dags/example_bash_decorator.py took 0.087 seconds
[2025-12-04T12:36:21.292+0000] {processor.py:186} INFO - Started process (PID=1336) to work on /home/airflow/.local/lib/python3.12/site-packages/airflow/example_dags/example_bash_decorator.py
[2025-12-04T12:36:21.293+0000] {processor.py:914} INFO - Processing file /home/airflow/.local/lib/python3.12/site-packages/airflow/example_dags/example_bash_decorator.py for tasks to queue
[2025-12-04T12:36:21.295+0000] {logging_mixin.py:190} INFO - [2025-12-04T12:36:21.294+0000] {dagbag.py:588} INFO - Filling up the DagBag from /home/airflow/.local/lib/python3.12/site-packages/airflow/example_dags/example_bash_decorator.py
[2025-12-04T12:36:21.313+0000] {processor.py:925} INFO - DAG(s) 'example_bash_decorator' retrieved from /home/airflow/.local/lib/python3.12/site-packages/airflow/example_dags/example_bash_decorator.py
[2025-12-04T12:36:21.342+0000] {logging_mixin.py:190} INFO - [2025-12-04T12:36:21.342+0000] {dag.py:3239} INFO - Sync 1 DAGs
[2025-12-04T12:36:21.361+0000] {logging_mixin.py:190} INFO - [2025-12-04T12:36:21.361+0000] {dag.py:4180} INFO - Setting next_dagrun for example_bash_decorator to None, run_after=None
[2025-12-04T12:36:21.383+0000] {processor.py:208} INFO - Processing /home/airflow/.local/lib/python3.12/site-packages/airflow/example_dags/example_bash_decorator.py took 0.097 seconds
[2025-12-04T12:36:52.676+0000] {processor.py:186} INFO - Started process (PID=1403) to work on /home/airflow/.local/lib/python3.12/site-packages/airflow/example_dags/example_bash_decorator.py
[2025-12-04T12:36:52.677+0000] {processor.py:914} INFO - Processing file /home/airflow/.local/lib/python3.12/site-packages/airflow/example_dags/example_bash_decorator.py for tasks to queue
[2025-12-04T12:36:52.679+0000] {logging_mixin.py:190} INFO - [2025-12-04T12:36:52.679+0000] {dagbag.py:588} INFO - Filling up the DagBag from /home/airflow/.local/lib/python3.12/site-packages/airflow/example_dags/example_bash_decorator.py
[2025-12-04T12:36:52.695+0000] {processor.py:925} INFO - DAG(s) 'example_bash_decorator' retrieved from /home/airflow/.local/lib/python3.12/site-packages/airflow/example_dags/example_bash_decorator.py
[2025-12-04T12:36:52.720+0000] {logging_mixin.py:190} INFO - [2025-12-04T12:36:52.720+0000] {dag.py:3239} INFO - Sync 1 DAGs
[2025-12-04T12:36:52.737+0000] {logging_mixin.py:190} INFO - [2025-12-04T12:36:52.737+0000] {dag.py:4180} INFO - Setting next_dagrun for example_bash_decorator to None, run_after=None
[2025-12-04T12:36:52.758+0000] {processor.py:208} INFO - Processing /home/airflow/.local/lib/python3.12/site-packages/airflow/example_dags/example_bash_decorator.py took 0.087 seconds
[2025-12-04T12:37:24.108+0000] {processor.py:186} INFO - Started process (PID=1469) to work on /home/airflow/.local/lib/python3.12/site-packages/airflow/example_dags/example_bash_decorator.py
[2025-12-04T12:37:24.109+0000] {processor.py:914} INFO - Processing file /home/airflow/.local/lib/python3.12/site-packages/airflow/example_dags/example_bash_decorator.py for tasks to queue
[2025-12-04T12:37:24.112+0000] {logging_mixin.py:190} INFO - [2025-12-04T12:37:24.112+0000] {dagbag.py:588} INFO - Filling up the DagBag from /home/airflow/.local/lib/python3.12/site-packages/airflow/example_dags/example_bash_decorator.py
[2025-12-04T12:37:24.137+0000] {processor.py:925} INFO - DAG(s) 'example_bash_decorator' retrieved from /home/airflow/.local/lib/python3.12/site-packages/airflow/example_dags/example_bash_decorator.py
[2025-12-04T12:37:24.166+0000] {logging_mixin.py:190} INFO - [2025-12-04T12:37:24.166+0000] {dag.py:3239} INFO - Sync 1 DAGs
[2025-12-04T12:37:24.184+0000] {logging_mixin.py:190} INFO - [2025-12-04T12:37:24.184+0000] {dag.py:4180} INFO - Setting next_dagrun for example_bash_decorator to None, run_after=None
[2025-12-04T12:37:24.205+0000] {processor.py:208} INFO - Processing /home/airflow/.local/lib/python3.12/site-packages/airflow/example_dags/example_bash_decorator.py took 0.106 seconds
[2025-12-04T12:37:55.629+0000] {processor.py:186} INFO - Started process (PID=1535) to work on /home/airflow/.local/lib/python3.12/site-packages/airflow/example_dags/example_bash_decorator.py
[2025-12-04T12:37:55.630+0000] {processor.py:914} INFO - Processing file /home/airflow/.local/lib/python3.12/site-packages/airflow/example_dags/example_bash_decorator.py for tasks to queue
[2025-12-04T12:37:55.632+0000] {logging_mixin.py:190} INFO - [2025-12-04T12:37:55.632+0000] {dagbag.py:588} INFO - Filling up the DagBag from /home/airflow/.local/lib/python3.12/site-packages/airflow/example_dags/example_bash_decorator.py
[2025-12-04T12:37:55.647+0000] {processor.py:925} INFO - DAG(s) 'example_bash_decorator' retrieved from /home/airflow/.local/lib/python3.12/site-packages/airflow/example_dags/example_bash_decorator.py
[2025-12-04T12:37:55.674+0000] {logging_mixin.py:190} INFO - [2025-12-04T12:37:55.674+0000] {dag.py:3239} INFO - Sync 1 DAGs
[2025-12-04T12:37:55.691+0000] {logging_mixin.py:190} INFO - [2025-12-04T12:37:55.691+0000] {dag.py:4180} INFO - Setting next_dagrun for example_bash_decorator to None, run_after=None
[2025-12-04T12:37:55.711+0000] {processor.py:208} INFO - Processing /home/airflow/.local/lib/python3.12/site-packages/airflow/example_dags/example_bash_decorator.py took 0.088 seconds
[2025-12-04T12:38:27.512+0000] {processor.py:186} INFO - Started process (PID=1601) to work on /home/airflow/.local/lib/python3.12/site-packages/airflow/example_dags/example_bash_decorator.py
[2025-12-04T12:38:27.513+0000] {processor.py:914} INFO - Processing file /home/airflow/.local/lib/python3.12/site-packages/airflow/example_dags/example_bash_decorator.py for tasks to queue
[2025-12-04T12:38:27.515+0000] {logging_mixin.py:190} INFO - [2025-12-04T12:38:27.515+0000] {dagbag.py:588} INFO - Filling up the DagBag from /home/airflow/.local/lib/python3.12/site-packages/airflow/example_dags/example_bash_decorator.py
[2025-12-04T12:38:27.531+0000] {processor.py:925} INFO - DAG(s) 'example_bash_decorator' retrieved from /home/airflow/.local/lib/python3.12/site-packages/airflow/example_dags/example_bash_decorator.py
[2025-12-04T12:38:27.559+0000] {logging_mixin.py:190} INFO - [2025-12-04T12:38:27.558+0000] {dag.py:3239} INFO - Sync 1 DAGs
[2025-12-04T12:38:27.576+0000] {logging_mixin.py:190} INFO - [2025-12-04T12:38:27.576+0000] {dag.py:4180} INFO - Setting next_dagrun for example_bash_decorator to None, run_after=None
[2025-12-04T12:38:27.598+0000] {processor.py:208} INFO - Processing /home/airflow/.local/lib/python3.12/site-packages/airflow/example_dags/example_bash_decorator.py took 0.091 seconds
[2025-12-04T12:38:59.039+0000] {processor.py:186} INFO - Started process (PID=1667) to work on /home/airflow/.local/lib/python3.12/site-packages/airflow/example_dags/example_bash_decorator.py
[2025-12-04T12:38:59.040+0000] {processor.py:914} INFO - Processing file /home/airflow/.local/lib/python3.12/site-packages/airflow/example_dags/example_bash_decorator.py for tasks to queue
[2025-12-04T12:38:59.042+0000] {logging_mixin.py:190} INFO - [2025-12-04T12:38:59.042+0000] {dagbag.py:588} INFO - Filling up the DagBag from /home/airflow/.local/lib/python3.12/site-packages/airflow/example_dags/example_bash_decorator.py
[2025-12-04T12:38:59.058+0000] {processor.py:925} INFO - DAG(s) 'example_bash_decorator' retrieved from /home/airflow/.local/lib/python3.12/site-packages/airflow/example_dags/example_bash_decorator.py
[2025-12-04T12:38:59.083+0000] {logging_mixin.py:190} INFO - [2025-12-04T12:38:59.083+0000] {dag.py:3239} INFO - Sync 1 DAGs
[2025-12-04T12:38:59.100+0000] {logging_mixin.py:190} INFO - [2025-12-04T12:38:59.100+0000] {dag.py:4180} INFO - Setting next_dagrun for example_bash_decorator to None, run_after=None
[2025-12-04T12:38:59.119+0000] {processor.py:208} INFO - Processing /home/airflow/.local/lib/python3.12/site-packages/airflow/example_dags/example_bash_decorator.py took 0.086 seconds
[2025-12-04T12:39:31.053+0000] {processor.py:186} INFO - Started process (PID=1733) to work on /home/airflow/.local/lib/python3.12/site-packages/airflow/example_dags/example_bash_decorator.py
[2025-12-04T12:39:31.054+0000] {processor.py:914} INFO - Processing file /home/airflow/.local/lib/python3.12/site-packages/airflow/example_dags/example_bash_decorator.py for tasks to queue
[2025-12-04T12:39:31.056+0000] {logging_mixin.py:190} INFO - [2025-12-04T12:39:31.056+0000] {dagbag.py:588} INFO - Filling up the DagBag from /home/airflow/.local/lib/python3.12/site-packages/airflow/example_dags/example_bash_decorator.py
[2025-12-04T12:39:31.075+0000] {processor.py:925} INFO - DAG(s) 'example_bash_decorator' retrieved from /home/airflow/.local/lib/python3.12/site-packages/airflow/example_dags/example_bash_decorator.py
[2025-12-04T12:39:31.102+0000] {logging_mixin.py:190} INFO - [2025-12-04T12:39:31.101+0000] {dag.py:3239} INFO - Sync 1 DAGs
[2025-12-04T12:39:31.118+0000] {logging_mixin.py:190} INFO - [2025-12-04T12:39:31.118+0000] {dag.py:4180} INFO - Setting next_dagrun for example_bash_decorator to None, run_after=None
[2025-12-04T12:39:31.139+0000] {processor.py:208} INFO - Processing /home/airflow/.local/lib/python3.12/site-packages/airflow/example_dags/example_bash_decorator.py took 0.092 seconds
[2025-12-04T12:40:02.476+0000] {processor.py:186} INFO - Started process (PID=1799) to work on /home/airflow/.local/lib/python3.12/site-packages/airflow/example_dags/example_bash_decorator.py
[2025-12-04T12:40:02.476+0000] {processor.py:914} INFO - Processing file /home/airflow/.local/lib/python3.12/site-packages/airflow/example_dags/example_bash_decorator.py for tasks to queue
[2025-12-04T12:40:02.478+0000] {logging_mixin.py:190} INFO - [2025-12-04T12:40:02.478+0000] {dagbag.py:588} INFO - Filling up the DagBag from /home/airflow/.local/lib/python3.12/site-packages/airflow/example_dags/example_bash_decorator.py
[2025-12-04T12:40:02.494+0000] {processor.py:925} INFO - DAG(s) 'example_bash_decorator' retrieved from /home/airflow/.local/lib/python3.12/site-packages/airflow/example_dags/example_bash_decorator.py
[2025-12-04T12:40:02.524+0000] {logging_mixin.py:190} INFO - [2025-12-04T12:40:02.524+0000] {dag.py:3239} INFO - Sync 1 DAGs
[2025-12-04T12:40:02.541+0000] {logging_mixin.py:190} INFO - [2025-12-04T12:40:02.541+0000] {dag.py:4180} INFO - Setting next_dagrun for example_bash_decorator to None, run_after=None
[2025-12-04T12:40:02.561+0000] {processor.py:208} INFO - Processing /home/airflow/.local/lib/python3.12/site-packages/airflow/example_dags/example_bash_decorator.py took 0.091 seconds
[2025-12-04T12:40:33.829+0000] {processor.py:186} INFO - Started process (PID=1865) to work on /home/airflow/.local/lib/python3.12/site-packages/airflow/example_dags/example_bash_decorator.py
[2025-12-04T12:40:33.830+0000] {processor.py:914} INFO - Processing file /home/airflow/.local/lib/python3.12/site-packages/airflow/example_dags/example_bash_decorator.py for tasks to queue
[2025-12-04T12:40:33.833+0000] {logging_mixin.py:190} INFO - [2025-12-04T12:40:33.833+0000] {dagbag.py:588} INFO - Filling up the DagBag from /home/airflow/.local/lib/python3.12/site-packages/airflow/example_dags/example_bash_decorator.py
[2025-12-04T12:40:33.849+0000] {processor.py:925} INFO - DAG(s) 'example_bash_decorator' retrieved from /home/airflow/.local/lib/python3.12/site-packages/airflow/example_dags/example_bash_decorator.py
[2025-12-04T12:40:33.883+0000] {logging_mixin.py:190} INFO - [2025-12-04T12:40:33.883+0000] {dag.py:3239} INFO - Sync 1 DAGs
[2025-12-04T12:40:33.901+0000] {logging_mixin.py:190} INFO - [2025-12-04T12:40:33.901+0000] {dag.py:4180} INFO - Setting next_dagrun for example_bash_decorator to None, run_after=None
[2025-12-04T12:40:33.922+0000] {processor.py:208} INFO - Processing /home/airflow/.local/lib/python3.12/site-packages/airflow/example_dags/example_bash_decorator.py took 0.102 seconds
[2025-12-04T12:41:05.554+0000] {processor.py:186} INFO - Started process (PID=1931) to work on /home/airflow/.local/lib/python3.12/site-packages/airflow/example_dags/example_bash_decorator.py
[2025-12-04T12:41:05.555+0000] {processor.py:914} INFO - Processing file /home/airflow/.local/lib/python3.12/site-packages/airflow/example_dags/example_bash_decorator.py for tasks to queue
[2025-12-04T12:41:05.557+0000] {logging_mixin.py:190} INFO - [2025-12-04T12:41:05.556+0000] {dagbag.py:588} INFO - Filling up the DagBag from /home/airflow/.local/lib/python3.12/site-packages/airflow/example_dags/example_bash_decorator.py
[2025-12-04T12:41:05.572+0000] {processor.py:925} INFO - DAG(s) 'example_bash_decorator' retrieved from /home/airflow/.local/lib/python3.12/site-packages/airflow/example_dags/example_bash_decorator.py
[2025-12-04T12:41:05.599+0000] {logging_mixin.py:190} INFO - [2025-12-04T12:41:05.599+0000] {dag.py:3239} INFO - Sync 1 DAGs
[2025-12-04T12:41:05.616+0000] {logging_mixin.py:190} INFO - [2025-12-04T12:41:05.616+0000] {dag.py:4180} INFO - Setting next_dagrun for example_bash_decorator to None, run_after=None
[2025-12-04T12:41:05.636+0000] {processor.py:208} INFO - Processing /home/airflow/.local/lib/python3.12/site-packages/airflow/example_dags/example_bash_decorator.py took 0.088 seconds
[2025-12-04T12:41:36.705+0000] {processor.py:186} INFO - Started process (PID=2003) to work on /home/airflow/.local/lib/python3.12/site-packages/airflow/example_dags/example_bash_decorator.py
[2025-12-04T12:41:36.705+0000] {processor.py:914} INFO - Processing file /home/airflow/.local/lib/python3.12/site-packages/airflow/example_dags/example_bash_decorator.py for tasks to queue
[2025-12-04T12:41:36.707+0000] {logging_mixin.py:190} INFO - [2025-12-04T12:41:36.707+0000] {dagbag.py:588} INFO - Filling up the DagBag from /home/airflow/.local/lib/python3.12/site-packages/airflow/example_dags/example_bash_decorator.py
[2025-12-04T12:41:36.722+0000] {processor.py:925} INFO - DAG(s) 'example_bash_decorator' retrieved from /home/airflow/.local/lib/python3.12/site-packages/airflow/example_dags/example_bash_decorator.py
[2025-12-04T12:41:36.747+0000] {logging_mixin.py:190} INFO - [2025-12-04T12:41:36.747+0000] {dag.py:3239} INFO - Sync 1 DAGs
[2025-12-04T12:41:36.766+0000] {logging_mixin.py:190} INFO - [2025-12-04T12:41:36.765+0000] {dag.py:4180} INFO - Setting next_dagrun for example_bash_decorator to None, run_after=None
[2025-12-04T12:41:36.786+0000] {processor.py:208} INFO - Processing /home/airflow/.local/lib/python3.12/site-packages/airflow/example_dags/example_bash_decorator.py took 0.087 seconds
[2025-12-04T12:42:07.946+0000] {processor.py:186} INFO - Started process (PID=2069) to work on /home/airflow/.local/lib/python3.12/site-packages/airflow/example_dags/example_bash_decorator.py
[2025-12-04T12:42:07.947+0000] {processor.py:914} INFO - Processing file /home/airflow/.local/lib/python3.12/site-packages/airflow/example_dags/example_bash_decorator.py for tasks to queue
[2025-12-04T12:42:07.950+0000] {logging_mixin.py:190} INFO - [2025-12-04T12:42:07.950+0000] {dagbag.py:588} INFO - Filling up the DagBag from /home/airflow/.local/lib/python3.12/site-packages/airflow/example_dags/example_bash_decorator.py
[2025-12-04T12:42:07.975+0000] {processor.py:925} INFO - DAG(s) 'example_bash_decorator' retrieved from /home/airflow/.local/lib/python3.12/site-packages/airflow/example_dags/example_bash_decorator.py
[2025-12-04T12:42:08.004+0000] {logging_mixin.py:190} INFO - [2025-12-04T12:42:08.004+0000] {dag.py:3239} INFO - Sync 1 DAGs
[2025-12-04T12:42:08.023+0000] {logging_mixin.py:190} INFO - [2025-12-04T12:42:08.022+0000] {dag.py:4180} INFO - Setting next_dagrun for example_bash_decorator to None, run_after=None
[2025-12-04T12:42:08.044+0000] {processor.py:208} INFO - Processing /home/airflow/.local/lib/python3.12/site-packages/airflow/example_dags/example_bash_decorator.py took 0.107 seconds
[2025-12-04T12:42:39.548+0000] {processor.py:186} INFO - Started process (PID=2135) to work on /home/airflow/.local/lib/python3.12/site-packages/airflow/example_dags/example_bash_decorator.py
[2025-12-04T12:42:39.549+0000] {processor.py:914} INFO - Processing file /home/airflow/.local/lib/python3.12/site-packages/airflow/example_dags/example_bash_decorator.py for tasks to queue
[2025-12-04T12:42:39.551+0000] {logging_mixin.py:190} INFO - [2025-12-04T12:42:39.550+0000] {dagbag.py:588} INFO - Filling up the DagBag from /home/airflow/.local/lib/python3.12/site-packages/airflow/example_dags/example_bash_decorator.py
[2025-12-04T12:42:39.566+0000] {processor.py:925} INFO - DAG(s) 'example_bash_decorator' retrieved from /home/airflow/.local/lib/python3.12/site-packages/airflow/example_dags/example_bash_decorator.py
[2025-12-04T12:42:39.592+0000] {logging_mixin.py:190} INFO - [2025-12-04T12:42:39.592+0000] {dag.py:3239} INFO - Sync 1 DAGs
[2025-12-04T12:42:39.610+0000] {logging_mixin.py:190} INFO - [2025-12-04T12:42:39.610+0000] {dag.py:4180} INFO - Setting next_dagrun for example_bash_decorator to None, run_after=None
[2025-12-04T12:42:39.633+0000] {processor.py:208} INFO - Processing /home/airflow/.local/lib/python3.12/site-packages/airflow/example_dags/example_bash_decorator.py took 0.091 seconds
[2025-12-04T12:43:11.059+0000] {processor.py:186} INFO - Started process (PID=2201) to work on /home/airflow/.local/lib/python3.12/site-packages/airflow/example_dags/example_bash_decorator.py
[2025-12-04T12:43:11.060+0000] {processor.py:914} INFO - Processing file /home/airflow/.local/lib/python3.12/site-packages/airflow/example_dags/example_bash_decorator.py for tasks to queue
[2025-12-04T12:43:11.062+0000] {logging_mixin.py:190} INFO - [2025-12-04T12:43:11.061+0000] {dagbag.py:588} INFO - Filling up the DagBag from /home/airflow/.local/lib/python3.12/site-packages/airflow/example_dags/example_bash_decorator.py
[2025-12-04T12:43:11.079+0000] {processor.py:925} INFO - DAG(s) 'example_bash_decorator' retrieved from /home/airflow/.local/lib/python3.12/site-packages/airflow/example_dags/example_bash_decorator.py
[2025-12-04T12:43:11.108+0000] {logging_mixin.py:190} INFO - [2025-12-04T12:43:11.108+0000] {dag.py:3239} INFO - Sync 1 DAGs
[2025-12-04T12:43:11.126+0000] {logging_mixin.py:190} INFO - [2025-12-04T12:43:11.125+0000] {dag.py:4180} INFO - Setting next_dagrun for example_bash_decorator to None, run_after=None
[2025-12-04T12:43:11.148+0000] {processor.py:208} INFO - Processing /home/airflow/.local/lib/python3.12/site-packages/airflow/example_dags/example_bash_decorator.py took 0.096 seconds
[2025-12-04T12:43:42.196+0000] {processor.py:186} INFO - Started process (PID=2267) to work on /home/airflow/.local/lib/python3.12/site-packages/airflow/example_dags/example_bash_decorator.py
[2025-12-04T12:43:42.197+0000] {processor.py:914} INFO - Processing file /home/airflow/.local/lib/python3.12/site-packages/airflow/example_dags/example_bash_decorator.py for tasks to queue
[2025-12-04T12:43:42.199+0000] {logging_mixin.py:190} INFO - [2025-12-04T12:43:42.199+0000] {dagbag.py:588} INFO - Filling up the DagBag from /home/airflow/.local/lib/python3.12/site-packages/airflow/example_dags/example_bash_decorator.py
[2025-12-04T12:43:42.216+0000] {processor.py:925} INFO - DAG(s) 'example_bash_decorator' retrieved from /home/airflow/.local/lib/python3.12/site-packages/airflow/example_dags/example_bash_decorator.py
[2025-12-04T12:43:42.255+0000] {logging_mixin.py:190} INFO - [2025-12-04T12:43:42.254+0000] {dag.py:3239} INFO - Sync 1 DAGs
[2025-12-04T12:43:42.283+0000] {logging_mixin.py:190} INFO - [2025-12-04T12:43:42.282+0000] {dag.py:4180} INFO - Setting next_dagrun for example_bash_decorator to None, run_after=None
[2025-12-04T12:43:42.312+0000] {processor.py:208} INFO - Processing /home/airflow/.local/lib/python3.12/site-packages/airflow/example_dags/example_bash_decorator.py took 0.121 seconds
[2025-12-04T12:44:14.436+0000] {processor.py:186} INFO - Started process (PID=2339) to work on /home/airflow/.local/lib/python3.12/site-packages/airflow/example_dags/example_bash_decorator.py
[2025-12-04T12:44:14.437+0000] {processor.py:914} INFO - Processing file /home/airflow/.local/lib/python3.12/site-packages/airflow/example_dags/example_bash_decorator.py for tasks to queue
[2025-12-04T12:44:14.439+0000] {logging_mixin.py:190} INFO - [2025-12-04T12:44:14.439+0000] {dagbag.py:588} INFO - Filling up the DagBag from /home/airflow/.local/lib/python3.12/site-packages/airflow/example_dags/example_bash_decorator.py
[2025-12-04T12:44:14.455+0000] {processor.py:925} INFO - DAG(s) 'example_bash_decorator' retrieved from /home/airflow/.local/lib/python3.12/site-packages/airflow/example_dags/example_bash_decorator.py
[2025-12-04T12:44:14.488+0000] {logging_mixin.py:190} INFO - [2025-12-04T12:44:14.487+0000] {dag.py:3239} INFO - Sync 1 DAGs
[2025-12-04T12:44:14.505+0000] {logging_mixin.py:190} INFO - [2025-12-04T12:44:14.504+0000] {dag.py:4180} INFO - Setting next_dagrun for example_bash_decorator to None, run_after=None
[2025-12-04T12:44:14.525+0000] {processor.py:208} INFO - Processing /home/airflow/.local/lib/python3.12/site-packages/airflow/example_dags/example_bash_decorator.py took 0.095 seconds
[2025-12-04T12:44:45.325+0000] {processor.py:186} INFO - Started process (PID=2406) to work on /home/airflow/.local/lib/python3.12/site-packages/airflow/example_dags/example_bash_decorator.py
[2025-12-04T12:44:45.326+0000] {processor.py:914} INFO - Processing file /home/airflow/.local/lib/python3.12/site-packages/airflow/example_dags/example_bash_decorator.py for tasks to queue
[2025-12-04T12:44:45.329+0000] {logging_mixin.py:190} INFO - [2025-12-04T12:44:45.329+0000] {dagbag.py:588} INFO - Filling up the DagBag from /home/airflow/.local/lib/python3.12/site-packages/airflow/example_dags/example_bash_decorator.py
[2025-12-04T12:44:45.355+0000] {processor.py:925} INFO - DAG(s) 'example_bash_decorator' retrieved from /home/airflow/.local/lib/python3.12/site-packages/airflow/example_dags/example_bash_decorator.py
[2025-12-04T12:44:45.382+0000] {logging_mixin.py:190} INFO - [2025-12-04T12:44:45.381+0000] {dag.py:3239} INFO - Sync 1 DAGs
[2025-12-04T12:44:45.399+0000] {logging_mixin.py:190} INFO - [2025-12-04T12:44:45.399+0000] {dag.py:4180} INFO - Setting next_dagrun for example_bash_decorator to None, run_after=None
[2025-12-04T12:44:45.420+0000] {processor.py:208} INFO - Processing /home/airflow/.local/lib/python3.12/site-packages/airflow/example_dags/example_bash_decorator.py took 0.104 seconds
[2025-12-04T12:45:16.689+0000] {processor.py:186} INFO - Started process (PID=2478) to work on /home/airflow/.local/lib/python3.12/site-packages/airflow/example_dags/example_bash_decorator.py
[2025-12-04T12:45:16.690+0000] {processor.py:914} INFO - Processing file /home/airflow/.local/lib/python3.12/site-packages/airflow/example_dags/example_bash_decorator.py for tasks to queue
[2025-12-04T12:45:16.693+0000] {logging_mixin.py:190} INFO - [2025-12-04T12:45:16.692+0000] {dagbag.py:588} INFO - Filling up the DagBag from /home/airflow/.local/lib/python3.12/site-packages/airflow/example_dags/example_bash_decorator.py
[2025-12-04T12:45:16.718+0000] {processor.py:925} INFO - DAG(s) 'example_bash_decorator' retrieved from /home/airflow/.local/lib/python3.12/site-packages/airflow/example_dags/example_bash_decorator.py
[2025-12-04T12:45:16.746+0000] {logging_mixin.py:190} INFO - [2025-12-04T12:45:16.745+0000] {dag.py:3239} INFO - Sync 1 DAGs
[2025-12-04T12:45:16.763+0000] {logging_mixin.py:190} INFO - [2025-12-04T12:45:16.762+0000] {dag.py:4180} INFO - Setting next_dagrun for example_bash_decorator to None, run_after=None
[2025-12-04T12:45:16.784+0000] {processor.py:208} INFO - Processing /home/airflow/.local/lib/python3.12/site-packages/airflow/example_dags/example_bash_decorator.py took 0.104 seconds
[2025-12-04T12:45:48.137+0000] {processor.py:186} INFO - Started process (PID=2546) to work on /home/airflow/.local/lib/python3.12/site-packages/airflow/example_dags/example_bash_decorator.py
[2025-12-04T12:45:48.138+0000] {processor.py:914} INFO - Processing file /home/airflow/.local/lib/python3.12/site-packages/airflow/example_dags/example_bash_decorator.py for tasks to queue
[2025-12-04T12:45:48.141+0000] {logging_mixin.py:190} INFO - [2025-12-04T12:45:48.140+0000] {dagbag.py:588} INFO - Filling up the DagBag from /home/airflow/.local/lib/python3.12/site-packages/airflow/example_dags/example_bash_decorator.py
[2025-12-04T12:45:48.159+0000] {processor.py:925} INFO - DAG(s) 'example_bash_decorator' retrieved from /home/airflow/.local/lib/python3.12/site-packages/airflow/example_dags/example_bash_decorator.py
[2025-12-04T12:45:48.190+0000] {logging_mixin.py:190} INFO - [2025-12-04T12:45:48.189+0000] {dag.py:3239} INFO - Sync 1 DAGs
[2025-12-04T12:45:48.207+0000] {logging_mixin.py:190} INFO - [2025-12-04T12:45:48.207+0000] {dag.py:4180} INFO - Setting next_dagrun for example_bash_decorator to None, run_after=None
[2025-12-04T12:45:48.231+0000] {processor.py:208} INFO - Processing /home/airflow/.local/lib/python3.12/site-packages/airflow/example_dags/example_bash_decorator.py took 0.099 seconds
[2025-12-04T12:46:18.719+0000] {processor.py:186} INFO - Started process (PID=2611) to work on /home/airflow/.local/lib/python3.12/site-packages/airflow/example_dags/example_bash_decorator.py
[2025-12-04T12:46:18.721+0000] {processor.py:914} INFO - Processing file /home/airflow/.local/lib/python3.12/site-packages/airflow/example_dags/example_bash_decorator.py for tasks to queue
[2025-12-04T12:46:18.724+0000] {logging_mixin.py:190} INFO - [2025-12-04T12:46:18.724+0000] {dagbag.py:588} INFO - Filling up the DagBag from /home/airflow/.local/lib/python3.12/site-packages/airflow/example_dags/example_bash_decorator.py
[2025-12-04T12:46:18.749+0000] {processor.py:925} INFO - DAG(s) 'example_bash_decorator' retrieved from /home/airflow/.local/lib/python3.12/site-packages/airflow/example_dags/example_bash_decorator.py
[2025-12-04T12:46:18.781+0000] {logging_mixin.py:190} INFO - [2025-12-04T12:46:18.780+0000] {dag.py:3239} INFO - Sync 1 DAGs
[2025-12-04T12:46:18.801+0000] {logging_mixin.py:190} INFO - [2025-12-04T12:46:18.800+0000] {dag.py:4180} INFO - Setting next_dagrun for example_bash_decorator to None, run_after=None
[2025-12-04T12:46:18.820+0000] {processor.py:208} INFO - Processing /home/airflow/.local/lib/python3.12/site-packages/airflow/example_dags/example_bash_decorator.py took 0.108 seconds
[2025-12-04T12:49:40.618+0000] {processor.py:186} INFO - Started process (PID=76) to work on /home/airflow/.local/lib/python3.12/site-packages/airflow/example_dags/example_bash_decorator.py
[2025-12-04T12:49:40.618+0000] {processor.py:914} INFO - Processing file /home/airflow/.local/lib/python3.12/site-packages/airflow/example_dags/example_bash_decorator.py for tasks to queue
[2025-12-04T12:49:40.621+0000] {logging_mixin.py:190} INFO - [2025-12-04T12:49:40.620+0000] {dagbag.py:588} INFO - Filling up the DagBag from /home/airflow/.local/lib/python3.12/site-packages/airflow/example_dags/example_bash_decorator.py
[2025-12-04T12:49:40.639+0000] {processor.py:925} INFO - DAG(s) 'example_bash_decorator' retrieved from /home/airflow/.local/lib/python3.12/site-packages/airflow/example_dags/example_bash_decorator.py
[2025-12-04T12:49:40.760+0000] {logging_mixin.py:190} INFO - [2025-12-04T12:49:40.759+0000] {override.py:1912} INFO - Created Permission View: can edit on DAG:example_bash_decorator
[2025-12-04T12:49:40.771+0000] {logging_mixin.py:190} INFO - [2025-12-04T12:49:40.770+0000] {override.py:1912} INFO - Created Permission View: can delete on DAG:example_bash_decorator
[2025-12-04T12:49:40.779+0000] {logging_mixin.py:190} INFO - [2025-12-04T12:49:40.779+0000] {override.py:1912} INFO - Created Permission View: can read on DAG:example_bash_decorator
[2025-12-04T12:49:40.786+0000] {logging_mixin.py:190} INFO - [2025-12-04T12:49:40.786+0000] {override.py:1912} INFO - Created Permission View: can delete on DAG Run:example_bash_decorator
[2025-12-04T12:49:40.794+0000] {logging_mixin.py:190} INFO - [2025-12-04T12:49:40.794+0000] {override.py:1912} INFO - Created Permission View: can create on DAG Run:example_bash_decorator
[2025-12-04T12:49:40.801+0000] {logging_mixin.py:190} INFO - [2025-12-04T12:49:40.800+0000] {override.py:1912} INFO - Created Permission View: can read on DAG Run:example_bash_decorator
[2025-12-04T12:49:40.807+0000] {logging_mixin.py:190} INFO - [2025-12-04T12:49:40.807+0000] {override.py:1912} INFO - Created Permission View: menu access on DAG Run:example_bash_decorator
[2025-12-04T12:49:40.808+0000] {logging_mixin.py:190} INFO - [2025-12-04T12:49:40.807+0000] {dag.py:3239} INFO - Sync 1 DAGs
[2025-12-04T12:49:40.819+0000] {logging_mixin.py:190} INFO - [2025-12-04T12:49:40.819+0000] {dag.py:3262} INFO - Creating ORM DAG for example_bash_decorator
[2025-12-04T12:49:40.820+0000] {logging_mixin.py:190} INFO - [2025-12-04T12:49:40.819+0000] {dag.py:4180} INFO - Setting next_dagrun for example_bash_decorator to None, run_after=None
[2025-12-04T12:49:40.838+0000] {processor.py:208} INFO - Processing /home/airflow/.local/lib/python3.12/site-packages/airflow/example_dags/example_bash_decorator.py took 0.228 seconds
[2025-12-04T12:50:11.454+0000] {processor.py:186} INFO - Started process (PID=142) to work on /home/airflow/.local/lib/python3.12/site-packages/airflow/example_dags/example_bash_decorator.py
[2025-12-04T12:50:11.455+0000] {processor.py:914} INFO - Processing file /home/airflow/.local/lib/python3.12/site-packages/airflow/example_dags/example_bash_decorator.py for tasks to queue
[2025-12-04T12:50:11.457+0000] {logging_mixin.py:190} INFO - [2025-12-04T12:50:11.457+0000] {dagbag.py:588} INFO - Filling up the DagBag from /home/airflow/.local/lib/python3.12/site-packages/airflow/example_dags/example_bash_decorator.py
[2025-12-04T12:50:11.473+0000] {processor.py:925} INFO - DAG(s) 'example_bash_decorator' retrieved from /home/airflow/.local/lib/python3.12/site-packages/airflow/example_dags/example_bash_decorator.py
[2025-12-04T12:50:11.500+0000] {logging_mixin.py:190} INFO - [2025-12-04T12:50:11.500+0000] {dag.py:3239} INFO - Sync 1 DAGs
[2025-12-04T12:50:11.518+0000] {logging_mixin.py:190} INFO - [2025-12-04T12:50:11.518+0000] {dag.py:4180} INFO - Setting next_dagrun for example_bash_decorator to None, run_after=None
[2025-12-04T12:50:11.540+0000] {processor.py:208} INFO - Processing /home/airflow/.local/lib/python3.12/site-packages/airflow/example_dags/example_bash_decorator.py took 0.091 seconds
[2025-12-04T12:50:41.960+0000] {processor.py:186} INFO - Started process (PID=208) to work on /home/airflow/.local/lib/python3.12/site-packages/airflow/example_dags/example_bash_decorator.py
[2025-12-04T12:50:41.961+0000] {processor.py:914} INFO - Processing file /home/airflow/.local/lib/python3.12/site-packages/airflow/example_dags/example_bash_decorator.py for tasks to queue
[2025-12-04T12:50:41.964+0000] {logging_mixin.py:190} INFO - [2025-12-04T12:50:41.963+0000] {dagbag.py:588} INFO - Filling up the DagBag from /home/airflow/.local/lib/python3.12/site-packages/airflow/example_dags/example_bash_decorator.py
[2025-12-04T12:50:41.981+0000] {processor.py:925} INFO - DAG(s) 'example_bash_decorator' retrieved from /home/airflow/.local/lib/python3.12/site-packages/airflow/example_dags/example_bash_decorator.py
[2025-12-04T12:50:42.009+0000] {logging_mixin.py:190} INFO - [2025-12-04T12:50:42.009+0000] {dag.py:3239} INFO - Sync 1 DAGs
[2025-12-04T12:50:42.027+0000] {logging_mixin.py:190} INFO - [2025-12-04T12:50:42.027+0000] {dag.py:4180} INFO - Setting next_dagrun for example_bash_decorator to None, run_after=None
[2025-12-04T12:50:42.049+0000] {processor.py:208} INFO - Processing /home/airflow/.local/lib/python3.12/site-packages/airflow/example_dags/example_bash_decorator.py took 0.095 seconds
[2025-12-04T12:51:12.930+0000] {processor.py:186} INFO - Started process (PID=277) to work on /home/airflow/.local/lib/python3.12/site-packages/airflow/example_dags/example_bash_decorator.py
[2025-12-04T12:51:12.931+0000] {processor.py:914} INFO - Processing file /home/airflow/.local/lib/python3.12/site-packages/airflow/example_dags/example_bash_decorator.py for tasks to queue
[2025-12-04T12:51:12.934+0000] {logging_mixin.py:190} INFO - [2025-12-04T12:51:12.934+0000] {dagbag.py:588} INFO - Filling up the DagBag from /home/airflow/.local/lib/python3.12/site-packages/airflow/example_dags/example_bash_decorator.py
[2025-12-04T12:51:12.955+0000] {processor.py:925} INFO - DAG(s) 'example_bash_decorator' retrieved from /home/airflow/.local/lib/python3.12/site-packages/airflow/example_dags/example_bash_decorator.py
[2025-12-04T12:51:12.983+0000] {logging_mixin.py:190} INFO - [2025-12-04T12:51:12.982+0000] {dag.py:3239} INFO - Sync 1 DAGs
[2025-12-04T12:51:13.006+0000] {logging_mixin.py:190} INFO - [2025-12-04T12:51:13.006+0000] {dag.py:4180} INFO - Setting next_dagrun for example_bash_decorator to None, run_after=None
[2025-12-04T12:51:13.040+0000] {processor.py:208} INFO - Processing /home/airflow/.local/lib/python3.12/site-packages/airflow/example_dags/example_bash_decorator.py took 0.117 seconds
[2025-12-04T12:51:43.602+0000] {processor.py:186} INFO - Started process (PID=351) to work on /home/airflow/.local/lib/python3.12/site-packages/airflow/example_dags/example_bash_decorator.py
[2025-12-04T12:51:43.603+0000] {processor.py:914} INFO - Processing file /home/airflow/.local/lib/python3.12/site-packages/airflow/example_dags/example_bash_decorator.py for tasks to queue
[2025-12-04T12:51:43.605+0000] {logging_mixin.py:190} INFO - [2025-12-04T12:51:43.605+0000] {dagbag.py:588} INFO - Filling up the DagBag from /home/airflow/.local/lib/python3.12/site-packages/airflow/example_dags/example_bash_decorator.py
[2025-12-04T12:51:43.621+0000] {processor.py:925} INFO - DAG(s) 'example_bash_decorator' retrieved from /home/airflow/.local/lib/python3.12/site-packages/airflow/example_dags/example_bash_decorator.py
[2025-12-04T12:51:43.649+0000] {logging_mixin.py:190} INFO - [2025-12-04T12:51:43.649+0000] {dag.py:3239} INFO - Sync 1 DAGs
[2025-12-04T12:51:43.669+0000] {logging_mixin.py:190} INFO - [2025-12-04T12:51:43.669+0000] {dag.py:4180} INFO - Setting next_dagrun for example_bash_decorator to None, run_after=None
[2025-12-04T12:51:43.708+0000] {processor.py:208} INFO - Processing /home/airflow/.local/lib/python3.12/site-packages/airflow/example_dags/example_bash_decorator.py took 0.113 seconds
[2025-12-04T12:52:14.161+0000] {processor.py:186} INFO - Started process (PID=424) to work on /home/airflow/.local/lib/python3.12/site-packages/airflow/example_dags/example_bash_decorator.py
[2025-12-04T12:52:14.162+0000] {processor.py:914} INFO - Processing file /home/airflow/.local/lib/python3.12/site-packages/airflow/example_dags/example_bash_decorator.py for tasks to queue
[2025-12-04T12:52:14.164+0000] {logging_mixin.py:190} INFO - [2025-12-04T12:52:14.164+0000] {dagbag.py:588} INFO - Filling up the DagBag from /home/airflow/.local/lib/python3.12/site-packages/airflow/example_dags/example_bash_decorator.py
[2025-12-04T12:52:14.182+0000] {processor.py:925} INFO - DAG(s) 'example_bash_decorator' retrieved from /home/airflow/.local/lib/python3.12/site-packages/airflow/example_dags/example_bash_decorator.py
[2025-12-04T12:52:14.211+0000] {logging_mixin.py:190} INFO - [2025-12-04T12:52:14.211+0000] {dag.py:3239} INFO - Sync 1 DAGs
[2025-12-04T12:52:14.231+0000] {logging_mixin.py:190} INFO - [2025-12-04T12:52:14.231+0000] {dag.py:4180} INFO - Setting next_dagrun for example_bash_decorator to None, run_after=None
[2025-12-04T12:52:14.255+0000] {processor.py:208} INFO - Processing /home/airflow/.local/lib/python3.12/site-packages/airflow/example_dags/example_bash_decorator.py took 0.102 seconds
[2025-12-04T12:52:44.946+0000] {processor.py:186} INFO - Started process (PID=490) to work on /home/airflow/.local/lib/python3.12/site-packages/airflow/example_dags/example_bash_decorator.py
[2025-12-04T12:52:44.947+0000] {processor.py:914} INFO - Processing file /home/airflow/.local/lib/python3.12/site-packages/airflow/example_dags/example_bash_decorator.py for tasks to queue
[2025-12-04T12:52:44.950+0000] {logging_mixin.py:190} INFO - [2025-12-04T12:52:44.949+0000] {dagbag.py:588} INFO - Filling up the DagBag from /home/airflow/.local/lib/python3.12/site-packages/airflow/example_dags/example_bash_decorator.py
[2025-12-04T12:52:44.970+0000] {processor.py:925} INFO - DAG(s) 'example_bash_decorator' retrieved from /home/airflow/.local/lib/python3.12/site-packages/airflow/example_dags/example_bash_decorator.py
[2025-12-04T12:52:45.003+0000] {logging_mixin.py:190} INFO - [2025-12-04T12:52:45.003+0000] {dag.py:3239} INFO - Sync 1 DAGs
[2025-12-04T12:52:45.026+0000] {logging_mixin.py:190} INFO - [2025-12-04T12:52:45.026+0000] {dag.py:4180} INFO - Setting next_dagrun for example_bash_decorator to None, run_after=None
[2025-12-04T12:52:45.055+0000] {processor.py:208} INFO - Processing /home/airflow/.local/lib/python3.12/site-packages/airflow/example_dags/example_bash_decorator.py took 0.117 seconds
[2025-12-04T12:53:15.441+0000] {processor.py:186} INFO - Started process (PID=562) to work on /home/airflow/.local/lib/python3.12/site-packages/airflow/example_dags/example_bash_decorator.py
[2025-12-04T12:53:15.442+0000] {processor.py:914} INFO - Processing file /home/airflow/.local/lib/python3.12/site-packages/airflow/example_dags/example_bash_decorator.py for tasks to queue
[2025-12-04T12:53:15.445+0000] {logging_mixin.py:190} INFO - [2025-12-04T12:53:15.444+0000] {dagbag.py:588} INFO - Filling up the DagBag from /home/airflow/.local/lib/python3.12/site-packages/airflow/example_dags/example_bash_decorator.py
[2025-12-04T12:53:15.461+0000] {processor.py:925} INFO - DAG(s) 'example_bash_decorator' retrieved from /home/airflow/.local/lib/python3.12/site-packages/airflow/example_dags/example_bash_decorator.py
[2025-12-04T12:53:15.487+0000] {logging_mixin.py:190} INFO - [2025-12-04T12:53:15.487+0000] {dag.py:3239} INFO - Sync 1 DAGs
[2025-12-04T12:53:15.504+0000] {logging_mixin.py:190} INFO - [2025-12-04T12:53:15.503+0000] {dag.py:4180} INFO - Setting next_dagrun for example_bash_decorator to None, run_after=None
[2025-12-04T12:53:15.525+0000] {processor.py:208} INFO - Processing /home/airflow/.local/lib/python3.12/site-packages/airflow/example_dags/example_bash_decorator.py took 0.090 seconds
[2025-12-04T12:53:46.112+0000] {processor.py:186} INFO - Started process (PID=628) to work on /home/airflow/.local/lib/python3.12/site-packages/airflow/example_dags/example_bash_decorator.py
[2025-12-04T12:53:46.113+0000] {processor.py:914} INFO - Processing file /home/airflow/.local/lib/python3.12/site-packages/airflow/example_dags/example_bash_decorator.py for tasks to queue
[2025-12-04T12:53:46.116+0000] {logging_mixin.py:190} INFO - [2025-12-04T12:53:46.116+0000] {dagbag.py:588} INFO - Filling up the DagBag from /home/airflow/.local/lib/python3.12/site-packages/airflow/example_dags/example_bash_decorator.py
[2025-12-04T12:53:46.134+0000] {processor.py:925} INFO - DAG(s) 'example_bash_decorator' retrieved from /home/airflow/.local/lib/python3.12/site-packages/airflow/example_dags/example_bash_decorator.py
[2025-12-04T12:53:46.162+0000] {logging_mixin.py:190} INFO - [2025-12-04T12:53:46.161+0000] {dag.py:3239} INFO - Sync 1 DAGs
[2025-12-04T12:53:46.179+0000] {logging_mixin.py:190} INFO - [2025-12-04T12:53:46.179+0000] {dag.py:4180} INFO - Setting next_dagrun for example_bash_decorator to None, run_after=None
[2025-12-04T12:53:46.202+0000] {processor.py:208} INFO - Processing /home/airflow/.local/lib/python3.12/site-packages/airflow/example_dags/example_bash_decorator.py took 0.099 seconds
[2025-12-04T12:54:16.454+0000] {processor.py:186} INFO - Started process (PID=693) to work on /home/airflow/.local/lib/python3.12/site-packages/airflow/example_dags/example_bash_decorator.py
[2025-12-04T12:54:16.455+0000] {processor.py:914} INFO - Processing file /home/airflow/.local/lib/python3.12/site-packages/airflow/example_dags/example_bash_decorator.py for tasks to queue
[2025-12-04T12:54:16.458+0000] {logging_mixin.py:190} INFO - [2025-12-04T12:54:16.457+0000] {dagbag.py:588} INFO - Filling up the DagBag from /home/airflow/.local/lib/python3.12/site-packages/airflow/example_dags/example_bash_decorator.py
[2025-12-04T12:54:16.475+0000] {processor.py:925} INFO - DAG(s) 'example_bash_decorator' retrieved from /home/airflow/.local/lib/python3.12/site-packages/airflow/example_dags/example_bash_decorator.py
[2025-12-04T12:54:16.505+0000] {logging_mixin.py:190} INFO - [2025-12-04T12:54:16.505+0000] {dag.py:3239} INFO - Sync 1 DAGs
[2025-12-04T12:54:16.523+0000] {logging_mixin.py:190} INFO - [2025-12-04T12:54:16.523+0000] {dag.py:4180} INFO - Setting next_dagrun for example_bash_decorator to None, run_after=None
[2025-12-04T12:54:16.549+0000] {processor.py:208} INFO - Processing /home/airflow/.local/lib/python3.12/site-packages/airflow/example_dags/example_bash_decorator.py took 0.101 seconds
[2025-12-04T12:54:47.275+0000] {processor.py:186} INFO - Started process (PID=760) to work on /home/airflow/.local/lib/python3.12/site-packages/airflow/example_dags/example_bash_decorator.py
[2025-12-04T12:54:47.276+0000] {processor.py:914} INFO - Processing file /home/airflow/.local/lib/python3.12/site-packages/airflow/example_dags/example_bash_decorator.py for tasks to queue
[2025-12-04T12:54:47.278+0000] {logging_mixin.py:190} INFO - [2025-12-04T12:54:47.277+0000] {dagbag.py:588} INFO - Filling up the DagBag from /home/airflow/.local/lib/python3.12/site-packages/airflow/example_dags/example_bash_decorator.py
[2025-12-04T12:54:47.293+0000] {processor.py:925} INFO - DAG(s) 'example_bash_decorator' retrieved from /home/airflow/.local/lib/python3.12/site-packages/airflow/example_dags/example_bash_decorator.py
[2025-12-04T12:54:47.318+0000] {logging_mixin.py:190} INFO - [2025-12-04T12:54:47.318+0000] {dag.py:3239} INFO - Sync 1 DAGs
[2025-12-04T12:54:47.335+0000] {logging_mixin.py:190} INFO - [2025-12-04T12:54:47.334+0000] {dag.py:4180} INFO - Setting next_dagrun for example_bash_decorator to None, run_after=None
[2025-12-04T12:54:47.354+0000] {processor.py:208} INFO - Processing /home/airflow/.local/lib/python3.12/site-packages/airflow/example_dags/example_bash_decorator.py took 0.085 seconds
