[2025-12-04T12:26:26.611+0000] {processor.py:186} INFO - Started process (PID=66) to work on /home/airflow/.local/lib/python3.12/site-packages/airflow/example_dags/example_task_group_decorator.py
[2025-12-04T12:26:26.611+0000] {processor.py:914} INFO - Processing file /home/airflow/.local/lib/python3.12/site-packages/airflow/example_dags/example_task_group_decorator.py for tasks to queue
[2025-12-04T12:26:26.613+0000] {logging_mixin.py:190} INFO - [2025-12-04T12:26:26.613+0000] {dagbag.py:588} INFO - Filling up the DagBag from /home/airflow/.local/lib/python3.12/site-packages/airflow/example_dags/example_task_group_decorator.py
[2025-12-04T12:26:26.627+0000] {processor.py:925} INFO - DAG(s) 'example_task_group_decorator' retrieved from /home/airflow/.local/lib/python3.12/site-packages/airflow/example_dags/example_task_group_decorator.py
[2025-12-04T12:26:26.734+0000] {logging_mixin.py:190} INFO - [2025-12-04T12:26:26.733+0000] {override.py:1912} INFO - Created Permission View: can delete on DAG:example_task_group_decorator
[2025-12-04T12:26:26.744+0000] {logging_mixin.py:190} INFO - [2025-12-04T12:26:26.744+0000] {override.py:1912} INFO - Created Permission View: can edit on DAG:example_task_group_decorator
[2025-12-04T12:26:26.752+0000] {logging_mixin.py:190} INFO - [2025-12-04T12:26:26.752+0000] {override.py:1912} INFO - Created Permission View: can read on DAG:example_task_group_decorator
[2025-12-04T12:26:26.762+0000] {logging_mixin.py:190} INFO - [2025-12-04T12:26:26.761+0000] {override.py:1912} INFO - Created Permission View: can delete on DAG Run:example_task_group_decorator
[2025-12-04T12:26:26.768+0000] {logging_mixin.py:190} INFO - [2025-12-04T12:26:26.768+0000] {override.py:1912} INFO - Created Permission View: can read on DAG Run:example_task_group_decorator
[2025-12-04T12:26:26.774+0000] {logging_mixin.py:190} INFO - [2025-12-04T12:26:26.774+0000] {override.py:1912} INFO - Created Permission View: can create on DAG Run:example_task_group_decorator
[2025-12-04T12:26:26.780+0000] {logging_mixin.py:190} INFO - [2025-12-04T12:26:26.780+0000] {override.py:1912} INFO - Created Permission View: menu access on DAG Run:example_task_group_decorator
[2025-12-04T12:26:26.781+0000] {logging_mixin.py:190} INFO - [2025-12-04T12:26:26.781+0000] {dag.py:3239} INFO - Sync 1 DAGs
[2025-12-04T12:26:26.793+0000] {logging_mixin.py:190} INFO - [2025-12-04T12:26:26.792+0000] {dag.py:3262} INFO - Creating ORM DAG for example_task_group_decorator
[2025-12-04T12:26:26.793+0000] {logging_mixin.py:190} INFO - [2025-12-04T12:26:26.793+0000] {dag.py:4180} INFO - Setting next_dagrun for example_task_group_decorator to None, run_after=None
[2025-12-04T12:26:26.810+0000] {processor.py:208} INFO - Processing /home/airflow/.local/lib/python3.12/site-packages/airflow/example_dags/example_task_group_decorator.py took 0.204 seconds
[2025-12-04T12:26:57.492+0000] {processor.py:186} INFO - Started process (PID=132) to work on /home/airflow/.local/lib/python3.12/site-packages/airflow/example_dags/example_task_group_decorator.py
[2025-12-04T12:26:57.493+0000] {processor.py:914} INFO - Processing file /home/airflow/.local/lib/python3.12/site-packages/airflow/example_dags/example_task_group_decorator.py for tasks to queue
[2025-12-04T12:26:57.495+0000] {logging_mixin.py:190} INFO - [2025-12-04T12:26:57.495+0000] {dagbag.py:588} INFO - Filling up the DagBag from /home/airflow/.local/lib/python3.12/site-packages/airflow/example_dags/example_task_group_decorator.py
[2025-12-04T12:26:57.519+0000] {processor.py:925} INFO - DAG(s) 'example_task_group_decorator' retrieved from /home/airflow/.local/lib/python3.12/site-packages/airflow/example_dags/example_task_group_decorator.py
[2025-12-04T12:26:57.549+0000] {logging_mixin.py:190} INFO - [2025-12-04T12:26:57.549+0000] {dag.py:3239} INFO - Sync 1 DAGs
[2025-12-04T12:26:57.568+0000] {logging_mixin.py:190} INFO - [2025-12-04T12:26:57.568+0000] {dag.py:4180} INFO - Setting next_dagrun for example_task_group_decorator to None, run_after=None
[2025-12-04T12:26:57.596+0000] {processor.py:208} INFO - Processing /home/airflow/.local/lib/python3.12/site-packages/airflow/example_dags/example_task_group_decorator.py took 0.113 seconds
[2025-12-04T12:27:28.050+0000] {processor.py:186} INFO - Started process (PID=197) to work on /home/airflow/.local/lib/python3.12/site-packages/airflow/example_dags/example_task_group_decorator.py
[2025-12-04T12:27:28.051+0000] {processor.py:914} INFO - Processing file /home/airflow/.local/lib/python3.12/site-packages/airflow/example_dags/example_task_group_decorator.py for tasks to queue
[2025-12-04T12:27:28.054+0000] {logging_mixin.py:190} INFO - [2025-12-04T12:27:28.054+0000] {dagbag.py:588} INFO - Filling up the DagBag from /home/airflow/.local/lib/python3.12/site-packages/airflow/example_dags/example_task_group_decorator.py
[2025-12-04T12:27:28.075+0000] {processor.py:925} INFO - DAG(s) 'example_task_group_decorator' retrieved from /home/airflow/.local/lib/python3.12/site-packages/airflow/example_dags/example_task_group_decorator.py
[2025-12-04T12:27:28.104+0000] {logging_mixin.py:190} INFO - [2025-12-04T12:27:28.103+0000] {dag.py:3239} INFO - Sync 1 DAGs
[2025-12-04T12:27:28.121+0000] {logging_mixin.py:190} INFO - [2025-12-04T12:27:28.120+0000] {dag.py:4180} INFO - Setting next_dagrun for example_task_group_decorator to None, run_after=None
[2025-12-04T12:27:28.142+0000] {processor.py:208} INFO - Processing /home/airflow/.local/lib/python3.12/site-packages/airflow/example_dags/example_task_group_decorator.py took 0.099 seconds
[2025-12-04T12:27:58.635+0000] {processor.py:186} INFO - Started process (PID=263) to work on /home/airflow/.local/lib/python3.12/site-packages/airflow/example_dags/example_task_group_decorator.py
[2025-12-04T12:27:58.635+0000] {processor.py:914} INFO - Processing file /home/airflow/.local/lib/python3.12/site-packages/airflow/example_dags/example_task_group_decorator.py for tasks to queue
[2025-12-04T12:27:58.638+0000] {logging_mixin.py:190} INFO - [2025-12-04T12:27:58.637+0000] {dagbag.py:588} INFO - Filling up the DagBag from /home/airflow/.local/lib/python3.12/site-packages/airflow/example_dags/example_task_group_decorator.py
[2025-12-04T12:27:58.656+0000] {processor.py:925} INFO - DAG(s) 'example_task_group_decorator' retrieved from /home/airflow/.local/lib/python3.12/site-packages/airflow/example_dags/example_task_group_decorator.py
[2025-12-04T12:27:58.689+0000] {logging_mixin.py:190} INFO - [2025-12-04T12:27:58.688+0000] {dag.py:3239} INFO - Sync 1 DAGs
[2025-12-04T12:27:58.704+0000] {logging_mixin.py:190} INFO - [2025-12-04T12:27:58.704+0000] {dag.py:4180} INFO - Setting next_dagrun for example_task_group_decorator to None, run_after=None
[2025-12-04T12:27:58.724+0000] {processor.py:208} INFO - Processing /home/airflow/.local/lib/python3.12/site-packages/airflow/example_dags/example_task_group_decorator.py took 0.097 seconds
[2025-12-04T12:28:29.207+0000] {processor.py:186} INFO - Started process (PID=329) to work on /home/airflow/.local/lib/python3.12/site-packages/airflow/example_dags/example_task_group_decorator.py
[2025-12-04T12:28:29.208+0000] {processor.py:914} INFO - Processing file /home/airflow/.local/lib/python3.12/site-packages/airflow/example_dags/example_task_group_decorator.py for tasks to queue
[2025-12-04T12:28:29.209+0000] {logging_mixin.py:190} INFO - [2025-12-04T12:28:29.209+0000] {dagbag.py:588} INFO - Filling up the DagBag from /home/airflow/.local/lib/python3.12/site-packages/airflow/example_dags/example_task_group_decorator.py
[2025-12-04T12:28:29.226+0000] {processor.py:925} INFO - DAG(s) 'example_task_group_decorator' retrieved from /home/airflow/.local/lib/python3.12/site-packages/airflow/example_dags/example_task_group_decorator.py
[2025-12-04T12:28:29.267+0000] {logging_mixin.py:190} INFO - [2025-12-04T12:28:29.267+0000] {dag.py:3239} INFO - Sync 1 DAGs
[2025-12-04T12:28:29.290+0000] {logging_mixin.py:190} INFO - [2025-12-04T12:28:29.289+0000] {dag.py:4180} INFO - Setting next_dagrun for example_task_group_decorator to None, run_after=None
[2025-12-04T12:28:29.312+0000] {processor.py:208} INFO - Processing /home/airflow/.local/lib/python3.12/site-packages/airflow/example_dags/example_task_group_decorator.py took 0.111 seconds
[2025-12-04T12:29:00.047+0000] {processor.py:186} INFO - Started process (PID=395) to work on /home/airflow/.local/lib/python3.12/site-packages/airflow/example_dags/example_task_group_decorator.py
[2025-12-04T12:29:00.048+0000] {processor.py:914} INFO - Processing file /home/airflow/.local/lib/python3.12/site-packages/airflow/example_dags/example_task_group_decorator.py for tasks to queue
[2025-12-04T12:29:00.050+0000] {logging_mixin.py:190} INFO - [2025-12-04T12:29:00.050+0000] {dagbag.py:588} INFO - Filling up the DagBag from /home/airflow/.local/lib/python3.12/site-packages/airflow/example_dags/example_task_group_decorator.py
[2025-12-04T12:29:00.067+0000] {processor.py:925} INFO - DAG(s) 'example_task_group_decorator' retrieved from /home/airflow/.local/lib/python3.12/site-packages/airflow/example_dags/example_task_group_decorator.py
[2025-12-04T12:29:00.094+0000] {logging_mixin.py:190} INFO - [2025-12-04T12:29:00.094+0000] {dag.py:3239} INFO - Sync 1 DAGs
[2025-12-04T12:29:00.112+0000] {logging_mixin.py:190} INFO - [2025-12-04T12:29:00.112+0000] {dag.py:4180} INFO - Setting next_dagrun for example_task_group_decorator to None, run_after=None
[2025-12-04T12:29:00.134+0000] {processor.py:208} INFO - Processing /home/airflow/.local/lib/python3.12/site-packages/airflow/example_dags/example_task_group_decorator.py took 0.093 seconds
[2025-12-04T12:29:31.032+0000] {processor.py:186} INFO - Started process (PID=461) to work on /home/airflow/.local/lib/python3.12/site-packages/airflow/example_dags/example_task_group_decorator.py
[2025-12-04T12:29:31.032+0000] {processor.py:914} INFO - Processing file /home/airflow/.local/lib/python3.12/site-packages/airflow/example_dags/example_task_group_decorator.py for tasks to queue
[2025-12-04T12:29:31.034+0000] {logging_mixin.py:190} INFO - [2025-12-04T12:29:31.034+0000] {dagbag.py:588} INFO - Filling up the DagBag from /home/airflow/.local/lib/python3.12/site-packages/airflow/example_dags/example_task_group_decorator.py
[2025-12-04T12:29:31.053+0000] {processor.py:925} INFO - DAG(s) 'example_task_group_decorator' retrieved from /home/airflow/.local/lib/python3.12/site-packages/airflow/example_dags/example_task_group_decorator.py
[2025-12-04T12:29:31.083+0000] {logging_mixin.py:190} INFO - [2025-12-04T12:29:31.083+0000] {dag.py:3239} INFO - Sync 1 DAGs
[2025-12-04T12:29:31.102+0000] {logging_mixin.py:190} INFO - [2025-12-04T12:29:31.102+0000] {dag.py:4180} INFO - Setting next_dagrun for example_task_group_decorator to None, run_after=None
[2025-12-04T12:29:31.124+0000] {processor.py:208} INFO - Processing /home/airflow/.local/lib/python3.12/site-packages/airflow/example_dags/example_task_group_decorator.py took 0.100 seconds
[2025-12-04T12:30:01.561+0000] {processor.py:186} INFO - Started process (PID=527) to work on /home/airflow/.local/lib/python3.12/site-packages/airflow/example_dags/example_task_group_decorator.py
[2025-12-04T12:30:01.562+0000] {processor.py:914} INFO - Processing file /home/airflow/.local/lib/python3.12/site-packages/airflow/example_dags/example_task_group_decorator.py for tasks to queue
[2025-12-04T12:30:01.564+0000] {logging_mixin.py:190} INFO - [2025-12-04T12:30:01.564+0000] {dagbag.py:588} INFO - Filling up the DagBag from /home/airflow/.local/lib/python3.12/site-packages/airflow/example_dags/example_task_group_decorator.py
[2025-12-04T12:30:01.583+0000] {processor.py:925} INFO - DAG(s) 'example_task_group_decorator' retrieved from /home/airflow/.local/lib/python3.12/site-packages/airflow/example_dags/example_task_group_decorator.py
[2025-12-04T12:30:01.612+0000] {logging_mixin.py:190} INFO - [2025-12-04T12:30:01.612+0000] {dag.py:3239} INFO - Sync 1 DAGs
[2025-12-04T12:30:01.628+0000] {logging_mixin.py:190} INFO - [2025-12-04T12:30:01.628+0000] {dag.py:4180} INFO - Setting next_dagrun for example_task_group_decorator to None, run_after=None
[2025-12-04T12:30:01.651+0000] {processor.py:208} INFO - Processing /home/airflow/.local/lib/python3.12/site-packages/airflow/example_dags/example_task_group_decorator.py took 0.096 seconds
[2025-12-04T12:30:33.414+0000] {processor.py:186} INFO - Started process (PID=593) to work on /home/airflow/.local/lib/python3.12/site-packages/airflow/example_dags/example_task_group_decorator.py
[2025-12-04T12:30:33.415+0000] {processor.py:914} INFO - Processing file /home/airflow/.local/lib/python3.12/site-packages/airflow/example_dags/example_task_group_decorator.py for tasks to queue
[2025-12-04T12:30:33.417+0000] {logging_mixin.py:190} INFO - [2025-12-04T12:30:33.417+0000] {dagbag.py:588} INFO - Filling up the DagBag from /home/airflow/.local/lib/python3.12/site-packages/airflow/example_dags/example_task_group_decorator.py
[2025-12-04T12:30:33.437+0000] {processor.py:925} INFO - DAG(s) 'example_task_group_decorator' retrieved from /home/airflow/.local/lib/python3.12/site-packages/airflow/example_dags/example_task_group_decorator.py
[2025-12-04T12:30:33.467+0000] {logging_mixin.py:190} INFO - [2025-12-04T12:30:33.467+0000] {dag.py:3239} INFO - Sync 1 DAGs
[2025-12-04T12:30:33.487+0000] {logging_mixin.py:190} INFO - [2025-12-04T12:30:33.487+0000] {dag.py:4180} INFO - Setting next_dagrun for example_task_group_decorator to None, run_after=None
[2025-12-04T12:30:33.510+0000] {processor.py:208} INFO - Processing /home/airflow/.local/lib/python3.12/site-packages/airflow/example_dags/example_task_group_decorator.py took 0.103 seconds
[2025-12-04T12:31:04.937+0000] {processor.py:186} INFO - Started process (PID=665) to work on /home/airflow/.local/lib/python3.12/site-packages/airflow/example_dags/example_task_group_decorator.py
[2025-12-04T12:31:04.937+0000] {processor.py:914} INFO - Processing file /home/airflow/.local/lib/python3.12/site-packages/airflow/example_dags/example_task_group_decorator.py for tasks to queue
[2025-12-04T12:31:04.940+0000] {logging_mixin.py:190} INFO - [2025-12-04T12:31:04.940+0000] {dagbag.py:588} INFO - Filling up the DagBag from /home/airflow/.local/lib/python3.12/site-packages/airflow/example_dags/example_task_group_decorator.py
[2025-12-04T12:31:04.959+0000] {processor.py:925} INFO - DAG(s) 'example_task_group_decorator' retrieved from /home/airflow/.local/lib/python3.12/site-packages/airflow/example_dags/example_task_group_decorator.py
[2025-12-04T12:31:04.988+0000] {logging_mixin.py:190} INFO - [2025-12-04T12:31:04.987+0000] {dag.py:3239} INFO - Sync 1 DAGs
[2025-12-04T12:31:05.006+0000] {logging_mixin.py:190} INFO - [2025-12-04T12:31:05.005+0000] {dag.py:4180} INFO - Setting next_dagrun for example_task_group_decorator to None, run_after=None
[2025-12-04T12:31:05.026+0000] {processor.py:208} INFO - Processing /home/airflow/.local/lib/python3.12/site-packages/airflow/example_dags/example_task_group_decorator.py took 0.096 seconds
[2025-12-04T12:31:36.529+0000] {processor.py:186} INFO - Started process (PID=731) to work on /home/airflow/.local/lib/python3.12/site-packages/airflow/example_dags/example_task_group_decorator.py
[2025-12-04T12:31:36.530+0000] {processor.py:914} INFO - Processing file /home/airflow/.local/lib/python3.12/site-packages/airflow/example_dags/example_task_group_decorator.py for tasks to queue
[2025-12-04T12:31:36.532+0000] {logging_mixin.py:190} INFO - [2025-12-04T12:31:36.532+0000] {dagbag.py:588} INFO - Filling up the DagBag from /home/airflow/.local/lib/python3.12/site-packages/airflow/example_dags/example_task_group_decorator.py
[2025-12-04T12:31:36.552+0000] {processor.py:925} INFO - DAG(s) 'example_task_group_decorator' retrieved from /home/airflow/.local/lib/python3.12/site-packages/airflow/example_dags/example_task_group_decorator.py
[2025-12-04T12:31:36.581+0000] {logging_mixin.py:190} INFO - [2025-12-04T12:31:36.580+0000] {dag.py:3239} INFO - Sync 1 DAGs
[2025-12-04T12:31:36.598+0000] {logging_mixin.py:190} INFO - [2025-12-04T12:31:36.598+0000] {dag.py:4180} INFO - Setting next_dagrun for example_task_group_decorator to None, run_after=None
[2025-12-04T12:31:36.620+0000] {processor.py:208} INFO - Processing /home/airflow/.local/lib/python3.12/site-packages/airflow/example_dags/example_task_group_decorator.py took 0.097 seconds
[2025-12-04T12:32:08.292+0000] {processor.py:186} INFO - Started process (PID=797) to work on /home/airflow/.local/lib/python3.12/site-packages/airflow/example_dags/example_task_group_decorator.py
[2025-12-04T12:32:08.293+0000] {processor.py:914} INFO - Processing file /home/airflow/.local/lib/python3.12/site-packages/airflow/example_dags/example_task_group_decorator.py for tasks to queue
[2025-12-04T12:32:08.295+0000] {logging_mixin.py:190} INFO - [2025-12-04T12:32:08.295+0000] {dagbag.py:588} INFO - Filling up the DagBag from /home/airflow/.local/lib/python3.12/site-packages/airflow/example_dags/example_task_group_decorator.py
[2025-12-04T12:32:08.312+0000] {processor.py:925} INFO - DAG(s) 'example_task_group_decorator' retrieved from /home/airflow/.local/lib/python3.12/site-packages/airflow/example_dags/example_task_group_decorator.py
[2025-12-04T12:32:08.343+0000] {logging_mixin.py:190} INFO - [2025-12-04T12:32:08.342+0000] {dag.py:3239} INFO - Sync 1 DAGs
[2025-12-04T12:32:08.361+0000] {logging_mixin.py:190} INFO - [2025-12-04T12:32:08.361+0000] {dag.py:4180} INFO - Setting next_dagrun for example_task_group_decorator to None, run_after=None
[2025-12-04T12:32:08.383+0000] {processor.py:208} INFO - Processing /home/airflow/.local/lib/python3.12/site-packages/airflow/example_dags/example_task_group_decorator.py took 0.096 seconds
[2025-12-04T12:32:39.793+0000] {processor.py:186} INFO - Started process (PID=864) to work on /home/airflow/.local/lib/python3.12/site-packages/airflow/example_dags/example_task_group_decorator.py
[2025-12-04T12:32:39.795+0000] {processor.py:914} INFO - Processing file /home/airflow/.local/lib/python3.12/site-packages/airflow/example_dags/example_task_group_decorator.py for tasks to queue
[2025-12-04T12:32:39.798+0000] {logging_mixin.py:190} INFO - [2025-12-04T12:32:39.797+0000] {dagbag.py:588} INFO - Filling up the DagBag from /home/airflow/.local/lib/python3.12/site-packages/airflow/example_dags/example_task_group_decorator.py
[2025-12-04T12:32:39.823+0000] {processor.py:925} INFO - DAG(s) 'example_task_group_decorator' retrieved from /home/airflow/.local/lib/python3.12/site-packages/airflow/example_dags/example_task_group_decorator.py
[2025-12-04T12:32:39.856+0000] {logging_mixin.py:190} INFO - [2025-12-04T12:32:39.856+0000] {dag.py:3239} INFO - Sync 1 DAGs
[2025-12-04T12:32:39.879+0000] {logging_mixin.py:190} INFO - [2025-12-04T12:32:39.878+0000] {dag.py:4180} INFO - Setting next_dagrun for example_task_group_decorator to None, run_after=None
[2025-12-04T12:32:39.901+0000] {processor.py:208} INFO - Processing /home/airflow/.local/lib/python3.12/site-packages/airflow/example_dags/example_task_group_decorator.py took 0.116 seconds
[2025-12-04T12:33:11.294+0000] {processor.py:186} INFO - Started process (PID=930) to work on /home/airflow/.local/lib/python3.12/site-packages/airflow/example_dags/example_task_group_decorator.py
[2025-12-04T12:33:11.296+0000] {processor.py:914} INFO - Processing file /home/airflow/.local/lib/python3.12/site-packages/airflow/example_dags/example_task_group_decorator.py for tasks to queue
[2025-12-04T12:33:11.299+0000] {logging_mixin.py:190} INFO - [2025-12-04T12:33:11.299+0000] {dagbag.py:588} INFO - Filling up the DagBag from /home/airflow/.local/lib/python3.12/site-packages/airflow/example_dags/example_task_group_decorator.py
[2025-12-04T12:33:11.326+0000] {processor.py:925} INFO - DAG(s) 'example_task_group_decorator' retrieved from /home/airflow/.local/lib/python3.12/site-packages/airflow/example_dags/example_task_group_decorator.py
[2025-12-04T12:33:11.354+0000] {logging_mixin.py:190} INFO - [2025-12-04T12:33:11.353+0000] {dag.py:3239} INFO - Sync 1 DAGs
[2025-12-04T12:33:11.371+0000] {logging_mixin.py:190} INFO - [2025-12-04T12:33:11.371+0000] {dag.py:4180} INFO - Setting next_dagrun for example_task_group_decorator to None, run_after=None
[2025-12-04T12:33:11.392+0000] {processor.py:208} INFO - Processing /home/airflow/.local/lib/python3.12/site-packages/airflow/example_dags/example_task_group_decorator.py took 0.106 seconds
[2025-12-04T12:33:43.099+0000] {processor.py:186} INFO - Started process (PID=996) to work on /home/airflow/.local/lib/python3.12/site-packages/airflow/example_dags/example_task_group_decorator.py
[2025-12-04T12:33:43.099+0000] {processor.py:914} INFO - Processing file /home/airflow/.local/lib/python3.12/site-packages/airflow/example_dags/example_task_group_decorator.py for tasks to queue
[2025-12-04T12:33:43.102+0000] {logging_mixin.py:190} INFO - [2025-12-04T12:33:43.102+0000] {dagbag.py:588} INFO - Filling up the DagBag from /home/airflow/.local/lib/python3.12/site-packages/airflow/example_dags/example_task_group_decorator.py
[2025-12-04T12:33:43.121+0000] {processor.py:925} INFO - DAG(s) 'example_task_group_decorator' retrieved from /home/airflow/.local/lib/python3.12/site-packages/airflow/example_dags/example_task_group_decorator.py
[2025-12-04T12:33:43.153+0000] {logging_mixin.py:190} INFO - [2025-12-04T12:33:43.153+0000] {dag.py:3239} INFO - Sync 1 DAGs
[2025-12-04T12:33:43.171+0000] {logging_mixin.py:190} INFO - [2025-12-04T12:33:43.171+0000] {dag.py:4180} INFO - Setting next_dagrun for example_task_group_decorator to None, run_after=None
[2025-12-04T12:33:43.192+0000] {processor.py:208} INFO - Processing /home/airflow/.local/lib/python3.12/site-packages/airflow/example_dags/example_task_group_decorator.py took 0.100 seconds
[2025-12-04T12:34:14.605+0000] {processor.py:186} INFO - Started process (PID=1062) to work on /home/airflow/.local/lib/python3.12/site-packages/airflow/example_dags/example_task_group_decorator.py
[2025-12-04T12:34:14.606+0000] {processor.py:914} INFO - Processing file /home/airflow/.local/lib/python3.12/site-packages/airflow/example_dags/example_task_group_decorator.py for tasks to queue
[2025-12-04T12:34:14.609+0000] {logging_mixin.py:190} INFO - [2025-12-04T12:34:14.609+0000] {dagbag.py:588} INFO - Filling up the DagBag from /home/airflow/.local/lib/python3.12/site-packages/airflow/example_dags/example_task_group_decorator.py
[2025-12-04T12:34:14.627+0000] {processor.py:925} INFO - DAG(s) 'example_task_group_decorator' retrieved from /home/airflow/.local/lib/python3.12/site-packages/airflow/example_dags/example_task_group_decorator.py
[2025-12-04T12:34:14.655+0000] {logging_mixin.py:190} INFO - [2025-12-04T12:34:14.655+0000] {dag.py:3239} INFO - Sync 1 DAGs
[2025-12-04T12:34:14.674+0000] {logging_mixin.py:190} INFO - [2025-12-04T12:34:14.673+0000] {dag.py:4180} INFO - Setting next_dagrun for example_task_group_decorator to None, run_after=None
[2025-12-04T12:34:14.695+0000] {processor.py:208} INFO - Processing /home/airflow/.local/lib/python3.12/site-packages/airflow/example_dags/example_task_group_decorator.py took 0.096 seconds
[2025-12-04T12:34:45.878+0000] {processor.py:186} INFO - Started process (PID=1128) to work on /home/airflow/.local/lib/python3.12/site-packages/airflow/example_dags/example_task_group_decorator.py
[2025-12-04T12:34:45.879+0000] {processor.py:914} INFO - Processing file /home/airflow/.local/lib/python3.12/site-packages/airflow/example_dags/example_task_group_decorator.py for tasks to queue
[2025-12-04T12:34:45.882+0000] {logging_mixin.py:190} INFO - [2025-12-04T12:34:45.881+0000] {dagbag.py:588} INFO - Filling up the DagBag from /home/airflow/.local/lib/python3.12/site-packages/airflow/example_dags/example_task_group_decorator.py
[2025-12-04T12:34:45.899+0000] {processor.py:925} INFO - DAG(s) 'example_task_group_decorator' retrieved from /home/airflow/.local/lib/python3.12/site-packages/airflow/example_dags/example_task_group_decorator.py
[2025-12-04T12:34:45.927+0000] {logging_mixin.py:190} INFO - [2025-12-04T12:34:45.927+0000] {dag.py:3239} INFO - Sync 1 DAGs
[2025-12-04T12:34:45.943+0000] {logging_mixin.py:190} INFO - [2025-12-04T12:34:45.943+0000] {dag.py:4180} INFO - Setting next_dagrun for example_task_group_decorator to None, run_after=None
[2025-12-04T12:34:45.968+0000] {processor.py:208} INFO - Processing /home/airflow/.local/lib/python3.12/site-packages/airflow/example_dags/example_task_group_decorator.py took 0.096 seconds
[2025-12-04T12:35:17.323+0000] {processor.py:186} INFO - Started process (PID=1194) to work on /home/airflow/.local/lib/python3.12/site-packages/airflow/example_dags/example_task_group_decorator.py
[2025-12-04T12:35:17.324+0000] {processor.py:914} INFO - Processing file /home/airflow/.local/lib/python3.12/site-packages/airflow/example_dags/example_task_group_decorator.py for tasks to queue
[2025-12-04T12:35:17.326+0000] {logging_mixin.py:190} INFO - [2025-12-04T12:35:17.326+0000] {dagbag.py:588} INFO - Filling up the DagBag from /home/airflow/.local/lib/python3.12/site-packages/airflow/example_dags/example_task_group_decorator.py
[2025-12-04T12:35:17.343+0000] {processor.py:925} INFO - DAG(s) 'example_task_group_decorator' retrieved from /home/airflow/.local/lib/python3.12/site-packages/airflow/example_dags/example_task_group_decorator.py
[2025-12-04T12:35:17.379+0000] {logging_mixin.py:190} INFO - [2025-12-04T12:35:17.379+0000] {dag.py:3239} INFO - Sync 1 DAGs
[2025-12-04T12:35:17.396+0000] {logging_mixin.py:190} INFO - [2025-12-04T12:35:17.396+0000] {dag.py:4180} INFO - Setting next_dagrun for example_task_group_decorator to None, run_after=None
[2025-12-04T12:35:17.417+0000] {processor.py:208} INFO - Processing /home/airflow/.local/lib/python3.12/site-packages/airflow/example_dags/example_task_group_decorator.py took 0.100 seconds
[2025-12-04T12:35:48.953+0000] {processor.py:186} INFO - Started process (PID=1260) to work on /home/airflow/.local/lib/python3.12/site-packages/airflow/example_dags/example_task_group_decorator.py
[2025-12-04T12:35:48.954+0000] {processor.py:914} INFO - Processing file /home/airflow/.local/lib/python3.12/site-packages/airflow/example_dags/example_task_group_decorator.py for tasks to queue
[2025-12-04T12:35:48.956+0000] {logging_mixin.py:190} INFO - [2025-12-04T12:35:48.956+0000] {dagbag.py:588} INFO - Filling up the DagBag from /home/airflow/.local/lib/python3.12/site-packages/airflow/example_dags/example_task_group_decorator.py
[2025-12-04T12:35:48.973+0000] {processor.py:925} INFO - DAG(s) 'example_task_group_decorator' retrieved from /home/airflow/.local/lib/python3.12/site-packages/airflow/example_dags/example_task_group_decorator.py
[2025-12-04T12:35:49.002+0000] {logging_mixin.py:190} INFO - [2025-12-04T12:35:49.002+0000] {dag.py:3239} INFO - Sync 1 DAGs
[2025-12-04T12:35:49.019+0000] {logging_mixin.py:190} INFO - [2025-12-04T12:35:49.019+0000] {dag.py:4180} INFO - Setting next_dagrun for example_task_group_decorator to None, run_after=None
[2025-12-04T12:35:49.041+0000] {processor.py:208} INFO - Processing /home/airflow/.local/lib/python3.12/site-packages/airflow/example_dags/example_task_group_decorator.py took 0.094 seconds
[2025-12-04T12:36:20.371+0000] {processor.py:186} INFO - Started process (PID=1326) to work on /home/airflow/.local/lib/python3.12/site-packages/airflow/example_dags/example_task_group_decorator.py
[2025-12-04T12:36:20.371+0000] {processor.py:914} INFO - Processing file /home/airflow/.local/lib/python3.12/site-packages/airflow/example_dags/example_task_group_decorator.py for tasks to queue
[2025-12-04T12:36:20.373+0000] {logging_mixin.py:190} INFO - [2025-12-04T12:36:20.373+0000] {dagbag.py:588} INFO - Filling up the DagBag from /home/airflow/.local/lib/python3.12/site-packages/airflow/example_dags/example_task_group_decorator.py
[2025-12-04T12:36:20.391+0000] {processor.py:925} INFO - DAG(s) 'example_task_group_decorator' retrieved from /home/airflow/.local/lib/python3.12/site-packages/airflow/example_dags/example_task_group_decorator.py
[2025-12-04T12:36:20.419+0000] {logging_mixin.py:190} INFO - [2025-12-04T12:36:20.418+0000] {dag.py:3239} INFO - Sync 1 DAGs
[2025-12-04T12:36:20.436+0000] {logging_mixin.py:190} INFO - [2025-12-04T12:36:20.435+0000] {dag.py:4180} INFO - Setting next_dagrun for example_task_group_decorator to None, run_after=None
[2025-12-04T12:36:20.456+0000] {processor.py:208} INFO - Processing /home/airflow/.local/lib/python3.12/site-packages/airflow/example_dags/example_task_group_decorator.py took 0.091 seconds
[2025-12-04T12:36:51.803+0000] {processor.py:186} INFO - Started process (PID=1393) to work on /home/airflow/.local/lib/python3.12/site-packages/airflow/example_dags/example_task_group_decorator.py
[2025-12-04T12:36:51.804+0000] {processor.py:914} INFO - Processing file /home/airflow/.local/lib/python3.12/site-packages/airflow/example_dags/example_task_group_decorator.py for tasks to queue
[2025-12-04T12:36:51.806+0000] {logging_mixin.py:190} INFO - [2025-12-04T12:36:51.806+0000] {dagbag.py:588} INFO - Filling up the DagBag from /home/airflow/.local/lib/python3.12/site-packages/airflow/example_dags/example_task_group_decorator.py
[2025-12-04T12:36:51.825+0000] {processor.py:925} INFO - DAG(s) 'example_task_group_decorator' retrieved from /home/airflow/.local/lib/python3.12/site-packages/airflow/example_dags/example_task_group_decorator.py
[2025-12-04T12:36:51.854+0000] {logging_mixin.py:190} INFO - [2025-12-04T12:36:51.853+0000] {dag.py:3239} INFO - Sync 1 DAGs
[2025-12-04T12:36:51.871+0000] {logging_mixin.py:190} INFO - [2025-12-04T12:36:51.870+0000] {dag.py:4180} INFO - Setting next_dagrun for example_task_group_decorator to None, run_after=None
[2025-12-04T12:36:51.892+0000] {processor.py:208} INFO - Processing /home/airflow/.local/lib/python3.12/site-packages/airflow/example_dags/example_task_group_decorator.py took 0.095 seconds
[2025-12-04T12:37:23.124+0000] {processor.py:186} INFO - Started process (PID=1459) to work on /home/airflow/.local/lib/python3.12/site-packages/airflow/example_dags/example_task_group_decorator.py
[2025-12-04T12:37:23.125+0000] {processor.py:914} INFO - Processing file /home/airflow/.local/lib/python3.12/site-packages/airflow/example_dags/example_task_group_decorator.py for tasks to queue
[2025-12-04T12:37:23.127+0000] {logging_mixin.py:190} INFO - [2025-12-04T12:37:23.126+0000] {dagbag.py:588} INFO - Filling up the DagBag from /home/airflow/.local/lib/python3.12/site-packages/airflow/example_dags/example_task_group_decorator.py
[2025-12-04T12:37:23.147+0000] {processor.py:925} INFO - DAG(s) 'example_task_group_decorator' retrieved from /home/airflow/.local/lib/python3.12/site-packages/airflow/example_dags/example_task_group_decorator.py
[2025-12-04T12:37:23.179+0000] {logging_mixin.py:190} INFO - [2025-12-04T12:37:23.178+0000] {dag.py:3239} INFO - Sync 1 DAGs
[2025-12-04T12:37:23.196+0000] {logging_mixin.py:190} INFO - [2025-12-04T12:37:23.196+0000] {dag.py:4180} INFO - Setting next_dagrun for example_task_group_decorator to None, run_after=None
[2025-12-04T12:37:23.218+0000] {processor.py:208} INFO - Processing /home/airflow/.local/lib/python3.12/site-packages/airflow/example_dags/example_task_group_decorator.py took 0.100 seconds
[2025-12-04T12:37:54.756+0000] {processor.py:186} INFO - Started process (PID=1525) to work on /home/airflow/.local/lib/python3.12/site-packages/airflow/example_dags/example_task_group_decorator.py
[2025-12-04T12:37:54.757+0000] {processor.py:914} INFO - Processing file /home/airflow/.local/lib/python3.12/site-packages/airflow/example_dags/example_task_group_decorator.py for tasks to queue
[2025-12-04T12:37:54.759+0000] {logging_mixin.py:190} INFO - [2025-12-04T12:37:54.759+0000] {dagbag.py:588} INFO - Filling up the DagBag from /home/airflow/.local/lib/python3.12/site-packages/airflow/example_dags/example_task_group_decorator.py
[2025-12-04T12:37:54.777+0000] {processor.py:925} INFO - DAG(s) 'example_task_group_decorator' retrieved from /home/airflow/.local/lib/python3.12/site-packages/airflow/example_dags/example_task_group_decorator.py
[2025-12-04T12:37:54.808+0000] {logging_mixin.py:190} INFO - [2025-12-04T12:37:54.808+0000] {dag.py:3239} INFO - Sync 1 DAGs
[2025-12-04T12:37:54.825+0000] {logging_mixin.py:190} INFO - [2025-12-04T12:37:54.825+0000] {dag.py:4180} INFO - Setting next_dagrun for example_task_group_decorator to None, run_after=None
[2025-12-04T12:37:54.846+0000] {processor.py:208} INFO - Processing /home/airflow/.local/lib/python3.12/site-packages/airflow/example_dags/example_task_group_decorator.py took 0.096 seconds
[2025-12-04T12:38:26.537+0000] {processor.py:186} INFO - Started process (PID=1591) to work on /home/airflow/.local/lib/python3.12/site-packages/airflow/example_dags/example_task_group_decorator.py
[2025-12-04T12:38:26.538+0000] {processor.py:914} INFO - Processing file /home/airflow/.local/lib/python3.12/site-packages/airflow/example_dags/example_task_group_decorator.py for tasks to queue
[2025-12-04T12:38:26.540+0000] {logging_mixin.py:190} INFO - [2025-12-04T12:38:26.540+0000] {dagbag.py:588} INFO - Filling up the DagBag from /home/airflow/.local/lib/python3.12/site-packages/airflow/example_dags/example_task_group_decorator.py
[2025-12-04T12:38:26.564+0000] {processor.py:925} INFO - DAG(s) 'example_task_group_decorator' retrieved from /home/airflow/.local/lib/python3.12/site-packages/airflow/example_dags/example_task_group_decorator.py
[2025-12-04T12:38:26.601+0000] {logging_mixin.py:190} INFO - [2025-12-04T12:38:26.601+0000] {dag.py:3239} INFO - Sync 1 DAGs
[2025-12-04T12:38:26.618+0000] {logging_mixin.py:190} INFO - [2025-12-04T12:38:26.618+0000] {dag.py:4180} INFO - Setting next_dagrun for example_task_group_decorator to None, run_after=None
[2025-12-04T12:38:26.639+0000] {processor.py:208} INFO - Processing /home/airflow/.local/lib/python3.12/site-packages/airflow/example_dags/example_task_group_decorator.py took 0.111 seconds
[2025-12-04T12:38:58.124+0000] {processor.py:186} INFO - Started process (PID=1657) to work on /home/airflow/.local/lib/python3.12/site-packages/airflow/example_dags/example_task_group_decorator.py
[2025-12-04T12:38:58.125+0000] {processor.py:914} INFO - Processing file /home/airflow/.local/lib/python3.12/site-packages/airflow/example_dags/example_task_group_decorator.py for tasks to queue
[2025-12-04T12:38:58.127+0000] {logging_mixin.py:190} INFO - [2025-12-04T12:38:58.127+0000] {dagbag.py:588} INFO - Filling up the DagBag from /home/airflow/.local/lib/python3.12/site-packages/airflow/example_dags/example_task_group_decorator.py
[2025-12-04T12:38:58.144+0000] {processor.py:925} INFO - DAG(s) 'example_task_group_decorator' retrieved from /home/airflow/.local/lib/python3.12/site-packages/airflow/example_dags/example_task_group_decorator.py
[2025-12-04T12:38:58.177+0000] {logging_mixin.py:190} INFO - [2025-12-04T12:38:58.177+0000] {dag.py:3239} INFO - Sync 1 DAGs
[2025-12-04T12:38:58.194+0000] {logging_mixin.py:190} INFO - [2025-12-04T12:38:58.193+0000] {dag.py:4180} INFO - Setting next_dagrun for example_task_group_decorator to None, run_after=None
[2025-12-04T12:38:58.215+0000] {processor.py:208} INFO - Processing /home/airflow/.local/lib/python3.12/site-packages/airflow/example_dags/example_task_group_decorator.py took 0.097 seconds
[2025-12-04T12:39:29.429+0000] {processor.py:186} INFO - Started process (PID=1723) to work on /home/airflow/.local/lib/python3.12/site-packages/airflow/example_dags/example_task_group_decorator.py
[2025-12-04T12:39:29.430+0000] {processor.py:914} INFO - Processing file /home/airflow/.local/lib/python3.12/site-packages/airflow/example_dags/example_task_group_decorator.py for tasks to queue
[2025-12-04T12:39:29.433+0000] {logging_mixin.py:190} INFO - [2025-12-04T12:39:29.432+0000] {dagbag.py:588} INFO - Filling up the DagBag from /home/airflow/.local/lib/python3.12/site-packages/airflow/example_dags/example_task_group_decorator.py
[2025-12-04T12:39:29.456+0000] {processor.py:925} INFO - DAG(s) 'example_task_group_decorator' retrieved from /home/airflow/.local/lib/python3.12/site-packages/airflow/example_dags/example_task_group_decorator.py
[2025-12-04T12:39:29.486+0000] {logging_mixin.py:190} INFO - [2025-12-04T12:39:29.485+0000] {dag.py:3239} INFO - Sync 1 DAGs
[2025-12-04T12:39:29.504+0000] {logging_mixin.py:190} INFO - [2025-12-04T12:39:29.503+0000] {dag.py:4180} INFO - Setting next_dagrun for example_task_group_decorator to None, run_after=None
[2025-12-04T12:39:29.525+0000] {processor.py:208} INFO - Processing /home/airflow/.local/lib/python3.12/site-packages/airflow/example_dags/example_task_group_decorator.py took 0.103 seconds
[2025-12-04T12:40:01.078+0000] {processor.py:186} INFO - Started process (PID=1789) to work on /home/airflow/.local/lib/python3.12/site-packages/airflow/example_dags/example_task_group_decorator.py
[2025-12-04T12:40:01.079+0000] {processor.py:914} INFO - Processing file /home/airflow/.local/lib/python3.12/site-packages/airflow/example_dags/example_task_group_decorator.py for tasks to queue
[2025-12-04T12:40:01.081+0000] {logging_mixin.py:190} INFO - [2025-12-04T12:40:01.080+0000] {dagbag.py:588} INFO - Filling up the DagBag from /home/airflow/.local/lib/python3.12/site-packages/airflow/example_dags/example_task_group_decorator.py
[2025-12-04T12:40:01.098+0000] {processor.py:925} INFO - DAG(s) 'example_task_group_decorator' retrieved from /home/airflow/.local/lib/python3.12/site-packages/airflow/example_dags/example_task_group_decorator.py
[2025-12-04T12:40:01.128+0000] {logging_mixin.py:190} INFO - [2025-12-04T12:40:01.128+0000] {dag.py:3239} INFO - Sync 1 DAGs
[2025-12-04T12:40:01.146+0000] {logging_mixin.py:190} INFO - [2025-12-04T12:40:01.146+0000] {dag.py:4180} INFO - Setting next_dagrun for example_task_group_decorator to None, run_after=None
[2025-12-04T12:40:01.168+0000] {processor.py:208} INFO - Processing /home/airflow/.local/lib/python3.12/site-packages/airflow/example_dags/example_task_group_decorator.py took 0.096 seconds
[2025-12-04T12:40:32.754+0000] {processor.py:186} INFO - Started process (PID=1855) to work on /home/airflow/.local/lib/python3.12/site-packages/airflow/example_dags/example_task_group_decorator.py
[2025-12-04T12:40:32.755+0000] {processor.py:914} INFO - Processing file /home/airflow/.local/lib/python3.12/site-packages/airflow/example_dags/example_task_group_decorator.py for tasks to queue
[2025-12-04T12:40:32.757+0000] {logging_mixin.py:190} INFO - [2025-12-04T12:40:32.757+0000] {dagbag.py:588} INFO - Filling up the DagBag from /home/airflow/.local/lib/python3.12/site-packages/airflow/example_dags/example_task_group_decorator.py
[2025-12-04T12:40:32.774+0000] {processor.py:925} INFO - DAG(s) 'example_task_group_decorator' retrieved from /home/airflow/.local/lib/python3.12/site-packages/airflow/example_dags/example_task_group_decorator.py
[2025-12-04T12:40:32.804+0000] {logging_mixin.py:190} INFO - [2025-12-04T12:40:32.804+0000] {dag.py:3239} INFO - Sync 1 DAGs
[2025-12-04T12:40:32.822+0000] {logging_mixin.py:190} INFO - [2025-12-04T12:40:32.822+0000] {dag.py:4180} INFO - Setting next_dagrun for example_task_group_decorator to None, run_after=None
[2025-12-04T12:40:32.844+0000] {processor.py:208} INFO - Processing /home/airflow/.local/lib/python3.12/site-packages/airflow/example_dags/example_task_group_decorator.py took 0.096 seconds
[2025-12-04T12:41:04.266+0000] {processor.py:186} INFO - Started process (PID=1921) to work on /home/airflow/.local/lib/python3.12/site-packages/airflow/example_dags/example_task_group_decorator.py
[2025-12-04T12:41:04.267+0000] {processor.py:914} INFO - Processing file /home/airflow/.local/lib/python3.12/site-packages/airflow/example_dags/example_task_group_decorator.py for tasks to queue
[2025-12-04T12:41:04.270+0000] {logging_mixin.py:190} INFO - [2025-12-04T12:41:04.270+0000] {dagbag.py:588} INFO - Filling up the DagBag from /home/airflow/.local/lib/python3.12/site-packages/airflow/example_dags/example_task_group_decorator.py
[2025-12-04T12:41:04.288+0000] {processor.py:925} INFO - DAG(s) 'example_task_group_decorator' retrieved from /home/airflow/.local/lib/python3.12/site-packages/airflow/example_dags/example_task_group_decorator.py
[2025-12-04T12:41:04.316+0000] {logging_mixin.py:190} INFO - [2025-12-04T12:41:04.316+0000] {dag.py:3239} INFO - Sync 1 DAGs
[2025-12-04T12:41:04.335+0000] {logging_mixin.py:190} INFO - [2025-12-04T12:41:04.335+0000] {dag.py:4180} INFO - Setting next_dagrun for example_task_group_decorator to None, run_after=None
[2025-12-04T12:41:04.356+0000] {processor.py:208} INFO - Processing /home/airflow/.local/lib/python3.12/site-packages/airflow/example_dags/example_task_group_decorator.py took 0.095 seconds
[2025-12-04T12:41:35.683+0000] {processor.py:186} INFO - Started process (PID=1987) to work on /home/airflow/.local/lib/python3.12/site-packages/airflow/example_dags/example_task_group_decorator.py
[2025-12-04T12:41:35.684+0000] {processor.py:914} INFO - Processing file /home/airflow/.local/lib/python3.12/site-packages/airflow/example_dags/example_task_group_decorator.py for tasks to queue
[2025-12-04T12:41:35.686+0000] {logging_mixin.py:190} INFO - [2025-12-04T12:41:35.686+0000] {dagbag.py:588} INFO - Filling up the DagBag from /home/airflow/.local/lib/python3.12/site-packages/airflow/example_dags/example_task_group_decorator.py
[2025-12-04T12:41:35.704+0000] {processor.py:925} INFO - DAG(s) 'example_task_group_decorator' retrieved from /home/airflow/.local/lib/python3.12/site-packages/airflow/example_dags/example_task_group_decorator.py
[2025-12-04T12:41:35.734+0000] {logging_mixin.py:190} INFO - [2025-12-04T12:41:35.734+0000] {dag.py:3239} INFO - Sync 1 DAGs
[2025-12-04T12:41:35.752+0000] {logging_mixin.py:190} INFO - [2025-12-04T12:41:35.752+0000] {dag.py:4180} INFO - Setting next_dagrun for example_task_group_decorator to None, run_after=None
[2025-12-04T12:41:35.776+0000] {processor.py:208} INFO - Processing /home/airflow/.local/lib/python3.12/site-packages/airflow/example_dags/example_task_group_decorator.py took 0.099 seconds
[2025-12-04T12:42:06.950+0000] {processor.py:186} INFO - Started process (PID=2059) to work on /home/airflow/.local/lib/python3.12/site-packages/airflow/example_dags/example_task_group_decorator.py
[2025-12-04T12:42:06.950+0000] {processor.py:914} INFO - Processing file /home/airflow/.local/lib/python3.12/site-packages/airflow/example_dags/example_task_group_decorator.py for tasks to queue
[2025-12-04T12:42:06.953+0000] {logging_mixin.py:190} INFO - [2025-12-04T12:42:06.953+0000] {dagbag.py:588} INFO - Filling up the DagBag from /home/airflow/.local/lib/python3.12/site-packages/airflow/example_dags/example_task_group_decorator.py
[2025-12-04T12:42:06.970+0000] {processor.py:925} INFO - DAG(s) 'example_task_group_decorator' retrieved from /home/airflow/.local/lib/python3.12/site-packages/airflow/example_dags/example_task_group_decorator.py
[2025-12-04T12:42:06.998+0000] {logging_mixin.py:190} INFO - [2025-12-04T12:42:06.998+0000] {dag.py:3239} INFO - Sync 1 DAGs
[2025-12-04T12:42:07.016+0000] {logging_mixin.py:190} INFO - [2025-12-04T12:42:07.016+0000] {dag.py:4180} INFO - Setting next_dagrun for example_task_group_decorator to None, run_after=None
[2025-12-04T12:42:07.037+0000] {processor.py:208} INFO - Processing /home/airflow/.local/lib/python3.12/site-packages/airflow/example_dags/example_task_group_decorator.py took 0.093 seconds
[2025-12-04T12:42:38.496+0000] {processor.py:186} INFO - Started process (PID=2125) to work on /home/airflow/.local/lib/python3.12/site-packages/airflow/example_dags/example_task_group_decorator.py
[2025-12-04T12:42:38.497+0000] {processor.py:914} INFO - Processing file /home/airflow/.local/lib/python3.12/site-packages/airflow/example_dags/example_task_group_decorator.py for tasks to queue
[2025-12-04T12:42:38.499+0000] {logging_mixin.py:190} INFO - [2025-12-04T12:42:38.499+0000] {dagbag.py:588} INFO - Filling up the DagBag from /home/airflow/.local/lib/python3.12/site-packages/airflow/example_dags/example_task_group_decorator.py
[2025-12-04T12:42:38.517+0000] {processor.py:925} INFO - DAG(s) 'example_task_group_decorator' retrieved from /home/airflow/.local/lib/python3.12/site-packages/airflow/example_dags/example_task_group_decorator.py
[2025-12-04T12:42:38.556+0000] {logging_mixin.py:190} INFO - [2025-12-04T12:42:38.556+0000] {dag.py:3239} INFO - Sync 1 DAGs
[2025-12-04T12:42:38.574+0000] {logging_mixin.py:190} INFO - [2025-12-04T12:42:38.574+0000] {dag.py:4180} INFO - Setting next_dagrun for example_task_group_decorator to None, run_after=None
[2025-12-04T12:42:38.596+0000] {processor.py:208} INFO - Processing /home/airflow/.local/lib/python3.12/site-packages/airflow/example_dags/example_task_group_decorator.py took 0.106 seconds
[2025-12-04T12:43:09.893+0000] {processor.py:186} INFO - Started process (PID=2191) to work on /home/airflow/.local/lib/python3.12/site-packages/airflow/example_dags/example_task_group_decorator.py
[2025-12-04T12:43:09.894+0000] {processor.py:914} INFO - Processing file /home/airflow/.local/lib/python3.12/site-packages/airflow/example_dags/example_task_group_decorator.py for tasks to queue
[2025-12-04T12:43:09.897+0000] {logging_mixin.py:190} INFO - [2025-12-04T12:43:09.896+0000] {dagbag.py:588} INFO - Filling up the DagBag from /home/airflow/.local/lib/python3.12/site-packages/airflow/example_dags/example_task_group_decorator.py
[2025-12-04T12:43:09.916+0000] {processor.py:925} INFO - DAG(s) 'example_task_group_decorator' retrieved from /home/airflow/.local/lib/python3.12/site-packages/airflow/example_dags/example_task_group_decorator.py
[2025-12-04T12:43:09.945+0000] {logging_mixin.py:190} INFO - [2025-12-04T12:43:09.945+0000] {dag.py:3239} INFO - Sync 1 DAGs
[2025-12-04T12:43:09.962+0000] {logging_mixin.py:190} INFO - [2025-12-04T12:43:09.962+0000] {dag.py:4180} INFO - Setting next_dagrun for example_task_group_decorator to None, run_after=None
[2025-12-04T12:43:09.984+0000] {processor.py:208} INFO - Processing /home/airflow/.local/lib/python3.12/site-packages/airflow/example_dags/example_task_group_decorator.py took 0.097 seconds
[2025-12-04T12:43:41.155+0000] {processor.py:186} INFO - Started process (PID=2257) to work on /home/airflow/.local/lib/python3.12/site-packages/airflow/example_dags/example_task_group_decorator.py
[2025-12-04T12:43:41.156+0000] {processor.py:914} INFO - Processing file /home/airflow/.local/lib/python3.12/site-packages/airflow/example_dags/example_task_group_decorator.py for tasks to queue
[2025-12-04T12:43:41.159+0000] {logging_mixin.py:190} INFO - [2025-12-04T12:43:41.158+0000] {dagbag.py:588} INFO - Filling up the DagBag from /home/airflow/.local/lib/python3.12/site-packages/airflow/example_dags/example_task_group_decorator.py
[2025-12-04T12:43:41.178+0000] {processor.py:925} INFO - DAG(s) 'example_task_group_decorator' retrieved from /home/airflow/.local/lib/python3.12/site-packages/airflow/example_dags/example_task_group_decorator.py
[2025-12-04T12:43:41.207+0000] {logging_mixin.py:190} INFO - [2025-12-04T12:43:41.207+0000] {dag.py:3239} INFO - Sync 1 DAGs
[2025-12-04T12:43:41.225+0000] {logging_mixin.py:190} INFO - [2025-12-04T12:43:41.225+0000] {dag.py:4180} INFO - Setting next_dagrun for example_task_group_decorator to None, run_after=None
[2025-12-04T12:43:41.249+0000] {processor.py:208} INFO - Processing /home/airflow/.local/lib/python3.12/site-packages/airflow/example_dags/example_task_group_decorator.py took 0.100 seconds
[2025-12-04T12:44:12.677+0000] {processor.py:186} INFO - Started process (PID=2323) to work on /home/airflow/.local/lib/python3.12/site-packages/airflow/example_dags/example_task_group_decorator.py
[2025-12-04T12:44:12.678+0000] {processor.py:914} INFO - Processing file /home/airflow/.local/lib/python3.12/site-packages/airflow/example_dags/example_task_group_decorator.py for tasks to queue
[2025-12-04T12:44:12.680+0000] {logging_mixin.py:190} INFO - [2025-12-04T12:44:12.680+0000] {dagbag.py:588} INFO - Filling up the DagBag from /home/airflow/.local/lib/python3.12/site-packages/airflow/example_dags/example_task_group_decorator.py
[2025-12-04T12:44:12.700+0000] {processor.py:925} INFO - DAG(s) 'example_task_group_decorator' retrieved from /home/airflow/.local/lib/python3.12/site-packages/airflow/example_dags/example_task_group_decorator.py
[2025-12-04T12:44:12.729+0000] {logging_mixin.py:190} INFO - [2025-12-04T12:44:12.729+0000] {dag.py:3239} INFO - Sync 1 DAGs
[2025-12-04T12:44:12.746+0000] {logging_mixin.py:190} INFO - [2025-12-04T12:44:12.746+0000] {dag.py:4180} INFO - Setting next_dagrun for example_task_group_decorator to None, run_after=None
[2025-12-04T12:44:12.767+0000] {processor.py:208} INFO - Processing /home/airflow/.local/lib/python3.12/site-packages/airflow/example_dags/example_task_group_decorator.py took 0.097 seconds
[2025-12-04T12:44:43.889+0000] {processor.py:186} INFO - Started process (PID=2395) to work on /home/airflow/.local/lib/python3.12/site-packages/airflow/example_dags/example_task_group_decorator.py
[2025-12-04T12:44:43.890+0000] {processor.py:914} INFO - Processing file /home/airflow/.local/lib/python3.12/site-packages/airflow/example_dags/example_task_group_decorator.py for tasks to queue
[2025-12-04T12:44:43.892+0000] {logging_mixin.py:190} INFO - [2025-12-04T12:44:43.892+0000] {dagbag.py:588} INFO - Filling up the DagBag from /home/airflow/.local/lib/python3.12/site-packages/airflow/example_dags/example_task_group_decorator.py
[2025-12-04T12:44:43.912+0000] {processor.py:925} INFO - DAG(s) 'example_task_group_decorator' retrieved from /home/airflow/.local/lib/python3.12/site-packages/airflow/example_dags/example_task_group_decorator.py
[2025-12-04T12:44:43.940+0000] {logging_mixin.py:190} INFO - [2025-12-04T12:44:43.940+0000] {dag.py:3239} INFO - Sync 1 DAGs
[2025-12-04T12:44:43.958+0000] {logging_mixin.py:190} INFO - [2025-12-04T12:44:43.957+0000] {dag.py:4180} INFO - Setting next_dagrun for example_task_group_decorator to None, run_after=None
[2025-12-04T12:44:43.978+0000] {processor.py:208} INFO - Processing /home/airflow/.local/lib/python3.12/site-packages/airflow/example_dags/example_task_group_decorator.py took 0.094 seconds
[2025-12-04T12:45:15.186+0000] {processor.py:186} INFO - Started process (PID=2461) to work on /home/airflow/.local/lib/python3.12/site-packages/airflow/example_dags/example_task_group_decorator.py
[2025-12-04T12:45:15.187+0000] {processor.py:914} INFO - Processing file /home/airflow/.local/lib/python3.12/site-packages/airflow/example_dags/example_task_group_decorator.py for tasks to queue
[2025-12-04T12:45:15.189+0000] {logging_mixin.py:190} INFO - [2025-12-04T12:45:15.188+0000] {dagbag.py:588} INFO - Filling up the DagBag from /home/airflow/.local/lib/python3.12/site-packages/airflow/example_dags/example_task_group_decorator.py
[2025-12-04T12:45:15.208+0000] {processor.py:925} INFO - DAG(s) 'example_task_group_decorator' retrieved from /home/airflow/.local/lib/python3.12/site-packages/airflow/example_dags/example_task_group_decorator.py
[2025-12-04T12:45:15.239+0000] {logging_mixin.py:190} INFO - [2025-12-04T12:45:15.239+0000] {dag.py:3239} INFO - Sync 1 DAGs
[2025-12-04T12:45:15.257+0000] {logging_mixin.py:190} INFO - [2025-12-04T12:45:15.256+0000] {dag.py:4180} INFO - Setting next_dagrun for example_task_group_decorator to None, run_after=None
[2025-12-04T12:45:15.279+0000] {processor.py:208} INFO - Processing /home/airflow/.local/lib/python3.12/site-packages/airflow/example_dags/example_task_group_decorator.py took 0.101 seconds
[2025-12-04T12:45:46.316+0000] {processor.py:186} INFO - Started process (PID=2528) to work on /home/airflow/.local/lib/python3.12/site-packages/airflow/example_dags/example_task_group_decorator.py
[2025-12-04T12:45:46.317+0000] {processor.py:914} INFO - Processing file /home/airflow/.local/lib/python3.12/site-packages/airflow/example_dags/example_task_group_decorator.py for tasks to queue
[2025-12-04T12:45:46.321+0000] {logging_mixin.py:190} INFO - [2025-12-04T12:45:46.320+0000] {dagbag.py:588} INFO - Filling up the DagBag from /home/airflow/.local/lib/python3.12/site-packages/airflow/example_dags/example_task_group_decorator.py
[2025-12-04T12:45:46.343+0000] {processor.py:925} INFO - DAG(s) 'example_task_group_decorator' retrieved from /home/airflow/.local/lib/python3.12/site-packages/airflow/example_dags/example_task_group_decorator.py
[2025-12-04T12:45:46.373+0000] {logging_mixin.py:190} INFO - [2025-12-04T12:45:46.373+0000] {dag.py:3239} INFO - Sync 1 DAGs
[2025-12-04T12:45:46.396+0000] {logging_mixin.py:190} INFO - [2025-12-04T12:45:46.395+0000] {dag.py:4180} INFO - Setting next_dagrun for example_task_group_decorator to None, run_after=None
[2025-12-04T12:45:46.424+0000] {processor.py:208} INFO - Processing /home/airflow/.local/lib/python3.12/site-packages/airflow/example_dags/example_task_group_decorator.py took 0.115 seconds
[2025-12-04T12:46:17.347+0000] {processor.py:186} INFO - Started process (PID=2595) to work on /home/airflow/.local/lib/python3.12/site-packages/airflow/example_dags/example_task_group_decorator.py
[2025-12-04T12:46:17.348+0000] {processor.py:914} INFO - Processing file /home/airflow/.local/lib/python3.12/site-packages/airflow/example_dags/example_task_group_decorator.py for tasks to queue
[2025-12-04T12:46:17.351+0000] {logging_mixin.py:190} INFO - [2025-12-04T12:46:17.350+0000] {dagbag.py:588} INFO - Filling up the DagBag from /home/airflow/.local/lib/python3.12/site-packages/airflow/example_dags/example_task_group_decorator.py
[2025-12-04T12:46:17.371+0000] {processor.py:925} INFO - DAG(s) 'example_task_group_decorator' retrieved from /home/airflow/.local/lib/python3.12/site-packages/airflow/example_dags/example_task_group_decorator.py
[2025-12-04T12:46:17.407+0000] {logging_mixin.py:190} INFO - [2025-12-04T12:46:17.407+0000] {dag.py:3239} INFO - Sync 1 DAGs
[2025-12-04T12:46:17.428+0000] {logging_mixin.py:190} INFO - [2025-12-04T12:46:17.428+0000] {dag.py:4180} INFO - Setting next_dagrun for example_task_group_decorator to None, run_after=None
[2025-12-04T12:46:17.455+0000] {processor.py:208} INFO - Processing /home/airflow/.local/lib/python3.12/site-packages/airflow/example_dags/example_task_group_decorator.py took 0.115 seconds
[2025-12-04T12:49:39.042+0000] {processor.py:186} INFO - Started process (PID=66) to work on /home/airflow/.local/lib/python3.12/site-packages/airflow/example_dags/example_task_group_decorator.py
[2025-12-04T12:49:39.043+0000] {processor.py:914} INFO - Processing file /home/airflow/.local/lib/python3.12/site-packages/airflow/example_dags/example_task_group_decorator.py for tasks to queue
[2025-12-04T12:49:39.044+0000] {logging_mixin.py:190} INFO - [2025-12-04T12:49:39.044+0000] {dagbag.py:588} INFO - Filling up the DagBag from /home/airflow/.local/lib/python3.12/site-packages/airflow/example_dags/example_task_group_decorator.py
[2025-12-04T12:49:39.058+0000] {processor.py:925} INFO - DAG(s) 'example_task_group_decorator' retrieved from /home/airflow/.local/lib/python3.12/site-packages/airflow/example_dags/example_task_group_decorator.py
[2025-12-04T12:49:39.154+0000] {logging_mixin.py:190} INFO - [2025-12-04T12:49:39.153+0000] {override.py:1912} INFO - Created Permission View: can edit on DAG:example_task_group_decorator
[2025-12-04T12:49:39.164+0000] {logging_mixin.py:190} INFO - [2025-12-04T12:49:39.164+0000] {override.py:1912} INFO - Created Permission View: can delete on DAG:example_task_group_decorator
[2025-12-04T12:49:39.171+0000] {logging_mixin.py:190} INFO - [2025-12-04T12:49:39.170+0000] {override.py:1912} INFO - Created Permission View: can read on DAG:example_task_group_decorator
[2025-12-04T12:49:39.177+0000] {logging_mixin.py:190} INFO - [2025-12-04T12:49:39.177+0000] {override.py:1912} INFO - Created Permission View: can delete on DAG Run:example_task_group_decorator
[2025-12-04T12:49:39.183+0000] {logging_mixin.py:190} INFO - [2025-12-04T12:49:39.183+0000] {override.py:1912} INFO - Created Permission View: can create on DAG Run:example_task_group_decorator
[2025-12-04T12:49:39.189+0000] {logging_mixin.py:190} INFO - [2025-12-04T12:49:39.189+0000] {override.py:1912} INFO - Created Permission View: can read on DAG Run:example_task_group_decorator
[2025-12-04T12:49:39.194+0000] {logging_mixin.py:190} INFO - [2025-12-04T12:49:39.194+0000] {override.py:1912} INFO - Created Permission View: menu access on DAG Run:example_task_group_decorator
[2025-12-04T12:49:39.194+0000] {logging_mixin.py:190} INFO - [2025-12-04T12:49:39.194+0000] {dag.py:3239} INFO - Sync 1 DAGs
[2025-12-04T12:49:39.205+0000] {logging_mixin.py:190} INFO - [2025-12-04T12:49:39.205+0000] {dag.py:3262} INFO - Creating ORM DAG for example_task_group_decorator
[2025-12-04T12:49:39.206+0000] {logging_mixin.py:190} INFO - [2025-12-04T12:49:39.206+0000] {dag.py:4180} INFO - Setting next_dagrun for example_task_group_decorator to None, run_after=None
[2025-12-04T12:49:39.219+0000] {processor.py:208} INFO - Processing /home/airflow/.local/lib/python3.12/site-packages/airflow/example_dags/example_task_group_decorator.py took 0.181 seconds
[2025-12-04T12:50:10.006+0000] {processor.py:186} INFO - Started process (PID=132) to work on /home/airflow/.local/lib/python3.12/site-packages/airflow/example_dags/example_task_group_decorator.py
[2025-12-04T12:50:10.008+0000] {processor.py:914} INFO - Processing file /home/airflow/.local/lib/python3.12/site-packages/airflow/example_dags/example_task_group_decorator.py for tasks to queue
[2025-12-04T12:50:10.010+0000] {logging_mixin.py:190} INFO - [2025-12-04T12:50:10.010+0000] {dagbag.py:588} INFO - Filling up the DagBag from /home/airflow/.local/lib/python3.12/site-packages/airflow/example_dags/example_task_group_decorator.py
[2025-12-04T12:50:10.030+0000] {processor.py:925} INFO - DAG(s) 'example_task_group_decorator' retrieved from /home/airflow/.local/lib/python3.12/site-packages/airflow/example_dags/example_task_group_decorator.py
[2025-12-04T12:50:10.064+0000] {logging_mixin.py:190} INFO - [2025-12-04T12:50:10.064+0000] {dag.py:3239} INFO - Sync 1 DAGs
[2025-12-04T12:50:10.086+0000] {logging_mixin.py:190} INFO - [2025-12-04T12:50:10.086+0000] {dag.py:4180} INFO - Setting next_dagrun for example_task_group_decorator to None, run_after=None
[2025-12-04T12:50:10.112+0000] {processor.py:208} INFO - Processing /home/airflow/.local/lib/python3.12/site-packages/airflow/example_dags/example_task_group_decorator.py took 0.113 seconds
[2025-12-04T12:50:40.595+0000] {processor.py:186} INFO - Started process (PID=197) to work on /home/airflow/.local/lib/python3.12/site-packages/airflow/example_dags/example_task_group_decorator.py
[2025-12-04T12:50:40.597+0000] {processor.py:914} INFO - Processing file /home/airflow/.local/lib/python3.12/site-packages/airflow/example_dags/example_task_group_decorator.py for tasks to queue
[2025-12-04T12:50:40.599+0000] {logging_mixin.py:190} INFO - [2025-12-04T12:50:40.599+0000] {dagbag.py:588} INFO - Filling up the DagBag from /home/airflow/.local/lib/python3.12/site-packages/airflow/example_dags/example_task_group_decorator.py
[2025-12-04T12:50:40.619+0000] {processor.py:925} INFO - DAG(s) 'example_task_group_decorator' retrieved from /home/airflow/.local/lib/python3.12/site-packages/airflow/example_dags/example_task_group_decorator.py
[2025-12-04T12:50:40.654+0000] {logging_mixin.py:190} INFO - [2025-12-04T12:50:40.653+0000] {dag.py:3239} INFO - Sync 1 DAGs
[2025-12-04T12:50:40.679+0000] {logging_mixin.py:190} INFO - [2025-12-04T12:50:40.678+0000] {dag.py:4180} INFO - Setting next_dagrun for example_task_group_decorator to None, run_after=None
[2025-12-04T12:50:40.708+0000] {processor.py:208} INFO - Processing /home/airflow/.local/lib/python3.12/site-packages/airflow/example_dags/example_task_group_decorator.py took 0.120 seconds
[2025-12-04T12:51:10.897+0000] {processor.py:186} INFO - Started process (PID=267) to work on /home/airflow/.local/lib/python3.12/site-packages/airflow/example_dags/example_task_group_decorator.py
[2025-12-04T12:51:10.897+0000] {processor.py:914} INFO - Processing file /home/airflow/.local/lib/python3.12/site-packages/airflow/example_dags/example_task_group_decorator.py for tasks to queue
[2025-12-04T12:51:10.900+0000] {logging_mixin.py:190} INFO - [2025-12-04T12:51:10.900+0000] {dagbag.py:588} INFO - Filling up the DagBag from /home/airflow/.local/lib/python3.12/site-packages/airflow/example_dags/example_task_group_decorator.py
[2025-12-04T12:51:10.919+0000] {processor.py:925} INFO - DAG(s) 'example_task_group_decorator' retrieved from /home/airflow/.local/lib/python3.12/site-packages/airflow/example_dags/example_task_group_decorator.py
[2025-12-04T12:51:10.957+0000] {logging_mixin.py:190} INFO - [2025-12-04T12:51:10.957+0000] {dag.py:3239} INFO - Sync 1 DAGs
[2025-12-04T12:51:10.978+0000] {logging_mixin.py:190} INFO - [2025-12-04T12:51:10.978+0000] {dag.py:4180} INFO - Setting next_dagrun for example_task_group_decorator to None, run_after=None
[2025-12-04T12:51:11.003+0000] {processor.py:208} INFO - Processing /home/airflow/.local/lib/python3.12/site-packages/airflow/example_dags/example_task_group_decorator.py took 0.112 seconds
[2025-12-04T12:51:41.404+0000] {processor.py:186} INFO - Started process (PID=341) to work on /home/airflow/.local/lib/python3.12/site-packages/airflow/example_dags/example_task_group_decorator.py
[2025-12-04T12:51:41.406+0000] {processor.py:914} INFO - Processing file /home/airflow/.local/lib/python3.12/site-packages/airflow/example_dags/example_task_group_decorator.py for tasks to queue
[2025-12-04T12:51:41.409+0000] {logging_mixin.py:190} INFO - [2025-12-04T12:51:41.409+0000] {dagbag.py:588} INFO - Filling up the DagBag from /home/airflow/.local/lib/python3.12/site-packages/airflow/example_dags/example_task_group_decorator.py
[2025-12-04T12:51:41.441+0000] {processor.py:925} INFO - DAG(s) 'example_task_group_decorator' retrieved from /home/airflow/.local/lib/python3.12/site-packages/airflow/example_dags/example_task_group_decorator.py
[2025-12-04T12:51:41.477+0000] {logging_mixin.py:190} INFO - [2025-12-04T12:51:41.476+0000] {dag.py:3239} INFO - Sync 1 DAGs
[2025-12-04T12:51:41.499+0000] {logging_mixin.py:190} INFO - [2025-12-04T12:51:41.499+0000] {dag.py:4180} INFO - Setting next_dagrun for example_task_group_decorator to None, run_after=None
[2025-12-04T12:51:41.536+0000] {processor.py:208} INFO - Processing /home/airflow/.local/lib/python3.12/site-packages/airflow/example_dags/example_task_group_decorator.py took 0.143 seconds
[2025-12-04T12:52:11.625+0000] {processor.py:186} INFO - Started process (PID=415) to work on /home/airflow/.local/lib/python3.12/site-packages/airflow/example_dags/example_task_group_decorator.py
[2025-12-04T12:52:11.626+0000] {processor.py:914} INFO - Processing file /home/airflow/.local/lib/python3.12/site-packages/airflow/example_dags/example_task_group_decorator.py for tasks to queue
[2025-12-04T12:52:11.628+0000] {logging_mixin.py:190} INFO - [2025-12-04T12:52:11.628+0000] {dagbag.py:588} INFO - Filling up the DagBag from /home/airflow/.local/lib/python3.12/site-packages/airflow/example_dags/example_task_group_decorator.py
[2025-12-04T12:52:11.648+0000] {processor.py:925} INFO - DAG(s) 'example_task_group_decorator' retrieved from /home/airflow/.local/lib/python3.12/site-packages/airflow/example_dags/example_task_group_decorator.py
[2025-12-04T12:52:11.681+0000] {logging_mixin.py:190} INFO - [2025-12-04T12:52:11.681+0000] {dag.py:3239} INFO - Sync 1 DAGs
[2025-12-04T12:52:11.700+0000] {logging_mixin.py:190} INFO - [2025-12-04T12:52:11.700+0000] {dag.py:4180} INFO - Setting next_dagrun for example_task_group_decorator to None, run_after=None
[2025-12-04T12:52:11.723+0000] {processor.py:208} INFO - Processing /home/airflow/.local/lib/python3.12/site-packages/airflow/example_dags/example_task_group_decorator.py took 0.103 seconds
[2025-12-04T12:52:42.319+0000] {processor.py:186} INFO - Started process (PID=481) to work on /home/airflow/.local/lib/python3.12/site-packages/airflow/example_dags/example_task_group_decorator.py
[2025-12-04T12:52:42.320+0000] {processor.py:914} INFO - Processing file /home/airflow/.local/lib/python3.12/site-packages/airflow/example_dags/example_task_group_decorator.py for tasks to queue
[2025-12-04T12:52:42.322+0000] {logging_mixin.py:190} INFO - [2025-12-04T12:52:42.322+0000] {dagbag.py:588} INFO - Filling up the DagBag from /home/airflow/.local/lib/python3.12/site-packages/airflow/example_dags/example_task_group_decorator.py
[2025-12-04T12:52:42.341+0000] {processor.py:925} INFO - DAG(s) 'example_task_group_decorator' retrieved from /home/airflow/.local/lib/python3.12/site-packages/airflow/example_dags/example_task_group_decorator.py
[2025-12-04T12:52:42.372+0000] {logging_mixin.py:190} INFO - [2025-12-04T12:52:42.372+0000] {dag.py:3239} INFO - Sync 1 DAGs
[2025-12-04T12:52:42.390+0000] {logging_mixin.py:190} INFO - [2025-12-04T12:52:42.389+0000] {dag.py:4180} INFO - Setting next_dagrun for example_task_group_decorator to None, run_after=None
[2025-12-04T12:52:42.413+0000] {processor.py:208} INFO - Processing /home/airflow/.local/lib/python3.12/site-packages/airflow/example_dags/example_task_group_decorator.py took 0.100 seconds
[2025-12-04T12:53:12.512+0000] {processor.py:186} INFO - Started process (PID=546) to work on /home/airflow/.local/lib/python3.12/site-packages/airflow/example_dags/example_task_group_decorator.py
[2025-12-04T12:53:12.512+0000] {processor.py:914} INFO - Processing file /home/airflow/.local/lib/python3.12/site-packages/airflow/example_dags/example_task_group_decorator.py for tasks to queue
[2025-12-04T12:53:12.514+0000] {logging_mixin.py:190} INFO - [2025-12-04T12:53:12.514+0000] {dagbag.py:588} INFO - Filling up the DagBag from /home/airflow/.local/lib/python3.12/site-packages/airflow/example_dags/example_task_group_decorator.py
[2025-12-04T12:53:12.531+0000] {processor.py:925} INFO - DAG(s) 'example_task_group_decorator' retrieved from /home/airflow/.local/lib/python3.12/site-packages/airflow/example_dags/example_task_group_decorator.py
[2025-12-04T12:53:12.562+0000] {logging_mixin.py:190} INFO - [2025-12-04T12:53:12.562+0000] {dag.py:3239} INFO - Sync 1 DAGs
[2025-12-04T12:53:12.579+0000] {logging_mixin.py:190} INFO - [2025-12-04T12:53:12.579+0000] {dag.py:4180} INFO - Setting next_dagrun for example_task_group_decorator to None, run_after=None
[2025-12-04T12:53:12.599+0000] {processor.py:208} INFO - Processing /home/airflow/.local/lib/python3.12/site-packages/airflow/example_dags/example_task_group_decorator.py took 0.093 seconds
[2025-12-04T12:53:42.828+0000] {processor.py:186} INFO - Started process (PID=612) to work on /home/airflow/.local/lib/python3.12/site-packages/airflow/example_dags/example_task_group_decorator.py
[2025-12-04T12:53:42.829+0000] {processor.py:914} INFO - Processing file /home/airflow/.local/lib/python3.12/site-packages/airflow/example_dags/example_task_group_decorator.py for tasks to queue
[2025-12-04T12:53:42.831+0000] {logging_mixin.py:190} INFO - [2025-12-04T12:53:42.831+0000] {dagbag.py:588} INFO - Filling up the DagBag from /home/airflow/.local/lib/python3.12/site-packages/airflow/example_dags/example_task_group_decorator.py
[2025-12-04T12:53:42.853+0000] {processor.py:925} INFO - DAG(s) 'example_task_group_decorator' retrieved from /home/airflow/.local/lib/python3.12/site-packages/airflow/example_dags/example_task_group_decorator.py
[2025-12-04T12:53:42.892+0000] {logging_mixin.py:190} INFO - [2025-12-04T12:53:42.891+0000] {dag.py:3239} INFO - Sync 1 DAGs
[2025-12-04T12:53:42.913+0000] {logging_mixin.py:190} INFO - [2025-12-04T12:53:42.913+0000] {dag.py:4180} INFO - Setting next_dagrun for example_task_group_decorator to None, run_after=None
[2025-12-04T12:53:42.942+0000] {processor.py:208} INFO - Processing /home/airflow/.local/lib/python3.12/site-packages/airflow/example_dags/example_task_group_decorator.py took 0.123 seconds
[2025-12-04T12:54:13.172+0000] {processor.py:186} INFO - Started process (PID=678) to work on /home/airflow/.local/lib/python3.12/site-packages/airflow/example_dags/example_task_group_decorator.py
[2025-12-04T12:54:13.173+0000] {processor.py:914} INFO - Processing file /home/airflow/.local/lib/python3.12/site-packages/airflow/example_dags/example_task_group_decorator.py for tasks to queue
[2025-12-04T12:54:13.174+0000] {logging_mixin.py:190} INFO - [2025-12-04T12:54:13.174+0000] {dagbag.py:588} INFO - Filling up the DagBag from /home/airflow/.local/lib/python3.12/site-packages/airflow/example_dags/example_task_group_decorator.py
[2025-12-04T12:54:13.193+0000] {processor.py:925} INFO - DAG(s) 'example_task_group_decorator' retrieved from /home/airflow/.local/lib/python3.12/site-packages/airflow/example_dags/example_task_group_decorator.py
[2025-12-04T12:54:13.225+0000] {logging_mixin.py:190} INFO - [2025-12-04T12:54:13.225+0000] {dag.py:3239} INFO - Sync 1 DAGs
[2025-12-04T12:54:13.243+0000] {logging_mixin.py:190} INFO - [2025-12-04T12:54:13.243+0000] {dag.py:4180} INFO - Setting next_dagrun for example_task_group_decorator to None, run_after=None
[2025-12-04T12:54:13.264+0000] {processor.py:208} INFO - Processing /home/airflow/.local/lib/python3.12/site-packages/airflow/example_dags/example_task_group_decorator.py took 0.098 seconds
[2025-12-04T12:54:43.859+0000] {processor.py:186} INFO - Started process (PID=744) to work on /home/airflow/.local/lib/python3.12/site-packages/airflow/example_dags/example_task_group_decorator.py
[2025-12-04T12:54:43.860+0000] {processor.py:914} INFO - Processing file /home/airflow/.local/lib/python3.12/site-packages/airflow/example_dags/example_task_group_decorator.py for tasks to queue
[2025-12-04T12:54:43.862+0000] {logging_mixin.py:190} INFO - [2025-12-04T12:54:43.862+0000] {dagbag.py:588} INFO - Filling up the DagBag from /home/airflow/.local/lib/python3.12/site-packages/airflow/example_dags/example_task_group_decorator.py
[2025-12-04T12:54:43.883+0000] {processor.py:925} INFO - DAG(s) 'example_task_group_decorator' retrieved from /home/airflow/.local/lib/python3.12/site-packages/airflow/example_dags/example_task_group_decorator.py
[2025-12-04T12:54:43.919+0000] {logging_mixin.py:190} INFO - [2025-12-04T12:54:43.918+0000] {dag.py:3239} INFO - Sync 1 DAGs
[2025-12-04T12:54:43.940+0000] {logging_mixin.py:190} INFO - [2025-12-04T12:54:43.940+0000] {dag.py:4180} INFO - Setting next_dagrun for example_task_group_decorator to None, run_after=None
[2025-12-04T12:54:43.966+0000] {processor.py:208} INFO - Processing /home/airflow/.local/lib/python3.12/site-packages/airflow/example_dags/example_task_group_decorator.py took 0.115 seconds
