[2025-12-04T12:26:25.184+0000] {processor.py:186} INFO - Started process (PID=57) to work on /home/airflow/.local/lib/python3.12/site-packages/airflow/example_dags/example_workday_timetable.py
[2025-12-04T12:26:25.184+0000] {processor.py:914} INFO - Processing file /home/airflow/.local/lib/python3.12/site-packages/airflow/example_dags/example_workday_timetable.py for tasks to queue
[2025-12-04T12:26:25.186+0000] {logging_mixin.py:190} INFO - [2025-12-04T12:26:25.186+0000] {dagbag.py:588} INFO - Filling up the DagBag from /home/airflow/.local/lib/python3.12/site-packages/airflow/example_dags/example_workday_timetable.py
[2025-12-04T12:26:25.191+0000] {processor.py:925} INFO - DAG(s) 'example_workday_timetable' retrieved from /home/airflow/.local/lib/python3.12/site-packages/airflow/example_dags/example_workday_timetable.py
[2025-12-04T12:26:25.274+0000] {logging_mixin.py:190} INFO - [2025-12-04T12:26:25.273+0000] {override.py:1912} INFO - Created Permission View: can delete on DAG:example_workday_timetable
[2025-12-04T12:26:25.284+0000] {logging_mixin.py:190} INFO - [2025-12-04T12:26:25.284+0000] {override.py:1912} INFO - Created Permission View: can edit on DAG:example_workday_timetable
[2025-12-04T12:26:25.292+0000] {logging_mixin.py:190} INFO - [2025-12-04T12:26:25.291+0000] {override.py:1912} INFO - Created Permission View: can read on DAG:example_workday_timetable
[2025-12-04T12:26:25.298+0000] {logging_mixin.py:190} INFO - [2025-12-04T12:26:25.298+0000] {override.py:1912} INFO - Created Permission View: can delete on DAG Run:example_workday_timetable
[2025-12-04T12:26:25.306+0000] {logging_mixin.py:190} INFO - [2025-12-04T12:26:25.306+0000] {override.py:1912} INFO - Created Permission View: can read on DAG Run:example_workday_timetable
[2025-12-04T12:26:25.313+0000] {logging_mixin.py:190} INFO - [2025-12-04T12:26:25.312+0000] {override.py:1912} INFO - Created Permission View: can create on DAG Run:example_workday_timetable
[2025-12-04T12:26:25.319+0000] {logging_mixin.py:190} INFO - [2025-12-04T12:26:25.319+0000] {override.py:1912} INFO - Created Permission View: menu access on DAG Run:example_workday_timetable
[2025-12-04T12:26:25.319+0000] {logging_mixin.py:190} INFO - [2025-12-04T12:26:25.319+0000] {dag.py:3239} INFO - Sync 1 DAGs
[2025-12-04T12:26:25.332+0000] {logging_mixin.py:190} INFO - [2025-12-04T12:26:25.332+0000] {dag.py:3262} INFO - Creating ORM DAG for example_workday_timetable
[2025-12-04T12:26:25.408+0000] {logging_mixin.py:190} INFO - [2025-12-04T12:26:25.407+0000] {dag.py:4180} INFO - Setting next_dagrun for example_workday_timetable to 2021-01-04 00:00:00+00:00, run_after=2021-01-05 00:00:00+00:00
[2025-12-04T12:26:25.424+0000] {processor.py:208} INFO - Processing /home/airflow/.local/lib/python3.12/site-packages/airflow/example_dags/example_workday_timetable.py took 0.244 seconds
[2025-12-04T12:26:55.563+0000] {processor.py:186} INFO - Started process (PID=123) to work on /home/airflow/.local/lib/python3.12/site-packages/airflow/example_dags/example_workday_timetable.py
[2025-12-04T12:26:55.564+0000] {processor.py:914} INFO - Processing file /home/airflow/.local/lib/python3.12/site-packages/airflow/example_dags/example_workday_timetable.py for tasks to queue
[2025-12-04T12:26:55.566+0000] {logging_mixin.py:190} INFO - [2025-12-04T12:26:55.566+0000] {dagbag.py:588} INFO - Filling up the DagBag from /home/airflow/.local/lib/python3.12/site-packages/airflow/example_dags/example_workday_timetable.py
[2025-12-04T12:26:55.572+0000] {processor.py:925} INFO - DAG(s) 'example_workday_timetable' retrieved from /home/airflow/.local/lib/python3.12/site-packages/airflow/example_dags/example_workday_timetable.py
[2025-12-04T12:26:55.605+0000] {logging_mixin.py:190} INFO - [2025-12-04T12:26:55.605+0000] {dag.py:3239} INFO - Sync 1 DAGs
[2025-12-04T12:26:55.709+0000] {logging_mixin.py:190} INFO - [2025-12-04T12:26:55.709+0000] {dag.py:4180} INFO - Setting next_dagrun for example_workday_timetable to 2021-01-04 00:00:00+00:00, run_after=2021-01-05 00:00:00+00:00
[2025-12-04T12:26:55.731+0000] {processor.py:208} INFO - Processing /home/airflow/.local/lib/python3.12/site-packages/airflow/example_dags/example_workday_timetable.py took 0.175 seconds
[2025-12-04T12:27:26.400+0000] {processor.py:186} INFO - Started process (PID=189) to work on /home/airflow/.local/lib/python3.12/site-packages/airflow/example_dags/example_workday_timetable.py
[2025-12-04T12:27:26.401+0000] {processor.py:914} INFO - Processing file /home/airflow/.local/lib/python3.12/site-packages/airflow/example_dags/example_workday_timetable.py for tasks to queue
[2025-12-04T12:27:26.403+0000] {logging_mixin.py:190} INFO - [2025-12-04T12:27:26.403+0000] {dagbag.py:588} INFO - Filling up the DagBag from /home/airflow/.local/lib/python3.12/site-packages/airflow/example_dags/example_workday_timetable.py
[2025-12-04T12:27:26.409+0000] {processor.py:925} INFO - DAG(s) 'example_workday_timetable' retrieved from /home/airflow/.local/lib/python3.12/site-packages/airflow/example_dags/example_workday_timetable.py
[2025-12-04T12:27:26.429+0000] {logging_mixin.py:190} INFO - [2025-12-04T12:27:26.428+0000] {dag.py:3239} INFO - Sync 1 DAGs
[2025-12-04T12:27:26.515+0000] {logging_mixin.py:190} INFO - [2025-12-04T12:27:26.514+0000] {dag.py:4180} INFO - Setting next_dagrun for example_workday_timetable to 2021-01-04 00:00:00+00:00, run_after=2021-01-05 00:00:00+00:00
[2025-12-04T12:27:26.536+0000] {processor.py:208} INFO - Processing /home/airflow/.local/lib/python3.12/site-packages/airflow/example_dags/example_workday_timetable.py took 0.142 seconds
[2025-12-04T12:27:57.011+0000] {processor.py:186} INFO - Started process (PID=255) to work on /home/airflow/.local/lib/python3.12/site-packages/airflow/example_dags/example_workday_timetable.py
[2025-12-04T12:27:57.012+0000] {processor.py:914} INFO - Processing file /home/airflow/.local/lib/python3.12/site-packages/airflow/example_dags/example_workday_timetable.py for tasks to queue
[2025-12-04T12:27:57.014+0000] {logging_mixin.py:190} INFO - [2025-12-04T12:27:57.014+0000] {dagbag.py:588} INFO - Filling up the DagBag from /home/airflow/.local/lib/python3.12/site-packages/airflow/example_dags/example_workday_timetable.py
[2025-12-04T12:27:57.022+0000] {processor.py:925} INFO - DAG(s) 'example_workday_timetable' retrieved from /home/airflow/.local/lib/python3.12/site-packages/airflow/example_dags/example_workday_timetable.py
[2025-12-04T12:27:57.044+0000] {logging_mixin.py:190} INFO - [2025-12-04T12:27:57.044+0000] {dag.py:3239} INFO - Sync 1 DAGs
[2025-12-04T12:27:57.122+0000] {logging_mixin.py:190} INFO - [2025-12-04T12:27:57.122+0000] {dag.py:4180} INFO - Setting next_dagrun for example_workday_timetable to 2021-01-04 00:00:00+00:00, run_after=2021-01-05 00:00:00+00:00
[2025-12-04T12:27:57.145+0000] {processor.py:208} INFO - Processing /home/airflow/.local/lib/python3.12/site-packages/airflow/example_dags/example_workday_timetable.py took 0.139 seconds
[2025-12-04T12:28:27.388+0000] {processor.py:186} INFO - Started process (PID=321) to work on /home/airflow/.local/lib/python3.12/site-packages/airflow/example_dags/example_workday_timetable.py
[2025-12-04T12:28:27.389+0000] {processor.py:914} INFO - Processing file /home/airflow/.local/lib/python3.12/site-packages/airflow/example_dags/example_workday_timetable.py for tasks to queue
[2025-12-04T12:28:27.391+0000] {logging_mixin.py:190} INFO - [2025-12-04T12:28:27.391+0000] {dagbag.py:588} INFO - Filling up the DagBag from /home/airflow/.local/lib/python3.12/site-packages/airflow/example_dags/example_workday_timetable.py
[2025-12-04T12:28:27.397+0000] {processor.py:925} INFO - DAG(s) 'example_workday_timetable' retrieved from /home/airflow/.local/lib/python3.12/site-packages/airflow/example_dags/example_workday_timetable.py
[2025-12-04T12:28:27.417+0000] {logging_mixin.py:190} INFO - [2025-12-04T12:28:27.417+0000] {dag.py:3239} INFO - Sync 1 DAGs
[2025-12-04T12:28:27.498+0000] {logging_mixin.py:190} INFO - [2025-12-04T12:28:27.497+0000] {dag.py:4180} INFO - Setting next_dagrun for example_workday_timetable to 2021-01-04 00:00:00+00:00, run_after=2021-01-05 00:00:00+00:00
[2025-12-04T12:28:27.519+0000] {processor.py:208} INFO - Processing /home/airflow/.local/lib/python3.12/site-packages/airflow/example_dags/example_workday_timetable.py took 0.137 seconds
[2025-12-04T12:28:58.646+0000] {processor.py:186} INFO - Started process (PID=386) to work on /home/airflow/.local/lib/python3.12/site-packages/airflow/example_dags/example_workday_timetable.py
[2025-12-04T12:28:58.648+0000] {processor.py:914} INFO - Processing file /home/airflow/.local/lib/python3.12/site-packages/airflow/example_dags/example_workday_timetable.py for tasks to queue
[2025-12-04T12:28:58.651+0000] {logging_mixin.py:190} INFO - [2025-12-04T12:28:58.650+0000] {dagbag.py:588} INFO - Filling up the DagBag from /home/airflow/.local/lib/python3.12/site-packages/airflow/example_dags/example_workday_timetable.py
[2025-12-04T12:28:58.660+0000] {processor.py:925} INFO - DAG(s) 'example_workday_timetable' retrieved from /home/airflow/.local/lib/python3.12/site-packages/airflow/example_dags/example_workday_timetable.py
[2025-12-04T12:28:58.682+0000] {logging_mixin.py:190} INFO - [2025-12-04T12:28:58.682+0000] {dag.py:3239} INFO - Sync 1 DAGs
[2025-12-04T12:28:58.765+0000] {logging_mixin.py:190} INFO - [2025-12-04T12:28:58.764+0000] {dag.py:4180} INFO - Setting next_dagrun for example_workday_timetable to 2021-01-04 00:00:00+00:00, run_after=2021-01-05 00:00:00+00:00
[2025-12-04T12:28:58.786+0000] {processor.py:208} INFO - Processing /home/airflow/.local/lib/python3.12/site-packages/airflow/example_dags/example_workday_timetable.py took 0.149 seconds
[2025-12-04T12:29:29.716+0000] {processor.py:186} INFO - Started process (PID=452) to work on /home/airflow/.local/lib/python3.12/site-packages/airflow/example_dags/example_workday_timetable.py
[2025-12-04T12:29:29.717+0000] {processor.py:914} INFO - Processing file /home/airflow/.local/lib/python3.12/site-packages/airflow/example_dags/example_workday_timetable.py for tasks to queue
[2025-12-04T12:29:29.720+0000] {logging_mixin.py:190} INFO - [2025-12-04T12:29:29.719+0000] {dagbag.py:588} INFO - Filling up the DagBag from /home/airflow/.local/lib/python3.12/site-packages/airflow/example_dags/example_workday_timetable.py
[2025-12-04T12:29:29.727+0000] {processor.py:925} INFO - DAG(s) 'example_workday_timetable' retrieved from /home/airflow/.local/lib/python3.12/site-packages/airflow/example_dags/example_workday_timetable.py
[2025-12-04T12:29:29.754+0000] {logging_mixin.py:190} INFO - [2025-12-04T12:29:29.753+0000] {dag.py:3239} INFO - Sync 1 DAGs
[2025-12-04T12:29:29.845+0000] {logging_mixin.py:190} INFO - [2025-12-04T12:29:29.844+0000] {dag.py:4180} INFO - Setting next_dagrun for example_workday_timetable to 2021-01-04 00:00:00+00:00, run_after=2021-01-05 00:00:00+00:00
[2025-12-04T12:29:29.873+0000] {processor.py:208} INFO - Processing /home/airflow/.local/lib/python3.12/site-packages/airflow/example_dags/example_workday_timetable.py took 0.165 seconds
[2025-12-04T12:30:00.408+0000] {processor.py:186} INFO - Started process (PID=517) to work on /home/airflow/.local/lib/python3.12/site-packages/airflow/example_dags/example_workday_timetable.py
[2025-12-04T12:30:00.418+0000] {processor.py:914} INFO - Processing file /home/airflow/.local/lib/python3.12/site-packages/airflow/example_dags/example_workday_timetable.py for tasks to queue
[2025-12-04T12:30:00.421+0000] {logging_mixin.py:190} INFO - [2025-12-04T12:30:00.420+0000] {dagbag.py:588} INFO - Filling up the DagBag from /home/airflow/.local/lib/python3.12/site-packages/airflow/example_dags/example_workday_timetable.py
[2025-12-04T12:30:00.429+0000] {processor.py:925} INFO - DAG(s) 'example_workday_timetable' retrieved from /home/airflow/.local/lib/python3.12/site-packages/airflow/example_dags/example_workday_timetable.py
[2025-12-04T12:30:00.451+0000] {logging_mixin.py:190} INFO - [2025-12-04T12:30:00.450+0000] {dag.py:3239} INFO - Sync 1 DAGs
[2025-12-04T12:30:00.534+0000] {logging_mixin.py:190} INFO - [2025-12-04T12:30:00.533+0000] {dag.py:4180} INFO - Setting next_dagrun for example_workday_timetable to 2021-01-04 00:00:00+00:00, run_after=2021-01-05 00:00:00+00:00
[2025-12-04T12:30:00.556+0000] {processor.py:208} INFO - Processing /home/airflow/.local/lib/python3.12/site-packages/airflow/example_dags/example_workday_timetable.py took 0.153 seconds
[2025-12-04T12:30:30.720+0000] {processor.py:186} INFO - Started process (PID=583) to work on /home/airflow/.local/lib/python3.12/site-packages/airflow/example_dags/example_workday_timetable.py
[2025-12-04T12:30:30.729+0000] {processor.py:914} INFO - Processing file /home/airflow/.local/lib/python3.12/site-packages/airflow/example_dags/example_workday_timetable.py for tasks to queue
[2025-12-04T12:30:30.732+0000] {logging_mixin.py:190} INFO - [2025-12-04T12:30:30.731+0000] {dagbag.py:588} INFO - Filling up the DagBag from /home/airflow/.local/lib/python3.12/site-packages/airflow/example_dags/example_workday_timetable.py
[2025-12-04T12:30:30.738+0000] {processor.py:925} INFO - DAG(s) 'example_workday_timetable' retrieved from /home/airflow/.local/lib/python3.12/site-packages/airflow/example_dags/example_workday_timetable.py
[2025-12-04T12:30:30.759+0000] {logging_mixin.py:190} INFO - [2025-12-04T12:30:30.758+0000] {dag.py:3239} INFO - Sync 1 DAGs
[2025-12-04T12:30:30.835+0000] {logging_mixin.py:190} INFO - [2025-12-04T12:30:30.835+0000] {dag.py:4180} INFO - Setting next_dagrun for example_workday_timetable to 2021-01-04 00:00:00+00:00, run_after=2021-01-05 00:00:00+00:00
[2025-12-04T12:30:30.858+0000] {processor.py:208} INFO - Processing /home/airflow/.local/lib/python3.12/site-packages/airflow/example_dags/example_workday_timetable.py took 0.145 seconds
[2025-12-04T12:31:01.527+0000] {processor.py:186} INFO - Started process (PID=649) to work on /home/airflow/.local/lib/python3.12/site-packages/airflow/example_dags/example_workday_timetable.py
[2025-12-04T12:31:01.537+0000] {processor.py:914} INFO - Processing file /home/airflow/.local/lib/python3.12/site-packages/airflow/example_dags/example_workday_timetable.py for tasks to queue
[2025-12-04T12:31:01.541+0000] {logging_mixin.py:190} INFO - [2025-12-04T12:31:01.540+0000] {dagbag.py:588} INFO - Filling up the DagBag from /home/airflow/.local/lib/python3.12/site-packages/airflow/example_dags/example_workday_timetable.py
[2025-12-04T12:31:01.553+0000] {processor.py:925} INFO - DAG(s) 'example_workday_timetable' retrieved from /home/airflow/.local/lib/python3.12/site-packages/airflow/example_dags/example_workday_timetable.py
[2025-12-04T12:31:01.585+0000] {logging_mixin.py:190} INFO - [2025-12-04T12:31:01.584+0000] {dag.py:3239} INFO - Sync 1 DAGs
[2025-12-04T12:31:01.680+0000] {logging_mixin.py:190} INFO - [2025-12-04T12:31:01.680+0000] {dag.py:4180} INFO - Setting next_dagrun for example_workday_timetable to 2021-01-04 00:00:00+00:00, run_after=2021-01-05 00:00:00+00:00
[2025-12-04T12:31:01.708+0000] {processor.py:208} INFO - Processing /home/airflow/.local/lib/python3.12/site-packages/airflow/example_dags/example_workday_timetable.py took 0.192 seconds
[2025-12-04T12:31:32.053+0000] {processor.py:186} INFO - Started process (PID=715) to work on /home/airflow/.local/lib/python3.12/site-packages/airflow/example_dags/example_workday_timetable.py
[2025-12-04T12:31:32.064+0000] {processor.py:914} INFO - Processing file /home/airflow/.local/lib/python3.12/site-packages/airflow/example_dags/example_workday_timetable.py for tasks to queue
[2025-12-04T12:31:32.067+0000] {logging_mixin.py:190} INFO - [2025-12-04T12:31:32.067+0000] {dagbag.py:588} INFO - Filling up the DagBag from /home/airflow/.local/lib/python3.12/site-packages/airflow/example_dags/example_workday_timetable.py
[2025-12-04T12:31:32.078+0000] {processor.py:925} INFO - DAG(s) 'example_workday_timetable' retrieved from /home/airflow/.local/lib/python3.12/site-packages/airflow/example_dags/example_workday_timetable.py
[2025-12-04T12:31:32.105+0000] {logging_mixin.py:190} INFO - [2025-12-04T12:31:32.105+0000] {dag.py:3239} INFO - Sync 1 DAGs
[2025-12-04T12:31:32.203+0000] {logging_mixin.py:190} INFO - [2025-12-04T12:31:32.203+0000] {dag.py:4180} INFO - Setting next_dagrun for example_workday_timetable to 2021-01-04 00:00:00+00:00, run_after=2021-01-05 00:00:00+00:00
[2025-12-04T12:31:32.230+0000] {processor.py:208} INFO - Processing /home/airflow/.local/lib/python3.12/site-packages/airflow/example_dags/example_workday_timetable.py took 0.187 seconds
[2025-12-04T12:32:02.782+0000] {processor.py:186} INFO - Started process (PID=781) to work on /home/airflow/.local/lib/python3.12/site-packages/airflow/example_dags/example_workday_timetable.py
[2025-12-04T12:32:02.792+0000] {processor.py:914} INFO - Processing file /home/airflow/.local/lib/python3.12/site-packages/airflow/example_dags/example_workday_timetable.py for tasks to queue
[2025-12-04T12:32:02.797+0000] {logging_mixin.py:190} INFO - [2025-12-04T12:32:02.796+0000] {dagbag.py:588} INFO - Filling up the DagBag from /home/airflow/.local/lib/python3.12/site-packages/airflow/example_dags/example_workday_timetable.py
[2025-12-04T12:32:02.808+0000] {processor.py:925} INFO - DAG(s) 'example_workday_timetable' retrieved from /home/airflow/.local/lib/python3.12/site-packages/airflow/example_dags/example_workday_timetable.py
[2025-12-04T12:32:02.836+0000] {logging_mixin.py:190} INFO - [2025-12-04T12:32:02.836+0000] {dag.py:3239} INFO - Sync 1 DAGs
[2025-12-04T12:32:02.921+0000] {logging_mixin.py:190} INFO - [2025-12-04T12:32:02.920+0000] {dag.py:4180} INFO - Setting next_dagrun for example_workday_timetable to 2021-01-04 00:00:00+00:00, run_after=2021-01-05 00:00:00+00:00
[2025-12-04T12:32:02.952+0000] {processor.py:208} INFO - Processing /home/airflow/.local/lib/python3.12/site-packages/airflow/example_dags/example_workday_timetable.py took 0.181 seconds
[2025-12-04T12:32:33.228+0000] {processor.py:186} INFO - Started process (PID=847) to work on /home/airflow/.local/lib/python3.12/site-packages/airflow/example_dags/example_workday_timetable.py
[2025-12-04T12:32:33.238+0000] {processor.py:914} INFO - Processing file /home/airflow/.local/lib/python3.12/site-packages/airflow/example_dags/example_workday_timetable.py for tasks to queue
[2025-12-04T12:32:33.242+0000] {logging_mixin.py:190} INFO - [2025-12-04T12:32:33.241+0000] {dagbag.py:588} INFO - Filling up the DagBag from /home/airflow/.local/lib/python3.12/site-packages/airflow/example_dags/example_workday_timetable.py
[2025-12-04T12:32:33.250+0000] {processor.py:925} INFO - DAG(s) 'example_workday_timetable' retrieved from /home/airflow/.local/lib/python3.12/site-packages/airflow/example_dags/example_workday_timetable.py
[2025-12-04T12:32:33.279+0000] {logging_mixin.py:190} INFO - [2025-12-04T12:32:33.279+0000] {dag.py:3239} INFO - Sync 1 DAGs
[2025-12-04T12:32:33.387+0000] {logging_mixin.py:190} INFO - [2025-12-04T12:32:33.386+0000] {dag.py:4180} INFO - Setting next_dagrun for example_workday_timetable to 2021-01-04 00:00:00+00:00, run_after=2021-01-05 00:00:00+00:00
[2025-12-04T12:32:33.415+0000] {processor.py:208} INFO - Processing /home/airflow/.local/lib/python3.12/site-packages/airflow/example_dags/example_workday_timetable.py took 0.198 seconds
[2025-12-04T12:33:03.795+0000] {processor.py:186} INFO - Started process (PID=914) to work on /home/airflow/.local/lib/python3.12/site-packages/airflow/example_dags/example_workday_timetable.py
[2025-12-04T12:33:03.797+0000] {processor.py:914} INFO - Processing file /home/airflow/.local/lib/python3.12/site-packages/airflow/example_dags/example_workday_timetable.py for tasks to queue
[2025-12-04T12:33:03.801+0000] {logging_mixin.py:190} INFO - [2025-12-04T12:33:03.801+0000] {dagbag.py:588} INFO - Filling up the DagBag from /home/airflow/.local/lib/python3.12/site-packages/airflow/example_dags/example_workday_timetable.py
[2025-12-04T12:33:03.812+0000] {processor.py:925} INFO - DAG(s) 'example_workday_timetable' retrieved from /home/airflow/.local/lib/python3.12/site-packages/airflow/example_dags/example_workday_timetable.py
[2025-12-04T12:33:03.848+0000] {logging_mixin.py:190} INFO - [2025-12-04T12:33:03.847+0000] {dag.py:3239} INFO - Sync 1 DAGs
[2025-12-04T12:33:03.957+0000] {logging_mixin.py:190} INFO - [2025-12-04T12:33:03.957+0000] {dag.py:4180} INFO - Setting next_dagrun for example_workday_timetable to 2021-01-04 00:00:00+00:00, run_after=2021-01-05 00:00:00+00:00
[2025-12-04T12:33:03.993+0000] {processor.py:208} INFO - Processing /home/airflow/.local/lib/python3.12/site-packages/airflow/example_dags/example_workday_timetable.py took 0.207 seconds
[2025-12-04T12:33:34.475+0000] {processor.py:186} INFO - Started process (PID=980) to work on /home/airflow/.local/lib/python3.12/site-packages/airflow/example_dags/example_workday_timetable.py
[2025-12-04T12:33:34.476+0000] {processor.py:914} INFO - Processing file /home/airflow/.local/lib/python3.12/site-packages/airflow/example_dags/example_workday_timetable.py for tasks to queue
[2025-12-04T12:33:34.480+0000] {logging_mixin.py:190} INFO - [2025-12-04T12:33:34.480+0000] {dagbag.py:588} INFO - Filling up the DagBag from /home/airflow/.local/lib/python3.12/site-packages/airflow/example_dags/example_workday_timetable.py
[2025-12-04T12:33:34.491+0000] {processor.py:925} INFO - DAG(s) 'example_workday_timetable' retrieved from /home/airflow/.local/lib/python3.12/site-packages/airflow/example_dags/example_workday_timetable.py
[2025-12-04T12:33:34.527+0000] {logging_mixin.py:190} INFO - [2025-12-04T12:33:34.526+0000] {dag.py:3239} INFO - Sync 1 DAGs
[2025-12-04T12:33:34.619+0000] {logging_mixin.py:190} INFO - [2025-12-04T12:33:34.619+0000] {dag.py:4180} INFO - Setting next_dagrun for example_workday_timetable to 2021-01-04 00:00:00+00:00, run_after=2021-01-05 00:00:00+00:00
[2025-12-04T12:33:34.649+0000] {processor.py:208} INFO - Processing /home/airflow/.local/lib/python3.12/site-packages/airflow/example_dags/example_workday_timetable.py took 0.181 seconds
[2025-12-04T12:34:05.033+0000] {processor.py:186} INFO - Started process (PID=1052) to work on /home/airflow/.local/lib/python3.12/site-packages/airflow/example_dags/example_workday_timetable.py
[2025-12-04T12:34:05.043+0000] {processor.py:914} INFO - Processing file /home/airflow/.local/lib/python3.12/site-packages/airflow/example_dags/example_workday_timetable.py for tasks to queue
[2025-12-04T12:34:05.048+0000] {logging_mixin.py:190} INFO - [2025-12-04T12:34:05.047+0000] {dagbag.py:588} INFO - Filling up the DagBag from /home/airflow/.local/lib/python3.12/site-packages/airflow/example_dags/example_workday_timetable.py
[2025-12-04T12:34:05.059+0000] {processor.py:925} INFO - DAG(s) 'example_workday_timetable' retrieved from /home/airflow/.local/lib/python3.12/site-packages/airflow/example_dags/example_workday_timetable.py
[2025-12-04T12:34:05.090+0000] {logging_mixin.py:190} INFO - [2025-12-04T12:34:05.089+0000] {dag.py:3239} INFO - Sync 1 DAGs
[2025-12-04T12:34:05.184+0000] {logging_mixin.py:190} INFO - [2025-12-04T12:34:05.184+0000] {dag.py:4180} INFO - Setting next_dagrun for example_workday_timetable to 2021-01-04 00:00:00+00:00, run_after=2021-01-05 00:00:00+00:00
[2025-12-04T12:34:05.207+0000] {processor.py:208} INFO - Processing /home/airflow/.local/lib/python3.12/site-packages/airflow/example_dags/example_workday_timetable.py took 0.183 seconds
[2025-12-04T12:34:36.173+0000] {processor.py:186} INFO - Started process (PID=1118) to work on /home/airflow/.local/lib/python3.12/site-packages/airflow/example_dags/example_workday_timetable.py
[2025-12-04T12:34:36.174+0000] {processor.py:914} INFO - Processing file /home/airflow/.local/lib/python3.12/site-packages/airflow/example_dags/example_workday_timetable.py for tasks to queue
[2025-12-04T12:34:36.178+0000] {logging_mixin.py:190} INFO - [2025-12-04T12:34:36.177+0000] {dagbag.py:588} INFO - Filling up the DagBag from /home/airflow/.local/lib/python3.12/site-packages/airflow/example_dags/example_workday_timetable.py
[2025-12-04T12:34:36.187+0000] {processor.py:925} INFO - DAG(s) 'example_workday_timetable' retrieved from /home/airflow/.local/lib/python3.12/site-packages/airflow/example_dags/example_workday_timetable.py
[2025-12-04T12:34:36.215+0000] {logging_mixin.py:190} INFO - [2025-12-04T12:34:36.215+0000] {dag.py:3239} INFO - Sync 1 DAGs
[2025-12-04T12:34:36.311+0000] {logging_mixin.py:190} INFO - [2025-12-04T12:34:36.311+0000] {dag.py:4180} INFO - Setting next_dagrun for example_workday_timetable to 2021-01-04 00:00:00+00:00, run_after=2021-01-05 00:00:00+00:00
[2025-12-04T12:34:36.337+0000] {processor.py:208} INFO - Processing /home/airflow/.local/lib/python3.12/site-packages/airflow/example_dags/example_workday_timetable.py took 0.174 seconds
[2025-12-04T12:35:06.807+0000] {processor.py:186} INFO - Started process (PID=1184) to work on /home/airflow/.local/lib/python3.12/site-packages/airflow/example_dags/example_workday_timetable.py
[2025-12-04T12:35:06.817+0000] {processor.py:914} INFO - Processing file /home/airflow/.local/lib/python3.12/site-packages/airflow/example_dags/example_workday_timetable.py for tasks to queue
[2025-12-04T12:35:06.820+0000] {logging_mixin.py:190} INFO - [2025-12-04T12:35:06.820+0000] {dagbag.py:588} INFO - Filling up the DagBag from /home/airflow/.local/lib/python3.12/site-packages/airflow/example_dags/example_workday_timetable.py
[2025-12-04T12:35:06.829+0000] {processor.py:925} INFO - DAG(s) 'example_workday_timetable' retrieved from /home/airflow/.local/lib/python3.12/site-packages/airflow/example_dags/example_workday_timetable.py
[2025-12-04T12:35:06.856+0000] {logging_mixin.py:190} INFO - [2025-12-04T12:35:06.855+0000] {dag.py:3239} INFO - Sync 1 DAGs
[2025-12-04T12:35:06.944+0000] {logging_mixin.py:190} INFO - [2025-12-04T12:35:06.944+0000] {dag.py:4180} INFO - Setting next_dagrun for example_workday_timetable to 2021-01-04 00:00:00+00:00, run_after=2021-01-05 00:00:00+00:00
[2025-12-04T12:35:06.967+0000] {processor.py:208} INFO - Processing /home/airflow/.local/lib/python3.12/site-packages/airflow/example_dags/example_workday_timetable.py took 0.168 seconds
[2025-12-04T12:35:37.477+0000] {processor.py:186} INFO - Started process (PID=1250) to work on /home/airflow/.local/lib/python3.12/site-packages/airflow/example_dags/example_workday_timetable.py
[2025-12-04T12:35:37.487+0000] {processor.py:914} INFO - Processing file /home/airflow/.local/lib/python3.12/site-packages/airflow/example_dags/example_workday_timetable.py for tasks to queue
[2025-12-04T12:35:37.490+0000] {logging_mixin.py:190} INFO - [2025-12-04T12:35:37.489+0000] {dagbag.py:588} INFO - Filling up the DagBag from /home/airflow/.local/lib/python3.12/site-packages/airflow/example_dags/example_workday_timetable.py
[2025-12-04T12:35:37.500+0000] {processor.py:925} INFO - DAG(s) 'example_workday_timetable' retrieved from /home/airflow/.local/lib/python3.12/site-packages/airflow/example_dags/example_workday_timetable.py
[2025-12-04T12:35:37.525+0000] {logging_mixin.py:190} INFO - [2025-12-04T12:35:37.524+0000] {dag.py:3239} INFO - Sync 1 DAGs
[2025-12-04T12:35:37.609+0000] {logging_mixin.py:190} INFO - [2025-12-04T12:35:37.608+0000] {dag.py:4180} INFO - Setting next_dagrun for example_workday_timetable to 2021-01-04 00:00:00+00:00, run_after=2021-01-05 00:00:00+00:00
[2025-12-04T12:35:37.632+0000] {processor.py:208} INFO - Processing /home/airflow/.local/lib/python3.12/site-packages/airflow/example_dags/example_workday_timetable.py took 0.160 seconds
[2025-12-04T12:36:07.864+0000] {processor.py:186} INFO - Started process (PID=1316) to work on /home/airflow/.local/lib/python3.12/site-packages/airflow/example_dags/example_workday_timetable.py
[2025-12-04T12:36:07.866+0000] {processor.py:914} INFO - Processing file /home/airflow/.local/lib/python3.12/site-packages/airflow/example_dags/example_workday_timetable.py for tasks to queue
[2025-12-04T12:36:07.870+0000] {logging_mixin.py:190} INFO - [2025-12-04T12:36:07.869+0000] {dagbag.py:588} INFO - Filling up the DagBag from /home/airflow/.local/lib/python3.12/site-packages/airflow/example_dags/example_workday_timetable.py
[2025-12-04T12:36:07.880+0000] {processor.py:925} INFO - DAG(s) 'example_workday_timetable' retrieved from /home/airflow/.local/lib/python3.12/site-packages/airflow/example_dags/example_workday_timetable.py
[2025-12-04T12:36:07.914+0000] {logging_mixin.py:190} INFO - [2025-12-04T12:36:07.913+0000] {dag.py:3239} INFO - Sync 1 DAGs
[2025-12-04T12:36:08.012+0000] {logging_mixin.py:190} INFO - [2025-12-04T12:36:08.011+0000] {dag.py:4180} INFO - Setting next_dagrun for example_workday_timetable to 2021-01-04 00:00:00+00:00, run_after=2021-01-05 00:00:00+00:00
[2025-12-04T12:36:08.039+0000] {processor.py:208} INFO - Processing /home/airflow/.local/lib/python3.12/site-packages/airflow/example_dags/example_workday_timetable.py took 0.185 seconds
[2025-12-04T12:36:38.350+0000] {processor.py:186} INFO - Started process (PID=1383) to work on /home/airflow/.local/lib/python3.12/site-packages/airflow/example_dags/example_workday_timetable.py
[2025-12-04T12:36:38.360+0000] {processor.py:914} INFO - Processing file /home/airflow/.local/lib/python3.12/site-packages/airflow/example_dags/example_workday_timetable.py for tasks to queue
[2025-12-04T12:36:38.365+0000] {logging_mixin.py:190} INFO - [2025-12-04T12:36:38.365+0000] {dagbag.py:588} INFO - Filling up the DagBag from /home/airflow/.local/lib/python3.12/site-packages/airflow/example_dags/example_workday_timetable.py
[2025-12-04T12:36:38.375+0000] {processor.py:925} INFO - DAG(s) 'example_workday_timetable' retrieved from /home/airflow/.local/lib/python3.12/site-packages/airflow/example_dags/example_workday_timetable.py
[2025-12-04T12:36:38.409+0000] {logging_mixin.py:190} INFO - [2025-12-04T12:36:38.408+0000] {dag.py:3239} INFO - Sync 1 DAGs
[2025-12-04T12:36:38.499+0000] {logging_mixin.py:190} INFO - [2025-12-04T12:36:38.499+0000] {dag.py:4180} INFO - Setting next_dagrun for example_workday_timetable to 2021-01-04 00:00:00+00:00, run_after=2021-01-05 00:00:00+00:00
[2025-12-04T12:36:38.529+0000] {processor.py:208} INFO - Processing /home/airflow/.local/lib/python3.12/site-packages/airflow/example_dags/example_workday_timetable.py took 0.189 seconds
[2025-12-04T12:37:08.672+0000] {processor.py:186} INFO - Started process (PID=1449) to work on /home/airflow/.local/lib/python3.12/site-packages/airflow/example_dags/example_workday_timetable.py
[2025-12-04T12:37:08.682+0000] {processor.py:914} INFO - Processing file /home/airflow/.local/lib/python3.12/site-packages/airflow/example_dags/example_workday_timetable.py for tasks to queue
[2025-12-04T12:37:08.685+0000] {logging_mixin.py:190} INFO - [2025-12-04T12:37:08.685+0000] {dagbag.py:588} INFO - Filling up the DagBag from /home/airflow/.local/lib/python3.12/site-packages/airflow/example_dags/example_workday_timetable.py
[2025-12-04T12:37:08.695+0000] {processor.py:925} INFO - DAG(s) 'example_workday_timetable' retrieved from /home/airflow/.local/lib/python3.12/site-packages/airflow/example_dags/example_workday_timetable.py
[2025-12-04T12:37:08.728+0000] {logging_mixin.py:190} INFO - [2025-12-04T12:37:08.727+0000] {dag.py:3239} INFO - Sync 1 DAGs
[2025-12-04T12:37:08.830+0000] {logging_mixin.py:190} INFO - [2025-12-04T12:37:08.830+0000] {dag.py:4180} INFO - Setting next_dagrun for example_workday_timetable to 2021-01-04 00:00:00+00:00, run_after=2021-01-05 00:00:00+00:00
[2025-12-04T12:37:08.857+0000] {processor.py:208} INFO - Processing /home/airflow/.local/lib/python3.12/site-packages/airflow/example_dags/example_workday_timetable.py took 0.193 seconds
[2025-12-04T12:37:39.208+0000] {processor.py:186} INFO - Started process (PID=1515) to work on /home/airflow/.local/lib/python3.12/site-packages/airflow/example_dags/example_workday_timetable.py
[2025-12-04T12:37:39.218+0000] {processor.py:914} INFO - Processing file /home/airflow/.local/lib/python3.12/site-packages/airflow/example_dags/example_workday_timetable.py for tasks to queue
[2025-12-04T12:37:39.222+0000] {logging_mixin.py:190} INFO - [2025-12-04T12:37:39.221+0000] {dagbag.py:588} INFO - Filling up the DagBag from /home/airflow/.local/lib/python3.12/site-packages/airflow/example_dags/example_workday_timetable.py
[2025-12-04T12:37:39.230+0000] {processor.py:925} INFO - DAG(s) 'example_workday_timetable' retrieved from /home/airflow/.local/lib/python3.12/site-packages/airflow/example_dags/example_workday_timetable.py
[2025-12-04T12:37:39.256+0000] {logging_mixin.py:190} INFO - [2025-12-04T12:37:39.255+0000] {dag.py:3239} INFO - Sync 1 DAGs
[2025-12-04T12:37:39.339+0000] {logging_mixin.py:190} INFO - [2025-12-04T12:37:39.339+0000] {dag.py:4180} INFO - Setting next_dagrun for example_workday_timetable to 2021-01-04 00:00:00+00:00, run_after=2021-01-05 00:00:00+00:00
[2025-12-04T12:37:39.368+0000] {processor.py:208} INFO - Processing /home/airflow/.local/lib/python3.12/site-packages/airflow/example_dags/example_workday_timetable.py took 0.166 seconds
[2025-12-04T12:38:09.743+0000] {processor.py:186} INFO - Started process (PID=1581) to work on /home/airflow/.local/lib/python3.12/site-packages/airflow/example_dags/example_workday_timetable.py
[2025-12-04T12:38:09.754+0000] {processor.py:914} INFO - Processing file /home/airflow/.local/lib/python3.12/site-packages/airflow/example_dags/example_workday_timetable.py for tasks to queue
[2025-12-04T12:38:09.758+0000] {logging_mixin.py:190} INFO - [2025-12-04T12:38:09.757+0000] {dagbag.py:588} INFO - Filling up the DagBag from /home/airflow/.local/lib/python3.12/site-packages/airflow/example_dags/example_workday_timetable.py
[2025-12-04T12:38:09.768+0000] {processor.py:925} INFO - DAG(s) 'example_workday_timetable' retrieved from /home/airflow/.local/lib/python3.12/site-packages/airflow/example_dags/example_workday_timetable.py
[2025-12-04T12:38:09.800+0000] {logging_mixin.py:190} INFO - [2025-12-04T12:38:09.799+0000] {dag.py:3239} INFO - Sync 1 DAGs
[2025-12-04T12:38:09.906+0000] {logging_mixin.py:190} INFO - [2025-12-04T12:38:09.905+0000] {dag.py:4180} INFO - Setting next_dagrun for example_workday_timetable to 2021-01-04 00:00:00+00:00, run_after=2021-01-05 00:00:00+00:00
[2025-12-04T12:38:09.934+0000] {processor.py:208} INFO - Processing /home/airflow/.local/lib/python3.12/site-packages/airflow/example_dags/example_workday_timetable.py took 0.200 seconds
[2025-12-04T12:38:40.387+0000] {processor.py:186} INFO - Started process (PID=1647) to work on /home/airflow/.local/lib/python3.12/site-packages/airflow/example_dags/example_workday_timetable.py
[2025-12-04T12:38:40.398+0000] {processor.py:914} INFO - Processing file /home/airflow/.local/lib/python3.12/site-packages/airflow/example_dags/example_workday_timetable.py for tasks to queue
[2025-12-04T12:38:40.402+0000] {logging_mixin.py:190} INFO - [2025-12-04T12:38:40.401+0000] {dagbag.py:588} INFO - Filling up the DagBag from /home/airflow/.local/lib/python3.12/site-packages/airflow/example_dags/example_workday_timetable.py
[2025-12-04T12:38:40.415+0000] {processor.py:925} INFO - DAG(s) 'example_workday_timetable' retrieved from /home/airflow/.local/lib/python3.12/site-packages/airflow/example_dags/example_workday_timetable.py
[2025-12-04T12:38:40.446+0000] {logging_mixin.py:190} INFO - [2025-12-04T12:38:40.445+0000] {dag.py:3239} INFO - Sync 1 DAGs
[2025-12-04T12:38:40.531+0000] {logging_mixin.py:190} INFO - [2025-12-04T12:38:40.531+0000] {dag.py:4180} INFO - Setting next_dagrun for example_workday_timetable to 2021-01-04 00:00:00+00:00, run_after=2021-01-05 00:00:00+00:00
[2025-12-04T12:38:40.560+0000] {processor.py:208} INFO - Processing /home/airflow/.local/lib/python3.12/site-packages/airflow/example_dags/example_workday_timetable.py took 0.183 seconds
[2025-12-04T12:39:10.774+0000] {processor.py:186} INFO - Started process (PID=1713) to work on /home/airflow/.local/lib/python3.12/site-packages/airflow/example_dags/example_workday_timetable.py
[2025-12-04T12:39:10.784+0000] {processor.py:914} INFO - Processing file /home/airflow/.local/lib/python3.12/site-packages/airflow/example_dags/example_workday_timetable.py for tasks to queue
[2025-12-04T12:39:10.788+0000] {logging_mixin.py:190} INFO - [2025-12-04T12:39:10.787+0000] {dagbag.py:588} INFO - Filling up the DagBag from /home/airflow/.local/lib/python3.12/site-packages/airflow/example_dags/example_workday_timetable.py
[2025-12-04T12:39:10.799+0000] {processor.py:925} INFO - DAG(s) 'example_workday_timetable' retrieved from /home/airflow/.local/lib/python3.12/site-packages/airflow/example_dags/example_workday_timetable.py
[2025-12-04T12:39:10.826+0000] {logging_mixin.py:190} INFO - [2025-12-04T12:39:10.826+0000] {dag.py:3239} INFO - Sync 1 DAGs
[2025-12-04T12:39:10.928+0000] {logging_mixin.py:190} INFO - [2025-12-04T12:39:10.928+0000] {dag.py:4180} INFO - Setting next_dagrun for example_workday_timetable to 2021-01-04 00:00:00+00:00, run_after=2021-01-05 00:00:00+00:00
[2025-12-04T12:39:10.955+0000] {processor.py:208} INFO - Processing /home/airflow/.local/lib/python3.12/site-packages/airflow/example_dags/example_workday_timetable.py took 0.191 seconds
[2025-12-04T12:39:41.481+0000] {processor.py:186} INFO - Started process (PID=1779) to work on /home/airflow/.local/lib/python3.12/site-packages/airflow/example_dags/example_workday_timetable.py
[2025-12-04T12:39:41.490+0000] {processor.py:914} INFO - Processing file /home/airflow/.local/lib/python3.12/site-packages/airflow/example_dags/example_workday_timetable.py for tasks to queue
[2025-12-04T12:39:41.492+0000] {logging_mixin.py:190} INFO - [2025-12-04T12:39:41.492+0000] {dagbag.py:588} INFO - Filling up the DagBag from /home/airflow/.local/lib/python3.12/site-packages/airflow/example_dags/example_workday_timetable.py
[2025-12-04T12:39:41.498+0000] {processor.py:925} INFO - DAG(s) 'example_workday_timetable' retrieved from /home/airflow/.local/lib/python3.12/site-packages/airflow/example_dags/example_workday_timetable.py
[2025-12-04T12:39:41.526+0000] {logging_mixin.py:190} INFO - [2025-12-04T12:39:41.526+0000] {dag.py:3239} INFO - Sync 1 DAGs
[2025-12-04T12:39:41.621+0000] {logging_mixin.py:190} INFO - [2025-12-04T12:39:41.620+0000] {dag.py:4180} INFO - Setting next_dagrun for example_workday_timetable to 2021-01-04 00:00:00+00:00, run_after=2021-01-05 00:00:00+00:00
[2025-12-04T12:39:41.642+0000] {processor.py:208} INFO - Processing /home/airflow/.local/lib/python3.12/site-packages/airflow/example_dags/example_workday_timetable.py took 0.167 seconds
[2025-12-04T12:40:11.965+0000] {processor.py:186} INFO - Started process (PID=1845) to work on /home/airflow/.local/lib/python3.12/site-packages/airflow/example_dags/example_workday_timetable.py
[2025-12-04T12:40:11.966+0000] {processor.py:914} INFO - Processing file /home/airflow/.local/lib/python3.12/site-packages/airflow/example_dags/example_workday_timetable.py for tasks to queue
[2025-12-04T12:40:11.970+0000] {logging_mixin.py:190} INFO - [2025-12-04T12:40:11.969+0000] {dagbag.py:588} INFO - Filling up the DagBag from /home/airflow/.local/lib/python3.12/site-packages/airflow/example_dags/example_workday_timetable.py
[2025-12-04T12:40:11.981+0000] {processor.py:925} INFO - DAG(s) 'example_workday_timetable' retrieved from /home/airflow/.local/lib/python3.12/site-packages/airflow/example_dags/example_workday_timetable.py
[2025-12-04T12:40:12.008+0000] {logging_mixin.py:190} INFO - [2025-12-04T12:40:12.007+0000] {dag.py:3239} INFO - Sync 1 DAGs
[2025-12-04T12:40:12.108+0000] {logging_mixin.py:190} INFO - [2025-12-04T12:40:12.108+0000] {dag.py:4180} INFO - Setting next_dagrun for example_workday_timetable to 2021-01-04 00:00:00+00:00, run_after=2021-01-05 00:00:00+00:00
[2025-12-04T12:40:12.136+0000] {processor.py:208} INFO - Processing /home/airflow/.local/lib/python3.12/site-packages/airflow/example_dags/example_workday_timetable.py took 0.181 seconds
[2025-12-04T12:40:42.573+0000] {processor.py:186} INFO - Started process (PID=1911) to work on /home/airflow/.local/lib/python3.12/site-packages/airflow/example_dags/example_workday_timetable.py
[2025-12-04T12:40:42.582+0000] {processor.py:914} INFO - Processing file /home/airflow/.local/lib/python3.12/site-packages/airflow/example_dags/example_workday_timetable.py for tasks to queue
[2025-12-04T12:40:42.585+0000] {logging_mixin.py:190} INFO - [2025-12-04T12:40:42.585+0000] {dagbag.py:588} INFO - Filling up the DagBag from /home/airflow/.local/lib/python3.12/site-packages/airflow/example_dags/example_workday_timetable.py
[2025-12-04T12:40:42.594+0000] {processor.py:925} INFO - DAG(s) 'example_workday_timetable' retrieved from /home/airflow/.local/lib/python3.12/site-packages/airflow/example_dags/example_workday_timetable.py
[2025-12-04T12:40:42.614+0000] {logging_mixin.py:190} INFO - [2025-12-04T12:40:42.614+0000] {dag.py:3239} INFO - Sync 1 DAGs
[2025-12-04T12:40:42.692+0000] {logging_mixin.py:190} INFO - [2025-12-04T12:40:42.691+0000] {dag.py:4180} INFO - Setting next_dagrun for example_workday_timetable to 2021-01-04 00:00:00+00:00, run_after=2021-01-05 00:00:00+00:00
[2025-12-04T12:40:42.713+0000] {processor.py:208} INFO - Processing /home/airflow/.local/lib/python3.12/site-packages/airflow/example_dags/example_workday_timetable.py took 0.149 seconds
[2025-12-04T12:41:13.034+0000] {processor.py:186} INFO - Started process (PID=1977) to work on /home/airflow/.local/lib/python3.12/site-packages/airflow/example_dags/example_workday_timetable.py
[2025-12-04T12:41:13.036+0000] {processor.py:914} INFO - Processing file /home/airflow/.local/lib/python3.12/site-packages/airflow/example_dags/example_workday_timetable.py for tasks to queue
[2025-12-04T12:41:13.039+0000] {logging_mixin.py:190} INFO - [2025-12-04T12:41:13.038+0000] {dagbag.py:588} INFO - Filling up the DagBag from /home/airflow/.local/lib/python3.12/site-packages/airflow/example_dags/example_workday_timetable.py
[2025-12-04T12:41:13.047+0000] {processor.py:925} INFO - DAG(s) 'example_workday_timetable' retrieved from /home/airflow/.local/lib/python3.12/site-packages/airflow/example_dags/example_workday_timetable.py
[2025-12-04T12:41:13.076+0000] {logging_mixin.py:190} INFO - [2025-12-04T12:41:13.075+0000] {dag.py:3239} INFO - Sync 1 DAGs
[2025-12-04T12:41:13.170+0000] {logging_mixin.py:190} INFO - [2025-12-04T12:41:13.169+0000] {dag.py:4180} INFO - Setting next_dagrun for example_workday_timetable to 2021-01-04 00:00:00+00:00, run_after=2021-01-05 00:00:00+00:00
[2025-12-04T12:41:13.191+0000] {processor.py:208} INFO - Processing /home/airflow/.local/lib/python3.12/site-packages/airflow/example_dags/example_workday_timetable.py took 0.164 seconds
[2025-12-04T12:41:43.242+0000] {processor.py:186} INFO - Started process (PID=2043) to work on /home/airflow/.local/lib/python3.12/site-packages/airflow/example_dags/example_workday_timetable.py
[2025-12-04T12:41:43.243+0000] {processor.py:914} INFO - Processing file /home/airflow/.local/lib/python3.12/site-packages/airflow/example_dags/example_workday_timetable.py for tasks to queue
[2025-12-04T12:41:43.246+0000] {logging_mixin.py:190} INFO - [2025-12-04T12:41:43.246+0000] {dagbag.py:588} INFO - Filling up the DagBag from /home/airflow/.local/lib/python3.12/site-packages/airflow/example_dags/example_workday_timetable.py
[2025-12-04T12:41:43.255+0000] {processor.py:925} INFO - DAG(s) 'example_workday_timetable' retrieved from /home/airflow/.local/lib/python3.12/site-packages/airflow/example_dags/example_workday_timetable.py
[2025-12-04T12:41:43.278+0000] {logging_mixin.py:190} INFO - [2025-12-04T12:41:43.277+0000] {dag.py:3239} INFO - Sync 1 DAGs
[2025-12-04T12:41:43.356+0000] {logging_mixin.py:190} INFO - [2025-12-04T12:41:43.355+0000] {dag.py:4180} INFO - Setting next_dagrun for example_workday_timetable to 2021-01-04 00:00:00+00:00, run_after=2021-01-05 00:00:00+00:00
[2025-12-04T12:41:43.378+0000] {processor.py:208} INFO - Processing /home/airflow/.local/lib/python3.12/site-packages/airflow/example_dags/example_workday_timetable.py took 0.145 seconds
[2025-12-04T12:42:13.919+0000] {processor.py:186} INFO - Started process (PID=2108) to work on /home/airflow/.local/lib/python3.12/site-packages/airflow/example_dags/example_workday_timetable.py
[2025-12-04T12:42:13.919+0000] {processor.py:914} INFO - Processing file /home/airflow/.local/lib/python3.12/site-packages/airflow/example_dags/example_workday_timetable.py for tasks to queue
[2025-12-04T12:42:13.921+0000] {logging_mixin.py:190} INFO - [2025-12-04T12:42:13.921+0000] {dagbag.py:588} INFO - Filling up the DagBag from /home/airflow/.local/lib/python3.12/site-packages/airflow/example_dags/example_workday_timetable.py
[2025-12-04T12:42:13.927+0000] {processor.py:925} INFO - DAG(s) 'example_workday_timetable' retrieved from /home/airflow/.local/lib/python3.12/site-packages/airflow/example_dags/example_workday_timetable.py
[2025-12-04T12:42:13.947+0000] {logging_mixin.py:190} INFO - [2025-12-04T12:42:13.947+0000] {dag.py:3239} INFO - Sync 1 DAGs
[2025-12-04T12:42:14.023+0000] {logging_mixin.py:190} INFO - [2025-12-04T12:42:14.023+0000] {dag.py:4180} INFO - Setting next_dagrun for example_workday_timetable to 2021-01-04 00:00:00+00:00, run_after=2021-01-05 00:00:00+00:00
[2025-12-04T12:42:14.047+0000] {processor.py:208} INFO - Processing /home/airflow/.local/lib/python3.12/site-packages/airflow/example_dags/example_workday_timetable.py took 0.134 seconds
[2025-12-04T12:42:44.520+0000] {processor.py:186} INFO - Started process (PID=2173) to work on /home/airflow/.local/lib/python3.12/site-packages/airflow/example_dags/example_workday_timetable.py
[2025-12-04T12:42:44.521+0000] {processor.py:914} INFO - Processing file /home/airflow/.local/lib/python3.12/site-packages/airflow/example_dags/example_workday_timetable.py for tasks to queue
[2025-12-04T12:42:44.524+0000] {logging_mixin.py:190} INFO - [2025-12-04T12:42:44.524+0000] {dagbag.py:588} INFO - Filling up the DagBag from /home/airflow/.local/lib/python3.12/site-packages/airflow/example_dags/example_workday_timetable.py
[2025-12-04T12:42:44.532+0000] {processor.py:925} INFO - DAG(s) 'example_workday_timetable' retrieved from /home/airflow/.local/lib/python3.12/site-packages/airflow/example_dags/example_workday_timetable.py
[2025-12-04T12:42:44.561+0000] {logging_mixin.py:190} INFO - [2025-12-04T12:42:44.561+0000] {dag.py:3239} INFO - Sync 1 DAGs
[2025-12-04T12:42:44.668+0000] {logging_mixin.py:190} INFO - [2025-12-04T12:42:44.668+0000] {dag.py:4180} INFO - Setting next_dagrun for example_workday_timetable to 2021-01-04 00:00:00+00:00, run_after=2021-01-05 00:00:00+00:00
[2025-12-04T12:42:44.698+0000] {processor.py:208} INFO - Processing /home/airflow/.local/lib/python3.12/site-packages/airflow/example_dags/example_workday_timetable.py took 0.188 seconds
[2025-12-04T12:43:15.648+0000] {processor.py:186} INFO - Started process (PID=2239) to work on /home/airflow/.local/lib/python3.12/site-packages/airflow/example_dags/example_workday_timetable.py
[2025-12-04T12:43:15.658+0000] {processor.py:914} INFO - Processing file /home/airflow/.local/lib/python3.12/site-packages/airflow/example_dags/example_workday_timetable.py for tasks to queue
[2025-12-04T12:43:15.660+0000] {logging_mixin.py:190} INFO - [2025-12-04T12:43:15.660+0000] {dagbag.py:588} INFO - Filling up the DagBag from /home/airflow/.local/lib/python3.12/site-packages/airflow/example_dags/example_workday_timetable.py
[2025-12-04T12:43:15.667+0000] {processor.py:925} INFO - DAG(s) 'example_workday_timetable' retrieved from /home/airflow/.local/lib/python3.12/site-packages/airflow/example_dags/example_workday_timetable.py
[2025-12-04T12:43:15.692+0000] {logging_mixin.py:190} INFO - [2025-12-04T12:43:15.692+0000] {dag.py:3239} INFO - Sync 1 DAGs
[2025-12-04T12:43:15.790+0000] {logging_mixin.py:190} INFO - [2025-12-04T12:43:15.789+0000] {dag.py:4180} INFO - Setting next_dagrun for example_workday_timetable to 2021-01-04 00:00:00+00:00, run_after=2021-01-05 00:00:00+00:00
[2025-12-04T12:43:15.819+0000] {processor.py:208} INFO - Processing /home/airflow/.local/lib/python3.12/site-packages/airflow/example_dags/example_workday_timetable.py took 0.178 seconds
[2025-12-04T12:43:46.153+0000] {processor.py:186} INFO - Started process (PID=2305) to work on /home/airflow/.local/lib/python3.12/site-packages/airflow/example_dags/example_workday_timetable.py
[2025-12-04T12:43:46.154+0000] {processor.py:914} INFO - Processing file /home/airflow/.local/lib/python3.12/site-packages/airflow/example_dags/example_workday_timetable.py for tasks to queue
[2025-12-04T12:43:46.157+0000] {logging_mixin.py:190} INFO - [2025-12-04T12:43:46.157+0000] {dagbag.py:588} INFO - Filling up the DagBag from /home/airflow/.local/lib/python3.12/site-packages/airflow/example_dags/example_workday_timetable.py
[2025-12-04T12:43:46.166+0000] {processor.py:925} INFO - DAG(s) 'example_workday_timetable' retrieved from /home/airflow/.local/lib/python3.12/site-packages/airflow/example_dags/example_workday_timetable.py
[2025-12-04T12:43:46.193+0000] {logging_mixin.py:190} INFO - [2025-12-04T12:43:46.193+0000] {dag.py:3239} INFO - Sync 1 DAGs
[2025-12-04T12:43:46.291+0000] {logging_mixin.py:190} INFO - [2025-12-04T12:43:46.290+0000] {dag.py:4180} INFO - Setting next_dagrun for example_workday_timetable to 2021-01-04 00:00:00+00:00, run_after=2021-01-05 00:00:00+00:00
[2025-12-04T12:43:46.314+0000] {processor.py:208} INFO - Processing /home/airflow/.local/lib/python3.12/site-packages/airflow/example_dags/example_workday_timetable.py took 0.169 seconds
[2025-12-04T12:44:16.969+0000] {processor.py:186} INFO - Started process (PID=2371) to work on /home/airflow/.local/lib/python3.12/site-packages/airflow/example_dags/example_workday_timetable.py
[2025-12-04T12:44:16.970+0000] {processor.py:914} INFO - Processing file /home/airflow/.local/lib/python3.12/site-packages/airflow/example_dags/example_workday_timetable.py for tasks to queue
[2025-12-04T12:44:16.972+0000] {logging_mixin.py:190} INFO - [2025-12-04T12:44:16.971+0000] {dagbag.py:588} INFO - Filling up the DagBag from /home/airflow/.local/lib/python3.12/site-packages/airflow/example_dags/example_workday_timetable.py
[2025-12-04T12:44:16.977+0000] {processor.py:925} INFO - DAG(s) 'example_workday_timetable' retrieved from /home/airflow/.local/lib/python3.12/site-packages/airflow/example_dags/example_workday_timetable.py
[2025-12-04T12:44:16.997+0000] {logging_mixin.py:190} INFO - [2025-12-04T12:44:16.996+0000] {dag.py:3239} INFO - Sync 1 DAGs
[2025-12-04T12:44:17.075+0000] {logging_mixin.py:190} INFO - [2025-12-04T12:44:17.075+0000] {dag.py:4180} INFO - Setting next_dagrun for example_workday_timetable to 2021-01-04 00:00:00+00:00, run_after=2021-01-05 00:00:00+00:00
[2025-12-04T12:44:17.098+0000] {processor.py:208} INFO - Processing /home/airflow/.local/lib/python3.12/site-packages/airflow/example_dags/example_workday_timetable.py took 0.134 seconds
[2025-12-04T12:44:47.215+0000] {processor.py:186} INFO - Started process (PID=2435) to work on /home/airflow/.local/lib/python3.12/site-packages/airflow/example_dags/example_workday_timetable.py
[2025-12-04T12:44:47.215+0000] {processor.py:914} INFO - Processing file /home/airflow/.local/lib/python3.12/site-packages/airflow/example_dags/example_workday_timetable.py for tasks to queue
[2025-12-04T12:44:47.217+0000] {logging_mixin.py:190} INFO - [2025-12-04T12:44:47.217+0000] {dagbag.py:588} INFO - Filling up the DagBag from /home/airflow/.local/lib/python3.12/site-packages/airflow/example_dags/example_workday_timetable.py
[2025-12-04T12:44:47.222+0000] {processor.py:925} INFO - DAG(s) 'example_workday_timetable' retrieved from /home/airflow/.local/lib/python3.12/site-packages/airflow/example_dags/example_workday_timetable.py
[2025-12-04T12:44:47.240+0000] {logging_mixin.py:190} INFO - [2025-12-04T12:44:47.239+0000] {dag.py:3239} INFO - Sync 1 DAGs
[2025-12-04T12:44:47.302+0000] {logging_mixin.py:190} INFO - [2025-12-04T12:44:47.302+0000] {dag.py:4180} INFO - Setting next_dagrun for example_workday_timetable to 2021-01-04 00:00:00+00:00, run_after=2021-01-05 00:00:00+00:00
[2025-12-04T12:44:47.319+0000] {processor.py:208} INFO - Processing /home/airflow/.local/lib/python3.12/site-packages/airflow/example_dags/example_workday_timetable.py took 0.110 seconds
[2025-12-04T12:45:18.013+0000] {processor.py:186} INFO - Started process (PID=2495) to work on /home/airflow/.local/lib/python3.12/site-packages/airflow/example_dags/example_workday_timetable.py
[2025-12-04T12:45:18.014+0000] {processor.py:914} INFO - Processing file /home/airflow/.local/lib/python3.12/site-packages/airflow/example_dags/example_workday_timetable.py for tasks to queue
[2025-12-04T12:45:18.017+0000] {logging_mixin.py:190} INFO - [2025-12-04T12:45:18.016+0000] {dagbag.py:588} INFO - Filling up the DagBag from /home/airflow/.local/lib/python3.12/site-packages/airflow/example_dags/example_workday_timetable.py
[2025-12-04T12:45:18.022+0000] {processor.py:925} INFO - DAG(s) 'example_workday_timetable' retrieved from /home/airflow/.local/lib/python3.12/site-packages/airflow/example_dags/example_workday_timetable.py
[2025-12-04T12:45:18.045+0000] {logging_mixin.py:190} INFO - [2025-12-04T12:45:18.045+0000] {dag.py:3239} INFO - Sync 1 DAGs
[2025-12-04T12:45:18.124+0000] {logging_mixin.py:190} INFO - [2025-12-04T12:45:18.124+0000] {dag.py:4180} INFO - Setting next_dagrun for example_workday_timetable to 2021-01-04 00:00:00+00:00, run_after=2021-01-05 00:00:00+00:00
[2025-12-04T12:45:18.149+0000] {processor.py:208} INFO - Processing /home/airflow/.local/lib/python3.12/site-packages/airflow/example_dags/example_workday_timetable.py took 0.142 seconds
[2025-12-04T12:45:48.914+0000] {processor.py:186} INFO - Started process (PID=2553) to work on /home/airflow/.local/lib/python3.12/site-packages/airflow/example_dags/example_workday_timetable.py
[2025-12-04T12:45:48.915+0000] {processor.py:914} INFO - Processing file /home/airflow/.local/lib/python3.12/site-packages/airflow/example_dags/example_workday_timetable.py for tasks to queue
[2025-12-04T12:45:48.917+0000] {logging_mixin.py:190} INFO - [2025-12-04T12:45:48.917+0000] {dagbag.py:588} INFO - Filling up the DagBag from /home/airflow/.local/lib/python3.12/site-packages/airflow/example_dags/example_workday_timetable.py
[2025-12-04T12:45:48.923+0000] {processor.py:925} INFO - DAG(s) 'example_workday_timetable' retrieved from /home/airflow/.local/lib/python3.12/site-packages/airflow/example_dags/example_workday_timetable.py
[2025-12-04T12:45:48.953+0000] {logging_mixin.py:190} INFO - [2025-12-04T12:45:48.952+0000] {dag.py:3239} INFO - Sync 1 DAGs
[2025-12-04T12:45:49.035+0000] {logging_mixin.py:190} INFO - [2025-12-04T12:45:49.035+0000] {dag.py:4180} INFO - Setting next_dagrun for example_workday_timetable to 2021-01-04 00:00:00+00:00, run_after=2021-01-05 00:00:00+00:00
[2025-12-04T12:45:49.060+0000] {processor.py:208} INFO - Processing /home/airflow/.local/lib/python3.12/site-packages/airflow/example_dags/example_workday_timetable.py took 0.153 seconds
[2025-12-04T12:46:19.425+0000] {processor.py:186} INFO - Started process (PID=2618) to work on /home/airflow/.local/lib/python3.12/site-packages/airflow/example_dags/example_workday_timetable.py
[2025-12-04T12:46:19.425+0000] {processor.py:914} INFO - Processing file /home/airflow/.local/lib/python3.12/site-packages/airflow/example_dags/example_workday_timetable.py for tasks to queue
[2025-12-04T12:46:19.427+0000] {logging_mixin.py:190} INFO - [2025-12-04T12:46:19.427+0000] {dagbag.py:588} INFO - Filling up the DagBag from /home/airflow/.local/lib/python3.12/site-packages/airflow/example_dags/example_workday_timetable.py
[2025-12-04T12:46:19.432+0000] {processor.py:925} INFO - DAG(s) 'example_workday_timetable' retrieved from /home/airflow/.local/lib/python3.12/site-packages/airflow/example_dags/example_workday_timetable.py
[2025-12-04T12:46:19.447+0000] {logging_mixin.py:190} INFO - [2025-12-04T12:46:19.447+0000] {dag.py:3239} INFO - Sync 1 DAGs
[2025-12-04T12:46:19.505+0000] {logging_mixin.py:190} INFO - [2025-12-04T12:46:19.505+0000] {dag.py:4180} INFO - Setting next_dagrun for example_workday_timetable to 2021-01-04 00:00:00+00:00, run_after=2021-01-05 00:00:00+00:00
[2025-12-04T12:46:19.522+0000] {processor.py:208} INFO - Processing /home/airflow/.local/lib/python3.12/site-packages/airflow/example_dags/example_workday_timetable.py took 0.101 seconds
[2025-12-04T12:49:36.800+0000] {processor.py:186} INFO - Started process (PID=57) to work on /home/airflow/.local/lib/python3.12/site-packages/airflow/example_dags/example_workday_timetable.py
[2025-12-04T12:49:36.801+0000] {processor.py:914} INFO - Processing file /home/airflow/.local/lib/python3.12/site-packages/airflow/example_dags/example_workday_timetable.py for tasks to queue
[2025-12-04T12:49:36.804+0000] {logging_mixin.py:190} INFO - [2025-12-04T12:49:36.804+0000] {dagbag.py:588} INFO - Filling up the DagBag from /home/airflow/.local/lib/python3.12/site-packages/airflow/example_dags/example_workday_timetable.py
[2025-12-04T12:49:36.811+0000] {processor.py:925} INFO - DAG(s) 'example_workday_timetable' retrieved from /home/airflow/.local/lib/python3.12/site-packages/airflow/example_dags/example_workday_timetable.py
[2025-12-04T12:49:36.903+0000] {logging_mixin.py:190} INFO - [2025-12-04T12:49:36.902+0000] {override.py:1912} INFO - Created Permission View: can edit on DAG:example_workday_timetable
[2025-12-04T12:49:36.913+0000] {logging_mixin.py:190} INFO - [2025-12-04T12:49:36.913+0000] {override.py:1912} INFO - Created Permission View: can delete on DAG:example_workday_timetable
[2025-12-04T12:49:36.921+0000] {logging_mixin.py:190} INFO - [2025-12-04T12:49:36.921+0000] {override.py:1912} INFO - Created Permission View: can read on DAG:example_workday_timetable
[2025-12-04T12:49:36.928+0000] {logging_mixin.py:190} INFO - [2025-12-04T12:49:36.928+0000] {override.py:1912} INFO - Created Permission View: can delete on DAG Run:example_workday_timetable
[2025-12-04T12:49:36.936+0000] {logging_mixin.py:190} INFO - [2025-12-04T12:49:36.936+0000] {override.py:1912} INFO - Created Permission View: can create on DAG Run:example_workday_timetable
[2025-12-04T12:49:36.944+0000] {logging_mixin.py:190} INFO - [2025-12-04T12:49:36.943+0000] {override.py:1912} INFO - Created Permission View: can read on DAG Run:example_workday_timetable
[2025-12-04T12:49:36.950+0000] {logging_mixin.py:190} INFO - [2025-12-04T12:49:36.949+0000] {override.py:1912} INFO - Created Permission View: menu access on DAG Run:example_workday_timetable
[2025-12-04T12:49:36.950+0000] {logging_mixin.py:190} INFO - [2025-12-04T12:49:36.950+0000] {dag.py:3239} INFO - Sync 1 DAGs
[2025-12-04T12:49:36.964+0000] {logging_mixin.py:190} INFO - [2025-12-04T12:49:36.964+0000] {dag.py:3262} INFO - Creating ORM DAG for example_workday_timetable
[2025-12-04T12:49:37.062+0000] {logging_mixin.py:190} INFO - [2025-12-04T12:49:37.061+0000] {dag.py:4180} INFO - Setting next_dagrun for example_workday_timetable to 2021-01-04 00:00:00+00:00, run_after=2021-01-05 00:00:00+00:00
[2025-12-04T12:49:37.086+0000] {processor.py:208} INFO - Processing /home/airflow/.local/lib/python3.12/site-packages/airflow/example_dags/example_workday_timetable.py took 0.292 seconds
[2025-12-04T12:50:07.182+0000] {processor.py:186} INFO - Started process (PID=123) to work on /home/airflow/.local/lib/python3.12/site-packages/airflow/example_dags/example_workday_timetable.py
[2025-12-04T12:50:07.183+0000] {processor.py:914} INFO - Processing file /home/airflow/.local/lib/python3.12/site-packages/airflow/example_dags/example_workday_timetable.py for tasks to queue
[2025-12-04T12:50:07.185+0000] {logging_mixin.py:190} INFO - [2025-12-04T12:50:07.185+0000] {dagbag.py:588} INFO - Filling up the DagBag from /home/airflow/.local/lib/python3.12/site-packages/airflow/example_dags/example_workday_timetable.py
[2025-12-04T12:50:07.191+0000] {processor.py:925} INFO - DAG(s) 'example_workday_timetable' retrieved from /home/airflow/.local/lib/python3.12/site-packages/airflow/example_dags/example_workday_timetable.py
[2025-12-04T12:50:07.211+0000] {logging_mixin.py:190} INFO - [2025-12-04T12:50:07.211+0000] {dag.py:3239} INFO - Sync 1 DAGs
[2025-12-04T12:50:07.302+0000] {logging_mixin.py:190} INFO - [2025-12-04T12:50:07.302+0000] {dag.py:4180} INFO - Setting next_dagrun for example_workday_timetable to 2021-01-04 00:00:00+00:00, run_after=2021-01-05 00:00:00+00:00
[2025-12-04T12:50:07.324+0000] {processor.py:208} INFO - Processing /home/airflow/.local/lib/python3.12/site-packages/airflow/example_dags/example_workday_timetable.py took 0.147 seconds
[2025-12-04T12:50:37.809+0000] {processor.py:186} INFO - Started process (PID=189) to work on /home/airflow/.local/lib/python3.12/site-packages/airflow/example_dags/example_workday_timetable.py
[2025-12-04T12:50:37.810+0000] {processor.py:914} INFO - Processing file /home/airflow/.local/lib/python3.12/site-packages/airflow/example_dags/example_workday_timetable.py for tasks to queue
[2025-12-04T12:50:37.812+0000] {logging_mixin.py:190} INFO - [2025-12-04T12:50:37.812+0000] {dagbag.py:588} INFO - Filling up the DagBag from /home/airflow/.local/lib/python3.12/site-packages/airflow/example_dags/example_workday_timetable.py
[2025-12-04T12:50:37.818+0000] {processor.py:925} INFO - DAG(s) 'example_workday_timetable' retrieved from /home/airflow/.local/lib/python3.12/site-packages/airflow/example_dags/example_workday_timetable.py
[2025-12-04T12:50:37.836+0000] {logging_mixin.py:190} INFO - [2025-12-04T12:50:37.835+0000] {dag.py:3239} INFO - Sync 1 DAGs
[2025-12-04T12:50:37.943+0000] {logging_mixin.py:190} INFO - [2025-12-04T12:50:37.943+0000] {dag.py:4180} INFO - Setting next_dagrun for example_workday_timetable to 2021-01-04 00:00:00+00:00, run_after=2021-01-05 00:00:00+00:00
[2025-12-04T12:50:37.964+0000] {processor.py:208} INFO - Processing /home/airflow/.local/lib/python3.12/site-packages/airflow/example_dags/example_workday_timetable.py took 0.160 seconds
[2025-12-04T12:51:08.029+0000] {processor.py:186} INFO - Started process (PID=254) to work on /home/airflow/.local/lib/python3.12/site-packages/airflow/example_dags/example_workday_timetable.py
[2025-12-04T12:51:08.030+0000] {processor.py:914} INFO - Processing file /home/airflow/.local/lib/python3.12/site-packages/airflow/example_dags/example_workday_timetable.py for tasks to queue
[2025-12-04T12:51:08.033+0000] {logging_mixin.py:190} INFO - [2025-12-04T12:51:08.032+0000] {dagbag.py:588} INFO - Filling up the DagBag from /home/airflow/.local/lib/python3.12/site-packages/airflow/example_dags/example_workday_timetable.py
[2025-12-04T12:51:08.041+0000] {processor.py:925} INFO - DAG(s) 'example_workday_timetable' retrieved from /home/airflow/.local/lib/python3.12/site-packages/airflow/example_dags/example_workday_timetable.py
[2025-12-04T12:51:08.068+0000] {logging_mixin.py:190} INFO - [2025-12-04T12:51:08.067+0000] {dag.py:3239} INFO - Sync 1 DAGs
[2025-12-04T12:51:08.174+0000] {logging_mixin.py:190} INFO - [2025-12-04T12:51:08.174+0000] {dag.py:4180} INFO - Setting next_dagrun for example_workday_timetable to 2021-01-04 00:00:00+00:00, run_after=2021-01-05 00:00:00+00:00
[2025-12-04T12:51:08.198+0000] {processor.py:208} INFO - Processing /home/airflow/.local/lib/python3.12/site-packages/airflow/example_dags/example_workday_timetable.py took 0.178 seconds
[2025-12-04T12:51:38.295+0000] {processor.py:186} INFO - Started process (PID=332) to work on /home/airflow/.local/lib/python3.12/site-packages/airflow/example_dags/example_workday_timetable.py
[2025-12-04T12:51:38.296+0000] {processor.py:914} INFO - Processing file /home/airflow/.local/lib/python3.12/site-packages/airflow/example_dags/example_workday_timetable.py for tasks to queue
[2025-12-04T12:51:38.298+0000] {logging_mixin.py:190} INFO - [2025-12-04T12:51:38.298+0000] {dagbag.py:588} INFO - Filling up the DagBag from /home/airflow/.local/lib/python3.12/site-packages/airflow/example_dags/example_workday_timetable.py
[2025-12-04T12:51:38.304+0000] {processor.py:925} INFO - DAG(s) 'example_workday_timetable' retrieved from /home/airflow/.local/lib/python3.12/site-packages/airflow/example_dags/example_workday_timetable.py
[2025-12-04T12:51:38.325+0000] {logging_mixin.py:190} INFO - [2025-12-04T12:51:38.324+0000] {dag.py:3239} INFO - Sync 1 DAGs
[2025-12-04T12:51:38.403+0000] {logging_mixin.py:190} INFO - [2025-12-04T12:51:38.403+0000] {dag.py:4180} INFO - Setting next_dagrun for example_workday_timetable to 2021-01-04 00:00:00+00:00, run_after=2021-01-05 00:00:00+00:00
[2025-12-04T12:51:38.427+0000] {processor.py:208} INFO - Processing /home/airflow/.local/lib/python3.12/site-packages/airflow/example_dags/example_workday_timetable.py took 0.138 seconds
[2025-12-04T12:52:09.436+0000] {processor.py:186} INFO - Started process (PID=406) to work on /home/airflow/.local/lib/python3.12/site-packages/airflow/example_dags/example_workday_timetable.py
[2025-12-04T12:52:09.437+0000] {processor.py:914} INFO - Processing file /home/airflow/.local/lib/python3.12/site-packages/airflow/example_dags/example_workday_timetable.py for tasks to queue
[2025-12-04T12:52:09.442+0000] {logging_mixin.py:190} INFO - [2025-12-04T12:52:09.441+0000] {dagbag.py:588} INFO - Filling up the DagBag from /home/airflow/.local/lib/python3.12/site-packages/airflow/example_dags/example_workday_timetable.py
[2025-12-04T12:52:09.453+0000] {processor.py:925} INFO - DAG(s) 'example_workday_timetable' retrieved from /home/airflow/.local/lib/python3.12/site-packages/airflow/example_dags/example_workday_timetable.py
[2025-12-04T12:52:09.477+0000] {logging_mixin.py:190} INFO - [2025-12-04T12:52:09.477+0000] {dag.py:3239} INFO - Sync 1 DAGs
[2025-12-04T12:52:09.563+0000] {logging_mixin.py:190} INFO - [2025-12-04T12:52:09.563+0000] {dag.py:4180} INFO - Setting next_dagrun for example_workday_timetable to 2021-01-04 00:00:00+00:00, run_after=2021-01-05 00:00:00+00:00
[2025-12-04T12:52:09.592+0000] {processor.py:208} INFO - Processing /home/airflow/.local/lib/python3.12/site-packages/airflow/example_dags/example_workday_timetable.py took 0.167 seconds
[2025-12-04T12:52:40.475+0000] {processor.py:186} INFO - Started process (PID=472) to work on /home/airflow/.local/lib/python3.12/site-packages/airflow/example_dags/example_workday_timetable.py
[2025-12-04T12:52:40.485+0000] {processor.py:914} INFO - Processing file /home/airflow/.local/lib/python3.12/site-packages/airflow/example_dags/example_workday_timetable.py for tasks to queue
[2025-12-04T12:52:40.488+0000] {logging_mixin.py:190} INFO - [2025-12-04T12:52:40.487+0000] {dagbag.py:588} INFO - Filling up the DagBag from /home/airflow/.local/lib/python3.12/site-packages/airflow/example_dags/example_workday_timetable.py
[2025-12-04T12:52:40.493+0000] {processor.py:925} INFO - DAG(s) 'example_workday_timetable' retrieved from /home/airflow/.local/lib/python3.12/site-packages/airflow/example_dags/example_workday_timetable.py
[2025-12-04T12:52:40.516+0000] {logging_mixin.py:190} INFO - [2025-12-04T12:52:40.515+0000] {dag.py:3239} INFO - Sync 1 DAGs
[2025-12-04T12:52:40.612+0000] {logging_mixin.py:190} INFO - [2025-12-04T12:52:40.611+0000] {dag.py:4180} INFO - Setting next_dagrun for example_workday_timetable to 2021-01-04 00:00:00+00:00, run_after=2021-01-05 00:00:00+00:00
[2025-12-04T12:52:40.635+0000] {processor.py:208} INFO - Processing /home/airflow/.local/lib/python3.12/site-packages/airflow/example_dags/example_workday_timetable.py took 0.168 seconds
[2025-12-04T12:53:10.688+0000] {processor.py:186} INFO - Started process (PID=538) to work on /home/airflow/.local/lib/python3.12/site-packages/airflow/example_dags/example_workday_timetable.py
[2025-12-04T12:53:10.691+0000] {processor.py:914} INFO - Processing file /home/airflow/.local/lib/python3.12/site-packages/airflow/example_dags/example_workday_timetable.py for tasks to queue
[2025-12-04T12:53:10.693+0000] {logging_mixin.py:190} INFO - [2025-12-04T12:53:10.692+0000] {dagbag.py:588} INFO - Filling up the DagBag from /home/airflow/.local/lib/python3.12/site-packages/airflow/example_dags/example_workday_timetable.py
[2025-12-04T12:53:10.699+0000] {processor.py:925} INFO - DAG(s) 'example_workday_timetable' retrieved from /home/airflow/.local/lib/python3.12/site-packages/airflow/example_dags/example_workday_timetable.py
[2025-12-04T12:53:10.720+0000] {logging_mixin.py:190} INFO - [2025-12-04T12:53:10.719+0000] {dag.py:3239} INFO - Sync 1 DAGs
[2025-12-04T12:53:10.806+0000] {logging_mixin.py:190} INFO - [2025-12-04T12:53:10.806+0000] {dag.py:4180} INFO - Setting next_dagrun for example_workday_timetable to 2021-01-04 00:00:00+00:00, run_after=2021-01-05 00:00:00+00:00
[2025-12-04T12:53:10.829+0000] {processor.py:208} INFO - Processing /home/airflow/.local/lib/python3.12/site-packages/airflow/example_dags/example_workday_timetable.py took 0.147 seconds
[2025-12-04T12:53:41.169+0000] {processor.py:186} INFO - Started process (PID=604) to work on /home/airflow/.local/lib/python3.12/site-packages/airflow/example_dags/example_workday_timetable.py
[2025-12-04T12:53:41.179+0000] {processor.py:914} INFO - Processing file /home/airflow/.local/lib/python3.12/site-packages/airflow/example_dags/example_workday_timetable.py for tasks to queue
[2025-12-04T12:53:41.183+0000] {logging_mixin.py:190} INFO - [2025-12-04T12:53:41.182+0000] {dagbag.py:588} INFO - Filling up the DagBag from /home/airflow/.local/lib/python3.12/site-packages/airflow/example_dags/example_workday_timetable.py
[2025-12-04T12:53:41.193+0000] {processor.py:925} INFO - DAG(s) 'example_workday_timetable' retrieved from /home/airflow/.local/lib/python3.12/site-packages/airflow/example_dags/example_workday_timetable.py
[2025-12-04T12:53:41.220+0000] {logging_mixin.py:190} INFO - [2025-12-04T12:53:41.219+0000] {dag.py:3239} INFO - Sync 1 DAGs
[2025-12-04T12:53:41.311+0000] {logging_mixin.py:190} INFO - [2025-12-04T12:53:41.311+0000] {dag.py:4180} INFO - Setting next_dagrun for example_workday_timetable to 2021-01-04 00:00:00+00:00, run_after=2021-01-05 00:00:00+00:00
[2025-12-04T12:53:41.339+0000] {processor.py:208} INFO - Processing /home/airflow/.local/lib/python3.12/site-packages/airflow/example_dags/example_workday_timetable.py took 0.180 seconds
[2025-12-04T12:54:11.565+0000] {processor.py:186} INFO - Started process (PID=670) to work on /home/airflow/.local/lib/python3.12/site-packages/airflow/example_dags/example_workday_timetable.py
[2025-12-04T12:54:11.575+0000] {processor.py:914} INFO - Processing file /home/airflow/.local/lib/python3.12/site-packages/airflow/example_dags/example_workday_timetable.py for tasks to queue
[2025-12-04T12:54:11.578+0000] {logging_mixin.py:190} INFO - [2025-12-04T12:54:11.578+0000] {dagbag.py:588} INFO - Filling up the DagBag from /home/airflow/.local/lib/python3.12/site-packages/airflow/example_dags/example_workday_timetable.py
[2025-12-04T12:54:11.588+0000] {processor.py:925} INFO - DAG(s) 'example_workday_timetable' retrieved from /home/airflow/.local/lib/python3.12/site-packages/airflow/example_dags/example_workday_timetable.py
[2025-12-04T12:54:11.617+0000] {logging_mixin.py:190} INFO - [2025-12-04T12:54:11.617+0000] {dag.py:3239} INFO - Sync 1 DAGs
[2025-12-04T12:54:11.711+0000] {logging_mixin.py:190} INFO - [2025-12-04T12:54:11.710+0000] {dag.py:4180} INFO - Setting next_dagrun for example_workday_timetable to 2021-01-04 00:00:00+00:00, run_after=2021-01-05 00:00:00+00:00
[2025-12-04T12:54:11.744+0000] {processor.py:208} INFO - Processing /home/airflow/.local/lib/python3.12/site-packages/airflow/example_dags/example_workday_timetable.py took 0.187 seconds
[2025-12-04T12:54:42.175+0000] {processor.py:186} INFO - Started process (PID=736) to work on /home/airflow/.local/lib/python3.12/site-packages/airflow/example_dags/example_workday_timetable.py
[2025-12-04T12:54:42.185+0000] {processor.py:914} INFO - Processing file /home/airflow/.local/lib/python3.12/site-packages/airflow/example_dags/example_workday_timetable.py for tasks to queue
[2025-12-04T12:54:42.189+0000] {logging_mixin.py:190} INFO - [2025-12-04T12:54:42.188+0000] {dagbag.py:588} INFO - Filling up the DagBag from /home/airflow/.local/lib/python3.12/site-packages/airflow/example_dags/example_workday_timetable.py
[2025-12-04T12:54:42.200+0000] {processor.py:925} INFO - DAG(s) 'example_workday_timetable' retrieved from /home/airflow/.local/lib/python3.12/site-packages/airflow/example_dags/example_workday_timetable.py
[2025-12-04T12:54:42.236+0000] {logging_mixin.py:190} INFO - [2025-12-04T12:54:42.235+0000] {dag.py:3239} INFO - Sync 1 DAGs
[2025-12-04T12:54:42.336+0000] {logging_mixin.py:190} INFO - [2025-12-04T12:54:42.335+0000] {dag.py:4180} INFO - Setting next_dagrun for example_workday_timetable to 2021-01-04 00:00:00+00:00, run_after=2021-01-05 00:00:00+00:00
[2025-12-04T12:54:42.364+0000] {processor.py:208} INFO - Processing /home/airflow/.local/lib/python3.12/site-packages/airflow/example_dags/example_workday_timetable.py took 0.199 seconds
