[2025-12-04T12:26:25.515+0000] {processor.py:186} INFO - Started process (PID=60) to work on /home/airflow/.local/lib/python3.12/site-packages/airflow/example_dags/example_display_name.py
[2025-12-04T12:26:25.515+0000] {processor.py:914} INFO - Processing file /home/airflow/.local/lib/python3.12/site-packages/airflow/example_dags/example_display_name.py for tasks to queue
[2025-12-04T12:26:25.517+0000] {logging_mixin.py:190} INFO - [2025-12-04T12:26:25.517+0000] {dagbag.py:588} INFO - Filling up the DagBag from /home/airflow/.local/lib/python3.12/site-packages/airflow/example_dags/example_display_name.py
[2025-12-04T12:26:25.524+0000] {processor.py:925} INFO - DAG(s) 'example_display_name' retrieved from /home/airflow/.local/lib/python3.12/site-packages/airflow/example_dags/example_display_name.py
[2025-12-04T12:26:25.620+0000] {logging_mixin.py:190} INFO - [2025-12-04T12:26:25.620+0000] {override.py:1912} INFO - Created Permission View: can delete on DAG:example_display_name
[2025-12-04T12:26:25.630+0000] {logging_mixin.py:190} INFO - [2025-12-04T12:26:25.630+0000] {override.py:1912} INFO - Created Permission View: can edit on DAG:example_display_name
[2025-12-04T12:26:25.637+0000] {logging_mixin.py:190} INFO - [2025-12-04T12:26:25.637+0000] {override.py:1912} INFO - Created Permission View: can read on DAG:example_display_name
[2025-12-04T12:26:25.646+0000] {logging_mixin.py:190} INFO - [2025-12-04T12:26:25.646+0000] {override.py:1912} INFO - Created Permission View: can delete on DAG Run:example_display_name
[2025-12-04T12:26:25.654+0000] {logging_mixin.py:190} INFO - [2025-12-04T12:26:25.654+0000] {override.py:1912} INFO - Created Permission View: can read on DAG Run:example_display_name
[2025-12-04T12:26:25.662+0000] {logging_mixin.py:190} INFO - [2025-12-04T12:26:25.661+0000] {override.py:1912} INFO - Created Permission View: can create on DAG Run:example_display_name
[2025-12-04T12:26:25.669+0000] {logging_mixin.py:190} INFO - [2025-12-04T12:26:25.669+0000] {override.py:1912} INFO - Created Permission View: menu access on DAG Run:example_display_name
[2025-12-04T12:26:25.670+0000] {logging_mixin.py:190} INFO - [2025-12-04T12:26:25.670+0000] {dag.py:3239} INFO - Sync 1 DAGs
[2025-12-04T12:26:25.684+0000] {logging_mixin.py:190} INFO - [2025-12-04T12:26:25.684+0000] {dag.py:3262} INFO - Creating ORM DAG for example_display_name
[2025-12-04T12:26:25.684+0000] {logging_mixin.py:190} INFO - [2025-12-04T12:26:25.684+0000] {dag.py:4180} INFO - Setting next_dagrun for example_display_name to None, run_after=None
[2025-12-04T12:26:25.699+0000] {processor.py:208} INFO - Processing /home/airflow/.local/lib/python3.12/site-packages/airflow/example_dags/example_display_name.py took 0.190 seconds
[2025-12-04T12:26:55.767+0000] {processor.py:186} INFO - Started process (PID=126) to work on /home/airflow/.local/lib/python3.12/site-packages/airflow/example_dags/example_display_name.py
[2025-12-04T12:26:55.769+0000] {processor.py:914} INFO - Processing file /home/airflow/.local/lib/python3.12/site-packages/airflow/example_dags/example_display_name.py for tasks to queue
[2025-12-04T12:26:55.771+0000] {logging_mixin.py:190} INFO - [2025-12-04T12:26:55.771+0000] {dagbag.py:588} INFO - Filling up the DagBag from /home/airflow/.local/lib/python3.12/site-packages/airflow/example_dags/example_display_name.py
[2025-12-04T12:26:55.781+0000] {processor.py:925} INFO - DAG(s) 'example_display_name' retrieved from /home/airflow/.local/lib/python3.12/site-packages/airflow/example_dags/example_display_name.py
[2025-12-04T12:26:55.801+0000] {logging_mixin.py:190} INFO - [2025-12-04T12:26:55.800+0000] {dag.py:3239} INFO - Sync 1 DAGs
[2025-12-04T12:26:55.819+0000] {logging_mixin.py:190} INFO - [2025-12-04T12:26:55.819+0000] {dag.py:4180} INFO - Setting next_dagrun for example_display_name to None, run_after=None
[2025-12-04T12:26:55.842+0000] {processor.py:208} INFO - Processing /home/airflow/.local/lib/python3.12/site-packages/airflow/example_dags/example_display_name.py took 0.084 seconds
[2025-12-04T12:27:26.694+0000] {processor.py:186} INFO - Started process (PID=192) to work on /home/airflow/.local/lib/python3.12/site-packages/airflow/example_dags/example_display_name.py
[2025-12-04T12:27:26.696+0000] {processor.py:914} INFO - Processing file /home/airflow/.local/lib/python3.12/site-packages/airflow/example_dags/example_display_name.py for tasks to queue
[2025-12-04T12:27:26.700+0000] {logging_mixin.py:190} INFO - [2025-12-04T12:27:26.699+0000] {dagbag.py:588} INFO - Filling up the DagBag from /home/airflow/.local/lib/python3.12/site-packages/airflow/example_dags/example_display_name.py
[2025-12-04T12:27:26.711+0000] {processor.py:925} INFO - DAG(s) 'example_display_name' retrieved from /home/airflow/.local/lib/python3.12/site-packages/airflow/example_dags/example_display_name.py
[2025-12-04T12:27:26.736+0000] {logging_mixin.py:190} INFO - [2025-12-04T12:27:26.735+0000] {dag.py:3239} INFO - Sync 1 DAGs
[2025-12-04T12:27:26.753+0000] {logging_mixin.py:190} INFO - [2025-12-04T12:27:26.753+0000] {dag.py:4180} INFO - Setting next_dagrun for example_display_name to None, run_after=None
[2025-12-04T12:27:26.776+0000] {processor.py:208} INFO - Processing /home/airflow/.local/lib/python3.12/site-packages/airflow/example_dags/example_display_name.py took 0.092 seconds
[2025-12-04T12:27:57.270+0000] {processor.py:186} INFO - Started process (PID=258) to work on /home/airflow/.local/lib/python3.12/site-packages/airflow/example_dags/example_display_name.py
[2025-12-04T12:27:57.271+0000] {processor.py:914} INFO - Processing file /home/airflow/.local/lib/python3.12/site-packages/airflow/example_dags/example_display_name.py for tasks to queue
[2025-12-04T12:27:57.273+0000] {logging_mixin.py:190} INFO - [2025-12-04T12:27:57.273+0000] {dagbag.py:588} INFO - Filling up the DagBag from /home/airflow/.local/lib/python3.12/site-packages/airflow/example_dags/example_display_name.py
[2025-12-04T12:27:57.281+0000] {processor.py:925} INFO - DAG(s) 'example_display_name' retrieved from /home/airflow/.local/lib/python3.12/site-packages/airflow/example_dags/example_display_name.py
[2025-12-04T12:27:57.302+0000] {logging_mixin.py:190} INFO - [2025-12-04T12:27:57.302+0000] {dag.py:3239} INFO - Sync 1 DAGs
[2025-12-04T12:27:57.320+0000] {logging_mixin.py:190} INFO - [2025-12-04T12:27:57.320+0000] {dag.py:4180} INFO - Setting next_dagrun for example_display_name to None, run_after=None
[2025-12-04T12:27:57.340+0000] {processor.py:208} INFO - Processing /home/airflow/.local/lib/python3.12/site-packages/airflow/example_dags/example_display_name.py took 0.076 seconds
[2025-12-04T12:28:27.810+0000] {processor.py:186} INFO - Started process (PID=324) to work on /home/airflow/.local/lib/python3.12/site-packages/airflow/example_dags/example_display_name.py
[2025-12-04T12:28:27.810+0000] {processor.py:914} INFO - Processing file /home/airflow/.local/lib/python3.12/site-packages/airflow/example_dags/example_display_name.py for tasks to queue
[2025-12-04T12:28:27.813+0000] {logging_mixin.py:190} INFO - [2025-12-04T12:28:27.812+0000] {dagbag.py:588} INFO - Filling up the DagBag from /home/airflow/.local/lib/python3.12/site-packages/airflow/example_dags/example_display_name.py
[2025-12-04T12:28:27.820+0000] {processor.py:925} INFO - DAG(s) 'example_display_name' retrieved from /home/airflow/.local/lib/python3.12/site-packages/airflow/example_dags/example_display_name.py
[2025-12-04T12:28:27.843+0000] {logging_mixin.py:190} INFO - [2025-12-04T12:28:27.842+0000] {dag.py:3239} INFO - Sync 1 DAGs
[2025-12-04T12:28:27.861+0000] {logging_mixin.py:190} INFO - [2025-12-04T12:28:27.860+0000] {dag.py:4180} INFO - Setting next_dagrun for example_display_name to None, run_after=None
[2025-12-04T12:28:27.883+0000] {processor.py:208} INFO - Processing /home/airflow/.local/lib/python3.12/site-packages/airflow/example_dags/example_display_name.py took 0.080 seconds
[2025-12-04T12:28:58.939+0000] {processor.py:186} INFO - Started process (PID=389) to work on /home/airflow/.local/lib/python3.12/site-packages/airflow/example_dags/example_display_name.py
[2025-12-04T12:28:58.940+0000] {processor.py:914} INFO - Processing file /home/airflow/.local/lib/python3.12/site-packages/airflow/example_dags/example_display_name.py for tasks to queue
[2025-12-04T12:28:58.942+0000] {logging_mixin.py:190} INFO - [2025-12-04T12:28:58.942+0000] {dagbag.py:588} INFO - Filling up the DagBag from /home/airflow/.local/lib/python3.12/site-packages/airflow/example_dags/example_display_name.py
[2025-12-04T12:28:58.949+0000] {processor.py:925} INFO - DAG(s) 'example_display_name' retrieved from /home/airflow/.local/lib/python3.12/site-packages/airflow/example_dags/example_display_name.py
[2025-12-04T12:28:58.970+0000] {logging_mixin.py:190} INFO - [2025-12-04T12:28:58.970+0000] {dag.py:3239} INFO - Sync 1 DAGs
[2025-12-04T12:28:58.989+0000] {logging_mixin.py:190} INFO - [2025-12-04T12:28:58.989+0000] {dag.py:4180} INFO - Setting next_dagrun for example_display_name to None, run_after=None
[2025-12-04T12:28:59.011+0000] {processor.py:208} INFO - Processing /home/airflow/.local/lib/python3.12/site-packages/airflow/example_dags/example_display_name.py took 0.077 seconds
[2025-12-04T12:29:30.210+0000] {processor.py:186} INFO - Started process (PID=455) to work on /home/airflow/.local/lib/python3.12/site-packages/airflow/example_dags/example_display_name.py
[2025-12-04T12:29:30.211+0000] {processor.py:914} INFO - Processing file /home/airflow/.local/lib/python3.12/site-packages/airflow/example_dags/example_display_name.py for tasks to queue
[2025-12-04T12:29:30.214+0000] {logging_mixin.py:190} INFO - [2025-12-04T12:29:30.214+0000] {dagbag.py:588} INFO - Filling up the DagBag from /home/airflow/.local/lib/python3.12/site-packages/airflow/example_dags/example_display_name.py
[2025-12-04T12:29:30.221+0000] {processor.py:925} INFO - DAG(s) 'example_display_name' retrieved from /home/airflow/.local/lib/python3.12/site-packages/airflow/example_dags/example_display_name.py
[2025-12-04T12:29:30.241+0000] {logging_mixin.py:190} INFO - [2025-12-04T12:29:30.241+0000] {dag.py:3239} INFO - Sync 1 DAGs
[2025-12-04T12:29:30.257+0000] {logging_mixin.py:190} INFO - [2025-12-04T12:29:30.257+0000] {dag.py:4180} INFO - Setting next_dagrun for example_display_name to None, run_after=None
[2025-12-04T12:29:30.277+0000] {processor.py:208} INFO - Processing /home/airflow/.local/lib/python3.12/site-packages/airflow/example_dags/example_display_name.py took 0.073 seconds
[2025-12-04T12:30:00.587+0000] {processor.py:186} INFO - Started process (PID=520) to work on /home/airflow/.local/lib/python3.12/site-packages/airflow/example_dags/example_display_name.py
[2025-12-04T12:30:00.588+0000] {processor.py:914} INFO - Processing file /home/airflow/.local/lib/python3.12/site-packages/airflow/example_dags/example_display_name.py for tasks to queue
[2025-12-04T12:30:00.590+0000] {logging_mixin.py:190} INFO - [2025-12-04T12:30:00.590+0000] {dagbag.py:588} INFO - Filling up the DagBag from /home/airflow/.local/lib/python3.12/site-packages/airflow/example_dags/example_display_name.py
[2025-12-04T12:30:00.599+0000] {processor.py:925} INFO - DAG(s) 'example_display_name' retrieved from /home/airflow/.local/lib/python3.12/site-packages/airflow/example_dags/example_display_name.py
[2025-12-04T12:30:00.622+0000] {logging_mixin.py:190} INFO - [2025-12-04T12:30:00.622+0000] {dag.py:3239} INFO - Sync 1 DAGs
[2025-12-04T12:30:00.641+0000] {logging_mixin.py:190} INFO - [2025-12-04T12:30:00.641+0000] {dag.py:4180} INFO - Setting next_dagrun for example_display_name to None, run_after=None
[2025-12-04T12:30:00.664+0000] {processor.py:208} INFO - Processing /home/airflow/.local/lib/python3.12/site-packages/airflow/example_dags/example_display_name.py took 0.082 seconds
[2025-12-04T12:30:30.894+0000] {processor.py:186} INFO - Started process (PID=586) to work on /home/airflow/.local/lib/python3.12/site-packages/airflow/example_dags/example_display_name.py
[2025-12-04T12:30:30.895+0000] {processor.py:914} INFO - Processing file /home/airflow/.local/lib/python3.12/site-packages/airflow/example_dags/example_display_name.py for tasks to queue
[2025-12-04T12:30:30.897+0000] {logging_mixin.py:190} INFO - [2025-12-04T12:30:30.896+0000] {dagbag.py:588} INFO - Filling up the DagBag from /home/airflow/.local/lib/python3.12/site-packages/airflow/example_dags/example_display_name.py
[2025-12-04T12:30:30.905+0000] {processor.py:925} INFO - DAG(s) 'example_display_name' retrieved from /home/airflow/.local/lib/python3.12/site-packages/airflow/example_dags/example_display_name.py
[2025-12-04T12:30:30.926+0000] {logging_mixin.py:190} INFO - [2025-12-04T12:30:30.926+0000] {dag.py:3239} INFO - Sync 1 DAGs
[2025-12-04T12:30:30.948+0000] {logging_mixin.py:190} INFO - [2025-12-04T12:30:30.947+0000] {dag.py:4180} INFO - Setting next_dagrun for example_display_name to None, run_after=None
[2025-12-04T12:30:30.970+0000] {processor.py:208} INFO - Processing /home/airflow/.local/lib/python3.12/site-packages/airflow/example_dags/example_display_name.py took 0.082 seconds
[2025-12-04T12:31:01.753+0000] {processor.py:186} INFO - Started process (PID=652) to work on /home/airflow/.local/lib/python3.12/site-packages/airflow/example_dags/example_display_name.py
[2025-12-04T12:31:01.755+0000] {processor.py:914} INFO - Processing file /home/airflow/.local/lib/python3.12/site-packages/airflow/example_dags/example_display_name.py for tasks to queue
[2025-12-04T12:31:01.758+0000] {logging_mixin.py:190} INFO - [2025-12-04T12:31:01.758+0000] {dagbag.py:588} INFO - Filling up the DagBag from /home/airflow/.local/lib/python3.12/site-packages/airflow/example_dags/example_display_name.py
[2025-12-04T12:31:01.768+0000] {processor.py:925} INFO - DAG(s) 'example_display_name' retrieved from /home/airflow/.local/lib/python3.12/site-packages/airflow/example_dags/example_display_name.py
[2025-12-04T12:31:01.796+0000] {logging_mixin.py:190} INFO - [2025-12-04T12:31:01.796+0000] {dag.py:3239} INFO - Sync 1 DAGs
[2025-12-04T12:31:01.818+0000] {logging_mixin.py:190} INFO - [2025-12-04T12:31:01.818+0000] {dag.py:4180} INFO - Setting next_dagrun for example_display_name to None, run_after=None
[2025-12-04T12:31:01.847+0000] {processor.py:208} INFO - Processing /home/airflow/.local/lib/python3.12/site-packages/airflow/example_dags/example_display_name.py took 0.101 seconds
[2025-12-04T12:31:32.274+0000] {processor.py:186} INFO - Started process (PID=718) to work on /home/airflow/.local/lib/python3.12/site-packages/airflow/example_dags/example_display_name.py
[2025-12-04T12:31:32.275+0000] {processor.py:914} INFO - Processing file /home/airflow/.local/lib/python3.12/site-packages/airflow/example_dags/example_display_name.py for tasks to queue
[2025-12-04T12:31:32.278+0000] {logging_mixin.py:190} INFO - [2025-12-04T12:31:32.277+0000] {dagbag.py:588} INFO - Filling up the DagBag from /home/airflow/.local/lib/python3.12/site-packages/airflow/example_dags/example_display_name.py
[2025-12-04T12:31:32.287+0000] {processor.py:925} INFO - DAG(s) 'example_display_name' retrieved from /home/airflow/.local/lib/python3.12/site-packages/airflow/example_dags/example_display_name.py
[2025-12-04T12:31:32.313+0000] {logging_mixin.py:190} INFO - [2025-12-04T12:31:32.312+0000] {dag.py:3239} INFO - Sync 1 DAGs
[2025-12-04T12:31:32.334+0000] {logging_mixin.py:190} INFO - [2025-12-04T12:31:32.333+0000] {dag.py:4180} INFO - Setting next_dagrun for example_display_name to None, run_after=None
[2025-12-04T12:31:32.361+0000] {processor.py:208} INFO - Processing /home/airflow/.local/lib/python3.12/site-packages/airflow/example_dags/example_display_name.py took 0.094 seconds
[2025-12-04T12:32:03.030+0000] {processor.py:186} INFO - Started process (PID=784) to work on /home/airflow/.local/lib/python3.12/site-packages/airflow/example_dags/example_display_name.py
[2025-12-04T12:32:03.032+0000] {processor.py:914} INFO - Processing file /home/airflow/.local/lib/python3.12/site-packages/airflow/example_dags/example_display_name.py for tasks to queue
[2025-12-04T12:32:03.035+0000] {logging_mixin.py:190} INFO - [2025-12-04T12:32:03.035+0000] {dagbag.py:588} INFO - Filling up the DagBag from /home/airflow/.local/lib/python3.12/site-packages/airflow/example_dags/example_display_name.py
[2025-12-04T12:32:03.044+0000] {processor.py:925} INFO - DAG(s) 'example_display_name' retrieved from /home/airflow/.local/lib/python3.12/site-packages/airflow/example_dags/example_display_name.py
[2025-12-04T12:32:03.069+0000] {logging_mixin.py:190} INFO - [2025-12-04T12:32:03.069+0000] {dag.py:3239} INFO - Sync 1 DAGs
[2025-12-04T12:32:03.090+0000] {logging_mixin.py:190} INFO - [2025-12-04T12:32:03.089+0000] {dag.py:4180} INFO - Setting next_dagrun for example_display_name to None, run_after=None
[2025-12-04T12:32:03.120+0000] {processor.py:208} INFO - Processing /home/airflow/.local/lib/python3.12/site-packages/airflow/example_dags/example_display_name.py took 0.098 seconds
[2025-12-04T12:32:33.473+0000] {processor.py:186} INFO - Started process (PID=850) to work on /home/airflow/.local/lib/python3.12/site-packages/airflow/example_dags/example_display_name.py
[2025-12-04T12:32:33.474+0000] {processor.py:914} INFO - Processing file /home/airflow/.local/lib/python3.12/site-packages/airflow/example_dags/example_display_name.py for tasks to queue
[2025-12-04T12:32:33.478+0000] {logging_mixin.py:190} INFO - [2025-12-04T12:32:33.477+0000] {dagbag.py:588} INFO - Filling up the DagBag from /home/airflow/.local/lib/python3.12/site-packages/airflow/example_dags/example_display_name.py
[2025-12-04T12:32:33.488+0000] {processor.py:925} INFO - DAG(s) 'example_display_name' retrieved from /home/airflow/.local/lib/python3.12/site-packages/airflow/example_dags/example_display_name.py
[2025-12-04T12:32:33.516+0000] {logging_mixin.py:190} INFO - [2025-12-04T12:32:33.515+0000] {dag.py:3239} INFO - Sync 1 DAGs
[2025-12-04T12:32:33.536+0000] {logging_mixin.py:190} INFO - [2025-12-04T12:32:33.536+0000] {dag.py:4180} INFO - Setting next_dagrun for example_display_name to None, run_after=None
[2025-12-04T12:32:33.563+0000] {processor.py:208} INFO - Processing /home/airflow/.local/lib/python3.12/site-packages/airflow/example_dags/example_display_name.py took 0.098 seconds
[2025-12-04T12:33:04.039+0000] {processor.py:186} INFO - Started process (PID=917) to work on /home/airflow/.local/lib/python3.12/site-packages/airflow/example_dags/example_display_name.py
[2025-12-04T12:33:04.040+0000] {processor.py:914} INFO - Processing file /home/airflow/.local/lib/python3.12/site-packages/airflow/example_dags/example_display_name.py for tasks to queue
[2025-12-04T12:33:04.043+0000] {logging_mixin.py:190} INFO - [2025-12-04T12:33:04.042+0000] {dagbag.py:588} INFO - Filling up the DagBag from /home/airflow/.local/lib/python3.12/site-packages/airflow/example_dags/example_display_name.py
[2025-12-04T12:33:04.053+0000] {processor.py:925} INFO - DAG(s) 'example_display_name' retrieved from /home/airflow/.local/lib/python3.12/site-packages/airflow/example_dags/example_display_name.py
[2025-12-04T12:33:04.078+0000] {logging_mixin.py:190} INFO - [2025-12-04T12:33:04.078+0000] {dag.py:3239} INFO - Sync 1 DAGs
[2025-12-04T12:33:04.098+0000] {logging_mixin.py:190} INFO - [2025-12-04T12:33:04.097+0000] {dag.py:4180} INFO - Setting next_dagrun for example_display_name to None, run_after=None
[2025-12-04T12:33:04.124+0000] {processor.py:208} INFO - Processing /home/airflow/.local/lib/python3.12/site-packages/airflow/example_dags/example_display_name.py took 0.092 seconds
[2025-12-04T12:33:34.729+0000] {processor.py:186} INFO - Started process (PID=989) to work on /home/airflow/.local/lib/python3.12/site-packages/airflow/example_dags/example_display_name.py
[2025-12-04T12:33:34.730+0000] {processor.py:914} INFO - Processing file /home/airflow/.local/lib/python3.12/site-packages/airflow/example_dags/example_display_name.py for tasks to queue
[2025-12-04T12:33:34.734+0000] {logging_mixin.py:190} INFO - [2025-12-04T12:33:34.734+0000] {dagbag.py:588} INFO - Filling up the DagBag from /home/airflow/.local/lib/python3.12/site-packages/airflow/example_dags/example_display_name.py
[2025-12-04T12:33:34.747+0000] {processor.py:925} INFO - DAG(s) 'example_display_name' retrieved from /home/airflow/.local/lib/python3.12/site-packages/airflow/example_dags/example_display_name.py
[2025-12-04T12:33:34.777+0000] {logging_mixin.py:190} INFO - [2025-12-04T12:33:34.777+0000] {dag.py:3239} INFO - Sync 1 DAGs
[2025-12-04T12:33:34.804+0000] {logging_mixin.py:190} INFO - [2025-12-04T12:33:34.803+0000] {dag.py:4180} INFO - Setting next_dagrun for example_display_name to None, run_after=None
[2025-12-04T12:33:34.832+0000] {processor.py:208} INFO - Processing /home/airflow/.local/lib/python3.12/site-packages/airflow/example_dags/example_display_name.py took 0.111 seconds
[2025-12-04T12:34:05.240+0000] {processor.py:186} INFO - Started process (PID=1055) to work on /home/airflow/.local/lib/python3.12/site-packages/airflow/example_dags/example_display_name.py
[2025-12-04T12:34:05.241+0000] {processor.py:914} INFO - Processing file /home/airflow/.local/lib/python3.12/site-packages/airflow/example_dags/example_display_name.py for tasks to queue
[2025-12-04T12:34:05.244+0000] {logging_mixin.py:190} INFO - [2025-12-04T12:34:05.243+0000] {dagbag.py:588} INFO - Filling up the DagBag from /home/airflow/.local/lib/python3.12/site-packages/airflow/example_dags/example_display_name.py
[2025-12-04T12:34:05.251+0000] {processor.py:925} INFO - DAG(s) 'example_display_name' retrieved from /home/airflow/.local/lib/python3.12/site-packages/airflow/example_dags/example_display_name.py
[2025-12-04T12:34:05.272+0000] {logging_mixin.py:190} INFO - [2025-12-04T12:34:05.272+0000] {dag.py:3239} INFO - Sync 1 DAGs
[2025-12-04T12:34:05.293+0000] {logging_mixin.py:190} INFO - [2025-12-04T12:34:05.293+0000] {dag.py:4180} INFO - Setting next_dagrun for example_display_name to None, run_after=None
[2025-12-04T12:34:05.317+0000] {processor.py:208} INFO - Processing /home/airflow/.local/lib/python3.12/site-packages/airflow/example_dags/example_display_name.py took 0.082 seconds
[2025-12-04T12:34:36.387+0000] {processor.py:186} INFO - Started process (PID=1121) to work on /home/airflow/.local/lib/python3.12/site-packages/airflow/example_dags/example_display_name.py
[2025-12-04T12:34:36.388+0000] {processor.py:914} INFO - Processing file /home/airflow/.local/lib/python3.12/site-packages/airflow/example_dags/example_display_name.py for tasks to queue
[2025-12-04T12:34:36.392+0000] {logging_mixin.py:190} INFO - [2025-12-04T12:34:36.392+0000] {dagbag.py:588} INFO - Filling up the DagBag from /home/airflow/.local/lib/python3.12/site-packages/airflow/example_dags/example_display_name.py
[2025-12-04T12:34:36.404+0000] {processor.py:925} INFO - DAG(s) 'example_display_name' retrieved from /home/airflow/.local/lib/python3.12/site-packages/airflow/example_dags/example_display_name.py
[2025-12-04T12:34:36.436+0000] {logging_mixin.py:190} INFO - [2025-12-04T12:34:36.435+0000] {dag.py:3239} INFO - Sync 1 DAGs
[2025-12-04T12:34:36.461+0000] {logging_mixin.py:190} INFO - [2025-12-04T12:34:36.460+0000] {dag.py:4180} INFO - Setting next_dagrun for example_display_name to None, run_after=None
[2025-12-04T12:34:36.491+0000] {processor.py:208} INFO - Processing /home/airflow/.local/lib/python3.12/site-packages/airflow/example_dags/example_display_name.py took 0.111 seconds
[2025-12-04T12:35:07.006+0000] {processor.py:186} INFO - Started process (PID=1187) to work on /home/airflow/.local/lib/python3.12/site-packages/airflow/example_dags/example_display_name.py
[2025-12-04T12:35:07.006+0000] {processor.py:914} INFO - Processing file /home/airflow/.local/lib/python3.12/site-packages/airflow/example_dags/example_display_name.py for tasks to queue
[2025-12-04T12:35:07.009+0000] {logging_mixin.py:190} INFO - [2025-12-04T12:35:07.008+0000] {dagbag.py:588} INFO - Filling up the DagBag from /home/airflow/.local/lib/python3.12/site-packages/airflow/example_dags/example_display_name.py
[2025-12-04T12:35:07.017+0000] {processor.py:925} INFO - DAG(s) 'example_display_name' retrieved from /home/airflow/.local/lib/python3.12/site-packages/airflow/example_dags/example_display_name.py
[2025-12-04T12:35:07.036+0000] {logging_mixin.py:190} INFO - [2025-12-04T12:35:07.036+0000] {dag.py:3239} INFO - Sync 1 DAGs
[2025-12-04T12:35:07.054+0000] {logging_mixin.py:190} INFO - [2025-12-04T12:35:07.054+0000] {dag.py:4180} INFO - Setting next_dagrun for example_display_name to None, run_after=None
[2025-12-04T12:35:07.076+0000] {processor.py:208} INFO - Processing /home/airflow/.local/lib/python3.12/site-packages/airflow/example_dags/example_display_name.py took 0.079 seconds
[2025-12-04T12:35:37.664+0000] {processor.py:186} INFO - Started process (PID=1253) to work on /home/airflow/.local/lib/python3.12/site-packages/airflow/example_dags/example_display_name.py
[2025-12-04T12:35:37.665+0000] {processor.py:914} INFO - Processing file /home/airflow/.local/lib/python3.12/site-packages/airflow/example_dags/example_display_name.py for tasks to queue
[2025-12-04T12:35:37.667+0000] {logging_mixin.py:190} INFO - [2025-12-04T12:35:37.667+0000] {dagbag.py:588} INFO - Filling up the DagBag from /home/airflow/.local/lib/python3.12/site-packages/airflow/example_dags/example_display_name.py
[2025-12-04T12:35:37.674+0000] {processor.py:925} INFO - DAG(s) 'example_display_name' retrieved from /home/airflow/.local/lib/python3.12/site-packages/airflow/example_dags/example_display_name.py
[2025-12-04T12:35:37.699+0000] {logging_mixin.py:190} INFO - [2025-12-04T12:35:37.698+0000] {dag.py:3239} INFO - Sync 1 DAGs
[2025-12-04T12:35:37.718+0000] {logging_mixin.py:190} INFO - [2025-12-04T12:35:37.717+0000] {dag.py:4180} INFO - Setting next_dagrun for example_display_name to None, run_after=None
[2025-12-04T12:35:37.739+0000] {processor.py:208} INFO - Processing /home/airflow/.local/lib/python3.12/site-packages/airflow/example_dags/example_display_name.py took 0.080 seconds
[2025-12-04T12:36:08.083+0000] {processor.py:186} INFO - Started process (PID=1319) to work on /home/airflow/.local/lib/python3.12/site-packages/airflow/example_dags/example_display_name.py
[2025-12-04T12:36:08.084+0000] {processor.py:914} INFO - Processing file /home/airflow/.local/lib/python3.12/site-packages/airflow/example_dags/example_display_name.py for tasks to queue
[2025-12-04T12:36:08.087+0000] {logging_mixin.py:190} INFO - [2025-12-04T12:36:08.087+0000] {dagbag.py:588} INFO - Filling up the DagBag from /home/airflow/.local/lib/python3.12/site-packages/airflow/example_dags/example_display_name.py
[2025-12-04T12:36:08.096+0000] {processor.py:925} INFO - DAG(s) 'example_display_name' retrieved from /home/airflow/.local/lib/python3.12/site-packages/airflow/example_dags/example_display_name.py
[2025-12-04T12:36:08.121+0000] {logging_mixin.py:190} INFO - [2025-12-04T12:36:08.121+0000] {dag.py:3239} INFO - Sync 1 DAGs
[2025-12-04T12:36:08.142+0000] {logging_mixin.py:190} INFO - [2025-12-04T12:36:08.142+0000] {dag.py:4180} INFO - Setting next_dagrun for example_display_name to None, run_after=None
[2025-12-04T12:36:08.171+0000] {processor.py:208} INFO - Processing /home/airflow/.local/lib/python3.12/site-packages/airflow/example_dags/example_display_name.py took 0.095 seconds
[2025-12-04T12:36:38.575+0000] {processor.py:186} INFO - Started process (PID=1386) to work on /home/airflow/.local/lib/python3.12/site-packages/airflow/example_dags/example_display_name.py
[2025-12-04T12:36:38.577+0000] {processor.py:914} INFO - Processing file /home/airflow/.local/lib/python3.12/site-packages/airflow/example_dags/example_display_name.py for tasks to queue
[2025-12-04T12:36:38.580+0000] {logging_mixin.py:190} INFO - [2025-12-04T12:36:38.580+0000] {dagbag.py:588} INFO - Filling up the DagBag from /home/airflow/.local/lib/python3.12/site-packages/airflow/example_dags/example_display_name.py
[2025-12-04T12:36:38.589+0000] {processor.py:925} INFO - DAG(s) 'example_display_name' retrieved from /home/airflow/.local/lib/python3.12/site-packages/airflow/example_dags/example_display_name.py
[2025-12-04T12:36:38.615+0000] {logging_mixin.py:190} INFO - [2025-12-04T12:36:38.615+0000] {dag.py:3239} INFO - Sync 1 DAGs
[2025-12-04T12:36:38.637+0000] {logging_mixin.py:190} INFO - [2025-12-04T12:36:38.636+0000] {dag.py:4180} INFO - Setting next_dagrun for example_display_name to None, run_after=None
[2025-12-04T12:36:38.668+0000] {processor.py:208} INFO - Processing /home/airflow/.local/lib/python3.12/site-packages/airflow/example_dags/example_display_name.py took 0.100 seconds
[2025-12-04T12:37:08.903+0000] {processor.py:186} INFO - Started process (PID=1452) to work on /home/airflow/.local/lib/python3.12/site-packages/airflow/example_dags/example_display_name.py
[2025-12-04T12:37:08.904+0000] {processor.py:914} INFO - Processing file /home/airflow/.local/lib/python3.12/site-packages/airflow/example_dags/example_display_name.py for tasks to queue
[2025-12-04T12:37:08.907+0000] {logging_mixin.py:190} INFO - [2025-12-04T12:37:08.907+0000] {dagbag.py:588} INFO - Filling up the DagBag from /home/airflow/.local/lib/python3.12/site-packages/airflow/example_dags/example_display_name.py
[2025-12-04T12:37:08.917+0000] {processor.py:925} INFO - DAG(s) 'example_display_name' retrieved from /home/airflow/.local/lib/python3.12/site-packages/airflow/example_dags/example_display_name.py
[2025-12-04T12:37:08.944+0000] {logging_mixin.py:190} INFO - [2025-12-04T12:37:08.943+0000] {dag.py:3239} INFO - Sync 1 DAGs
[2025-12-04T12:37:08.964+0000] {logging_mixin.py:190} INFO - [2025-12-04T12:37:08.963+0000] {dag.py:4180} INFO - Setting next_dagrun for example_display_name to None, run_after=None
[2025-12-04T12:37:08.990+0000] {processor.py:208} INFO - Processing /home/airflow/.local/lib/python3.12/site-packages/airflow/example_dags/example_display_name.py took 0.094 seconds
[2025-12-04T12:37:39.412+0000] {processor.py:186} INFO - Started process (PID=1518) to work on /home/airflow/.local/lib/python3.12/site-packages/airflow/example_dags/example_display_name.py
[2025-12-04T12:37:39.413+0000] {processor.py:914} INFO - Processing file /home/airflow/.local/lib/python3.12/site-packages/airflow/example_dags/example_display_name.py for tasks to queue
[2025-12-04T12:37:39.417+0000] {logging_mixin.py:190} INFO - [2025-12-04T12:37:39.416+0000] {dagbag.py:588} INFO - Filling up the DagBag from /home/airflow/.local/lib/python3.12/site-packages/airflow/example_dags/example_display_name.py
[2025-12-04T12:37:39.426+0000] {processor.py:925} INFO - DAG(s) 'example_display_name' retrieved from /home/airflow/.local/lib/python3.12/site-packages/airflow/example_dags/example_display_name.py
[2025-12-04T12:37:39.454+0000] {logging_mixin.py:190} INFO - [2025-12-04T12:37:39.454+0000] {dag.py:3239} INFO - Sync 1 DAGs
[2025-12-04T12:37:39.475+0000] {logging_mixin.py:190} INFO - [2025-12-04T12:37:39.474+0000] {dag.py:4180} INFO - Setting next_dagrun for example_display_name to None, run_after=None
[2025-12-04T12:37:39.501+0000] {processor.py:208} INFO - Processing /home/airflow/.local/lib/python3.12/site-packages/airflow/example_dags/example_display_name.py took 0.095 seconds
[2025-12-04T12:38:09.983+0000] {processor.py:186} INFO - Started process (PID=1584) to work on /home/airflow/.local/lib/python3.12/site-packages/airflow/example_dags/example_display_name.py
[2025-12-04T12:38:09.985+0000] {processor.py:914} INFO - Processing file /home/airflow/.local/lib/python3.12/site-packages/airflow/example_dags/example_display_name.py for tasks to queue
[2025-12-04T12:38:09.988+0000] {logging_mixin.py:190} INFO - [2025-12-04T12:38:09.988+0000] {dagbag.py:588} INFO - Filling up the DagBag from /home/airflow/.local/lib/python3.12/site-packages/airflow/example_dags/example_display_name.py
[2025-12-04T12:38:09.998+0000] {processor.py:925} INFO - DAG(s) 'example_display_name' retrieved from /home/airflow/.local/lib/python3.12/site-packages/airflow/example_dags/example_display_name.py
[2025-12-04T12:38:10.024+0000] {logging_mixin.py:190} INFO - [2025-12-04T12:38:10.024+0000] {dag.py:3239} INFO - Sync 1 DAGs
[2025-12-04T12:38:10.048+0000] {logging_mixin.py:190} INFO - [2025-12-04T12:38:10.047+0000] {dag.py:4180} INFO - Setting next_dagrun for example_display_name to None, run_after=None
[2025-12-04T12:38:10.075+0000] {processor.py:208} INFO - Processing /home/airflow/.local/lib/python3.12/site-packages/airflow/example_dags/example_display_name.py took 0.099 seconds
[2025-12-04T12:38:40.606+0000] {processor.py:186} INFO - Started process (PID=1650) to work on /home/airflow/.local/lib/python3.12/site-packages/airflow/example_dags/example_display_name.py
[2025-12-04T12:38:40.608+0000] {processor.py:914} INFO - Processing file /home/airflow/.local/lib/python3.12/site-packages/airflow/example_dags/example_display_name.py for tasks to queue
[2025-12-04T12:38:40.611+0000] {logging_mixin.py:190} INFO - [2025-12-04T12:38:40.610+0000] {dagbag.py:588} INFO - Filling up the DagBag from /home/airflow/.local/lib/python3.12/site-packages/airflow/example_dags/example_display_name.py
[2025-12-04T12:38:40.621+0000] {processor.py:925} INFO - DAG(s) 'example_display_name' retrieved from /home/airflow/.local/lib/python3.12/site-packages/airflow/example_dags/example_display_name.py
[2025-12-04T12:38:40.646+0000] {logging_mixin.py:190} INFO - [2025-12-04T12:38:40.645+0000] {dag.py:3239} INFO - Sync 1 DAGs
[2025-12-04T12:38:40.669+0000] {logging_mixin.py:190} INFO - [2025-12-04T12:38:40.668+0000] {dag.py:4180} INFO - Setting next_dagrun for example_display_name to None, run_after=None
[2025-12-04T12:38:40.694+0000] {processor.py:208} INFO - Processing /home/airflow/.local/lib/python3.12/site-packages/airflow/example_dags/example_display_name.py took 0.095 seconds
[2025-12-04T12:39:10.999+0000] {processor.py:186} INFO - Started process (PID=1716) to work on /home/airflow/.local/lib/python3.12/site-packages/airflow/example_dags/example_display_name.py
[2025-12-04T12:39:11.000+0000] {processor.py:914} INFO - Processing file /home/airflow/.local/lib/python3.12/site-packages/airflow/example_dags/example_display_name.py for tasks to queue
[2025-12-04T12:39:11.005+0000] {logging_mixin.py:190} INFO - [2025-12-04T12:39:11.004+0000] {dagbag.py:588} INFO - Filling up the DagBag from /home/airflow/.local/lib/python3.12/site-packages/airflow/example_dags/example_display_name.py
[2025-12-04T12:39:11.015+0000] {processor.py:925} INFO - DAG(s) 'example_display_name' retrieved from /home/airflow/.local/lib/python3.12/site-packages/airflow/example_dags/example_display_name.py
[2025-12-04T12:39:11.040+0000] {logging_mixin.py:190} INFO - [2025-12-04T12:39:11.039+0000] {dag.py:3239} INFO - Sync 1 DAGs
[2025-12-04T12:39:11.061+0000] {logging_mixin.py:190} INFO - [2025-12-04T12:39:11.060+0000] {dag.py:4180} INFO - Setting next_dagrun for example_display_name to None, run_after=None
[2025-12-04T12:39:11.086+0000] {processor.py:208} INFO - Processing /home/airflow/.local/lib/python3.12/site-packages/airflow/example_dags/example_display_name.py took 0.094 seconds
[2025-12-04T12:39:41.676+0000] {processor.py:186} INFO - Started process (PID=1782) to work on /home/airflow/.local/lib/python3.12/site-packages/airflow/example_dags/example_display_name.py
[2025-12-04T12:39:41.677+0000] {processor.py:914} INFO - Processing file /home/airflow/.local/lib/python3.12/site-packages/airflow/example_dags/example_display_name.py for tasks to queue
[2025-12-04T12:39:41.680+0000] {logging_mixin.py:190} INFO - [2025-12-04T12:39:41.680+0000] {dagbag.py:588} INFO - Filling up the DagBag from /home/airflow/.local/lib/python3.12/site-packages/airflow/example_dags/example_display_name.py
[2025-12-04T12:39:41.688+0000] {processor.py:925} INFO - DAG(s) 'example_display_name' retrieved from /home/airflow/.local/lib/python3.12/site-packages/airflow/example_dags/example_display_name.py
[2025-12-04T12:39:41.713+0000] {logging_mixin.py:190} INFO - [2025-12-04T12:39:41.712+0000] {dag.py:3239} INFO - Sync 1 DAGs
[2025-12-04T12:39:41.734+0000] {logging_mixin.py:190} INFO - [2025-12-04T12:39:41.734+0000] {dag.py:4180} INFO - Setting next_dagrun for example_display_name to None, run_after=None
[2025-12-04T12:39:41.757+0000] {processor.py:208} INFO - Processing /home/airflow/.local/lib/python3.12/site-packages/airflow/example_dags/example_display_name.py took 0.087 seconds
[2025-12-04T12:40:12.189+0000] {processor.py:186} INFO - Started process (PID=1848) to work on /home/airflow/.local/lib/python3.12/site-packages/airflow/example_dags/example_display_name.py
[2025-12-04T12:40:12.190+0000] {processor.py:914} INFO - Processing file /home/airflow/.local/lib/python3.12/site-packages/airflow/example_dags/example_display_name.py for tasks to queue
[2025-12-04T12:40:12.193+0000] {logging_mixin.py:190} INFO - [2025-12-04T12:40:12.192+0000] {dagbag.py:588} INFO - Filling up the DagBag from /home/airflow/.local/lib/python3.12/site-packages/airflow/example_dags/example_display_name.py
[2025-12-04T12:40:12.203+0000] {processor.py:925} INFO - DAG(s) 'example_display_name' retrieved from /home/airflow/.local/lib/python3.12/site-packages/airflow/example_dags/example_display_name.py
[2025-12-04T12:40:12.228+0000] {logging_mixin.py:190} INFO - [2025-12-04T12:40:12.228+0000] {dag.py:3239} INFO - Sync 1 DAGs
[2025-12-04T12:40:12.247+0000] {logging_mixin.py:190} INFO - [2025-12-04T12:40:12.247+0000] {dag.py:4180} INFO - Setting next_dagrun for example_display_name to None, run_after=None
[2025-12-04T12:40:12.273+0000] {processor.py:208} INFO - Processing /home/airflow/.local/lib/python3.12/site-packages/airflow/example_dags/example_display_name.py took 0.094 seconds
[2025-12-04T12:40:42.744+0000] {processor.py:186} INFO - Started process (PID=1914) to work on /home/airflow/.local/lib/python3.12/site-packages/airflow/example_dags/example_display_name.py
[2025-12-04T12:40:42.745+0000] {processor.py:914} INFO - Processing file /home/airflow/.local/lib/python3.12/site-packages/airflow/example_dags/example_display_name.py for tasks to queue
[2025-12-04T12:40:42.747+0000] {logging_mixin.py:190} INFO - [2025-12-04T12:40:42.746+0000] {dagbag.py:588} INFO - Filling up the DagBag from /home/airflow/.local/lib/python3.12/site-packages/airflow/example_dags/example_display_name.py
[2025-12-04T12:40:42.754+0000] {processor.py:925} INFO - DAG(s) 'example_display_name' retrieved from /home/airflow/.local/lib/python3.12/site-packages/airflow/example_dags/example_display_name.py
[2025-12-04T12:40:42.774+0000] {logging_mixin.py:190} INFO - [2025-12-04T12:40:42.774+0000] {dag.py:3239} INFO - Sync 1 DAGs
[2025-12-04T12:40:42.791+0000] {logging_mixin.py:190} INFO - [2025-12-04T12:40:42.790+0000] {dag.py:4180} INFO - Setting next_dagrun for example_display_name to None, run_after=None
[2025-12-04T12:40:42.811+0000] {processor.py:208} INFO - Processing /home/airflow/.local/lib/python3.12/site-packages/airflow/example_dags/example_display_name.py took 0.073 seconds
[2025-12-04T12:41:13.228+0000] {processor.py:186} INFO - Started process (PID=1980) to work on /home/airflow/.local/lib/python3.12/site-packages/airflow/example_dags/example_display_name.py
[2025-12-04T12:41:13.229+0000] {processor.py:914} INFO - Processing file /home/airflow/.local/lib/python3.12/site-packages/airflow/example_dags/example_display_name.py for tasks to queue
[2025-12-04T12:41:13.232+0000] {logging_mixin.py:190} INFO - [2025-12-04T12:41:13.232+0000] {dagbag.py:588} INFO - Filling up the DagBag from /home/airflow/.local/lib/python3.12/site-packages/airflow/example_dags/example_display_name.py
[2025-12-04T12:41:13.244+0000] {processor.py:925} INFO - DAG(s) 'example_display_name' retrieved from /home/airflow/.local/lib/python3.12/site-packages/airflow/example_dags/example_display_name.py
[2025-12-04T12:41:13.264+0000] {logging_mixin.py:190} INFO - [2025-12-04T12:41:13.264+0000] {dag.py:3239} INFO - Sync 1 DAGs
[2025-12-04T12:41:13.281+0000] {logging_mixin.py:190} INFO - [2025-12-04T12:41:13.280+0000] {dag.py:4180} INFO - Setting next_dagrun for example_display_name to None, run_after=None
[2025-12-04T12:41:13.302+0000] {processor.py:208} INFO - Processing /home/airflow/.local/lib/python3.12/site-packages/airflow/example_dags/example_display_name.py took 0.081 seconds
[2025-12-04T12:41:43.410+0000] {processor.py:186} INFO - Started process (PID=2046) to work on /home/airflow/.local/lib/python3.12/site-packages/airflow/example_dags/example_display_name.py
[2025-12-04T12:41:43.410+0000] {processor.py:914} INFO - Processing file /home/airflow/.local/lib/python3.12/site-packages/airflow/example_dags/example_display_name.py for tasks to queue
[2025-12-04T12:41:43.412+0000] {logging_mixin.py:190} INFO - [2025-12-04T12:41:43.412+0000] {dagbag.py:588} INFO - Filling up the DagBag from /home/airflow/.local/lib/python3.12/site-packages/airflow/example_dags/example_display_name.py
[2025-12-04T12:41:43.420+0000] {processor.py:925} INFO - DAG(s) 'example_display_name' retrieved from /home/airflow/.local/lib/python3.12/site-packages/airflow/example_dags/example_display_name.py
[2025-12-04T12:41:43.441+0000] {logging_mixin.py:190} INFO - [2025-12-04T12:41:43.440+0000] {dag.py:3239} INFO - Sync 1 DAGs
[2025-12-04T12:41:43.458+0000] {logging_mixin.py:190} INFO - [2025-12-04T12:41:43.458+0000] {dag.py:4180} INFO - Setting next_dagrun for example_display_name to None, run_after=None
[2025-12-04T12:41:43.480+0000] {processor.py:208} INFO - Processing /home/airflow/.local/lib/python3.12/site-packages/airflow/example_dags/example_display_name.py took 0.075 seconds
[2025-12-04T12:42:14.194+0000] {processor.py:186} INFO - Started process (PID=2111) to work on /home/airflow/.local/lib/python3.12/site-packages/airflow/example_dags/example_display_name.py
[2025-12-04T12:42:14.195+0000] {processor.py:914} INFO - Processing file /home/airflow/.local/lib/python3.12/site-packages/airflow/example_dags/example_display_name.py for tasks to queue
[2025-12-04T12:42:14.198+0000] {logging_mixin.py:190} INFO - [2025-12-04T12:42:14.198+0000] {dagbag.py:588} INFO - Filling up the DagBag from /home/airflow/.local/lib/python3.12/site-packages/airflow/example_dags/example_display_name.py
[2025-12-04T12:42:14.209+0000] {processor.py:925} INFO - DAG(s) 'example_display_name' retrieved from /home/airflow/.local/lib/python3.12/site-packages/airflow/example_dags/example_display_name.py
[2025-12-04T12:42:14.230+0000] {logging_mixin.py:190} INFO - [2025-12-04T12:42:14.230+0000] {dag.py:3239} INFO - Sync 1 DAGs
[2025-12-04T12:42:14.248+0000] {logging_mixin.py:190} INFO - [2025-12-04T12:42:14.248+0000] {dag.py:4180} INFO - Setting next_dagrun for example_display_name to None, run_after=None
[2025-12-04T12:42:14.269+0000] {processor.py:208} INFO - Processing /home/airflow/.local/lib/python3.12/site-packages/airflow/example_dags/example_display_name.py took 0.085 seconds
[2025-12-04T12:42:44.741+0000] {processor.py:186} INFO - Started process (PID=2176) to work on /home/airflow/.local/lib/python3.12/site-packages/airflow/example_dags/example_display_name.py
[2025-12-04T12:42:44.742+0000] {processor.py:914} INFO - Processing file /home/airflow/.local/lib/python3.12/site-packages/airflow/example_dags/example_display_name.py for tasks to queue
[2025-12-04T12:42:44.746+0000] {logging_mixin.py:190} INFO - [2025-12-04T12:42:44.745+0000] {dagbag.py:588} INFO - Filling up the DagBag from /home/airflow/.local/lib/python3.12/site-packages/airflow/example_dags/example_display_name.py
[2025-12-04T12:42:44.755+0000] {processor.py:925} INFO - DAG(s) 'example_display_name' retrieved from /home/airflow/.local/lib/python3.12/site-packages/airflow/example_dags/example_display_name.py
[2025-12-04T12:42:44.782+0000] {logging_mixin.py:190} INFO - [2025-12-04T12:42:44.782+0000] {dag.py:3239} INFO - Sync 1 DAGs
[2025-12-04T12:42:44.803+0000] {logging_mixin.py:190} INFO - [2025-12-04T12:42:44.803+0000] {dag.py:4180} INFO - Setting next_dagrun for example_display_name to None, run_after=None
[2025-12-04T12:42:44.829+0000] {processor.py:208} INFO - Processing /home/airflow/.local/lib/python3.12/site-packages/airflow/example_dags/example_display_name.py took 0.094 seconds
[2025-12-04T12:43:15.863+0000] {processor.py:186} INFO - Started process (PID=2242) to work on /home/airflow/.local/lib/python3.12/site-packages/airflow/example_dags/example_display_name.py
[2025-12-04T12:43:15.864+0000] {processor.py:914} INFO - Processing file /home/airflow/.local/lib/python3.12/site-packages/airflow/example_dags/example_display_name.py for tasks to queue
[2025-12-04T12:43:15.867+0000] {logging_mixin.py:190} INFO - [2025-12-04T12:43:15.866+0000] {dagbag.py:588} INFO - Filling up the DagBag from /home/airflow/.local/lib/python3.12/site-packages/airflow/example_dags/example_display_name.py
[2025-12-04T12:43:15.877+0000] {processor.py:925} INFO - DAG(s) 'example_display_name' retrieved from /home/airflow/.local/lib/python3.12/site-packages/airflow/example_dags/example_display_name.py
[2025-12-04T12:43:15.902+0000] {logging_mixin.py:190} INFO - [2025-12-04T12:43:15.902+0000] {dag.py:3239} INFO - Sync 1 DAGs
[2025-12-04T12:43:15.924+0000] {logging_mixin.py:190} INFO - [2025-12-04T12:43:15.923+0000] {dag.py:4180} INFO - Setting next_dagrun for example_display_name to None, run_after=None
[2025-12-04T12:43:15.952+0000] {processor.py:208} INFO - Processing /home/airflow/.local/lib/python3.12/site-packages/airflow/example_dags/example_display_name.py took 0.096 seconds
[2025-12-04T12:43:46.345+0000] {processor.py:186} INFO - Started process (PID=2308) to work on /home/airflow/.local/lib/python3.12/site-packages/airflow/example_dags/example_display_name.py
[2025-12-04T12:43:46.346+0000] {processor.py:914} INFO - Processing file /home/airflow/.local/lib/python3.12/site-packages/airflow/example_dags/example_display_name.py for tasks to queue
[2025-12-04T12:43:46.348+0000] {logging_mixin.py:190} INFO - [2025-12-04T12:43:46.347+0000] {dagbag.py:588} INFO - Filling up the DagBag from /home/airflow/.local/lib/python3.12/site-packages/airflow/example_dags/example_display_name.py
[2025-12-04T12:43:46.356+0000] {processor.py:925} INFO - DAG(s) 'example_display_name' retrieved from /home/airflow/.local/lib/python3.12/site-packages/airflow/example_dags/example_display_name.py
[2025-12-04T12:43:46.378+0000] {logging_mixin.py:190} INFO - [2025-12-04T12:43:46.378+0000] {dag.py:3239} INFO - Sync 1 DAGs
[2025-12-04T12:43:46.396+0000] {logging_mixin.py:190} INFO - [2025-12-04T12:43:46.396+0000] {dag.py:4180} INFO - Setting next_dagrun for example_display_name to None, run_after=None
[2025-12-04T12:43:46.420+0000] {processor.py:208} INFO - Processing /home/airflow/.local/lib/python3.12/site-packages/airflow/example_dags/example_display_name.py took 0.081 seconds
[2025-12-04T12:44:17.188+0000] {processor.py:186} INFO - Started process (PID=2374) to work on /home/airflow/.local/lib/python3.12/site-packages/airflow/example_dags/example_display_name.py
[2025-12-04T12:44:17.188+0000] {processor.py:914} INFO - Processing file /home/airflow/.local/lib/python3.12/site-packages/airflow/example_dags/example_display_name.py for tasks to queue
[2025-12-04T12:44:17.191+0000] {logging_mixin.py:190} INFO - [2025-12-04T12:44:17.190+0000] {dagbag.py:588} INFO - Filling up the DagBag from /home/airflow/.local/lib/python3.12/site-packages/airflow/example_dags/example_display_name.py
[2025-12-04T12:44:17.199+0000] {processor.py:925} INFO - DAG(s) 'example_display_name' retrieved from /home/airflow/.local/lib/python3.12/site-packages/airflow/example_dags/example_display_name.py
[2025-12-04T12:44:17.220+0000] {logging_mixin.py:190} INFO - [2025-12-04T12:44:17.220+0000] {dag.py:3239} INFO - Sync 1 DAGs
[2025-12-04T12:44:17.238+0000] {logging_mixin.py:190} INFO - [2025-12-04T12:44:17.238+0000] {dag.py:4180} INFO - Setting next_dagrun for example_display_name to None, run_after=None
[2025-12-04T12:44:17.259+0000] {processor.py:208} INFO - Processing /home/airflow/.local/lib/python3.12/site-packages/airflow/example_dags/example_display_name.py took 0.078 seconds
[2025-12-04T12:44:47.602+0000] {processor.py:186} INFO - Started process (PID=2440) to work on /home/airflow/.local/lib/python3.12/site-packages/airflow/example_dags/example_display_name.py
[2025-12-04T12:44:47.602+0000] {processor.py:914} INFO - Processing file /home/airflow/.local/lib/python3.12/site-packages/airflow/example_dags/example_display_name.py for tasks to queue
[2025-12-04T12:44:47.604+0000] {logging_mixin.py:190} INFO - [2025-12-04T12:44:47.604+0000] {dagbag.py:588} INFO - Filling up the DagBag from /home/airflow/.local/lib/python3.12/site-packages/airflow/example_dags/example_display_name.py
[2025-12-04T12:44:47.610+0000] {processor.py:925} INFO - DAG(s) 'example_display_name' retrieved from /home/airflow/.local/lib/python3.12/site-packages/airflow/example_dags/example_display_name.py
[2025-12-04T12:44:47.626+0000] {logging_mixin.py:190} INFO - [2025-12-04T12:44:47.626+0000] {dag.py:3239} INFO - Sync 1 DAGs
[2025-12-04T12:44:47.639+0000] {logging_mixin.py:190} INFO - [2025-12-04T12:44:47.638+0000] {dag.py:4180} INFO - Setting next_dagrun for example_display_name to None, run_after=None
[2025-12-04T12:44:47.655+0000] {processor.py:208} INFO - Processing /home/airflow/.local/lib/python3.12/site-packages/airflow/example_dags/example_display_name.py took 0.058 seconds
[2025-12-04T12:45:18.223+0000] {processor.py:186} INFO - Started process (PID=2498) to work on /home/airflow/.local/lib/python3.12/site-packages/airflow/example_dags/example_display_name.py
[2025-12-04T12:45:18.224+0000] {processor.py:914} INFO - Processing file /home/airflow/.local/lib/python3.12/site-packages/airflow/example_dags/example_display_name.py for tasks to queue
[2025-12-04T12:45:18.227+0000] {logging_mixin.py:190} INFO - [2025-12-04T12:45:18.226+0000] {dagbag.py:588} INFO - Filling up the DagBag from /home/airflow/.local/lib/python3.12/site-packages/airflow/example_dags/example_display_name.py
[2025-12-04T12:45:18.238+0000] {processor.py:925} INFO - DAG(s) 'example_display_name' retrieved from /home/airflow/.local/lib/python3.12/site-packages/airflow/example_dags/example_display_name.py
[2025-12-04T12:45:18.260+0000] {logging_mixin.py:190} INFO - [2025-12-04T12:45:18.260+0000] {dag.py:3239} INFO - Sync 1 DAGs
[2025-12-04T12:45:18.280+0000] {logging_mixin.py:190} INFO - [2025-12-04T12:45:18.280+0000] {dag.py:4180} INFO - Setting next_dagrun for example_display_name to None, run_after=None
[2025-12-04T12:45:18.305+0000] {processor.py:208} INFO - Processing /home/airflow/.local/lib/python3.12/site-packages/airflow/example_dags/example_display_name.py took 0.090 seconds
[2025-12-04T12:45:49.095+0000] {processor.py:186} INFO - Started process (PID=2556) to work on /home/airflow/.local/lib/python3.12/site-packages/airflow/example_dags/example_display_name.py
[2025-12-04T12:45:49.096+0000] {processor.py:914} INFO - Processing file /home/airflow/.local/lib/python3.12/site-packages/airflow/example_dags/example_display_name.py for tasks to queue
[2025-12-04T12:45:49.098+0000] {logging_mixin.py:190} INFO - [2025-12-04T12:45:49.098+0000] {dagbag.py:588} INFO - Filling up the DagBag from /home/airflow/.local/lib/python3.12/site-packages/airflow/example_dags/example_display_name.py
[2025-12-04T12:45:49.107+0000] {processor.py:925} INFO - DAG(s) 'example_display_name' retrieved from /home/airflow/.local/lib/python3.12/site-packages/airflow/example_dags/example_display_name.py
[2025-12-04T12:45:49.130+0000] {logging_mixin.py:190} INFO - [2025-12-04T12:45:49.129+0000] {dag.py:3239} INFO - Sync 1 DAGs
[2025-12-04T12:45:49.147+0000] {logging_mixin.py:190} INFO - [2025-12-04T12:45:49.147+0000] {dag.py:4180} INFO - Setting next_dagrun for example_display_name to None, run_after=None
[2025-12-04T12:45:49.169+0000] {processor.py:208} INFO - Processing /home/airflow/.local/lib/python3.12/site-packages/airflow/example_dags/example_display_name.py took 0.080 seconds
[2025-12-04T12:46:19.574+0000] {processor.py:186} INFO - Started process (PID=2621) to work on /home/airflow/.local/lib/python3.12/site-packages/airflow/example_dags/example_display_name.py
[2025-12-04T12:46:19.575+0000] {processor.py:914} INFO - Processing file /home/airflow/.local/lib/python3.12/site-packages/airflow/example_dags/example_display_name.py for tasks to queue
[2025-12-04T12:46:19.576+0000] {logging_mixin.py:190} INFO - [2025-12-04T12:46:19.576+0000] {dagbag.py:588} INFO - Filling up the DagBag from /home/airflow/.local/lib/python3.12/site-packages/airflow/example_dags/example_display_name.py
[2025-12-04T12:46:19.583+0000] {processor.py:925} INFO - DAG(s) 'example_display_name' retrieved from /home/airflow/.local/lib/python3.12/site-packages/airflow/example_dags/example_display_name.py
[2025-12-04T12:46:19.599+0000] {logging_mixin.py:190} INFO - [2025-12-04T12:46:19.599+0000] {dag.py:3239} INFO - Sync 1 DAGs
[2025-12-04T12:46:19.613+0000] {logging_mixin.py:190} INFO - [2025-12-04T12:46:19.612+0000] {dag.py:4180} INFO - Setting next_dagrun for example_display_name to None, run_after=None
[2025-12-04T12:46:19.627+0000] {processor.py:208} INFO - Processing /home/airflow/.local/lib/python3.12/site-packages/airflow/example_dags/example_display_name.py took 0.057 seconds
[2025-12-04T12:49:37.120+0000] {processor.py:186} INFO - Started process (PID=60) to work on /home/airflow/.local/lib/python3.12/site-packages/airflow/example_dags/example_display_name.py
[2025-12-04T12:49:37.121+0000] {processor.py:914} INFO - Processing file /home/airflow/.local/lib/python3.12/site-packages/airflow/example_dags/example_display_name.py for tasks to queue
[2025-12-04T12:49:37.123+0000] {logging_mixin.py:190} INFO - [2025-12-04T12:49:37.123+0000] {dagbag.py:588} INFO - Filling up the DagBag from /home/airflow/.local/lib/python3.12/site-packages/airflow/example_dags/example_display_name.py
[2025-12-04T12:49:37.130+0000] {processor.py:925} INFO - DAG(s) 'example_display_name' retrieved from /home/airflow/.local/lib/python3.12/site-packages/airflow/example_dags/example_display_name.py
[2025-12-04T12:49:37.256+0000] {logging_mixin.py:190} INFO - [2025-12-04T12:49:37.255+0000] {override.py:1912} INFO - Created Permission View: can edit on DAG:example_display_name
[2025-12-04T12:49:37.266+0000] {logging_mixin.py:190} INFO - [2025-12-04T12:49:37.265+0000] {override.py:1912} INFO - Created Permission View: can delete on DAG:example_display_name
[2025-12-04T12:49:37.277+0000] {logging_mixin.py:190} INFO - [2025-12-04T12:49:37.276+0000] {override.py:1912} INFO - Created Permission View: can read on DAG:example_display_name
[2025-12-04T12:49:37.286+0000] {logging_mixin.py:190} INFO - [2025-12-04T12:49:37.286+0000] {override.py:1912} INFO - Created Permission View: can delete on DAG Run:example_display_name
[2025-12-04T12:49:37.294+0000] {logging_mixin.py:190} INFO - [2025-12-04T12:49:37.294+0000] {override.py:1912} INFO - Created Permission View: can create on DAG Run:example_display_name
[2025-12-04T12:49:37.302+0000] {logging_mixin.py:190} INFO - [2025-12-04T12:49:37.302+0000] {override.py:1912} INFO - Created Permission View: can read on DAG Run:example_display_name
[2025-12-04T12:49:37.309+0000] {logging_mixin.py:190} INFO - [2025-12-04T12:49:37.308+0000] {override.py:1912} INFO - Created Permission View: menu access on DAG Run:example_display_name
[2025-12-04T12:49:37.309+0000] {logging_mixin.py:190} INFO - [2025-12-04T12:49:37.309+0000] {dag.py:3239} INFO - Sync 1 DAGs
[2025-12-04T12:49:37.327+0000] {logging_mixin.py:190} INFO - [2025-12-04T12:49:37.327+0000] {dag.py:3262} INFO - Creating ORM DAG for example_display_name
[2025-12-04T12:49:37.328+0000] {logging_mixin.py:190} INFO - [2025-12-04T12:49:37.327+0000] {dag.py:4180} INFO - Setting next_dagrun for example_display_name to None, run_after=None
[2025-12-04T12:49:37.345+0000] {processor.py:208} INFO - Processing /home/airflow/.local/lib/python3.12/site-packages/airflow/example_dags/example_display_name.py took 0.230 seconds
[2025-12-04T12:50:07.408+0000] {processor.py:186} INFO - Started process (PID=126) to work on /home/airflow/.local/lib/python3.12/site-packages/airflow/example_dags/example_display_name.py
[2025-12-04T12:50:07.410+0000] {processor.py:914} INFO - Processing file /home/airflow/.local/lib/python3.12/site-packages/airflow/example_dags/example_display_name.py for tasks to queue
[2025-12-04T12:50:07.413+0000] {logging_mixin.py:190} INFO - [2025-12-04T12:50:07.412+0000] {dagbag.py:588} INFO - Filling up the DagBag from /home/airflow/.local/lib/python3.12/site-packages/airflow/example_dags/example_display_name.py
[2025-12-04T12:50:07.424+0000] {processor.py:925} INFO - DAG(s) 'example_display_name' retrieved from /home/airflow/.local/lib/python3.12/site-packages/airflow/example_dags/example_display_name.py
[2025-12-04T12:50:07.447+0000] {logging_mixin.py:190} INFO - [2025-12-04T12:50:07.447+0000] {dag.py:3239} INFO - Sync 1 DAGs
[2025-12-04T12:50:07.466+0000] {logging_mixin.py:190} INFO - [2025-12-04T12:50:07.466+0000] {dag.py:4180} INFO - Setting next_dagrun for example_display_name to None, run_after=None
[2025-12-04T12:50:07.487+0000] {processor.py:208} INFO - Processing /home/airflow/.local/lib/python3.12/site-packages/airflow/example_dags/example_display_name.py took 0.088 seconds
[2025-12-04T12:50:38.225+0000] {processor.py:186} INFO - Started process (PID=192) to work on /home/airflow/.local/lib/python3.12/site-packages/airflow/example_dags/example_display_name.py
[2025-12-04T12:50:38.226+0000] {processor.py:914} INFO - Processing file /home/airflow/.local/lib/python3.12/site-packages/airflow/example_dags/example_display_name.py for tasks to queue
[2025-12-04T12:50:38.228+0000] {logging_mixin.py:190} INFO - [2025-12-04T12:50:38.228+0000] {dagbag.py:588} INFO - Filling up the DagBag from /home/airflow/.local/lib/python3.12/site-packages/airflow/example_dags/example_display_name.py
[2025-12-04T12:50:38.238+0000] {processor.py:925} INFO - DAG(s) 'example_display_name' retrieved from /home/airflow/.local/lib/python3.12/site-packages/airflow/example_dags/example_display_name.py
[2025-12-04T12:50:38.259+0000] {logging_mixin.py:190} INFO - [2025-12-04T12:50:38.258+0000] {dag.py:3239} INFO - Sync 1 DAGs
[2025-12-04T12:50:38.276+0000] {logging_mixin.py:190} INFO - [2025-12-04T12:50:38.276+0000] {dag.py:4180} INFO - Setting next_dagrun for example_display_name to None, run_after=None
[2025-12-04T12:50:38.297+0000] {processor.py:208} INFO - Processing /home/airflow/.local/lib/python3.12/site-packages/airflow/example_dags/example_display_name.py took 0.078 seconds
[2025-12-04T12:51:08.508+0000] {processor.py:186} INFO - Started process (PID=258) to work on /home/airflow/.local/lib/python3.12/site-packages/airflow/example_dags/example_display_name.py
[2025-12-04T12:51:08.509+0000] {processor.py:914} INFO - Processing file /home/airflow/.local/lib/python3.12/site-packages/airflow/example_dags/example_display_name.py for tasks to queue
[2025-12-04T12:51:08.512+0000] {logging_mixin.py:190} INFO - [2025-12-04T12:51:08.511+0000] {dagbag.py:588} INFO - Filling up the DagBag from /home/airflow/.local/lib/python3.12/site-packages/airflow/example_dags/example_display_name.py
[2025-12-04T12:51:08.519+0000] {processor.py:925} INFO - DAG(s) 'example_display_name' retrieved from /home/airflow/.local/lib/python3.12/site-packages/airflow/example_dags/example_display_name.py
[2025-12-04T12:51:08.539+0000] {logging_mixin.py:190} INFO - [2025-12-04T12:51:08.538+0000] {dag.py:3239} INFO - Sync 1 DAGs
[2025-12-04T12:51:08.555+0000] {logging_mixin.py:190} INFO - [2025-12-04T12:51:08.555+0000] {dag.py:4180} INFO - Setting next_dagrun for example_display_name to None, run_after=None
[2025-12-04T12:51:08.575+0000] {processor.py:208} INFO - Processing /home/airflow/.local/lib/python3.12/site-packages/airflow/example_dags/example_display_name.py took 0.076 seconds
[2025-12-04T12:51:38.723+0000] {processor.py:186} INFO - Started process (PID=335) to work on /home/airflow/.local/lib/python3.12/site-packages/airflow/example_dags/example_display_name.py
[2025-12-04T12:51:38.724+0000] {processor.py:914} INFO - Processing file /home/airflow/.local/lib/python3.12/site-packages/airflow/example_dags/example_display_name.py for tasks to queue
[2025-12-04T12:51:38.728+0000] {logging_mixin.py:190} INFO - [2025-12-04T12:51:38.727+0000] {dagbag.py:588} INFO - Filling up the DagBag from /home/airflow/.local/lib/python3.12/site-packages/airflow/example_dags/example_display_name.py
[2025-12-04T12:51:38.739+0000] {processor.py:925} INFO - DAG(s) 'example_display_name' retrieved from /home/airflow/.local/lib/python3.12/site-packages/airflow/example_dags/example_display_name.py
[2025-12-04T12:51:38.768+0000] {logging_mixin.py:190} INFO - [2025-12-04T12:51:38.767+0000] {dag.py:3239} INFO - Sync 1 DAGs
[2025-12-04T12:51:38.788+0000] {logging_mixin.py:190} INFO - [2025-12-04T12:51:38.788+0000] {dag.py:4180} INFO - Setting next_dagrun for example_display_name to None, run_after=None
[2025-12-04T12:51:38.810+0000] {processor.py:208} INFO - Processing /home/airflow/.local/lib/python3.12/site-packages/airflow/example_dags/example_display_name.py took 0.096 seconds
[2025-12-04T12:52:09.623+0000] {processor.py:186} INFO - Started process (PID=409) to work on /home/airflow/.local/lib/python3.12/site-packages/airflow/example_dags/example_display_name.py
[2025-12-04T12:52:09.624+0000] {processor.py:914} INFO - Processing file /home/airflow/.local/lib/python3.12/site-packages/airflow/example_dags/example_display_name.py for tasks to queue
[2025-12-04T12:52:09.626+0000] {logging_mixin.py:190} INFO - [2025-12-04T12:52:09.626+0000] {dagbag.py:588} INFO - Filling up the DagBag from /home/airflow/.local/lib/python3.12/site-packages/airflow/example_dags/example_display_name.py
[2025-12-04T12:52:09.634+0000] {processor.py:925} INFO - DAG(s) 'example_display_name' retrieved from /home/airflow/.local/lib/python3.12/site-packages/airflow/example_dags/example_display_name.py
[2025-12-04T12:52:09.655+0000] {logging_mixin.py:190} INFO - [2025-12-04T12:52:09.654+0000] {dag.py:3239} INFO - Sync 1 DAGs
[2025-12-04T12:52:09.671+0000] {logging_mixin.py:190} INFO - [2025-12-04T12:52:09.671+0000] {dag.py:4180} INFO - Setting next_dagrun for example_display_name to None, run_after=None
[2025-12-04T12:52:09.691+0000] {processor.py:208} INFO - Processing /home/airflow/.local/lib/python3.12/site-packages/airflow/example_dags/example_display_name.py took 0.074 seconds
[2025-12-04T12:52:40.667+0000] {processor.py:186} INFO - Started process (PID=475) to work on /home/airflow/.local/lib/python3.12/site-packages/airflow/example_dags/example_display_name.py
[2025-12-04T12:52:40.668+0000] {processor.py:914} INFO - Processing file /home/airflow/.local/lib/python3.12/site-packages/airflow/example_dags/example_display_name.py for tasks to queue
[2025-12-04T12:52:40.670+0000] {logging_mixin.py:190} INFO - [2025-12-04T12:52:40.669+0000] {dagbag.py:588} INFO - Filling up the DagBag from /home/airflow/.local/lib/python3.12/site-packages/airflow/example_dags/example_display_name.py
[2025-12-04T12:52:40.677+0000] {processor.py:925} INFO - DAG(s) 'example_display_name' retrieved from /home/airflow/.local/lib/python3.12/site-packages/airflow/example_dags/example_display_name.py
[2025-12-04T12:52:40.705+0000] {logging_mixin.py:190} INFO - [2025-12-04T12:52:40.704+0000] {dag.py:3239} INFO - Sync 1 DAGs
[2025-12-04T12:52:40.730+0000] {logging_mixin.py:190} INFO - [2025-12-04T12:52:40.729+0000] {dag.py:4180} INFO - Setting next_dagrun for example_display_name to None, run_after=None
[2025-12-04T12:52:40.751+0000] {processor.py:208} INFO - Processing /home/airflow/.local/lib/python3.12/site-packages/airflow/example_dags/example_display_name.py took 0.090 seconds
[2025-12-04T12:53:10.864+0000] {processor.py:186} INFO - Started process (PID=541) to work on /home/airflow/.local/lib/python3.12/site-packages/airflow/example_dags/example_display_name.py
[2025-12-04T12:53:10.865+0000] {processor.py:914} INFO - Processing file /home/airflow/.local/lib/python3.12/site-packages/airflow/example_dags/example_display_name.py for tasks to queue
[2025-12-04T12:53:10.867+0000] {logging_mixin.py:190} INFO - [2025-12-04T12:53:10.867+0000] {dagbag.py:588} INFO - Filling up the DagBag from /home/airflow/.local/lib/python3.12/site-packages/airflow/example_dags/example_display_name.py
[2025-12-04T12:53:10.875+0000] {processor.py:925} INFO - DAG(s) 'example_display_name' retrieved from /home/airflow/.local/lib/python3.12/site-packages/airflow/example_dags/example_display_name.py
[2025-12-04T12:53:10.896+0000] {logging_mixin.py:190} INFO - [2025-12-04T12:53:10.896+0000] {dag.py:3239} INFO - Sync 1 DAGs
[2025-12-04T12:53:10.914+0000] {logging_mixin.py:190} INFO - [2025-12-04T12:53:10.914+0000] {dag.py:4180} INFO - Setting next_dagrun for example_display_name to None, run_after=None
[2025-12-04T12:53:10.937+0000] {processor.py:208} INFO - Processing /home/airflow/.local/lib/python3.12/site-packages/airflow/example_dags/example_display_name.py took 0.079 seconds
[2025-12-04T12:53:41.394+0000] {processor.py:186} INFO - Started process (PID=607) to work on /home/airflow/.local/lib/python3.12/site-packages/airflow/example_dags/example_display_name.py
[2025-12-04T12:53:41.396+0000] {processor.py:914} INFO - Processing file /home/airflow/.local/lib/python3.12/site-packages/airflow/example_dags/example_display_name.py for tasks to queue
[2025-12-04T12:53:41.401+0000] {logging_mixin.py:190} INFO - [2025-12-04T12:53:41.400+0000] {dagbag.py:588} INFO - Filling up the DagBag from /home/airflow/.local/lib/python3.12/site-packages/airflow/example_dags/example_display_name.py
[2025-12-04T12:53:41.416+0000] {processor.py:925} INFO - DAG(s) 'example_display_name' retrieved from /home/airflow/.local/lib/python3.12/site-packages/airflow/example_dags/example_display_name.py
[2025-12-04T12:53:41.437+0000] {logging_mixin.py:190} INFO - [2025-12-04T12:53:41.437+0000] {dag.py:3239} INFO - Sync 1 DAGs
[2025-12-04T12:53:41.455+0000] {logging_mixin.py:190} INFO - [2025-12-04T12:53:41.454+0000] {dag.py:4180} INFO - Setting next_dagrun for example_display_name to None, run_after=None
[2025-12-04T12:53:41.476+0000] {processor.py:208} INFO - Processing /home/airflow/.local/lib/python3.12/site-packages/airflow/example_dags/example_display_name.py took 0.096 seconds
[2025-12-04T12:54:11.790+0000] {processor.py:186} INFO - Started process (PID=673) to work on /home/airflow/.local/lib/python3.12/site-packages/airflow/example_dags/example_display_name.py
[2025-12-04T12:54:11.791+0000] {processor.py:914} INFO - Processing file /home/airflow/.local/lib/python3.12/site-packages/airflow/example_dags/example_display_name.py for tasks to queue
[2025-12-04T12:54:11.793+0000] {logging_mixin.py:190} INFO - [2025-12-04T12:54:11.793+0000] {dagbag.py:588} INFO - Filling up the DagBag from /home/airflow/.local/lib/python3.12/site-packages/airflow/example_dags/example_display_name.py
[2025-12-04T12:54:11.803+0000] {processor.py:925} INFO - DAG(s) 'example_display_name' retrieved from /home/airflow/.local/lib/python3.12/site-packages/airflow/example_dags/example_display_name.py
[2025-12-04T12:54:11.831+0000] {logging_mixin.py:190} INFO - [2025-12-04T12:54:11.830+0000] {dag.py:3239} INFO - Sync 1 DAGs
[2025-12-04T12:54:11.850+0000] {logging_mixin.py:190} INFO - [2025-12-04T12:54:11.850+0000] {dag.py:4180} INFO - Setting next_dagrun for example_display_name to None, run_after=None
[2025-12-04T12:54:11.873+0000] {processor.py:208} INFO - Processing /home/airflow/.local/lib/python3.12/site-packages/airflow/example_dags/example_display_name.py took 0.090 seconds
[2025-12-04T12:54:42.410+0000] {processor.py:186} INFO - Started process (PID=739) to work on /home/airflow/.local/lib/python3.12/site-packages/airflow/example_dags/example_display_name.py
[2025-12-04T12:54:42.411+0000] {processor.py:914} INFO - Processing file /home/airflow/.local/lib/python3.12/site-packages/airflow/example_dags/example_display_name.py for tasks to queue
[2025-12-04T12:54:42.413+0000] {logging_mixin.py:190} INFO - [2025-12-04T12:54:42.413+0000] {dagbag.py:588} INFO - Filling up the DagBag from /home/airflow/.local/lib/python3.12/site-packages/airflow/example_dags/example_display_name.py
[2025-12-04T12:54:42.423+0000] {processor.py:925} INFO - DAG(s) 'example_display_name' retrieved from /home/airflow/.local/lib/python3.12/site-packages/airflow/example_dags/example_display_name.py
[2025-12-04T12:54:42.457+0000] {logging_mixin.py:190} INFO - [2025-12-04T12:54:42.456+0000] {dag.py:3239} INFO - Sync 1 DAGs
[2025-12-04T12:54:42.482+0000] {logging_mixin.py:190} INFO - [2025-12-04T12:54:42.482+0000] {dag.py:4180} INFO - Setting next_dagrun for example_display_name to None, run_after=None
[2025-12-04T12:54:42.508+0000] {processor.py:208} INFO - Processing /home/airflow/.local/lib/python3.12/site-packages/airflow/example_dags/example_display_name.py took 0.106 seconds
