[2025-12-04T12:26:30.855+0000] {processor.py:186} INFO - Started process (PID=92) to work on /home/airflow/.local/lib/python3.12/site-packages/airflow/example_dags/example_xcomargs.py
[2025-12-04T12:26:30.856+0000] {processor.py:914} INFO - Processing file /home/airflow/.local/lib/python3.12/site-packages/airflow/example_dags/example_xcomargs.py for tasks to queue
[2025-12-04T12:26:30.858+0000] {logging_mixin.py:190} INFO - [2025-12-04T12:26:30.858+0000] {dagbag.py:588} INFO - Filling up the DagBag from /home/airflow/.local/lib/python3.12/site-packages/airflow/example_dags/example_xcomargs.py
[2025-12-04T12:26:30.868+0000] {processor.py:925} INFO - DAG(s) 'example_xcom_args', 'example_xcom_args_with_operators' retrieved from /home/airflow/.local/lib/python3.12/site-packages/airflow/example_dags/example_xcomargs.py
[2025-12-04T12:26:30.954+0000] {logging_mixin.py:190} INFO - [2025-12-04T12:26:30.953+0000] {override.py:1912} INFO - Created Permission View: can delete on DAG:example_xcom_args
[2025-12-04T12:26:30.963+0000] {logging_mixin.py:190} INFO - [2025-12-04T12:26:30.963+0000] {override.py:1912} INFO - Created Permission View: can edit on DAG:example_xcom_args
[2025-12-04T12:26:30.969+0000] {logging_mixin.py:190} INFO - [2025-12-04T12:26:30.969+0000] {override.py:1912} INFO - Created Permission View: can read on DAG:example_xcom_args
[2025-12-04T12:26:30.976+0000] {logging_mixin.py:190} INFO - [2025-12-04T12:26:30.976+0000] {override.py:1912} INFO - Created Permission View: can delete on DAG Run:example_xcom_args
[2025-12-04T12:26:30.983+0000] {logging_mixin.py:190} INFO - [2025-12-04T12:26:30.982+0000] {override.py:1912} INFO - Created Permission View: can read on DAG Run:example_xcom_args
[2025-12-04T12:26:30.990+0000] {logging_mixin.py:190} INFO - [2025-12-04T12:26:30.990+0000] {override.py:1912} INFO - Created Permission View: can create on DAG Run:example_xcom_args
[2025-12-04T12:26:30.998+0000] {logging_mixin.py:190} INFO - [2025-12-04T12:26:30.998+0000] {override.py:1912} INFO - Created Permission View: menu access on DAG Run:example_xcom_args
[2025-12-04T12:26:31.014+0000] {logging_mixin.py:190} INFO - [2025-12-04T12:26:31.013+0000] {override.py:1912} INFO - Created Permission View: can delete on DAG:example_xcom_args_with_operators
[2025-12-04T12:26:31.021+0000] {logging_mixin.py:190} INFO - [2025-12-04T12:26:31.021+0000] {override.py:1912} INFO - Created Permission View: can edit on DAG:example_xcom_args_with_operators
[2025-12-04T12:26:31.028+0000] {logging_mixin.py:190} INFO - [2025-12-04T12:26:31.028+0000] {override.py:1912} INFO - Created Permission View: can read on DAG:example_xcom_args_with_operators
[2025-12-04T12:26:31.035+0000] {logging_mixin.py:190} INFO - [2025-12-04T12:26:31.035+0000] {override.py:1912} INFO - Created Permission View: can delete on DAG Run:example_xcom_args_with_operators
[2025-12-04T12:26:31.042+0000] {logging_mixin.py:190} INFO - [2025-12-04T12:26:31.041+0000] {override.py:1912} INFO - Created Permission View: can read on DAG Run:example_xcom_args_with_operators
[2025-12-04T12:26:31.049+0000] {logging_mixin.py:190} INFO - [2025-12-04T12:26:31.049+0000] {override.py:1912} INFO - Created Permission View: can create on DAG Run:example_xcom_args_with_operators
[2025-12-04T12:26:31.056+0000] {logging_mixin.py:190} INFO - [2025-12-04T12:26:31.056+0000] {override.py:1912} INFO - Created Permission View: menu access on DAG Run:example_xcom_args_with_operators
[2025-12-04T12:26:31.057+0000] {logging_mixin.py:190} INFO - [2025-12-04T12:26:31.056+0000] {dag.py:3239} INFO - Sync 2 DAGs
[2025-12-04T12:26:31.069+0000] {logging_mixin.py:190} INFO - [2025-12-04T12:26:31.069+0000] {dag.py:3262} INFO - Creating ORM DAG for example_xcom_args
[2025-12-04T12:26:31.070+0000] {logging_mixin.py:190} INFO - [2025-12-04T12:26:31.070+0000] {dag.py:3262} INFO - Creating ORM DAG for example_xcom_args_with_operators
[2025-12-04T12:26:31.070+0000] {logging_mixin.py:190} INFO - [2025-12-04T12:26:31.070+0000] {dag.py:4180} INFO - Setting next_dagrun for example_xcom_args to None, run_after=None
[2025-12-04T12:26:31.071+0000] {logging_mixin.py:190} INFO - [2025-12-04T12:26:31.071+0000] {dag.py:4180} INFO - Setting next_dagrun for example_xcom_args_with_operators to None, run_after=None
[2025-12-04T12:26:31.088+0000] {processor.py:208} INFO - Processing /home/airflow/.local/lib/python3.12/site-packages/airflow/example_dags/example_xcomargs.py took 0.240 seconds
[2025-12-04T12:27:01.375+0000] {processor.py:186} INFO - Started process (PID=158) to work on /home/airflow/.local/lib/python3.12/site-packages/airflow/example_dags/example_xcomargs.py
[2025-12-04T12:27:01.375+0000] {processor.py:914} INFO - Processing file /home/airflow/.local/lib/python3.12/site-packages/airflow/example_dags/example_xcomargs.py for tasks to queue
[2025-12-04T12:27:01.378+0000] {logging_mixin.py:190} INFO - [2025-12-04T12:27:01.378+0000] {dagbag.py:588} INFO - Filling up the DagBag from /home/airflow/.local/lib/python3.12/site-packages/airflow/example_dags/example_xcomargs.py
[2025-12-04T12:27:01.389+0000] {processor.py:925} INFO - DAG(s) 'example_xcom_args_with_operators', 'example_xcom_args' retrieved from /home/airflow/.local/lib/python3.12/site-packages/airflow/example_dags/example_xcomargs.py
[2025-12-04T12:27:01.415+0000] {logging_mixin.py:190} INFO - [2025-12-04T12:27:01.414+0000] {dag.py:3239} INFO - Sync 2 DAGs
[2025-12-04T12:27:01.432+0000] {logging_mixin.py:190} INFO - [2025-12-04T12:27:01.432+0000] {dag.py:4180} INFO - Setting next_dagrun for example_xcom_args to None, run_after=None
[2025-12-04T12:27:01.437+0000] {logging_mixin.py:190} INFO - [2025-12-04T12:27:01.437+0000] {dag.py:4180} INFO - Setting next_dagrun for example_xcom_args_with_operators to None, run_after=None
[2025-12-04T12:27:01.456+0000] {processor.py:208} INFO - Processing /home/airflow/.local/lib/python3.12/site-packages/airflow/example_dags/example_xcomargs.py took 0.087 seconds
[2025-12-04T12:27:31.571+0000] {processor.py:186} INFO - Started process (PID=223) to work on /home/airflow/.local/lib/python3.12/site-packages/airflow/example_dags/example_xcomargs.py
[2025-12-04T12:27:31.572+0000] {processor.py:914} INFO - Processing file /home/airflow/.local/lib/python3.12/site-packages/airflow/example_dags/example_xcomargs.py for tasks to queue
[2025-12-04T12:27:31.575+0000] {logging_mixin.py:190} INFO - [2025-12-04T12:27:31.574+0000] {dagbag.py:588} INFO - Filling up the DagBag from /home/airflow/.local/lib/python3.12/site-packages/airflow/example_dags/example_xcomargs.py
[2025-12-04T12:27:31.590+0000] {processor.py:925} INFO - DAG(s) 'example_xcom_args_with_operators', 'example_xcom_args' retrieved from /home/airflow/.local/lib/python3.12/site-packages/airflow/example_dags/example_xcomargs.py
[2025-12-04T12:27:31.619+0000] {logging_mixin.py:190} INFO - [2025-12-04T12:27:31.618+0000] {dag.py:3239} INFO - Sync 2 DAGs
[2025-12-04T12:27:31.635+0000] {logging_mixin.py:190} INFO - [2025-12-04T12:27:31.635+0000] {dag.py:4180} INFO - Setting next_dagrun for example_xcom_args to None, run_after=None
[2025-12-04T12:27:31.640+0000] {logging_mixin.py:190} INFO - [2025-12-04T12:27:31.640+0000] {dag.py:4180} INFO - Setting next_dagrun for example_xcom_args_with_operators to None, run_after=None
[2025-12-04T12:27:31.659+0000] {processor.py:208} INFO - Processing /home/airflow/.local/lib/python3.12/site-packages/airflow/example_dags/example_xcomargs.py took 0.097 seconds
[2025-12-04T12:28:02.614+0000] {processor.py:186} INFO - Started process (PID=289) to work on /home/airflow/.local/lib/python3.12/site-packages/airflow/example_dags/example_xcomargs.py
[2025-12-04T12:28:02.615+0000] {processor.py:914} INFO - Processing file /home/airflow/.local/lib/python3.12/site-packages/airflow/example_dags/example_xcomargs.py for tasks to queue
[2025-12-04T12:28:02.618+0000] {logging_mixin.py:190} INFO - [2025-12-04T12:28:02.618+0000] {dagbag.py:588} INFO - Filling up the DagBag from /home/airflow/.local/lib/python3.12/site-packages/airflow/example_dags/example_xcomargs.py
[2025-12-04T12:28:02.635+0000] {processor.py:925} INFO - DAG(s) 'example_xcom_args', 'example_xcom_args_with_operators' retrieved from /home/airflow/.local/lib/python3.12/site-packages/airflow/example_dags/example_xcomargs.py
[2025-12-04T12:28:02.664+0000] {logging_mixin.py:190} INFO - [2025-12-04T12:28:02.664+0000] {dag.py:3239} INFO - Sync 2 DAGs
[2025-12-04T12:28:02.683+0000] {logging_mixin.py:190} INFO - [2025-12-04T12:28:02.682+0000] {dag.py:4180} INFO - Setting next_dagrun for example_xcom_args to None, run_after=None
[2025-12-04T12:28:02.688+0000] {logging_mixin.py:190} INFO - [2025-12-04T12:28:02.687+0000] {dag.py:4180} INFO - Setting next_dagrun for example_xcom_args_with_operators to None, run_after=None
[2025-12-04T12:28:02.706+0000] {processor.py:208} INFO - Processing /home/airflow/.local/lib/python3.12/site-packages/airflow/example_dags/example_xcomargs.py took 0.103 seconds
[2025-12-04T12:28:33.370+0000] {processor.py:186} INFO - Started process (PID=354) to work on /home/airflow/.local/lib/python3.12/site-packages/airflow/example_dags/example_xcomargs.py
[2025-12-04T12:28:33.371+0000] {processor.py:914} INFO - Processing file /home/airflow/.local/lib/python3.12/site-packages/airflow/example_dags/example_xcomargs.py for tasks to queue
[2025-12-04T12:28:33.375+0000] {logging_mixin.py:190} INFO - [2025-12-04T12:28:33.374+0000] {dagbag.py:588} INFO - Filling up the DagBag from /home/airflow/.local/lib/python3.12/site-packages/airflow/example_dags/example_xcomargs.py
[2025-12-04T12:28:33.393+0000] {processor.py:925} INFO - DAG(s) 'example_xcom_args_with_operators', 'example_xcom_args' retrieved from /home/airflow/.local/lib/python3.12/site-packages/airflow/example_dags/example_xcomargs.py
[2025-12-04T12:28:33.425+0000] {logging_mixin.py:190} INFO - [2025-12-04T12:28:33.425+0000] {dag.py:3239} INFO - Sync 2 DAGs
[2025-12-04T12:28:33.446+0000] {logging_mixin.py:190} INFO - [2025-12-04T12:28:33.445+0000] {dag.py:4180} INFO - Setting next_dagrun for example_xcom_args to None, run_after=None
[2025-12-04T12:28:33.452+0000] {logging_mixin.py:190} INFO - [2025-12-04T12:28:33.451+0000] {dag.py:4180} INFO - Setting next_dagrun for example_xcom_args_with_operators to None, run_after=None
[2025-12-04T12:28:33.477+0000] {processor.py:208} INFO - Processing /home/airflow/.local/lib/python3.12/site-packages/airflow/example_dags/example_xcomargs.py took 0.116 seconds
[2025-12-04T12:29:03.915+0000] {processor.py:186} INFO - Started process (PID=426) to work on /home/airflow/.local/lib/python3.12/site-packages/airflow/example_dags/example_xcomargs.py
[2025-12-04T12:29:03.917+0000] {processor.py:914} INFO - Processing file /home/airflow/.local/lib/python3.12/site-packages/airflow/example_dags/example_xcomargs.py for tasks to queue
[2025-12-04T12:29:03.919+0000] {logging_mixin.py:190} INFO - [2025-12-04T12:29:03.919+0000] {dagbag.py:588} INFO - Filling up the DagBag from /home/airflow/.local/lib/python3.12/site-packages/airflow/example_dags/example_xcomargs.py
[2025-12-04T12:29:03.933+0000] {processor.py:925} INFO - DAG(s) 'example_xcom_args_with_operators', 'example_xcom_args' retrieved from /home/airflow/.local/lib/python3.12/site-packages/airflow/example_dags/example_xcomargs.py
[2025-12-04T12:29:03.961+0000] {logging_mixin.py:190} INFO - [2025-12-04T12:29:03.961+0000] {dag.py:3239} INFO - Sync 2 DAGs
[2025-12-04T12:29:03.979+0000] {logging_mixin.py:190} INFO - [2025-12-04T12:29:03.979+0000] {dag.py:4180} INFO - Setting next_dagrun for example_xcom_args to None, run_after=None
[2025-12-04T12:29:03.984+0000] {logging_mixin.py:190} INFO - [2025-12-04T12:29:03.984+0000] {dag.py:4180} INFO - Setting next_dagrun for example_xcom_args_with_operators to None, run_after=None
[2025-12-04T12:29:04.003+0000] {processor.py:208} INFO - Processing /home/airflow/.local/lib/python3.12/site-packages/airflow/example_dags/example_xcomargs.py took 0.096 seconds
[2025-12-04T12:29:34.794+0000] {processor.py:186} INFO - Started process (PID=492) to work on /home/airflow/.local/lib/python3.12/site-packages/airflow/example_dags/example_xcomargs.py
[2025-12-04T12:29:34.795+0000] {processor.py:914} INFO - Processing file /home/airflow/.local/lib/python3.12/site-packages/airflow/example_dags/example_xcomargs.py for tasks to queue
[2025-12-04T12:29:34.798+0000] {logging_mixin.py:190} INFO - [2025-12-04T12:29:34.798+0000] {dagbag.py:588} INFO - Filling up the DagBag from /home/airflow/.local/lib/python3.12/site-packages/airflow/example_dags/example_xcomargs.py
[2025-12-04T12:29:34.815+0000] {processor.py:925} INFO - DAG(s) 'example_xcom_args', 'example_xcom_args_with_operators' retrieved from /home/airflow/.local/lib/python3.12/site-packages/airflow/example_dags/example_xcomargs.py
[2025-12-04T12:29:34.849+0000] {logging_mixin.py:190} INFO - [2025-12-04T12:29:34.849+0000] {dag.py:3239} INFO - Sync 2 DAGs
[2025-12-04T12:29:34.867+0000] {logging_mixin.py:190} INFO - [2025-12-04T12:29:34.867+0000] {dag.py:4180} INFO - Setting next_dagrun for example_xcom_args to None, run_after=None
[2025-12-04T12:29:34.872+0000] {logging_mixin.py:190} INFO - [2025-12-04T12:29:34.871+0000] {dag.py:4180} INFO - Setting next_dagrun for example_xcom_args_with_operators to None, run_after=None
[2025-12-04T12:29:34.891+0000] {processor.py:208} INFO - Processing /home/airflow/.local/lib/python3.12/site-packages/airflow/example_dags/example_xcomargs.py took 0.107 seconds
[2025-12-04T12:30:04.935+0000] {processor.py:186} INFO - Started process (PID=558) to work on /home/airflow/.local/lib/python3.12/site-packages/airflow/example_dags/example_xcomargs.py
[2025-12-04T12:30:04.936+0000] {processor.py:914} INFO - Processing file /home/airflow/.local/lib/python3.12/site-packages/airflow/example_dags/example_xcomargs.py for tasks to queue
[2025-12-04T12:30:04.939+0000] {logging_mixin.py:190} INFO - [2025-12-04T12:30:04.938+0000] {dagbag.py:588} INFO - Filling up the DagBag from /home/airflow/.local/lib/python3.12/site-packages/airflow/example_dags/example_xcomargs.py
[2025-12-04T12:30:04.955+0000] {processor.py:925} INFO - DAG(s) 'example_xcom_args', 'example_xcom_args_with_operators' retrieved from /home/airflow/.local/lib/python3.12/site-packages/airflow/example_dags/example_xcomargs.py
[2025-12-04T12:30:04.990+0000] {logging_mixin.py:190} INFO - [2025-12-04T12:30:04.989+0000] {dag.py:3239} INFO - Sync 2 DAGs
[2025-12-04T12:30:05.006+0000] {logging_mixin.py:190} INFO - [2025-12-04T12:30:05.006+0000] {dag.py:4180} INFO - Setting next_dagrun for example_xcom_args to None, run_after=None
[2025-12-04T12:30:05.010+0000] {logging_mixin.py:190} INFO - [2025-12-04T12:30:05.010+0000] {dag.py:4180} INFO - Setting next_dagrun for example_xcom_args_with_operators to None, run_after=None
[2025-12-04T12:30:05.027+0000] {processor.py:208} INFO - Processing /home/airflow/.local/lib/python3.12/site-packages/airflow/example_dags/example_xcomargs.py took 0.101 seconds
[2025-12-04T12:30:35.877+0000] {processor.py:186} INFO - Started process (PID=624) to work on /home/airflow/.local/lib/python3.12/site-packages/airflow/example_dags/example_xcomargs.py
[2025-12-04T12:30:35.878+0000] {processor.py:914} INFO - Processing file /home/airflow/.local/lib/python3.12/site-packages/airflow/example_dags/example_xcomargs.py for tasks to queue
[2025-12-04T12:30:35.880+0000] {logging_mixin.py:190} INFO - [2025-12-04T12:30:35.880+0000] {dagbag.py:588} INFO - Filling up the DagBag from /home/airflow/.local/lib/python3.12/site-packages/airflow/example_dags/example_xcomargs.py
[2025-12-04T12:30:35.891+0000] {processor.py:925} INFO - DAG(s) 'example_xcom_args_with_operators', 'example_xcom_args' retrieved from /home/airflow/.local/lib/python3.12/site-packages/airflow/example_dags/example_xcomargs.py
[2025-12-04T12:30:35.918+0000] {logging_mixin.py:190} INFO - [2025-12-04T12:30:35.918+0000] {dag.py:3239} INFO - Sync 2 DAGs
[2025-12-04T12:30:35.937+0000] {logging_mixin.py:190} INFO - [2025-12-04T12:30:35.936+0000] {dag.py:4180} INFO - Setting next_dagrun for example_xcom_args to None, run_after=None
[2025-12-04T12:30:35.941+0000] {logging_mixin.py:190} INFO - [2025-12-04T12:30:35.941+0000] {dag.py:4180} INFO - Setting next_dagrun for example_xcom_args_with_operators to None, run_after=None
[2025-12-04T12:30:35.959+0000] {processor.py:208} INFO - Processing /home/airflow/.local/lib/python3.12/site-packages/airflow/example_dags/example_xcomargs.py took 0.088 seconds
[2025-12-04T12:31:07.277+0000] {processor.py:186} INFO - Started process (PID=690) to work on /home/airflow/.local/lib/python3.12/site-packages/airflow/example_dags/example_xcomargs.py
[2025-12-04T12:31:07.279+0000] {processor.py:914} INFO - Processing file /home/airflow/.local/lib/python3.12/site-packages/airflow/example_dags/example_xcomargs.py for tasks to queue
[2025-12-04T12:31:07.281+0000] {logging_mixin.py:190} INFO - [2025-12-04T12:31:07.281+0000] {dagbag.py:588} INFO - Filling up the DagBag from /home/airflow/.local/lib/python3.12/site-packages/airflow/example_dags/example_xcomargs.py
[2025-12-04T12:31:07.298+0000] {processor.py:925} INFO - DAG(s) 'example_xcom_args', 'example_xcom_args_with_operators' retrieved from /home/airflow/.local/lib/python3.12/site-packages/airflow/example_dags/example_xcomargs.py
[2025-12-04T12:31:07.330+0000] {logging_mixin.py:190} INFO - [2025-12-04T12:31:07.330+0000] {dag.py:3239} INFO - Sync 2 DAGs
[2025-12-04T12:31:07.355+0000] {logging_mixin.py:190} INFO - [2025-12-04T12:31:07.355+0000] {dag.py:4180} INFO - Setting next_dagrun for example_xcom_args to None, run_after=None
[2025-12-04T12:31:07.361+0000] {logging_mixin.py:190} INFO - [2025-12-04T12:31:07.361+0000] {dag.py:4180} INFO - Setting next_dagrun for example_xcom_args_with_operators to None, run_after=None
[2025-12-04T12:31:07.381+0000] {processor.py:208} INFO - Processing /home/airflow/.local/lib/python3.12/site-packages/airflow/example_dags/example_xcomargs.py took 0.112 seconds
[2025-12-04T12:31:38.971+0000] {processor.py:186} INFO - Started process (PID=756) to work on /home/airflow/.local/lib/python3.12/site-packages/airflow/example_dags/example_xcomargs.py
[2025-12-04T12:31:38.972+0000] {processor.py:914} INFO - Processing file /home/airflow/.local/lib/python3.12/site-packages/airflow/example_dags/example_xcomargs.py for tasks to queue
[2025-12-04T12:31:38.974+0000] {logging_mixin.py:190} INFO - [2025-12-04T12:31:38.974+0000] {dagbag.py:588} INFO - Filling up the DagBag from /home/airflow/.local/lib/python3.12/site-packages/airflow/example_dags/example_xcomargs.py
[2025-12-04T12:31:38.986+0000] {processor.py:925} INFO - DAG(s) 'example_xcom_args', 'example_xcom_args_with_operators' retrieved from /home/airflow/.local/lib/python3.12/site-packages/airflow/example_dags/example_xcomargs.py
[2025-12-04T12:31:39.016+0000] {logging_mixin.py:190} INFO - [2025-12-04T12:31:39.015+0000] {dag.py:3239} INFO - Sync 2 DAGs
[2025-12-04T12:31:39.034+0000] {logging_mixin.py:190} INFO - [2025-12-04T12:31:39.034+0000] {dag.py:4180} INFO - Setting next_dagrun for example_xcom_args to None, run_after=None
[2025-12-04T12:31:39.038+0000] {logging_mixin.py:190} INFO - [2025-12-04T12:31:39.038+0000] {dag.py:4180} INFO - Setting next_dagrun for example_xcom_args_with_operators to None, run_after=None
[2025-12-04T12:31:39.057+0000] {processor.py:208} INFO - Processing /home/airflow/.local/lib/python3.12/site-packages/airflow/example_dags/example_xcomargs.py took 0.092 seconds
[2025-12-04T12:32:10.344+0000] {processor.py:186} INFO - Started process (PID=822) to work on /home/airflow/.local/lib/python3.12/site-packages/airflow/example_dags/example_xcomargs.py
[2025-12-04T12:32:10.345+0000] {processor.py:914} INFO - Processing file /home/airflow/.local/lib/python3.12/site-packages/airflow/example_dags/example_xcomargs.py for tasks to queue
[2025-12-04T12:32:10.349+0000] {logging_mixin.py:190} INFO - [2025-12-04T12:32:10.348+0000] {dagbag.py:588} INFO - Filling up the DagBag from /home/airflow/.local/lib/python3.12/site-packages/airflow/example_dags/example_xcomargs.py
[2025-12-04T12:32:10.366+0000] {processor.py:925} INFO - DAG(s) 'example_xcom_args_with_operators', 'example_xcom_args' retrieved from /home/airflow/.local/lib/python3.12/site-packages/airflow/example_dags/example_xcomargs.py
[2025-12-04T12:32:10.398+0000] {logging_mixin.py:190} INFO - [2025-12-04T12:32:10.397+0000] {dag.py:3239} INFO - Sync 2 DAGs
[2025-12-04T12:32:10.416+0000] {logging_mixin.py:190} INFO - [2025-12-04T12:32:10.415+0000] {dag.py:4180} INFO - Setting next_dagrun for example_xcom_args to None, run_after=None
[2025-12-04T12:32:10.421+0000] {logging_mixin.py:190} INFO - [2025-12-04T12:32:10.420+0000] {dag.py:4180} INFO - Setting next_dagrun for example_xcom_args_with_operators to None, run_after=None
[2025-12-04T12:32:10.439+0000] {processor.py:208} INFO - Processing /home/airflow/.local/lib/python3.12/site-packages/airflow/example_dags/example_xcomargs.py took 0.104 seconds
[2025-12-04T12:32:41.865+0000] {processor.py:186} INFO - Started process (PID=889) to work on /home/airflow/.local/lib/python3.12/site-packages/airflow/example_dags/example_xcomargs.py
[2025-12-04T12:32:41.866+0000] {processor.py:914} INFO - Processing file /home/airflow/.local/lib/python3.12/site-packages/airflow/example_dags/example_xcomargs.py for tasks to queue
[2025-12-04T12:32:41.868+0000] {logging_mixin.py:190} INFO - [2025-12-04T12:32:41.868+0000] {dagbag.py:588} INFO - Filling up the DagBag from /home/airflow/.local/lib/python3.12/site-packages/airflow/example_dags/example_xcomargs.py
[2025-12-04T12:32:41.878+0000] {processor.py:925} INFO - DAG(s) 'example_xcom_args', 'example_xcom_args_with_operators' retrieved from /home/airflow/.local/lib/python3.12/site-packages/airflow/example_dags/example_xcomargs.py
[2025-12-04T12:32:41.904+0000] {logging_mixin.py:190} INFO - [2025-12-04T12:32:41.903+0000] {dag.py:3239} INFO - Sync 2 DAGs
[2025-12-04T12:32:41.922+0000] {logging_mixin.py:190} INFO - [2025-12-04T12:32:41.922+0000] {dag.py:4180} INFO - Setting next_dagrun for example_xcom_args to None, run_after=None
[2025-12-04T12:32:41.926+0000] {logging_mixin.py:190} INFO - [2025-12-04T12:32:41.926+0000] {dag.py:4180} INFO - Setting next_dagrun for example_xcom_args_with_operators to None, run_after=None
[2025-12-04T12:32:41.945+0000] {processor.py:208} INFO - Processing /home/airflow/.local/lib/python3.12/site-packages/airflow/example_dags/example_xcomargs.py took 0.085 seconds
[2025-12-04T12:33:13.355+0000] {processor.py:186} INFO - Started process (PID=955) to work on /home/airflow/.local/lib/python3.12/site-packages/airflow/example_dags/example_xcomargs.py
[2025-12-04T12:33:13.356+0000] {processor.py:914} INFO - Processing file /home/airflow/.local/lib/python3.12/site-packages/airflow/example_dags/example_xcomargs.py for tasks to queue
[2025-12-04T12:33:13.359+0000] {logging_mixin.py:190} INFO - [2025-12-04T12:33:13.359+0000] {dagbag.py:588} INFO - Filling up the DagBag from /home/airflow/.local/lib/python3.12/site-packages/airflow/example_dags/example_xcomargs.py
[2025-12-04T12:33:13.376+0000] {processor.py:925} INFO - DAG(s) 'example_xcom_args_with_operators', 'example_xcom_args' retrieved from /home/airflow/.local/lib/python3.12/site-packages/airflow/example_dags/example_xcomargs.py
[2025-12-04T12:33:13.404+0000] {logging_mixin.py:190} INFO - [2025-12-04T12:33:13.404+0000] {dag.py:3239} INFO - Sync 2 DAGs
[2025-12-04T12:33:13.424+0000] {logging_mixin.py:190} INFO - [2025-12-04T12:33:13.423+0000] {dag.py:4180} INFO - Setting next_dagrun for example_xcom_args to None, run_after=None
[2025-12-04T12:33:13.428+0000] {logging_mixin.py:190} INFO - [2025-12-04T12:33:13.428+0000] {dag.py:4180} INFO - Setting next_dagrun for example_xcom_args_with_operators to None, run_after=None
[2025-12-04T12:33:13.449+0000] {processor.py:208} INFO - Processing /home/airflow/.local/lib/python3.12/site-packages/airflow/example_dags/example_xcomargs.py took 0.102 seconds
[2025-12-04T12:33:45.105+0000] {processor.py:186} INFO - Started process (PID=1020) to work on /home/airflow/.local/lib/python3.12/site-packages/airflow/example_dags/example_xcomargs.py
[2025-12-04T12:33:45.105+0000] {processor.py:914} INFO - Processing file /home/airflow/.local/lib/python3.12/site-packages/airflow/example_dags/example_xcomargs.py for tasks to queue
[2025-12-04T12:33:45.108+0000] {logging_mixin.py:190} INFO - [2025-12-04T12:33:45.107+0000] {dagbag.py:588} INFO - Filling up the DagBag from /home/airflow/.local/lib/python3.12/site-packages/airflow/example_dags/example_xcomargs.py
[2025-12-04T12:33:45.119+0000] {processor.py:925} INFO - DAG(s) 'example_xcom_args', 'example_xcom_args_with_operators' retrieved from /home/airflow/.local/lib/python3.12/site-packages/airflow/example_dags/example_xcomargs.py
[2025-12-04T12:33:45.150+0000] {logging_mixin.py:190} INFO - [2025-12-04T12:33:45.149+0000] {dag.py:3239} INFO - Sync 2 DAGs
[2025-12-04T12:33:45.170+0000] {logging_mixin.py:190} INFO - [2025-12-04T12:33:45.170+0000] {dag.py:4180} INFO - Setting next_dagrun for example_xcom_args to None, run_after=None
[2025-12-04T12:33:45.175+0000] {logging_mixin.py:190} INFO - [2025-12-04T12:33:45.174+0000] {dag.py:4180} INFO - Setting next_dagrun for example_xcom_args_with_operators to None, run_after=None
[2025-12-04T12:33:45.193+0000] {processor.py:208} INFO - Processing /home/airflow/.local/lib/python3.12/site-packages/airflow/example_dags/example_xcomargs.py took 0.096 seconds
[2025-12-04T12:34:17.486+0000] {processor.py:186} INFO - Started process (PID=1087) to work on /home/airflow/.local/lib/python3.12/site-packages/airflow/example_dags/example_xcomargs.py
[2025-12-04T12:34:17.487+0000] {processor.py:914} INFO - Processing file /home/airflow/.local/lib/python3.12/site-packages/airflow/example_dags/example_xcomargs.py for tasks to queue
[2025-12-04T12:34:17.489+0000] {logging_mixin.py:190} INFO - [2025-12-04T12:34:17.489+0000] {dagbag.py:588} INFO - Filling up the DagBag from /home/airflow/.local/lib/python3.12/site-packages/airflow/example_dags/example_xcomargs.py
[2025-12-04T12:34:17.501+0000] {processor.py:925} INFO - DAG(s) 'example_xcom_args', 'example_xcom_args_with_operators' retrieved from /home/airflow/.local/lib/python3.12/site-packages/airflow/example_dags/example_xcomargs.py
[2025-12-04T12:34:17.526+0000] {logging_mixin.py:190} INFO - [2025-12-04T12:34:17.526+0000] {dag.py:3239} INFO - Sync 2 DAGs
[2025-12-04T12:34:17.544+0000] {logging_mixin.py:190} INFO - [2025-12-04T12:34:17.544+0000] {dag.py:4180} INFO - Setting next_dagrun for example_xcom_args to None, run_after=None
[2025-12-04T12:34:17.549+0000] {logging_mixin.py:190} INFO - [2025-12-04T12:34:17.549+0000] {dag.py:4180} INFO - Setting next_dagrun for example_xcom_args_with_operators to None, run_after=None
[2025-12-04T12:34:17.568+0000] {processor.py:208} INFO - Processing /home/airflow/.local/lib/python3.12/site-packages/airflow/example_dags/example_xcomargs.py took 0.088 seconds
[2025-12-04T12:34:48.102+0000] {processor.py:186} INFO - Started process (PID=1153) to work on /home/airflow/.local/lib/python3.12/site-packages/airflow/example_dags/example_xcomargs.py
[2025-12-04T12:34:48.103+0000] {processor.py:914} INFO - Processing file /home/airflow/.local/lib/python3.12/site-packages/airflow/example_dags/example_xcomargs.py for tasks to queue
[2025-12-04T12:34:48.105+0000] {logging_mixin.py:190} INFO - [2025-12-04T12:34:48.105+0000] {dagbag.py:588} INFO - Filling up the DagBag from /home/airflow/.local/lib/python3.12/site-packages/airflow/example_dags/example_xcomargs.py
[2025-12-04T12:34:48.116+0000] {processor.py:925} INFO - DAG(s) 'example_xcom_args_with_operators', 'example_xcom_args' retrieved from /home/airflow/.local/lib/python3.12/site-packages/airflow/example_dags/example_xcomargs.py
[2025-12-04T12:34:48.141+0000] {logging_mixin.py:190} INFO - [2025-12-04T12:34:48.141+0000] {dag.py:3239} INFO - Sync 2 DAGs
[2025-12-04T12:34:48.159+0000] {logging_mixin.py:190} INFO - [2025-12-04T12:34:48.158+0000] {dag.py:4180} INFO - Setting next_dagrun for example_xcom_args to None, run_after=None
[2025-12-04T12:34:48.163+0000] {logging_mixin.py:190} INFO - [2025-12-04T12:34:48.163+0000] {dag.py:4180} INFO - Setting next_dagrun for example_xcom_args_with_operators to None, run_after=None
[2025-12-04T12:34:48.183+0000] {processor.py:208} INFO - Processing /home/airflow/.local/lib/python3.12/site-packages/airflow/example_dags/example_xcomargs.py took 0.086 seconds
[2025-12-04T12:35:19.637+0000] {processor.py:186} INFO - Started process (PID=1219) to work on /home/airflow/.local/lib/python3.12/site-packages/airflow/example_dags/example_xcomargs.py
[2025-12-04T12:35:19.638+0000] {processor.py:914} INFO - Processing file /home/airflow/.local/lib/python3.12/site-packages/airflow/example_dags/example_xcomargs.py for tasks to queue
[2025-12-04T12:35:19.640+0000] {logging_mixin.py:190} INFO - [2025-12-04T12:35:19.639+0000] {dagbag.py:588} INFO - Filling up the DagBag from /home/airflow/.local/lib/python3.12/site-packages/airflow/example_dags/example_xcomargs.py
[2025-12-04T12:35:19.650+0000] {processor.py:925} INFO - DAG(s) 'example_xcom_args', 'example_xcom_args_with_operators' retrieved from /home/airflow/.local/lib/python3.12/site-packages/airflow/example_dags/example_xcomargs.py
[2025-12-04T12:35:19.676+0000] {logging_mixin.py:190} INFO - [2025-12-04T12:35:19.676+0000] {dag.py:3239} INFO - Sync 2 DAGs
[2025-12-04T12:35:19.695+0000] {logging_mixin.py:190} INFO - [2025-12-04T12:35:19.695+0000] {dag.py:4180} INFO - Setting next_dagrun for example_xcom_args to None, run_after=None
[2025-12-04T12:35:19.700+0000] {logging_mixin.py:190} INFO - [2025-12-04T12:35:19.700+0000] {dag.py:4180} INFO - Setting next_dagrun for example_xcom_args_with_operators to None, run_after=None
[2025-12-04T12:35:19.719+0000] {processor.py:208} INFO - Processing /home/airflow/.local/lib/python3.12/site-packages/airflow/example_dags/example_xcomargs.py took 0.089 seconds
[2025-12-04T12:35:51.177+0000] {processor.py:186} INFO - Started process (PID=1285) to work on /home/airflow/.local/lib/python3.12/site-packages/airflow/example_dags/example_xcomargs.py
[2025-12-04T12:35:51.178+0000] {processor.py:914} INFO - Processing file /home/airflow/.local/lib/python3.12/site-packages/airflow/example_dags/example_xcomargs.py for tasks to queue
[2025-12-04T12:35:51.180+0000] {logging_mixin.py:190} INFO - [2025-12-04T12:35:51.180+0000] {dagbag.py:588} INFO - Filling up the DagBag from /home/airflow/.local/lib/python3.12/site-packages/airflow/example_dags/example_xcomargs.py
[2025-12-04T12:35:51.191+0000] {processor.py:925} INFO - DAG(s) 'example_xcom_args_with_operators', 'example_xcom_args' retrieved from /home/airflow/.local/lib/python3.12/site-packages/airflow/example_dags/example_xcomargs.py
[2025-12-04T12:35:51.226+0000] {logging_mixin.py:190} INFO - [2025-12-04T12:35:51.225+0000] {dag.py:3239} INFO - Sync 2 DAGs
[2025-12-04T12:35:51.248+0000] {logging_mixin.py:190} INFO - [2025-12-04T12:35:51.248+0000] {dag.py:4180} INFO - Setting next_dagrun for example_xcom_args to None, run_after=None
[2025-12-04T12:35:51.253+0000] {logging_mixin.py:190} INFO - [2025-12-04T12:35:51.253+0000] {dag.py:4180} INFO - Setting next_dagrun for example_xcom_args_with_operators to None, run_after=None
[2025-12-04T12:35:51.272+0000] {processor.py:208} INFO - Processing /home/airflow/.local/lib/python3.12/site-packages/airflow/example_dags/example_xcomargs.py took 0.101 seconds
[2025-12-04T12:36:22.663+0000] {processor.py:186} INFO - Started process (PID=1351) to work on /home/airflow/.local/lib/python3.12/site-packages/airflow/example_dags/example_xcomargs.py
[2025-12-04T12:36:22.663+0000] {processor.py:914} INFO - Processing file /home/airflow/.local/lib/python3.12/site-packages/airflow/example_dags/example_xcomargs.py for tasks to queue
[2025-12-04T12:36:22.666+0000] {logging_mixin.py:190} INFO - [2025-12-04T12:36:22.665+0000] {dagbag.py:588} INFO - Filling up the DagBag from /home/airflow/.local/lib/python3.12/site-packages/airflow/example_dags/example_xcomargs.py
[2025-12-04T12:36:22.676+0000] {processor.py:925} INFO - DAG(s) 'example_xcom_args', 'example_xcom_args_with_operators' retrieved from /home/airflow/.local/lib/python3.12/site-packages/airflow/example_dags/example_xcomargs.py
[2025-12-04T12:36:22.701+0000] {logging_mixin.py:190} INFO - [2025-12-04T12:36:22.701+0000] {dag.py:3239} INFO - Sync 2 DAGs
[2025-12-04T12:36:22.719+0000] {logging_mixin.py:190} INFO - [2025-12-04T12:36:22.719+0000] {dag.py:4180} INFO - Setting next_dagrun for example_xcom_args to None, run_after=None
[2025-12-04T12:36:22.724+0000] {logging_mixin.py:190} INFO - [2025-12-04T12:36:22.723+0000] {dag.py:4180} INFO - Setting next_dagrun for example_xcom_args_with_operators to None, run_after=None
[2025-12-04T12:36:22.744+0000] {processor.py:208} INFO - Processing /home/airflow/.local/lib/python3.12/site-packages/airflow/example_dags/example_xcomargs.py took 0.087 seconds
[2025-12-04T12:36:53.954+0000] {processor.py:186} INFO - Started process (PID=1418) to work on /home/airflow/.local/lib/python3.12/site-packages/airflow/example_dags/example_xcomargs.py
[2025-12-04T12:36:53.954+0000] {processor.py:914} INFO - Processing file /home/airflow/.local/lib/python3.12/site-packages/airflow/example_dags/example_xcomargs.py for tasks to queue
[2025-12-04T12:36:53.956+0000] {logging_mixin.py:190} INFO - [2025-12-04T12:36:53.956+0000] {dagbag.py:588} INFO - Filling up the DagBag from /home/airflow/.local/lib/python3.12/site-packages/airflow/example_dags/example_xcomargs.py
[2025-12-04T12:36:53.964+0000] {processor.py:925} INFO - DAG(s) 'example_xcom_args_with_operators', 'example_xcom_args' retrieved from /home/airflow/.local/lib/python3.12/site-packages/airflow/example_dags/example_xcomargs.py
[2025-12-04T12:36:53.992+0000] {logging_mixin.py:190} INFO - [2025-12-04T12:36:53.992+0000] {dag.py:3239} INFO - Sync 2 DAGs
[2025-12-04T12:36:54.013+0000] {logging_mixin.py:190} INFO - [2025-12-04T12:36:54.013+0000] {dag.py:4180} INFO - Setting next_dagrun for example_xcom_args to None, run_after=None
[2025-12-04T12:36:54.017+0000] {logging_mixin.py:190} INFO - [2025-12-04T12:36:54.016+0000] {dag.py:4180} INFO - Setting next_dagrun for example_xcom_args_with_operators to None, run_after=None
[2025-12-04T12:36:54.031+0000] {processor.py:208} INFO - Processing /home/airflow/.local/lib/python3.12/site-packages/airflow/example_dags/example_xcomargs.py took 0.082 seconds
[2025-12-04T12:37:25.460+0000] {processor.py:186} INFO - Started process (PID=1484) to work on /home/airflow/.local/lib/python3.12/site-packages/airflow/example_dags/example_xcomargs.py
[2025-12-04T12:37:25.460+0000] {processor.py:914} INFO - Processing file /home/airflow/.local/lib/python3.12/site-packages/airflow/example_dags/example_xcomargs.py for tasks to queue
[2025-12-04T12:37:25.463+0000] {logging_mixin.py:190} INFO - [2025-12-04T12:37:25.462+0000] {dagbag.py:588} INFO - Filling up the DagBag from /home/airflow/.local/lib/python3.12/site-packages/airflow/example_dags/example_xcomargs.py
[2025-12-04T12:37:25.473+0000] {processor.py:925} INFO - DAG(s) 'example_xcom_args', 'example_xcom_args_with_operators' retrieved from /home/airflow/.local/lib/python3.12/site-packages/airflow/example_dags/example_xcomargs.py
[2025-12-04T12:37:25.499+0000] {logging_mixin.py:190} INFO - [2025-12-04T12:37:25.499+0000] {dag.py:3239} INFO - Sync 2 DAGs
[2025-12-04T12:37:25.516+0000] {logging_mixin.py:190} INFO - [2025-12-04T12:37:25.516+0000] {dag.py:4180} INFO - Setting next_dagrun for example_xcom_args to None, run_after=None
[2025-12-04T12:37:25.521+0000] {logging_mixin.py:190} INFO - [2025-12-04T12:37:25.521+0000] {dag.py:4180} INFO - Setting next_dagrun for example_xcom_args_with_operators to None, run_after=None
[2025-12-04T12:37:25.546+0000] {processor.py:208} INFO - Processing /home/airflow/.local/lib/python3.12/site-packages/airflow/example_dags/example_xcomargs.py took 0.092 seconds
[2025-12-04T12:37:57.014+0000] {processor.py:186} INFO - Started process (PID=1550) to work on /home/airflow/.local/lib/python3.12/site-packages/airflow/example_dags/example_xcomargs.py
[2025-12-04T12:37:57.015+0000] {processor.py:914} INFO - Processing file /home/airflow/.local/lib/python3.12/site-packages/airflow/example_dags/example_xcomargs.py for tasks to queue
[2025-12-04T12:37:57.017+0000] {logging_mixin.py:190} INFO - [2025-12-04T12:37:57.017+0000] {dagbag.py:588} INFO - Filling up the DagBag from /home/airflow/.local/lib/python3.12/site-packages/airflow/example_dags/example_xcomargs.py
[2025-12-04T12:37:57.028+0000] {processor.py:925} INFO - DAG(s) 'example_xcom_args', 'example_xcom_args_with_operators' retrieved from /home/airflow/.local/lib/python3.12/site-packages/airflow/example_dags/example_xcomargs.py
[2025-12-04T12:37:57.056+0000] {logging_mixin.py:190} INFO - [2025-12-04T12:37:57.055+0000] {dag.py:3239} INFO - Sync 2 DAGs
[2025-12-04T12:37:57.076+0000] {logging_mixin.py:190} INFO - [2025-12-04T12:37:57.075+0000] {dag.py:4180} INFO - Setting next_dagrun for example_xcom_args to None, run_after=None
[2025-12-04T12:37:57.082+0000] {logging_mixin.py:190} INFO - [2025-12-04T12:37:57.081+0000] {dag.py:4180} INFO - Setting next_dagrun for example_xcom_args_with_operators to None, run_after=None
[2025-12-04T12:37:57.104+0000] {processor.py:208} INFO - Processing /home/airflow/.local/lib/python3.12/site-packages/airflow/example_dags/example_xcomargs.py took 0.097 seconds
[2025-12-04T12:38:28.680+0000] {processor.py:186} INFO - Started process (PID=1616) to work on /home/airflow/.local/lib/python3.12/site-packages/airflow/example_dags/example_xcomargs.py
[2025-12-04T12:38:28.681+0000] {processor.py:914} INFO - Processing file /home/airflow/.local/lib/python3.12/site-packages/airflow/example_dags/example_xcomargs.py for tasks to queue
[2025-12-04T12:38:28.683+0000] {logging_mixin.py:190} INFO - [2025-12-04T12:38:28.682+0000] {dagbag.py:588} INFO - Filling up the DagBag from /home/airflow/.local/lib/python3.12/site-packages/airflow/example_dags/example_xcomargs.py
[2025-12-04T12:38:28.694+0000] {processor.py:925} INFO - DAG(s) 'example_xcom_args', 'example_xcom_args_with_operators' retrieved from /home/airflow/.local/lib/python3.12/site-packages/airflow/example_dags/example_xcomargs.py
[2025-12-04T12:38:28.721+0000] {logging_mixin.py:190} INFO - [2025-12-04T12:38:28.721+0000] {dag.py:3239} INFO - Sync 2 DAGs
[2025-12-04T12:38:28.739+0000] {logging_mixin.py:190} INFO - [2025-12-04T12:38:28.739+0000] {dag.py:4180} INFO - Setting next_dagrun for example_xcom_args to None, run_after=None
[2025-12-04T12:38:28.744+0000] {logging_mixin.py:190} INFO - [2025-12-04T12:38:28.744+0000] {dag.py:4180} INFO - Setting next_dagrun for example_xcom_args_with_operators to None, run_after=None
[2025-12-04T12:38:28.763+0000] {processor.py:208} INFO - Processing /home/airflow/.local/lib/python3.12/site-packages/airflow/example_dags/example_xcomargs.py took 0.089 seconds
[2025-12-04T12:39:00.293+0000] {processor.py:186} INFO - Started process (PID=1682) to work on /home/airflow/.local/lib/python3.12/site-packages/airflow/example_dags/example_xcomargs.py
[2025-12-04T12:39:00.294+0000] {processor.py:914} INFO - Processing file /home/airflow/.local/lib/python3.12/site-packages/airflow/example_dags/example_xcomargs.py for tasks to queue
[2025-12-04T12:39:00.296+0000] {logging_mixin.py:190} INFO - [2025-12-04T12:39:00.296+0000] {dagbag.py:588} INFO - Filling up the DagBag from /home/airflow/.local/lib/python3.12/site-packages/airflow/example_dags/example_xcomargs.py
[2025-12-04T12:39:00.307+0000] {processor.py:925} INFO - DAG(s) 'example_xcom_args_with_operators', 'example_xcom_args' retrieved from /home/airflow/.local/lib/python3.12/site-packages/airflow/example_dags/example_xcomargs.py
[2025-12-04T12:39:00.345+0000] {logging_mixin.py:190} INFO - [2025-12-04T12:39:00.345+0000] {dag.py:3239} INFO - Sync 2 DAGs
[2025-12-04T12:39:00.367+0000] {logging_mixin.py:190} INFO - [2025-12-04T12:39:00.367+0000] {dag.py:4180} INFO - Setting next_dagrun for example_xcom_args to None, run_after=None
[2025-12-04T12:39:00.372+0000] {logging_mixin.py:190} INFO - [2025-12-04T12:39:00.371+0000] {dag.py:4180} INFO - Setting next_dagrun for example_xcom_args_with_operators to None, run_after=None
[2025-12-04T12:39:00.390+0000] {processor.py:208} INFO - Processing /home/airflow/.local/lib/python3.12/site-packages/airflow/example_dags/example_xcomargs.py took 0.103 seconds
[2025-12-04T12:39:32.857+0000] {processor.py:186} INFO - Started process (PID=1748) to work on /home/airflow/.local/lib/python3.12/site-packages/airflow/example_dags/example_xcomargs.py
[2025-12-04T12:39:32.858+0000] {processor.py:914} INFO - Processing file /home/airflow/.local/lib/python3.12/site-packages/airflow/example_dags/example_xcomargs.py for tasks to queue
[2025-12-04T12:39:32.860+0000] {logging_mixin.py:190} INFO - [2025-12-04T12:39:32.860+0000] {dagbag.py:588} INFO - Filling up the DagBag from /home/airflow/.local/lib/python3.12/site-packages/airflow/example_dags/example_xcomargs.py
[2025-12-04T12:39:32.871+0000] {processor.py:925} INFO - DAG(s) 'example_xcom_args', 'example_xcom_args_with_operators' retrieved from /home/airflow/.local/lib/python3.12/site-packages/airflow/example_dags/example_xcomargs.py
[2025-12-04T12:39:32.896+0000] {logging_mixin.py:190} INFO - [2025-12-04T12:39:32.896+0000] {dag.py:3239} INFO - Sync 2 DAGs
[2025-12-04T12:39:32.915+0000] {logging_mixin.py:190} INFO - [2025-12-04T12:39:32.914+0000] {dag.py:4180} INFO - Setting next_dagrun for example_xcom_args to None, run_after=None
[2025-12-04T12:39:32.921+0000] {logging_mixin.py:190} INFO - [2025-12-04T12:39:32.921+0000] {dag.py:4180} INFO - Setting next_dagrun for example_xcom_args_with_operators to None, run_after=None
[2025-12-04T12:39:32.940+0000] {processor.py:208} INFO - Processing /home/airflow/.local/lib/python3.12/site-packages/airflow/example_dags/example_xcomargs.py took 0.089 seconds
[2025-12-04T12:40:03.834+0000] {processor.py:186} INFO - Started process (PID=1814) to work on /home/airflow/.local/lib/python3.12/site-packages/airflow/example_dags/example_xcomargs.py
[2025-12-04T12:40:03.835+0000] {processor.py:914} INFO - Processing file /home/airflow/.local/lib/python3.12/site-packages/airflow/example_dags/example_xcomargs.py for tasks to queue
[2025-12-04T12:40:03.837+0000] {logging_mixin.py:190} INFO - [2025-12-04T12:40:03.837+0000] {dagbag.py:588} INFO - Filling up the DagBag from /home/airflow/.local/lib/python3.12/site-packages/airflow/example_dags/example_xcomargs.py
[2025-12-04T12:40:03.849+0000] {processor.py:925} INFO - DAG(s) 'example_xcom_args', 'example_xcom_args_with_operators' retrieved from /home/airflow/.local/lib/python3.12/site-packages/airflow/example_dags/example_xcomargs.py
[2025-12-04T12:40:03.874+0000] {logging_mixin.py:190} INFO - [2025-12-04T12:40:03.874+0000] {dag.py:3239} INFO - Sync 2 DAGs
[2025-12-04T12:40:03.892+0000] {logging_mixin.py:190} INFO - [2025-12-04T12:40:03.891+0000] {dag.py:4180} INFO - Setting next_dagrun for example_xcom_args to None, run_after=None
[2025-12-04T12:40:03.896+0000] {logging_mixin.py:190} INFO - [2025-12-04T12:40:03.896+0000] {dag.py:4180} INFO - Setting next_dagrun for example_xcom_args_with_operators to None, run_after=None
[2025-12-04T12:40:03.915+0000] {processor.py:208} INFO - Processing /home/airflow/.local/lib/python3.12/site-packages/airflow/example_dags/example_xcomargs.py took 0.087 seconds
[2025-12-04T12:40:35.206+0000] {processor.py:186} INFO - Started process (PID=1880) to work on /home/airflow/.local/lib/python3.12/site-packages/airflow/example_dags/example_xcomargs.py
[2025-12-04T12:40:35.207+0000] {processor.py:914} INFO - Processing file /home/airflow/.local/lib/python3.12/site-packages/airflow/example_dags/example_xcomargs.py for tasks to queue
[2025-12-04T12:40:35.209+0000] {logging_mixin.py:190} INFO - [2025-12-04T12:40:35.209+0000] {dagbag.py:588} INFO - Filling up the DagBag from /home/airflow/.local/lib/python3.12/site-packages/airflow/example_dags/example_xcomargs.py
[2025-12-04T12:40:35.219+0000] {processor.py:925} INFO - DAG(s) 'example_xcom_args', 'example_xcom_args_with_operators' retrieved from /home/airflow/.local/lib/python3.12/site-packages/airflow/example_dags/example_xcomargs.py
[2025-12-04T12:40:35.245+0000] {logging_mixin.py:190} INFO - [2025-12-04T12:40:35.245+0000] {dag.py:3239} INFO - Sync 2 DAGs
[2025-12-04T12:40:35.262+0000] {logging_mixin.py:190} INFO - [2025-12-04T12:40:35.262+0000] {dag.py:4180} INFO - Setting next_dagrun for example_xcom_args to None, run_after=None
[2025-12-04T12:40:35.267+0000] {logging_mixin.py:190} INFO - [2025-12-04T12:40:35.267+0000] {dag.py:4180} INFO - Setting next_dagrun for example_xcom_args_with_operators to None, run_after=None
[2025-12-04T12:40:35.285+0000] {processor.py:208} INFO - Processing /home/airflow/.local/lib/python3.12/site-packages/airflow/example_dags/example_xcomargs.py took 0.085 seconds
[2025-12-04T12:41:06.926+0000] {processor.py:186} INFO - Started process (PID=1952) to work on /home/airflow/.local/lib/python3.12/site-packages/airflow/example_dags/example_xcomargs.py
[2025-12-04T12:41:06.927+0000] {processor.py:914} INFO - Processing file /home/airflow/.local/lib/python3.12/site-packages/airflow/example_dags/example_xcomargs.py for tasks to queue
[2025-12-04T12:41:06.929+0000] {logging_mixin.py:190} INFO - [2025-12-04T12:41:06.928+0000] {dagbag.py:588} INFO - Filling up the DagBag from /home/airflow/.local/lib/python3.12/site-packages/airflow/example_dags/example_xcomargs.py
[2025-12-04T12:41:06.940+0000] {processor.py:925} INFO - DAG(s) 'example_xcom_args', 'example_xcom_args_with_operators' retrieved from /home/airflow/.local/lib/python3.12/site-packages/airflow/example_dags/example_xcomargs.py
[2025-12-04T12:41:06.968+0000] {logging_mixin.py:190} INFO - [2025-12-04T12:41:06.968+0000] {dag.py:3239} INFO - Sync 2 DAGs
[2025-12-04T12:41:06.989+0000] {logging_mixin.py:190} INFO - [2025-12-04T12:41:06.989+0000] {dag.py:4180} INFO - Setting next_dagrun for example_xcom_args to None, run_after=None
[2025-12-04T12:41:06.997+0000] {logging_mixin.py:190} INFO - [2025-12-04T12:41:06.996+0000] {dag.py:4180} INFO - Setting next_dagrun for example_xcom_args_with_operators to None, run_after=None
[2025-12-04T12:41:07.021+0000] {processor.py:208} INFO - Processing /home/airflow/.local/lib/python3.12/site-packages/airflow/example_dags/example_xcomargs.py took 0.102 seconds
[2025-12-04T12:41:38.025+0000] {processor.py:186} INFO - Started process (PID=2018) to work on /home/airflow/.local/lib/python3.12/site-packages/airflow/example_dags/example_xcomargs.py
[2025-12-04T12:41:38.026+0000] {processor.py:914} INFO - Processing file /home/airflow/.local/lib/python3.12/site-packages/airflow/example_dags/example_xcomargs.py for tasks to queue
[2025-12-04T12:41:38.028+0000] {logging_mixin.py:190} INFO - [2025-12-04T12:41:38.028+0000] {dagbag.py:588} INFO - Filling up the DagBag from /home/airflow/.local/lib/python3.12/site-packages/airflow/example_dags/example_xcomargs.py
[2025-12-04T12:41:38.039+0000] {processor.py:925} INFO - DAG(s) 'example_xcom_args_with_operators', 'example_xcom_args' retrieved from /home/airflow/.local/lib/python3.12/site-packages/airflow/example_dags/example_xcomargs.py
[2025-12-04T12:41:38.070+0000] {logging_mixin.py:190} INFO - [2025-12-04T12:41:38.069+0000] {dag.py:3239} INFO - Sync 2 DAGs
[2025-12-04T12:41:38.091+0000] {logging_mixin.py:190} INFO - [2025-12-04T12:41:38.091+0000] {dag.py:4180} INFO - Setting next_dagrun for example_xcom_args to None, run_after=None
[2025-12-04T12:41:38.096+0000] {logging_mixin.py:190} INFO - [2025-12-04T12:41:38.095+0000] {dag.py:4180} INFO - Setting next_dagrun for example_xcom_args_with_operators to None, run_after=None
[2025-12-04T12:41:38.114+0000] {processor.py:208} INFO - Processing /home/airflow/.local/lib/python3.12/site-packages/airflow/example_dags/example_xcomargs.py took 0.094 seconds
[2025-12-04T12:42:09.327+0000] {processor.py:186} INFO - Started process (PID=2084) to work on /home/airflow/.local/lib/python3.12/site-packages/airflow/example_dags/example_xcomargs.py
[2025-12-04T12:42:09.328+0000] {processor.py:914} INFO - Processing file /home/airflow/.local/lib/python3.12/site-packages/airflow/example_dags/example_xcomargs.py for tasks to queue
[2025-12-04T12:42:09.330+0000] {logging_mixin.py:190} INFO - [2025-12-04T12:42:09.329+0000] {dagbag.py:588} INFO - Filling up the DagBag from /home/airflow/.local/lib/python3.12/site-packages/airflow/example_dags/example_xcomargs.py
[2025-12-04T12:42:09.340+0000] {processor.py:925} INFO - DAG(s) 'example_xcom_args', 'example_xcom_args_with_operators' retrieved from /home/airflow/.local/lib/python3.12/site-packages/airflow/example_dags/example_xcomargs.py
[2025-12-04T12:42:09.365+0000] {logging_mixin.py:190} INFO - [2025-12-04T12:42:09.365+0000] {dag.py:3239} INFO - Sync 2 DAGs
[2025-12-04T12:42:09.384+0000] {logging_mixin.py:190} INFO - [2025-12-04T12:42:09.384+0000] {dag.py:4180} INFO - Setting next_dagrun for example_xcom_args to None, run_after=None
[2025-12-04T12:42:09.389+0000] {logging_mixin.py:190} INFO - [2025-12-04T12:42:09.388+0000] {dag.py:4180} INFO - Setting next_dagrun for example_xcom_args_with_operators to None, run_after=None
[2025-12-04T12:42:09.407+0000] {processor.py:208} INFO - Processing /home/airflow/.local/lib/python3.12/site-packages/airflow/example_dags/example_xcomargs.py took 0.087 seconds
[2025-12-04T12:42:41.401+0000] {processor.py:186} INFO - Started process (PID=2157) to work on /home/airflow/.local/lib/python3.12/site-packages/airflow/example_dags/example_xcomargs.py
[2025-12-04T12:42:41.402+0000] {processor.py:914} INFO - Processing file /home/airflow/.local/lib/python3.12/site-packages/airflow/example_dags/example_xcomargs.py for tasks to queue
[2025-12-04T12:42:41.404+0000] {logging_mixin.py:190} INFO - [2025-12-04T12:42:41.404+0000] {dagbag.py:588} INFO - Filling up the DagBag from /home/airflow/.local/lib/python3.12/site-packages/airflow/example_dags/example_xcomargs.py
[2025-12-04T12:42:41.420+0000] {processor.py:925} INFO - DAG(s) 'example_xcom_args_with_operators', 'example_xcom_args' retrieved from /home/airflow/.local/lib/python3.12/site-packages/airflow/example_dags/example_xcomargs.py
[2025-12-04T12:42:41.447+0000] {logging_mixin.py:190} INFO - [2025-12-04T12:42:41.446+0000] {dag.py:3239} INFO - Sync 2 DAGs
[2025-12-04T12:42:41.469+0000] {logging_mixin.py:190} INFO - [2025-12-04T12:42:41.469+0000] {dag.py:4180} INFO - Setting next_dagrun for example_xcom_args to None, run_after=None
[2025-12-04T12:42:41.474+0000] {logging_mixin.py:190} INFO - [2025-12-04T12:42:41.473+0000] {dag.py:4180} INFO - Setting next_dagrun for example_xcom_args_with_operators to None, run_after=None
[2025-12-04T12:42:41.493+0000] {processor.py:208} INFO - Processing /home/airflow/.local/lib/python3.12/site-packages/airflow/example_dags/example_xcomargs.py took 0.101 seconds
[2025-12-04T12:43:12.831+0000] {processor.py:186} INFO - Started process (PID=2223) to work on /home/airflow/.local/lib/python3.12/site-packages/airflow/example_dags/example_xcomargs.py
[2025-12-04T12:43:12.832+0000] {processor.py:914} INFO - Processing file /home/airflow/.local/lib/python3.12/site-packages/airflow/example_dags/example_xcomargs.py for tasks to queue
[2025-12-04T12:43:12.834+0000] {logging_mixin.py:190} INFO - [2025-12-04T12:43:12.833+0000] {dagbag.py:588} INFO - Filling up the DagBag from /home/airflow/.local/lib/python3.12/site-packages/airflow/example_dags/example_xcomargs.py
[2025-12-04T12:43:12.843+0000] {processor.py:925} INFO - DAG(s) 'example_xcom_args_with_operators', 'example_xcom_args' retrieved from /home/airflow/.local/lib/python3.12/site-packages/airflow/example_dags/example_xcomargs.py
[2025-12-04T12:43:12.865+0000] {logging_mixin.py:190} INFO - [2025-12-04T12:43:12.865+0000] {dag.py:3239} INFO - Sync 2 DAGs
[2025-12-04T12:43:12.880+0000] {logging_mixin.py:190} INFO - [2025-12-04T12:43:12.880+0000] {dag.py:4180} INFO - Setting next_dagrun for example_xcom_args to None, run_after=None
[2025-12-04T12:43:12.884+0000] {logging_mixin.py:190} INFO - [2025-12-04T12:43:12.884+0000] {dag.py:4180} INFO - Setting next_dagrun for example_xcom_args_with_operators to None, run_after=None
[2025-12-04T12:43:12.901+0000] {processor.py:208} INFO - Processing /home/airflow/.local/lib/python3.12/site-packages/airflow/example_dags/example_xcomargs.py took 0.075 seconds
[2025-12-04T12:43:44.695+0000] {processor.py:186} INFO - Started process (PID=2297) to work on /home/airflow/.local/lib/python3.12/site-packages/airflow/example_dags/example_xcomargs.py
[2025-12-04T12:43:44.696+0000] {processor.py:914} INFO - Processing file /home/airflow/.local/lib/python3.12/site-packages/airflow/example_dags/example_xcomargs.py for tasks to queue
[2025-12-04T12:43:44.698+0000] {logging_mixin.py:190} INFO - [2025-12-04T12:43:44.698+0000] {dagbag.py:588} INFO - Filling up the DagBag from /home/airflow/.local/lib/python3.12/site-packages/airflow/example_dags/example_xcomargs.py
[2025-12-04T12:43:44.709+0000] {processor.py:925} INFO - DAG(s) 'example_xcom_args', 'example_xcom_args_with_operators' retrieved from /home/airflow/.local/lib/python3.12/site-packages/airflow/example_dags/example_xcomargs.py
[2025-12-04T12:43:44.736+0000] {logging_mixin.py:190} INFO - [2025-12-04T12:43:44.736+0000] {dag.py:3239} INFO - Sync 2 DAGs
[2025-12-04T12:43:44.757+0000] {logging_mixin.py:190} INFO - [2025-12-04T12:43:44.756+0000] {dag.py:4180} INFO - Setting next_dagrun for example_xcom_args to None, run_after=None
[2025-12-04T12:43:44.761+0000] {logging_mixin.py:190} INFO - [2025-12-04T12:43:44.761+0000] {dag.py:4180} INFO - Setting next_dagrun for example_xcom_args_with_operators to None, run_after=None
[2025-12-04T12:43:44.782+0000] {processor.py:208} INFO - Processing /home/airflow/.local/lib/python3.12/site-packages/airflow/example_dags/example_xcomargs.py took 0.092 seconds
[2025-12-04T12:44:16.293+0000] {processor.py:186} INFO - Started process (PID=2363) to work on /home/airflow/.local/lib/python3.12/site-packages/airflow/example_dags/example_xcomargs.py
[2025-12-04T12:44:16.294+0000] {processor.py:914} INFO - Processing file /home/airflow/.local/lib/python3.12/site-packages/airflow/example_dags/example_xcomargs.py for tasks to queue
[2025-12-04T12:44:16.296+0000] {logging_mixin.py:190} INFO - [2025-12-04T12:44:16.296+0000] {dagbag.py:588} INFO - Filling up the DagBag from /home/airflow/.local/lib/python3.12/site-packages/airflow/example_dags/example_xcomargs.py
[2025-12-04T12:44:16.307+0000] {processor.py:925} INFO - DAG(s) 'example_xcom_args', 'example_xcom_args_with_operators' retrieved from /home/airflow/.local/lib/python3.12/site-packages/airflow/example_dags/example_xcomargs.py
[2025-12-04T12:44:16.341+0000] {logging_mixin.py:190} INFO - [2025-12-04T12:44:16.341+0000] {dag.py:3239} INFO - Sync 2 DAGs
[2025-12-04T12:44:16.363+0000] {logging_mixin.py:190} INFO - [2025-12-04T12:44:16.362+0000] {dag.py:4180} INFO - Setting next_dagrun for example_xcom_args to None, run_after=None
[2025-12-04T12:44:16.368+0000] {logging_mixin.py:190} INFO - [2025-12-04T12:44:16.367+0000] {dag.py:4180} INFO - Setting next_dagrun for example_xcom_args_with_operators to None, run_after=None
[2025-12-04T12:44:16.388+0000] {processor.py:208} INFO - Processing /home/airflow/.local/lib/python3.12/site-packages/airflow/example_dags/example_xcomargs.py took 0.101 seconds
[2025-12-04T12:44:46.917+0000] {processor.py:186} INFO - Started process (PID=2428) to work on /home/airflow/.local/lib/python3.12/site-packages/airflow/example_dags/example_xcomargs.py
[2025-12-04T12:44:46.918+0000] {processor.py:914} INFO - Processing file /home/airflow/.local/lib/python3.12/site-packages/airflow/example_dags/example_xcomargs.py for tasks to queue
[2025-12-04T12:44:46.920+0000] {logging_mixin.py:190} INFO - [2025-12-04T12:44:46.920+0000] {dagbag.py:588} INFO - Filling up the DagBag from /home/airflow/.local/lib/python3.12/site-packages/airflow/example_dags/example_xcomargs.py
[2025-12-04T12:44:46.933+0000] {processor.py:925} INFO - DAG(s) 'example_xcom_args', 'example_xcom_args_with_operators' retrieved from /home/airflow/.local/lib/python3.12/site-packages/airflow/example_dags/example_xcomargs.py
[2025-12-04T12:44:46.960+0000] {logging_mixin.py:190} INFO - [2025-12-04T12:44:46.960+0000] {dag.py:3239} INFO - Sync 2 DAGs
[2025-12-04T12:44:46.976+0000] {logging_mixin.py:190} INFO - [2025-12-04T12:44:46.976+0000] {dag.py:4180} INFO - Setting next_dagrun for example_xcom_args to None, run_after=None
[2025-12-04T12:44:46.981+0000] {logging_mixin.py:190} INFO - [2025-12-04T12:44:46.981+0000] {dag.py:4180} INFO - Setting next_dagrun for example_xcom_args_with_operators to None, run_after=None
[2025-12-04T12:44:46.999+0000] {processor.py:208} INFO - Processing /home/airflow/.local/lib/python3.12/site-packages/airflow/example_dags/example_xcomargs.py took 0.089 seconds
[2025-12-04T12:45:17.961+0000] {processor.py:186} INFO - Started process (PID=2494) to work on /home/airflow/.local/lib/python3.12/site-packages/airflow/example_dags/example_xcomargs.py
[2025-12-04T12:45:17.962+0000] {processor.py:914} INFO - Processing file /home/airflow/.local/lib/python3.12/site-packages/airflow/example_dags/example_xcomargs.py for tasks to queue
[2025-12-04T12:45:17.965+0000] {logging_mixin.py:190} INFO - [2025-12-04T12:45:17.964+0000] {dagbag.py:588} INFO - Filling up the DagBag from /home/airflow/.local/lib/python3.12/site-packages/airflow/example_dags/example_xcomargs.py
[2025-12-04T12:45:17.976+0000] {processor.py:925} INFO - DAG(s) 'example_xcom_args_with_operators', 'example_xcom_args' retrieved from /home/airflow/.local/lib/python3.12/site-packages/airflow/example_dags/example_xcomargs.py
[2025-12-04T12:45:18.005+0000] {logging_mixin.py:190} INFO - [2025-12-04T12:45:18.005+0000] {dag.py:3239} INFO - Sync 2 DAGs
[2025-12-04T12:45:18.022+0000] {logging_mixin.py:190} INFO - [2025-12-04T12:45:18.022+0000] {dag.py:4180} INFO - Setting next_dagrun for example_xcom_args to None, run_after=None
[2025-12-04T12:45:18.027+0000] {logging_mixin.py:190} INFO - [2025-12-04T12:45:18.027+0000] {dag.py:4180} INFO - Setting next_dagrun for example_xcom_args_with_operators to None, run_after=None
[2025-12-04T12:45:18.048+0000] {processor.py:208} INFO - Processing /home/airflow/.local/lib/python3.12/site-packages/airflow/example_dags/example_xcomargs.py took 0.093 seconds
[2025-12-04T12:45:50.114+0000] {processor.py:186} INFO - Started process (PID=2567) to work on /home/airflow/.local/lib/python3.12/site-packages/airflow/example_dags/example_xcomargs.py
[2025-12-04T12:45:50.115+0000] {processor.py:914} INFO - Processing file /home/airflow/.local/lib/python3.12/site-packages/airflow/example_dags/example_xcomargs.py for tasks to queue
[2025-12-04T12:45:50.118+0000] {logging_mixin.py:190} INFO - [2025-12-04T12:45:50.117+0000] {dagbag.py:588} INFO - Filling up the DagBag from /home/airflow/.local/lib/python3.12/site-packages/airflow/example_dags/example_xcomargs.py
[2025-12-04T12:45:50.130+0000] {processor.py:925} INFO - DAG(s) 'example_xcom_args', 'example_xcom_args_with_operators' retrieved from /home/airflow/.local/lib/python3.12/site-packages/airflow/example_dags/example_xcomargs.py
[2025-12-04T12:45:50.157+0000] {logging_mixin.py:190} INFO - [2025-12-04T12:45:50.157+0000] {dag.py:3239} INFO - Sync 2 DAGs
[2025-12-04T12:45:50.176+0000] {logging_mixin.py:190} INFO - [2025-12-04T12:45:50.175+0000] {dag.py:4180} INFO - Setting next_dagrun for example_xcom_args to None, run_after=None
[2025-12-04T12:45:50.180+0000] {logging_mixin.py:190} INFO - [2025-12-04T12:45:50.180+0000] {dag.py:4180} INFO - Setting next_dagrun for example_xcom_args_with_operators to None, run_after=None
[2025-12-04T12:45:50.200+0000] {processor.py:208} INFO - Processing /home/airflow/.local/lib/python3.12/site-packages/airflow/example_dags/example_xcomargs.py took 0.093 seconds
[2025-12-04T12:46:20.237+0000] {processor.py:186} INFO - Started process (PID=2633) to work on /home/airflow/.local/lib/python3.12/site-packages/airflow/example_dags/example_xcomargs.py
[2025-12-04T12:46:20.238+0000] {processor.py:914} INFO - Processing file /home/airflow/.local/lib/python3.12/site-packages/airflow/example_dags/example_xcomargs.py for tasks to queue
[2025-12-04T12:46:20.239+0000] {logging_mixin.py:190} INFO - [2025-12-04T12:46:20.239+0000] {dagbag.py:588} INFO - Filling up the DagBag from /home/airflow/.local/lib/python3.12/site-packages/airflow/example_dags/example_xcomargs.py
[2025-12-04T12:46:20.247+0000] {processor.py:925} INFO - DAG(s) 'example_xcom_args_with_operators', 'example_xcom_args' retrieved from /home/airflow/.local/lib/python3.12/site-packages/airflow/example_dags/example_xcomargs.py
[2025-12-04T12:46:20.281+0000] {logging_mixin.py:190} INFO - [2025-12-04T12:46:20.281+0000] {dag.py:3239} INFO - Sync 2 DAGs
[2025-12-04T12:46:20.304+0000] {logging_mixin.py:190} INFO - [2025-12-04T12:46:20.304+0000] {dag.py:4180} INFO - Setting next_dagrun for example_xcom_args to None, run_after=None
[2025-12-04T12:46:20.308+0000] {logging_mixin.py:190} INFO - [2025-12-04T12:46:20.307+0000] {dag.py:4180} INFO - Setting next_dagrun for example_xcom_args_with_operators to None, run_after=None
[2025-12-04T12:46:20.322+0000] {processor.py:208} INFO - Processing /home/airflow/.local/lib/python3.12/site-packages/airflow/example_dags/example_xcomargs.py took 0.089 seconds
[2025-12-04T12:49:43.881+0000] {processor.py:186} INFO - Started process (PID=92) to work on /home/airflow/.local/lib/python3.12/site-packages/airflow/example_dags/example_xcomargs.py
[2025-12-04T12:49:43.882+0000] {processor.py:914} INFO - Processing file /home/airflow/.local/lib/python3.12/site-packages/airflow/example_dags/example_xcomargs.py for tasks to queue
[2025-12-04T12:49:43.884+0000] {logging_mixin.py:190} INFO - [2025-12-04T12:49:43.883+0000] {dagbag.py:588} INFO - Filling up the DagBag from /home/airflow/.local/lib/python3.12/site-packages/airflow/example_dags/example_xcomargs.py
[2025-12-04T12:49:43.894+0000] {processor.py:925} INFO - DAG(s) 'example_xcom_args_with_operators', 'example_xcom_args' retrieved from /home/airflow/.local/lib/python3.12/site-packages/airflow/example_dags/example_xcomargs.py
[2025-12-04T12:49:43.990+0000] {logging_mixin.py:190} INFO - [2025-12-04T12:49:43.989+0000] {override.py:1912} INFO - Created Permission View: can edit on DAG:example_xcom_args_with_operators
[2025-12-04T12:49:44.000+0000] {logging_mixin.py:190} INFO - [2025-12-04T12:49:44.000+0000] {override.py:1912} INFO - Created Permission View: can delete on DAG:example_xcom_args_with_operators
[2025-12-04T12:49:44.009+0000] {logging_mixin.py:190} INFO - [2025-12-04T12:49:44.008+0000] {override.py:1912} INFO - Created Permission View: can read on DAG:example_xcom_args_with_operators
[2025-12-04T12:49:44.016+0000] {logging_mixin.py:190} INFO - [2025-12-04T12:49:44.016+0000] {override.py:1912} INFO - Created Permission View: can delete on DAG Run:example_xcom_args_with_operators
[2025-12-04T12:49:44.023+0000] {logging_mixin.py:190} INFO - [2025-12-04T12:49:44.022+0000] {override.py:1912} INFO - Created Permission View: can create on DAG Run:example_xcom_args_with_operators
[2025-12-04T12:49:44.029+0000] {logging_mixin.py:190} INFO - [2025-12-04T12:49:44.029+0000] {override.py:1912} INFO - Created Permission View: can read on DAG Run:example_xcom_args_with_operators
[2025-12-04T12:49:44.036+0000] {logging_mixin.py:190} INFO - [2025-12-04T12:49:44.035+0000] {override.py:1912} INFO - Created Permission View: menu access on DAG Run:example_xcom_args_with_operators
[2025-12-04T12:49:44.048+0000] {logging_mixin.py:190} INFO - [2025-12-04T12:49:44.047+0000] {override.py:1912} INFO - Created Permission View: can edit on DAG:example_xcom_args
[2025-12-04T12:49:44.054+0000] {logging_mixin.py:190} INFO - [2025-12-04T12:49:44.054+0000] {override.py:1912} INFO - Created Permission View: can delete on DAG:example_xcom_args
[2025-12-04T12:49:44.059+0000] {logging_mixin.py:190} INFO - [2025-12-04T12:49:44.059+0000] {override.py:1912} INFO - Created Permission View: can read on DAG:example_xcom_args
[2025-12-04T12:49:44.066+0000] {logging_mixin.py:190} INFO - [2025-12-04T12:49:44.066+0000] {override.py:1912} INFO - Created Permission View: can delete on DAG Run:example_xcom_args
[2025-12-04T12:49:44.073+0000] {logging_mixin.py:190} INFO - [2025-12-04T12:49:44.072+0000] {override.py:1912} INFO - Created Permission View: can create on DAG Run:example_xcom_args
[2025-12-04T12:49:44.078+0000] {logging_mixin.py:190} INFO - [2025-12-04T12:49:44.078+0000] {override.py:1912} INFO - Created Permission View: can read on DAG Run:example_xcom_args
[2025-12-04T12:49:44.084+0000] {logging_mixin.py:190} INFO - [2025-12-04T12:49:44.084+0000] {override.py:1912} INFO - Created Permission View: menu access on DAG Run:example_xcom_args
[2025-12-04T12:49:44.084+0000] {logging_mixin.py:190} INFO - [2025-12-04T12:49:44.084+0000] {dag.py:3239} INFO - Sync 2 DAGs
[2025-12-04T12:49:44.096+0000] {logging_mixin.py:190} INFO - [2025-12-04T12:49:44.096+0000] {dag.py:3262} INFO - Creating ORM DAG for example_xcom_args
[2025-12-04T12:49:44.096+0000] {logging_mixin.py:190} INFO - [2025-12-04T12:49:44.096+0000] {dag.py:3262} INFO - Creating ORM DAG for example_xcom_args_with_operators
[2025-12-04T12:49:44.097+0000] {logging_mixin.py:190} INFO - [2025-12-04T12:49:44.097+0000] {dag.py:4180} INFO - Setting next_dagrun for example_xcom_args to None, run_after=None
[2025-12-04T12:49:44.098+0000] {logging_mixin.py:190} INFO - [2025-12-04T12:49:44.098+0000] {dag.py:4180} INFO - Setting next_dagrun for example_xcom_args_with_operators to None, run_after=None
[2025-12-04T12:49:44.115+0000] {processor.py:208} INFO - Processing /home/airflow/.local/lib/python3.12/site-packages/airflow/example_dags/example_xcomargs.py took 0.238 seconds
[2025-12-04T12:50:14.928+0000] {processor.py:186} INFO - Started process (PID=164) to work on /home/airflow/.local/lib/python3.12/site-packages/airflow/example_dags/example_xcomargs.py
[2025-12-04T12:50:14.929+0000] {processor.py:914} INFO - Processing file /home/airflow/.local/lib/python3.12/site-packages/airflow/example_dags/example_xcomargs.py for tasks to queue
[2025-12-04T12:50:14.931+0000] {logging_mixin.py:190} INFO - [2025-12-04T12:50:14.931+0000] {dagbag.py:588} INFO - Filling up the DagBag from /home/airflow/.local/lib/python3.12/site-packages/airflow/example_dags/example_xcomargs.py
[2025-12-04T12:50:14.942+0000] {processor.py:925} INFO - DAG(s) 'example_xcom_args', 'example_xcom_args_with_operators' retrieved from /home/airflow/.local/lib/python3.12/site-packages/airflow/example_dags/example_xcomargs.py
[2025-12-04T12:50:14.970+0000] {logging_mixin.py:190} INFO - [2025-12-04T12:50:14.969+0000] {dag.py:3239} INFO - Sync 2 DAGs
[2025-12-04T12:50:14.990+0000] {logging_mixin.py:190} INFO - [2025-12-04T12:50:14.989+0000] {dag.py:4180} INFO - Setting next_dagrun for example_xcom_args to None, run_after=None
[2025-12-04T12:50:14.996+0000] {logging_mixin.py:190} INFO - [2025-12-04T12:50:14.996+0000] {dag.py:4180} INFO - Setting next_dagrun for example_xcom_args_with_operators to None, run_after=None
[2025-12-04T12:50:15.022+0000] {processor.py:208} INFO - Processing /home/airflow/.local/lib/python3.12/site-packages/airflow/example_dags/example_xcomargs.py took 0.101 seconds
[2025-12-04T12:50:45.840+0000] {processor.py:186} INFO - Started process (PID=230) to work on /home/airflow/.local/lib/python3.12/site-packages/airflow/example_dags/example_xcomargs.py
[2025-12-04T12:50:45.841+0000] {processor.py:914} INFO - Processing file /home/airflow/.local/lib/python3.12/site-packages/airflow/example_dags/example_xcomargs.py for tasks to queue
[2025-12-04T12:50:45.844+0000] {logging_mixin.py:190} INFO - [2025-12-04T12:50:45.843+0000] {dagbag.py:588} INFO - Filling up the DagBag from /home/airflow/.local/lib/python3.12/site-packages/airflow/example_dags/example_xcomargs.py
[2025-12-04T12:50:45.861+0000] {processor.py:925} INFO - DAG(s) 'example_xcom_args', 'example_xcom_args_with_operators' retrieved from /home/airflow/.local/lib/python3.12/site-packages/airflow/example_dags/example_xcomargs.py
[2025-12-04T12:50:45.896+0000] {logging_mixin.py:190} INFO - [2025-12-04T12:50:45.896+0000] {dag.py:3239} INFO - Sync 2 DAGs
[2025-12-04T12:50:45.933+0000] {logging_mixin.py:190} INFO - [2025-12-04T12:50:45.932+0000] {dag.py:4180} INFO - Setting next_dagrun for example_xcom_args to None, run_after=None
[2025-12-04T12:50:45.941+0000] {logging_mixin.py:190} INFO - [2025-12-04T12:50:45.940+0000] {dag.py:4180} INFO - Setting next_dagrun for example_xcom_args_with_operators to None, run_after=None
[2025-12-04T12:50:45.978+0000] {processor.py:208} INFO - Processing /home/airflow/.local/lib/python3.12/site-packages/airflow/example_dags/example_xcomargs.py took 0.148 seconds
[2025-12-04T12:51:16.487+0000] {processor.py:186} INFO - Started process (PID=303) to work on /home/airflow/.local/lib/python3.12/site-packages/airflow/example_dags/example_xcomargs.py
[2025-12-04T12:51:16.488+0000] {processor.py:914} INFO - Processing file /home/airflow/.local/lib/python3.12/site-packages/airflow/example_dags/example_xcomargs.py for tasks to queue
[2025-12-04T12:51:16.490+0000] {logging_mixin.py:190} INFO - [2025-12-04T12:51:16.489+0000] {dagbag.py:588} INFO - Filling up the DagBag from /home/airflow/.local/lib/python3.12/site-packages/airflow/example_dags/example_xcomargs.py
[2025-12-04T12:51:16.498+0000] {processor.py:925} INFO - DAG(s) 'example_xcom_args_with_operators', 'example_xcom_args' retrieved from /home/airflow/.local/lib/python3.12/site-packages/airflow/example_dags/example_xcomargs.py
[2025-12-04T12:51:16.521+0000] {logging_mixin.py:190} INFO - [2025-12-04T12:51:16.521+0000] {dag.py:3239} INFO - Sync 2 DAGs
[2025-12-04T12:51:16.536+0000] {logging_mixin.py:190} INFO - [2025-12-04T12:51:16.535+0000] {dag.py:4180} INFO - Setting next_dagrun for example_xcom_args to None, run_after=None
[2025-12-04T12:51:16.539+0000] {logging_mixin.py:190} INFO - [2025-12-04T12:51:16.539+0000] {dag.py:4180} INFO - Setting next_dagrun for example_xcom_args_with_operators to None, run_after=None
[2025-12-04T12:51:16.556+0000] {processor.py:208} INFO - Processing /home/airflow/.local/lib/python3.12/site-packages/airflow/example_dags/example_xcomargs.py took 0.073 seconds
[2025-12-04T12:51:46.674+0000] {processor.py:186} INFO - Started process (PID=373) to work on /home/airflow/.local/lib/python3.12/site-packages/airflow/example_dags/example_xcomargs.py
[2025-12-04T12:51:46.675+0000] {processor.py:914} INFO - Processing file /home/airflow/.local/lib/python3.12/site-packages/airflow/example_dags/example_xcomargs.py for tasks to queue
[2025-12-04T12:51:46.678+0000] {logging_mixin.py:190} INFO - [2025-12-04T12:51:46.678+0000] {dagbag.py:588} INFO - Filling up the DagBag from /home/airflow/.local/lib/python3.12/site-packages/airflow/example_dags/example_xcomargs.py
[2025-12-04T12:51:46.692+0000] {processor.py:925} INFO - DAG(s) 'example_xcom_args', 'example_xcom_args_with_operators' retrieved from /home/airflow/.local/lib/python3.12/site-packages/airflow/example_dags/example_xcomargs.py
[2025-12-04T12:51:46.722+0000] {logging_mixin.py:190} INFO - [2025-12-04T12:51:46.721+0000] {dag.py:3239} INFO - Sync 2 DAGs
[2025-12-04T12:51:46.739+0000] {logging_mixin.py:190} INFO - [2025-12-04T12:51:46.739+0000] {dag.py:4180} INFO - Setting next_dagrun for example_xcom_args to None, run_after=None
[2025-12-04T12:51:46.744+0000] {logging_mixin.py:190} INFO - [2025-12-04T12:51:46.744+0000] {dag.py:4180} INFO - Setting next_dagrun for example_xcom_args_with_operators to None, run_after=None
[2025-12-04T12:51:46.763+0000] {processor.py:208} INFO - Processing /home/airflow/.local/lib/python3.12/site-packages/airflow/example_dags/example_xcomargs.py took 0.097 seconds
[2025-12-04T12:52:17.567+0000] {processor.py:186} INFO - Started process (PID=447) to work on /home/airflow/.local/lib/python3.12/site-packages/airflow/example_dags/example_xcomargs.py
[2025-12-04T12:52:17.569+0000] {processor.py:914} INFO - Processing file /home/airflow/.local/lib/python3.12/site-packages/airflow/example_dags/example_xcomargs.py for tasks to queue
[2025-12-04T12:52:17.572+0000] {logging_mixin.py:190} INFO - [2025-12-04T12:52:17.571+0000] {dagbag.py:588} INFO - Filling up the DagBag from /home/airflow/.local/lib/python3.12/site-packages/airflow/example_dags/example_xcomargs.py
[2025-12-04T12:52:17.582+0000] {processor.py:925} INFO - DAG(s) 'example_xcom_args_with_operators', 'example_xcom_args' retrieved from /home/airflow/.local/lib/python3.12/site-packages/airflow/example_dags/example_xcomargs.py
[2025-12-04T12:52:17.616+0000] {logging_mixin.py:190} INFO - [2025-12-04T12:52:17.616+0000] {dag.py:3239} INFO - Sync 2 DAGs
[2025-12-04T12:52:17.642+0000] {logging_mixin.py:190} INFO - [2025-12-04T12:52:17.642+0000] {dag.py:4180} INFO - Setting next_dagrun for example_xcom_args to None, run_after=None
[2025-12-04T12:52:17.649+0000] {logging_mixin.py:190} INFO - [2025-12-04T12:52:17.648+0000] {dag.py:4180} INFO - Setting next_dagrun for example_xcom_args_with_operators to None, run_after=None
[2025-12-04T12:52:17.671+0000] {processor.py:208} INFO - Processing /home/airflow/.local/lib/python3.12/site-packages/airflow/example_dags/example_xcomargs.py took 0.109 seconds
[2025-12-04T12:52:47.911+0000] {processor.py:186} INFO - Started process (PID=512) to work on /home/airflow/.local/lib/python3.12/site-packages/airflow/example_dags/example_xcomargs.py
[2025-12-04T12:52:47.912+0000] {processor.py:914} INFO - Processing file /home/airflow/.local/lib/python3.12/site-packages/airflow/example_dags/example_xcomargs.py for tasks to queue
[2025-12-04T12:52:47.915+0000] {logging_mixin.py:190} INFO - [2025-12-04T12:52:47.915+0000] {dagbag.py:588} INFO - Filling up the DagBag from /home/airflow/.local/lib/python3.12/site-packages/airflow/example_dags/example_xcomargs.py
[2025-12-04T12:52:47.931+0000] {processor.py:925} INFO - DAG(s) 'example_xcom_args_with_operators', 'example_xcom_args' retrieved from /home/airflow/.local/lib/python3.12/site-packages/airflow/example_dags/example_xcomargs.py
[2025-12-04T12:52:47.972+0000] {logging_mixin.py:190} INFO - [2025-12-04T12:52:47.971+0000] {dag.py:3239} INFO - Sync 2 DAGs
[2025-12-04T12:52:47.994+0000] {logging_mixin.py:190} INFO - [2025-12-04T12:52:47.993+0000] {dag.py:4180} INFO - Setting next_dagrun for example_xcom_args to None, run_after=None
[2025-12-04T12:52:47.998+0000] {logging_mixin.py:190} INFO - [2025-12-04T12:52:47.998+0000] {dag.py:4180} INFO - Setting next_dagrun for example_xcom_args_with_operators to None, run_after=None
[2025-12-04T12:52:48.017+0000] {processor.py:208} INFO - Processing /home/airflow/.local/lib/python3.12/site-packages/airflow/example_dags/example_xcomargs.py took 0.115 seconds
[2025-12-04T12:53:19.429+0000] {processor.py:186} INFO - Started process (PID=578) to work on /home/airflow/.local/lib/python3.12/site-packages/airflow/example_dags/example_xcomargs.py
[2025-12-04T12:53:19.429+0000] {processor.py:914} INFO - Processing file /home/airflow/.local/lib/python3.12/site-packages/airflow/example_dags/example_xcomargs.py for tasks to queue
[2025-12-04T12:53:19.432+0000] {logging_mixin.py:190} INFO - [2025-12-04T12:53:19.431+0000] {dagbag.py:588} INFO - Filling up the DagBag from /home/airflow/.local/lib/python3.12/site-packages/airflow/example_dags/example_xcomargs.py
[2025-12-04T12:53:19.443+0000] {processor.py:925} INFO - DAG(s) 'example_xcom_args_with_operators', 'example_xcom_args' retrieved from /home/airflow/.local/lib/python3.12/site-packages/airflow/example_dags/example_xcomargs.py
[2025-12-04T12:53:19.477+0000] {logging_mixin.py:190} INFO - [2025-12-04T12:53:19.477+0000] {dag.py:3239} INFO - Sync 2 DAGs
[2025-12-04T12:53:19.501+0000] {logging_mixin.py:190} INFO - [2025-12-04T12:53:19.500+0000] {dag.py:4180} INFO - Setting next_dagrun for example_xcom_args to None, run_after=None
[2025-12-04T12:53:19.507+0000] {logging_mixin.py:190} INFO - [2025-12-04T12:53:19.507+0000] {dag.py:4180} INFO - Setting next_dagrun for example_xcom_args_with_operators to None, run_after=None
[2025-12-04T12:53:19.528+0000] {processor.py:208} INFO - Processing /home/airflow/.local/lib/python3.12/site-packages/airflow/example_dags/example_xcomargs.py took 0.106 seconds
[2025-12-04T12:53:50.938+0000] {processor.py:186} INFO - Started process (PID=644) to work on /home/airflow/.local/lib/python3.12/site-packages/airflow/example_dags/example_xcomargs.py
[2025-12-04T12:53:50.938+0000] {processor.py:914} INFO - Processing file /home/airflow/.local/lib/python3.12/site-packages/airflow/example_dags/example_xcomargs.py for tasks to queue
[2025-12-04T12:53:50.940+0000] {logging_mixin.py:190} INFO - [2025-12-04T12:53:50.939+0000] {dagbag.py:588} INFO - Filling up the DagBag from /home/airflow/.local/lib/python3.12/site-packages/airflow/example_dags/example_xcomargs.py
[2025-12-04T12:53:50.947+0000] {processor.py:925} INFO - DAG(s) 'example_xcom_args_with_operators', 'example_xcom_args' retrieved from /home/airflow/.local/lib/python3.12/site-packages/airflow/example_dags/example_xcomargs.py
[2025-12-04T12:53:50.966+0000] {logging_mixin.py:190} INFO - [2025-12-04T12:53:50.966+0000] {dag.py:3239} INFO - Sync 2 DAGs
[2025-12-04T12:53:50.979+0000] {logging_mixin.py:190} INFO - [2025-12-04T12:53:50.979+0000] {dag.py:4180} INFO - Setting next_dagrun for example_xcom_args to None, run_after=None
[2025-12-04T12:53:50.983+0000] {logging_mixin.py:190} INFO - [2025-12-04T12:53:50.983+0000] {dag.py:4180} INFO - Setting next_dagrun for example_xcom_args_with_operators to None, run_after=None
[2025-12-04T12:53:50.998+0000] {processor.py:208} INFO - Processing /home/airflow/.local/lib/python3.12/site-packages/airflow/example_dags/example_xcomargs.py took 0.065 seconds
[2025-12-04T12:54:22.428+0000] {processor.py:186} INFO - Started process (PID=710) to work on /home/airflow/.local/lib/python3.12/site-packages/airflow/example_dags/example_xcomargs.py
[2025-12-04T12:54:22.429+0000] {processor.py:914} INFO - Processing file /home/airflow/.local/lib/python3.12/site-packages/airflow/example_dags/example_xcomargs.py for tasks to queue
[2025-12-04T12:54:22.432+0000] {logging_mixin.py:190} INFO - [2025-12-04T12:54:22.431+0000] {dagbag.py:588} INFO - Filling up the DagBag from /home/airflow/.local/lib/python3.12/site-packages/airflow/example_dags/example_xcomargs.py
[2025-12-04T12:54:22.442+0000] {processor.py:925} INFO - DAG(s) 'example_xcom_args_with_operators', 'example_xcom_args' retrieved from /home/airflow/.local/lib/python3.12/site-packages/airflow/example_dags/example_xcomargs.py
[2025-12-04T12:54:22.470+0000] {logging_mixin.py:190} INFO - [2025-12-04T12:54:22.469+0000] {dag.py:3239} INFO - Sync 2 DAGs
[2025-12-04T12:54:22.488+0000] {logging_mixin.py:190} INFO - [2025-12-04T12:54:22.487+0000] {dag.py:4180} INFO - Setting next_dagrun for example_xcom_args to None, run_after=None
[2025-12-04T12:54:22.493+0000] {logging_mixin.py:190} INFO - [2025-12-04T12:54:22.492+0000] {dag.py:4180} INFO - Setting next_dagrun for example_xcom_args_with_operators to None, run_after=None
[2025-12-04T12:54:22.514+0000] {processor.py:208} INFO - Processing /home/airflow/.local/lib/python3.12/site-packages/airflow/example_dags/example_xcomargs.py took 0.095 seconds
