[2025-12-04T12:26:24.110+0000] {processor.py:186} INFO - Started process (PID=49) to work on /home/airflow/.local/lib/python3.12/site-packages/airflow/example_dags/example_python_operator.py
[2025-12-04T12:26:24.111+0000] {processor.py:914} INFO - Processing file /home/airflow/.local/lib/python3.12/site-packages/airflow/example_dags/example_python_operator.py for tasks to queue
[2025-12-04T12:26:24.113+0000] {logging_mixin.py:190} INFO - [2025-12-04T12:26:24.113+0000] {dagbag.py:588} INFO - Filling up the DagBag from /home/airflow/.local/lib/python3.12/site-packages/airflow/example_dags/example_python_operator.py
[2025-12-04T12:26:24.127+0000] {processor.py:925} INFO - DAG(s) 'example_python_operator' retrieved from /home/airflow/.local/lib/python3.12/site-packages/airflow/example_dags/example_python_operator.py
[2025-12-04T12:26:24.227+0000] {logging_mixin.py:190} INFO - [2025-12-04T12:26:24.227+0000] {override.py:1912} INFO - Created Permission View: can delete on DAG:example_python_operator
[2025-12-04T12:26:24.237+0000] {logging_mixin.py:190} INFO - [2025-12-04T12:26:24.236+0000] {override.py:1912} INFO - Created Permission View: can edit on DAG:example_python_operator
[2025-12-04T12:26:24.243+0000] {logging_mixin.py:190} INFO - [2025-12-04T12:26:24.243+0000] {override.py:1912} INFO - Created Permission View: can read on DAG:example_python_operator
[2025-12-04T12:26:24.249+0000] {logging_mixin.py:190} INFO - [2025-12-04T12:26:24.248+0000] {override.py:1912} INFO - Created Permission View: can delete on DAG Run:example_python_operator
[2025-12-04T12:26:24.257+0000] {logging_mixin.py:190} INFO - [2025-12-04T12:26:24.257+0000] {override.py:1912} INFO - Created Permission View: can read on DAG Run:example_python_operator
[2025-12-04T12:26:24.265+0000] {logging_mixin.py:190} INFO - [2025-12-04T12:26:24.265+0000] {override.py:1912} INFO - Created Permission View: can create on DAG Run:example_python_operator
[2025-12-04T12:26:24.272+0000] {logging_mixin.py:190} INFO - [2025-12-04T12:26:24.271+0000] {override.py:1912} INFO - Created Permission View: menu access on DAG Run:example_python_operator
[2025-12-04T12:26:24.272+0000] {logging_mixin.py:190} INFO - [2025-12-04T12:26:24.272+0000] {dag.py:3239} INFO - Sync 1 DAGs
[2025-12-04T12:26:24.286+0000] {logging_mixin.py:190} INFO - [2025-12-04T12:26:24.286+0000] {dag.py:3262} INFO - Creating ORM DAG for example_python_operator
[2025-12-04T12:26:24.287+0000] {logging_mixin.py:190} INFO - [2025-12-04T12:26:24.287+0000] {dag.py:4180} INFO - Setting next_dagrun for example_python_operator to None, run_after=None
[2025-12-04T12:26:24.305+0000] {processor.py:208} INFO - Processing /home/airflow/.local/lib/python3.12/site-packages/airflow/example_dags/example_python_operator.py took 0.202 seconds
[2025-12-04T12:26:54.760+0000] {processor.py:186} INFO - Started process (PID=115) to work on /home/airflow/.local/lib/python3.12/site-packages/airflow/example_dags/example_python_operator.py
[2025-12-04T12:26:54.761+0000] {processor.py:914} INFO - Processing file /home/airflow/.local/lib/python3.12/site-packages/airflow/example_dags/example_python_operator.py for tasks to queue
[2025-12-04T12:26:54.762+0000] {logging_mixin.py:190} INFO - [2025-12-04T12:26:54.762+0000] {dagbag.py:588} INFO - Filling up the DagBag from /home/airflow/.local/lib/python3.12/site-packages/airflow/example_dags/example_python_operator.py
[2025-12-04T12:26:54.776+0000] {processor.py:925} INFO - DAG(s) 'example_python_operator' retrieved from /home/airflow/.local/lib/python3.12/site-packages/airflow/example_dags/example_python_operator.py
[2025-12-04T12:26:54.805+0000] {logging_mixin.py:190} INFO - [2025-12-04T12:26:54.805+0000] {dag.py:3239} INFO - Sync 1 DAGs
[2025-12-04T12:26:54.831+0000] {logging_mixin.py:190} INFO - [2025-12-04T12:26:54.831+0000] {dag.py:4180} INFO - Setting next_dagrun for example_python_operator to None, run_after=None
[2025-12-04T12:26:54.857+0000] {processor.py:208} INFO - Processing /home/airflow/.local/lib/python3.12/site-packages/airflow/example_dags/example_python_operator.py took 0.103 seconds
[2025-12-04T12:27:25.529+0000] {processor.py:186} INFO - Started process (PID=181) to work on /home/airflow/.local/lib/python3.12/site-packages/airflow/example_dags/example_python_operator.py
[2025-12-04T12:27:25.529+0000] {processor.py:914} INFO - Processing file /home/airflow/.local/lib/python3.12/site-packages/airflow/example_dags/example_python_operator.py for tasks to queue
[2025-12-04T12:27:25.531+0000] {logging_mixin.py:190} INFO - [2025-12-04T12:27:25.531+0000] {dagbag.py:588} INFO - Filling up the DagBag from /home/airflow/.local/lib/python3.12/site-packages/airflow/example_dags/example_python_operator.py
[2025-12-04T12:27:25.544+0000] {processor.py:925} INFO - DAG(s) 'example_python_operator' retrieved from /home/airflow/.local/lib/python3.12/site-packages/airflow/example_dags/example_python_operator.py
[2025-12-04T12:27:25.568+0000] {logging_mixin.py:190} INFO - [2025-12-04T12:27:25.568+0000] {dag.py:3239} INFO - Sync 1 DAGs
[2025-12-04T12:27:25.585+0000] {logging_mixin.py:190} INFO - [2025-12-04T12:27:25.585+0000] {dag.py:4180} INFO - Setting next_dagrun for example_python_operator to None, run_after=None
[2025-12-04T12:27:25.606+0000] {processor.py:208} INFO - Processing /home/airflow/.local/lib/python3.12/site-packages/airflow/example_dags/example_python_operator.py took 0.083 seconds
[2025-12-04T12:27:56.123+0000] {processor.py:186} INFO - Started process (PID=246) to work on /home/airflow/.local/lib/python3.12/site-packages/airflow/example_dags/example_python_operator.py
[2025-12-04T12:27:56.124+0000] {processor.py:914} INFO - Processing file /home/airflow/.local/lib/python3.12/site-packages/airflow/example_dags/example_python_operator.py for tasks to queue
[2025-12-04T12:27:56.126+0000] {logging_mixin.py:190} INFO - [2025-12-04T12:27:56.126+0000] {dagbag.py:588} INFO - Filling up the DagBag from /home/airflow/.local/lib/python3.12/site-packages/airflow/example_dags/example_python_operator.py
[2025-12-04T12:27:56.138+0000] {processor.py:925} INFO - DAG(s) 'example_python_operator' retrieved from /home/airflow/.local/lib/python3.12/site-packages/airflow/example_dags/example_python_operator.py
[2025-12-04T12:27:56.161+0000] {logging_mixin.py:190} INFO - [2025-12-04T12:27:56.161+0000] {dag.py:3239} INFO - Sync 1 DAGs
[2025-12-04T12:27:56.178+0000] {logging_mixin.py:190} INFO - [2025-12-04T12:27:56.178+0000] {dag.py:4180} INFO - Setting next_dagrun for example_python_operator to None, run_after=None
[2025-12-04T12:27:56.199+0000] {processor.py:208} INFO - Processing /home/airflow/.local/lib/python3.12/site-packages/airflow/example_dags/example_python_operator.py took 0.082 seconds
[2025-12-04T12:28:26.413+0000] {processor.py:186} INFO - Started process (PID=312) to work on /home/airflow/.local/lib/python3.12/site-packages/airflow/example_dags/example_python_operator.py
[2025-12-04T12:28:26.414+0000] {processor.py:914} INFO - Processing file /home/airflow/.local/lib/python3.12/site-packages/airflow/example_dags/example_python_operator.py for tasks to queue
[2025-12-04T12:28:26.418+0000] {logging_mixin.py:190} INFO - [2025-12-04T12:28:26.417+0000] {dagbag.py:588} INFO - Filling up the DagBag from /home/airflow/.local/lib/python3.12/site-packages/airflow/example_dags/example_python_operator.py
[2025-12-04T12:28:26.441+0000] {processor.py:925} INFO - DAG(s) 'example_python_operator' retrieved from /home/airflow/.local/lib/python3.12/site-packages/airflow/example_dags/example_python_operator.py
[2025-12-04T12:28:26.470+0000] {logging_mixin.py:190} INFO - [2025-12-04T12:28:26.470+0000] {dag.py:3239} INFO - Sync 1 DAGs
[2025-12-04T12:28:26.490+0000] {logging_mixin.py:190} INFO - [2025-12-04T12:28:26.490+0000] {dag.py:4180} INFO - Setting next_dagrun for example_python_operator to None, run_after=None
[2025-12-04T12:28:26.515+0000] {processor.py:208} INFO - Processing /home/airflow/.local/lib/python3.12/site-packages/airflow/example_dags/example_python_operator.py took 0.113 seconds
[2025-12-04T12:28:56.628+0000] {processor.py:186} INFO - Started process (PID=377) to work on /home/airflow/.local/lib/python3.12/site-packages/airflow/example_dags/example_python_operator.py
[2025-12-04T12:28:56.628+0000] {processor.py:914} INFO - Processing file /home/airflow/.local/lib/python3.12/site-packages/airflow/example_dags/example_python_operator.py for tasks to queue
[2025-12-04T12:28:56.630+0000] {logging_mixin.py:190} INFO - [2025-12-04T12:28:56.630+0000] {dagbag.py:588} INFO - Filling up the DagBag from /home/airflow/.local/lib/python3.12/site-packages/airflow/example_dags/example_python_operator.py
[2025-12-04T12:28:56.643+0000] {processor.py:925} INFO - DAG(s) 'example_python_operator' retrieved from /home/airflow/.local/lib/python3.12/site-packages/airflow/example_dags/example_python_operator.py
[2025-12-04T12:28:56.677+0000] {logging_mixin.py:190} INFO - [2025-12-04T12:28:56.677+0000] {dag.py:3239} INFO - Sync 1 DAGs
[2025-12-04T12:28:56.696+0000] {logging_mixin.py:190} INFO - [2025-12-04T12:28:56.695+0000] {dag.py:4180} INFO - Setting next_dagrun for example_python_operator to None, run_after=None
[2025-12-04T12:28:56.720+0000] {processor.py:208} INFO - Processing /home/airflow/.local/lib/python3.12/site-packages/airflow/example_dags/example_python_operator.py took 0.098 seconds
[2025-12-04T12:29:26.808+0000] {processor.py:186} INFO - Started process (PID=443) to work on /home/airflow/.local/lib/python3.12/site-packages/airflow/example_dags/example_python_operator.py
[2025-12-04T12:29:26.809+0000] {processor.py:914} INFO - Processing file /home/airflow/.local/lib/python3.12/site-packages/airflow/example_dags/example_python_operator.py for tasks to queue
[2025-12-04T12:29:26.812+0000] {logging_mixin.py:190} INFO - [2025-12-04T12:29:26.811+0000] {dagbag.py:588} INFO - Filling up the DagBag from /home/airflow/.local/lib/python3.12/site-packages/airflow/example_dags/example_python_operator.py
[2025-12-04T12:29:26.831+0000] {processor.py:925} INFO - DAG(s) 'example_python_operator' retrieved from /home/airflow/.local/lib/python3.12/site-packages/airflow/example_dags/example_python_operator.py
[2025-12-04T12:29:26.859+0000] {logging_mixin.py:190} INFO - [2025-12-04T12:29:26.858+0000] {dag.py:3239} INFO - Sync 1 DAGs
[2025-12-04T12:29:26.876+0000] {logging_mixin.py:190} INFO - [2025-12-04T12:29:26.876+0000] {dag.py:4180} INFO - Setting next_dagrun for example_python_operator to None, run_after=None
[2025-12-04T12:29:26.897+0000] {processor.py:208} INFO - Processing /home/airflow/.local/lib/python3.12/site-packages/airflow/example_dags/example_python_operator.py took 0.098 seconds
[2025-12-04T12:29:57.799+0000] {processor.py:186} INFO - Started process (PID=509) to work on /home/airflow/.local/lib/python3.12/site-packages/airflow/example_dags/example_python_operator.py
[2025-12-04T12:29:57.799+0000] {processor.py:914} INFO - Processing file /home/airflow/.local/lib/python3.12/site-packages/airflow/example_dags/example_python_operator.py for tasks to queue
[2025-12-04T12:29:57.801+0000] {logging_mixin.py:190} INFO - [2025-12-04T12:29:57.801+0000] {dagbag.py:588} INFO - Filling up the DagBag from /home/airflow/.local/lib/python3.12/site-packages/airflow/example_dags/example_python_operator.py
[2025-12-04T12:29:57.814+0000] {processor.py:925} INFO - DAG(s) 'example_python_operator' retrieved from /home/airflow/.local/lib/python3.12/site-packages/airflow/example_dags/example_python_operator.py
[2025-12-04T12:29:57.845+0000] {logging_mixin.py:190} INFO - [2025-12-04T12:29:57.844+0000] {dag.py:3239} INFO - Sync 1 DAGs
[2025-12-04T12:29:57.868+0000] {logging_mixin.py:190} INFO - [2025-12-04T12:29:57.867+0000] {dag.py:4180} INFO - Setting next_dagrun for example_python_operator to None, run_after=None
[2025-12-04T12:29:57.896+0000] {processor.py:208} INFO - Processing /home/airflow/.local/lib/python3.12/site-packages/airflow/example_dags/example_python_operator.py took 0.104 seconds
[2025-12-04T12:30:28.115+0000] {processor.py:186} INFO - Started process (PID=575) to work on /home/airflow/.local/lib/python3.12/site-packages/airflow/example_dags/example_python_operator.py
[2025-12-04T12:30:28.116+0000] {processor.py:914} INFO - Processing file /home/airflow/.local/lib/python3.12/site-packages/airflow/example_dags/example_python_operator.py for tasks to queue
[2025-12-04T12:30:28.118+0000] {logging_mixin.py:190} INFO - [2025-12-04T12:30:28.118+0000] {dagbag.py:588} INFO - Filling up the DagBag from /home/airflow/.local/lib/python3.12/site-packages/airflow/example_dags/example_python_operator.py
[2025-12-04T12:30:28.130+0000] {processor.py:925} INFO - DAG(s) 'example_python_operator' retrieved from /home/airflow/.local/lib/python3.12/site-packages/airflow/example_dags/example_python_operator.py
[2025-12-04T12:30:28.162+0000] {logging_mixin.py:190} INFO - [2025-12-04T12:30:28.162+0000] {dag.py:3239} INFO - Sync 1 DAGs
[2025-12-04T12:30:28.180+0000] {logging_mixin.py:190} INFO - [2025-12-04T12:30:28.179+0000] {dag.py:4180} INFO - Setting next_dagrun for example_python_operator to None, run_after=None
[2025-12-04T12:30:28.201+0000] {processor.py:208} INFO - Processing /home/airflow/.local/lib/python3.12/site-packages/airflow/example_dags/example_python_operator.py took 0.092 seconds
[2025-12-04T12:30:58.862+0000] {processor.py:186} INFO - Started process (PID=641) to work on /home/airflow/.local/lib/python3.12/site-packages/airflow/example_dags/example_python_operator.py
[2025-12-04T12:30:58.864+0000] {processor.py:914} INFO - Processing file /home/airflow/.local/lib/python3.12/site-packages/airflow/example_dags/example_python_operator.py for tasks to queue
[2025-12-04T12:30:58.867+0000] {logging_mixin.py:190} INFO - [2025-12-04T12:30:58.866+0000] {dagbag.py:588} INFO - Filling up the DagBag from /home/airflow/.local/lib/python3.12/site-packages/airflow/example_dags/example_python_operator.py
[2025-12-04T12:30:58.884+0000] {processor.py:925} INFO - DAG(s) 'example_python_operator' retrieved from /home/airflow/.local/lib/python3.12/site-packages/airflow/example_dags/example_python_operator.py
[2025-12-04T12:30:58.916+0000] {logging_mixin.py:190} INFO - [2025-12-04T12:30:58.915+0000] {dag.py:3239} INFO - Sync 1 DAGs
[2025-12-04T12:30:58.936+0000] {logging_mixin.py:190} INFO - [2025-12-04T12:30:58.935+0000] {dag.py:4180} INFO - Setting next_dagrun for example_python_operator to None, run_after=None
[2025-12-04T12:30:58.965+0000] {processor.py:208} INFO - Processing /home/airflow/.local/lib/python3.12/site-packages/airflow/example_dags/example_python_operator.py took 0.110 seconds
[2025-12-04T12:31:29.506+0000] {processor.py:186} INFO - Started process (PID=707) to work on /home/airflow/.local/lib/python3.12/site-packages/airflow/example_dags/example_python_operator.py
[2025-12-04T12:31:29.507+0000] {processor.py:914} INFO - Processing file /home/airflow/.local/lib/python3.12/site-packages/airflow/example_dags/example_python_operator.py for tasks to queue
[2025-12-04T12:31:29.510+0000] {logging_mixin.py:190} INFO - [2025-12-04T12:31:29.510+0000] {dagbag.py:588} INFO - Filling up the DagBag from /home/airflow/.local/lib/python3.12/site-packages/airflow/example_dags/example_python_operator.py
[2025-12-04T12:31:29.526+0000] {processor.py:925} INFO - DAG(s) 'example_python_operator' retrieved from /home/airflow/.local/lib/python3.12/site-packages/airflow/example_dags/example_python_operator.py
[2025-12-04T12:31:29.557+0000] {logging_mixin.py:190} INFO - [2025-12-04T12:31:29.557+0000] {dag.py:3239} INFO - Sync 1 DAGs
[2025-12-04T12:31:29.579+0000] {logging_mixin.py:190} INFO - [2025-12-04T12:31:29.578+0000] {dag.py:4180} INFO - Setting next_dagrun for example_python_operator to None, run_after=None
[2025-12-04T12:31:29.607+0000] {processor.py:208} INFO - Processing /home/airflow/.local/lib/python3.12/site-packages/airflow/example_dags/example_python_operator.py took 0.108 seconds
[2025-12-04T12:32:00.118+0000] {processor.py:186} INFO - Started process (PID=773) to work on /home/airflow/.local/lib/python3.12/site-packages/airflow/example_dags/example_python_operator.py
[2025-12-04T12:32:00.119+0000] {processor.py:914} INFO - Processing file /home/airflow/.local/lib/python3.12/site-packages/airflow/example_dags/example_python_operator.py for tasks to queue
[2025-12-04T12:32:00.123+0000] {logging_mixin.py:190} INFO - [2025-12-04T12:32:00.122+0000] {dagbag.py:588} INFO - Filling up the DagBag from /home/airflow/.local/lib/python3.12/site-packages/airflow/example_dags/example_python_operator.py
[2025-12-04T12:32:00.141+0000] {processor.py:925} INFO - DAG(s) 'example_python_operator' retrieved from /home/airflow/.local/lib/python3.12/site-packages/airflow/example_dags/example_python_operator.py
[2025-12-04T12:32:00.173+0000] {logging_mixin.py:190} INFO - [2025-12-04T12:32:00.172+0000] {dag.py:3239} INFO - Sync 1 DAGs
[2025-12-04T12:32:00.193+0000] {logging_mixin.py:190} INFO - [2025-12-04T12:32:00.192+0000] {dag.py:4180} INFO - Setting next_dagrun for example_python_operator to None, run_after=None
[2025-12-04T12:32:00.220+0000] {processor.py:208} INFO - Processing /home/airflow/.local/lib/python3.12/site-packages/airflow/example_dags/example_python_operator.py took 0.110 seconds
[2025-12-04T12:32:30.549+0000] {processor.py:186} INFO - Started process (PID=839) to work on /home/airflow/.local/lib/python3.12/site-packages/airflow/example_dags/example_python_operator.py
[2025-12-04T12:32:30.551+0000] {processor.py:914} INFO - Processing file /home/airflow/.local/lib/python3.12/site-packages/airflow/example_dags/example_python_operator.py for tasks to queue
[2025-12-04T12:32:30.553+0000] {logging_mixin.py:190} INFO - [2025-12-04T12:32:30.553+0000] {dagbag.py:588} INFO - Filling up the DagBag from /home/airflow/.local/lib/python3.12/site-packages/airflow/example_dags/example_python_operator.py
[2025-12-04T12:32:30.571+0000] {processor.py:925} INFO - DAG(s) 'example_python_operator' retrieved from /home/airflow/.local/lib/python3.12/site-packages/airflow/example_dags/example_python_operator.py
[2025-12-04T12:32:30.603+0000] {logging_mixin.py:190} INFO - [2025-12-04T12:32:30.602+0000] {dag.py:3239} INFO - Sync 1 DAGs
[2025-12-04T12:32:30.626+0000] {logging_mixin.py:190} INFO - [2025-12-04T12:32:30.625+0000] {dag.py:4180} INFO - Setting next_dagrun for example_python_operator to None, run_after=None
[2025-12-04T12:32:30.654+0000] {processor.py:208} INFO - Processing /home/airflow/.local/lib/python3.12/site-packages/airflow/example_dags/example_python_operator.py took 0.112 seconds
[2025-12-04T12:33:01.095+0000] {processor.py:186} INFO - Started process (PID=906) to work on /home/airflow/.local/lib/python3.12/site-packages/airflow/example_dags/example_python_operator.py
[2025-12-04T12:33:01.097+0000] {processor.py:914} INFO - Processing file /home/airflow/.local/lib/python3.12/site-packages/airflow/example_dags/example_python_operator.py for tasks to queue
[2025-12-04T12:33:01.100+0000] {logging_mixin.py:190} INFO - [2025-12-04T12:33:01.100+0000] {dagbag.py:588} INFO - Filling up the DagBag from /home/airflow/.local/lib/python3.12/site-packages/airflow/example_dags/example_python_operator.py
[2025-12-04T12:33:01.118+0000] {processor.py:925} INFO - DAG(s) 'example_python_operator' retrieved from /home/airflow/.local/lib/python3.12/site-packages/airflow/example_dags/example_python_operator.py
[2025-12-04T12:33:01.152+0000] {logging_mixin.py:190} INFO - [2025-12-04T12:33:01.151+0000] {dag.py:3239} INFO - Sync 1 DAGs
[2025-12-04T12:33:01.176+0000] {logging_mixin.py:190} INFO - [2025-12-04T12:33:01.175+0000] {dag.py:4180} INFO - Setting next_dagrun for example_python_operator to None, run_after=None
[2025-12-04T12:33:01.205+0000] {processor.py:208} INFO - Processing /home/airflow/.local/lib/python3.12/site-packages/airflow/example_dags/example_python_operator.py took 0.118 seconds
[2025-12-04T12:33:31.844+0000] {processor.py:186} INFO - Started process (PID=972) to work on /home/airflow/.local/lib/python3.12/site-packages/airflow/example_dags/example_python_operator.py
[2025-12-04T12:33:31.845+0000] {processor.py:914} INFO - Processing file /home/airflow/.local/lib/python3.12/site-packages/airflow/example_dags/example_python_operator.py for tasks to queue
[2025-12-04T12:33:31.849+0000] {logging_mixin.py:190} INFO - [2025-12-04T12:33:31.848+0000] {dagbag.py:588} INFO - Filling up the DagBag from /home/airflow/.local/lib/python3.12/site-packages/airflow/example_dags/example_python_operator.py
[2025-12-04T12:33:31.872+0000] {processor.py:925} INFO - DAG(s) 'example_python_operator' retrieved from /home/airflow/.local/lib/python3.12/site-packages/airflow/example_dags/example_python_operator.py
[2025-12-04T12:33:31.903+0000] {logging_mixin.py:190} INFO - [2025-12-04T12:33:31.902+0000] {dag.py:3239} INFO - Sync 1 DAGs
[2025-12-04T12:33:31.924+0000] {logging_mixin.py:190} INFO - [2025-12-04T12:33:31.924+0000] {dag.py:4180} INFO - Setting next_dagrun for example_python_operator to None, run_after=None
[2025-12-04T12:33:31.946+0000] {processor.py:208} INFO - Processing /home/airflow/.local/lib/python3.12/site-packages/airflow/example_dags/example_python_operator.py took 0.112 seconds
[2025-12-04T12:34:02.405+0000] {processor.py:186} INFO - Started process (PID=1038) to work on /home/airflow/.local/lib/python3.12/site-packages/airflow/example_dags/example_python_operator.py
[2025-12-04T12:34:02.406+0000] {processor.py:914} INFO - Processing file /home/airflow/.local/lib/python3.12/site-packages/airflow/example_dags/example_python_operator.py for tasks to queue
[2025-12-04T12:34:02.408+0000] {logging_mixin.py:190} INFO - [2025-12-04T12:34:02.408+0000] {dagbag.py:588} INFO - Filling up the DagBag from /home/airflow/.local/lib/python3.12/site-packages/airflow/example_dags/example_python_operator.py
[2025-12-04T12:34:02.420+0000] {processor.py:925} INFO - DAG(s) 'example_python_operator' retrieved from /home/airflow/.local/lib/python3.12/site-packages/airflow/example_dags/example_python_operator.py
[2025-12-04T12:34:02.446+0000] {logging_mixin.py:190} INFO - [2025-12-04T12:34:02.446+0000] {dag.py:3239} INFO - Sync 1 DAGs
[2025-12-04T12:34:02.463+0000] {logging_mixin.py:190} INFO - [2025-12-04T12:34:02.463+0000] {dag.py:4180} INFO - Setting next_dagrun for example_python_operator to None, run_after=None
[2025-12-04T12:34:02.485+0000] {processor.py:208} INFO - Processing /home/airflow/.local/lib/python3.12/site-packages/airflow/example_dags/example_python_operator.py took 0.085 seconds
[2025-12-04T12:34:32.550+0000] {processor.py:186} INFO - Started process (PID=1104) to work on /home/airflow/.local/lib/python3.12/site-packages/airflow/example_dags/example_python_operator.py
[2025-12-04T12:34:32.550+0000] {processor.py:914} INFO - Processing file /home/airflow/.local/lib/python3.12/site-packages/airflow/example_dags/example_python_operator.py for tasks to queue
[2025-12-04T12:34:32.552+0000] {logging_mixin.py:190} INFO - [2025-12-04T12:34:32.552+0000] {dagbag.py:588} INFO - Filling up the DagBag from /home/airflow/.local/lib/python3.12/site-packages/airflow/example_dags/example_python_operator.py
[2025-12-04T12:34:32.566+0000] {processor.py:925} INFO - DAG(s) 'example_python_operator' retrieved from /home/airflow/.local/lib/python3.12/site-packages/airflow/example_dags/example_python_operator.py
[2025-12-04T12:34:32.592+0000] {logging_mixin.py:190} INFO - [2025-12-04T12:34:32.592+0000] {dag.py:3239} INFO - Sync 1 DAGs
[2025-12-04T12:34:32.609+0000] {logging_mixin.py:190} INFO - [2025-12-04T12:34:32.609+0000] {dag.py:4180} INFO - Setting next_dagrun for example_python_operator to None, run_after=None
[2025-12-04T12:34:32.631+0000] {processor.py:208} INFO - Processing /home/airflow/.local/lib/python3.12/site-packages/airflow/example_dags/example_python_operator.py took 0.087 seconds
[2025-12-04T12:35:03.292+0000] {processor.py:186} INFO - Started process (PID=1170) to work on /home/airflow/.local/lib/python3.12/site-packages/airflow/example_dags/example_python_operator.py
[2025-12-04T12:35:03.293+0000] {processor.py:914} INFO - Processing file /home/airflow/.local/lib/python3.12/site-packages/airflow/example_dags/example_python_operator.py for tasks to queue
[2025-12-04T12:35:03.296+0000] {logging_mixin.py:190} INFO - [2025-12-04T12:35:03.296+0000] {dagbag.py:588} INFO - Filling up the DagBag from /home/airflow/.local/lib/python3.12/site-packages/airflow/example_dags/example_python_operator.py
[2025-12-04T12:35:03.316+0000] {processor.py:925} INFO - DAG(s) 'example_python_operator' retrieved from /home/airflow/.local/lib/python3.12/site-packages/airflow/example_dags/example_python_operator.py
[2025-12-04T12:35:03.341+0000] {logging_mixin.py:190} INFO - [2025-12-04T12:35:03.341+0000] {dag.py:3239} INFO - Sync 1 DAGs
[2025-12-04T12:35:03.358+0000] {logging_mixin.py:190} INFO - [2025-12-04T12:35:03.357+0000] {dag.py:4180} INFO - Setting next_dagrun for example_python_operator to None, run_after=None
[2025-12-04T12:35:03.379+0000] {processor.py:208} INFO - Processing /home/airflow/.local/lib/python3.12/site-packages/airflow/example_dags/example_python_operator.py took 0.096 seconds
[2025-12-04T12:35:33.749+0000] {processor.py:186} INFO - Started process (PID=1236) to work on /home/airflow/.local/lib/python3.12/site-packages/airflow/example_dags/example_python_operator.py
[2025-12-04T12:35:33.750+0000] {processor.py:914} INFO - Processing file /home/airflow/.local/lib/python3.12/site-packages/airflow/example_dags/example_python_operator.py for tasks to queue
[2025-12-04T12:35:33.753+0000] {logging_mixin.py:190} INFO - [2025-12-04T12:35:33.752+0000] {dagbag.py:588} INFO - Filling up the DagBag from /home/airflow/.local/lib/python3.12/site-packages/airflow/example_dags/example_python_operator.py
[2025-12-04T12:35:33.769+0000] {processor.py:925} INFO - DAG(s) 'example_python_operator' retrieved from /home/airflow/.local/lib/python3.12/site-packages/airflow/example_dags/example_python_operator.py
[2025-12-04T12:35:33.803+0000] {logging_mixin.py:190} INFO - [2025-12-04T12:35:33.802+0000] {dag.py:3239} INFO - Sync 1 DAGs
[2025-12-04T12:35:33.829+0000] {logging_mixin.py:190} INFO - [2025-12-04T12:35:33.829+0000] {dag.py:4180} INFO - Setting next_dagrun for example_python_operator to None, run_after=None
[2025-12-04T12:35:33.857+0000] {processor.py:208} INFO - Processing /home/airflow/.local/lib/python3.12/site-packages/airflow/example_dags/example_python_operator.py took 0.114 seconds
[2025-12-04T12:36:04.283+0000] {processor.py:186} INFO - Started process (PID=1302) to work on /home/airflow/.local/lib/python3.12/site-packages/airflow/example_dags/example_python_operator.py
[2025-12-04T12:36:04.284+0000] {processor.py:914} INFO - Processing file /home/airflow/.local/lib/python3.12/site-packages/airflow/example_dags/example_python_operator.py for tasks to queue
[2025-12-04T12:36:04.287+0000] {logging_mixin.py:190} INFO - [2025-12-04T12:36:04.287+0000] {dagbag.py:588} INFO - Filling up the DagBag from /home/airflow/.local/lib/python3.12/site-packages/airflow/example_dags/example_python_operator.py
[2025-12-04T12:36:04.305+0000] {processor.py:925} INFO - DAG(s) 'example_python_operator' retrieved from /home/airflow/.local/lib/python3.12/site-packages/airflow/example_dags/example_python_operator.py
[2025-12-04T12:36:04.340+0000] {logging_mixin.py:190} INFO - [2025-12-04T12:36:04.339+0000] {dag.py:3239} INFO - Sync 1 DAGs
[2025-12-04T12:36:04.361+0000] {logging_mixin.py:190} INFO - [2025-12-04T12:36:04.360+0000] {dag.py:4180} INFO - Setting next_dagrun for example_python_operator to None, run_after=None
[2025-12-04T12:36:04.389+0000] {processor.py:208} INFO - Processing /home/airflow/.local/lib/python3.12/site-packages/airflow/example_dags/example_python_operator.py took 0.113 seconds
[2025-12-04T12:36:34.737+0000] {processor.py:186} INFO - Started process (PID=1368) to work on /home/airflow/.local/lib/python3.12/site-packages/airflow/example_dags/example_python_operator.py
[2025-12-04T12:36:34.738+0000] {processor.py:914} INFO - Processing file /home/airflow/.local/lib/python3.12/site-packages/airflow/example_dags/example_python_operator.py for tasks to queue
[2025-12-04T12:36:34.741+0000] {logging_mixin.py:190} INFO - [2025-12-04T12:36:34.741+0000] {dagbag.py:588} INFO - Filling up the DagBag from /home/airflow/.local/lib/python3.12/site-packages/airflow/example_dags/example_python_operator.py
[2025-12-04T12:36:34.759+0000] {processor.py:925} INFO - DAG(s) 'example_python_operator' retrieved from /home/airflow/.local/lib/python3.12/site-packages/airflow/example_dags/example_python_operator.py
[2025-12-04T12:36:34.791+0000] {logging_mixin.py:190} INFO - [2025-12-04T12:36:34.790+0000] {dag.py:3239} INFO - Sync 1 DAGs
[2025-12-04T12:36:34.811+0000] {logging_mixin.py:190} INFO - [2025-12-04T12:36:34.811+0000] {dag.py:4180} INFO - Setting next_dagrun for example_python_operator to None, run_after=None
[2025-12-04T12:36:34.840+0000] {processor.py:208} INFO - Processing /home/airflow/.local/lib/python3.12/site-packages/airflow/example_dags/example_python_operator.py took 0.110 seconds
[2025-12-04T12:37:05.036+0000] {processor.py:186} INFO - Started process (PID=1435) to work on /home/airflow/.local/lib/python3.12/site-packages/airflow/example_dags/example_python_operator.py
[2025-12-04T12:37:05.037+0000] {processor.py:914} INFO - Processing file /home/airflow/.local/lib/python3.12/site-packages/airflow/example_dags/example_python_operator.py for tasks to queue
[2025-12-04T12:37:05.041+0000] {logging_mixin.py:190} INFO - [2025-12-04T12:37:05.040+0000] {dagbag.py:588} INFO - Filling up the DagBag from /home/airflow/.local/lib/python3.12/site-packages/airflow/example_dags/example_python_operator.py
[2025-12-04T12:37:05.064+0000] {processor.py:925} INFO - DAG(s) 'example_python_operator' retrieved from /home/airflow/.local/lib/python3.12/site-packages/airflow/example_dags/example_python_operator.py
[2025-12-04T12:37:05.097+0000] {logging_mixin.py:190} INFO - [2025-12-04T12:37:05.096+0000] {dag.py:3239} INFO - Sync 1 DAGs
[2025-12-04T12:37:05.116+0000] {logging_mixin.py:190} INFO - [2025-12-04T12:37:05.116+0000] {dag.py:4180} INFO - Setting next_dagrun for example_python_operator to None, run_after=None
[2025-12-04T12:37:05.137+0000] {processor.py:208} INFO - Processing /home/airflow/.local/lib/python3.12/site-packages/airflow/example_dags/example_python_operator.py took 0.112 seconds
[2025-12-04T12:37:35.589+0000] {processor.py:186} INFO - Started process (PID=1503) to work on /home/airflow/.local/lib/python3.12/site-packages/airflow/example_dags/example_python_operator.py
[2025-12-04T12:37:35.590+0000] {processor.py:914} INFO - Processing file /home/airflow/.local/lib/python3.12/site-packages/airflow/example_dags/example_python_operator.py for tasks to queue
[2025-12-04T12:37:35.593+0000] {logging_mixin.py:190} INFO - [2025-12-04T12:37:35.592+0000] {dagbag.py:588} INFO - Filling up the DagBag from /home/airflow/.local/lib/python3.12/site-packages/airflow/example_dags/example_python_operator.py
[2025-12-04T12:37:35.612+0000] {processor.py:925} INFO - DAG(s) 'example_python_operator' retrieved from /home/airflow/.local/lib/python3.12/site-packages/airflow/example_dags/example_python_operator.py
[2025-12-04T12:37:35.644+0000] {logging_mixin.py:190} INFO - [2025-12-04T12:37:35.643+0000] {dag.py:3239} INFO - Sync 1 DAGs
[2025-12-04T12:37:35.661+0000] {logging_mixin.py:190} INFO - [2025-12-04T12:37:35.661+0000] {dag.py:4180} INFO - Setting next_dagrun for example_python_operator to None, run_after=None
[2025-12-04T12:37:35.683+0000] {processor.py:208} INFO - Processing /home/airflow/.local/lib/python3.12/site-packages/airflow/example_dags/example_python_operator.py took 0.102 seconds
[2025-12-04T12:38:06.065+0000] {processor.py:186} INFO - Started process (PID=1573) to work on /home/airflow/.local/lib/python3.12/site-packages/airflow/example_dags/example_python_operator.py
[2025-12-04T12:38:06.067+0000] {processor.py:914} INFO - Processing file /home/airflow/.local/lib/python3.12/site-packages/airflow/example_dags/example_python_operator.py for tasks to queue
[2025-12-04T12:38:06.070+0000] {logging_mixin.py:190} INFO - [2025-12-04T12:38:06.069+0000] {dagbag.py:588} INFO - Filling up the DagBag from /home/airflow/.local/lib/python3.12/site-packages/airflow/example_dags/example_python_operator.py
[2025-12-04T12:38:06.092+0000] {processor.py:925} INFO - DAG(s) 'example_python_operator' retrieved from /home/airflow/.local/lib/python3.12/site-packages/airflow/example_dags/example_python_operator.py
[2025-12-04T12:38:06.129+0000] {logging_mixin.py:190} INFO - [2025-12-04T12:38:06.129+0000] {dag.py:3239} INFO - Sync 1 DAGs
[2025-12-04T12:38:06.148+0000] {logging_mixin.py:190} INFO - [2025-12-04T12:38:06.148+0000] {dag.py:4180} INFO - Setting next_dagrun for example_python_operator to None, run_after=None
[2025-12-04T12:38:06.176+0000] {processor.py:208} INFO - Processing /home/airflow/.local/lib/python3.12/site-packages/airflow/example_dags/example_python_operator.py took 0.118 seconds
[2025-12-04T12:38:36.707+0000] {processor.py:186} INFO - Started process (PID=1639) to work on /home/airflow/.local/lib/python3.12/site-packages/airflow/example_dags/example_python_operator.py
[2025-12-04T12:38:36.708+0000] {processor.py:914} INFO - Processing file /home/airflow/.local/lib/python3.12/site-packages/airflow/example_dags/example_python_operator.py for tasks to queue
[2025-12-04T12:38:36.711+0000] {logging_mixin.py:190} INFO - [2025-12-04T12:38:36.710+0000] {dagbag.py:588} INFO - Filling up the DagBag from /home/airflow/.local/lib/python3.12/site-packages/airflow/example_dags/example_python_operator.py
[2025-12-04T12:38:36.726+0000] {processor.py:925} INFO - DAG(s) 'example_python_operator' retrieved from /home/airflow/.local/lib/python3.12/site-packages/airflow/example_dags/example_python_operator.py
[2025-12-04T12:38:36.755+0000] {logging_mixin.py:190} INFO - [2025-12-04T12:38:36.755+0000] {dag.py:3239} INFO - Sync 1 DAGs
[2025-12-04T12:38:36.776+0000] {logging_mixin.py:190} INFO - [2025-12-04T12:38:36.776+0000] {dag.py:4180} INFO - Setting next_dagrun for example_python_operator to None, run_after=None
[2025-12-04T12:38:36.805+0000] {processor.py:208} INFO - Processing /home/airflow/.local/lib/python3.12/site-packages/airflow/example_dags/example_python_operator.py took 0.105 seconds
[2025-12-04T12:39:07.083+0000] {processor.py:186} INFO - Started process (PID=1705) to work on /home/airflow/.local/lib/python3.12/site-packages/airflow/example_dags/example_python_operator.py
[2025-12-04T12:39:07.083+0000] {processor.py:914} INFO - Processing file /home/airflow/.local/lib/python3.12/site-packages/airflow/example_dags/example_python_operator.py for tasks to queue
[2025-12-04T12:39:07.085+0000] {logging_mixin.py:190} INFO - [2025-12-04T12:39:07.085+0000] {dagbag.py:588} INFO - Filling up the DagBag from /home/airflow/.local/lib/python3.12/site-packages/airflow/example_dags/example_python_operator.py
[2025-12-04T12:39:07.098+0000] {processor.py:925} INFO - DAG(s) 'example_python_operator' retrieved from /home/airflow/.local/lib/python3.12/site-packages/airflow/example_dags/example_python_operator.py
[2025-12-04T12:39:07.127+0000] {logging_mixin.py:190} INFO - [2025-12-04T12:39:07.127+0000] {dag.py:3239} INFO - Sync 1 DAGs
[2025-12-04T12:39:07.147+0000] {logging_mixin.py:190} INFO - [2025-12-04T12:39:07.147+0000] {dag.py:4180} INFO - Setting next_dagrun for example_python_operator to None, run_after=None
[2025-12-04T12:39:07.168+0000] {processor.py:208} INFO - Processing /home/airflow/.local/lib/python3.12/site-packages/airflow/example_dags/example_python_operator.py took 0.091 seconds
[2025-12-04T12:39:38.018+0000] {processor.py:186} INFO - Started process (PID=1771) to work on /home/airflow/.local/lib/python3.12/site-packages/airflow/example_dags/example_python_operator.py
[2025-12-04T12:39:38.018+0000] {processor.py:914} INFO - Processing file /home/airflow/.local/lib/python3.12/site-packages/airflow/example_dags/example_python_operator.py for tasks to queue
[2025-12-04T12:39:38.020+0000] {logging_mixin.py:190} INFO - [2025-12-04T12:39:38.020+0000] {dagbag.py:588} INFO - Filling up the DagBag from /home/airflow/.local/lib/python3.12/site-packages/airflow/example_dags/example_python_operator.py
[2025-12-04T12:39:38.031+0000] {processor.py:925} INFO - DAG(s) 'example_python_operator' retrieved from /home/airflow/.local/lib/python3.12/site-packages/airflow/example_dags/example_python_operator.py
[2025-12-04T12:39:38.053+0000] {logging_mixin.py:190} INFO - [2025-12-04T12:39:38.053+0000] {dag.py:3239} INFO - Sync 1 DAGs
[2025-12-04T12:39:38.068+0000] {logging_mixin.py:190} INFO - [2025-12-04T12:39:38.068+0000] {dag.py:4180} INFO - Setting next_dagrun for example_python_operator to None, run_after=None
[2025-12-04T12:39:38.089+0000] {processor.py:208} INFO - Processing /home/airflow/.local/lib/python3.12/site-packages/airflow/example_dags/example_python_operator.py took 0.077 seconds
[2025-12-04T12:40:08.553+0000] {processor.py:186} INFO - Started process (PID=1836) to work on /home/airflow/.local/lib/python3.12/site-packages/airflow/example_dags/example_python_operator.py
[2025-12-04T12:40:08.554+0000] {processor.py:914} INFO - Processing file /home/airflow/.local/lib/python3.12/site-packages/airflow/example_dags/example_python_operator.py for tasks to queue
[2025-12-04T12:40:08.557+0000] {logging_mixin.py:190} INFO - [2025-12-04T12:40:08.557+0000] {dagbag.py:588} INFO - Filling up the DagBag from /home/airflow/.local/lib/python3.12/site-packages/airflow/example_dags/example_python_operator.py
[2025-12-04T12:40:08.575+0000] {processor.py:925} INFO - DAG(s) 'example_python_operator' retrieved from /home/airflow/.local/lib/python3.12/site-packages/airflow/example_dags/example_python_operator.py
[2025-12-04T12:40:08.601+0000] {logging_mixin.py:190} INFO - [2025-12-04T12:40:08.600+0000] {dag.py:3239} INFO - Sync 1 DAGs
[2025-12-04T12:40:08.618+0000] {logging_mixin.py:190} INFO - [2025-12-04T12:40:08.617+0000] {dag.py:4180} INFO - Setting next_dagrun for example_python_operator to None, run_after=None
[2025-12-04T12:40:08.640+0000] {processor.py:208} INFO - Processing /home/airflow/.local/lib/python3.12/site-packages/airflow/example_dags/example_python_operator.py took 0.095 seconds
[2025-12-04T12:40:39.200+0000] {processor.py:186} INFO - Started process (PID=1901) to work on /home/airflow/.local/lib/python3.12/site-packages/airflow/example_dags/example_python_operator.py
[2025-12-04T12:40:39.201+0000] {processor.py:914} INFO - Processing file /home/airflow/.local/lib/python3.12/site-packages/airflow/example_dags/example_python_operator.py for tasks to queue
[2025-12-04T12:40:39.203+0000] {logging_mixin.py:190} INFO - [2025-12-04T12:40:39.203+0000] {dagbag.py:588} INFO - Filling up the DagBag from /home/airflow/.local/lib/python3.12/site-packages/airflow/example_dags/example_python_operator.py
[2025-12-04T12:40:39.220+0000] {processor.py:925} INFO - DAG(s) 'example_python_operator' retrieved from /home/airflow/.local/lib/python3.12/site-packages/airflow/example_dags/example_python_operator.py
[2025-12-04T12:40:39.250+0000] {logging_mixin.py:190} INFO - [2025-12-04T12:40:39.249+0000] {dag.py:3239} INFO - Sync 1 DAGs
[2025-12-04T12:40:39.273+0000] {logging_mixin.py:190} INFO - [2025-12-04T12:40:39.273+0000] {dag.py:4180} INFO - Setting next_dagrun for example_python_operator to None, run_after=None
[2025-12-04T12:40:39.302+0000] {processor.py:208} INFO - Processing /home/airflow/.local/lib/python3.12/site-packages/airflow/example_dags/example_python_operator.py took 0.109 seconds
[2025-12-04T12:41:09.810+0000] {processor.py:186} INFO - Started process (PID=1967) to work on /home/airflow/.local/lib/python3.12/site-packages/airflow/example_dags/example_python_operator.py
[2025-12-04T12:41:09.812+0000] {processor.py:914} INFO - Processing file /home/airflow/.local/lib/python3.12/site-packages/airflow/example_dags/example_python_operator.py for tasks to queue
[2025-12-04T12:41:09.816+0000] {logging_mixin.py:190} INFO - [2025-12-04T12:41:09.815+0000] {dagbag.py:588} INFO - Filling up the DagBag from /home/airflow/.local/lib/python3.12/site-packages/airflow/example_dags/example_python_operator.py
[2025-12-04T12:41:09.839+0000] {processor.py:925} INFO - DAG(s) 'example_python_operator' retrieved from /home/airflow/.local/lib/python3.12/site-packages/airflow/example_dags/example_python_operator.py
[2025-12-04T12:41:09.869+0000] {logging_mixin.py:190} INFO - [2025-12-04T12:41:09.869+0000] {dag.py:3239} INFO - Sync 1 DAGs
[2025-12-04T12:41:09.889+0000] {logging_mixin.py:190} INFO - [2025-12-04T12:41:09.888+0000] {dag.py:4180} INFO - Setting next_dagrun for example_python_operator to None, run_after=None
[2025-12-04T12:41:09.914+0000] {processor.py:208} INFO - Processing /home/airflow/.local/lib/python3.12/site-packages/airflow/example_dags/example_python_operator.py took 0.114 seconds
[2025-12-04T12:41:40.022+0000] {processor.py:186} INFO - Started process (PID=2033) to work on /home/airflow/.local/lib/python3.12/site-packages/airflow/example_dags/example_python_operator.py
[2025-12-04T12:41:40.023+0000] {processor.py:914} INFO - Processing file /home/airflow/.local/lib/python3.12/site-packages/airflow/example_dags/example_python_operator.py for tasks to queue
[2025-12-04T12:41:40.025+0000] {logging_mixin.py:190} INFO - [2025-12-04T12:41:40.025+0000] {dagbag.py:588} INFO - Filling up the DagBag from /home/airflow/.local/lib/python3.12/site-packages/airflow/example_dags/example_python_operator.py
[2025-12-04T12:41:40.038+0000] {processor.py:925} INFO - DAG(s) 'example_python_operator' retrieved from /home/airflow/.local/lib/python3.12/site-packages/airflow/example_dags/example_python_operator.py
[2025-12-04T12:41:40.062+0000] {logging_mixin.py:190} INFO - [2025-12-04T12:41:40.062+0000] {dag.py:3239} INFO - Sync 1 DAGs
[2025-12-04T12:41:40.080+0000] {logging_mixin.py:190} INFO - [2025-12-04T12:41:40.080+0000] {dag.py:4180} INFO - Setting next_dagrun for example_python_operator to None, run_after=None
[2025-12-04T12:41:40.101+0000] {processor.py:208} INFO - Processing /home/airflow/.local/lib/python3.12/site-packages/airflow/example_dags/example_python_operator.py took 0.085 seconds
[2025-12-04T12:42:10.172+0000] {processor.py:186} INFO - Started process (PID=2099) to work on /home/airflow/.local/lib/python3.12/site-packages/airflow/example_dags/example_python_operator.py
[2025-12-04T12:42:10.173+0000] {processor.py:914} INFO - Processing file /home/airflow/.local/lib/python3.12/site-packages/airflow/example_dags/example_python_operator.py for tasks to queue
[2025-12-04T12:42:10.177+0000] {logging_mixin.py:190} INFO - [2025-12-04T12:42:10.176+0000] {dagbag.py:588} INFO - Filling up the DagBag from /home/airflow/.local/lib/python3.12/site-packages/airflow/example_dags/example_python_operator.py
[2025-12-04T12:42:10.198+0000] {processor.py:925} INFO - DAG(s) 'example_python_operator' retrieved from /home/airflow/.local/lib/python3.12/site-packages/airflow/example_dags/example_python_operator.py
[2025-12-04T12:42:10.226+0000] {logging_mixin.py:190} INFO - [2025-12-04T12:42:10.226+0000] {dag.py:3239} INFO - Sync 1 DAGs
[2025-12-04T12:42:10.242+0000] {logging_mixin.py:190} INFO - [2025-12-04T12:42:10.242+0000] {dag.py:4180} INFO - Setting next_dagrun for example_python_operator to None, run_after=None
[2025-12-04T12:42:10.264+0000] {processor.py:208} INFO - Processing /home/airflow/.local/lib/python3.12/site-packages/airflow/example_dags/example_python_operator.py took 0.101 seconds
[2025-12-04T12:42:41.846+0000] {processor.py:186} INFO - Started process (PID=2165) to work on /home/airflow/.local/lib/python3.12/site-packages/airflow/example_dags/example_python_operator.py
[2025-12-04T12:42:41.847+0000] {processor.py:914} INFO - Processing file /home/airflow/.local/lib/python3.12/site-packages/airflow/example_dags/example_python_operator.py for tasks to queue
[2025-12-04T12:42:41.850+0000] {logging_mixin.py:190} INFO - [2025-12-04T12:42:41.849+0000] {dagbag.py:588} INFO - Filling up the DagBag from /home/airflow/.local/lib/python3.12/site-packages/airflow/example_dags/example_python_operator.py
[2025-12-04T12:42:41.865+0000] {processor.py:925} INFO - DAG(s) 'example_python_operator' retrieved from /home/airflow/.local/lib/python3.12/site-packages/airflow/example_dags/example_python_operator.py
[2025-12-04T12:42:41.890+0000] {logging_mixin.py:190} INFO - [2025-12-04T12:42:41.890+0000] {dag.py:3239} INFO - Sync 1 DAGs
[2025-12-04T12:42:41.908+0000] {logging_mixin.py:190} INFO - [2025-12-04T12:42:41.908+0000] {dag.py:4180} INFO - Setting next_dagrun for example_python_operator to None, run_after=None
[2025-12-04T12:42:41.929+0000] {processor.py:208} INFO - Processing /home/airflow/.local/lib/python3.12/site-packages/airflow/example_dags/example_python_operator.py took 0.089 seconds
[2025-12-04T12:43:13.036+0000] {processor.py:186} INFO - Started process (PID=2226) to work on /home/airflow/.local/lib/python3.12/site-packages/airflow/example_dags/example_python_operator.py
[2025-12-04T12:43:13.037+0000] {processor.py:914} INFO - Processing file /home/airflow/.local/lib/python3.12/site-packages/airflow/example_dags/example_python_operator.py for tasks to queue
[2025-12-04T12:43:13.038+0000] {logging_mixin.py:190} INFO - [2025-12-04T12:43:13.038+0000] {dagbag.py:588} INFO - Filling up the DagBag from /home/airflow/.local/lib/python3.12/site-packages/airflow/example_dags/example_python_operator.py
[2025-12-04T12:43:13.049+0000] {processor.py:925} INFO - DAG(s) 'example_python_operator' retrieved from /home/airflow/.local/lib/python3.12/site-packages/airflow/example_dags/example_python_operator.py
[2025-12-04T12:43:13.070+0000] {logging_mixin.py:190} INFO - [2025-12-04T12:43:13.070+0000] {dag.py:3239} INFO - Sync 1 DAGs
[2025-12-04T12:43:13.084+0000] {logging_mixin.py:190} INFO - [2025-12-04T12:43:13.083+0000] {dag.py:4180} INFO - Setting next_dagrun for example_python_operator to None, run_after=None
[2025-12-04T12:43:13.100+0000] {processor.py:208} INFO - Processing /home/airflow/.local/lib/python3.12/site-packages/airflow/example_dags/example_python_operator.py took 0.070 seconds
[2025-12-04T12:43:43.591+0000] {processor.py:186} INFO - Started process (PID=2284) to work on /home/airflow/.local/lib/python3.12/site-packages/airflow/example_dags/example_python_operator.py
[2025-12-04T12:43:43.592+0000] {processor.py:914} INFO - Processing file /home/airflow/.local/lib/python3.12/site-packages/airflow/example_dags/example_python_operator.py for tasks to queue
[2025-12-04T12:43:43.594+0000] {logging_mixin.py:190} INFO - [2025-12-04T12:43:43.594+0000] {dagbag.py:588} INFO - Filling up the DagBag from /home/airflow/.local/lib/python3.12/site-packages/airflow/example_dags/example_python_operator.py
[2025-12-04T12:43:43.607+0000] {processor.py:925} INFO - DAG(s) 'example_python_operator' retrieved from /home/airflow/.local/lib/python3.12/site-packages/airflow/example_dags/example_python_operator.py
[2025-12-04T12:43:43.641+0000] {logging_mixin.py:190} INFO - [2025-12-04T12:43:43.640+0000] {dag.py:3239} INFO - Sync 1 DAGs
[2025-12-04T12:43:43.659+0000] {logging_mixin.py:190} INFO - [2025-12-04T12:43:43.658+0000] {dag.py:4180} INFO - Setting next_dagrun for example_python_operator to None, run_after=None
[2025-12-04T12:43:43.681+0000] {processor.py:208} INFO - Processing /home/airflow/.local/lib/python3.12/site-packages/airflow/example_dags/example_python_operator.py took 0.096 seconds
[2025-12-04T12:44:14.863+0000] {processor.py:186} INFO - Started process (PID=2343) to work on /home/airflow/.local/lib/python3.12/site-packages/airflow/example_dags/example_python_operator.py
[2025-12-04T12:44:14.864+0000] {processor.py:914} INFO - Processing file /home/airflow/.local/lib/python3.12/site-packages/airflow/example_dags/example_python_operator.py for tasks to queue
[2025-12-04T12:44:14.866+0000] {logging_mixin.py:190} INFO - [2025-12-04T12:44:14.866+0000] {dagbag.py:588} INFO - Filling up the DagBag from /home/airflow/.local/lib/python3.12/site-packages/airflow/example_dags/example_python_operator.py
[2025-12-04T12:44:14.880+0000] {processor.py:925} INFO - DAG(s) 'example_python_operator' retrieved from /home/airflow/.local/lib/python3.12/site-packages/airflow/example_dags/example_python_operator.py
[2025-12-04T12:44:14.905+0000] {logging_mixin.py:190} INFO - [2025-12-04T12:44:14.905+0000] {dag.py:3239} INFO - Sync 1 DAGs
[2025-12-04T12:44:14.923+0000] {logging_mixin.py:190} INFO - [2025-12-04T12:44:14.923+0000] {dag.py:4180} INFO - Setting next_dagrun for example_python_operator to None, run_after=None
[2025-12-04T12:44:14.945+0000] {processor.py:208} INFO - Processing /home/airflow/.local/lib/python3.12/site-packages/airflow/example_dags/example_python_operator.py took 0.088 seconds
[2025-12-04T12:44:45.682+0000] {processor.py:186} INFO - Started process (PID=2409) to work on /home/airflow/.local/lib/python3.12/site-packages/airflow/example_dags/example_python_operator.py
[2025-12-04T12:44:45.684+0000] {processor.py:914} INFO - Processing file /home/airflow/.local/lib/python3.12/site-packages/airflow/example_dags/example_python_operator.py for tasks to queue
[2025-12-04T12:44:45.687+0000] {logging_mixin.py:190} INFO - [2025-12-04T12:44:45.687+0000] {dagbag.py:588} INFO - Filling up the DagBag from /home/airflow/.local/lib/python3.12/site-packages/airflow/example_dags/example_python_operator.py
[2025-12-04T12:44:45.708+0000] {processor.py:925} INFO - DAG(s) 'example_python_operator' retrieved from /home/airflow/.local/lib/python3.12/site-packages/airflow/example_dags/example_python_operator.py
[2025-12-04T12:44:45.737+0000] {logging_mixin.py:190} INFO - [2025-12-04T12:44:45.737+0000] {dag.py:3239} INFO - Sync 1 DAGs
[2025-12-04T12:44:45.756+0000] {logging_mixin.py:190} INFO - [2025-12-04T12:44:45.756+0000] {dag.py:4180} INFO - Setting next_dagrun for example_python_operator to None, run_after=None
[2025-12-04T12:44:45.780+0000] {processor.py:208} INFO - Processing /home/airflow/.local/lib/python3.12/site-packages/airflow/example_dags/example_python_operator.py took 0.107 seconds
[2025-12-04T12:45:16.225+0000] {processor.py:186} INFO - Started process (PID=2471) to work on /home/airflow/.local/lib/python3.12/site-packages/airflow/example_dags/example_python_operator.py
[2025-12-04T12:45:16.226+0000] {processor.py:914} INFO - Processing file /home/airflow/.local/lib/python3.12/site-packages/airflow/example_dags/example_python_operator.py for tasks to queue
[2025-12-04T12:45:16.229+0000] {logging_mixin.py:190} INFO - [2025-12-04T12:45:16.228+0000] {dagbag.py:588} INFO - Filling up the DagBag from /home/airflow/.local/lib/python3.12/site-packages/airflow/example_dags/example_python_operator.py
[2025-12-04T12:45:16.246+0000] {processor.py:925} INFO - DAG(s) 'example_python_operator' retrieved from /home/airflow/.local/lib/python3.12/site-packages/airflow/example_dags/example_python_operator.py
[2025-12-04T12:45:16.273+0000] {logging_mixin.py:190} INFO - [2025-12-04T12:45:16.273+0000] {dag.py:3239} INFO - Sync 1 DAGs
[2025-12-04T12:45:16.296+0000] {logging_mixin.py:190} INFO - [2025-12-04T12:45:16.295+0000] {dag.py:4180} INFO - Setting next_dagrun for example_python_operator to None, run_after=None
[2025-12-04T12:45:16.321+0000] {processor.py:208} INFO - Processing /home/airflow/.local/lib/python3.12/site-packages/airflow/example_dags/example_python_operator.py took 0.104 seconds
[2025-12-04T12:45:46.632+0000] {processor.py:186} INFO - Started process (PID=2531) to work on /home/airflow/.local/lib/python3.12/site-packages/airflow/example_dags/example_python_operator.py
[2025-12-04T12:45:46.633+0000] {processor.py:914} INFO - Processing file /home/airflow/.local/lib/python3.12/site-packages/airflow/example_dags/example_python_operator.py for tasks to queue
[2025-12-04T12:45:46.636+0000] {logging_mixin.py:190} INFO - [2025-12-04T12:45:46.635+0000] {dagbag.py:588} INFO - Filling up the DagBag from /home/airflow/.local/lib/python3.12/site-packages/airflow/example_dags/example_python_operator.py
[2025-12-04T12:45:46.654+0000] {processor.py:925} INFO - DAG(s) 'example_python_operator' retrieved from /home/airflow/.local/lib/python3.12/site-packages/airflow/example_dags/example_python_operator.py
[2025-12-04T12:45:46.687+0000] {logging_mixin.py:190} INFO - [2025-12-04T12:45:46.686+0000] {dag.py:3239} INFO - Sync 1 DAGs
[2025-12-04T12:45:46.707+0000] {logging_mixin.py:190} INFO - [2025-12-04T12:45:46.706+0000] {dag.py:4180} INFO - Setting next_dagrun for example_python_operator to None, run_after=None
[2025-12-04T12:45:46.732+0000] {processor.py:208} INFO - Processing /home/airflow/.local/lib/python3.12/site-packages/airflow/example_dags/example_python_operator.py took 0.108 seconds
[2025-12-04T12:46:17.092+0000] {processor.py:186} INFO - Started process (PID=2593) to work on /home/airflow/.local/lib/python3.12/site-packages/airflow/example_dags/example_python_operator.py
[2025-12-04T12:46:17.093+0000] {processor.py:914} INFO - Processing file /home/airflow/.local/lib/python3.12/site-packages/airflow/example_dags/example_python_operator.py for tasks to queue
[2025-12-04T12:46:17.095+0000] {logging_mixin.py:190} INFO - [2025-12-04T12:46:17.095+0000] {dagbag.py:588} INFO - Filling up the DagBag from /home/airflow/.local/lib/python3.12/site-packages/airflow/example_dags/example_python_operator.py
[2025-12-04T12:46:17.110+0000] {processor.py:925} INFO - DAG(s) 'example_python_operator' retrieved from /home/airflow/.local/lib/python3.12/site-packages/airflow/example_dags/example_python_operator.py
[2025-12-04T12:46:17.139+0000] {logging_mixin.py:190} INFO - [2025-12-04T12:46:17.139+0000] {dag.py:3239} INFO - Sync 1 DAGs
[2025-12-04T12:46:17.159+0000] {logging_mixin.py:190} INFO - [2025-12-04T12:46:17.159+0000] {dag.py:4180} INFO - Setting next_dagrun for example_python_operator to None, run_after=None
[2025-12-04T12:46:17.186+0000] {processor.py:208} INFO - Processing /home/airflow/.local/lib/python3.12/site-packages/airflow/example_dags/example_python_operator.py took 0.101 seconds
[2025-12-04T12:49:35.241+0000] {processor.py:186} INFO - Started process (PID=49) to work on /home/airflow/.local/lib/python3.12/site-packages/airflow/example_dags/example_python_operator.py
[2025-12-04T12:49:35.242+0000] {processor.py:914} INFO - Processing file /home/airflow/.local/lib/python3.12/site-packages/airflow/example_dags/example_python_operator.py for tasks to queue
[2025-12-04T12:49:35.244+0000] {logging_mixin.py:190} INFO - [2025-12-04T12:49:35.244+0000] {dagbag.py:588} INFO - Filling up the DagBag from /home/airflow/.local/lib/python3.12/site-packages/airflow/example_dags/example_python_operator.py
[2025-12-04T12:49:35.256+0000] {processor.py:925} INFO - DAG(s) 'example_python_operator' retrieved from /home/airflow/.local/lib/python3.12/site-packages/airflow/example_dags/example_python_operator.py
[2025-12-04T12:49:35.356+0000] {logging_mixin.py:190} INFO - [2025-12-04T12:49:35.355+0000] {override.py:1912} INFO - Created Permission View: can edit on DAG:example_python_operator
[2025-12-04T12:49:35.367+0000] {logging_mixin.py:190} INFO - [2025-12-04T12:49:35.367+0000] {override.py:1912} INFO - Created Permission View: can delete on DAG:example_python_operator
[2025-12-04T12:49:35.375+0000] {logging_mixin.py:190} INFO - [2025-12-04T12:49:35.374+0000] {override.py:1912} INFO - Created Permission View: can read on DAG:example_python_operator
[2025-12-04T12:49:35.383+0000] {logging_mixin.py:190} INFO - [2025-12-04T12:49:35.382+0000] {override.py:1912} INFO - Created Permission View: can delete on DAG Run:example_python_operator
[2025-12-04T12:49:35.394+0000] {logging_mixin.py:190} INFO - [2025-12-04T12:49:35.393+0000] {override.py:1912} INFO - Created Permission View: can create on DAG Run:example_python_operator
[2025-12-04T12:49:35.403+0000] {logging_mixin.py:190} INFO - [2025-12-04T12:49:35.402+0000] {override.py:1912} INFO - Created Permission View: can read on DAG Run:example_python_operator
[2025-12-04T12:49:35.411+0000] {logging_mixin.py:190} INFO - [2025-12-04T12:49:35.411+0000] {override.py:1912} INFO - Created Permission View: menu access on DAG Run:example_python_operator
[2025-12-04T12:49:35.411+0000] {logging_mixin.py:190} INFO - [2025-12-04T12:49:35.411+0000] {dag.py:3239} INFO - Sync 1 DAGs
[2025-12-04T12:49:35.426+0000] {logging_mixin.py:190} INFO - [2025-12-04T12:49:35.426+0000] {dag.py:3262} INFO - Creating ORM DAG for example_python_operator
[2025-12-04T12:49:35.427+0000] {logging_mixin.py:190} INFO - [2025-12-04T12:49:35.427+0000] {dag.py:4180} INFO - Setting next_dagrun for example_python_operator to None, run_after=None
[2025-12-04T12:49:35.447+0000] {processor.py:208} INFO - Processing /home/airflow/.local/lib/python3.12/site-packages/airflow/example_dags/example_python_operator.py took 0.212 seconds
[2025-12-04T12:50:06.112+0000] {processor.py:186} INFO - Started process (PID=114) to work on /home/airflow/.local/lib/python3.12/site-packages/airflow/example_dags/example_python_operator.py
[2025-12-04T12:50:06.113+0000] {processor.py:914} INFO - Processing file /home/airflow/.local/lib/python3.12/site-packages/airflow/example_dags/example_python_operator.py for tasks to queue
[2025-12-04T12:50:06.115+0000] {logging_mixin.py:190} INFO - [2025-12-04T12:50:06.115+0000] {dagbag.py:588} INFO - Filling up the DagBag from /home/airflow/.local/lib/python3.12/site-packages/airflow/example_dags/example_python_operator.py
[2025-12-04T12:50:06.131+0000] {processor.py:925} INFO - DAG(s) 'example_python_operator' retrieved from /home/airflow/.local/lib/python3.12/site-packages/airflow/example_dags/example_python_operator.py
[2025-12-04T12:50:06.166+0000] {logging_mixin.py:190} INFO - [2025-12-04T12:50:06.166+0000] {dag.py:3239} INFO - Sync 1 DAGs
[2025-12-04T12:50:06.187+0000] {logging_mixin.py:190} INFO - [2025-12-04T12:50:06.187+0000] {dag.py:4180} INFO - Setting next_dagrun for example_python_operator to None, run_after=None
[2025-12-04T12:50:06.216+0000] {processor.py:208} INFO - Processing /home/airflow/.local/lib/python3.12/site-packages/airflow/example_dags/example_python_operator.py took 0.112 seconds
[2025-12-04T12:50:36.938+0000] {processor.py:186} INFO - Started process (PID=180) to work on /home/airflow/.local/lib/python3.12/site-packages/airflow/example_dags/example_python_operator.py
[2025-12-04T12:50:36.939+0000] {processor.py:914} INFO - Processing file /home/airflow/.local/lib/python3.12/site-packages/airflow/example_dags/example_python_operator.py for tasks to queue
[2025-12-04T12:50:36.942+0000] {logging_mixin.py:190} INFO - [2025-12-04T12:50:36.942+0000] {dagbag.py:588} INFO - Filling up the DagBag from /home/airflow/.local/lib/python3.12/site-packages/airflow/example_dags/example_python_operator.py
[2025-12-04T12:50:36.958+0000] {processor.py:925} INFO - DAG(s) 'example_python_operator' retrieved from /home/airflow/.local/lib/python3.12/site-packages/airflow/example_dags/example_python_operator.py
[2025-12-04T12:50:36.995+0000] {logging_mixin.py:190} INFO - [2025-12-04T12:50:36.995+0000] {dag.py:3239} INFO - Sync 1 DAGs
[2025-12-04T12:50:37.018+0000] {logging_mixin.py:190} INFO - [2025-12-04T12:50:37.017+0000] {dag.py:4180} INFO - Setting next_dagrun for example_python_operator to None, run_after=None
[2025-12-04T12:50:37.051+0000] {processor.py:208} INFO - Processing /home/airflow/.local/lib/python3.12/site-packages/airflow/example_dags/example_python_operator.py took 0.120 seconds
[2025-12-04T12:51:07.105+0000] {processor.py:186} INFO - Started process (PID=245) to work on /home/airflow/.local/lib/python3.12/site-packages/airflow/example_dags/example_python_operator.py
[2025-12-04T12:51:07.106+0000] {processor.py:914} INFO - Processing file /home/airflow/.local/lib/python3.12/site-packages/airflow/example_dags/example_python_operator.py for tasks to queue
[2025-12-04T12:51:07.108+0000] {logging_mixin.py:190} INFO - [2025-12-04T12:51:07.108+0000] {dagbag.py:588} INFO - Filling up the DagBag from /home/airflow/.local/lib/python3.12/site-packages/airflow/example_dags/example_python_operator.py
[2025-12-04T12:51:07.121+0000] {processor.py:925} INFO - DAG(s) 'example_python_operator' retrieved from /home/airflow/.local/lib/python3.12/site-packages/airflow/example_dags/example_python_operator.py
[2025-12-04T12:51:07.145+0000] {logging_mixin.py:190} INFO - [2025-12-04T12:51:07.145+0000] {dag.py:3239} INFO - Sync 1 DAGs
[2025-12-04T12:51:07.161+0000] {logging_mixin.py:190} INFO - [2025-12-04T12:51:07.161+0000] {dag.py:4180} INFO - Setting next_dagrun for example_python_operator to None, run_after=None
[2025-12-04T12:51:07.183+0000] {processor.py:208} INFO - Processing /home/airflow/.local/lib/python3.12/site-packages/airflow/example_dags/example_python_operator.py took 0.085 seconds
[2025-12-04T12:51:37.625+0000] {processor.py:186} INFO - Started process (PID=324) to work on /home/airflow/.local/lib/python3.12/site-packages/airflow/example_dags/example_python_operator.py
[2025-12-04T12:51:37.627+0000] {processor.py:914} INFO - Processing file /home/airflow/.local/lib/python3.12/site-packages/airflow/example_dags/example_python_operator.py for tasks to queue
[2025-12-04T12:51:37.630+0000] {logging_mixin.py:190} INFO - [2025-12-04T12:51:37.629+0000] {dagbag.py:588} INFO - Filling up the DagBag from /home/airflow/.local/lib/python3.12/site-packages/airflow/example_dags/example_python_operator.py
[2025-12-04T12:51:37.646+0000] {processor.py:925} INFO - DAG(s) 'example_python_operator' retrieved from /home/airflow/.local/lib/python3.12/site-packages/airflow/example_dags/example_python_operator.py
[2025-12-04T12:51:37.681+0000] {logging_mixin.py:190} INFO - [2025-12-04T12:51:37.681+0000] {dag.py:3239} INFO - Sync 1 DAGs
[2025-12-04T12:51:37.704+0000] {logging_mixin.py:190} INFO - [2025-12-04T12:51:37.703+0000] {dag.py:4180} INFO - Setting next_dagrun for example_python_operator to None, run_after=None
[2025-12-04T12:51:37.734+0000] {processor.py:208} INFO - Processing /home/airflow/.local/lib/python3.12/site-packages/airflow/example_dags/example_python_operator.py took 0.118 seconds
[2025-12-04T12:52:07.789+0000] {processor.py:186} INFO - Started process (PID=397) to work on /home/airflow/.local/lib/python3.12/site-packages/airflow/example_dags/example_python_operator.py
[2025-12-04T12:52:07.790+0000] {processor.py:914} INFO - Processing file /home/airflow/.local/lib/python3.12/site-packages/airflow/example_dags/example_python_operator.py for tasks to queue
[2025-12-04T12:52:07.791+0000] {logging_mixin.py:190} INFO - [2025-12-04T12:52:07.791+0000] {dagbag.py:588} INFO - Filling up the DagBag from /home/airflow/.local/lib/python3.12/site-packages/airflow/example_dags/example_python_operator.py
[2025-12-04T12:52:07.802+0000] {processor.py:925} INFO - DAG(s) 'example_python_operator' retrieved from /home/airflow/.local/lib/python3.12/site-packages/airflow/example_dags/example_python_operator.py
[2025-12-04T12:52:07.822+0000] {logging_mixin.py:190} INFO - [2025-12-04T12:52:07.822+0000] {dag.py:3239} INFO - Sync 1 DAGs
[2025-12-04T12:52:07.837+0000] {logging_mixin.py:190} INFO - [2025-12-04T12:52:07.837+0000] {dag.py:4180} INFO - Setting next_dagrun for example_python_operator to None, run_after=None
[2025-12-04T12:52:07.858+0000] {processor.py:208} INFO - Processing /home/airflow/.local/lib/python3.12/site-packages/airflow/example_dags/example_python_operator.py took 0.074 seconds
[2025-12-04T12:52:38.800+0000] {processor.py:186} INFO - Started process (PID=464) to work on /home/airflow/.local/lib/python3.12/site-packages/airflow/example_dags/example_python_operator.py
[2025-12-04T12:52:38.801+0000] {processor.py:914} INFO - Processing file /home/airflow/.local/lib/python3.12/site-packages/airflow/example_dags/example_python_operator.py for tasks to queue
[2025-12-04T12:52:38.805+0000] {logging_mixin.py:190} INFO - [2025-12-04T12:52:38.804+0000] {dagbag.py:588} INFO - Filling up the DagBag from /home/airflow/.local/lib/python3.12/site-packages/airflow/example_dags/example_python_operator.py
[2025-12-04T12:52:38.824+0000] {processor.py:925} INFO - DAG(s) 'example_python_operator' retrieved from /home/airflow/.local/lib/python3.12/site-packages/airflow/example_dags/example_python_operator.py
[2025-12-04T12:52:38.851+0000] {logging_mixin.py:190} INFO - [2025-12-04T12:52:38.850+0000] {dag.py:3239} INFO - Sync 1 DAGs
[2025-12-04T12:52:38.869+0000] {logging_mixin.py:190} INFO - [2025-12-04T12:52:38.869+0000] {dag.py:4180} INFO - Setting next_dagrun for example_python_operator to None, run_after=None
[2025-12-04T12:52:38.896+0000] {processor.py:208} INFO - Processing /home/airflow/.local/lib/python3.12/site-packages/airflow/example_dags/example_python_operator.py took 0.105 seconds
[2025-12-04T12:53:08.939+0000] {processor.py:186} INFO - Started process (PID=529) to work on /home/airflow/.local/lib/python3.12/site-packages/airflow/example_dags/example_python_operator.py
[2025-12-04T12:53:08.940+0000] {processor.py:914} INFO - Processing file /home/airflow/.local/lib/python3.12/site-packages/airflow/example_dags/example_python_operator.py for tasks to queue
[2025-12-04T12:53:08.942+0000] {logging_mixin.py:190} INFO - [2025-12-04T12:53:08.942+0000] {dagbag.py:588} INFO - Filling up the DagBag from /home/airflow/.local/lib/python3.12/site-packages/airflow/example_dags/example_python_operator.py
[2025-12-04T12:53:08.955+0000] {processor.py:925} INFO - DAG(s) 'example_python_operator' retrieved from /home/airflow/.local/lib/python3.12/site-packages/airflow/example_dags/example_python_operator.py
[2025-12-04T12:53:08.979+0000] {logging_mixin.py:190} INFO - [2025-12-04T12:53:08.979+0000] {dag.py:3239} INFO - Sync 1 DAGs
[2025-12-04T12:53:08.995+0000] {logging_mixin.py:190} INFO - [2025-12-04T12:53:08.995+0000] {dag.py:4180} INFO - Setting next_dagrun for example_python_operator to None, run_after=None
[2025-12-04T12:53:09.016+0000] {processor.py:208} INFO - Processing /home/airflow/.local/lib/python3.12/site-packages/airflow/example_dags/example_python_operator.py took 0.083 seconds
[2025-12-04T12:53:39.587+0000] {processor.py:186} INFO - Started process (PID=596) to work on /home/airflow/.local/lib/python3.12/site-packages/airflow/example_dags/example_python_operator.py
[2025-12-04T12:53:39.588+0000] {processor.py:914} INFO - Processing file /home/airflow/.local/lib/python3.12/site-packages/airflow/example_dags/example_python_operator.py for tasks to queue
[2025-12-04T12:53:39.590+0000] {logging_mixin.py:190} INFO - [2025-12-04T12:53:39.590+0000] {dagbag.py:588} INFO - Filling up the DagBag from /home/airflow/.local/lib/python3.12/site-packages/airflow/example_dags/example_python_operator.py
[2025-12-04T12:53:39.602+0000] {processor.py:925} INFO - DAG(s) 'example_python_operator' retrieved from /home/airflow/.local/lib/python3.12/site-packages/airflow/example_dags/example_python_operator.py
[2025-12-04T12:53:39.627+0000] {logging_mixin.py:190} INFO - [2025-12-04T12:53:39.627+0000] {dag.py:3239} INFO - Sync 1 DAGs
[2025-12-04T12:53:39.647+0000] {logging_mixin.py:190} INFO - [2025-12-04T12:53:39.646+0000] {dag.py:4180} INFO - Setting next_dagrun for example_python_operator to None, run_after=None
[2025-12-04T12:53:39.670+0000] {processor.py:208} INFO - Processing /home/airflow/.local/lib/python3.12/site-packages/airflow/example_dags/example_python_operator.py took 0.088 seconds
[2025-12-04T12:54:09.961+0000] {processor.py:186} INFO - Started process (PID=662) to work on /home/airflow/.local/lib/python3.12/site-packages/airflow/example_dags/example_python_operator.py
[2025-12-04T12:54:09.962+0000] {processor.py:914} INFO - Processing file /home/airflow/.local/lib/python3.12/site-packages/airflow/example_dags/example_python_operator.py for tasks to queue
[2025-12-04T12:54:09.965+0000] {logging_mixin.py:190} INFO - [2025-12-04T12:54:09.965+0000] {dagbag.py:588} INFO - Filling up the DagBag from /home/airflow/.local/lib/python3.12/site-packages/airflow/example_dags/example_python_operator.py
[2025-12-04T12:54:09.982+0000] {processor.py:925} INFO - DAG(s) 'example_python_operator' retrieved from /home/airflow/.local/lib/python3.12/site-packages/airflow/example_dags/example_python_operator.py
[2025-12-04T12:54:10.011+0000] {logging_mixin.py:190} INFO - [2025-12-04T12:54:10.010+0000] {dag.py:3239} INFO - Sync 1 DAGs
[2025-12-04T12:54:10.032+0000] {logging_mixin.py:190} INFO - [2025-12-04T12:54:10.031+0000] {dag.py:4180} INFO - Setting next_dagrun for example_python_operator to None, run_after=None
[2025-12-04T12:54:10.058+0000] {processor.py:208} INFO - Processing /home/airflow/.local/lib/python3.12/site-packages/airflow/example_dags/example_python_operator.py took 0.104 seconds
[2025-12-04T12:54:40.547+0000] {processor.py:186} INFO - Started process (PID=728) to work on /home/airflow/.local/lib/python3.12/site-packages/airflow/example_dags/example_python_operator.py
[2025-12-04T12:54:40.548+0000] {processor.py:914} INFO - Processing file /home/airflow/.local/lib/python3.12/site-packages/airflow/example_dags/example_python_operator.py for tasks to queue
[2025-12-04T12:54:40.551+0000] {logging_mixin.py:190} INFO - [2025-12-04T12:54:40.551+0000] {dagbag.py:588} INFO - Filling up the DagBag from /home/airflow/.local/lib/python3.12/site-packages/airflow/example_dags/example_python_operator.py
[2025-12-04T12:54:40.570+0000] {processor.py:925} INFO - DAG(s) 'example_python_operator' retrieved from /home/airflow/.local/lib/python3.12/site-packages/airflow/example_dags/example_python_operator.py
[2025-12-04T12:54:40.601+0000] {logging_mixin.py:190} INFO - [2025-12-04T12:54:40.600+0000] {dag.py:3239} INFO - Sync 1 DAGs
[2025-12-04T12:54:40.621+0000] {logging_mixin.py:190} INFO - [2025-12-04T12:54:40.621+0000] {dag.py:4180} INFO - Setting next_dagrun for example_python_operator to None, run_after=None
[2025-12-04T12:54:40.649+0000] {processor.py:208} INFO - Processing /home/airflow/.local/lib/python3.12/site-packages/airflow/example_dags/example_python_operator.py took 0.109 seconds
