[2025-12-04T12:51:32.278+0000] {local_task_job_runner.py:123} INFO - ::group::Pre task execution logs
[2025-12-04T12:51:32.459+0000] {taskinstance.py:2614} INFO - Dependencies all met for dep_context=non-requeueable deps ti=<TaskInstance: init_data.generate_random_employees manual__2025-12-04T12:51:29.187203+00:00 [queued]>
[2025-12-04T12:51:32.469+0000] {taskinstance.py:2614} INFO - Dependencies all met for dep_context=requeueable deps ti=<TaskInstance: init_data.generate_random_employees manual__2025-12-04T12:51:29.187203+00:00 [queued]>
[2025-12-04T12:51:32.470+0000] {taskinstance.py:2867} INFO - Starting attempt 1 of 1
[2025-12-04T12:51:32.487+0000] {taskinstance.py:2890} INFO - Executing <Task(PythonOperator): generate_random_employees> on 2025-12-04 12:51:29.187203+00:00
[2025-12-04T12:51:32.496+0000] {warnings.py:112} WARNING - /home/***/.local/lib/python3.12/site-packages/***/task/task_runner/standard_task_runner.py:70: DeprecationWarning: This process (pid=101) is multi-threaded, use of fork() may lead to deadlocks in the child.
  pid = os.fork()

[2025-12-04T12:51:32.498+0000] {standard_task_runner.py:72} INFO - Started process 107 to run task
[2025-12-04T12:51:32.498+0000] {standard_task_runner.py:104} INFO - Running: ['***', 'tasks', 'run', 'init_data', 'generate_random_employees', 'manual__2025-12-04T12:51:29.187203+00:00', '--job-id', '7', '--raw', '--subdir', 'DAGS_FOLDER/init_data.py', '--cfg-path', '/tmp/tmpligijbo5']
[2025-12-04T12:51:32.499+0000] {standard_task_runner.py:105} INFO - Job 7: Subtask generate_random_employees
[2025-12-04T12:51:32.548+0000] {task_command.py:467} INFO - Running <TaskInstance: init_data.generate_random_employees manual__2025-12-04T12:51:29.187203+00:00 [running]> on host 598e02b62824
[2025-12-04T12:51:32.645+0000] {taskinstance.py:3134} INFO - Exporting env vars: AIRFLOW_CTX_DAG_OWNER='***' AIRFLOW_CTX_DAG_ID='init_data' AIRFLOW_CTX_TASK_ID='generate_random_employees' AIRFLOW_CTX_EXECUTION_DATE='2025-12-04T12:51:29.187203+00:00' AIRFLOW_CTX_TRY_NUMBER='1' AIRFLOW_CTX_DAG_RUN_ID='manual__2025-12-04T12:51:29.187203+00:00'
[2025-12-04T12:51:32.646+0000] {logging_mixin.py:190} INFO - Task instance is in running state
[2025-12-04T12:51:32.647+0000] {logging_mixin.py:190} INFO -  Previous state of the Task instance: queued
[2025-12-04T12:51:32.647+0000] {logging_mixin.py:190} INFO - Current task name:generate_random_employees state:running start_date:2025-12-04 12:51:32.459855+00:00
[2025-12-04T12:51:32.647+0000] {logging_mixin.py:190} INFO - Dag name:init_data and current dag run status:running
[2025-12-04T12:51:32.647+0000] {taskinstance.py:732} INFO - ::endgroup::
[2025-12-04T12:51:32.657+0000] {base.py:84} INFO - Retrieving connection '***_db'
[2025-12-04T12:51:32.657+0000] {sql.py:186} WARNING - This setter is for backward compatibility and should not be used.
Since the introduction of connection property, the providers listed below breaks due to assigning value to self.connection in their __init__ method.
* apache-***-providers-mysql<5.7.1
* apache-***-providers-elasticsearch<5.5.1
* apache-***-providers-postgres<5.13.0
[2025-12-04T12:51:32.694+0000] {logging_mixin.py:190} INFO - Вставлен пакет записей с 1 по 1000 (1000 записей)
[2025-12-04T12:51:32.738+0000] {logging_mixin.py:190} INFO - Вставлен пакет записей с 1001 по 2000 (1000 записей)
[2025-12-04T12:51:32.766+0000] {logging_mixin.py:190} INFO - Вставлен пакет записей с 2001 по 3000 (1000 записей)
[2025-12-04T12:51:32.818+0000] {logging_mixin.py:190} INFO - Вставлен пакет записей с 3001 по 4000 (1000 записей)
[2025-12-04T12:51:32.865+0000] {logging_mixin.py:190} INFO - Вставлен пакет записей с 4001 по 5000 (1000 записей)
[2025-12-04T12:51:32.894+0000] {logging_mixin.py:190} INFO - Вставлен пакет записей с 5001 по 6000 (1000 записей)
[2025-12-04T12:51:32.922+0000] {logging_mixin.py:190} INFO - Вставлен пакет записей с 6001 по 7000 (1000 записей)
[2025-12-04T12:51:32.949+0000] {logging_mixin.py:190} INFO - Вставлен пакет записей с 7001 по 8000 (1000 записей)
[2025-12-04T12:51:32.977+0000] {logging_mixin.py:190} INFO - Вставлен пакет записей с 8001 по 9000 (1000 записей)
[2025-12-04T12:51:33.005+0000] {logging_mixin.py:190} INFO - Вставлен пакет записей с 9001 по 10000 (1000 записей)
[2025-12-04T12:51:33.005+0000] {logging_mixin.py:190} INFO - Всего вставлено записей: 10000
[2025-12-04T12:51:33.006+0000] {python.py:240} INFO - Done. Returned value was: Успешно сгенерировано и вставлено 10000 записей о сотрудниках
[2025-12-04T12:51:33.033+0000] {taskinstance.py:341} INFO - ::group::Post task execution logs
[2025-12-04T12:51:33.034+0000] {taskinstance.py:353} INFO - Marking task as SUCCESS. dag_id=init_data, task_id=generate_random_employees, run_id=manual__2025-12-04T12:51:29.187203+00:00, execution_date=20251204T125129, start_date=20251204T125132, end_date=20251204T125133
[2025-12-04T12:51:33.064+0000] {logging_mixin.py:190} INFO - Task instance in success state
[2025-12-04T12:51:33.065+0000] {logging_mixin.py:190} INFO -  Previous state of the Task instance: running
[2025-12-04T12:51:33.065+0000] {logging_mixin.py:190} INFO - Dag name:init_data queued_at:2025-12-04 12:51:29.217177+00:00
[2025-12-04T12:51:33.065+0000] {logging_mixin.py:190} INFO - Task hostname:598e02b62824 operator:PythonOperator
[2025-12-04T12:51:33.113+0000] {local_task_job_runner.py:266} INFO - Task exited with return code 0
[2025-12-04T12:51:33.131+0000] {taskinstance.py:3901} INFO - 0 downstream tasks scheduled from follow-on schedule check
[2025-12-04T12:51:33.132+0000] {local_task_job_runner.py:245} INFO - ::endgroup::
