[2025-11-20T11:58:06.467+0000] {manager.py:483} INFO - Processing files using up to 2 processes at a time 
[2025-11-20T11:58:06.468+0000] {manager.py:484} INFO - Process each file at most once every 30 seconds
[2025-11-20T11:58:06.469+0000] {manager.py:485} INFO - Checking for new files in /opt/airflow/dags every 300 seconds
[2025-11-20T11:58:06.470+0000] {manager.py:821} INFO - Searching for files in /opt/airflow/dags
[2025-11-20T11:58:06.798+0000] {manager.py:824} INFO - There are 7 files in /opt/airflow/dags
[2025-11-20T11:58:07.025+0000] {manager.py:997} INFO - 
================================================================================
DAG File Processing Stats

File Path                               PID  Runtime      # DAGs    # Errors  Last Runtime    Last Run      Last # of DB Queries
------------------------------------  -----  ---------  --------  ----------  --------------  ----------  ----------------------
/opt/airflow/dags/init_schema.py         51  0.08s             0           0                                                   0
/opt/airflow/dags/my_test_dag.py         52  0.05s             0           0                                                   0
/opt/airflow/dags/provide_context.py                           0           0                                                   0
/opt/airflow/dags/run_func.py                                  0           0                                                   0
/opt/airflow/dags/some_test.py                                 0           0                                                   0
/opt/airflow/dags/test.py                                      0           0                                                   0
/opt/airflow/dags/test_downstream.py                           0           0                                                   0
================================================================================
[2025-11-20T11:58:37.230+0000] {manager.py:997} INFO - 
================================================================================
DAG File Processing Stats

File Path                             PID    Runtime      # DAGs    # Errors  Last Runtime    Last Run               Last # of DB Queries
------------------------------------  -----  ---------  --------  ----------  --------------  -------------------  ----------------------
/opt/airflow/dags/test_downstream.py                           1           0  0.32s           2025-11-20T11:58:07                      12
/opt/airflow/dags/init_schema.py                               1           0  0.32s           2025-11-20T11:58:07                      12
/opt/airflow/dags/run_func.py                                  1           0  0.31s           2025-11-20T11:58:07                      12
/opt/airflow/dags/my_test_dag.py                               1           0  0.29s           2025-11-20T11:58:07                      12
/opt/airflow/dags/test.py                                      1           0  0.28s           2025-11-20T11:58:07                      12
/opt/airflow/dags/some_test.py                                 1           0  0.22s           2025-11-20T11:58:08                      12
/opt/airflow/dags/provide_context.py                           1           0  0.19s           2025-11-20T11:58:08                      12
================================================================================
[2025-11-20T11:59:07.393+0000] {manager.py:997} INFO - 
================================================================================
DAG File Processing Stats

File Path                             PID    Runtime      # DAGs    # Errors  Last Runtime    Last Run               Last # of DB Queries
------------------------------------  -----  ---------  --------  ----------  --------------  -------------------  ----------------------
/opt/airflow/dags/my_test_dag.py                               1           0  0.32s           2025-11-20T11:58:38                      12
/opt/airflow/dags/init_schema.py                               1           0  0.29s           2025-11-20T11:58:38                      12
/opt/airflow/dags/provide_context.py                           1           0  0.29s           2025-11-20T11:58:39                      12
/opt/airflow/dags/test_downstream.py                           1           0  0.27s           2025-11-20T11:58:38                      12
/opt/airflow/dags/test.py                                      1           0  0.26s           2025-11-20T11:58:38                      12
/opt/airflow/dags/run_func.py                                  1           0  0.24s           2025-11-20T11:58:38                      12
/opt/airflow/dags/some_test.py                                 1           0  0.23s           2025-11-20T11:58:39                      12
================================================================================
[2025-11-20T11:59:37.529+0000] {manager.py:997} INFO - 
================================================================================
DAG File Processing Stats

File Path                             PID    Runtime      # DAGs    # Errors  Last Runtime    Last Run               Last # of DB Queries
------------------------------------  -----  ---------  --------  ----------  --------------  -------------------  ----------------------
/opt/airflow/dags/init_schema.py                               1           0  0.32s           2025-11-20T11:59:08                      12
/opt/airflow/dags/my_test_dag.py                               1           0  0.23s           2025-11-20T11:59:08                      12
/opt/airflow/dags/run_func.py                                  1           0  0.22s           2025-11-20T11:59:09                      12
/opt/airflow/dags/some_test.py                                 1           0  0.21s           2025-11-20T11:59:10                      12
/opt/airflow/dags/provide_context.py                           1           0  0.19s           2025-11-20T11:59:10                      12
/opt/airflow/dags/test.py                                      1           0  0.17s           2025-11-20T11:59:08                      12
/opt/airflow/dags/test_downstream.py                           1           0  0.17s           2025-11-20T11:59:09                      12
================================================================================
[2025-11-20T12:00:07.617+0000] {manager.py:997} INFO - 
================================================================================
DAG File Processing Stats

File Path                             PID    Runtime      # DAGs    # Errors  Last Runtime    Last Run               Last # of DB Queries
------------------------------------  -----  ---------  --------  ----------  --------------  -------------------  ----------------------
/opt/airflow/dags/some_test.py                                 1           0  0.37s           2025-11-20T11:59:40                      12
/opt/airflow/dags/test_downstream.py                           1           0  0.31s           2025-11-20T11:59:40                      12
/opt/airflow/dags/init_schema.py                               1           0  0.29s           2025-11-20T11:59:39                      12
/opt/airflow/dags/my_test_dag.py                               1           0  0.29s           2025-11-20T11:59:39                      12
/opt/airflow/dags/test.py                                      1           0  0.26s           2025-11-20T11:59:39                      12
/opt/airflow/dags/run_func.py                                  1           0  0.26s           2025-11-20T11:59:40                      12
/opt/airflow/dags/provide_context.py                           1           0  0.21s           2025-11-20T11:59:41                      12
================================================================================
[2025-11-20T12:00:37.725+0000] {manager.py:997} INFO - 
================================================================================
DAG File Processing Stats

File Path                             PID    Runtime      # DAGs    # Errors  Last Runtime    Last Run               Last # of DB Queries
------------------------------------  -----  ---------  --------  ----------  --------------  -------------------  ----------------------
/opt/airflow/dags/test.py                                      1           0  0.45s           2025-11-20T12:00:10                      12
/opt/airflow/dags/provide_context.py                           1           0  0.31s           2025-11-20T12:00:11                      12
/opt/airflow/dags/my_test_dag.py                               1           0  0.31s           2025-11-20T12:00:10                      12
/opt/airflow/dags/init_schema.py                               1           0  0.30s           2025-11-20T12:00:10                      12
/opt/airflow/dags/run_func.py                                  1           0  0.28s           2025-11-20T12:00:11                      12
/opt/airflow/dags/test_downstream.py                           1           0  0.22s           2025-11-20T12:00:11                      12
/opt/airflow/dags/some_test.py                                 1           0  0.19s           2025-11-20T12:00:11                      12
================================================================================
[2025-11-20T12:01:08.328+0000] {manager.py:997} INFO - 
================================================================================
DAG File Processing Stats

File Path                             PID    Runtime      # DAGs    # Errors  Last Runtime    Last Run               Last # of DB Queries
------------------------------------  -----  ---------  --------  ----------  --------------  -------------------  ----------------------
/opt/airflow/dags/init_schema.py                               1           0  0.48s           2025-11-20T12:00:41                      12
/opt/airflow/dags/provide_context.py                           1           0  0.26s           2025-11-20T12:00:42                      12
/opt/airflow/dags/test_downstream.py                           1           0  0.25s           2025-11-20T12:00:41                      12
/opt/airflow/dags/run_func.py                                  1           0  0.25s           2025-11-20T12:00:41                      12
/opt/airflow/dags/some_test.py                                 1           0  0.24s           2025-11-20T12:00:41                      12
/opt/airflow/dags/my_test_dag.py                               1           0  0.20s           2025-11-20T12:00:41                      12
/opt/airflow/dags/test.py                                      1           0  0.19s           2025-11-20T12:00:41                      12
================================================================================
[2025-11-20T12:01:38.871+0000] {manager.py:997} INFO - 
================================================================================
DAG File Processing Stats

File Path                             PID    Runtime      # DAGs    # Errors  Last Runtime    Last Run               Last # of DB Queries
------------------------------------  -----  ---------  --------  ----------  --------------  -------------------  ----------------------
/opt/airflow/dags/init_schema.py                               1           0  0.35s           2025-11-20T12:01:11                      12
/opt/airflow/dags/provide_context.py                           1           0  0.32s           2025-11-20T12:01:13                      12
/opt/airflow/dags/test_downstream.py                           1           0  0.29s           2025-11-20T12:01:12                      12
/opt/airflow/dags/my_test_dag.py                               1           0  0.28s           2025-11-20T12:01:11                      12
/opt/airflow/dags/run_func.py                                  1           0  0.28s           2025-11-20T12:01:12                      12
/opt/airflow/dags/test.py                                      1           0  0.25s           2025-11-20T12:01:12                      12
/opt/airflow/dags/some_test.py                                 1           0  0.23s           2025-11-20T12:01:12                      12
================================================================================
[2025-11-20T12:02:09.593+0000] {manager.py:997} INFO - 
================================================================================
DAG File Processing Stats

File Path                             PID    Runtime      # DAGs    # Errors  Last Runtime    Last Run               Last # of DB Queries
------------------------------------  -----  ---------  --------  ----------  --------------  -------------------  ----------------------
/opt/airflow/dags/run_func.py                                  1           0  0.38s           2025-11-20T12:01:43                      12
/opt/airflow/dags/provide_context.py                           1           0  0.34s           2025-11-20T12:01:43                      12
/opt/airflow/dags/some_test.py                                 1           0  0.27s           2025-11-20T12:01:43                      12
/opt/airflow/dags/my_test_dag.py                               1           0  0.27s           2025-11-20T12:01:42                      12
/opt/airflow/dags/init_schema.py                               1           0  0.27s           2025-11-20T12:01:42                      12
/opt/airflow/dags/test.py                                      1           0  0.26s           2025-11-20T12:01:42                      12
/opt/airflow/dags/test_downstream.py                           1           0  0.23s           2025-11-20T12:01:42                      12
================================================================================
[2025-11-20T12:02:40.462+0000] {manager.py:997} INFO - 
================================================================================
DAG File Processing Stats

File Path                             PID    Runtime      # DAGs    # Errors  Last Runtime    Last Run               Last # of DB Queries
------------------------------------  -----  ---------  --------  ----------  --------------  -------------------  ----------------------
/opt/airflow/dags/init_schema.py                               1           0  0.21s           2025-11-20T12:02:12                      12
/opt/airflow/dags/my_test_dag.py                               1           0  0.20s           2025-11-20T12:02:12                      12
/opt/airflow/dags/some_test.py                                 1           0  0.18s           2025-11-20T12:02:14                      12
/opt/airflow/dags/run_func.py                                  1           0  0.17s           2025-11-20T12:02:13                      12
/opt/airflow/dags/provide_context.py                           1           0  0.17s           2025-11-20T12:02:14                      12
/opt/airflow/dags/test_downstream.py                           1           0  0.16s           2025-11-20T12:02:13                      12
/opt/airflow/dags/test.py                                      1           0  0.13s           2025-11-20T12:02:13                      12
================================================================================
[2025-11-20T12:03:06.986+0000] {manager.py:821} INFO - Searching for files in /opt/airflow/dags
[2025-11-20T12:03:07.433+0000] {manager.py:824} INFO - There are 7 files in /opt/airflow/dags
[2025-11-20T12:03:10.754+0000] {manager.py:997} INFO - 
================================================================================
DAG File Processing Stats

File Path                             PID    Runtime      # DAGs    # Errors  Last Runtime    Last Run               Last # of DB Queries
------------------------------------  -----  ---------  --------  ----------  --------------  -------------------  ----------------------
/opt/airflow/dags/init_schema.py                               1           0  0.37s           2025-11-20T12:02:43                      12
/opt/airflow/dags/test.py                                      1           0  0.29s           2025-11-20T12:02:44                      12
/opt/airflow/dags/my_test_dag.py                               1           0  0.26s           2025-11-20T12:02:43                      12
/opt/airflow/dags/provide_context.py                           1           0  0.24s           2025-11-20T12:02:45                      12
/opt/airflow/dags/test_downstream.py                           1           0  0.24s           2025-11-20T12:02:44                      12
/opt/airflow/dags/run_func.py                                  1           0  0.24s           2025-11-20T12:02:44                      12
/opt/airflow/dags/some_test.py                                 1           0  0.20s           2025-11-20T12:02:44                      12
================================================================================
[2025-11-20T12:03:41.125+0000] {manager.py:997} INFO - 
================================================================================
DAG File Processing Stats

File Path                             PID    Runtime      # DAGs    # Errors  Last Runtime    Last Run               Last # of DB Queries
------------------------------------  -----  ---------  --------  ----------  --------------  -------------------  ----------------------
/opt/airflow/dags/init_schema.py                               1           0  0.31s           2025-11-20T12:03:15                      12
/opt/airflow/dags/my_test_dag.py                               1           0  0.30s           2025-11-20T12:03:15                      12
/opt/airflow/dags/test_downstream.py                           1           0  0.28s           2025-11-20T12:03:15                      12
/opt/airflow/dags/some_test.py                                 1           0  0.28s           2025-11-20T12:03:16                      12
/opt/airflow/dags/run_func.py                                  1           0  0.27s           2025-11-20T12:03:15                      12
/opt/airflow/dags/provide_context.py                           1           0  0.26s           2025-11-20T12:03:16                      12
/opt/airflow/dags/test.py                                      1           0  0.26s           2025-11-20T12:03:15                      12
================================================================================
[2025-11-20T12:04:11.985+0000] {manager.py:997} INFO - 
================================================================================
DAG File Processing Stats

File Path                             PID    Runtime      # DAGs    # Errors  Last Runtime    Last Run               Last # of DB Queries
------------------------------------  -----  ---------  --------  ----------  --------------  -------------------  ----------------------
/opt/airflow/dags/init_schema.py                               1           0  0.28s           2025-11-20T12:03:45                      12
/opt/airflow/dags/run_func.py                                  1           0  0.25s           2025-11-20T12:03:46                      12
/opt/airflow/dags/test_downstream.py                           1           0  0.24s           2025-11-20T12:03:46                      12
/opt/airflow/dags/provide_context.py                           1           0  0.24s           2025-11-20T12:03:46                      12
/opt/airflow/dags/some_test.py                                 1           0  0.23s           2025-11-20T12:03:46                      12
/opt/airflow/dags/my_test_dag.py                               1           0  0.23s           2025-11-20T12:03:45                      12
/opt/airflow/dags/test.py                                      1           0  0.22s           2025-11-20T12:03:45                      12
================================================================================
[2025-11-20T12:04:42.363+0000] {manager.py:997} INFO - 
================================================================================
DAG File Processing Stats

File Path                             PID    Runtime      # DAGs    # Errors  Last Runtime    Last Run               Last # of DB Queries
------------------------------------  -----  ---------  --------  ----------  --------------  -------------------  ----------------------
/opt/airflow/dags/run_func.py                                  1           0  0.30s           2025-11-20T12:04:17                      12
/opt/airflow/dags/my_test_dag.py                               1           0  0.27s           2025-11-20T12:04:16                      12
/opt/airflow/dags/init_schema.py                               1           0  0.26s           2025-11-20T12:04:16                      12
/opt/airflow/dags/test.py                                      1           0  0.25s           2025-11-20T12:04:16                      12
/opt/airflow/dags/provide_context.py                           1           0  0.24s           2025-11-20T12:04:17                      12
/opt/airflow/dags/some_test.py                                 1           0  0.24s           2025-11-20T12:04:17                      12
/opt/airflow/dags/test_downstream.py                           1           0  0.23s           2025-11-20T12:04:17                      12
================================================================================
[2025-11-20T12:05:13.086+0000] {manager.py:997} INFO - 
================================================================================
DAG File Processing Stats

File Path                             PID    Runtime      # DAGs    # Errors  Last Runtime    Last Run               Last # of DB Queries
------------------------------------  -----  ---------  --------  ----------  --------------  -------------------  ----------------------
/opt/airflow/dags/init_schema.py                               1           0  0.32s           2025-11-20T12:04:46                      12
/opt/airflow/dags/test.py                                      1           0  0.31s           2025-11-20T12:04:47                      12
/opt/airflow/dags/run_func.py                                  1           0  0.30s           2025-11-20T12:04:47                      12
/opt/airflow/dags/some_test.py                                 1           0  0.29s           2025-11-20T12:04:47                      12
/opt/airflow/dags/provide_context.py                           1           0  0.28s           2025-11-20T12:04:48                      12
/opt/airflow/dags/my_test_dag.py                               1           0  0.26s           2025-11-20T12:04:47                      12
/opt/airflow/dags/test_downstream.py                           1           0  0.25s           2025-11-20T12:04:47                      12
================================================================================
[2025-11-20T12:05:43.702+0000] {manager.py:997} INFO - 
================================================================================
DAG File Processing Stats

File Path                             PID    Runtime      # DAGs    # Errors  Last Runtime    Last Run               Last # of DB Queries
------------------------------------  -----  ---------  --------  ----------  --------------  -------------------  ----------------------
/opt/airflow/dags/run_func.py                                  1           0  0.28s           2025-11-20T12:05:18                      12
/opt/airflow/dags/init_schema.py                               1           0  0.26s           2025-11-20T12:05:17                      12
/opt/airflow/dags/my_test_dag.py                               1           0  0.26s           2025-11-20T12:05:17                      12
/opt/airflow/dags/some_test.py                                 1           0  0.25s           2025-11-20T12:05:18                      12
/opt/airflow/dags/test.py                                      1           0  0.25s           2025-11-20T12:05:17                      12
/opt/airflow/dags/provide_context.py                           1           0  0.25s           2025-11-20T12:05:18                      12
/opt/airflow/dags/test_downstream.py                           1           0  0.22s           2025-11-20T12:05:18                      12
================================================================================
[2025-11-20T12:06:14.273+0000] {manager.py:997} INFO - 
================================================================================
DAG File Processing Stats

File Path                             PID    Runtime      # DAGs    # Errors  Last Runtime    Last Run               Last # of DB Queries
------------------------------------  -----  ---------  --------  ----------  --------------  -------------------  ----------------------
/opt/airflow/dags/some_test.py                                 1           0  0.33s           2025-11-20T12:05:49                      12
/opt/airflow/dags/provide_context.py                           1           0  0.30s           2025-11-20T12:05:49                      12
/opt/airflow/dags/my_test_dag.py                               1           0  0.30s           2025-11-20T12:05:48                      12
/opt/airflow/dags/init_schema.py                               1           0  0.30s           2025-11-20T12:05:48                      12
/opt/airflow/dags/test_downstream.py                           1           0  0.28s           2025-11-20T12:05:48                      12
/opt/airflow/dags/run_func.py                                  1           0  0.26s           2025-11-20T12:05:48                      12
/opt/airflow/dags/test.py                                      1           0  0.24s           2025-11-20T12:05:48                      12
================================================================================
[2025-11-20T12:06:44.798+0000] {manager.py:997} INFO - 
================================================================================
DAG File Processing Stats

File Path                             PID    Runtime      # DAGs    # Errors  Last Runtime    Last Run               Last # of DB Queries
------------------------------------  -----  ---------  --------  ----------  --------------  -------------------  ----------------------
/opt/airflow/dags/test_downstream.py                           1           0  0.30s           2025-11-20T12:06:19                      12
/opt/airflow/dags/some_test.py                                 1           0  0.28s           2025-11-20T12:06:19                      12
/opt/airflow/dags/my_test_dag.py                               1           0  0.28s           2025-11-20T12:06:18                      12
/opt/airflow/dags/run_func.py                                  1           0  0.27s           2025-11-20T12:06:19                      12
/opt/airflow/dags/test.py                                      1           0  0.25s           2025-11-20T12:06:19                      12
/opt/airflow/dags/init_schema.py                               1           0  0.24s           2025-11-20T12:06:18                      12
/opt/airflow/dags/provide_context.py                           1           0  0.23s           2025-11-20T12:06:19                      12
================================================================================
[2025-11-20T12:07:14.960+0000] {manager.py:997} INFO - 
================================================================================
DAG File Processing Stats

File Path                             PID    Runtime      # DAGs    # Errors  Last Runtime    Last Run               Last # of DB Queries
------------------------------------  -----  ---------  --------  ----------  --------------  -------------------  ----------------------
/opt/airflow/dags/run_func.py                                  1           0  0.32s           2025-11-20T12:06:50                      12
/opt/airflow/dags/provide_context.py                           1           0  0.28s           2025-11-20T12:06:50                      12
/opt/airflow/dags/init_schema.py                               1           0  0.27s           2025-11-20T12:06:49                      12
/opt/airflow/dags/my_test_dag.py                               1           0  0.27s           2025-11-20T12:06:49                      12
/opt/airflow/dags/some_test.py                                 1           0  0.26s           2025-11-20T12:06:50                      12
/opt/airflow/dags/test_downstream.py                           1           0  0.25s           2025-11-20T12:06:50                      12
/opt/airflow/dags/test.py                                      1           0  0.23s           2025-11-20T12:06:49                      12
================================================================================
[2025-11-20T12:07:45.002+0000] {manager.py:997} INFO - 
================================================================================
DAG File Processing Stats

File Path                             PID    Runtime      # DAGs    # Errors  Last Runtime    Last Run               Last # of DB Queries
------------------------------------  -----  ---------  --------  ----------  --------------  -------------------  ----------------------
/opt/airflow/dags/my_test_dag.py                               1           0  0.49s           2025-11-20T12:07:20                      12
/opt/airflow/dags/init_schema.py                               1           0  0.46s           2025-11-20T12:07:20                      12
/opt/airflow/dags/provide_context.py                           1           0  0.39s           2025-11-20T12:07:21                      12
/opt/airflow/dags/some_test.py                                 1           0  0.36s           2025-11-20T12:07:21                      12
/opt/airflow/dags/run_func.py                                  1           0  0.27s           2025-11-20T12:07:20                      12
/opt/airflow/dags/test.py                                      1           0  0.26s           2025-11-20T12:07:20                      12
/opt/airflow/dags/test_downstream.py                           1           0  0.25s           2025-11-20T12:07:20                      12
================================================================================
[2025-11-20T12:08:07.389+0000] {manager.py:821} INFO - Searching for files in /opt/airflow/dags
[2025-11-20T12:08:07.791+0000] {manager.py:824} INFO - There are 7 files in /opt/airflow/dags
[2025-11-20T12:08:15.072+0000] {manager.py:997} INFO - 
================================================================================
DAG File Processing Stats

File Path                             PID    Runtime      # DAGs    # Errors  Last Runtime    Last Run               Last # of DB Queries
------------------------------------  -----  ---------  --------  ----------  --------------  -------------------  ----------------------
/opt/airflow/dags/my_test_dag.py                               1           0  0.35s           2025-11-20T12:07:50                      12
/opt/airflow/dags/init_schema.py                               1           0  0.31s           2025-11-20T12:07:50                      12
/opt/airflow/dags/run_func.py                                  1           0  0.31s           2025-11-20T12:07:51                      12
/opt/airflow/dags/test.py                                      1           0  0.28s           2025-11-20T12:07:50                      12
/opt/airflow/dags/test_downstream.py                           1           0  0.18s           2025-11-20T12:07:51                      12
/opt/airflow/dags/some_test.py                                 1           0  0.17s           2025-11-20T12:07:51                      12
/opt/airflow/dags/provide_context.py                           1           0  0.13s           2025-11-20T12:07:51                      12
================================================================================
[2025-11-20T12:08:45.252+0000] {manager.py:997} INFO - 
================================================================================
DAG File Processing Stats

File Path                             PID    Runtime      # DAGs    # Errors  Last Runtime    Last Run               Last # of DB Queries
------------------------------------  -----  ---------  --------  ----------  --------------  -------------------  ----------------------
/opt/airflow/dags/my_test_dag.py                               1           0  0.25s           2025-11-20T12:08:21                      12
/opt/airflow/dags/init_schema.py                               1           0  0.23s           2025-11-20T12:08:21                      12
/opt/airflow/dags/test_downstream.py                           1           0  0.20s           2025-11-20T12:08:22                      12
/opt/airflow/dags/provide_context.py                           1           0  0.19s           2025-11-20T12:08:22                      12
/opt/airflow/dags/test.py                                      1           0  0.18s           2025-11-20T12:08:21                      12
/opt/airflow/dags/run_func.py                                  1           0  0.18s           2025-11-20T12:08:22                      12
/opt/airflow/dags/some_test.py                                 1           0  0.18s           2025-11-20T12:08:22                      12
================================================================================
[2025-11-20T12:09:15.566+0000] {manager.py:997} INFO - 
================================================================================
DAG File Processing Stats

File Path                             PID    Runtime      # DAGs    # Errors  Last Runtime    Last Run               Last # of DB Queries
------------------------------------  -----  ---------  --------  ----------  --------------  -------------------  ----------------------
/opt/airflow/dags/test.py                                      1           0  0.31s           2025-11-20T12:08:52                      12
/opt/airflow/dags/my_test_dag.py                               1           0  0.31s           2025-11-20T12:08:52                      12
/opt/airflow/dags/provide_context.py                           1           0  0.31s           2025-11-20T12:08:53                      12
/opt/airflow/dags/init_schema.py                               1           0  0.30s           2025-11-20T12:08:52                      12
/opt/airflow/dags/run_func.py                                  1           0  0.28s           2025-11-20T12:08:53                      12
/opt/airflow/dags/some_test.py                                 1           0  0.27s           2025-11-20T12:08:53                      12
/opt/airflow/dags/test_downstream.py                           1           0  0.25s           2025-11-20T12:08:53                      12
================================================================================
[2025-11-20T12:09:46.179+0000] {manager.py:997} INFO - 
================================================================================
DAG File Processing Stats

File Path                             PID    Runtime      # DAGs    # Errors  Last Runtime    Last Run               Last # of DB Queries
------------------------------------  -----  ---------  --------  ----------  --------------  -------------------  ----------------------
/opt/airflow/dags/init_schema.py                               1           0  0.32s           2025-11-20T12:09:23                      12
/opt/airflow/dags/my_test_dag.py                               1           0  0.31s           2025-11-20T12:09:23                      12
/opt/airflow/dags/test_downstream.py                           1           0  0.29s           2025-11-20T12:09:23                      12
/opt/airflow/dags/test.py                                      1           0  0.27s           2025-11-20T12:09:23                      12
/opt/airflow/dags/run_func.py                                  1           0  0.26s           2025-11-20T12:09:23                      12
/opt/airflow/dags/some_test.py                                 1           0  0.25s           2025-11-20T12:09:24                      12
/opt/airflow/dags/provide_context.py                           1           0  0.23s           2025-11-20T12:09:24                      12
================================================================================
[2025-11-20T12:10:16.808+0000] {manager.py:997} INFO - 
================================================================================
DAG File Processing Stats

File Path                             PID    Runtime      # DAGs    # Errors  Last Runtime    Last Run               Last # of DB Queries
------------------------------------  -----  ---------  --------  ----------  --------------  -------------------  ----------------------
/opt/airflow/dags/init_schema.py                               1           0  0.30s           2025-11-20T12:09:53                      12
/opt/airflow/dags/test.py                                      1           0  0.29s           2025-11-20T12:09:54                      12
/opt/airflow/dags/test_downstream.py                           1           0  0.28s           2025-11-20T12:09:54                      12
/opt/airflow/dags/some_test.py                                 1           0  0.26s           2025-11-20T12:09:54                      12
/opt/airflow/dags/run_func.py                                  1           0  0.25s           2025-11-20T12:09:54                      12
/opt/airflow/dags/provide_context.py                           1           0  0.24s           2025-11-20T12:09:55                      12
/opt/airflow/dags/my_test_dag.py                               1           0  0.24s           2025-11-20T12:09:53                      12
================================================================================
[2025-11-20T12:10:47.604+0000] {manager.py:997} INFO - 
================================================================================
DAG File Processing Stats

File Path                             PID    Runtime      # DAGs    # Errors  Last Runtime    Last Run               Last # of DB Queries
------------------------------------  -----  ---------  --------  ----------  --------------  -------------------  ----------------------
/opt/airflow/dags/test_downstream.py                           1           0  0.29s           2025-11-20T12:10:25                      12
/opt/airflow/dags/provide_context.py                           1           0  0.27s           2025-11-20T12:10:25                      12
/opt/airflow/dags/my_test_dag.py                               1           0  0.27s           2025-11-20T12:10:24                      12
/opt/airflow/dags/some_test.py                                 1           0  0.26s           2025-11-20T12:10:25                      12
/opt/airflow/dags/run_func.py                                  1           0  0.26s           2025-11-20T12:10:24                      12
/opt/airflow/dags/test.py                                      1           0  0.25s           2025-11-20T12:10:24                      12
/opt/airflow/dags/init_schema.py                               1           0  0.25s           2025-11-20T12:10:24                      12
================================================================================
[2025-11-20T12:11:17.755+0000] {manager.py:997} INFO - 
================================================================================
DAG File Processing Stats

File Path                             PID    Runtime      # DAGs    # Errors  Last Runtime    Last Run               Last # of DB Queries
------------------------------------  -----  ---------  --------  ----------  --------------  -------------------  ----------------------
/opt/airflow/dags/provide_context.py                           1           0  0.29s           2025-11-20T12:10:56                      12
/opt/airflow/dags/init_schema.py                               1           0  0.28s           2025-11-20T12:10:55                      12
/opt/airflow/dags/some_test.py                                 1           0  0.27s           2025-11-20T12:10:56                      12
/opt/airflow/dags/test_downstream.py                           1           0  0.27s           2025-11-20T12:10:55                      12
/opt/airflow/dags/my_test_dag.py                               1           0  0.26s           2025-11-20T12:10:55                      12
/opt/airflow/dags/run_func.py                                  1           0  0.26s           2025-11-20T12:10:55                      12
/opt/airflow/dags/test.py                                      1           0  0.25s           2025-11-20T12:10:55                      12
================================================================================
[2025-11-20T12:11:47.786+0000] {manager.py:997} INFO - 
================================================================================
DAG File Processing Stats

File Path                             PID    Runtime      # DAGs    # Errors  Last Runtime    Last Run               Last # of DB Queries
------------------------------------  -----  ---------  --------  ----------  --------------  -------------------  ----------------------
/opt/airflow/dags/my_test_dag.py                               1           0  0.35s           2025-11-20T12:11:26                      12
/opt/airflow/dags/init_schema.py                               1           0  0.33s           2025-11-20T12:11:25                      12
/opt/airflow/dags/test_downstream.py                           1           0  0.29s           2025-11-20T12:11:26                      12
/opt/airflow/dags/run_func.py                                  1           0  0.27s           2025-11-20T12:11:26                      12
/opt/airflow/dags/test.py                                      1           0  0.27s           2025-11-20T12:11:26                      12
/opt/airflow/dags/provide_context.py                           1           0  0.27s           2025-11-20T12:11:27                      12
/opt/airflow/dags/some_test.py                                 1           0  0.25s           2025-11-20T12:11:26                      12
================================================================================
[2025-11-20T12:12:17.809+0000] {manager.py:997} INFO - 
================================================================================
DAG File Processing Stats

File Path                             PID    Runtime      # DAGs    # Errors  Last Runtime    Last Run               Last # of DB Queries
------------------------------------  -----  ---------  --------  ----------  --------------  -------------------  ----------------------
/opt/airflow/dags/my_test_dag.py                               1           0  0.31s           2025-11-20T12:11:56                      12
/opt/airflow/dags/init_schema.py                               1           0  0.30s           2025-11-20T12:11:56                      12
/opt/airflow/dags/test_downstream.py                           1           0  0.30s           2025-11-20T12:11:57                      12
/opt/airflow/dags/provide_context.py                           1           0  0.29s           2025-11-20T12:11:57                      12
/opt/airflow/dags/some_test.py                                 1           0  0.29s           2025-11-20T12:11:57                      12
/opt/airflow/dags/test.py                                      1           0  0.27s           2025-11-20T12:11:56                      12
/opt/airflow/dags/run_func.py                                  1           0  0.27s           2025-11-20T12:11:57                      12
================================================================================
[2025-11-20T12:12:48.003+0000] {manager.py:997} INFO - 
================================================================================
DAG File Processing Stats

File Path                             PID    Runtime      # DAGs    # Errors  Last Runtime    Last Run               Last # of DB Queries
------------------------------------  -----  ---------  --------  ----------  --------------  -------------------  ----------------------
/opt/airflow/dags/run_func.py                                  1           0  0.29s           2025-11-20T12:12:28                      12
/opt/airflow/dags/test.py                                      1           0  0.29s           2025-11-20T12:12:28                      12
/opt/airflow/dags/some_test.py                                 1           0  0.28s           2025-11-20T12:12:28                      12
/opt/airflow/dags/provide_context.py                           1           0  0.27s           2025-11-20T12:12:29                      12
/opt/airflow/dags/test_downstream.py                           1           0  0.25s           2025-11-20T12:12:28                      12
/opt/airflow/dags/init_schema.py                               1           0  0.15s           2025-11-20T12:12:26                      12
/opt/airflow/dags/my_test_dag.py                               1           0  0.14s           2025-11-20T12:12:26                      12
================================================================================
[2025-11-20T12:13:07.798+0000] {manager.py:821} INFO - Searching for files in /opt/airflow/dags
[2025-11-20T12:13:08.373+0000] {manager.py:824} INFO - There are 7 files in /opt/airflow/dags
[2025-11-20T12:13:18.929+0000] {manager.py:997} INFO - 
================================================================================
DAG File Processing Stats

File Path                             PID    Runtime      # DAGs    # Errors  Last Runtime    Last Run               Last # of DB Queries
------------------------------------  -----  ---------  --------  ----------  --------------  -------------------  ----------------------
/opt/airflow/dags/run_func.py                                  1           0  0.33s           2025-11-20T12:12:58                      12
/opt/airflow/dags/test.py                                      1           0  0.33s           2025-11-20T12:12:58                      12
/opt/airflow/dags/provide_context.py                           1           0  0.31s           2025-11-20T12:12:59                      12
/opt/airflow/dags/init_schema.py                               1           0  0.28s           2025-11-20T12:12:57                      12
/opt/airflow/dags/my_test_dag.py                               1           0  0.26s           2025-11-20T12:12:57                      12
/opt/airflow/dags/some_test.py                                 1           0  0.26s           2025-11-20T12:12:59                      12
/opt/airflow/dags/test_downstream.py                           1           0  0.25s           2025-11-20T12:12:58                      12
================================================================================
[2025-11-20T12:13:48.953+0000] {manager.py:997} INFO - 
================================================================================
DAG File Processing Stats

File Path                             PID    Runtime      # DAGs    # Errors  Last Runtime    Last Run               Last # of DB Queries
------------------------------------  -----  ---------  --------  ----------  --------------  -------------------  ----------------------
/opt/airflow/dags/some_test.py                                 1           0  0.37s           2025-11-20T12:13:30                      12
/opt/airflow/dags/provide_context.py                           1           0  0.36s           2025-11-20T12:13:30                      12
/opt/airflow/dags/run_func.py                                  1           0  0.30s           2025-11-20T12:13:29                      12
/opt/airflow/dags/test.py                                      1           0  0.28s           2025-11-20T12:13:29                      12
/opt/airflow/dags/test_downstream.py                           1           0  0.27s           2025-11-20T12:13:29                      12
/opt/airflow/dags/my_test_dag.py                               1           0  0.24s           2025-11-20T12:13:28                      12
/opt/airflow/dags/init_schema.py                               1           0  0.20s           2025-11-20T12:13:28                      12
================================================================================
[2025-11-20T12:14:19.104+0000] {manager.py:997} INFO - 
================================================================================
DAG File Processing Stats

File Path                             PID    Runtime      # DAGs    # Errors  Last Runtime    Last Run               Last # of DB Queries
------------------------------------  -----  ---------  --------  ----------  --------------  -------------------  ----------------------
/opt/airflow/dags/init_schema.py                               1           0  0.30s           2025-11-20T12:13:58                      12
/opt/airflow/dags/provide_context.py                           1           0  0.29s           2025-11-20T12:14:00                      12
/opt/airflow/dags/my_test_dag.py                               1           0  0.29s           2025-11-20T12:13:58                      12
/opt/airflow/dags/some_test.py                                 1           0  0.29s           2025-11-20T12:14:00                      12
/opt/airflow/dags/run_func.py                                  1           0  0.28s           2025-11-20T12:13:59                      12
/opt/airflow/dags/test.py                                      1           0  0.28s           2025-11-20T12:13:59                      12
/opt/airflow/dags/test_downstream.py                           1           0  0.27s           2025-11-20T12:14:00                      12
================================================================================
[2025-11-20T12:14:49.538+0000] {manager.py:997} INFO - 
================================================================================
DAG File Processing Stats

File Path                             PID    Runtime      # DAGs    # Errors  Last Runtime    Last Run               Last # of DB Queries
------------------------------------  -----  ---------  --------  ----------  --------------  -------------------  ----------------------
/opt/airflow/dags/some_test.py                                 1           0  0.53s           2025-11-20T12:14:31                      12
/opt/airflow/dags/provide_context.py                           1           0  0.42s           2025-11-20T12:14:31                      12
/opt/airflow/dags/run_func.py                                  1           0  0.31s           2025-11-20T12:14:30                      12
/opt/airflow/dags/test.py                                      1           0  0.29s           2025-11-20T12:14:30                      12
/opt/airflow/dags/my_test_dag.py                               1           0  0.29s           2025-11-20T12:14:29                      12
/opt/airflow/dags/test_downstream.py                           1           0  0.29s           2025-11-20T12:14:31                      12
/opt/airflow/dags/init_schema.py                               1           0  0.23s           2025-11-20T12:14:32                      12
================================================================================
[2025-11-20T12:15:19.955+0000] {manager.py:997} INFO - 
================================================================================
DAG File Processing Stats

File Path                             PID    Runtime      # DAGs    # Errors  Last Runtime    Last Run               Last # of DB Queries
------------------------------------  -----  ---------  --------  ----------  --------------  -------------------  ----------------------
/opt/airflow/dags/test.py                                      1           0  0.63s           2025-11-20T12:15:01                      12
/opt/airflow/dags/run_func.py                                  1           0  0.57s           2025-11-20T12:15:01                      12
/opt/airflow/dags/my_test_dag.py                               1           0  0.25s           2025-11-20T12:15:00                      12
/opt/airflow/dags/provide_context.py                           1           0  0.15s           2025-11-20T12:15:02                      12
/opt/airflow/dags/some_test.py                                 1           0  0.15s           2025-11-20T12:15:02                      12
/opt/airflow/dags/test_downstream.py                           1           0  0.15s           2025-11-20T12:15:02                      12
/opt/airflow/dags/init_schema.py                               1           0  0.14s           2025-11-20T12:15:02                      12
================================================================================
[2025-11-20T12:15:50.687+0000] {manager.py:997} INFO - 
================================================================================
DAG File Processing Stats

File Path                             PID    Runtime      # DAGs    # Errors  Last Runtime    Last Run               Last # of DB Queries
------------------------------------  -----  ---------  --------  ----------  --------------  -------------------  ----------------------
/opt/airflow/dags/test.py                                      1           0  0.42s           2025-11-20T12:15:33                      12
/opt/airflow/dags/init_schema.py                               1           0  0.41s           2025-11-20T12:15:33                      12
/opt/airflow/dags/run_func.py                                  1           0  0.39s           2025-11-20T12:15:33                      12
/opt/airflow/dags/my_test_dag.py                               1           0  0.28s           2025-11-20T12:15:30                      12
/opt/airflow/dags/test_downstream.py                           1           0  0.28s           2025-11-20T12:15:34                      12
/opt/airflow/dags/some_test.py                                 1           0  0.27s           2025-11-20T12:15:34                      12
/opt/airflow/dags/provide_context.py                           1           0  0.16s           2025-11-20T12:15:34                      12
================================================================================
[2025-11-20T12:16:21.407+0000] {manager.py:997} INFO - 
================================================================================
DAG File Processing Stats

File Path                             PID    Runtime      # DAGs    # Errors  Last Runtime    Last Run               Last # of DB Queries
------------------------------------  -----  ---------  --------  ----------  --------------  -------------------  ----------------------
/opt/airflow/dags/test.py                                      1           0  0.54s           2025-11-20T12:16:03                      12
/opt/airflow/dags/my_test_dag.py                               1           0  0.49s           2025-11-20T12:16:01                      12
/opt/airflow/dags/init_schema.py                               1           0  0.41s           2025-11-20T12:16:03                      12
/opt/airflow/dags/some_test.py                                 1           0  0.39s           2025-11-20T12:16:04                      12
/opt/airflow/dags/test_downstream.py                           1           0  0.33s           2025-11-20T12:16:04                      12
/opt/airflow/dags/provide_context.py                           1           0  0.24s           2025-11-20T12:16:04                      12
/opt/airflow/dags/run_func.py                                  1           0  0.21s           2025-11-20T12:16:04                      12
================================================================================
[2025-11-20T12:16:51.958+0000] {manager.py:997} INFO - 
================================================================================
DAG File Processing Stats

File Path                             PID    Runtime      # DAGs    # Errors  Last Runtime    Last Run               Last # of DB Queries
------------------------------------  -----  ---------  --------  ----------  --------------  -------------------  ----------------------
/opt/airflow/dags/init_schema.py                               1           0  0.40s           2025-11-20T12:16:34                      12
/opt/airflow/dags/test.py                                      1           0  0.39s           2025-11-20T12:16:34                      12
/opt/airflow/dags/my_test_dag.py                               1           0  0.29s           2025-11-20T12:16:32                      12
/opt/airflow/dags/some_test.py                                 1           0  0.27s           2025-11-20T12:16:35                      12
/opt/airflow/dags/run_func.py                                  1           0  0.27s           2025-11-20T12:16:34                      12
/opt/airflow/dags/provide_context.py                           1           0  0.25s           2025-11-20T12:16:35                      12
/opt/airflow/dags/test_downstream.py                           1           0  0.25s           2025-11-20T12:16:35                      12
================================================================================
[2025-11-20T12:17:22.335+0000] {manager.py:997} INFO - 
================================================================================
DAG File Processing Stats

File Path                             PID    Runtime      # DAGs    # Errors  Last Runtime    Last Run               Last # of DB Queries
------------------------------------  -----  ---------  --------  ----------  --------------  -------------------  ----------------------
/opt/airflow/dags/test.py                                      1           0  0.34s           2025-11-20T12:17:04                      12
/opt/airflow/dags/init_schema.py                               1           0  0.32s           2025-11-20T12:17:04                      12
/opt/airflow/dags/some_test.py                                 1           0  0.29s           2025-11-20T12:17:05                      12
/opt/airflow/dags/provide_context.py                           1           0  0.27s           2025-11-20T12:17:05                      12
/opt/airflow/dags/test_downstream.py                           1           0  0.26s           2025-11-20T12:17:05                      12
/opt/airflow/dags/my_test_dag.py                               1           0  0.26s           2025-11-20T12:17:02                      12
/opt/airflow/dags/run_func.py                                  1           0  0.25s           2025-11-20T12:17:05                      12
================================================================================
[2025-11-20T12:17:52.877+0000] {manager.py:997} INFO - 
================================================================================
DAG File Processing Stats

File Path                             PID    Runtime      # DAGs    # Errors  Last Runtime    Last Run               Last # of DB Queries
------------------------------------  -----  ---------  --------  ----------  --------------  -------------------  ----------------------
/opt/airflow/dags/some_test.py                                 1           0  0.30s           2025-11-20T12:17:36                      12
/opt/airflow/dags/test_downstream.py                           1           0  0.27s           2025-11-20T12:17:36                      12
/opt/airflow/dags/run_func.py                                  1           0  0.27s           2025-11-20T12:17:35                      12
/opt/airflow/dags/init_schema.py                               1           0  0.27s           2025-11-20T12:17:35                      12
/opt/airflow/dags/test.py                                      1           0  0.24s           2025-11-20T12:17:35                      12
/opt/airflow/dags/provide_context.py                           1           0  0.23s           2025-11-20T12:17:36                      12
/opt/airflow/dags/my_test_dag.py                               1           0  0.22s           2025-11-20T12:17:33                      12
================================================================================
[2025-11-20T12:18:07.837+0000] {manager.py:821} INFO - Searching for files in /opt/airflow/dags
[2025-11-20T12:18:08.155+0000] {manager.py:824} INFO - There are 7 files in /opt/airflow/dags
[2025-11-20T12:18:22.940+0000] {manager.py:997} INFO - 
================================================================================
DAG File Processing Stats

File Path                             PID    Runtime      # DAGs    # Errors  Last Runtime    Last Run               Last # of DB Queries
------------------------------------  -----  ---------  --------  ----------  --------------  -------------------  ----------------------
/opt/airflow/dags/init_schema.py                               1           0  0.42s           2025-11-20T12:18:06                      12
/opt/airflow/dags/my_test_dag.py                               1           0  0.35s           2025-11-20T12:18:03                      12
/opt/airflow/dags/test.py                                      1           0  0.32s           2025-11-20T12:18:06                      12
/opt/airflow/dags/run_func.py                                  1           0  0.30s           2025-11-20T12:18:06                      12
/opt/airflow/dags/test_downstream.py                           1           0  0.28s           2025-11-20T12:18:06                      12
/opt/airflow/dags/some_test.py                                 1           0  0.28s           2025-11-20T12:18:06                      12
/opt/airflow/dags/provide_context.py                           1           0  0.22s           2025-11-20T12:18:07                      12
================================================================================
[2025-11-20T12:18:53.320+0000] {manager.py:997} INFO - 
================================================================================
DAG File Processing Stats

File Path                             PID    Runtime      # DAGs    # Errors  Last Runtime    Last Run               Last # of DB Queries
------------------------------------  -----  ---------  --------  ----------  --------------  -------------------  ----------------------
/opt/airflow/dags/init_schema.py                               1           0  0.30s           2025-11-20T12:18:36                      12
/opt/airflow/dags/test.py                                      1           0  0.30s           2025-11-20T12:18:36                      12
/opt/airflow/dags/some_test.py                                 1           0  0.28s           2025-11-20T12:18:37                      12
/opt/airflow/dags/run_func.py                                  1           0  0.28s           2025-11-20T12:18:37                      12
/opt/airflow/dags/my_test_dag.py                               1           0  0.27s           2025-11-20T12:18:34                      12
/opt/airflow/dags/test_downstream.py                           1           0  0.26s           2025-11-20T12:18:37                      12
/opt/airflow/dags/provide_context.py                           1           0  0.26s           2025-11-20T12:18:37                      12
================================================================================
[2025-11-20T12:19:23.972+0000] {manager.py:997} INFO - 
================================================================================
DAG File Processing Stats

File Path                             PID    Runtime      # DAGs    # Errors  Last Runtime    Last Run               Last # of DB Queries
------------------------------------  -----  ---------  --------  ----------  --------------  -------------------  ----------------------
/opt/airflow/dags/provide_context.py                           1           0  0.41s           2025-11-20T12:19:08                      12
/opt/airflow/dags/some_test.py                                 1           0  0.38s           2025-11-20T12:19:08                      12
/opt/airflow/dags/run_func.py                                  1           0  0.36s           2025-11-20T12:19:07                      12
/opt/airflow/dags/test.py                                      1           0  0.36s           2025-11-20T12:19:07                      12
/opt/airflow/dags/init_schema.py                               1           0  0.33s           2025-11-20T12:19:07                      12
/opt/airflow/dags/test_downstream.py                           1           0  0.33s           2025-11-20T12:19:08                      12
/opt/airflow/dags/my_test_dag.py                               1           0  0.30s           2025-11-20T12:19:05                      12
================================================================================
[2025-11-20T12:19:54.467+0000] {manager.py:997} INFO - 
================================================================================
DAG File Processing Stats

File Path                             PID    Runtime      # DAGs    # Errors  Last Runtime    Last Run               Last # of DB Queries
------------------------------------  -----  ---------  --------  ----------  --------------  -------------------  ----------------------
/opt/airflow/dags/init_schema.py                               1           0  0.97s           2025-11-20T12:19:42                      45
/opt/airflow/dags/my_test_dag.py                               1           0  0.31s           2025-11-20T12:19:35                      12
/opt/airflow/dags/test.py                                      1           0  0.27s           2025-11-20T12:19:38                      12
/opt/airflow/dags/provide_context.py                           1           0  0.25s           2025-11-20T12:19:39                      12
/opt/airflow/dags/run_func.py                                  1           0  0.14s           2025-11-20T12:19:38                      12
/opt/airflow/dags/test_downstream.py                           1           0  0.13s           2025-11-20T12:19:38                      12
/opt/airflow/dags/some_test.py                                 1           0  0.13s           2025-11-20T12:19:38                      12
================================================================================
[2025-11-20T12:20:25.031+0000] {manager.py:997} INFO - 
================================================================================
DAG File Processing Stats

File Path                             PID    Runtime      # DAGs    # Errors  Last Runtime    Last Run               Last # of DB Queries
------------------------------------  -----  ---------  --------  ----------  --------------  -------------------  ----------------------
/opt/airflow/dags/run_func.py                                  1           0  0.38s           2025-11-20T12:20:09                      12
/opt/airflow/dags/test.py                                      1           0  0.37s           2025-11-20T12:20:08                      12
/opt/airflow/dags/my_test_dag.py                               1           0  0.33s           2025-11-20T12:20:06                      12
/opt/airflow/dags/test_downstream.py                           1           0  0.33s           2025-11-20T12:20:09                      12
/opt/airflow/dags/provide_context.py                           1           0  0.29s           2025-11-20T12:20:10                      12
/opt/airflow/dags/some_test.py                                 1           0  0.29s           2025-11-20T12:20:09                      12
/opt/airflow/dags/init_schema.py                               1           0  0.28s           2025-11-20T12:20:13                      12
================================================================================
[2025-11-20T12:20:55.535+0000] {manager.py:997} INFO - 
================================================================================
DAG File Processing Stats

File Path                             PID    Runtime      # DAGs    # Errors  Last Runtime    Last Run               Last # of DB Queries
------------------------------------  -----  ---------  --------  ----------  --------------  -------------------  ----------------------
/opt/airflow/dags/some_test.py                                 1           0  0.46s           2025-11-20T12:20:40                      12
/opt/airflow/dags/my_test_dag.py                               1           0  0.36s           2025-11-20T12:20:37                      12
/opt/airflow/dags/init_schema.py                               1           0  0.32s           2025-11-20T12:20:35                      12
/opt/airflow/dags/run_func.py                                  1           0  0.31s           2025-11-20T12:20:39                      12
/opt/airflow/dags/test.py                                      1           0  0.30s           2025-11-20T12:20:39                      12
/opt/airflow/dags/provide_context.py                           1           0  0.28s           2025-11-20T12:20:41                      12
/opt/airflow/dags/test_downstream.py                           1           0  0.27s           2025-11-20T12:20:40                      12
================================================================================
[2025-11-20T12:21:25.804+0000] {manager.py:997} INFO - 
================================================================================
DAG File Processing Stats

File Path                             PID    Runtime      # DAGs    # Errors  Last Runtime    Last Run               Last # of DB Queries
------------------------------------  -----  ---------  --------  ----------  --------------  -------------------  ----------------------
/opt/airflow/dags/init_schema.py                               1           0  0.86s           2025-11-20T12:21:02                      34
/opt/airflow/dags/some_test.py                                 1           0  0.31s           2025-11-20T12:21:11                      12
/opt/airflow/dags/test_downstream.py                           1           0  0.30s           2025-11-20T12:21:10                      12
/opt/airflow/dags/test.py                                      1           0  0.29s           2025-11-20T12:21:10                      12
/opt/airflow/dags/run_func.py                                  1           0  0.28s           2025-11-20T12:21:10                      12
/opt/airflow/dags/provide_context.py                           1           0  0.27s           2025-11-20T12:21:11                      12
/opt/airflow/dags/my_test_dag.py                               1           0  0.18s           2025-11-20T12:21:08                      12
================================================================================
[2025-11-20T12:21:56.710+0000] {manager.py:997} INFO - 
================================================================================
DAG File Processing Stats

File Path                             PID    Runtime      # DAGs    # Errors  Last Runtime    Last Run               Last # of DB Queries
------------------------------------  -----  ---------  --------  ----------  --------------  -------------------  ----------------------
/opt/airflow/dags/init_schema.py                               1           0  0.33s           2025-11-20T12:21:39                      12
/opt/airflow/dags/test.py                                      1           0  0.29s           2025-11-20T12:21:41                      12
/opt/airflow/dags/some_test.py                                 1           0  0.28s           2025-11-20T12:21:42                      12
/opt/airflow/dags/test_downstream.py                           1           0  0.28s           2025-11-20T12:21:41                      12
/opt/airflow/dags/run_func.py                                  1           0  0.27s           2025-11-20T12:21:41                      12
/opt/airflow/dags/my_test_dag.py                               1           0  0.26s           2025-11-20T12:21:38                      12
/opt/airflow/dags/provide_context.py                           1           0  0.25s           2025-11-20T12:21:42                      12
================================================================================
[2025-11-20T12:22:27.122+0000] {manager.py:997} INFO - 
================================================================================
DAG File Processing Stats

File Path                             PID    Runtime      # DAGs    # Errors  Last Runtime    Last Run               Last # of DB Queries
------------------------------------  -----  ---------  --------  ----------  --------------  -------------------  ----------------------
/opt/airflow/dags/test.py                                      1           0  0.42s           2025-11-20T12:22:12                      12
/opt/airflow/dags/run_func.py                                  1           0  0.41s           2025-11-20T12:22:12                      12
/opt/airflow/dags/provide_context.py                           1           0  0.27s           2025-11-20T12:22:12                      12
/opt/airflow/dags/init_schema.py                               1           0  0.26s           2025-11-20T12:22:09                      12
/opt/airflow/dags/my_test_dag.py                               1           0  0.26s           2025-11-20T12:22:09                      12
/opt/airflow/dags/some_test.py                                 1           0  0.25s           2025-11-20T12:22:12                      12
/opt/airflow/dags/test_downstream.py                           1           0  0.18s           2025-11-20T12:22:12                      12
================================================================================
[2025-11-20T12:22:57.273+0000] {manager.py:997} INFO - 
================================================================================
DAG File Processing Stats

File Path                             PID    Runtime      # DAGs    # Errors  Last Runtime    Last Run               Last # of DB Queries
------------------------------------  -----  ---------  --------  ----------  --------------  -------------------  ----------------------
/opt/airflow/dags/provide_context.py                           1           0  0.31s           2025-11-20T12:22:43                      12
/opt/airflow/dags/some_test.py                                 1           0  0.30s           2025-11-20T12:22:43                      12
/opt/airflow/dags/test_downstream.py                           1           0  0.29s           2025-11-20T12:22:43                      12
/opt/airflow/dags/run_func.py                                  1           0  0.27s           2025-11-20T12:22:43                      12
/opt/airflow/dags/test.py                                      1           0  0.26s           2025-11-20T12:22:43                      12
/opt/airflow/dags/init_schema.py                               1           0  0.21s           2025-11-20T12:22:40                      12
/opt/airflow/dags/my_test_dag.py                               1           0  0.15s           2025-11-20T12:22:39                      12
================================================================================
[2025-11-20T12:23:08.320+0000] {manager.py:821} INFO - Searching for files in /opt/airflow/dags
[2025-11-20T12:23:08.832+0000] {manager.py:824} INFO - There are 7 files in /opt/airflow/dags
[2025-11-20T12:23:27.419+0000] {manager.py:997} INFO - 
================================================================================
DAG File Processing Stats

File Path                             PID    Runtime      # DAGs    # Errors  Last Runtime    Last Run               Last # of DB Queries
------------------------------------  -----  ---------  --------  ----------  --------------  -------------------  ----------------------
/opt/airflow/dags/run_func.py                                  1           0  0.49s           2025-11-20T12:23:13                      12
/opt/airflow/dags/provide_context.py                           1           0  0.46s           2025-11-20T12:23:14                      12
/opt/airflow/dags/test_downstream.py                           1           0  0.41s           2025-11-20T12:23:14                      12
/opt/airflow/dags/init_schema.py                               1           0  0.30s           2025-11-20T12:23:10                      12
/opt/airflow/dags/my_test_dag.py                               1           0  0.27s           2025-11-20T12:23:10                      12
/opt/airflow/dags/test.py                                      1           0  0.25s           2025-11-20T12:23:13                      12
/opt/airflow/dags/some_test.py                                 1           0  0.23s           2025-11-20T12:23:14                      12
================================================================================
[2025-11-20T12:23:57.888+0000] {manager.py:997} INFO - 
================================================================================
DAG File Processing Stats

File Path                             PID    Runtime      # DAGs    # Errors  Last Runtime    Last Run               Last # of DB Queries
------------------------------------  -----  ---------  --------  ----------  --------------  -------------------  ----------------------
/opt/airflow/dags/run_func.py                                  1           0  0.32s           2025-11-20T12:23:44                      12
/opt/airflow/dags/my_test_dag.py                               1           0  0.31s           2025-11-20T12:23:41                      12
/opt/airflow/dags/init_schema.py                               1           0  0.31s           2025-11-20T12:23:41                      12
/opt/airflow/dags/test_downstream.py                           1           0  0.31s           2025-11-20T12:23:44                      12
/opt/airflow/dags/test.py                                      1           0  0.25s           2025-11-20T12:23:44                      12
/opt/airflow/dags/some_test.py                                 1           0  0.23s           2025-11-20T12:23:45                      12
/opt/airflow/dags/provide_context.py                           1           0  0.23s           2025-11-20T12:23:45                      12
================================================================================
[2025-11-20T12:24:01.147+0000] {manager.py:465} INFO - Exiting gracefully upon receiving signal 15
