[2025-12-04T12:52:22.086+0000] {local_task_job_runner.py:123} INFO - ::group::Pre task execution logs
[2025-12-04T12:52:22.111+0000] {taskinstance.py:2614} INFO - Dependencies all met for dep_context=non-requeueable deps ti=<TaskInstance: collect_data.calculate_monthly_hires manual__2025-12-04T12:52:16.032511+00:00 [queued]>
[2025-12-04T12:52:22.124+0000] {taskinstance.py:2614} INFO - Dependencies all met for dep_context=requeueable deps ti=<TaskInstance: collect_data.calculate_monthly_hires manual__2025-12-04T12:52:16.032511+00:00 [queued]>
[2025-12-04T12:52:22.124+0000] {taskinstance.py:2867} INFO - Starting attempt 1 of 1
[2025-12-04T12:52:22.141+0000] {taskinstance.py:2890} INFO - Executing <Task(PostgresOperator): calculate_monthly_hires> on 2025-12-04 12:52:16.032511+00:00
[2025-12-04T12:52:22.150+0000] {warnings.py:112} WARNING - /home/***/.local/lib/python3.12/site-packages/***/task/task_runner/standard_task_runner.py:70: DeprecationWarning: This process (pid=140) is multi-threaded, use of fork() may lead to deadlocks in the child.
  pid = os.fork()

[2025-12-04T12:52:22.151+0000] {standard_task_runner.py:72} INFO - Started process 142 to run task
[2025-12-04T12:52:22.152+0000] {standard_task_runner.py:104} INFO - Running: ['***', 'tasks', 'run', 'collect_data', 'calculate_monthly_hires', 'manual__2025-12-04T12:52:16.032511+00:00', '--job-id', '15', '--raw', '--subdir', 'DAGS_FOLDER/collect_data.py', '--cfg-path', '/tmp/tmpcvagg41_']
[2025-12-04T12:52:22.153+0000] {standard_task_runner.py:105} INFO - Job 15: Subtask calculate_monthly_hires
[2025-12-04T12:52:22.205+0000] {task_command.py:467} INFO - Running <TaskInstance: collect_data.calculate_monthly_hires manual__2025-12-04T12:52:16.032511+00:00 [running]> on host 598e02b62824
[2025-12-04T12:52:22.307+0000] {taskinstance.py:3134} INFO - Exporting env vars: AIRFLOW_CTX_DAG_OWNER='***' AIRFLOW_CTX_DAG_ID='collect_data' AIRFLOW_CTX_TASK_ID='calculate_monthly_hires' AIRFLOW_CTX_EXECUTION_DATE='2025-12-04T12:52:16.032511+00:00' AIRFLOW_CTX_TRY_NUMBER='1' AIRFLOW_CTX_DAG_RUN_ID='manual__2025-12-04T12:52:16.032511+00:00'
[2025-12-04T12:52:22.309+0000] {logging_mixin.py:190} INFO - Task instance is in running state
[2025-12-04T12:52:22.309+0000] {logging_mixin.py:190} INFO -  Previous state of the Task instance: queued
[2025-12-04T12:52:22.309+0000] {logging_mixin.py:190} INFO - Current task name:calculate_monthly_hires state:running start_date:2025-12-04 12:52:22.112380+00:00
[2025-12-04T12:52:22.309+0000] {logging_mixin.py:190} INFO - Dag name:collect_data and current dag run status:running
[2025-12-04T12:52:22.310+0000] {taskinstance.py:732} INFO - ::endgroup::
[2025-12-04T12:52:22.310+0000] {sql.py:295} INFO - Executing: 
        INSERT INTO hr_monthly_hires (month, count)
        SELECT 
            TO_CHAR(hire_date, 'YYYY-MM') AS month,
            COUNT(*) AS count
        FROM hr_employees
        GROUP BY month
        ORDER BY month;
        
[2025-12-04T12:52:22.319+0000] {base.py:84} INFO - Retrieving connection '***_db'
[2025-12-04T12:52:22.329+0000] {base.py:84} INFO - Retrieving connection '***_db'
[2025-12-04T12:52:22.330+0000] {sql.py:186} WARNING - This setter is for backward compatibility and should not be used.
Since the introduction of connection property, the providers listed below breaks due to assigning value to self.connection in their __init__ method.
* apache-***-providers-mysql<5.7.1
* apache-***-providers-elasticsearch<5.5.1
* apache-***-providers-postgres<5.13.0
[2025-12-04T12:52:22.334+0000] {sql.py:511} INFO - Running statement: 
        INSERT INTO hr_monthly_hires (month, count)
        SELECT 
            TO_CHAR(hire_date, 'YYYY-MM') AS month,
            COUNT(*) AS count
        FROM hr_employees
        GROUP BY month
        ORDER BY month;
        , parameters: None
[2025-12-04T12:52:22.345+0000] {sql.py:520} INFO - Rows affected: 72
[2025-12-04T12:52:22.346+0000] {warnings.py:112} WARNING - /home/***/.local/lib/python3.12/site-packages/***/providers/common/sql/hooks/sql.py:470: DeprecationWarning: Import of fetch_all_handler from the '***.providers.common.sql.hooks' module is deprecated and will
be removed in the future. Please import it from '***.providers.common.sql.hooks.handlers'.
  result = self._make_common_data_structure(handler(cur))

[2025-12-04T12:52:22.346+0000] {warnings.py:112} WARNING - /home/***/.local/lib/python3.12/site-packages/***/providers/common/sql/hooks/sql.py:471: DeprecationWarning: Import of return_single_query_results from the '***.providers.common.sql.hooks' module is deprecated and will
be removed in the future. Please import it from '***.providers.common.sql.hooks.handlers'.
  if return_single_query_results(sql, return_last, split_statements):

[2025-12-04T12:52:22.347+0000] {warnings.py:112} WARNING - /home/***/.local/lib/python3.12/site-packages/***/providers/common/sql/hooks/sql.py:486: DeprecationWarning: Import of return_single_query_results from the '***.providers.common.sql.hooks' module is deprecated and will
be removed in the future. Please import it from '***.providers.common.sql.hooks.handlers'.
  if return_single_query_results(sql, return_last, split_statements):

[2025-12-04T12:52:22.348+0000] {warnings.py:112} WARNING - /home/***/.local/lib/python3.12/site-packages/***/providers/common/sql/operators/sql.py:311: DeprecationWarning: Import of return_single_query_results from the '***.providers.common.sql.hooks' module is deprecated and will
be removed in the future. Please import it from '***.providers.common.sql.hooks.handlers'.
  if return_single_query_results(self.sql, self.return_last, self.split_statements):

[2025-12-04T12:52:22.358+0000] {taskinstance.py:341} INFO - ::group::Post task execution logs
[2025-12-04T12:52:22.359+0000] {taskinstance.py:353} INFO - Marking task as SUCCESS. dag_id=collect_data, task_id=calculate_monthly_hires, run_id=manual__2025-12-04T12:52:16.032511+00:00, execution_date=20251204T125216, start_date=20251204T125222, end_date=20251204T125222
[2025-12-04T12:52:22.385+0000] {logging_mixin.py:190} INFO - Task instance in success state
[2025-12-04T12:52:22.385+0000] {logging_mixin.py:190} INFO -  Previous state of the Task instance: running
[2025-12-04T12:52:22.385+0000] {logging_mixin.py:190} INFO - Dag name:collect_data queued_at:2025-12-04 12:52:16.052526+00:00
[2025-12-04T12:52:22.386+0000] {logging_mixin.py:190} INFO - Task hostname:598e02b62824 operator:PostgresOperator
[2025-12-04T12:52:22.405+0000] {local_task_job_runner.py:266} INFO - Task exited with return code 0
[2025-12-04T12:52:22.428+0000] {taskinstance.py:3901} INFO - 0 downstream tasks scheduled from follow-on schedule check
[2025-12-04T12:52:22.429+0000] {local_task_job_runner.py:245} INFO - ::endgroup::
