[2025-12-21T20:39:17.773+0000] {local_task_job_runner.py:123} INFO - ::group::Pre task execution logs
[2025-12-21T20:39:17.988+0000] {taskinstance.py:2614} INFO - Dependencies all met for dep_context=non-requeueable deps ti=<TaskInstance: init_schema_airline.create_metrics_table manual__2025-12-21T20:39:12.825416+00:00 [queued]>
[2025-12-21T20:39:18.003+0000] {taskinstance.py:2614} INFO - Dependencies all met for dep_context=requeueable deps ti=<TaskInstance: init_schema_airline.create_metrics_table manual__2025-12-21T20:39:12.825416+00:00 [queued]>
[2025-12-21T20:39:18.007+0000] {taskinstance.py:2867} INFO - Starting attempt 1 of 1
[2025-12-21T20:39:18.028+0000] {taskinstance.py:2890} INFO - Executing <Task(PostgresOperator): create_metrics_table> on 2025-12-21 20:39:12.825416+00:00
[2025-12-21T20:39:18.040+0000] {warnings.py:112} WARNING - /home/***/.local/lib/python3.12/site-packages/***/task/task_runner/standard_task_runner.py:70: DeprecationWarning: This process (pid=289) is multi-threaded, use of fork() may lead to deadlocks in the child.
  pid = os.fork()

[2025-12-21T20:39:18.043+0000] {standard_task_runner.py:104} INFO - Running: ['***', 'tasks', 'run', 'init_schema_airline', 'create_metrics_table', 'manual__2025-12-21T20:39:12.825416+00:00', '--job-id', '7', '--raw', '--subdir', 'DAGS_FOLDER/init_schema.py', '--cfg-path', '/tmp/tmp2n303wk_']
[2025-12-21T20:39:18.044+0000] {standard_task_runner.py:105} INFO - Job 7: Subtask create_metrics_table
[2025-12-21T20:39:18.044+0000] {standard_task_runner.py:72} INFO - Started process 291 to run task
[2025-12-21T20:39:18.102+0000] {task_command.py:467} INFO - Running <TaskInstance: init_schema_airline.create_metrics_table manual__2025-12-21T20:39:12.825416+00:00 [running]> on host c02cc3ae2ef1
[2025-12-21T20:39:18.194+0000] {taskinstance.py:3134} INFO - Exporting env vars: AIRFLOW_CTX_DAG_OWNER='***' AIRFLOW_CTX_DAG_ID='init_schema_airline' AIRFLOW_CTX_TASK_ID='create_metrics_table' AIRFLOW_CTX_EXECUTION_DATE='2025-12-21T20:39:12.825416+00:00' AIRFLOW_CTX_TRY_NUMBER='1' AIRFLOW_CTX_DAG_RUN_ID='manual__2025-12-21T20:39:12.825416+00:00'
[2025-12-21T20:39:18.196+0000] {logging_mixin.py:190} INFO - Task instance is in running state
[2025-12-21T20:39:18.197+0000] {logging_mixin.py:190} INFO -  Previous state of the Task instance: queued
[2025-12-21T20:39:18.198+0000] {logging_mixin.py:190} INFO - Current task name:create_metrics_table state:running start_date:2025-12-21 20:39:17.988712+00:00
[2025-12-21T20:39:18.198+0000] {logging_mixin.py:190} INFO - Dag name:init_schema_airline and current dag run status:running
[2025-12-21T20:39:18.199+0000] {taskinstance.py:732} INFO - ::endgroup::
[2025-12-21T20:39:18.199+0000] {sql.py:295} INFO - Executing: 
        -- Таблица для хранения ежедневной статистики по рейсам
        CREATE TABLE IF NOT EXISTS logistic.daily_flights_count (
            flight_date DATE PRIMARY KEY,  -- Дата рейса
            flight_count INTEGER NOT NULL  -- Количество рейсов
        );
        
[2025-12-21T20:39:18.208+0000] {base.py:84} INFO - Retrieving connection '***_db'
[2025-12-21T20:39:18.218+0000] {base.py:84} INFO - Retrieving connection '***_db'
[2025-12-21T20:39:18.219+0000] {sql.py:186} WARNING - This setter is for backward compatibility and should not be used.
Since the introduction of connection property, the providers listed below breaks due to assigning value to self.connection in their __init__ method.
* apache-***-providers-mysql<5.7.1
* apache-***-providers-elasticsearch<5.5.1
* apache-***-providers-postgres<5.13.0
[2025-12-21T20:39:18.224+0000] {sql.py:511} INFO - Running statement: 
        -- Таблица для хранения ежедневной статистики по рейсам
        CREATE TABLE IF NOT EXISTS logistic.daily_flights_count (
            flight_date DATE PRIMARY KEY,  -- Дата рейса
            flight_count INTEGER NOT NULL  -- Количество рейсов
        );
        , parameters: None
[2025-12-21T20:39:18.235+0000] {warnings.py:112} WARNING - /home/***/.local/lib/python3.12/site-packages/***/providers/common/sql/hooks/sql.py:470: DeprecationWarning: Import of fetch_all_handler from the '***.providers.common.sql.hooks' module is deprecated and will
be removed in the future. Please import it from '***.providers.common.sql.hooks.handlers'.
  result = self._make_common_data_structure(handler(cur))

[2025-12-21T20:39:18.236+0000] {warnings.py:112} WARNING - /home/***/.local/lib/python3.12/site-packages/***/providers/common/sql/hooks/sql.py:471: DeprecationWarning: Import of return_single_query_results from the '***.providers.common.sql.hooks' module is deprecated and will
be removed in the future. Please import it from '***.providers.common.sql.hooks.handlers'.
  if return_single_query_results(sql, return_last, split_statements):

[2025-12-21T20:39:18.241+0000] {warnings.py:112} WARNING - /home/***/.local/lib/python3.12/site-packages/***/providers/common/sql/hooks/sql.py:486: DeprecationWarning: Import of return_single_query_results from the '***.providers.common.sql.hooks' module is deprecated and will
be removed in the future. Please import it from '***.providers.common.sql.hooks.handlers'.
  if return_single_query_results(sql, return_last, split_statements):

[2025-12-21T20:39:18.242+0000] {warnings.py:112} WARNING - /home/***/.local/lib/python3.12/site-packages/***/providers/common/sql/operators/sql.py:311: DeprecationWarning: Import of return_single_query_results from the '***.providers.common.sql.hooks' module is deprecated and will
be removed in the future. Please import it from '***.providers.common.sql.hooks.handlers'.
  if return_single_query_results(self.sql, self.return_last, self.split_statements):

[2025-12-21T20:39:18.262+0000] {taskinstance.py:341} INFO - ::group::Post task execution logs
[2025-12-21T20:39:18.263+0000] {taskinstance.py:353} INFO - Marking task as SUCCESS. dag_id=init_schema_airline, task_id=create_metrics_table, run_id=manual__2025-12-21T20:39:12.825416+00:00, execution_date=20251221T203912, start_date=20251221T203917, end_date=20251221T203918
[2025-12-21T20:39:18.312+0000] {logging_mixin.py:190} INFO - Task instance in success state
[2025-12-21T20:39:18.313+0000] {logging_mixin.py:190} INFO -  Previous state of the Task instance: running
[2025-12-21T20:39:18.315+0000] {logging_mixin.py:190} INFO - Dag name:init_schema_airline queued_at:2025-12-21 20:39:12.849446+00:00
[2025-12-21T20:39:18.316+0000] {logging_mixin.py:190} INFO - Task hostname:c02cc3ae2ef1 operator:PostgresOperator
[2025-12-21T20:39:18.352+0000] {local_task_job_runner.py:266} INFO - Task exited with return code 0
[2025-12-21T20:39:18.384+0000] {taskinstance.py:3901} INFO - 0 downstream tasks scheduled from follow-on schedule check
[2025-12-21T20:39:18.390+0000] {local_task_job_runner.py:245} INFO - ::endgroup::
