[2025-12-21T20:42:55.115+0000] {local_task_job_runner.py:123} INFO - ::group::Pre task execution logs
[2025-12-21T20:42:55.631+0000] {taskinstance.py:2614} INFO - Dependencies all met for dep_context=non-requeueable deps ti=<TaskInstance: init_airline_data.generate_flight_chunks.generate_chunk_6 scheduled__2023-01-01T00:00:00+00:00 [queued]>
[2025-12-21T20:42:55.651+0000] {taskinstance.py:2614} INFO - Dependencies all met for dep_context=requeueable deps ti=<TaskInstance: init_airline_data.generate_flight_chunks.generate_chunk_6 scheduled__2023-01-01T00:00:00+00:00 [queued]>
[2025-12-21T20:42:55.652+0000] {taskinstance.py:2867} INFO - Starting attempt 1 of 2
[2025-12-21T20:42:55.679+0000] {taskinstance.py:2890} INFO - Executing <Task(PythonOperator): generate_flight_chunks.generate_chunk_6> on 2023-01-01 00:00:00+00:00
[2025-12-21T20:42:55.696+0000] {standard_task_runner.py:104} INFO - Running: ['***', 'tasks', 'run', 'init_airline_data', 'generate_flight_chunks.generate_chunk_6', 'scheduled__2023-01-01T00:00:00+00:00', '--job-id', '9', '--raw', '--subdir', 'DAGS_FOLDER/init_data.py', '--cfg-path', '/tmp/tmpvb132p8o']
[2025-12-21T20:42:55.695+0000] {warnings.py:112} WARNING - /home/***/.local/lib/python3.12/site-packages/***/task/task_runner/standard_task_runner.py:70: DeprecationWarning: This process (pid=309) is multi-threaded, use of fork() may lead to deadlocks in the child.
  pid = os.fork()

[2025-12-21T20:42:55.698+0000] {standard_task_runner.py:105} INFO - Job 9: Subtask generate_flight_chunks.generate_chunk_6
[2025-12-21T20:42:55.698+0000] {standard_task_runner.py:72} INFO - Started process 339 to run task
[2025-12-21T20:42:55.799+0000] {task_command.py:467} INFO - Running <TaskInstance: init_airline_data.generate_flight_chunks.generate_chunk_6 scheduled__2023-01-01T00:00:00+00:00 [running]> on host c02cc3ae2ef1
[2025-12-21T20:42:56.021+0000] {taskinstance.py:3134} INFO - Exporting env vars: AIRFLOW_CTX_DAG_OWNER='***' AIRFLOW_CTX_DAG_ID='init_airline_data' AIRFLOW_CTX_TASK_ID='generate_flight_chunks.generate_chunk_6' AIRFLOW_CTX_EXECUTION_DATE='2023-01-01T00:00:00+00:00' AIRFLOW_CTX_TRY_NUMBER='1' AIRFLOW_CTX_DAG_RUN_ID='scheduled__2023-01-01T00:00:00+00:00'
[2025-12-21T20:42:56.031+0000] {logging_mixin.py:190} INFO - Task instance is in running state
[2025-12-21T20:42:56.032+0000] {logging_mixin.py:190} INFO -  Previous state of the Task instance: queued
[2025-12-21T20:42:56.033+0000] {logging_mixin.py:190} INFO - Current task name:generate_flight_chunks.generate_chunk_6 state:running start_date:2025-12-21 20:42:55.632372+00:00
[2025-12-21T20:42:56.033+0000] {logging_mixin.py:190} INFO - Dag name:init_airline_data and current dag run status:running
[2025-12-21T20:42:56.034+0000] {taskinstance.py:732} INFO - ::endgroup::
[2025-12-21T20:42:56.254+0000] {base.py:84} INFO - Retrieving connection '***_db'
[2025-12-21T20:42:56.267+0000] {sql.py:186} WARNING - This setter is for backward compatibility and should not be used.
Since the introduction of connection property, the providers listed below breaks due to assigning value to self.connection in their __init__ method.
* apache-***-providers-mysql<5.7.1
* apache-***-providers-elasticsearch<5.5.1
* apache-***-providers-postgres<5.13.0
[2025-12-21T20:42:58.766+0000] {local_task_job_runner.py:266} INFO - Task exited with return code -9. For more information, see https://***.apache.org/docs/apache-***/stable/troubleshooting.html#LocalTaskJob-killed
[2025-12-21T20:42:59.286+0000] {taskinstance.py:3901} INFO - 0 downstream tasks scheduled from follow-on schedule check
[2025-12-21T20:42:59.303+0000] {local_task_job_runner.py:245} INFO - ::endgroup::
