[2025-12-21T20:43:14.077+0000] {local_task_job_runner.py:123} INFO - ::group::Pre task execution logs
[2025-12-21T20:43:14.424+0000] {taskinstance.py:2614} INFO - Dependencies all met for dep_context=non-requeueable deps ti=<TaskInstance: init_airline_data.generate_flight_chunks.generate_chunk_8 scheduled__2023-01-01T00:00:00+00:00 [queued]>
[2025-12-21T20:43:14.442+0000] {taskinstance.py:2614} INFO - Dependencies all met for dep_context=requeueable deps ti=<TaskInstance: init_airline_data.generate_flight_chunks.generate_chunk_8 scheduled__2023-01-01T00:00:00+00:00 [queued]>
[2025-12-21T20:43:14.443+0000] {taskinstance.py:2867} INFO - Starting attempt 1 of 2
[2025-12-21T20:43:14.467+0000] {taskinstance.py:2890} INFO - Executing <Task(PythonOperator): generate_flight_chunks.generate_chunk_8> on 2023-01-01 00:00:00+00:00
[2025-12-21T20:43:14.478+0000] {warnings.py:112} WARNING - /home/***/.local/lib/python3.12/site-packages/***/task/task_runner/standard_task_runner.py:70: DeprecationWarning: This process (pid=314) is multi-threaded, use of fork() may lead to deadlocks in the child.
  pid = os.fork()

[2025-12-21T20:43:14.480+0000] {standard_task_runner.py:72} INFO - Started process 349 to run task
[2025-12-21T20:43:14.481+0000] {standard_task_runner.py:104} INFO - Running: ['***', 'tasks', 'run', 'init_airline_data', 'generate_flight_chunks.generate_chunk_8', 'scheduled__2023-01-01T00:00:00+00:00', '--job-id', '14', '--raw', '--subdir', 'DAGS_FOLDER/init_data.py', '--cfg-path', '/tmp/tmpdmxntjnn']
[2025-12-21T20:43:14.482+0000] {standard_task_runner.py:105} INFO - Job 14: Subtask generate_flight_chunks.generate_chunk_8
[2025-12-21T20:43:14.982+0000] {task_command.py:467} INFO - Running <TaskInstance: init_airline_data.generate_flight_chunks.generate_chunk_8 scheduled__2023-01-01T00:00:00+00:00 [running]> on host c02cc3ae2ef1
[2025-12-21T20:43:15.134+0000] {taskinstance.py:3134} INFO - Exporting env vars: AIRFLOW_CTX_DAG_OWNER='***' AIRFLOW_CTX_DAG_ID='init_airline_data' AIRFLOW_CTX_TASK_ID='generate_flight_chunks.generate_chunk_8' AIRFLOW_CTX_EXECUTION_DATE='2023-01-01T00:00:00+00:00' AIRFLOW_CTX_TRY_NUMBER='1' AIRFLOW_CTX_DAG_RUN_ID='scheduled__2023-01-01T00:00:00+00:00'
[2025-12-21T20:43:15.137+0000] {logging_mixin.py:190} INFO - Task instance is in running state
[2025-12-21T20:43:15.141+0000] {logging_mixin.py:190} INFO -  Previous state of the Task instance: queued
[2025-12-21T20:43:15.145+0000] {logging_mixin.py:190} INFO - Current task name:generate_flight_chunks.generate_chunk_8 state:running start_date:2025-12-21 20:43:14.424812+00:00
[2025-12-21T20:43:15.147+0000] {logging_mixin.py:190} INFO - Dag name:init_airline_data and current dag run status:running
[2025-12-21T20:43:15.148+0000] {taskinstance.py:732} INFO - ::endgroup::
[2025-12-21T20:43:15.169+0000] {base.py:84} INFO - Retrieving connection '***_db'
[2025-12-21T20:43:15.177+0000] {sql.py:186} WARNING - This setter is for backward compatibility and should not be used.
Since the introduction of connection property, the providers listed below breaks due to assigning value to self.connection in their __init__ method.
* apache-***-providers-mysql<5.7.1
* apache-***-providers-elasticsearch<5.5.1
* apache-***-providers-postgres<5.13.0
[2025-12-21T20:43:15.929+0000] {python.py:240} INFO - Done. Returned value was: Вставлено 1000 рейсов в порции 8
[2025-12-21T20:43:16.123+0000] {taskinstance.py:341} INFO - ::group::Post task execution logs
[2025-12-21T20:43:16.128+0000] {taskinstance.py:353} INFO - Marking task as SUCCESS. dag_id=init_airline_data, task_id=generate_flight_chunks.generate_chunk_8, run_id=scheduled__2023-01-01T00:00:00+00:00, execution_date=20230101T000000, start_date=20251221T204314, end_date=20251221T204316
[2025-12-21T20:43:16.544+0000] {logging_mixin.py:190} INFO - Task instance in success state
[2025-12-21T20:43:16.547+0000] {logging_mixin.py:190} INFO -  Previous state of the Task instance: running
[2025-12-21T20:43:16.548+0000] {logging_mixin.py:190} INFO - Dag name:init_airline_data queued_at:2025-12-21 20:39:54.700264+00:00
[2025-12-21T20:43:16.548+0000] {logging_mixin.py:190} INFO - Task hostname:c02cc3ae2ef1 operator:PythonOperator
[2025-12-21T20:43:16.600+0000] {local_task_job_runner.py:266} INFO - Task exited with return code 0
[2025-12-21T20:43:16.682+0000] {local_task_job_runner.py:245} INFO - ::endgroup::
