[2025-12-04T12:26:22.219+0000] {processor.py:186} INFO - Started process (PID=42) to work on /opt/airflow/dags/init_schema.py
[2025-12-04T12:26:22.219+0000] {processor.py:914} INFO - Processing file /opt/airflow/dags/init_schema.py for tasks to queue
[2025-12-04T12:26:22.222+0000] {logging_mixin.py:190} INFO - [2025-12-04T12:26:22.221+0000] {dagbag.py:588} INFO - Filling up the DagBag from /opt/airflow/dags/init_schema.py
[2025-12-04T12:26:22.229+0000] {processor.py:925} INFO - DAG(s) 'init_schema' retrieved from /opt/airflow/dags/init_schema.py
[2025-12-04T12:26:22.361+0000] {logging_mixin.py:190} INFO - [2025-12-04T12:26:22.360+0000] {override.py:1912} INFO - Created Permission View: can delete on DAG:init_schema
[2025-12-04T12:26:22.373+0000] {logging_mixin.py:190} INFO - [2025-12-04T12:26:22.373+0000] {override.py:1912} INFO - Created Permission View: can edit on DAG:init_schema
[2025-12-04T12:26:22.381+0000] {logging_mixin.py:190} INFO - [2025-12-04T12:26:22.380+0000] {override.py:1912} INFO - Created Permission View: can read on DAG:init_schema
[2025-12-04T12:26:22.390+0000] {logging_mixin.py:190} INFO - [2025-12-04T12:26:22.390+0000] {override.py:1912} INFO - Created Permission View: can delete on DAG Run:init_schema
[2025-12-04T12:26:22.397+0000] {logging_mixin.py:190} INFO - [2025-12-04T12:26:22.397+0000] {override.py:1912} INFO - Created Permission View: can read on DAG Run:init_schema
[2025-12-04T12:26:22.403+0000] {logging_mixin.py:190} INFO - [2025-12-04T12:26:22.403+0000] {override.py:1912} INFO - Created Permission View: can create on DAG Run:init_schema
[2025-12-04T12:26:22.409+0000] {logging_mixin.py:190} INFO - [2025-12-04T12:26:22.409+0000] {override.py:1912} INFO - Created Permission View: menu access on DAG Run:init_schema
[2025-12-04T12:26:22.410+0000] {logging_mixin.py:190} INFO - [2025-12-04T12:26:22.409+0000] {dag.py:3239} INFO - Sync 1 DAGs
[2025-12-04T12:26:22.423+0000] {logging_mixin.py:190} INFO - [2025-12-04T12:26:22.423+0000] {dag.py:3262} INFO - Creating ORM DAG for init_schema
[2025-12-04T12:26:22.432+0000] {logging_mixin.py:190} INFO - [2025-12-04T12:26:22.431+0000] {dag.py:4180} INFO - Setting next_dagrun for init_schema to 2023-01-01 00:00:00+00:00, run_after=2023-01-01 00:00:00+00:00
[2025-12-04T12:26:22.449+0000] {processor.py:208} INFO - Processing /opt/airflow/dags/init_schema.py took 0.235 seconds
[2025-12-04T12:26:52.513+0000] {processor.py:186} INFO - Started process (PID=107) to work on /opt/airflow/dags/init_schema.py
[2025-12-04T12:26:52.515+0000] {processor.py:914} INFO - Processing file /opt/airflow/dags/init_schema.py for tasks to queue
[2025-12-04T12:26:52.518+0000] {logging_mixin.py:190} INFO - [2025-12-04T12:26:52.518+0000] {dagbag.py:588} INFO - Filling up the DagBag from /opt/airflow/dags/init_schema.py
[2025-12-04T12:26:52.531+0000] {processor.py:925} INFO - DAG(s) 'init_schema' retrieved from /opt/airflow/dags/init_schema.py
[2025-12-04T12:26:52.559+0000] {logging_mixin.py:190} INFO - [2025-12-04T12:26:52.559+0000] {dag.py:3239} INFO - Sync 1 DAGs
[2025-12-04T12:26:52.594+0000] {logging_mixin.py:190} INFO - [2025-12-04T12:26:52.594+0000] {dag.py:4180} INFO - Setting next_dagrun for init_schema to 2023-01-01 00:00:00+00:00, run_after=2023-01-01 00:00:00+00:00
[2025-12-04T12:26:52.620+0000] {processor.py:208} INFO - Processing /opt/airflow/dags/init_schema.py took 0.117 seconds
[2025-12-04T12:27:23.166+0000] {processor.py:186} INFO - Started process (PID=173) to work on /opt/airflow/dags/init_schema.py
[2025-12-04T12:27:23.168+0000] {processor.py:914} INFO - Processing file /opt/airflow/dags/init_schema.py for tasks to queue
[2025-12-04T12:27:23.172+0000] {logging_mixin.py:190} INFO - [2025-12-04T12:27:23.172+0000] {dagbag.py:588} INFO - Filling up the DagBag from /opt/airflow/dags/init_schema.py
[2025-12-04T12:27:23.184+0000] {processor.py:925} INFO - DAG(s) 'init_schema' retrieved from /opt/airflow/dags/init_schema.py
[2025-12-04T12:27:23.213+0000] {logging_mixin.py:190} INFO - [2025-12-04T12:27:23.212+0000] {dag.py:3239} INFO - Sync 1 DAGs
[2025-12-04T12:27:23.245+0000] {logging_mixin.py:190} INFO - [2025-12-04T12:27:23.244+0000] {dag.py:4180} INFO - Setting next_dagrun for init_schema to 2023-01-01 00:00:00+00:00, run_after=2023-01-01 00:00:00+00:00
[2025-12-04T12:27:23.273+0000] {processor.py:208} INFO - Processing /opt/airflow/dags/init_schema.py took 0.115 seconds
[2025-12-04T12:27:54.209+0000] {processor.py:186} INFO - Started process (PID=239) to work on /opt/airflow/dags/init_schema.py
[2025-12-04T12:27:54.210+0000] {processor.py:914} INFO - Processing file /opt/airflow/dags/init_schema.py for tasks to queue
[2025-12-04T12:27:54.212+0000] {logging_mixin.py:190} INFO - [2025-12-04T12:27:54.212+0000] {dagbag.py:588} INFO - Filling up the DagBag from /opt/airflow/dags/init_schema.py
[2025-12-04T12:27:54.222+0000] {processor.py:925} INFO - DAG(s) 'init_schema' retrieved from /opt/airflow/dags/init_schema.py
[2025-12-04T12:27:54.248+0000] {logging_mixin.py:190} INFO - [2025-12-04T12:27:54.248+0000] {dag.py:3239} INFO - Sync 1 DAGs
[2025-12-04T12:27:54.285+0000] {logging_mixin.py:190} INFO - [2025-12-04T12:27:54.284+0000] {dag.py:4180} INFO - Setting next_dagrun for init_schema to 2023-01-01 00:00:00+00:00, run_after=2023-01-01 00:00:00+00:00
[2025-12-04T12:27:54.311+0000] {processor.py:208} INFO - Processing /opt/airflow/dags/init_schema.py took 0.110 seconds
[2025-12-04T12:28:24.628+0000] {processor.py:186} INFO - Started process (PID=305) to work on /opt/airflow/dags/init_schema.py
[2025-12-04T12:28:24.629+0000] {processor.py:914} INFO - Processing file /opt/airflow/dags/init_schema.py for tasks to queue
[2025-12-04T12:28:24.633+0000] {logging_mixin.py:190} INFO - [2025-12-04T12:28:24.633+0000] {dagbag.py:588} INFO - Filling up the DagBag from /opt/airflow/dags/init_schema.py
[2025-12-04T12:28:24.647+0000] {processor.py:925} INFO - DAG(s) 'init_schema' retrieved from /opt/airflow/dags/init_schema.py
[2025-12-04T12:28:24.673+0000] {logging_mixin.py:190} INFO - [2025-12-04T12:28:24.673+0000] {dag.py:3239} INFO - Sync 1 DAGs
[2025-12-04T12:28:24.707+0000] {logging_mixin.py:190} INFO - [2025-12-04T12:28:24.707+0000] {dag.py:4180} INFO - Setting next_dagrun for init_schema to 2023-01-01 00:00:00+00:00, run_after=2023-01-01 00:00:00+00:00
[2025-12-04T12:28:24.734+0000] {processor.py:208} INFO - Processing /opt/airflow/dags/init_schema.py took 0.117 seconds
[2025-12-04T12:28:55.007+0000] {processor.py:186} INFO - Started process (PID=371) to work on /opt/airflow/dags/init_schema.py
[2025-12-04T12:28:55.008+0000] {processor.py:914} INFO - Processing file /opt/airflow/dags/init_schema.py for tasks to queue
[2025-12-04T12:28:55.010+0000] {logging_mixin.py:190} INFO - [2025-12-04T12:28:55.010+0000] {dagbag.py:588} INFO - Filling up the DagBag from /opt/airflow/dags/init_schema.py
[2025-12-04T12:28:55.019+0000] {processor.py:925} INFO - DAG(s) 'init_schema' retrieved from /opt/airflow/dags/init_schema.py
[2025-12-04T12:28:55.048+0000] {logging_mixin.py:190} INFO - [2025-12-04T12:28:55.047+0000] {dag.py:3239} INFO - Sync 1 DAGs
[2025-12-04T12:28:55.082+0000] {logging_mixin.py:190} INFO - [2025-12-04T12:28:55.081+0000] {dag.py:4180} INFO - Setting next_dagrun for init_schema to 2023-01-01 00:00:00+00:00, run_after=2023-01-01 00:00:00+00:00
[2025-12-04T12:28:55.111+0000] {processor.py:208} INFO - Processing /opt/airflow/dags/init_schema.py took 0.112 seconds
[2025-12-04T12:29:25.294+0000] {processor.py:186} INFO - Started process (PID=437) to work on /opt/airflow/dags/init_schema.py
[2025-12-04T12:29:25.294+0000] {processor.py:914} INFO - Processing file /opt/airflow/dags/init_schema.py for tasks to queue
[2025-12-04T12:29:25.297+0000] {logging_mixin.py:190} INFO - [2025-12-04T12:29:25.296+0000] {dagbag.py:588} INFO - Filling up the DagBag from /opt/airflow/dags/init_schema.py
[2025-12-04T12:29:25.305+0000] {processor.py:925} INFO - DAG(s) 'init_schema' retrieved from /opt/airflow/dags/init_schema.py
[2025-12-04T12:29:25.328+0000] {logging_mixin.py:190} INFO - [2025-12-04T12:29:25.328+0000] {dag.py:3239} INFO - Sync 1 DAGs
[2025-12-04T12:29:25.360+0000] {logging_mixin.py:190} INFO - [2025-12-04T12:29:25.360+0000] {dag.py:4180} INFO - Setting next_dagrun for init_schema to 2023-01-01 00:00:00+00:00, run_after=2023-01-01 00:00:00+00:00
[2025-12-04T12:29:25.385+0000] {processor.py:208} INFO - Processing /opt/airflow/dags/init_schema.py took 0.098 seconds
[2025-12-04T12:29:56.266+0000] {processor.py:186} INFO - Started process (PID=503) to work on /opt/airflow/dags/init_schema.py
[2025-12-04T12:29:56.267+0000] {processor.py:914} INFO - Processing file /opt/airflow/dags/init_schema.py for tasks to queue
[2025-12-04T12:29:56.269+0000] {logging_mixin.py:190} INFO - [2025-12-04T12:29:56.269+0000] {dagbag.py:588} INFO - Filling up the DagBag from /opt/airflow/dags/init_schema.py
[2025-12-04T12:29:56.278+0000] {processor.py:925} INFO - DAG(s) 'init_schema' retrieved from /opt/airflow/dags/init_schema.py
[2025-12-04T12:29:56.304+0000] {logging_mixin.py:190} INFO - [2025-12-04T12:29:56.304+0000] {dag.py:3239} INFO - Sync 1 DAGs
[2025-12-04T12:29:56.337+0000] {logging_mixin.py:190} INFO - [2025-12-04T12:29:56.336+0000] {dag.py:4180} INFO - Setting next_dagrun for init_schema to 2023-01-01 00:00:00+00:00, run_after=2023-01-01 00:00:00+00:00
[2025-12-04T12:29:56.374+0000] {processor.py:208} INFO - Processing /opt/airflow/dags/init_schema.py took 0.115 seconds
[2025-12-04T12:30:26.532+0000] {processor.py:186} INFO - Started process (PID=569) to work on /opt/airflow/dags/init_schema.py
[2025-12-04T12:30:26.534+0000] {processor.py:914} INFO - Processing file /opt/airflow/dags/init_schema.py for tasks to queue
[2025-12-04T12:30:26.537+0000] {logging_mixin.py:190} INFO - [2025-12-04T12:30:26.537+0000] {dagbag.py:588} INFO - Filling up the DagBag from /opt/airflow/dags/init_schema.py
[2025-12-04T12:30:26.550+0000] {processor.py:925} INFO - DAG(s) 'init_schema' retrieved from /opt/airflow/dags/init_schema.py
[2025-12-04T12:30:26.578+0000] {logging_mixin.py:190} INFO - [2025-12-04T12:30:26.577+0000] {dag.py:3239} INFO - Sync 1 DAGs
[2025-12-04T12:30:26.611+0000] {logging_mixin.py:190} INFO - [2025-12-04T12:30:26.611+0000] {dag.py:4180} INFO - Setting next_dagrun for init_schema to 2023-01-01 00:00:00+00:00, run_after=2023-01-01 00:00:00+00:00
[2025-12-04T12:30:26.637+0000] {processor.py:208} INFO - Processing /opt/airflow/dags/init_schema.py took 0.115 seconds
[2025-12-04T12:30:57.283+0000] {processor.py:186} INFO - Started process (PID=635) to work on /opt/airflow/dags/init_schema.py
[2025-12-04T12:30:57.284+0000] {processor.py:914} INFO - Processing file /opt/airflow/dags/init_schema.py for tasks to queue
[2025-12-04T12:30:57.288+0000] {logging_mixin.py:190} INFO - [2025-12-04T12:30:57.287+0000] {dagbag.py:588} INFO - Filling up the DagBag from /opt/airflow/dags/init_schema.py
[2025-12-04T12:30:57.300+0000] {processor.py:925} INFO - DAG(s) 'init_schema' retrieved from /opt/airflow/dags/init_schema.py
[2025-12-04T12:30:57.325+0000] {logging_mixin.py:190} INFO - [2025-12-04T12:30:57.324+0000] {dag.py:3239} INFO - Sync 1 DAGs
[2025-12-04T12:30:57.359+0000] {logging_mixin.py:190} INFO - [2025-12-04T12:30:57.359+0000] {dag.py:4180} INFO - Setting next_dagrun for init_schema to 2023-01-01 00:00:00+00:00, run_after=2023-01-01 00:00:00+00:00
[2025-12-04T12:30:57.386+0000] {processor.py:208} INFO - Processing /opt/airflow/dags/init_schema.py took 0.111 seconds
[2025-12-04T12:31:27.927+0000] {processor.py:186} INFO - Started process (PID=701) to work on /opt/airflow/dags/init_schema.py
[2025-12-04T12:31:27.929+0000] {processor.py:914} INFO - Processing file /opt/airflow/dags/init_schema.py for tasks to queue
[2025-12-04T12:31:27.932+0000] {logging_mixin.py:190} INFO - [2025-12-04T12:31:27.932+0000] {dagbag.py:588} INFO - Filling up the DagBag from /opt/airflow/dags/init_schema.py
[2025-12-04T12:31:27.946+0000] {processor.py:925} INFO - DAG(s) 'init_schema' retrieved from /opt/airflow/dags/init_schema.py
[2025-12-04T12:31:27.974+0000] {logging_mixin.py:190} INFO - [2025-12-04T12:31:27.973+0000] {dag.py:3239} INFO - Sync 1 DAGs
[2025-12-04T12:31:28.008+0000] {logging_mixin.py:190} INFO - [2025-12-04T12:31:28.007+0000] {dag.py:4180} INFO - Setting next_dagrun for init_schema to 2023-01-01 00:00:00+00:00, run_after=2023-01-01 00:00:00+00:00
[2025-12-04T12:31:28.037+0000] {processor.py:208} INFO - Processing /opt/airflow/dags/init_schema.py took 0.120 seconds
[2025-12-04T12:31:58.517+0000] {processor.py:186} INFO - Started process (PID=767) to work on /opt/airflow/dags/init_schema.py
[2025-12-04T12:31:58.519+0000] {processor.py:914} INFO - Processing file /opt/airflow/dags/init_schema.py for tasks to queue
[2025-12-04T12:31:58.522+0000] {logging_mixin.py:190} INFO - [2025-12-04T12:31:58.521+0000] {dagbag.py:588} INFO - Filling up the DagBag from /opt/airflow/dags/init_schema.py
[2025-12-04T12:31:58.531+0000] {processor.py:925} INFO - DAG(s) 'init_schema' retrieved from /opt/airflow/dags/init_schema.py
[2025-12-04T12:31:58.557+0000] {logging_mixin.py:190} INFO - [2025-12-04T12:31:58.556+0000] {dag.py:3239} INFO - Sync 1 DAGs
[2025-12-04T12:31:58.588+0000] {logging_mixin.py:190} INFO - [2025-12-04T12:31:58.587+0000] {dag.py:4180} INFO - Setting next_dagrun for init_schema to 2023-01-01 00:00:00+00:00, run_after=2023-01-01 00:00:00+00:00
[2025-12-04T12:31:58.613+0000] {processor.py:208} INFO - Processing /opt/airflow/dags/init_schema.py took 0.103 seconds
[2025-12-04T12:32:28.968+0000] {processor.py:186} INFO - Started process (PID=833) to work on /opt/airflow/dags/init_schema.py
[2025-12-04T12:32:28.969+0000] {processor.py:914} INFO - Processing file /opt/airflow/dags/init_schema.py for tasks to queue
[2025-12-04T12:32:28.972+0000] {logging_mixin.py:190} INFO - [2025-12-04T12:32:28.972+0000] {dagbag.py:588} INFO - Filling up the DagBag from /opt/airflow/dags/init_schema.py
[2025-12-04T12:32:28.982+0000] {processor.py:925} INFO - DAG(s) 'init_schema' retrieved from /opt/airflow/dags/init_schema.py
[2025-12-04T12:32:29.006+0000] {logging_mixin.py:190} INFO - [2025-12-04T12:32:29.006+0000] {dag.py:3239} INFO - Sync 1 DAGs
[2025-12-04T12:32:29.037+0000] {logging_mixin.py:190} INFO - [2025-12-04T12:32:29.037+0000] {dag.py:4180} INFO - Setting next_dagrun for init_schema to 2023-01-01 00:00:00+00:00, run_after=2023-01-01 00:00:00+00:00
[2025-12-04T12:32:29.070+0000] {processor.py:208} INFO - Processing /opt/airflow/dags/init_schema.py took 0.110 seconds
[2025-12-04T12:32:59.457+0000] {processor.py:186} INFO - Started process (PID=900) to work on /opt/airflow/dags/init_schema.py
[2025-12-04T12:32:59.458+0000] {processor.py:914} INFO - Processing file /opt/airflow/dags/init_schema.py for tasks to queue
[2025-12-04T12:32:59.461+0000] {logging_mixin.py:190} INFO - [2025-12-04T12:32:59.461+0000] {dagbag.py:588} INFO - Filling up the DagBag from /opt/airflow/dags/init_schema.py
[2025-12-04T12:32:59.474+0000] {processor.py:925} INFO - DAG(s) 'init_schema' retrieved from /opt/airflow/dags/init_schema.py
[2025-12-04T12:32:59.502+0000] {logging_mixin.py:190} INFO - [2025-12-04T12:32:59.502+0000] {dag.py:3239} INFO - Sync 1 DAGs
[2025-12-04T12:32:59.536+0000] {logging_mixin.py:190} INFO - [2025-12-04T12:32:59.536+0000] {dag.py:4180} INFO - Setting next_dagrun for init_schema to 2023-01-01 00:00:00+00:00, run_after=2023-01-01 00:00:00+00:00
[2025-12-04T12:32:59.565+0000] {processor.py:208} INFO - Processing /opt/airflow/dags/init_schema.py took 0.119 seconds
[2025-12-04T12:33:30.181+0000] {processor.py:186} INFO - Started process (PID=966) to work on /opt/airflow/dags/init_schema.py
[2025-12-04T12:33:30.182+0000] {processor.py:914} INFO - Processing file /opt/airflow/dags/init_schema.py for tasks to queue
[2025-12-04T12:33:30.186+0000] {logging_mixin.py:190} INFO - [2025-12-04T12:33:30.185+0000] {dagbag.py:588} INFO - Filling up the DagBag from /opt/airflow/dags/init_schema.py
[2025-12-04T12:33:30.200+0000] {processor.py:925} INFO - DAG(s) 'init_schema' retrieved from /opt/airflow/dags/init_schema.py
[2025-12-04T12:33:30.228+0000] {logging_mixin.py:190} INFO - [2025-12-04T12:33:30.228+0000] {dag.py:3239} INFO - Sync 1 DAGs
[2025-12-04T12:33:30.266+0000] {logging_mixin.py:190} INFO - [2025-12-04T12:33:30.266+0000] {dag.py:4180} INFO - Setting next_dagrun for init_schema to 2023-01-01 00:00:00+00:00, run_after=2023-01-01 00:00:00+00:00
[2025-12-04T12:33:30.295+0000] {processor.py:208} INFO - Processing /opt/airflow/dags/init_schema.py took 0.125 seconds
[2025-12-04T12:34:00.832+0000] {processor.py:186} INFO - Started process (PID=1032) to work on /opt/airflow/dags/init_schema.py
[2025-12-04T12:34:00.836+0000] {processor.py:914} INFO - Processing file /opt/airflow/dags/init_schema.py for tasks to queue
[2025-12-04T12:34:00.838+0000] {logging_mixin.py:190} INFO - [2025-12-04T12:34:00.838+0000] {dagbag.py:588} INFO - Filling up the DagBag from /opt/airflow/dags/init_schema.py
[2025-12-04T12:34:00.845+0000] {processor.py:925} INFO - DAG(s) 'init_schema' retrieved from /opt/airflow/dags/init_schema.py
[2025-12-04T12:34:00.874+0000] {logging_mixin.py:190} INFO - [2025-12-04T12:34:00.874+0000] {dag.py:3239} INFO - Sync 1 DAGs
[2025-12-04T12:34:00.910+0000] {logging_mixin.py:190} INFO - [2025-12-04T12:34:00.910+0000] {dag.py:4180} INFO - Setting next_dagrun for init_schema to 2023-01-01 00:00:00+00:00, run_after=2023-01-01 00:00:00+00:00
[2025-12-04T12:34:00.933+0000] {processor.py:208} INFO - Processing /opt/airflow/dags/init_schema.py took 0.108 seconds
[2025-12-04T12:34:31.134+0000] {processor.py:186} INFO - Started process (PID=1098) to work on /opt/airflow/dags/init_schema.py
[2025-12-04T12:34:31.135+0000] {processor.py:914} INFO - Processing file /opt/airflow/dags/init_schema.py for tasks to queue
[2025-12-04T12:34:31.137+0000] {logging_mixin.py:190} INFO - [2025-12-04T12:34:31.136+0000] {dagbag.py:588} INFO - Filling up the DagBag from /opt/airflow/dags/init_schema.py
[2025-12-04T12:34:31.144+0000] {processor.py:925} INFO - DAG(s) 'init_schema' retrieved from /opt/airflow/dags/init_schema.py
[2025-12-04T12:34:31.165+0000] {logging_mixin.py:190} INFO - [2025-12-04T12:34:31.165+0000] {dag.py:3239} INFO - Sync 1 DAGs
[2025-12-04T12:34:31.193+0000] {logging_mixin.py:190} INFO - [2025-12-04T12:34:31.192+0000] {dag.py:4180} INFO - Setting next_dagrun for init_schema to 2023-01-01 00:00:00+00:00, run_after=2023-01-01 00:00:00+00:00
[2025-12-04T12:34:31.213+0000] {processor.py:208} INFO - Processing /opt/airflow/dags/init_schema.py took 0.085 seconds
[2025-12-04T12:35:01.875+0000] {processor.py:186} INFO - Started process (PID=1164) to work on /opt/airflow/dags/init_schema.py
[2025-12-04T12:35:01.876+0000] {processor.py:914} INFO - Processing file /opt/airflow/dags/init_schema.py for tasks to queue
[2025-12-04T12:35:01.879+0000] {logging_mixin.py:190} INFO - [2025-12-04T12:35:01.879+0000] {dagbag.py:588} INFO - Filling up the DagBag from /opt/airflow/dags/init_schema.py
[2025-12-04T12:35:01.890+0000] {processor.py:925} INFO - DAG(s) 'init_schema' retrieved from /opt/airflow/dags/init_schema.py
[2025-12-04T12:35:01.917+0000] {logging_mixin.py:190} INFO - [2025-12-04T12:35:01.917+0000] {dag.py:3239} INFO - Sync 1 DAGs
[2025-12-04T12:35:01.951+0000] {logging_mixin.py:190} INFO - [2025-12-04T12:35:01.951+0000] {dag.py:4180} INFO - Setting next_dagrun for init_schema to 2023-01-01 00:00:00+00:00, run_after=2023-01-01 00:00:00+00:00
[2025-12-04T12:35:01.979+0000] {processor.py:208} INFO - Processing /opt/airflow/dags/init_schema.py took 0.113 seconds
[2025-12-04T12:35:32.146+0000] {processor.py:186} INFO - Started process (PID=1230) to work on /opt/airflow/dags/init_schema.py
[2025-12-04T12:35:32.148+0000] {processor.py:914} INFO - Processing file /opt/airflow/dags/init_schema.py for tasks to queue
[2025-12-04T12:35:32.151+0000] {logging_mixin.py:190} INFO - [2025-12-04T12:35:32.151+0000] {dagbag.py:588} INFO - Filling up the DagBag from /opt/airflow/dags/init_schema.py
[2025-12-04T12:35:32.165+0000] {processor.py:925} INFO - DAG(s) 'init_schema' retrieved from /opt/airflow/dags/init_schema.py
[2025-12-04T12:35:32.199+0000] {logging_mixin.py:190} INFO - [2025-12-04T12:35:32.198+0000] {dag.py:3239} INFO - Sync 1 DAGs
[2025-12-04T12:35:32.235+0000] {logging_mixin.py:190} INFO - [2025-12-04T12:35:32.234+0000] {dag.py:4180} INFO - Setting next_dagrun for init_schema to 2023-01-01 00:00:00+00:00, run_after=2023-01-01 00:00:00+00:00
[2025-12-04T12:35:32.264+0000] {processor.py:208} INFO - Processing /opt/airflow/dags/init_schema.py took 0.128 seconds
[2025-12-04T12:36:02.742+0000] {processor.py:186} INFO - Started process (PID=1296) to work on /opt/airflow/dags/init_schema.py
[2025-12-04T12:36:02.743+0000] {processor.py:914} INFO - Processing file /opt/airflow/dags/init_schema.py for tasks to queue
[2025-12-04T12:36:02.747+0000] {logging_mixin.py:190} INFO - [2025-12-04T12:36:02.746+0000] {dagbag.py:588} INFO - Filling up the DagBag from /opt/airflow/dags/init_schema.py
[2025-12-04T12:36:02.760+0000] {processor.py:925} INFO - DAG(s) 'init_schema' retrieved from /opt/airflow/dags/init_schema.py
[2025-12-04T12:36:02.792+0000] {logging_mixin.py:190} INFO - [2025-12-04T12:36:02.791+0000] {dag.py:3239} INFO - Sync 1 DAGs
[2025-12-04T12:36:02.822+0000] {logging_mixin.py:190} INFO - [2025-12-04T12:36:02.821+0000] {dag.py:4180} INFO - Setting next_dagrun for init_schema to 2023-01-01 00:00:00+00:00, run_after=2023-01-01 00:00:00+00:00
[2025-12-04T12:36:02.846+0000] {processor.py:208} INFO - Processing /opt/airflow/dags/init_schema.py took 0.114 seconds
[2025-12-04T12:36:33.109+0000] {processor.py:186} INFO - Started process (PID=1362) to work on /opt/airflow/dags/init_schema.py
[2025-12-04T12:36:33.111+0000] {processor.py:914} INFO - Processing file /opt/airflow/dags/init_schema.py for tasks to queue
[2025-12-04T12:36:33.115+0000] {logging_mixin.py:190} INFO - [2025-12-04T12:36:33.114+0000] {dagbag.py:588} INFO - Filling up the DagBag from /opt/airflow/dags/init_schema.py
[2025-12-04T12:36:33.128+0000] {processor.py:925} INFO - DAG(s) 'init_schema' retrieved from /opt/airflow/dags/init_schema.py
[2025-12-04T12:36:33.155+0000] {logging_mixin.py:190} INFO - [2025-12-04T12:36:33.155+0000] {dag.py:3239} INFO - Sync 1 DAGs
[2025-12-04T12:36:33.188+0000] {logging_mixin.py:190} INFO - [2025-12-04T12:36:33.188+0000] {dag.py:4180} INFO - Setting next_dagrun for init_schema to 2023-01-01 00:00:00+00:00, run_after=2023-01-01 00:00:00+00:00
[2025-12-04T12:36:33.214+0000] {processor.py:208} INFO - Processing /opt/airflow/dags/init_schema.py took 0.116 seconds
[2025-12-04T12:37:03.369+0000] {processor.py:186} INFO - Started process (PID=1429) to work on /opt/airflow/dags/init_schema.py
[2025-12-04T12:37:03.370+0000] {processor.py:914} INFO - Processing file /opt/airflow/dags/init_schema.py for tasks to queue
[2025-12-04T12:37:03.374+0000] {logging_mixin.py:190} INFO - [2025-12-04T12:37:03.373+0000] {dagbag.py:588} INFO - Filling up the DagBag from /opt/airflow/dags/init_schema.py
[2025-12-04T12:37:03.383+0000] {processor.py:925} INFO - DAG(s) 'init_schema' retrieved from /opt/airflow/dags/init_schema.py
[2025-12-04T12:37:03.414+0000] {logging_mixin.py:190} INFO - [2025-12-04T12:37:03.414+0000] {dag.py:3239} INFO - Sync 1 DAGs
[2025-12-04T12:37:03.446+0000] {logging_mixin.py:190} INFO - [2025-12-04T12:37:03.446+0000] {dag.py:4180} INFO - Setting next_dagrun for init_schema to 2023-01-01 00:00:00+00:00, run_after=2023-01-01 00:00:00+00:00
[2025-12-04T12:37:03.471+0000] {processor.py:208} INFO - Processing /opt/airflow/dags/init_schema.py took 0.111 seconds
[2025-12-04T12:37:34.053+0000] {processor.py:186} INFO - Started process (PID=1495) to work on /opt/airflow/dags/init_schema.py
[2025-12-04T12:37:34.054+0000] {processor.py:914} INFO - Processing file /opt/airflow/dags/init_schema.py for tasks to queue
[2025-12-04T12:37:34.056+0000] {logging_mixin.py:190} INFO - [2025-12-04T12:37:34.056+0000] {dagbag.py:588} INFO - Filling up the DagBag from /opt/airflow/dags/init_schema.py
[2025-12-04T12:37:34.067+0000] {processor.py:925} INFO - DAG(s) 'init_schema' retrieved from /opt/airflow/dags/init_schema.py
[2025-12-04T12:37:34.099+0000] {logging_mixin.py:190} INFO - [2025-12-04T12:37:34.098+0000] {dag.py:3239} INFO - Sync 1 DAGs
[2025-12-04T12:37:34.140+0000] {logging_mixin.py:190} INFO - [2025-12-04T12:37:34.140+0000] {dag.py:4180} INFO - Setting next_dagrun for init_schema to 2023-01-01 00:00:00+00:00, run_after=2023-01-01 00:00:00+00:00
[2025-12-04T12:37:34.166+0000] {processor.py:208} INFO - Processing /opt/airflow/dags/init_schema.py took 0.124 seconds
[2025-12-04T12:38:04.575+0000] {processor.py:186} INFO - Started process (PID=1561) to work on /opt/airflow/dags/init_schema.py
[2025-12-04T12:38:04.577+0000] {processor.py:914} INFO - Processing file /opt/airflow/dags/init_schema.py for tasks to queue
[2025-12-04T12:38:04.579+0000] {logging_mixin.py:190} INFO - [2025-12-04T12:38:04.579+0000] {dagbag.py:588} INFO - Filling up the DagBag from /opt/airflow/dags/init_schema.py
[2025-12-04T12:38:04.589+0000] {processor.py:925} INFO - DAG(s) 'init_schema' retrieved from /opt/airflow/dags/init_schema.py
[2025-12-04T12:38:04.619+0000] {logging_mixin.py:190} INFO - [2025-12-04T12:38:04.618+0000] {dag.py:3239} INFO - Sync 1 DAGs
[2025-12-04T12:38:04.660+0000] {logging_mixin.py:190} INFO - [2025-12-04T12:38:04.660+0000] {dag.py:4180} INFO - Setting next_dagrun for init_schema to 2023-01-01 00:00:00+00:00, run_after=2023-01-01 00:00:00+00:00
[2025-12-04T12:38:04.688+0000] {processor.py:208} INFO - Processing /opt/airflow/dags/init_schema.py took 0.120 seconds
[2025-12-04T12:38:35.243+0000] {processor.py:186} INFO - Started process (PID=1627) to work on /opt/airflow/dags/init_schema.py
[2025-12-04T12:38:35.245+0000] {processor.py:914} INFO - Processing file /opt/airflow/dags/init_schema.py for tasks to queue
[2025-12-04T12:38:35.249+0000] {logging_mixin.py:190} INFO - [2025-12-04T12:38:35.248+0000] {dagbag.py:588} INFO - Filling up the DagBag from /opt/airflow/dags/init_schema.py
[2025-12-04T12:38:35.258+0000] {processor.py:925} INFO - DAG(s) 'init_schema' retrieved from /opt/airflow/dags/init_schema.py
[2025-12-04T12:38:35.286+0000] {logging_mixin.py:190} INFO - [2025-12-04T12:38:35.285+0000] {dag.py:3239} INFO - Sync 1 DAGs
[2025-12-04T12:38:35.321+0000] {logging_mixin.py:190} INFO - [2025-12-04T12:38:35.320+0000] {dag.py:4180} INFO - Setting next_dagrun for init_schema to 2023-01-01 00:00:00+00:00, run_after=2023-01-01 00:00:00+00:00
[2025-12-04T12:38:35.343+0000] {processor.py:208} INFO - Processing /opt/airflow/dags/init_schema.py took 0.108 seconds
[2025-12-04T12:39:05.741+0000] {processor.py:186} INFO - Started process (PID=1693) to work on /opt/airflow/dags/init_schema.py
[2025-12-04T12:39:05.742+0000] {processor.py:914} INFO - Processing file /opt/airflow/dags/init_schema.py for tasks to queue
[2025-12-04T12:39:05.745+0000] {logging_mixin.py:190} INFO - [2025-12-04T12:39:05.745+0000] {dagbag.py:588} INFO - Filling up the DagBag from /opt/airflow/dags/init_schema.py
[2025-12-04T12:39:05.756+0000] {processor.py:925} INFO - DAG(s) 'init_schema' retrieved from /opt/airflow/dags/init_schema.py
[2025-12-04T12:39:05.785+0000] {logging_mixin.py:190} INFO - [2025-12-04T12:39:05.784+0000] {dag.py:3239} INFO - Sync 1 DAGs
[2025-12-04T12:39:05.814+0000] {logging_mixin.py:190} INFO - [2025-12-04T12:39:05.814+0000] {dag.py:4180} INFO - Setting next_dagrun for init_schema to 2023-01-01 00:00:00+00:00, run_after=2023-01-01 00:00:00+00:00
[2025-12-04T12:39:05.835+0000] {processor.py:208} INFO - Processing /opt/airflow/dags/init_schema.py took 0.104 seconds
[2025-12-04T12:39:36.296+0000] {processor.py:186} INFO - Started process (PID=1763) to work on /opt/airflow/dags/init_schema.py
[2025-12-04T12:39:36.297+0000] {processor.py:914} INFO - Processing file /opt/airflow/dags/init_schema.py for tasks to queue
[2025-12-04T12:39:36.299+0000] {logging_mixin.py:190} INFO - [2025-12-04T12:39:36.299+0000] {dagbag.py:588} INFO - Filling up the DagBag from /opt/airflow/dags/init_schema.py
[2025-12-04T12:39:36.307+0000] {processor.py:925} INFO - DAG(s) 'init_schema' retrieved from /opt/airflow/dags/init_schema.py
[2025-12-04T12:39:36.327+0000] {logging_mixin.py:190} INFO - [2025-12-04T12:39:36.327+0000] {dag.py:3239} INFO - Sync 1 DAGs
[2025-12-04T12:39:36.354+0000] {logging_mixin.py:190} INFO - [2025-12-04T12:39:36.354+0000] {dag.py:4180} INFO - Setting next_dagrun for init_schema to 2023-01-01 00:00:00+00:00, run_after=2023-01-01 00:00:00+00:00
[2025-12-04T12:39:36.376+0000] {processor.py:208} INFO - Processing /opt/airflow/dags/init_schema.py took 0.086 seconds
[2025-12-04T12:40:07.229+0000] {processor.py:186} INFO - Started process (PID=1829) to work on /opt/airflow/dags/init_schema.py
[2025-12-04T12:40:07.229+0000] {processor.py:914} INFO - Processing file /opt/airflow/dags/init_schema.py for tasks to queue
[2025-12-04T12:40:07.232+0000] {logging_mixin.py:190} INFO - [2025-12-04T12:40:07.232+0000] {dagbag.py:588} INFO - Filling up the DagBag from /opt/airflow/dags/init_schema.py
[2025-12-04T12:40:07.241+0000] {processor.py:925} INFO - DAG(s) 'init_schema' retrieved from /opt/airflow/dags/init_schema.py
[2025-12-04T12:40:07.265+0000] {logging_mixin.py:190} INFO - [2025-12-04T12:40:07.265+0000] {dag.py:3239} INFO - Sync 1 DAGs
[2025-12-04T12:40:07.297+0000] {logging_mixin.py:190} INFO - [2025-12-04T12:40:07.297+0000] {dag.py:4180} INFO - Setting next_dagrun for init_schema to 2023-01-01 00:00:00+00:00, run_after=2023-01-01 00:00:00+00:00
[2025-12-04T12:40:07.323+0000] {processor.py:208} INFO - Processing /opt/airflow/dags/init_schema.py took 0.104 seconds
[2025-12-04T12:40:37.678+0000] {processor.py:186} INFO - Started process (PID=1895) to work on /opt/airflow/dags/init_schema.py
[2025-12-04T12:40:37.680+0000] {processor.py:914} INFO - Processing file /opt/airflow/dags/init_schema.py for tasks to queue
[2025-12-04T12:40:37.683+0000] {logging_mixin.py:190} INFO - [2025-12-04T12:40:37.683+0000] {dagbag.py:588} INFO - Filling up the DagBag from /opt/airflow/dags/init_schema.py
[2025-12-04T12:40:37.696+0000] {processor.py:925} INFO - DAG(s) 'init_schema' retrieved from /opt/airflow/dags/init_schema.py
[2025-12-04T12:40:37.723+0000] {logging_mixin.py:190} INFO - [2025-12-04T12:40:37.723+0000] {dag.py:3239} INFO - Sync 1 DAGs
[2025-12-04T12:40:37.757+0000] {logging_mixin.py:190} INFO - [2025-12-04T12:40:37.757+0000] {dag.py:4180} INFO - Setting next_dagrun for init_schema to 2023-01-01 00:00:00+00:00, run_after=2023-01-01 00:00:00+00:00
[2025-12-04T12:40:37.785+0000] {processor.py:208} INFO - Processing /opt/airflow/dags/init_schema.py took 0.117 seconds
[2025-12-04T12:41:08.285+0000] {processor.py:186} INFO - Started process (PID=1961) to work on /opt/airflow/dags/init_schema.py
[2025-12-04T12:41:08.286+0000] {processor.py:914} INFO - Processing file /opt/airflow/dags/init_schema.py for tasks to queue
[2025-12-04T12:41:08.290+0000] {logging_mixin.py:190} INFO - [2025-12-04T12:41:08.289+0000] {dagbag.py:588} INFO - Filling up the DagBag from /opt/airflow/dags/init_schema.py
[2025-12-04T12:41:08.299+0000] {processor.py:925} INFO - DAG(s) 'init_schema' retrieved from /opt/airflow/dags/init_schema.py
[2025-12-04T12:41:08.322+0000] {logging_mixin.py:190} INFO - [2025-12-04T12:41:08.321+0000] {dag.py:3239} INFO - Sync 1 DAGs
[2025-12-04T12:41:08.354+0000] {logging_mixin.py:190} INFO - [2025-12-04T12:41:08.353+0000] {dag.py:4180} INFO - Setting next_dagrun for init_schema to 2023-01-01 00:00:00+00:00, run_after=2023-01-01 00:00:00+00:00
[2025-12-04T12:41:08.380+0000] {processor.py:208} INFO - Processing /opt/airflow/dags/init_schema.py took 0.102 seconds
[2025-12-04T12:41:38.409+0000] {processor.py:186} INFO - Started process (PID=2026) to work on /opt/airflow/dags/init_schema.py
[2025-12-04T12:41:38.410+0000] {processor.py:914} INFO - Processing file /opt/airflow/dags/init_schema.py for tasks to queue
[2025-12-04T12:41:38.412+0000] {logging_mixin.py:190} INFO - [2025-12-04T12:41:38.412+0000] {dagbag.py:588} INFO - Filling up the DagBag from /opt/airflow/dags/init_schema.py
[2025-12-04T12:41:38.419+0000] {processor.py:925} INFO - DAG(s) 'init_schema' retrieved from /opt/airflow/dags/init_schema.py
[2025-12-04T12:41:38.446+0000] {logging_mixin.py:190} INFO - [2025-12-04T12:41:38.445+0000] {dag.py:3239} INFO - Sync 1 DAGs
[2025-12-04T12:41:38.480+0000] {logging_mixin.py:190} INFO - [2025-12-04T12:41:38.480+0000] {dag.py:4180} INFO - Setting next_dagrun for init_schema to 2023-01-01 00:00:00+00:00, run_after=2023-01-01 00:00:00+00:00
[2025-12-04T12:41:38.501+0000] {processor.py:208} INFO - Processing /opt/airflow/dags/init_schema.py took 0.097 seconds
[2025-12-04T12:42:09.548+0000] {processor.py:186} INFO - Started process (PID=2089) to work on /opt/airflow/dags/init_schema.py
[2025-12-04T12:42:09.548+0000] {processor.py:914} INFO - Processing file /opt/airflow/dags/init_schema.py for tasks to queue
[2025-12-04T12:42:09.550+0000] {logging_mixin.py:190} INFO - [2025-12-04T12:42:09.550+0000] {dagbag.py:588} INFO - Filling up the DagBag from /opt/airflow/dags/init_schema.py
[2025-12-04T12:42:09.557+0000] {processor.py:925} INFO - DAG(s) 'init_schema' retrieved from /opt/airflow/dags/init_schema.py
[2025-12-04T12:42:09.577+0000] {logging_mixin.py:190} INFO - [2025-12-04T12:42:09.577+0000] {dag.py:3239} INFO - Sync 1 DAGs
[2025-12-04T12:42:09.605+0000] {logging_mixin.py:190} INFO - [2025-12-04T12:42:09.605+0000] {dag.py:4180} INFO - Setting next_dagrun for init_schema to 2023-01-01 00:00:00+00:00, run_after=2023-01-01 00:00:00+00:00
[2025-12-04T12:42:09.626+0000] {processor.py:208} INFO - Processing /opt/airflow/dags/init_schema.py took 0.084 seconds
[2025-12-04T12:42:40.290+0000] {processor.py:186} INFO - Started process (PID=2145) to work on /opt/airflow/dags/init_schema.py
[2025-12-04T12:42:40.290+0000] {processor.py:914} INFO - Processing file /opt/airflow/dags/init_schema.py for tasks to queue
[2025-12-04T12:42:40.293+0000] {logging_mixin.py:190} INFO - [2025-12-04T12:42:40.292+0000] {dagbag.py:588} INFO - Filling up the DagBag from /opt/airflow/dags/init_schema.py
[2025-12-04T12:42:40.300+0000] {processor.py:925} INFO - DAG(s) 'init_schema' retrieved from /opt/airflow/dags/init_schema.py
[2025-12-04T12:42:40.323+0000] {logging_mixin.py:190} INFO - [2025-12-04T12:42:40.322+0000] {dag.py:3239} INFO - Sync 1 DAGs
[2025-12-04T12:42:40.353+0000] {logging_mixin.py:190} INFO - [2025-12-04T12:42:40.353+0000] {dag.py:4180} INFO - Setting next_dagrun for init_schema to 2023-01-01 00:00:00+00:00, run_after=2023-01-01 00:00:00+00:00
[2025-12-04T12:42:40.378+0000] {processor.py:208} INFO - Processing /opt/airflow/dags/init_schema.py took 0.094 seconds
[2025-12-04T12:43:11.809+0000] {processor.py:186} INFO - Started process (PID=2211) to work on /opt/airflow/dags/init_schema.py
[2025-12-04T12:43:11.810+0000] {processor.py:914} INFO - Processing file /opt/airflow/dags/init_schema.py for tasks to queue
[2025-12-04T12:43:11.813+0000] {logging_mixin.py:190} INFO - [2025-12-04T12:43:11.813+0000] {dagbag.py:588} INFO - Filling up the DagBag from /opt/airflow/dags/init_schema.py
[2025-12-04T12:43:11.826+0000] {processor.py:925} INFO - DAG(s) 'init_schema' retrieved from /opt/airflow/dags/init_schema.py
[2025-12-04T12:43:11.848+0000] {logging_mixin.py:190} INFO - [2025-12-04T12:43:11.847+0000] {dag.py:3239} INFO - Sync 1 DAGs
[2025-12-04T12:43:11.873+0000] {logging_mixin.py:190} INFO - [2025-12-04T12:43:11.872+0000] {dag.py:4180} INFO - Setting next_dagrun for init_schema to 2023-01-01 00:00:00+00:00, run_after=2023-01-01 00:00:00+00:00
[2025-12-04T12:43:11.892+0000] {processor.py:208} INFO - Processing /opt/airflow/dags/init_schema.py took 0.094 seconds
[2025-12-04T12:43:42.469+0000] {processor.py:186} INFO - Started process (PID=2270) to work on /opt/airflow/dags/init_schema.py
[2025-12-04T12:43:42.470+0000] {processor.py:914} INFO - Processing file /opt/airflow/dags/init_schema.py for tasks to queue
[2025-12-04T12:43:42.472+0000] {logging_mixin.py:190} INFO - [2025-12-04T12:43:42.472+0000] {dagbag.py:588} INFO - Filling up the DagBag from /opt/airflow/dags/init_schema.py
[2025-12-04T12:43:42.481+0000] {processor.py:925} INFO - DAG(s) 'init_schema' retrieved from /opt/airflow/dags/init_schema.py
[2025-12-04T12:43:42.505+0000] {logging_mixin.py:190} INFO - [2025-12-04T12:43:42.505+0000] {dag.py:3239} INFO - Sync 1 DAGs
[2025-12-04T12:43:42.538+0000] {logging_mixin.py:190} INFO - [2025-12-04T12:43:42.537+0000] {dag.py:4180} INFO - Setting next_dagrun for init_schema to 2023-01-01 00:00:00+00:00, run_after=2023-01-01 00:00:00+00:00
[2025-12-04T12:43:42.559+0000] {processor.py:208} INFO - Processing /opt/airflow/dags/init_schema.py took 0.097 seconds
[2025-12-04T12:44:12.940+0000] {processor.py:186} INFO - Started process (PID=2328) to work on /opt/airflow/dags/init_schema.py
[2025-12-04T12:44:12.941+0000] {processor.py:914} INFO - Processing file /opt/airflow/dags/init_schema.py for tasks to queue
[2025-12-04T12:44:12.943+0000] {logging_mixin.py:190} INFO - [2025-12-04T12:44:12.943+0000] {dagbag.py:588} INFO - Filling up the DagBag from /opt/airflow/dags/init_schema.py
[2025-12-04T12:44:12.951+0000] {processor.py:925} INFO - DAG(s) 'init_schema' retrieved from /opt/airflow/dags/init_schema.py
[2025-12-04T12:44:12.971+0000] {logging_mixin.py:190} INFO - [2025-12-04T12:44:12.971+0000] {dag.py:3239} INFO - Sync 1 DAGs
[2025-12-04T12:44:12.999+0000] {logging_mixin.py:190} INFO - [2025-12-04T12:44:12.999+0000] {dag.py:4180} INFO - Setting next_dagrun for init_schema to 2023-01-01 00:00:00+00:00, run_after=2023-01-01 00:00:00+00:00
[2025-12-04T12:44:13.020+0000] {processor.py:208} INFO - Processing /opt/airflow/dags/init_schema.py took 0.086 seconds
[2025-12-04T12:44:43.572+0000] {processor.py:186} INFO - Started process (PID=2390) to work on /opt/airflow/dags/init_schema.py
[2025-12-04T12:44:43.573+0000] {processor.py:914} INFO - Processing file /opt/airflow/dags/init_schema.py for tasks to queue
[2025-12-04T12:44:43.575+0000] {logging_mixin.py:190} INFO - [2025-12-04T12:44:43.575+0000] {dagbag.py:588} INFO - Filling up the DagBag from /opt/airflow/dags/init_schema.py
[2025-12-04T12:44:43.583+0000] {processor.py:925} INFO - DAG(s) 'init_schema' retrieved from /opt/airflow/dags/init_schema.py
[2025-12-04T12:44:43.605+0000] {logging_mixin.py:190} INFO - [2025-12-04T12:44:43.604+0000] {dag.py:3239} INFO - Sync 1 DAGs
[2025-12-04T12:44:43.632+0000] {logging_mixin.py:190} INFO - [2025-12-04T12:44:43.632+0000] {dag.py:4180} INFO - Setting next_dagrun for init_schema to 2023-01-01 00:00:00+00:00, run_after=2023-01-01 00:00:00+00:00
[2025-12-04T12:44:43.653+0000] {processor.py:208} INFO - Processing /opt/airflow/dags/init_schema.py took 0.086 seconds
[2025-12-04T12:45:14.180+0000] {processor.py:186} INFO - Started process (PID=2454) to work on /opt/airflow/dags/init_schema.py
[2025-12-04T12:45:14.181+0000] {processor.py:914} INFO - Processing file /opt/airflow/dags/init_schema.py for tasks to queue
[2025-12-04T12:45:14.184+0000] {logging_mixin.py:190} INFO - [2025-12-04T12:45:14.183+0000] {dagbag.py:588} INFO - Filling up the DagBag from /opt/airflow/dags/init_schema.py
[2025-12-04T12:45:14.191+0000] {processor.py:925} INFO - DAG(s) 'init_schema' retrieved from /opt/airflow/dags/init_schema.py
[2025-12-04T12:45:14.213+0000] {logging_mixin.py:190} INFO - [2025-12-04T12:45:14.213+0000] {dag.py:3239} INFO - Sync 1 DAGs
[2025-12-04T12:45:14.247+0000] {logging_mixin.py:190} INFO - [2025-12-04T12:45:14.247+0000] {dag.py:4180} INFO - Setting next_dagrun for init_schema to 2023-01-01 00:00:00+00:00, run_after=2023-01-01 00:00:00+00:00
[2025-12-04T12:45:14.273+0000] {processor.py:208} INFO - Processing /opt/airflow/dags/init_schema.py took 0.099 seconds
[2025-12-04T12:45:45.138+0000] {processor.py:186} INFO - Started process (PID=2520) to work on /opt/airflow/dags/init_schema.py
[2025-12-04T12:45:45.139+0000] {processor.py:914} INFO - Processing file /opt/airflow/dags/init_schema.py for tasks to queue
[2025-12-04T12:45:45.142+0000] {logging_mixin.py:190} INFO - [2025-12-04T12:45:45.141+0000] {dagbag.py:588} INFO - Filling up the DagBag from /opt/airflow/dags/init_schema.py
[2025-12-04T12:45:45.152+0000] {processor.py:925} INFO - DAG(s) 'init_schema' retrieved from /opt/airflow/dags/init_schema.py
[2025-12-04T12:45:45.180+0000] {logging_mixin.py:190} INFO - [2025-12-04T12:45:45.179+0000] {dag.py:3239} INFO - Sync 1 DAGs
[2025-12-04T12:45:45.221+0000] {logging_mixin.py:190} INFO - [2025-12-04T12:45:45.220+0000] {dag.py:4180} INFO - Setting next_dagrun for init_schema to 2023-01-01 00:00:00+00:00, run_after=2023-01-01 00:00:00+00:00
[2025-12-04T12:45:45.248+0000] {processor.py:208} INFO - Processing /opt/airflow/dags/init_schema.py took 0.117 seconds
[2025-12-04T12:46:15.489+0000] {processor.py:186} INFO - Started process (PID=2585) to work on /opt/airflow/dags/init_schema.py
[2025-12-04T12:46:15.490+0000] {processor.py:914} INFO - Processing file /opt/airflow/dags/init_schema.py for tasks to queue
[2025-12-04T12:46:15.493+0000] {logging_mixin.py:190} INFO - [2025-12-04T12:46:15.492+0000] {dagbag.py:588} INFO - Filling up the DagBag from /opt/airflow/dags/init_schema.py
[2025-12-04T12:46:15.503+0000] {processor.py:925} INFO - DAG(s) 'init_schema' retrieved from /opt/airflow/dags/init_schema.py
[2025-12-04T12:46:15.533+0000] {logging_mixin.py:190} INFO - [2025-12-04T12:46:15.532+0000] {dag.py:3239} INFO - Sync 1 DAGs
[2025-12-04T12:46:15.571+0000] {logging_mixin.py:190} INFO - [2025-12-04T12:46:15.571+0000] {dag.py:4180} INFO - Setting next_dagrun for init_schema to 2023-01-01 00:00:00+00:00, run_after=2023-01-01 00:00:00+00:00
[2025-12-04T12:46:15.606+0000] {processor.py:208} INFO - Processing /opt/airflow/dags/init_schema.py took 0.125 seconds
[2025-12-04T12:49:33.822+0000] {processor.py:186} INFO - Started process (PID=42) to work on /opt/airflow/dags/init_schema.py
[2025-12-04T12:49:33.823+0000] {processor.py:914} INFO - Processing file /opt/airflow/dags/init_schema.py for tasks to queue
[2025-12-04T12:49:33.824+0000] {logging_mixin.py:190} INFO - [2025-12-04T12:49:33.824+0000] {dagbag.py:588} INFO - Filling up the DagBag from /opt/airflow/dags/init_schema.py
[2025-12-04T12:49:33.830+0000] {processor.py:925} INFO - DAG(s) 'init_schema' retrieved from /opt/airflow/dags/init_schema.py
[2025-12-04T12:49:33.923+0000] {logging_mixin.py:190} INFO - [2025-12-04T12:49:33.923+0000] {override.py:1912} INFO - Created Permission View: can edit on DAG:init_schema
[2025-12-04T12:49:33.933+0000] {logging_mixin.py:190} INFO - [2025-12-04T12:49:33.933+0000] {override.py:1912} INFO - Created Permission View: can delete on DAG:init_schema
[2025-12-04T12:49:33.940+0000] {logging_mixin.py:190} INFO - [2025-12-04T12:49:33.940+0000] {override.py:1912} INFO - Created Permission View: can read on DAG:init_schema
[2025-12-04T12:49:33.947+0000] {logging_mixin.py:190} INFO - [2025-12-04T12:49:33.947+0000] {override.py:1912} INFO - Created Permission View: can delete on DAG Run:init_schema
[2025-12-04T12:49:33.954+0000] {logging_mixin.py:190} INFO - [2025-12-04T12:49:33.953+0000] {override.py:1912} INFO - Created Permission View: can create on DAG Run:init_schema
[2025-12-04T12:49:33.960+0000] {logging_mixin.py:190} INFO - [2025-12-04T12:49:33.960+0000] {override.py:1912} INFO - Created Permission View: can read on DAG Run:init_schema
[2025-12-04T12:49:33.967+0000] {logging_mixin.py:190} INFO - [2025-12-04T12:49:33.966+0000] {override.py:1912} INFO - Created Permission View: menu access on DAG Run:init_schema
[2025-12-04T12:49:33.967+0000] {logging_mixin.py:190} INFO - [2025-12-04T12:49:33.967+0000] {dag.py:3239} INFO - Sync 1 DAGs
[2025-12-04T12:49:33.979+0000] {logging_mixin.py:190} INFO - [2025-12-04T12:49:33.979+0000] {dag.py:3262} INFO - Creating ORM DAG for init_schema
[2025-12-04T12:49:33.989+0000] {logging_mixin.py:190} INFO - [2025-12-04T12:49:33.988+0000] {dag.py:4180} INFO - Setting next_dagrun for init_schema to 2023-01-01 00:00:00+00:00, run_after=2023-01-01 00:00:00+00:00
[2025-12-04T12:49:34.003+0000] {processor.py:208} INFO - Processing /opt/airflow/dags/init_schema.py took 0.185 seconds
[2025-12-04T12:50:04.731+0000] {processor.py:186} INFO - Started process (PID=108) to work on /opt/airflow/dags/init_schema.py
[2025-12-04T12:50:04.733+0000] {processor.py:914} INFO - Processing file /opt/airflow/dags/init_schema.py for tasks to queue
[2025-12-04T12:50:04.736+0000] {logging_mixin.py:190} INFO - [2025-12-04T12:50:04.735+0000] {dagbag.py:588} INFO - Filling up the DagBag from /opt/airflow/dags/init_schema.py
[2025-12-04T12:50:04.749+0000] {processor.py:925} INFO - DAG(s) 'init_schema' retrieved from /opt/airflow/dags/init_schema.py
[2025-12-04T12:50:04.783+0000] {logging_mixin.py:190} INFO - [2025-12-04T12:50:04.782+0000] {dag.py:3239} INFO - Sync 1 DAGs
[2025-12-04T12:50:04.816+0000] {logging_mixin.py:190} INFO - [2025-12-04T12:50:04.816+0000] {dag.py:4180} INFO - Setting next_dagrun for init_schema to 2023-01-01 00:00:00+00:00, run_after=2023-01-01 00:00:00+00:00
[2025-12-04T12:50:04.847+0000] {processor.py:208} INFO - Processing /opt/airflow/dags/init_schema.py took 0.125 seconds
[2025-12-04T12:50:35.560+0000] {processor.py:186} INFO - Started process (PID=174) to work on /opt/airflow/dags/init_schema.py
[2025-12-04T12:50:35.561+0000] {processor.py:914} INFO - Processing file /opt/airflow/dags/init_schema.py for tasks to queue
[2025-12-04T12:50:35.563+0000] {logging_mixin.py:190} INFO - [2025-12-04T12:50:35.563+0000] {dagbag.py:588} INFO - Filling up the DagBag from /opt/airflow/dags/init_schema.py
[2025-12-04T12:50:35.570+0000] {processor.py:925} INFO - DAG(s) 'init_schema' retrieved from /opt/airflow/dags/init_schema.py
[2025-12-04T12:50:35.591+0000] {logging_mixin.py:190} INFO - [2025-12-04T12:50:35.591+0000] {dag.py:3239} INFO - Sync 1 DAGs
[2025-12-04T12:50:35.620+0000] {logging_mixin.py:190} INFO - [2025-12-04T12:50:35.620+0000] {dag.py:4180} INFO - Setting next_dagrun for init_schema to 2023-01-01 00:00:00+00:00, run_after=2023-01-01 00:00:00+00:00
[2025-12-04T12:50:35.642+0000] {processor.py:208} INFO - Processing /opt/airflow/dags/init_schema.py took 0.088 seconds
[2025-12-04T12:51:05.767+0000] {processor.py:186} INFO - Started process (PID=240) to work on /opt/airflow/dags/init_schema.py
[2025-12-04T12:51:05.768+0000] {processor.py:914} INFO - Processing file /opt/airflow/dags/init_schema.py for tasks to queue
[2025-12-04T12:51:05.770+0000] {logging_mixin.py:190} INFO - [2025-12-04T12:51:05.769+0000] {dagbag.py:588} INFO - Filling up the DagBag from /opt/airflow/dags/init_schema.py
[2025-12-04T12:51:05.777+0000] {processor.py:925} INFO - DAG(s) 'init_schema' retrieved from /opt/airflow/dags/init_schema.py
[2025-12-04T12:51:05.797+0000] {logging_mixin.py:190} INFO - [2025-12-04T12:51:05.797+0000] {dag.py:3239} INFO - Sync 1 DAGs
[2025-12-04T12:51:05.825+0000] {logging_mixin.py:190} INFO - [2025-12-04T12:51:05.825+0000] {dag.py:4180} INFO - Setting next_dagrun for init_schema to 2023-01-01 00:00:00+00:00, run_after=2023-01-01 00:00:00+00:00
[2025-12-04T12:51:05.845+0000] {processor.py:208} INFO - Processing /opt/airflow/dags/init_schema.py took 0.085 seconds
[2025-12-04T12:51:36.147+0000] {processor.py:186} INFO - Started process (PID=318) to work on /opt/airflow/dags/init_schema.py
[2025-12-04T12:51:36.148+0000] {processor.py:914} INFO - Processing file /opt/airflow/dags/init_schema.py for tasks to queue
[2025-12-04T12:51:36.151+0000] {logging_mixin.py:190} INFO - [2025-12-04T12:51:36.151+0000] {dagbag.py:588} INFO - Filling up the DagBag from /opt/airflow/dags/init_schema.py
[2025-12-04T12:51:36.161+0000] {processor.py:925} INFO - DAG(s) 'init_schema' retrieved from /opt/airflow/dags/init_schema.py
[2025-12-04T12:51:36.187+0000] {logging_mixin.py:190} INFO - [2025-12-04T12:51:36.186+0000] {dag.py:3239} INFO - Sync 1 DAGs
[2025-12-04T12:51:36.223+0000] {logging_mixin.py:190} INFO - [2025-12-04T12:51:36.222+0000] {dag.py:4180} INFO - Setting next_dagrun for init_schema to None, run_after=None
[2025-12-04T12:51:36.248+0000] {processor.py:208} INFO - Processing /opt/airflow/dags/init_schema.py took 0.108 seconds
[2025-12-04T12:52:06.466+0000] {processor.py:186} INFO - Started process (PID=388) to work on /opt/airflow/dags/init_schema.py
[2025-12-04T12:52:06.467+0000] {processor.py:914} INFO - Processing file /opt/airflow/dags/init_schema.py for tasks to queue
[2025-12-04T12:52:06.468+0000] {logging_mixin.py:190} INFO - [2025-12-04T12:52:06.468+0000] {dagbag.py:588} INFO - Filling up the DagBag from /opt/airflow/dags/init_schema.py
[2025-12-04T12:52:06.473+0000] {processor.py:925} INFO - DAG(s) 'init_schema' retrieved from /opt/airflow/dags/init_schema.py
[2025-12-04T12:52:06.488+0000] {logging_mixin.py:190} INFO - [2025-12-04T12:52:06.487+0000] {dag.py:3239} INFO - Sync 1 DAGs
[2025-12-04T12:52:06.507+0000] {logging_mixin.py:190} INFO - [2025-12-04T12:52:06.507+0000] {dag.py:4180} INFO - Setting next_dagrun for init_schema to None, run_after=None
[2025-12-04T12:52:06.522+0000] {processor.py:208} INFO - Processing /opt/airflow/dags/init_schema.py took 0.060 seconds
[2025-12-04T12:52:37.522+0000] {processor.py:186} INFO - Started process (PID=458) to work on /opt/airflow/dags/init_schema.py
[2025-12-04T12:52:37.523+0000] {processor.py:914} INFO - Processing file /opt/airflow/dags/init_schema.py for tasks to queue
[2025-12-04T12:52:37.525+0000] {logging_mixin.py:190} INFO - [2025-12-04T12:52:37.525+0000] {dagbag.py:588} INFO - Filling up the DagBag from /opt/airflow/dags/init_schema.py
[2025-12-04T12:52:37.533+0000] {processor.py:925} INFO - DAG(s) 'init_schema' retrieved from /opt/airflow/dags/init_schema.py
[2025-12-04T12:52:37.552+0000] {logging_mixin.py:190} INFO - [2025-12-04T12:52:37.552+0000] {dag.py:3239} INFO - Sync 1 DAGs
[2025-12-04T12:52:37.582+0000] {logging_mixin.py:190} INFO - [2025-12-04T12:52:37.582+0000] {dag.py:4180} INFO - Setting next_dagrun for init_schema to None, run_after=None
[2025-12-04T12:52:37.603+0000] {processor.py:208} INFO - Processing /opt/airflow/dags/init_schema.py took 0.087 seconds
[2025-12-04T12:53:08.458+0000] {processor.py:186} INFO - Started process (PID=524) to work on /opt/airflow/dags/init_schema.py
[2025-12-04T12:53:08.459+0000] {processor.py:914} INFO - Processing file /opt/airflow/dags/init_schema.py for tasks to queue
[2025-12-04T12:53:08.461+0000] {logging_mixin.py:190} INFO - [2025-12-04T12:53:08.461+0000] {dagbag.py:588} INFO - Filling up the DagBag from /opt/airflow/dags/init_schema.py
[2025-12-04T12:53:08.469+0000] {processor.py:925} INFO - DAG(s) 'init_schema' retrieved from /opt/airflow/dags/init_schema.py
[2025-12-04T12:53:08.489+0000] {logging_mixin.py:190} INFO - [2025-12-04T12:53:08.489+0000] {dag.py:3239} INFO - Sync 1 DAGs
[2025-12-04T12:53:08.519+0000] {logging_mixin.py:190} INFO - [2025-12-04T12:53:08.519+0000] {dag.py:4180} INFO - Setting next_dagrun for init_schema to None, run_after=None
[2025-12-04T12:53:08.543+0000] {processor.py:208} INFO - Processing /opt/airflow/dags/init_schema.py took 0.091 seconds
[2025-12-04T12:53:38.995+0000] {processor.py:186} INFO - Started process (PID=590) to work on /opt/airflow/dags/init_schema.py
[2025-12-04T12:53:38.997+0000] {processor.py:914} INFO - Processing file /opt/airflow/dags/init_schema.py for tasks to queue
[2025-12-04T12:53:38.999+0000] {logging_mixin.py:190} INFO - [2025-12-04T12:53:38.999+0000] {dagbag.py:588} INFO - Filling up the DagBag from /opt/airflow/dags/init_schema.py
[2025-12-04T12:53:39.009+0000] {processor.py:925} INFO - DAG(s) 'init_schema' retrieved from /opt/airflow/dags/init_schema.py
[2025-12-04T12:53:39.038+0000] {logging_mixin.py:190} INFO - [2025-12-04T12:53:39.038+0000] {dag.py:3239} INFO - Sync 1 DAGs
[2025-12-04T12:53:39.076+0000] {logging_mixin.py:190} INFO - [2025-12-04T12:53:39.076+0000] {dag.py:4180} INFO - Setting next_dagrun for init_schema to None, run_after=None
[2025-12-04T12:53:39.109+0000] {processor.py:208} INFO - Processing /opt/airflow/dags/init_schema.py took 0.122 seconds
[2025-12-04T12:54:09.351+0000] {processor.py:186} INFO - Started process (PID=656) to work on /opt/airflow/dags/init_schema.py
[2025-12-04T12:54:09.352+0000] {processor.py:914} INFO - Processing file /opt/airflow/dags/init_schema.py for tasks to queue
[2025-12-04T12:54:09.355+0000] {logging_mixin.py:190} INFO - [2025-12-04T12:54:09.354+0000] {dagbag.py:588} INFO - Filling up the DagBag from /opt/airflow/dags/init_schema.py
[2025-12-04T12:54:09.363+0000] {processor.py:925} INFO - DAG(s) 'init_schema' retrieved from /opt/airflow/dags/init_schema.py
[2025-12-04T12:54:09.394+0000] {logging_mixin.py:190} INFO - [2025-12-04T12:54:09.394+0000] {dag.py:3239} INFO - Sync 1 DAGs
[2025-12-04T12:54:09.431+0000] {logging_mixin.py:190} INFO - [2025-12-04T12:54:09.431+0000] {dag.py:4180} INFO - Setting next_dagrun for init_schema to None, run_after=None
[2025-12-04T12:54:09.459+0000] {processor.py:208} INFO - Processing /opt/airflow/dags/init_schema.py took 0.114 seconds
[2025-12-04T12:54:39.912+0000] {processor.py:186} INFO - Started process (PID=722) to work on /opt/airflow/dags/init_schema.py
[2025-12-04T12:54:39.913+0000] {processor.py:914} INFO - Processing file /opt/airflow/dags/init_schema.py for tasks to queue
[2025-12-04T12:54:39.916+0000] {logging_mixin.py:190} INFO - [2025-12-04T12:54:39.916+0000] {dagbag.py:588} INFO - Filling up the DagBag from /opt/airflow/dags/init_schema.py
[2025-12-04T12:54:39.926+0000] {processor.py:925} INFO - DAG(s) 'init_schema' retrieved from /opt/airflow/dags/init_schema.py
[2025-12-04T12:54:39.961+0000] {logging_mixin.py:190} INFO - [2025-12-04T12:54:39.960+0000] {dag.py:3239} INFO - Sync 1 DAGs
[2025-12-04T12:54:39.998+0000] {logging_mixin.py:190} INFO - [2025-12-04T12:54:39.998+0000] {dag.py:4180} INFO - Setting next_dagrun for init_schema to None, run_after=None
[2025-12-04T12:54:40.025+0000] {processor.py:208} INFO - Processing /opt/airflow/dags/init_schema.py took 0.121 seconds
