[2025-12-04T12:26:21.798+0000] {processor.py:186} INFO - Started process (PID=41) to work on /opt/airflow/dags/init_data.py
[2025-12-04T12:26:21.799+0000] {processor.py:914} INFO - Processing file /opt/airflow/dags/init_data.py for tasks to queue
[2025-12-04T12:26:21.802+0000] {logging_mixin.py:190} INFO - [2025-12-04T12:26:21.801+0000] {dagbag.py:588} INFO - Filling up the DagBag from /opt/airflow/dags/init_data.py
[2025-12-04T12:26:21.820+0000] {processor.py:925} INFO - DAG(s) 'init_data' retrieved from /opt/airflow/dags/init_data.py
[2025-12-04T12:26:22.067+0000] {logging_mixin.py:190} INFO - [2025-12-04T12:26:22.066+0000] {override.py:1912} INFO - Created Permission View: can delete on DAG:init_data
[2025-12-04T12:26:22.080+0000] {logging_mixin.py:190} INFO - [2025-12-04T12:26:22.080+0000] {override.py:1912} INFO - Created Permission View: can edit on DAG:init_data
[2025-12-04T12:26:22.088+0000] {logging_mixin.py:190} INFO - [2025-12-04T12:26:22.088+0000] {override.py:1912} INFO - Created Permission View: can read on DAG:init_data
[2025-12-04T12:26:22.096+0000] {logging_mixin.py:190} INFO - [2025-12-04T12:26:22.095+0000] {override.py:1912} INFO - Created Permission View: can delete on DAG Run:init_data
[2025-12-04T12:26:22.103+0000] {logging_mixin.py:190} INFO - [2025-12-04T12:26:22.103+0000] {override.py:1912} INFO - Created Permission View: can read on DAG Run:init_data
[2025-12-04T12:26:22.111+0000] {logging_mixin.py:190} INFO - [2025-12-04T12:26:22.111+0000] {override.py:1912} INFO - Created Permission View: can create on DAG Run:init_data
[2025-12-04T12:26:22.121+0000] {logging_mixin.py:190} INFO - [2025-12-04T12:26:22.120+0000] {override.py:1912} INFO - Created Permission View: menu access on DAG Run:init_data
[2025-12-04T12:26:22.121+0000] {logging_mixin.py:190} INFO - [2025-12-04T12:26:22.121+0000] {dag.py:3239} INFO - Sync 1 DAGs
[2025-12-04T12:26:22.139+0000] {logging_mixin.py:190} INFO - [2025-12-04T12:26:22.139+0000] {dag.py:3262} INFO - Creating ORM DAG for init_data
[2025-12-04T12:26:22.156+0000] {logging_mixin.py:190} INFO - [2025-12-04T12:26:22.156+0000] {dag.py:4180} INFO - Setting next_dagrun for init_data to 2023-01-01 00:00:00+00:00, run_after=2023-01-01 00:00:00+00:00
[2025-12-04T12:26:22.187+0000] {processor.py:208} INFO - Processing /opt/airflow/dags/init_data.py took 0.397 seconds
[2025-12-04T12:26:52.472+0000] {processor.py:186} INFO - Started process (PID=106) to work on /opt/airflow/dags/init_data.py
[2025-12-04T12:26:52.474+0000] {processor.py:914} INFO - Processing file /opt/airflow/dags/init_data.py for tasks to queue
[2025-12-04T12:26:52.477+0000] {logging_mixin.py:190} INFO - [2025-12-04T12:26:52.477+0000] {dagbag.py:588} INFO - Filling up the DagBag from /opt/airflow/dags/init_data.py
[2025-12-04T12:26:52.489+0000] {processor.py:925} INFO - DAG(s) 'init_data' retrieved from /opt/airflow/dags/init_data.py
[2025-12-04T12:26:52.518+0000] {logging_mixin.py:190} INFO - [2025-12-04T12:26:52.518+0000] {dag.py:3239} INFO - Sync 1 DAGs
[2025-12-04T12:26:52.555+0000] {logging_mixin.py:190} INFO - [2025-12-04T12:26:52.555+0000] {dag.py:4180} INFO - Setting next_dagrun for init_data to 2023-01-01 00:00:00+00:00, run_after=2023-01-01 00:00:00+00:00
[2025-12-04T12:26:52.587+0000] {processor.py:208} INFO - Processing /opt/airflow/dags/init_data.py took 0.125 seconds
[2025-12-04T12:27:23.155+0000] {processor.py:186} INFO - Started process (PID=172) to work on /opt/airflow/dags/init_data.py
[2025-12-04T12:27:23.156+0000] {processor.py:914} INFO - Processing file /opt/airflow/dags/init_data.py for tasks to queue
[2025-12-04T12:27:23.160+0000] {logging_mixin.py:190} INFO - [2025-12-04T12:27:23.159+0000] {dagbag.py:588} INFO - Filling up the DagBag from /opt/airflow/dags/init_data.py
[2025-12-04T12:27:23.172+0000] {processor.py:925} INFO - DAG(s) 'init_data' retrieved from /opt/airflow/dags/init_data.py
[2025-12-04T12:27:23.206+0000] {logging_mixin.py:190} INFO - [2025-12-04T12:27:23.206+0000] {dag.py:3239} INFO - Sync 1 DAGs
[2025-12-04T12:27:23.241+0000] {logging_mixin.py:190} INFO - [2025-12-04T12:27:23.241+0000] {dag.py:4180} INFO - Setting next_dagrun for init_data to 2023-01-01 00:00:00+00:00, run_after=2023-01-01 00:00:00+00:00
[2025-12-04T12:27:23.268+0000] {processor.py:208} INFO - Processing /opt/airflow/dags/init_data.py took 0.123 seconds
[2025-12-04T12:27:54.197+0000] {processor.py:186} INFO - Started process (PID=238) to work on /opt/airflow/dags/init_data.py
[2025-12-04T12:27:54.199+0000] {processor.py:914} INFO - Processing file /opt/airflow/dags/init_data.py for tasks to queue
[2025-12-04T12:27:54.203+0000] {logging_mixin.py:190} INFO - [2025-12-04T12:27:54.202+0000] {dagbag.py:588} INFO - Filling up the DagBag from /opt/airflow/dags/init_data.py
[2025-12-04T12:27:54.214+0000] {processor.py:925} INFO - DAG(s) 'init_data' retrieved from /opt/airflow/dags/init_data.py
[2025-12-04T12:27:54.243+0000] {logging_mixin.py:190} INFO - [2025-12-04T12:27:54.242+0000] {dag.py:3239} INFO - Sync 1 DAGs
[2025-12-04T12:27:54.279+0000] {logging_mixin.py:190} INFO - [2025-12-04T12:27:54.278+0000] {dag.py:4180} INFO - Setting next_dagrun for init_data to 2023-01-01 00:00:00+00:00, run_after=2023-01-01 00:00:00+00:00
[2025-12-04T12:27:54.305+0000] {processor.py:208} INFO - Processing /opt/airflow/dags/init_data.py took 0.118 seconds
[2025-12-04T12:28:24.615+0000] {processor.py:186} INFO - Started process (PID=304) to work on /opt/airflow/dags/init_data.py
[2025-12-04T12:28:24.625+0000] {processor.py:914} INFO - Processing file /opt/airflow/dags/init_data.py for tasks to queue
[2025-12-04T12:28:24.629+0000] {logging_mixin.py:190} INFO - [2025-12-04T12:28:24.628+0000] {dagbag.py:588} INFO - Filling up the DagBag from /opt/airflow/dags/init_data.py
[2025-12-04T12:28:24.641+0000] {processor.py:925} INFO - DAG(s) 'init_data' retrieved from /opt/airflow/dags/init_data.py
[2025-12-04T12:28:24.668+0000] {logging_mixin.py:190} INFO - [2025-12-04T12:28:24.667+0000] {dag.py:3239} INFO - Sync 1 DAGs
[2025-12-04T12:28:24.700+0000] {logging_mixin.py:190} INFO - [2025-12-04T12:28:24.699+0000] {dag.py:4180} INFO - Setting next_dagrun for init_data to 2023-01-01 00:00:00+00:00, run_after=2023-01-01 00:00:00+00:00
[2025-12-04T12:28:24.727+0000] {processor.py:208} INFO - Processing /opt/airflow/dags/init_data.py took 0.126 seconds
[2025-12-04T12:28:54.994+0000] {processor.py:186} INFO - Started process (PID=370) to work on /opt/airflow/dags/init_data.py
[2025-12-04T12:28:55.005+0000] {processor.py:914} INFO - Processing file /opt/airflow/dags/init_data.py for tasks to queue
[2025-12-04T12:28:55.009+0000] {logging_mixin.py:190} INFO - [2025-12-04T12:28:55.008+0000] {dagbag.py:588} INFO - Filling up the DagBag from /opt/airflow/dags/init_data.py
[2025-12-04T12:28:55.020+0000] {processor.py:925} INFO - DAG(s) 'init_data' retrieved from /opt/airflow/dags/init_data.py
[2025-12-04T12:28:55.048+0000] {logging_mixin.py:190} INFO - [2025-12-04T12:28:55.047+0000] {dag.py:3239} INFO - Sync 1 DAGs
[2025-12-04T12:28:55.082+0000] {logging_mixin.py:190} INFO - [2025-12-04T12:28:55.081+0000] {dag.py:4180} INFO - Setting next_dagrun for init_data to 2023-01-01 00:00:00+00:00, run_after=2023-01-01 00:00:00+00:00
[2025-12-04T12:28:55.111+0000] {processor.py:208} INFO - Processing /opt/airflow/dags/init_data.py took 0.127 seconds
[2025-12-04T12:29:25.283+0000] {processor.py:186} INFO - Started process (PID=436) to work on /opt/airflow/dags/init_data.py
[2025-12-04T12:29:25.293+0000] {processor.py:914} INFO - Processing file /opt/airflow/dags/init_data.py for tasks to queue
[2025-12-04T12:29:25.295+0000] {logging_mixin.py:190} INFO - [2025-12-04T12:29:25.295+0000] {dagbag.py:588} INFO - Filling up the DagBag from /opt/airflow/dags/init_data.py
[2025-12-04T12:29:25.302+0000] {processor.py:925} INFO - DAG(s) 'init_data' retrieved from /opt/airflow/dags/init_data.py
[2025-12-04T12:29:25.326+0000] {logging_mixin.py:190} INFO - [2025-12-04T12:29:25.325+0000] {dag.py:3239} INFO - Sync 1 DAGs
[2025-12-04T12:29:25.357+0000] {logging_mixin.py:190} INFO - [2025-12-04T12:29:25.356+0000] {dag.py:4180} INFO - Setting next_dagrun for init_data to 2023-01-01 00:00:00+00:00, run_after=2023-01-01 00:00:00+00:00
[2025-12-04T12:29:25.385+0000] {processor.py:208} INFO - Processing /opt/airflow/dags/init_data.py took 0.108 seconds
[2025-12-04T12:29:56.252+0000] {processor.py:186} INFO - Started process (PID=502) to work on /opt/airflow/dags/init_data.py
[2025-12-04T12:29:56.262+0000] {processor.py:914} INFO - Processing file /opt/airflow/dags/init_data.py for tasks to queue
[2025-12-04T12:29:56.265+0000] {logging_mixin.py:190} INFO - [2025-12-04T12:29:56.264+0000] {dagbag.py:588} INFO - Filling up the DagBag from /opt/airflow/dags/init_data.py
[2025-12-04T12:29:56.273+0000] {processor.py:925} INFO - DAG(s) 'init_data' retrieved from /opt/airflow/dags/init_data.py
[2025-12-04T12:29:56.300+0000] {logging_mixin.py:190} INFO - [2025-12-04T12:29:56.300+0000] {dag.py:3239} INFO - Sync 1 DAGs
[2025-12-04T12:29:56.333+0000] {logging_mixin.py:190} INFO - [2025-12-04T12:29:56.333+0000] {dag.py:4180} INFO - Setting next_dagrun for init_data to 2023-01-01 00:00:00+00:00, run_after=2023-01-01 00:00:00+00:00
[2025-12-04T12:29:56.364+0000] {processor.py:208} INFO - Processing /opt/airflow/dags/init_data.py took 0.121 seconds
[2025-12-04T12:30:26.514+0000] {processor.py:186} INFO - Started process (PID=568) to work on /opt/airflow/dags/init_data.py
[2025-12-04T12:30:26.515+0000] {processor.py:914} INFO - Processing file /opt/airflow/dags/init_data.py for tasks to queue
[2025-12-04T12:30:26.518+0000] {logging_mixin.py:190} INFO - [2025-12-04T12:30:26.517+0000] {dagbag.py:588} INFO - Filling up the DagBag from /opt/airflow/dags/init_data.py
[2025-12-04T12:30:26.527+0000] {processor.py:925} INFO - DAG(s) 'init_data' retrieved from /opt/airflow/dags/init_data.py
[2025-12-04T12:30:26.554+0000] {logging_mixin.py:190} INFO - [2025-12-04T12:30:26.553+0000] {dag.py:3239} INFO - Sync 1 DAGs
[2025-12-04T12:30:26.588+0000] {logging_mixin.py:190} INFO - [2025-12-04T12:30:26.588+0000] {dag.py:4180} INFO - Setting next_dagrun for init_data to 2023-01-01 00:00:00+00:00, run_after=2023-01-01 00:00:00+00:00
[2025-12-04T12:30:26.616+0000] {processor.py:208} INFO - Processing /opt/airflow/dags/init_data.py took 0.110 seconds
[2025-12-04T12:30:57.266+0000] {processor.py:186} INFO - Started process (PID=634) to work on /opt/airflow/dags/init_data.py
[2025-12-04T12:30:57.267+0000] {processor.py:914} INFO - Processing file /opt/airflow/dags/init_data.py for tasks to queue
[2025-12-04T12:30:57.271+0000] {logging_mixin.py:190} INFO - [2025-12-04T12:30:57.270+0000] {dagbag.py:588} INFO - Filling up the DagBag from /opt/airflow/dags/init_data.py
[2025-12-04T12:30:57.282+0000] {processor.py:925} INFO - DAG(s) 'init_data' retrieved from /opt/airflow/dags/init_data.py
[2025-12-04T12:30:57.312+0000] {logging_mixin.py:190} INFO - [2025-12-04T12:30:57.312+0000] {dag.py:3239} INFO - Sync 1 DAGs
[2025-12-04T12:30:57.347+0000] {logging_mixin.py:190} INFO - [2025-12-04T12:30:57.346+0000] {dag.py:4180} INFO - Setting next_dagrun for init_data to 2023-01-01 00:00:00+00:00, run_after=2023-01-01 00:00:00+00:00
[2025-12-04T12:30:57.373+0000] {processor.py:208} INFO - Processing /opt/airflow/dags/init_data.py took 0.114 seconds
[2025-12-04T12:31:27.907+0000] {processor.py:186} INFO - Started process (PID=700) to work on /opt/airflow/dags/init_data.py
[2025-12-04T12:31:27.908+0000] {processor.py:914} INFO - Processing file /opt/airflow/dags/init_data.py for tasks to queue
[2025-12-04T12:31:27.910+0000] {logging_mixin.py:190} INFO - [2025-12-04T12:31:27.910+0000] {dagbag.py:588} INFO - Filling up the DagBag from /opt/airflow/dags/init_data.py
[2025-12-04T12:31:27.919+0000] {processor.py:925} INFO - DAG(s) 'init_data' retrieved from /opt/airflow/dags/init_data.py
[2025-12-04T12:31:27.947+0000] {logging_mixin.py:190} INFO - [2025-12-04T12:31:27.946+0000] {dag.py:3239} INFO - Sync 1 DAGs
[2025-12-04T12:31:27.981+0000] {logging_mixin.py:190} INFO - [2025-12-04T12:31:27.980+0000] {dag.py:4180} INFO - Setting next_dagrun for init_data to 2023-01-01 00:00:00+00:00, run_after=2023-01-01 00:00:00+00:00
[2025-12-04T12:31:28.008+0000] {processor.py:208} INFO - Processing /opt/airflow/dags/init_data.py took 0.108 seconds
[2025-12-04T12:31:58.509+0000] {processor.py:186} INFO - Started process (PID=766) to work on /opt/airflow/dags/init_data.py
[2025-12-04T12:31:58.519+0000] {processor.py:914} INFO - Processing file /opt/airflow/dags/init_data.py for tasks to queue
[2025-12-04T12:31:58.523+0000] {logging_mixin.py:190} INFO - [2025-12-04T12:31:58.522+0000] {dagbag.py:588} INFO - Filling up the DagBag from /opt/airflow/dags/init_data.py
[2025-12-04T12:31:58.534+0000] {processor.py:925} INFO - DAG(s) 'init_data' retrieved from /opt/airflow/dags/init_data.py
[2025-12-04T12:31:58.561+0000] {logging_mixin.py:190} INFO - [2025-12-04T12:31:58.560+0000] {dag.py:3239} INFO - Sync 1 DAGs
[2025-12-04T12:31:58.594+0000] {logging_mixin.py:190} INFO - [2025-12-04T12:31:58.594+0000] {dag.py:4180} INFO - Setting next_dagrun for init_data to 2023-01-01 00:00:00+00:00, run_after=2023-01-01 00:00:00+00:00
[2025-12-04T12:31:58.623+0000] {processor.py:208} INFO - Processing /opt/airflow/dags/init_data.py took 0.124 seconds
[2025-12-04T12:32:28.952+0000] {processor.py:186} INFO - Started process (PID=832) to work on /opt/airflow/dags/init_data.py
[2025-12-04T12:32:28.953+0000] {processor.py:914} INFO - Processing file /opt/airflow/dags/init_data.py for tasks to queue
[2025-12-04T12:32:28.956+0000] {logging_mixin.py:190} INFO - [2025-12-04T12:32:28.955+0000] {dagbag.py:588} INFO - Filling up the DagBag from /opt/airflow/dags/init_data.py
[2025-12-04T12:32:28.965+0000] {processor.py:925} INFO - DAG(s) 'init_data' retrieved from /opt/airflow/dags/init_data.py
[2025-12-04T12:32:28.992+0000] {logging_mixin.py:190} INFO - [2025-12-04T12:32:28.992+0000] {dag.py:3239} INFO - Sync 1 DAGs
[2025-12-04T12:32:29.027+0000] {logging_mixin.py:190} INFO - [2025-12-04T12:32:29.026+0000] {dag.py:4180} INFO - Setting next_dagrun for init_data to 2023-01-01 00:00:00+00:00, run_after=2023-01-01 00:00:00+00:00
[2025-12-04T12:32:29.055+0000] {processor.py:208} INFO - Processing /opt/airflow/dags/init_data.py took 0.110 seconds
[2025-12-04T12:32:59.441+0000] {processor.py:186} INFO - Started process (PID=899) to work on /opt/airflow/dags/init_data.py
[2025-12-04T12:32:59.442+0000] {processor.py:914} INFO - Processing file /opt/airflow/dags/init_data.py for tasks to queue
[2025-12-04T12:32:59.447+0000] {logging_mixin.py:190} INFO - [2025-12-04T12:32:59.446+0000] {dagbag.py:588} INFO - Filling up the DagBag from /opt/airflow/dags/init_data.py
[2025-12-04T12:32:59.459+0000] {processor.py:925} INFO - DAG(s) 'init_data' retrieved from /opt/airflow/dags/init_data.py
[2025-12-04T12:32:59.486+0000] {logging_mixin.py:190} INFO - [2025-12-04T12:32:59.485+0000] {dag.py:3239} INFO - Sync 1 DAGs
[2025-12-04T12:32:59.521+0000] {logging_mixin.py:190} INFO - [2025-12-04T12:32:59.520+0000] {dag.py:4180} INFO - Setting next_dagrun for init_data to 2023-01-01 00:00:00+00:00, run_after=2023-01-01 00:00:00+00:00
[2025-12-04T12:32:59.549+0000] {processor.py:208} INFO - Processing /opt/airflow/dags/init_data.py took 0.116 seconds
[2025-12-04T12:33:30.167+0000] {processor.py:186} INFO - Started process (PID=965) to work on /opt/airflow/dags/init_data.py
[2025-12-04T12:33:30.169+0000] {processor.py:914} INFO - Processing file /opt/airflow/dags/init_data.py for tasks to queue
[2025-12-04T12:33:30.172+0000] {logging_mixin.py:190} INFO - [2025-12-04T12:33:30.172+0000] {dagbag.py:588} INFO - Filling up the DagBag from /opt/airflow/dags/init_data.py
[2025-12-04T12:33:30.185+0000] {processor.py:925} INFO - DAG(s) 'init_data' retrieved from /opt/airflow/dags/init_data.py
[2025-12-04T12:33:30.214+0000] {logging_mixin.py:190} INFO - [2025-12-04T12:33:30.213+0000] {dag.py:3239} INFO - Sync 1 DAGs
[2025-12-04T12:33:30.250+0000] {logging_mixin.py:190} INFO - [2025-12-04T12:33:30.249+0000] {dag.py:4180} INFO - Setting next_dagrun for init_data to 2023-01-01 00:00:00+00:00, run_after=2023-01-01 00:00:00+00:00
[2025-12-04T12:33:30.278+0000] {processor.py:208} INFO - Processing /opt/airflow/dags/init_data.py took 0.121 seconds
[2025-12-04T12:34:00.826+0000] {processor.py:186} INFO - Started process (PID=1031) to work on /opt/airflow/dags/init_data.py
[2025-12-04T12:34:00.836+0000] {processor.py:914} INFO - Processing file /opt/airflow/dags/init_data.py for tasks to queue
[2025-12-04T12:34:00.839+0000] {logging_mixin.py:190} INFO - [2025-12-04T12:34:00.838+0000] {dagbag.py:588} INFO - Filling up the DagBag from /opt/airflow/dags/init_data.py
[2025-12-04T12:34:00.848+0000] {processor.py:925} INFO - DAG(s) 'init_data' retrieved from /opt/airflow/dags/init_data.py
[2025-12-04T12:34:00.869+0000] {logging_mixin.py:190} INFO - [2025-12-04T12:34:00.868+0000] {dag.py:3239} INFO - Sync 1 DAGs
[2025-12-04T12:34:00.896+0000] {logging_mixin.py:190} INFO - [2025-12-04T12:34:00.895+0000] {dag.py:4180} INFO - Setting next_dagrun for init_data to 2023-01-01 00:00:00+00:00, run_after=2023-01-01 00:00:00+00:00
[2025-12-04T12:34:00.918+0000] {processor.py:208} INFO - Processing /opt/airflow/dags/init_data.py took 0.102 seconds
[2025-12-04T12:34:30.946+0000] {processor.py:186} INFO - Started process (PID=1097) to work on /opt/airflow/dags/init_data.py
[2025-12-04T12:34:30.956+0000] {processor.py:914} INFO - Processing file /opt/airflow/dags/init_data.py for tasks to queue
[2025-12-04T12:34:30.958+0000] {logging_mixin.py:190} INFO - [2025-12-04T12:34:30.958+0000] {dagbag.py:588} INFO - Filling up the DagBag from /opt/airflow/dags/init_data.py
[2025-12-04T12:34:30.965+0000] {processor.py:925} INFO - DAG(s) 'init_data' retrieved from /opt/airflow/dags/init_data.py
[2025-12-04T12:34:30.994+0000] {logging_mixin.py:190} INFO - [2025-12-04T12:34:30.993+0000] {dag.py:3239} INFO - Sync 1 DAGs
[2025-12-04T12:34:31.037+0000] {logging_mixin.py:190} INFO - [2025-12-04T12:34:31.036+0000] {dag.py:4180} INFO - Setting next_dagrun for init_data to 2023-01-01 00:00:00+00:00, run_after=2023-01-01 00:00:00+00:00
[2025-12-04T12:34:31.061+0000] {processor.py:208} INFO - Processing /opt/airflow/dags/init_data.py took 0.121 seconds
[2025-12-04T12:35:01.859+0000] {processor.py:186} INFO - Started process (PID=1163) to work on /opt/airflow/dags/init_data.py
[2025-12-04T12:35:01.869+0000] {processor.py:914} INFO - Processing file /opt/airflow/dags/init_data.py for tasks to queue
[2025-12-04T12:35:01.872+0000] {logging_mixin.py:190} INFO - [2025-12-04T12:35:01.871+0000] {dagbag.py:588} INFO - Filling up the DagBag from /opt/airflow/dags/init_data.py
[2025-12-04T12:35:01.881+0000] {processor.py:925} INFO - DAG(s) 'init_data' retrieved from /opt/airflow/dags/init_data.py
[2025-12-04T12:35:01.912+0000] {logging_mixin.py:190} INFO - [2025-12-04T12:35:01.912+0000] {dag.py:3239} INFO - Sync 1 DAGs
[2025-12-04T12:35:01.953+0000] {logging_mixin.py:190} INFO - [2025-12-04T12:35:01.953+0000] {dag.py:4180} INFO - Setting next_dagrun for init_data to 2023-01-01 00:00:00+00:00, run_after=2023-01-01 00:00:00+00:00
[2025-12-04T12:35:01.982+0000] {processor.py:208} INFO - Processing /opt/airflow/dags/init_data.py took 0.131 seconds
[2025-12-04T12:35:32.129+0000] {processor.py:186} INFO - Started process (PID=1229) to work on /opt/airflow/dags/init_data.py
[2025-12-04T12:35:32.139+0000] {processor.py:914} INFO - Processing file /opt/airflow/dags/init_data.py for tasks to queue
[2025-12-04T12:35:32.143+0000] {logging_mixin.py:190} INFO - [2025-12-04T12:35:32.142+0000] {dagbag.py:588} INFO - Filling up the DagBag from /opt/airflow/dags/init_data.py
[2025-12-04T12:35:32.152+0000] {processor.py:925} INFO - DAG(s) 'init_data' retrieved from /opt/airflow/dags/init_data.py
[2025-12-04T12:35:32.178+0000] {logging_mixin.py:190} INFO - [2025-12-04T12:35:32.178+0000] {dag.py:3239} INFO - Sync 1 DAGs
[2025-12-04T12:35:32.210+0000] {logging_mixin.py:190} INFO - [2025-12-04T12:35:32.210+0000] {dag.py:4180} INFO - Setting next_dagrun for init_data to 2023-01-01 00:00:00+00:00, run_after=2023-01-01 00:00:00+00:00
[2025-12-04T12:35:32.236+0000] {processor.py:208} INFO - Processing /opt/airflow/dags/init_data.py took 0.114 seconds
[2025-12-04T12:36:02.730+0000] {processor.py:186} INFO - Started process (PID=1295) to work on /opt/airflow/dags/init_data.py
[2025-12-04T12:36:02.740+0000] {processor.py:914} INFO - Processing file /opt/airflow/dags/init_data.py for tasks to queue
[2025-12-04T12:36:02.744+0000] {logging_mixin.py:190} INFO - [2025-12-04T12:36:02.743+0000] {dagbag.py:588} INFO - Filling up the DagBag from /opt/airflow/dags/init_data.py
[2025-12-04T12:36:02.756+0000] {processor.py:925} INFO - DAG(s) 'init_data' retrieved from /opt/airflow/dags/init_data.py
[2025-12-04T12:36:02.784+0000] {logging_mixin.py:190} INFO - [2025-12-04T12:36:02.784+0000] {dag.py:3239} INFO - Sync 1 DAGs
[2025-12-04T12:36:02.817+0000] {logging_mixin.py:190} INFO - [2025-12-04T12:36:02.817+0000] {dag.py:4180} INFO - Setting next_dagrun for init_data to 2023-01-01 00:00:00+00:00, run_after=2023-01-01 00:00:00+00:00
[2025-12-04T12:36:02.844+0000] {processor.py:208} INFO - Processing /opt/airflow/dags/init_data.py took 0.126 seconds
[2025-12-04T12:36:33.094+0000] {processor.py:186} INFO - Started process (PID=1361) to work on /opt/airflow/dags/init_data.py
[2025-12-04T12:36:33.095+0000] {processor.py:914} INFO - Processing file /opt/airflow/dags/init_data.py for tasks to queue
[2025-12-04T12:36:33.099+0000] {logging_mixin.py:190} INFO - [2025-12-04T12:36:33.099+0000] {dagbag.py:588} INFO - Filling up the DagBag from /opt/airflow/dags/init_data.py
[2025-12-04T12:36:33.111+0000] {processor.py:925} INFO - DAG(s) 'init_data' retrieved from /opt/airflow/dags/init_data.py
[2025-12-04T12:36:33.138+0000] {logging_mixin.py:190} INFO - [2025-12-04T12:36:33.138+0000] {dag.py:3239} INFO - Sync 1 DAGs
[2025-12-04T12:36:33.172+0000] {logging_mixin.py:190} INFO - [2025-12-04T12:36:33.172+0000] {dag.py:4180} INFO - Setting next_dagrun for init_data to 2023-01-01 00:00:00+00:00, run_after=2023-01-01 00:00:00+00:00
[2025-12-04T12:36:33.199+0000] {processor.py:208} INFO - Processing /opt/airflow/dags/init_data.py took 0.116 seconds
[2025-12-04T12:37:03.357+0000] {processor.py:186} INFO - Started process (PID=1428) to work on /opt/airflow/dags/init_data.py
[2025-12-04T12:37:03.367+0000] {processor.py:914} INFO - Processing file /opt/airflow/dags/init_data.py for tasks to queue
[2025-12-04T12:37:03.371+0000] {logging_mixin.py:190} INFO - [2025-12-04T12:37:03.371+0000] {dagbag.py:588} INFO - Filling up the DagBag from /opt/airflow/dags/init_data.py
[2025-12-04T12:37:03.384+0000] {processor.py:925} INFO - DAG(s) 'init_data' retrieved from /opt/airflow/dags/init_data.py
[2025-12-04T12:37:03.410+0000] {logging_mixin.py:190} INFO - [2025-12-04T12:37:03.410+0000] {dag.py:3239} INFO - Sync 1 DAGs
[2025-12-04T12:37:03.449+0000] {logging_mixin.py:190} INFO - [2025-12-04T12:37:03.449+0000] {dag.py:4180} INFO - Setting next_dagrun for init_data to 2023-01-01 00:00:00+00:00, run_after=2023-01-01 00:00:00+00:00
[2025-12-04T12:37:03.477+0000] {processor.py:208} INFO - Processing /opt/airflow/dags/init_data.py took 0.130 seconds
[2025-12-04T12:37:34.039+0000] {processor.py:186} INFO - Started process (PID=1494) to work on /opt/airflow/dags/init_data.py
[2025-12-04T12:37:34.050+0000] {processor.py:914} INFO - Processing file /opt/airflow/dags/init_data.py for tasks to queue
[2025-12-04T12:37:34.054+0000] {logging_mixin.py:190} INFO - [2025-12-04T12:37:34.053+0000] {dagbag.py:588} INFO - Filling up the DagBag from /opt/airflow/dags/init_data.py
[2025-12-04T12:37:34.066+0000] {processor.py:925} INFO - DAG(s) 'init_data' retrieved from /opt/airflow/dags/init_data.py
[2025-12-04T12:37:34.102+0000] {logging_mixin.py:190} INFO - [2025-12-04T12:37:34.101+0000] {dag.py:3239} INFO - Sync 1 DAGs
[2025-12-04T12:37:34.137+0000] {logging_mixin.py:190} INFO - [2025-12-04T12:37:34.137+0000] {dag.py:4180} INFO - Setting next_dagrun for init_data to 2023-01-01 00:00:00+00:00, run_after=2023-01-01 00:00:00+00:00
[2025-12-04T12:37:34.164+0000] {processor.py:208} INFO - Processing /opt/airflow/dags/init_data.py took 0.135 seconds
[2025-12-04T12:38:04.564+0000] {processor.py:186} INFO - Started process (PID=1560) to work on /opt/airflow/dags/init_data.py
[2025-12-04T12:38:04.574+0000] {processor.py:914} INFO - Processing file /opt/airflow/dags/init_data.py for tasks to queue
[2025-12-04T12:38:04.578+0000] {logging_mixin.py:190} INFO - [2025-12-04T12:38:04.577+0000] {dagbag.py:588} INFO - Filling up the DagBag from /opt/airflow/dags/init_data.py
[2025-12-04T12:38:04.589+0000] {processor.py:925} INFO - DAG(s) 'init_data' retrieved from /opt/airflow/dags/init_data.py
[2025-12-04T12:38:04.619+0000] {logging_mixin.py:190} INFO - [2025-12-04T12:38:04.618+0000] {dag.py:3239} INFO - Sync 1 DAGs
[2025-12-04T12:38:04.660+0000] {logging_mixin.py:190} INFO - [2025-12-04T12:38:04.660+0000] {dag.py:4180} INFO - Setting next_dagrun for init_data to 2023-01-01 00:00:00+00:00, run_after=2023-01-01 00:00:00+00:00
[2025-12-04T12:38:04.688+0000] {processor.py:208} INFO - Processing /opt/airflow/dags/init_data.py took 0.134 seconds
[2025-12-04T12:38:35.235+0000] {processor.py:186} INFO - Started process (PID=1626) to work on /opt/airflow/dags/init_data.py
[2025-12-04T12:38:35.246+0000] {processor.py:914} INFO - Processing file /opt/airflow/dags/init_data.py for tasks to queue
[2025-12-04T12:38:35.251+0000] {logging_mixin.py:190} INFO - [2025-12-04T12:38:35.250+0000] {dagbag.py:588} INFO - Filling up the DagBag from /opt/airflow/dags/init_data.py
[2025-12-04T12:38:35.264+0000] {processor.py:925} INFO - DAG(s) 'init_data' retrieved from /opt/airflow/dags/init_data.py
[2025-12-04T12:38:35.291+0000] {logging_mixin.py:190} INFO - [2025-12-04T12:38:35.290+0000] {dag.py:3239} INFO - Sync 1 DAGs
[2025-12-04T12:38:35.325+0000] {logging_mixin.py:190} INFO - [2025-12-04T12:38:35.325+0000] {dag.py:4180} INFO - Setting next_dagrun for init_data to 2023-01-01 00:00:00+00:00, run_after=2023-01-01 00:00:00+00:00
[2025-12-04T12:38:35.350+0000] {processor.py:208} INFO - Processing /opt/airflow/dags/init_data.py took 0.127 seconds
[2025-12-04T12:39:05.708+0000] {processor.py:186} INFO - Started process (PID=1692) to work on /opt/airflow/dags/init_data.py
[2025-12-04T12:39:05.709+0000] {processor.py:914} INFO - Processing file /opt/airflow/dags/init_data.py for tasks to queue
[2025-12-04T12:39:05.711+0000] {logging_mixin.py:190} INFO - [2025-12-04T12:39:05.711+0000] {dagbag.py:588} INFO - Filling up the DagBag from /opt/airflow/dags/init_data.py
[2025-12-04T12:39:05.719+0000] {processor.py:925} INFO - DAG(s) 'init_data' retrieved from /opt/airflow/dags/init_data.py
[2025-12-04T12:39:05.739+0000] {logging_mixin.py:190} INFO - [2025-12-04T12:39:05.738+0000] {dag.py:3239} INFO - Sync 1 DAGs
[2025-12-04T12:39:05.767+0000] {logging_mixin.py:190} INFO - [2025-12-04T12:39:05.767+0000] {dag.py:4180} INFO - Setting next_dagrun for init_data to 2023-01-01 00:00:00+00:00, run_after=2023-01-01 00:00:00+00:00
[2025-12-04T12:39:05.790+0000] {processor.py:208} INFO - Processing /opt/airflow/dags/init_data.py took 0.089 seconds
[2025-12-04T12:39:36.287+0000] {processor.py:186} INFO - Started process (PID=1762) to work on /opt/airflow/dags/init_data.py
[2025-12-04T12:39:36.296+0000] {processor.py:914} INFO - Processing file /opt/airflow/dags/init_data.py for tasks to queue
[2025-12-04T12:39:36.298+0000] {logging_mixin.py:190} INFO - [2025-12-04T12:39:36.298+0000] {dagbag.py:588} INFO - Filling up the DagBag from /opt/airflow/dags/init_data.py
[2025-12-04T12:39:36.306+0000] {processor.py:925} INFO - DAG(s) 'init_data' retrieved from /opt/airflow/dags/init_data.py
[2025-12-04T12:39:36.327+0000] {logging_mixin.py:190} INFO - [2025-12-04T12:39:36.327+0000] {dag.py:3239} INFO - Sync 1 DAGs
[2025-12-04T12:39:36.356+0000] {logging_mixin.py:190} INFO - [2025-12-04T12:39:36.356+0000] {dag.py:4180} INFO - Setting next_dagrun for init_data to 2023-01-01 00:00:00+00:00, run_after=2023-01-01 00:00:00+00:00
[2025-12-04T12:39:36.380+0000] {processor.py:208} INFO - Processing /opt/airflow/dags/init_data.py took 0.100 seconds
[2025-12-04T12:40:07.212+0000] {processor.py:186} INFO - Started process (PID=1828) to work on /opt/airflow/dags/init_data.py
[2025-12-04T12:40:07.214+0000] {processor.py:914} INFO - Processing file /opt/airflow/dags/init_data.py for tasks to queue
[2025-12-04T12:40:07.218+0000] {logging_mixin.py:190} INFO - [2025-12-04T12:40:07.217+0000] {dagbag.py:588} INFO - Filling up the DagBag from /opt/airflow/dags/init_data.py
[2025-12-04T12:40:07.229+0000] {processor.py:925} INFO - DAG(s) 'init_data' retrieved from /opt/airflow/dags/init_data.py
[2025-12-04T12:40:07.255+0000] {logging_mixin.py:190} INFO - [2025-12-04T12:40:07.254+0000] {dag.py:3239} INFO - Sync 1 DAGs
[2025-12-04T12:40:07.287+0000] {logging_mixin.py:190} INFO - [2025-12-04T12:40:07.287+0000] {dag.py:4180} INFO - Setting next_dagrun for init_data to 2023-01-01 00:00:00+00:00, run_after=2023-01-01 00:00:00+00:00
[2025-12-04T12:40:07.315+0000] {processor.py:208} INFO - Processing /opt/airflow/dags/init_data.py took 0.111 seconds
[2025-12-04T12:40:37.663+0000] {processor.py:186} INFO - Started process (PID=1894) to work on /opt/airflow/dags/init_data.py
[2025-12-04T12:40:37.673+0000] {processor.py:914} INFO - Processing file /opt/airflow/dags/init_data.py for tasks to queue
[2025-12-04T12:40:37.677+0000] {logging_mixin.py:190} INFO - [2025-12-04T12:40:37.676+0000] {dagbag.py:588} INFO - Filling up the DagBag from /opt/airflow/dags/init_data.py
[2025-12-04T12:40:37.690+0000] {processor.py:925} INFO - DAG(s) 'init_data' retrieved from /opt/airflow/dags/init_data.py
[2025-12-04T12:40:37.719+0000] {logging_mixin.py:190} INFO - [2025-12-04T12:40:37.719+0000] {dag.py:3239} INFO - Sync 1 DAGs
[2025-12-04T12:40:37.755+0000] {logging_mixin.py:190} INFO - [2025-12-04T12:40:37.755+0000] {dag.py:4180} INFO - Setting next_dagrun for init_data to 2023-01-01 00:00:00+00:00, run_after=2023-01-01 00:00:00+00:00
[2025-12-04T12:40:37.785+0000] {processor.py:208} INFO - Processing /opt/airflow/dags/init_data.py took 0.134 seconds
[2025-12-04T12:41:08.270+0000] {processor.py:186} INFO - Started process (PID=1960) to work on /opt/airflow/dags/init_data.py
[2025-12-04T12:41:08.280+0000] {processor.py:914} INFO - Processing file /opt/airflow/dags/init_data.py for tasks to queue
[2025-12-04T12:41:08.283+0000] {logging_mixin.py:190} INFO - [2025-12-04T12:41:08.283+0000] {dagbag.py:588} INFO - Filling up the DagBag from /opt/airflow/dags/init_data.py
[2025-12-04T12:41:08.292+0000] {processor.py:925} INFO - DAG(s) 'init_data' retrieved from /opt/airflow/dags/init_data.py
[2025-12-04T12:41:08.318+0000] {logging_mixin.py:190} INFO - [2025-12-04T12:41:08.318+0000] {dag.py:3239} INFO - Sync 1 DAGs
[2025-12-04T12:41:08.353+0000] {logging_mixin.py:190} INFO - [2025-12-04T12:41:08.353+0000] {dag.py:4180} INFO - Setting next_dagrun for init_data to 2023-01-01 00:00:00+00:00, run_after=2023-01-01 00:00:00+00:00
[2025-12-04T12:41:08.382+0000] {processor.py:208} INFO - Processing /opt/airflow/dags/init_data.py took 0.119 seconds
[2025-12-04T12:41:38.535+0000] {processor.py:186} INFO - Started process (PID=2027) to work on /opt/airflow/dags/init_data.py
[2025-12-04T12:41:38.536+0000] {processor.py:914} INFO - Processing file /opt/airflow/dags/init_data.py for tasks to queue
[2025-12-04T12:41:38.539+0000] {logging_mixin.py:190} INFO - [2025-12-04T12:41:38.539+0000] {dagbag.py:588} INFO - Filling up the DagBag from /opt/airflow/dags/init_data.py
[2025-12-04T12:41:38.549+0000] {processor.py:925} INFO - DAG(s) 'init_data' retrieved from /opt/airflow/dags/init_data.py
[2025-12-04T12:41:38.571+0000] {logging_mixin.py:190} INFO - [2025-12-04T12:41:38.571+0000] {dag.py:3239} INFO - Sync 1 DAGs
[2025-12-04T12:41:38.601+0000] {logging_mixin.py:190} INFO - [2025-12-04T12:41:38.600+0000] {dag.py:4180} INFO - Setting next_dagrun for init_data to 2023-01-01 00:00:00+00:00, run_after=2023-01-01 00:00:00+00:00
[2025-12-04T12:41:38.623+0000] {processor.py:208} INFO - Processing /opt/airflow/dags/init_data.py took 0.097 seconds
[2025-12-04T12:42:09.526+0000] {processor.py:186} INFO - Started process (PID=2088) to work on /opt/airflow/dags/init_data.py
[2025-12-04T12:42:09.527+0000] {processor.py:914} INFO - Processing file /opt/airflow/dags/init_data.py for tasks to queue
[2025-12-04T12:42:09.529+0000] {logging_mixin.py:190} INFO - [2025-12-04T12:42:09.528+0000] {dagbag.py:588} INFO - Filling up the DagBag from /opt/airflow/dags/init_data.py
[2025-12-04T12:42:09.535+0000] {processor.py:925} INFO - DAG(s) 'init_data' retrieved from /opt/airflow/dags/init_data.py
[2025-12-04T12:42:09.560+0000] {logging_mixin.py:190} INFO - [2025-12-04T12:42:09.560+0000] {dag.py:3239} INFO - Sync 1 DAGs
[2025-12-04T12:42:09.596+0000] {logging_mixin.py:190} INFO - [2025-12-04T12:42:09.596+0000] {dag.py:4180} INFO - Setting next_dagrun for init_data to 2023-01-01 00:00:00+00:00, run_after=2023-01-01 00:00:00+00:00
[2025-12-04T12:42:09.617+0000] {processor.py:208} INFO - Processing /opt/airflow/dags/init_data.py took 0.097 seconds
[2025-12-04T12:42:40.283+0000] {processor.py:186} INFO - Started process (PID=2144) to work on /opt/airflow/dags/init_data.py
[2025-12-04T12:42:40.284+0000] {processor.py:914} INFO - Processing file /opt/airflow/dags/init_data.py for tasks to queue
[2025-12-04T12:42:40.287+0000] {logging_mixin.py:190} INFO - [2025-12-04T12:42:40.287+0000] {dagbag.py:588} INFO - Filling up the DagBag from /opt/airflow/dags/init_data.py
[2025-12-04T12:42:40.297+0000] {processor.py:925} INFO - DAG(s) 'init_data' retrieved from /opt/airflow/dags/init_data.py
[2025-12-04T12:42:40.319+0000] {logging_mixin.py:190} INFO - [2025-12-04T12:42:40.318+0000] {dag.py:3239} INFO - Sync 1 DAGs
[2025-12-04T12:42:40.348+0000] {logging_mixin.py:190} INFO - [2025-12-04T12:42:40.348+0000] {dag.py:4180} INFO - Setting next_dagrun for init_data to 2023-01-01 00:00:00+00:00, run_after=2023-01-01 00:00:00+00:00
[2025-12-04T12:42:40.372+0000] {processor.py:208} INFO - Processing /opt/airflow/dags/init_data.py took 0.097 seconds
[2025-12-04T12:43:11.689+0000] {processor.py:186} INFO - Started process (PID=2210) to work on /opt/airflow/dags/init_data.py
[2025-12-04T12:43:11.690+0000] {processor.py:914} INFO - Processing file /opt/airflow/dags/init_data.py for tasks to queue
[2025-12-04T12:43:11.692+0000] {logging_mixin.py:190} INFO - [2025-12-04T12:43:11.692+0000] {dagbag.py:588} INFO - Filling up the DagBag from /opt/airflow/dags/init_data.py
[2025-12-04T12:43:11.699+0000] {processor.py:925} INFO - DAG(s) 'init_data' retrieved from /opt/airflow/dags/init_data.py
[2025-12-04T12:43:11.722+0000] {logging_mixin.py:190} INFO - [2025-12-04T12:43:11.722+0000] {dag.py:3239} INFO - Sync 1 DAGs
[2025-12-04T12:43:11.751+0000] {logging_mixin.py:190} INFO - [2025-12-04T12:43:11.751+0000] {dag.py:4180} INFO - Setting next_dagrun for init_data to 2023-01-01 00:00:00+00:00, run_after=2023-01-01 00:00:00+00:00
[2025-12-04T12:43:11.773+0000] {processor.py:208} INFO - Processing /opt/airflow/dags/init_data.py took 0.090 seconds
[2025-12-04T12:43:42.416+0000] {processor.py:186} INFO - Started process (PID=2269) to work on /opt/airflow/dags/init_data.py
[2025-12-04T12:43:42.416+0000] {processor.py:914} INFO - Processing file /opt/airflow/dags/init_data.py for tasks to queue
[2025-12-04T12:43:42.419+0000] {logging_mixin.py:190} INFO - [2025-12-04T12:43:42.418+0000] {dagbag.py:588} INFO - Filling up the DagBag from /opt/airflow/dags/init_data.py
[2025-12-04T12:43:42.426+0000] {processor.py:925} INFO - DAG(s) 'init_data' retrieved from /opt/airflow/dags/init_data.py
[2025-12-04T12:43:42.450+0000] {logging_mixin.py:190} INFO - [2025-12-04T12:43:42.450+0000] {dag.py:3239} INFO - Sync 1 DAGs
[2025-12-04T12:43:42.482+0000] {logging_mixin.py:190} INFO - [2025-12-04T12:43:42.482+0000] {dag.py:4180} INFO - Setting next_dagrun for init_data to 2023-01-01 00:00:00+00:00, run_after=2023-01-01 00:00:00+00:00
[2025-12-04T12:43:42.508+0000] {processor.py:208} INFO - Processing /opt/airflow/dags/init_data.py took 0.098 seconds
[2025-12-04T12:44:12.925+0000] {processor.py:186} INFO - Started process (PID=2327) to work on /opt/airflow/dags/init_data.py
[2025-12-04T12:44:12.926+0000] {processor.py:914} INFO - Processing file /opt/airflow/dags/init_data.py for tasks to queue
[2025-12-04T12:44:12.928+0000] {logging_mixin.py:190} INFO - [2025-12-04T12:44:12.928+0000] {dagbag.py:588} INFO - Filling up the DagBag from /opt/airflow/dags/init_data.py
[2025-12-04T12:44:12.935+0000] {processor.py:925} INFO - DAG(s) 'init_data' retrieved from /opt/airflow/dags/init_data.py
[2025-12-04T12:44:12.955+0000] {logging_mixin.py:190} INFO - [2025-12-04T12:44:12.955+0000] {dag.py:3239} INFO - Sync 1 DAGs
[2025-12-04T12:44:12.984+0000] {logging_mixin.py:190} INFO - [2025-12-04T12:44:12.984+0000] {dag.py:4180} INFO - Setting next_dagrun for init_data to 2023-01-01 00:00:00+00:00, run_after=2023-01-01 00:00:00+00:00
[2025-12-04T12:44:13.005+0000] {processor.py:208} INFO - Processing /opt/airflow/dags/init_data.py took 0.086 seconds
[2025-12-04T12:44:43.530+0000] {processor.py:186} INFO - Started process (PID=2389) to work on /opt/airflow/dags/init_data.py
[2025-12-04T12:44:43.531+0000] {processor.py:914} INFO - Processing file /opt/airflow/dags/init_data.py for tasks to queue
[2025-12-04T12:44:43.534+0000] {logging_mixin.py:190} INFO - [2025-12-04T12:44:43.533+0000] {dagbag.py:588} INFO - Filling up the DagBag from /opt/airflow/dags/init_data.py
[2025-12-04T12:44:43.540+0000] {processor.py:925} INFO - DAG(s) 'init_data' retrieved from /opt/airflow/dags/init_data.py
[2025-12-04T12:44:43.561+0000] {logging_mixin.py:190} INFO - [2025-12-04T12:44:43.560+0000] {dag.py:3239} INFO - Sync 1 DAGs
[2025-12-04T12:44:43.590+0000] {logging_mixin.py:190} INFO - [2025-12-04T12:44:43.590+0000] {dag.py:4180} INFO - Setting next_dagrun for init_data to 2023-01-01 00:00:00+00:00, run_after=2023-01-01 00:00:00+00:00
[2025-12-04T12:44:43.611+0000] {processor.py:208} INFO - Processing /opt/airflow/dags/init_data.py took 0.087 seconds
[2025-12-04T12:45:14.062+0000] {processor.py:186} INFO - Started process (PID=2453) to work on /opt/airflow/dags/init_data.py
[2025-12-04T12:45:14.063+0000] {processor.py:914} INFO - Processing file /opt/airflow/dags/init_data.py for tasks to queue
[2025-12-04T12:45:14.065+0000] {logging_mixin.py:190} INFO - [2025-12-04T12:45:14.065+0000] {dagbag.py:588} INFO - Filling up the DagBag from /opt/airflow/dags/init_data.py
[2025-12-04T12:45:14.072+0000] {processor.py:925} INFO - DAG(s) 'init_data' retrieved from /opt/airflow/dags/init_data.py
[2025-12-04T12:45:14.095+0000] {logging_mixin.py:190} INFO - [2025-12-04T12:45:14.094+0000] {dag.py:3239} INFO - Sync 1 DAGs
[2025-12-04T12:45:14.125+0000] {logging_mixin.py:190} INFO - [2025-12-04T12:45:14.125+0000] {dag.py:4180} INFO - Setting next_dagrun for init_data to 2023-01-01 00:00:00+00:00, run_after=2023-01-01 00:00:00+00:00
[2025-12-04T12:45:14.148+0000] {processor.py:208} INFO - Processing /opt/airflow/dags/init_data.py took 0.093 seconds
[2025-12-04T12:45:44.985+0000] {processor.py:186} INFO - Started process (PID=2519) to work on /opt/airflow/dags/init_data.py
[2025-12-04T12:45:44.986+0000] {processor.py:914} INFO - Processing file /opt/airflow/dags/init_data.py for tasks to queue
[2025-12-04T12:45:44.988+0000] {logging_mixin.py:190} INFO - [2025-12-04T12:45:44.988+0000] {dagbag.py:588} INFO - Filling up the DagBag from /opt/airflow/dags/init_data.py
[2025-12-04T12:45:44.997+0000] {processor.py:925} INFO - DAG(s) 'init_data' retrieved from /opt/airflow/dags/init_data.py
[2025-12-04T12:45:45.023+0000] {logging_mixin.py:190} INFO - [2025-12-04T12:45:45.022+0000] {dag.py:3239} INFO - Sync 1 DAGs
[2025-12-04T12:45:45.063+0000] {logging_mixin.py:190} INFO - [2025-12-04T12:45:45.063+0000] {dag.py:4180} INFO - Setting next_dagrun for init_data to 2023-01-01 00:00:00+00:00, run_after=2023-01-01 00:00:00+00:00
[2025-12-04T12:45:45.092+0000] {processor.py:208} INFO - Processing /opt/airflow/dags/init_data.py took 0.115 seconds
[2025-12-04T12:46:15.489+0000] {processor.py:186} INFO - Started process (PID=2584) to work on /opt/airflow/dags/init_data.py
[2025-12-04T12:46:15.490+0000] {processor.py:914} INFO - Processing file /opt/airflow/dags/init_data.py for tasks to queue
[2025-12-04T12:46:15.493+0000] {logging_mixin.py:190} INFO - [2025-12-04T12:46:15.492+0000] {dagbag.py:588} INFO - Filling up the DagBag from /opt/airflow/dags/init_data.py
[2025-12-04T12:46:15.502+0000] {processor.py:925} INFO - DAG(s) 'init_data' retrieved from /opt/airflow/dags/init_data.py
[2025-12-04T12:46:15.530+0000] {logging_mixin.py:190} INFO - [2025-12-04T12:46:15.529+0000] {dag.py:3239} INFO - Sync 1 DAGs
[2025-12-04T12:46:15.569+0000] {logging_mixin.py:190} INFO - [2025-12-04T12:46:15.569+0000] {dag.py:4180} INFO - Setting next_dagrun for init_data to 2023-01-01 00:00:00+00:00, run_after=2023-01-01 00:00:00+00:00
[2025-12-04T12:46:15.609+0000] {processor.py:208} INFO - Processing /opt/airflow/dags/init_data.py took 0.129 seconds
[2025-12-04T12:49:33.509+0000] {processor.py:186} INFO - Started process (PID=41) to work on /opt/airflow/dags/init_data.py
[2025-12-04T12:49:33.510+0000] {processor.py:914} INFO - Processing file /opt/airflow/dags/init_data.py for tasks to queue
[2025-12-04T12:49:33.512+0000] {logging_mixin.py:190} INFO - [2025-12-04T12:49:33.511+0000] {dagbag.py:588} INFO - Filling up the DagBag from /opt/airflow/dags/init_data.py
[2025-12-04T12:49:33.518+0000] {processor.py:925} INFO - DAG(s) 'init_data' retrieved from /opt/airflow/dags/init_data.py
[2025-12-04T12:49:33.706+0000] {logging_mixin.py:190} INFO - [2025-12-04T12:49:33.705+0000] {override.py:1912} INFO - Created Permission View: can edit on DAG:init_data
[2025-12-04T12:49:33.717+0000] {logging_mixin.py:190} INFO - [2025-12-04T12:49:33.716+0000] {override.py:1912} INFO - Created Permission View: can delete on DAG:init_data
[2025-12-04T12:49:33.723+0000] {logging_mixin.py:190} INFO - [2025-12-04T12:49:33.723+0000] {override.py:1912} INFO - Created Permission View: can read on DAG:init_data
[2025-12-04T12:49:33.730+0000] {logging_mixin.py:190} INFO - [2025-12-04T12:49:33.730+0000] {override.py:1912} INFO - Created Permission View: can delete on DAG Run:init_data
[2025-12-04T12:49:33.738+0000] {logging_mixin.py:190} INFO - [2025-12-04T12:49:33.738+0000] {override.py:1912} INFO - Created Permission View: can create on DAG Run:init_data
[2025-12-04T12:49:33.746+0000] {logging_mixin.py:190} INFO - [2025-12-04T12:49:33.745+0000] {override.py:1912} INFO - Created Permission View: can read on DAG Run:init_data
[2025-12-04T12:49:33.753+0000] {logging_mixin.py:190} INFO - [2025-12-04T12:49:33.752+0000] {override.py:1912} INFO - Created Permission View: menu access on DAG Run:init_data
[2025-12-04T12:49:33.753+0000] {logging_mixin.py:190} INFO - [2025-12-04T12:49:33.753+0000] {dag.py:3239} INFO - Sync 1 DAGs
[2025-12-04T12:49:33.764+0000] {logging_mixin.py:190} INFO - [2025-12-04T12:49:33.764+0000] {dag.py:3262} INFO - Creating ORM DAG for init_data
[2025-12-04T12:49:33.774+0000] {logging_mixin.py:190} INFO - [2025-12-04T12:49:33.774+0000] {dag.py:4180} INFO - Setting next_dagrun for init_data to 2023-01-01 00:00:00+00:00, run_after=2023-01-01 00:00:00+00:00
[2025-12-04T12:49:33.802+0000] {processor.py:208} INFO - Processing /opt/airflow/dags/init_data.py took 0.298 seconds
[2025-12-04T12:50:04.552+0000] {processor.py:186} INFO - Started process (PID=107) to work on /opt/airflow/dags/init_data.py
[2025-12-04T12:50:04.553+0000] {processor.py:914} INFO - Processing file /opt/airflow/dags/init_data.py for tasks to queue
[2025-12-04T12:50:04.556+0000] {logging_mixin.py:190} INFO - [2025-12-04T12:50:04.556+0000] {dagbag.py:588} INFO - Filling up the DagBag from /opt/airflow/dags/init_data.py
[2025-12-04T12:50:04.569+0000] {processor.py:925} INFO - DAG(s) 'init_data' retrieved from /opt/airflow/dags/init_data.py
[2025-12-04T12:50:04.600+0000] {logging_mixin.py:190} INFO - [2025-12-04T12:50:04.599+0000] {dag.py:3239} INFO - Sync 1 DAGs
[2025-12-04T12:50:04.652+0000] {logging_mixin.py:190} INFO - [2025-12-04T12:50:04.651+0000] {dag.py:4180} INFO - Setting next_dagrun for init_data to 2023-01-01 00:00:00+00:00, run_after=2023-01-01 00:00:00+00:00
[2025-12-04T12:50:04.681+0000] {processor.py:208} INFO - Processing /opt/airflow/dags/init_data.py took 0.136 seconds
[2025-12-04T12:50:35.455+0000] {processor.py:186} INFO - Started process (PID=173) to work on /opt/airflow/dags/init_data.py
[2025-12-04T12:50:35.456+0000] {processor.py:914} INFO - Processing file /opt/airflow/dags/init_data.py for tasks to queue
[2025-12-04T12:50:35.458+0000] {logging_mixin.py:190} INFO - [2025-12-04T12:50:35.457+0000] {dagbag.py:588} INFO - Filling up the DagBag from /opt/airflow/dags/init_data.py
[2025-12-04T12:50:35.464+0000] {processor.py:925} INFO - DAG(s) 'init_data' retrieved from /opt/airflow/dags/init_data.py
[2025-12-04T12:50:35.483+0000] {logging_mixin.py:190} INFO - [2025-12-04T12:50:35.483+0000] {dag.py:3239} INFO - Sync 1 DAGs
[2025-12-04T12:50:35.510+0000] {logging_mixin.py:190} INFO - [2025-12-04T12:50:35.510+0000] {dag.py:4180} INFO - Setting next_dagrun for init_data to 2023-01-01 00:00:00+00:00, run_after=2023-01-01 00:00:00+00:00
[2025-12-04T12:50:35.533+0000] {processor.py:208} INFO - Processing /opt/airflow/dags/init_data.py took 0.084 seconds
[2025-12-04T12:51:05.656+0000] {processor.py:186} INFO - Started process (PID=239) to work on /opt/airflow/dags/init_data.py
[2025-12-04T12:51:05.657+0000] {processor.py:914} INFO - Processing file /opt/airflow/dags/init_data.py for tasks to queue
[2025-12-04T12:51:05.661+0000] {logging_mixin.py:190} INFO - [2025-12-04T12:51:05.660+0000] {dagbag.py:588} INFO - Filling up the DagBag from /opt/airflow/dags/init_data.py
[2025-12-04T12:51:05.669+0000] {processor.py:925} INFO - DAG(s) 'init_data' retrieved from /opt/airflow/dags/init_data.py
[2025-12-04T12:51:05.694+0000] {logging_mixin.py:190} INFO - [2025-12-04T12:51:05.693+0000] {dag.py:3239} INFO - Sync 1 DAGs
[2025-12-04T12:51:05.727+0000] {logging_mixin.py:190} INFO - [2025-12-04T12:51:05.726+0000] {dag.py:4180} INFO - Setting next_dagrun for init_data to 2023-01-01 00:00:00+00:00, run_after=2023-01-01 00:00:00+00:00
[2025-12-04T12:51:05.749+0000] {processor.py:208} INFO - Processing /opt/airflow/dags/init_data.py took 0.100 seconds
[2025-12-04T12:51:35.999+0000] {processor.py:186} INFO - Started process (PID=317) to work on /opt/airflow/dags/init_data.py
[2025-12-04T12:51:36.001+0000] {processor.py:914} INFO - Processing file /opt/airflow/dags/init_data.py for tasks to queue
[2025-12-04T12:51:36.004+0000] {logging_mixin.py:190} INFO - [2025-12-04T12:51:36.004+0000] {dagbag.py:588} INFO - Filling up the DagBag from /opt/airflow/dags/init_data.py
[2025-12-04T12:51:36.014+0000] {processor.py:925} INFO - DAG(s) 'init_data' retrieved from /opt/airflow/dags/init_data.py
[2025-12-04T12:51:36.046+0000] {logging_mixin.py:190} INFO - [2025-12-04T12:51:36.046+0000] {dag.py:3239} INFO - Sync 1 DAGs
[2025-12-04T12:51:36.086+0000] {logging_mixin.py:190} INFO - [2025-12-04T12:51:36.086+0000] {dag.py:4180} INFO - Setting next_dagrun for init_data to None, run_after=None
[2025-12-04T12:51:36.113+0000] {processor.py:208} INFO - Processing /opt/airflow/dags/init_data.py took 0.121 seconds
[2025-12-04T12:52:06.385+0000] {processor.py:186} INFO - Started process (PID=387) to work on /opt/airflow/dags/init_data.py
[2025-12-04T12:52:06.386+0000] {processor.py:914} INFO - Processing file /opt/airflow/dags/init_data.py for tasks to queue
[2025-12-04T12:52:06.388+0000] {logging_mixin.py:190} INFO - [2025-12-04T12:52:06.388+0000] {dagbag.py:588} INFO - Filling up the DagBag from /opt/airflow/dags/init_data.py
[2025-12-04T12:52:06.393+0000] {processor.py:925} INFO - DAG(s) 'init_data' retrieved from /opt/airflow/dags/init_data.py
[2025-12-04T12:52:06.406+0000] {logging_mixin.py:190} INFO - [2025-12-04T12:52:06.406+0000] {dag.py:3239} INFO - Sync 1 DAGs
[2025-12-04T12:52:06.425+0000] {logging_mixin.py:190} INFO - [2025-12-04T12:52:06.425+0000] {dag.py:4180} INFO - Setting next_dagrun for init_data to None, run_after=None
[2025-12-04T12:52:06.440+0000] {processor.py:208} INFO - Processing /opt/airflow/dags/init_data.py took 0.059 seconds
[2025-12-04T12:52:37.404+0000] {processor.py:186} INFO - Started process (PID=457) to work on /opt/airflow/dags/init_data.py
[2025-12-04T12:52:37.405+0000] {processor.py:914} INFO - Processing file /opt/airflow/dags/init_data.py for tasks to queue
[2025-12-04T12:52:37.408+0000] {logging_mixin.py:190} INFO - [2025-12-04T12:52:37.407+0000] {dagbag.py:588} INFO - Filling up the DagBag from /opt/airflow/dags/init_data.py
[2025-12-04T12:52:37.417+0000] {processor.py:925} INFO - DAG(s) 'init_data' retrieved from /opt/airflow/dags/init_data.py
[2025-12-04T12:52:37.438+0000] {logging_mixin.py:190} INFO - [2025-12-04T12:52:37.438+0000] {dag.py:3239} INFO - Sync 1 DAGs
[2025-12-04T12:52:37.469+0000] {logging_mixin.py:190} INFO - [2025-12-04T12:52:37.468+0000] {dag.py:4180} INFO - Setting next_dagrun for init_data to None, run_after=None
[2025-12-04T12:52:37.492+0000] {processor.py:208} INFO - Processing /opt/airflow/dags/init_data.py took 0.097 seconds
[2025-12-04T12:53:08.343+0000] {processor.py:186} INFO - Started process (PID=523) to work on /opt/airflow/dags/init_data.py
[2025-12-04T12:53:08.345+0000] {processor.py:914} INFO - Processing file /opt/airflow/dags/init_data.py for tasks to queue
[2025-12-04T12:53:08.347+0000] {logging_mixin.py:190} INFO - [2025-12-04T12:53:08.347+0000] {dagbag.py:588} INFO - Filling up the DagBag from /opt/airflow/dags/init_data.py
[2025-12-04T12:53:08.354+0000] {processor.py:925} INFO - DAG(s) 'init_data' retrieved from /opt/airflow/dags/init_data.py
[2025-12-04T12:53:08.377+0000] {logging_mixin.py:190} INFO - [2025-12-04T12:53:08.376+0000] {dag.py:3239} INFO - Sync 1 DAGs
[2025-12-04T12:53:08.408+0000] {logging_mixin.py:190} INFO - [2025-12-04T12:53:08.408+0000] {dag.py:4180} INFO - Setting next_dagrun for init_data to None, run_after=None
[2025-12-04T12:53:08.430+0000] {processor.py:208} INFO - Processing /opt/airflow/dags/init_data.py took 0.093 seconds
[2025-12-04T12:53:38.805+0000] {processor.py:186} INFO - Started process (PID=589) to work on /opt/airflow/dags/init_data.py
[2025-12-04T12:53:38.807+0000] {processor.py:914} INFO - Processing file /opt/airflow/dags/init_data.py for tasks to queue
[2025-12-04T12:53:38.810+0000] {logging_mixin.py:190} INFO - [2025-12-04T12:53:38.809+0000] {dagbag.py:588} INFO - Filling up the DagBag from /opt/airflow/dags/init_data.py
[2025-12-04T12:53:38.820+0000] {processor.py:925} INFO - DAG(s) 'init_data' retrieved from /opt/airflow/dags/init_data.py
[2025-12-04T12:53:38.888+0000] {logging_mixin.py:190} INFO - [2025-12-04T12:53:38.888+0000] {dag.py:3239} INFO - Sync 1 DAGs
[2025-12-04T12:53:38.925+0000] {logging_mixin.py:190} INFO - [2025-12-04T12:53:38.924+0000] {dag.py:4180} INFO - Setting next_dagrun for init_data to None, run_after=None
[2025-12-04T12:53:38.952+0000] {processor.py:208} INFO - Processing /opt/airflow/dags/init_data.py took 0.154 seconds
[2025-12-04T12:54:09.227+0000] {processor.py:186} INFO - Started process (PID=655) to work on /opt/airflow/dags/init_data.py
[2025-12-04T12:54:09.228+0000] {processor.py:914} INFO - Processing file /opt/airflow/dags/init_data.py for tasks to queue
[2025-12-04T12:54:09.231+0000] {logging_mixin.py:190} INFO - [2025-12-04T12:54:09.231+0000] {dagbag.py:588} INFO - Filling up the DagBag from /opt/airflow/dags/init_data.py
[2025-12-04T12:54:09.240+0000] {processor.py:925} INFO - DAG(s) 'init_data' retrieved from /opt/airflow/dags/init_data.py
[2025-12-04T12:54:09.267+0000] {logging_mixin.py:190} INFO - [2025-12-04T12:54:09.266+0000] {dag.py:3239} INFO - Sync 1 DAGs
[2025-12-04T12:54:09.298+0000] {logging_mixin.py:190} INFO - [2025-12-04T12:54:09.298+0000] {dag.py:4180} INFO - Setting next_dagrun for init_data to None, run_after=None
[2025-12-04T12:54:09.324+0000] {processor.py:208} INFO - Processing /opt/airflow/dags/init_data.py took 0.104 seconds
[2025-12-04T12:54:39.765+0000] {processor.py:186} INFO - Started process (PID=721) to work on /opt/airflow/dags/init_data.py
[2025-12-04T12:54:39.766+0000] {processor.py:914} INFO - Processing file /opt/airflow/dags/init_data.py for tasks to queue
[2025-12-04T12:54:39.769+0000] {logging_mixin.py:190} INFO - [2025-12-04T12:54:39.769+0000] {dagbag.py:588} INFO - Filling up the DagBag from /opt/airflow/dags/init_data.py
[2025-12-04T12:54:39.779+0000] {processor.py:925} INFO - DAG(s) 'init_data' retrieved from /opt/airflow/dags/init_data.py
[2025-12-04T12:54:39.804+0000] {logging_mixin.py:190} INFO - [2025-12-04T12:54:39.804+0000] {dag.py:3239} INFO - Sync 1 DAGs
[2025-12-04T12:54:39.838+0000] {logging_mixin.py:190} INFO - [2025-12-04T12:54:39.838+0000] {dag.py:4180} INFO - Setting next_dagrun for init_data to None, run_after=None
[2025-12-04T12:54:39.867+0000] {processor.py:208} INFO - Processing /opt/airflow/dags/init_data.py took 0.109 seconds
