[2025-12-04T12:51:14.808+0000] {local_task_job_runner.py:123} INFO - ::group::Pre task execution logs
[2025-12-04T12:51:14.981+0000] {taskinstance.py:2614} INFO - Dependencies all met for dep_context=non-requeueable deps ti=<TaskInstance: init_schema.create_employees_table manual__2025-12-04T12:51:08.380972+00:00 [queued]>
[2025-12-04T12:51:14.988+0000] {taskinstance.py:2614} INFO - Dependencies all met for dep_context=requeueable deps ti=<TaskInstance: init_schema.create_employees_table manual__2025-12-04T12:51:08.380972+00:00 [queued]>
[2025-12-04T12:51:14.989+0000] {taskinstance.py:2867} INFO - Starting attempt 1 of 1
[2025-12-04T12:51:15.000+0000] {taskinstance.py:2890} INFO - Executing <Task(PostgresOperator): create_employees_table> on 2025-12-04 12:51:08.380972+00:00
[2025-12-04T12:51:15.011+0000] {warnings.py:112} WARNING - /home/***/.local/lib/python3.12/site-packages/***/task/task_runner/standard_task_runner.py:70: DeprecationWarning: This process (pid=78) is multi-threaded, use of fork() may lead to deadlocks in the child.
  pid = os.fork()

[2025-12-04T12:51:15.012+0000] {standard_task_runner.py:72} INFO - Started process 84 to run task
[2025-12-04T12:51:15.013+0000] {standard_task_runner.py:104} INFO - Running: ['***', 'tasks', 'run', 'init_schema', 'create_employees_table', 'manual__2025-12-04T12:51:08.380972+00:00', '--job-id', '3', '--raw', '--subdir', 'DAGS_FOLDER/init_schema.py', '--cfg-path', '/tmp/tmpzepxqva5']
[2025-12-04T12:51:15.014+0000] {standard_task_runner.py:105} INFO - Job 3: Subtask create_employees_table
[2025-12-04T12:51:15.050+0000] {task_command.py:467} INFO - Running <TaskInstance: init_schema.create_employees_table manual__2025-12-04T12:51:08.380972+00:00 [running]> on host 598e02b62824
[2025-12-04T12:51:15.120+0000] {taskinstance.py:3134} INFO - Exporting env vars: AIRFLOW_CTX_DAG_OWNER='***' AIRFLOW_CTX_DAG_ID='init_schema' AIRFLOW_CTX_TASK_ID='create_employees_table' AIRFLOW_CTX_EXECUTION_DATE='2025-12-04T12:51:08.380972+00:00' AIRFLOW_CTX_TRY_NUMBER='1' AIRFLOW_CTX_DAG_RUN_ID='manual__2025-12-04T12:51:08.380972+00:00'
[2025-12-04T12:51:15.121+0000] {logging_mixin.py:190} INFO - Task instance is in running state
[2025-12-04T12:51:15.121+0000] {logging_mixin.py:190} INFO -  Previous state of the Task instance: queued
[2025-12-04T12:51:15.121+0000] {logging_mixin.py:190} INFO - Current task name:create_employees_table state:running start_date:2025-12-04 12:51:14.981546+00:00
[2025-12-04T12:51:15.122+0000] {logging_mixin.py:190} INFO - Dag name:init_schema and current dag run status:running
[2025-12-04T12:51:15.122+0000] {taskinstance.py:732} INFO - ::endgroup::
[2025-12-04T12:51:15.122+0000] {sql.py:295} INFO - Executing: 
        CREATE TABLE IF NOT EXISTS hr_employees (
            id BIGINT PRIMARY KEY,
            name TEXT NOT NULL,
            department TEXT,
            hire_date DATE
        );
        
[2025-12-04T12:51:15.129+0000] {base.py:84} INFO - Retrieving connection '***_db'
[2025-12-04T12:51:15.136+0000] {base.py:84} INFO - Retrieving connection '***_db'
[2025-12-04T12:51:15.136+0000] {sql.py:186} WARNING - This setter is for backward compatibility and should not be used.
Since the introduction of connection property, the providers listed below breaks due to assigning value to self.connection in their __init__ method.
* apache-***-providers-mysql<5.7.1
* apache-***-providers-elasticsearch<5.5.1
* apache-***-providers-postgres<5.13.0
[2025-12-04T12:51:15.139+0000] {sql.py:511} INFO - Running statement: 
        CREATE TABLE IF NOT EXISTS hr_employees (
            id BIGINT PRIMARY KEY,
            name TEXT NOT NULL,
            department TEXT,
            hire_date DATE
        );
        , parameters: None
[2025-12-04T12:51:15.140+0000] {warnings.py:112} WARNING - /home/***/.local/lib/python3.12/site-packages/***/providers/common/sql/hooks/sql.py:470: DeprecationWarning: Import of fetch_all_handler from the '***.providers.common.sql.hooks' module is deprecated and will
be removed in the future. Please import it from '***.providers.common.sql.hooks.handlers'.
  result = self._make_common_data_structure(handler(cur))

[2025-12-04T12:51:15.140+0000] {warnings.py:112} WARNING - /home/***/.local/lib/python3.12/site-packages/***/providers/common/sql/hooks/sql.py:471: DeprecationWarning: Import of return_single_query_results from the '***.providers.common.sql.hooks' module is deprecated and will
be removed in the future. Please import it from '***.providers.common.sql.hooks.handlers'.
  if return_single_query_results(sql, return_last, split_statements):

[2025-12-04T12:51:15.141+0000] {warnings.py:112} WARNING - /home/***/.local/lib/python3.12/site-packages/***/providers/common/sql/hooks/sql.py:486: DeprecationWarning: Import of return_single_query_results from the '***.providers.common.sql.hooks' module is deprecated and will
be removed in the future. Please import it from '***.providers.common.sql.hooks.handlers'.
  if return_single_query_results(sql, return_last, split_statements):

[2025-12-04T12:51:15.141+0000] {warnings.py:112} WARNING - /home/***/.local/lib/python3.12/site-packages/***/providers/common/sql/operators/sql.py:311: DeprecationWarning: Import of return_single_query_results from the '***.providers.common.sql.hooks' module is deprecated and will
be removed in the future. Please import it from '***.providers.common.sql.hooks.handlers'.
  if return_single_query_results(self.sql, self.return_last, self.split_statements):

[2025-12-04T12:51:15.150+0000] {taskinstance.py:341} INFO - ::group::Post task execution logs
[2025-12-04T12:51:15.151+0000] {taskinstance.py:353} INFO - Marking task as SUCCESS. dag_id=init_schema, task_id=create_employees_table, run_id=manual__2025-12-04T12:51:08.380972+00:00, execution_date=20251204T125108, start_date=20251204T125114, end_date=20251204T125115
[2025-12-04T12:51:15.168+0000] {logging_mixin.py:190} INFO - Task instance in success state
[2025-12-04T12:51:15.169+0000] {logging_mixin.py:190} INFO -  Previous state of the Task instance: running
[2025-12-04T12:51:15.169+0000] {logging_mixin.py:190} INFO - Dag name:init_schema queued_at:2025-12-04 12:51:08.430445+00:00
[2025-12-04T12:51:15.169+0000] {logging_mixin.py:190} INFO - Task hostname:598e02b62824 operator:PostgresOperator
[2025-12-04T12:51:15.186+0000] {local_task_job_runner.py:266} INFO - Task exited with return code 0
[2025-12-04T12:51:15.207+0000] {taskinstance.py:3901} INFO - 1 downstream tasks scheduled from follow-on schedule check
[2025-12-04T12:51:15.208+0000] {local_task_job_runner.py:245} INFO - ::endgroup::
