[2025-12-04T12:51:32.278+0000] {local_task_job_runner.py:123} INFO - ::group::Pre task execution logs
[2025-12-04T12:51:32.455+0000] {taskinstance.py:2614} INFO - Dependencies all met for dep_context=non-requeueable deps ti=<TaskInstance: init_data.generate_random_employees scheduled__2023-01-01T00:00:00+00:00 [queued]>
[2025-12-04T12:51:32.465+0000] {taskinstance.py:2614} INFO - Dependencies all met for dep_context=requeueable deps ti=<TaskInstance: init_data.generate_random_employees scheduled__2023-01-01T00:00:00+00:00 [queued]>
[2025-12-04T12:51:32.465+0000] {taskinstance.py:2867} INFO - Starting attempt 1 of 1
[2025-12-04T12:51:32.483+0000] {taskinstance.py:2890} INFO - Executing <Task(PythonOperator): generate_random_employees> on 2023-01-01 00:00:00+00:00
[2025-12-04T12:51:32.492+0000] {warnings.py:112} WARNING - /home/***/.local/lib/python3.12/site-packages/***/task/task_runner/standard_task_runner.py:70: DeprecationWarning: This process (pid=102) is multi-threaded, use of fork() may lead to deadlocks in the child.
  pid = os.fork()

[2025-12-04T12:51:32.493+0000] {standard_task_runner.py:72} INFO - Started process 105 to run task
[2025-12-04T12:51:32.494+0000] {standard_task_runner.py:104} INFO - Running: ['***', 'tasks', 'run', 'init_data', 'generate_random_employees', 'scheduled__2023-01-01T00:00:00+00:00', '--job-id', '8', '--raw', '--subdir', 'DAGS_FOLDER/init_data.py', '--cfg-path', '/tmp/tmp18hsc_66']
[2025-12-04T12:51:32.495+0000] {standard_task_runner.py:105} INFO - Job 8: Subtask generate_random_employees
[2025-12-04T12:51:32.547+0000] {task_command.py:467} INFO - Running <TaskInstance: init_data.generate_random_employees scheduled__2023-01-01T00:00:00+00:00 [running]> on host 598e02b62824
[2025-12-04T12:51:32.646+0000] {taskinstance.py:3134} INFO - Exporting env vars: AIRFLOW_CTX_DAG_OWNER='***' AIRFLOW_CTX_DAG_ID='init_data' AIRFLOW_CTX_TASK_ID='generate_random_employees' AIRFLOW_CTX_EXECUTION_DATE='2023-01-01T00:00:00+00:00' AIRFLOW_CTX_TRY_NUMBER='1' AIRFLOW_CTX_DAG_RUN_ID='scheduled__2023-01-01T00:00:00+00:00'
[2025-12-04T12:51:32.647+0000] {logging_mixin.py:190} INFO - Task instance is in running state
[2025-12-04T12:51:32.647+0000] {logging_mixin.py:190} INFO -  Previous state of the Task instance: queued
[2025-12-04T12:51:32.648+0000] {logging_mixin.py:190} INFO - Current task name:generate_random_employees state:running start_date:2025-12-04 12:51:32.455445+00:00
[2025-12-04T12:51:32.648+0000] {logging_mixin.py:190} INFO - Dag name:init_data and current dag run status:running
[2025-12-04T12:51:32.648+0000] {taskinstance.py:732} INFO - ::endgroup::
[2025-12-04T12:51:32.657+0000] {base.py:84} INFO - Retrieving connection '***_db'
[2025-12-04T12:51:32.658+0000] {sql.py:186} WARNING - This setter is for backward compatibility and should not be used.
Since the introduction of connection property, the providers listed below breaks due to assigning value to self.connection in their __init__ method.
* apache-***-providers-mysql<5.7.1
* apache-***-providers-elasticsearch<5.5.1
* apache-***-providers-postgres<5.13.0
[2025-12-04T12:51:32.730+0000] {logging_mixin.py:190} INFO - Вставлен пакет записей с 1 по 1000 (1000 записей)
[2025-12-04T12:51:32.756+0000] {taskinstance.py:3313} ERROR - Task failed with exception
Traceback (most recent call last):
  File "/home/airflow/.local/lib/python3.12/site-packages/airflow/models/taskinstance.py", line 768, in _execute_task
    result = _execute_callable(context=context, **execute_callable_kwargs)
             ^^^^^^^^^^^^^^^^^^^^^^^^^^^^^^^^^^^^^^^^^^^^^^^^^^^^^^^^^^^^^
  File "/home/airflow/.local/lib/python3.12/site-packages/airflow/models/taskinstance.py", line 734, in _execute_callable
    return ExecutionCallableRunner(
           ^^^^^^^^^^^^^^^^^^^^^^^^
  File "/home/airflow/.local/lib/python3.12/site-packages/airflow/utils/operator_helpers.py", line 252, in run
    return self.func(*args, **kwargs)
           ^^^^^^^^^^^^^^^^^^^^^^^^^^
  File "/home/airflow/.local/lib/python3.12/site-packages/airflow/models/baseoperator.py", line 424, in wrapper
    return func(self, *args, **kwargs)
           ^^^^^^^^^^^^^^^^^^^^^^^^^^^
  File "/home/airflow/.local/lib/python3.12/site-packages/airflow/operators/python.py", line 238, in execute
    return_value = self.execute_callable()
                   ^^^^^^^^^^^^^^^^^^^^^^^
  File "/home/airflow/.local/lib/python3.12/site-packages/airflow/operators/python.py", line 256, in execute_callable
    return runner.run(*self.op_args, **self.op_kwargs)
           ^^^^^^^^^^^^^^^^^^^^^^^^^^^^^^^^^^^^^^^^^^^
  File "/home/airflow/.local/lib/python3.12/site-packages/airflow/utils/operator_helpers.py", line 252, in run
    return self.func(*args, **kwargs)
           ^^^^^^^^^^^^^^^^^^^^^^^^^^
  File "/opt/airflow/dags/init_data.py", line 89, in generate_random_employees
    cursor.execute(b"INSERT INTO hr_employees (id, name, department, hire_date) VALUES " + args_str)
psycopg2.errors.UniqueViolation: duplicate key value violates unique constraint "hr_employees_pkey"
DETAIL:  Key (id)=(1001) already exists.

[2025-12-04T12:51:32.767+0000] {logging_mixin.py:190} INFO - Task instance in failure state
[2025-12-04T12:51:32.768+0000] {logging_mixin.py:190} INFO - Task start:2025-12-04 12:51:32.455445+00:00 end:2025-12-04 12:51:32.767280+00:00 duration:0.311835
[2025-12-04T12:51:32.768+0000] {logging_mixin.py:190} INFO - Task:<Task(PythonOperator): generate_random_employees> dag:<DAG: init_data> dagrun:<DagRun init_data @ 2023-01-01 00:00:00+00:00: scheduled__2023-01-01T00:00:00+00:00, state:running, queued_at: 2025-12-04 12:51:30.005462+00:00. externally triggered: False>
[2025-12-04T12:51:32.769+0000] {logging_mixin.py:190} INFO - Failure caused by duplicate key value violates unique constraint "hr_employees_pkey"
DETAIL:  Key (id)=(1001) already exists.
[2025-12-04T12:51:32.769+0000] {taskinstance.py:1226} INFO - Marking task as FAILED. dag_id=init_data, task_id=generate_random_employees, run_id=scheduled__2023-01-01T00:00:00+00:00, execution_date=20230101T000000, start_date=20251204T125132, end_date=20251204T125132
[2025-12-04T12:51:32.798+0000] {taskinstance.py:341} INFO - ::group::Post task execution logs
[2025-12-04T12:51:32.798+0000] {standard_task_runner.py:124} ERROR - Failed to execute job 8 for task generate_random_employees (duplicate key value violates unique constraint "hr_employees_pkey"
DETAIL:  Key (id)=(1001) already exists.
; 105)
Traceback (most recent call last):
  File "/home/airflow/.local/lib/python3.12/site-packages/airflow/task/task_runner/standard_task_runner.py", line 117, in _start_by_fork
    ret = args.func(args, dag=self.dag)
          ^^^^^^^^^^^^^^^^^^^^^^^^^^^^^
  File "/home/airflow/.local/lib/python3.12/site-packages/airflow/cli/cli_config.py", line 49, in command
    return func(*args, **kwargs)
           ^^^^^^^^^^^^^^^^^^^^^
  File "/home/airflow/.local/lib/python3.12/site-packages/airflow/utils/cli.py", line 116, in wrapper
    return f(*args, **kwargs)
           ^^^^^^^^^^^^^^^^^^
  File "/home/airflow/.local/lib/python3.12/site-packages/airflow/cli/commands/task_command.py", line 483, in task_run
    task_return_code = _run_task_by_selected_method(args, _dag, ti)
                       ^^^^^^^^^^^^^^^^^^^^^^^^^^^^^^^^^^^^^^^^^^^^
  File "/home/airflow/.local/lib/python3.12/site-packages/airflow/cli/commands/task_command.py", line 256, in _run_task_by_selected_method
    return _run_raw_task(args, ti)
           ^^^^^^^^^^^^^^^^^^^^^^^
  File "/home/airflow/.local/lib/python3.12/site-packages/airflow/cli/commands/task_command.py", line 341, in _run_raw_task
    return ti._run_raw_task(
           ^^^^^^^^^^^^^^^^^
  File "/home/airflow/.local/lib/python3.12/site-packages/airflow/utils/session.py", line 97, in wrapper
    return func(*args, session=session, **kwargs)
           ^^^^^^^^^^^^^^^^^^^^^^^^^^^^^^^^^^^^^^
  File "/home/airflow/.local/lib/python3.12/site-packages/airflow/models/taskinstance.py", line 3006, in _run_raw_task
    return _run_raw_task(
           ^^^^^^^^^^^^^^
  File "/home/airflow/.local/lib/python3.12/site-packages/airflow/models/taskinstance.py", line 274, in _run_raw_task
    TaskInstance._execute_task_with_callbacks(
  File "/home/airflow/.local/lib/python3.12/site-packages/airflow/models/taskinstance.py", line 3161, in _execute_task_with_callbacks
    result = self._execute_task(context, task_orig)
             ^^^^^^^^^^^^^^^^^^^^^^^^^^^^^^^^^^^^^^
  File "/home/airflow/.local/lib/python3.12/site-packages/airflow/models/taskinstance.py", line 3185, in _execute_task
    return _execute_task(self, context, task_orig)
           ^^^^^^^^^^^^^^^^^^^^^^^^^^^^^^^^^^^^^^^
  File "/home/airflow/.local/lib/python3.12/site-packages/airflow/models/taskinstance.py", line 768, in _execute_task
    result = _execute_callable(context=context, **execute_callable_kwargs)
             ^^^^^^^^^^^^^^^^^^^^^^^^^^^^^^^^^^^^^^^^^^^^^^^^^^^^^^^^^^^^^
  File "/home/airflow/.local/lib/python3.12/site-packages/airflow/models/taskinstance.py", line 734, in _execute_callable
    return ExecutionCallableRunner(
           ^^^^^^^^^^^^^^^^^^^^^^^^
  File "/home/airflow/.local/lib/python3.12/site-packages/airflow/utils/operator_helpers.py", line 252, in run
    return self.func(*args, **kwargs)
           ^^^^^^^^^^^^^^^^^^^^^^^^^^
  File "/home/airflow/.local/lib/python3.12/site-packages/airflow/models/baseoperator.py", line 424, in wrapper
    return func(self, *args, **kwargs)
           ^^^^^^^^^^^^^^^^^^^^^^^^^^^
  File "/home/airflow/.local/lib/python3.12/site-packages/airflow/operators/python.py", line 238, in execute
    return_value = self.execute_callable()
                   ^^^^^^^^^^^^^^^^^^^^^^^
  File "/home/airflow/.local/lib/python3.12/site-packages/airflow/operators/python.py", line 256, in execute_callable
    return runner.run(*self.op_args, **self.op_kwargs)
           ^^^^^^^^^^^^^^^^^^^^^^^^^^^^^^^^^^^^^^^^^^^
  File "/home/airflow/.local/lib/python3.12/site-packages/airflow/utils/operator_helpers.py", line 252, in run
    return self.func(*args, **kwargs)
           ^^^^^^^^^^^^^^^^^^^^^^^^^^
  File "/opt/airflow/dags/init_data.py", line 89, in generate_random_employees
    cursor.execute(b"INSERT INTO hr_employees (id, name, department, hire_date) VALUES " + args_str)
psycopg2.errors.UniqueViolation: duplicate key value violates unique constraint "hr_employees_pkey"
DETAIL:  Key (id)=(1001) already exists.

[2025-12-04T12:51:32.828+0000] {local_task_job_runner.py:266} INFO - Task exited with return code 1
[2025-12-04T12:51:32.846+0000] {taskinstance.py:3901} INFO - 0 downstream tasks scheduled from follow-on schedule check
[2025-12-04T12:51:32.847+0000] {local_task_job_runner.py:245} INFO - ::endgroup::
