[2025-11-20T19:33:44.169+0000] {local_task_job_runner.py:123} INFO - ::group::Pre task execution logs
[2025-11-20T19:33:44.197+0000] {taskinstance.py:2614} INFO - Dependencies all met for dep_context=non-requeueable deps ti=<TaskInstance: collect_data.collect_sales_per_day manual__2025-11-20T19:33:42.419713+00:00 [queued]>
[2025-11-20T19:33:44.212+0000] {taskinstance.py:2614} INFO - Dependencies all met for dep_context=requeueable deps ti=<TaskInstance: collect_data.collect_sales_per_day manual__2025-11-20T19:33:42.419713+00:00 [queued]>
[2025-11-20T19:33:44.213+0000] {taskinstance.py:2867} INFO - Starting attempt 1 of 1
[2025-11-20T19:33:44.237+0000] {taskinstance.py:2890} INFO - Executing <Task(PythonOperator): collect_sales_per_day> on 2025-11-20 19:33:42.419713+00:00
[2025-11-20T19:33:44.246+0000] {warnings.py:112} WARNING - /home/***/.local/lib/python3.12/site-packages/***/task/task_runner/standard_task_runner.py:70: DeprecationWarning: This process (pid=1017) is multi-threaded, use of fork() may lead to deadlocks in the child.
  pid = os.fork()

[2025-11-20T19:33:44.250+0000] {standard_task_runner.py:72} INFO - Started process 1018 to run task
[2025-11-20T19:33:44.250+0000] {standard_task_runner.py:104} INFO - Running: ['***', 'tasks', 'run', 'collect_data', 'collect_sales_per_day', 'manual__2025-11-20T19:33:42.419713+00:00', '--job-id', '38', '--raw', '--subdir', 'DAGS_FOLDER/collect_data.py', '--cfg-path', '/tmp/tmpek8ah3pc']
[2025-11-20T19:33:44.253+0000] {standard_task_runner.py:105} INFO - Job 38: Subtask collect_sales_per_day
[2025-11-20T19:33:44.358+0000] {task_command.py:467} INFO - Running <TaskInstance: collect_data.collect_sales_per_day manual__2025-11-20T19:33:42.419713+00:00 [running]> on host d39729476f79
[2025-11-20T19:33:44.496+0000] {taskinstance.py:3134} INFO - Exporting env vars: AIRFLOW_CTX_DAG_EMAIL='test_user_var_2@email.ru,2@email.ru' AIRFLOW_CTX_DAG_OWNER='Zhukova_Mariya' AIRFLOW_CTX_DAG_ID='collect_data' AIRFLOW_CTX_TASK_ID='collect_sales_per_day' AIRFLOW_CTX_EXECUTION_DATE='2025-11-20T19:33:42.419713+00:00' AIRFLOW_CTX_TRY_NUMBER='1' AIRFLOW_CTX_DAG_RUN_ID='manual__2025-11-20T19:33:42.419713+00:00'
[2025-11-20T19:33:44.499+0000] {taskinstance.py:732} INFO - ::endgroup::
[2025-11-20T19:33:44.566+0000] {logging_mixin.py:190} INFO - Найдены даты для обработки: [datetime.date(2025, 3, 20), datetime.date(2025, 3, 21), datetime.date(2025, 3, 22)]
[2025-11-20T19:33:44.567+0000] {logging_mixin.py:190} INFO - Обработка метрик за дату: 2025-03-20
[2025-11-20T19:33:44.596+0000] {logging_mixin.py:190} INFO - Метрики за 2025-03-20 успешно обновлены. Общая сумма продаж: 2449.46
[2025-11-20T19:33:44.598+0000] {logging_mixin.py:190} INFO - Обработка метрик за дату: 2025-03-21
[2025-11-20T19:33:44.625+0000] {logging_mixin.py:190} INFO - Метрики за 2025-03-21 успешно обновлены. Общая сумма продаж: 959.46
[2025-11-20T19:33:44.626+0000] {logging_mixin.py:190} INFO - Обработка метрик за дату: 2025-03-22
[2025-11-20T19:33:44.660+0000] {logging_mixin.py:190} INFO - Метрики за 2025-03-22 успешно обновлены. Общая сумма продаж: 2149.48
[2025-11-20T19:33:44.661+0000] {python.py:240} INFO - Done. Returned value was: None
[2025-11-20T19:33:44.676+0000] {taskinstance.py:341} INFO - ::group::Post task execution logs
[2025-11-20T19:33:44.677+0000] {taskinstance.py:353} INFO - Marking task as SUCCESS. dag_id=collect_data, task_id=collect_sales_per_day, run_id=manual__2025-11-20T19:33:42.419713+00:00, execution_date=20251120T193342, start_date=20251120T193344, end_date=20251120T193344
[2025-11-20T19:33:44.771+0000] {local_task_job_runner.py:266} INFO - Task exited with return code 0
[2025-11-20T19:33:44.797+0000] {taskinstance.py:3901} INFO - 0 downstream tasks scheduled from follow-on schedule check
[2025-11-20T19:33:44.802+0000] {local_task_job_runner.py:245} INFO - ::endgroup::
