[2025-11-20T19:00:50.248+0000] {local_task_job_runner.py:123} INFO - ::group::Pre task execution logs
[2025-11-20T19:00:50.282+0000] {taskinstance.py:2614} INFO - Dependencies all met for dep_context=non-requeueable deps ti=<TaskInstance: init_data.insert_data manual__2025-11-20T19:00:45.665167+00:00 [queued]>
[2025-11-20T19:00:50.299+0000] {taskinstance.py:2614} INFO - Dependencies all met for dep_context=requeueable deps ti=<TaskInstance: init_data.insert_data manual__2025-11-20T19:00:45.665167+00:00 [queued]>
[2025-11-20T19:00:50.300+0000] {taskinstance.py:2867} INFO - Starting attempt 1 of 1
[2025-11-20T19:00:50.327+0000] {taskinstance.py:2890} INFO - Executing <Task(PythonOperator): insert_data> on 2025-11-20 19:00:45.665167+00:00
[2025-11-20T19:00:50.335+0000] {warnings.py:112} WARNING - /home/***/.local/lib/python3.12/site-packages/***/task/task_runner/standard_task_runner.py:70: DeprecationWarning: This process (pid=580) is multi-threaded, use of fork() may lead to deadlocks in the child.
  pid = os.fork()

[2025-11-20T19:00:50.339+0000] {standard_task_runner.py:72} INFO - Started process 581 to run task
[2025-11-20T19:00:50.339+0000] {standard_task_runner.py:104} INFO - Running: ['***', 'tasks', 'run', 'init_data', 'insert_data', 'manual__2025-11-20T19:00:45.665167+00:00', '--job-id', '28', '--raw', '--subdir', 'DAGS_FOLDER/init_data.py', '--cfg-path', '/tmp/tmpx5rv7s3j']
[2025-11-20T19:00:50.342+0000] {standard_task_runner.py:105} INFO - Job 28: Subtask insert_data
[2025-11-20T19:00:50.453+0000] {task_command.py:467} INFO - Running <TaskInstance: init_data.insert_data manual__2025-11-20T19:00:45.665167+00:00 [running]> on host d39729476f79
[2025-11-20T19:00:50.623+0000] {taskinstance.py:3134} INFO - Exporting env vars: AIRFLOW_CTX_DAG_EMAIL='test_user_var_2@email.ru,2@email.ru' AIRFLOW_CTX_DAG_OWNER='bmstu' AIRFLOW_CTX_DAG_ID='init_data' AIRFLOW_CTX_TASK_ID='insert_data' AIRFLOW_CTX_EXECUTION_DATE='2025-11-20T19:00:45.665167+00:00' AIRFLOW_CTX_TRY_NUMBER='1' AIRFLOW_CTX_DAG_RUN_ID='manual__2025-11-20T19:00:45.665167+00:00'
[2025-11-20T19:00:50.626+0000] {taskinstance.py:732} INFO - ::endgroup::
[2025-11-20T19:00:50.708+0000] {logging_mixin.py:190} INFO - Таблица 'sales' наполнена 13 записями!
[2025-11-20T19:00:50.709+0000] {python.py:240} INFO - Done. Returned value was: None
[2025-11-20T19:00:50.737+0000] {taskinstance.py:341} INFO - ::group::Post task execution logs
[2025-11-20T19:00:50.738+0000] {taskinstance.py:353} INFO - Marking task as SUCCESS. dag_id=init_data, task_id=insert_data, run_id=manual__2025-11-20T19:00:45.665167+00:00, execution_date=20251120T190045, start_date=20251120T190050, end_date=20251120T190050
[2025-11-20T19:00:50.801+0000] {local_task_job_runner.py:266} INFO - Task exited with return code 0
[2025-11-20T19:00:50.825+0000] {taskinstance.py:3901} INFO - 0 downstream tasks scheduled from follow-on schedule check
[2025-11-20T19:00:50.829+0000] {local_task_job_runner.py:245} INFO - ::endgroup::
