[2025-11-20T19:23:40.225+0000] {local_task_job_runner.py:123} INFO - ::group::Pre task execution logs
[2025-11-20T19:23:40.271+0000] {taskinstance.py:2614} INFO - Dependencies all met for dep_context=non-requeueable deps ti=<TaskInstance: collect_data.process_all_historical manual__2025-11-20T19:23:38.239080+00:00 [queued]>
[2025-11-20T19:23:40.293+0000] {taskinstance.py:2614} INFO - Dependencies all met for dep_context=requeueable deps ti=<TaskInstance: collect_data.process_all_historical manual__2025-11-20T19:23:38.239080+00:00 [queued]>
[2025-11-20T19:23:40.296+0000] {taskinstance.py:2867} INFO - Starting attempt 1 of 1
[2025-11-20T19:23:40.328+0000] {taskinstance.py:2890} INFO - Executing <Task(PythonOperator): process_all_historical> on 2025-11-20 19:23:38.239080+00:00
[2025-11-20T19:23:40.337+0000] {warnings.py:112} WARNING - /home/***/.local/lib/python3.12/site-packages/***/task/task_runner/standard_task_runner.py:70: DeprecationWarning: This process (pid=885) is multi-threaded, use of fork() may lead to deadlocks in the child.
  pid = os.fork()

[2025-11-20T19:23:40.339+0000] {standard_task_runner.py:72} INFO - Started process 886 to run task
[2025-11-20T19:23:40.339+0000] {standard_task_runner.py:104} INFO - Running: ['***', 'tasks', 'run', 'collect_data', 'process_all_historical', 'manual__2025-11-20T19:23:38.239080+00:00', '--job-id', '36', '--raw', '--subdir', 'DAGS_FOLDER/collect_data.py', '--cfg-path', '/tmp/tmpt_45jstp']
[2025-11-20T19:23:40.342+0000] {standard_task_runner.py:105} INFO - Job 36: Subtask process_all_historical
[2025-11-20T19:23:40.462+0000] {task_command.py:467} INFO - Running <TaskInstance: collect_data.process_all_historical manual__2025-11-20T19:23:38.239080+00:00 [running]> on host d39729476f79
[2025-11-20T19:23:40.634+0000] {taskinstance.py:3134} INFO - Exporting env vars: AIRFLOW_CTX_DAG_EMAIL='wzomzot@hop.ru,1@mail.ru' AIRFLOW_CTX_DAG_OWNER='bmstu' AIRFLOW_CTX_DAG_ID='collect_data' AIRFLOW_CTX_TASK_ID='process_all_historical' AIRFLOW_CTX_EXECUTION_DATE='2025-11-20T19:23:38.239080+00:00' AIRFLOW_CTX_TRY_NUMBER='1' AIRFLOW_CTX_DAG_RUN_ID='manual__2025-11-20T19:23:38.239080+00:00'
[2025-11-20T19:23:40.636+0000] {taskinstance.py:732} INFO - ::endgroup::
[2025-11-20T19:23:40.677+0000] {logging_mixin.py:190} INFO - Найдены даты для обработки: [datetime.date(2025, 3, 20), datetime.date(2025, 3, 21), datetime.date(2025, 3, 22)]
[2025-11-20T19:23:40.679+0000] {logging_mixin.py:190} INFO - Обработка метрик за дату: 2025-03-20
[2025-11-20T19:23:40.698+0000] {logging_mixin.py:190} INFO - Метрики за 2025-03-20 успешно обновлены. Общая сумма продаж: 2449.46
[2025-11-20T19:23:40.700+0000] {logging_mixin.py:190} INFO - Обработка метрик за дату: 2025-03-21
[2025-11-20T19:23:40.719+0000] {logging_mixin.py:190} INFO - Метрики за 2025-03-21 успешно обновлены. Общая сумма продаж: 959.46
[2025-11-20T19:23:40.720+0000] {logging_mixin.py:190} INFO - Обработка метрик за дату: 2025-03-22
[2025-11-20T19:23:40.742+0000] {logging_mixin.py:190} INFO - Метрики за 2025-03-22 успешно обновлены. Общая сумма продаж: 2149.48
[2025-11-20T19:23:40.743+0000] {python.py:240} INFO - Done. Returned value was: None
[2025-11-20T19:23:40.762+0000] {taskinstance.py:341} INFO - ::group::Post task execution logs
[2025-11-20T19:23:40.763+0000] {taskinstance.py:353} INFO - Marking task as SUCCESS. dag_id=collect_data, task_id=process_all_historical, run_id=manual__2025-11-20T19:23:38.239080+00:00, execution_date=20251120T192338, start_date=20251120T192340, end_date=20251120T192340
[2025-11-20T19:23:40.840+0000] {local_task_job_runner.py:266} INFO - Task exited with return code 0
[2025-11-20T19:23:40.869+0000] {taskinstance.py:3901} INFO - 0 downstream tasks scheduled from follow-on schedule check
[2025-11-20T19:23:40.873+0000] {local_task_job_runner.py:245} INFO - ::endgroup::
