[2025-11-20T19:16:31.827+0000] {local_task_job_runner.py:123} INFO - ::group::Pre task execution logs
[2025-11-20T19:16:31.844+0000] {taskinstance.py:2614} INFO - Dependencies all met for dep_context=non-requeueable deps ti=<TaskInstance: collect_data.collect_data manual__2025-11-20T19:16:30.289894+00:00 [queued]>
[2025-11-20T19:16:31.854+0000] {taskinstance.py:2614} INFO - Dependencies all met for dep_context=requeueable deps ti=<TaskInstance: collect_data.collect_data manual__2025-11-20T19:16:30.289894+00:00 [queued]>
[2025-11-20T19:16:31.854+0000] {taskinstance.py:2867} INFO - Starting attempt 1 of 1
[2025-11-20T19:16:31.869+0000] {taskinstance.py:2890} INFO - Executing <Task(PythonOperator): collect_data> on 2025-11-20 19:16:30.289894+00:00
[2025-11-20T19:16:31.876+0000] {warnings.py:112} WARNING - /home/***/.local/lib/python3.12/site-packages/***/task/task_runner/standard_task_runner.py:70: DeprecationWarning: This process (pid=782) is multi-threaded, use of fork() may lead to deadlocks in the child.
  pid = os.fork()

[2025-11-20T19:16:31.878+0000] {standard_task_runner.py:72} INFO - Started process 783 to run task
[2025-11-20T19:16:31.878+0000] {standard_task_runner.py:104} INFO - Running: ['***', 'tasks', 'run', 'collect_data', 'collect_data', 'manual__2025-11-20T19:16:30.289894+00:00', '--job-id', '30', '--raw', '--subdir', 'DAGS_FOLDER/collect_data.py', '--cfg-path', '/tmp/tmpffavekzm']
[2025-11-20T19:16:31.880+0000] {standard_task_runner.py:105} INFO - Job 30: Subtask collect_data
[2025-11-20T19:16:31.958+0000] {task_command.py:467} INFO - Running <TaskInstance: collect_data.collect_data manual__2025-11-20T19:16:30.289894+00:00 [running]> on host d39729476f79
[2025-11-20T19:16:32.050+0000] {taskinstance.py:3134} INFO - Exporting env vars: AIRFLOW_CTX_DAG_EMAIL='test_user_var_2@email.ru,2@email.ru' AIRFLOW_CTX_DAG_OWNER='bmstu' AIRFLOW_CTX_DAG_ID='collect_data' AIRFLOW_CTX_TASK_ID='collect_data' AIRFLOW_CTX_EXECUTION_DATE='2025-11-20T19:16:30.289894+00:00' AIRFLOW_CTX_TRY_NUMBER='1' AIRFLOW_CTX_DAG_RUN_ID='manual__2025-11-20T19:16:30.289894+00:00'
[2025-11-20T19:16:32.051+0000] {taskinstance.py:732} INFO - ::endgroup::
[2025-11-20T19:16:32.066+0000] {logging_mixin.py:190} INFO - Обработка метрик за дату: 2025-11-20
[2025-11-20T19:16:32.084+0000] {logging_mixin.py:190} INFO - Метрики за 2025-11-20 успешно обновлены. Общая сумма продаж: 0.00
[2025-11-20T19:16:32.085+0000] {python.py:240} INFO - Done. Returned value was: None
[2025-11-20T19:16:32.098+0000] {taskinstance.py:341} INFO - ::group::Post task execution logs
[2025-11-20T19:16:32.099+0000] {taskinstance.py:353} INFO - Marking task as SUCCESS. dag_id=collect_data, task_id=collect_data, run_id=manual__2025-11-20T19:16:30.289894+00:00, execution_date=20251120T191630, start_date=20251120T191631, end_date=20251120T191632
[2025-11-20T19:16:32.176+0000] {local_task_job_runner.py:266} INFO - Task exited with return code 0
[2025-11-20T19:16:32.202+0000] {taskinstance.py:3901} INFO - 0 downstream tasks scheduled from follow-on schedule check
[2025-11-20T19:16:32.207+0000] {local_task_job_runner.py:245} INFO - ::endgroup::
