[2025-11-20T19:17:19.178+0000] {local_task_job_runner.py:123} INFO - ::group::Pre task execution logs
[2025-11-20T19:17:19.201+0000] {taskinstance.py:2614} INFO - Dependencies all met for dep_context=non-requeueable deps ti=<TaskInstance: collect_data.collect_data manual__2025-11-20T19:17:17.909144+00:00 [queued]>
[2025-11-20T19:17:19.218+0000] {taskinstance.py:2614} INFO - Dependencies all met for dep_context=requeueable deps ti=<TaskInstance: collect_data.collect_data manual__2025-11-20T19:17:17.909144+00:00 [queued]>
[2025-11-20T19:17:19.219+0000] {taskinstance.py:2867} INFO - Starting attempt 1 of 1
[2025-11-20T19:17:19.242+0000] {taskinstance.py:2890} INFO - Executing <Task(PythonOperator): collect_data> on 2025-11-20 19:17:17.909144+00:00
[2025-11-20T19:17:19.251+0000] {standard_task_runner.py:104} INFO - Running: ['***', 'tasks', 'run', 'collect_data', 'collect_data', 'manual__2025-11-20T19:17:17.909144+00:00', '--job-id', '31', '--raw', '--subdir', 'DAGS_FOLDER/collect_data.py', '--cfg-path', '/tmp/tmptrcyndry']
[2025-11-20T19:17:19.253+0000] {standard_task_runner.py:105} INFO - Job 31: Subtask collect_data
[2025-11-20T19:17:19.249+0000] {warnings.py:112} WARNING - /home/***/.local/lib/python3.12/site-packages/***/task/task_runner/standard_task_runner.py:70: DeprecationWarning: This process (pid=792) is multi-threaded, use of fork() may lead to deadlocks in the child.
  pid = os.fork()

[2025-11-20T19:17:19.257+0000] {standard_task_runner.py:72} INFO - Started process 793 to run task
[2025-11-20T19:17:19.326+0000] {task_command.py:467} INFO - Running <TaskInstance: collect_data.collect_data manual__2025-11-20T19:17:17.909144+00:00 [running]> on host d39729476f79
[2025-11-20T19:17:19.419+0000] {taskinstance.py:3134} INFO - Exporting env vars: AIRFLOW_CTX_DAG_EMAIL='test_user_var_2@email.ru,2@email.ru' AIRFLOW_CTX_DAG_OWNER='bmstu' AIRFLOW_CTX_DAG_ID='collect_data' AIRFLOW_CTX_TASK_ID='collect_data' AIRFLOW_CTX_EXECUTION_DATE='2025-11-20T19:17:17.909144+00:00' AIRFLOW_CTX_TRY_NUMBER='1' AIRFLOW_CTX_DAG_RUN_ID='manual__2025-11-20T19:17:17.909144+00:00'
[2025-11-20T19:17:19.420+0000] {taskinstance.py:732} INFO - ::endgroup::
[2025-11-20T19:17:19.436+0000] {logging_mixin.py:190} INFO - Обработка метрик за дату: 2025-11-20
[2025-11-20T19:17:19.448+0000] {logging_mixin.py:190} INFO - Метрики за 2025-11-20 успешно обновлены. Общая сумма продаж: 0.00
[2025-11-20T19:17:19.449+0000] {python.py:240} INFO - Done. Returned value was: None
[2025-11-20T19:17:19.461+0000] {taskinstance.py:341} INFO - ::group::Post task execution logs
[2025-11-20T19:17:19.462+0000] {taskinstance.py:353} INFO - Marking task as SUCCESS. dag_id=collect_data, task_id=collect_data, run_id=manual__2025-11-20T19:17:17.909144+00:00, execution_date=20251120T191717, start_date=20251120T191719, end_date=20251120T191719
[2025-11-20T19:17:19.518+0000] {local_task_job_runner.py:266} INFO - Task exited with return code 0
[2025-11-20T19:17:19.534+0000] {taskinstance.py:3901} INFO - 0 downstream tasks scheduled from follow-on schedule check
[2025-11-20T19:17:19.542+0000] {local_task_job_runner.py:245} INFO - ::endgroup::
