[2025-11-20T18:59:41.621+0000] {local_task_job_runner.py:123} INFO - ::group::Pre task execution logs
[2025-11-20T18:59:41.660+0000] {taskinstance.py:2614} INFO - Dependencies all met for dep_context=non-requeueable deps ti=<TaskInstance: init_schema.create_table manual__2025-11-20T18:59:38.359483+00:00 [queued]>
[2025-11-20T18:59:41.678+0000] {taskinstance.py:2614} INFO - Dependencies all met for dep_context=requeueable deps ti=<TaskInstance: init_schema.create_table manual__2025-11-20T18:59:38.359483+00:00 [queued]>
[2025-11-20T18:59:41.679+0000] {taskinstance.py:2867} INFO - Starting attempt 1 of 1
[2025-11-20T18:59:41.702+0000] {taskinstance.py:2890} INFO - Executing <Task(PythonOperator): create_table> on 2025-11-20 18:59:38.359483+00:00
[2025-11-20T18:59:41.711+0000] {warnings.py:112} WARNING - /home/***/.local/lib/python3.12/site-packages/***/task/task_runner/standard_task_runner.py:70: DeprecationWarning: This process (pid=559) is multi-threaded, use of fork() may lead to deadlocks in the child.
  pid = os.fork()

[2025-11-20T18:59:41.714+0000] {standard_task_runner.py:72} INFO - Started process 560 to run task
[2025-11-20T18:59:41.714+0000] {standard_task_runner.py:104} INFO - Running: ['***', 'tasks', 'run', 'init_schema', 'create_table', 'manual__2025-11-20T18:59:38.359483+00:00', '--job-id', '26', '--raw', '--subdir', 'DAGS_FOLDER/init_schema.py', '--cfg-path', '/tmp/tmpik9b7yco']
[2025-11-20T18:59:41.716+0000] {standard_task_runner.py:105} INFO - Job 26: Subtask create_table
[2025-11-20T18:59:41.815+0000] {task_command.py:467} INFO - Running <TaskInstance: init_schema.create_table manual__2025-11-20T18:59:38.359483+00:00 [running]> on host d39729476f79
[2025-11-20T18:59:42.024+0000] {taskinstance.py:3134} INFO - Exporting env vars: AIRFLOW_CTX_DAG_EMAIL='test_user_var_2@email.ru,2@email.ru' AIRFLOW_CTX_DAG_OWNER='bmstu' AIRFLOW_CTX_DAG_ID='init_schema' AIRFLOW_CTX_TASK_ID='create_table' AIRFLOW_CTX_EXECUTION_DATE='2025-11-20T18:59:38.359483+00:00' AIRFLOW_CTX_TRY_NUMBER='1' AIRFLOW_CTX_DAG_RUN_ID='manual__2025-11-20T18:59:38.359483+00:00'
[2025-11-20T18:59:42.026+0000] {taskinstance.py:732} INFO - ::endgroup::
[2025-11-20T18:59:42.070+0000] {logging_mixin.py:190} INFO - Таблицы 'sales' и 'daily_sales_metrics' успешно созданы!
[2025-11-20T18:59:42.072+0000] {python.py:240} INFO - Done. Returned value was: None
[2025-11-20T18:59:42.095+0000] {taskinstance.py:341} INFO - ::group::Post task execution logs
[2025-11-20T18:59:42.097+0000] {taskinstance.py:353} INFO - Marking task as SUCCESS. dag_id=init_schema, task_id=create_table, run_id=manual__2025-11-20T18:59:38.359483+00:00, execution_date=20251120T185938, start_date=20251120T185941, end_date=20251120T185942
[2025-11-20T18:59:42.217+0000] {local_task_job_runner.py:266} INFO - Task exited with return code 0
[2025-11-20T18:59:42.241+0000] {taskinstance.py:3901} INFO - 0 downstream tasks scheduled from follow-on schedule check
[2025-11-20T18:59:42.247+0000] {local_task_job_runner.py:245} INFO - ::endgroup::
