[2025-12-21T20:23:29.838+0000] {processor.py:186} INFO - Started process (PID=68) to work on /opt/airflow/dags/collect_data.py
[2025-12-21T20:23:29.839+0000] {processor.py:914} INFO - Processing file /opt/airflow/dags/collect_data.py for tasks to queue
[2025-12-21T20:23:29.844+0000] {logging_mixin.py:190} INFO - [2025-12-21T20:23:29.843+0000] {dagbag.py:588} INFO - Filling up the DagBag from /opt/airflow/dags/collect_data.py
[2025-12-21T20:23:30.023+0000] {processor.py:925} INFO - DAG(s) 'calculate_daily_flights' retrieved from /opt/airflow/dags/collect_data.py
[2025-12-21T20:23:30.612+0000] {logging_mixin.py:190} INFO - [2025-12-21T20:23:30.611+0000] {override.py:1912} INFO - Created Permission View: can delete on DAG:calculate_daily_flights
[2025-12-21T20:23:30.627+0000] {logging_mixin.py:190} INFO - [2025-12-21T20:23:30.626+0000] {override.py:1912} INFO - Created Permission View: can edit on DAG:calculate_daily_flights
[2025-12-21T20:23:30.642+0000] {logging_mixin.py:190} INFO - [2025-12-21T20:23:30.642+0000] {override.py:1912} INFO - Created Permission View: can read on DAG:calculate_daily_flights
[2025-12-21T20:23:30.668+0000] {logging_mixin.py:190} INFO - [2025-12-21T20:23:30.667+0000] {override.py:1912} INFO - Created Permission View: can delete on DAG Run:calculate_daily_flights
[2025-12-21T20:23:30.686+0000] {logging_mixin.py:190} INFO - [2025-12-21T20:23:30.685+0000] {override.py:1912} INFO - Created Permission View: can create on DAG Run:calculate_daily_flights
[2025-12-21T20:23:30.704+0000] {logging_mixin.py:190} INFO - [2025-12-21T20:23:30.703+0000] {override.py:1912} INFO - Created Permission View: menu access on DAG Run:calculate_daily_flights
[2025-12-21T20:23:30.720+0000] {logging_mixin.py:190} INFO - [2025-12-21T20:23:30.720+0000] {override.py:1912} INFO - Created Permission View: can read on DAG Run:calculate_daily_flights
[2025-12-21T20:23:30.721+0000] {logging_mixin.py:190} INFO - [2025-12-21T20:23:30.721+0000] {dag.py:3239} INFO - Sync 1 DAGs
[2025-12-21T20:23:30.745+0000] {logging_mixin.py:190} INFO - [2025-12-21T20:23:30.744+0000] {dag.py:3262} INFO - Creating ORM DAG for calculate_daily_flights
[2025-12-21T20:23:30.758+0000] {logging_mixin.py:190} INFO - [2025-12-21T20:23:30.757+0000] {dag.py:4180} INFO - Setting next_dagrun for calculate_daily_flights to 2025-12-20 00:00:00+00:00, run_after=2025-12-21 00:00:00+00:00
[2025-12-21T20:23:30.780+0000] {processor.py:208} INFO - Processing /opt/airflow/dags/collect_data.py took 0.959 seconds
[2025-12-21T20:24:01.450+0000] {processor.py:186} INFO - Started process (PID=140) to work on /opt/airflow/dags/collect_data.py
[2025-12-21T20:24:01.451+0000] {processor.py:914} INFO - Processing file /opt/airflow/dags/collect_data.py for tasks to queue
[2025-12-21T20:24:01.454+0000] {logging_mixin.py:190} INFO - [2025-12-21T20:24:01.453+0000] {dagbag.py:588} INFO - Filling up the DagBag from /opt/airflow/dags/collect_data.py
[2025-12-21T20:24:01.464+0000] {processor.py:925} INFO - DAG(s) 'calculate_daily_flights' retrieved from /opt/airflow/dags/collect_data.py
[2025-12-21T20:24:01.488+0000] {logging_mixin.py:190} INFO - [2025-12-21T20:24:01.488+0000] {dag.py:3239} INFO - Sync 1 DAGs
[2025-12-21T20:24:01.536+0000] {logging_mixin.py:190} INFO - [2025-12-21T20:24:01.535+0000] {dag.py:4180} INFO - Setting next_dagrun for calculate_daily_flights to 2025-12-20 00:00:00+00:00, run_after=2025-12-21 00:00:00+00:00
[2025-12-21T20:24:01.575+0000] {processor.py:208} INFO - Processing /opt/airflow/dags/collect_data.py took 0.135 seconds
[2025-12-21T20:24:31.626+0000] {processor.py:186} INFO - Started process (PID=206) to work on /opt/airflow/dags/collect_data.py
[2025-12-21T20:24:31.628+0000] {processor.py:914} INFO - Processing file /opt/airflow/dags/collect_data.py for tasks to queue
[2025-12-21T20:24:31.631+0000] {logging_mixin.py:190} INFO - [2025-12-21T20:24:31.631+0000] {dagbag.py:588} INFO - Filling up the DagBag from /opt/airflow/dags/collect_data.py
[2025-12-21T20:24:31.652+0000] {processor.py:925} INFO - DAG(s) 'calculate_daily_flights' retrieved from /opt/airflow/dags/collect_data.py
[2025-12-21T20:24:31.681+0000] {logging_mixin.py:190} INFO - [2025-12-21T20:24:31.680+0000] {dag.py:3239} INFO - Sync 1 DAGs
[2025-12-21T20:24:31.710+0000] {logging_mixin.py:190} INFO - [2025-12-21T20:24:31.709+0000] {dag.py:4180} INFO - Setting next_dagrun for calculate_daily_flights to 2025-12-20 00:00:00+00:00, run_after=2025-12-21 00:00:00+00:00
[2025-12-21T20:24:31.740+0000] {processor.py:208} INFO - Processing /opt/airflow/dags/collect_data.py took 0.124 seconds
[2025-12-21T20:25:02.452+0000] {processor.py:186} INFO - Started process (PID=272) to work on /opt/airflow/dags/collect_data.py
[2025-12-21T20:25:02.453+0000] {processor.py:914} INFO - Processing file /opt/airflow/dags/collect_data.py for tasks to queue
[2025-12-21T20:25:02.455+0000] {logging_mixin.py:190} INFO - [2025-12-21T20:25:02.455+0000] {dagbag.py:588} INFO - Filling up the DagBag from /opt/airflow/dags/collect_data.py
[2025-12-21T20:25:02.473+0000] {processor.py:925} INFO - DAG(s) 'calculate_daily_flights' retrieved from /opt/airflow/dags/collect_data.py
[2025-12-21T20:25:02.497+0000] {logging_mixin.py:190} INFO - [2025-12-21T20:25:02.496+0000] {dag.py:3239} INFO - Sync 1 DAGs
[2025-12-21T20:25:02.525+0000] {logging_mixin.py:190} INFO - [2025-12-21T20:25:02.525+0000] {dag.py:4180} INFO - Setting next_dagrun for calculate_daily_flights to 2025-12-21 00:00:00+00:00, run_after=2025-12-22 00:00:00+00:00
[2025-12-21T20:25:02.552+0000] {processor.py:208} INFO - Processing /opt/airflow/dags/collect_data.py took 0.105 seconds
[2025-12-21T20:25:32.810+0000] {processor.py:186} INFO - Started process (PID=338) to work on /opt/airflow/dags/collect_data.py
[2025-12-21T20:25:32.812+0000] {processor.py:914} INFO - Processing file /opt/airflow/dags/collect_data.py for tasks to queue
[2025-12-21T20:25:32.817+0000] {logging_mixin.py:190} INFO - [2025-12-21T20:25:32.816+0000] {dagbag.py:588} INFO - Filling up the DagBag from /opt/airflow/dags/collect_data.py
[2025-12-21T20:25:32.845+0000] {processor.py:925} INFO - DAG(s) 'calculate_daily_flights' retrieved from /opt/airflow/dags/collect_data.py
[2025-12-21T20:25:32.872+0000] {logging_mixin.py:190} INFO - [2025-12-21T20:25:32.871+0000] {dag.py:3239} INFO - Sync 1 DAGs
[2025-12-21T20:25:32.899+0000] {logging_mixin.py:190} INFO - [2025-12-21T20:25:32.899+0000] {dag.py:4180} INFO - Setting next_dagrun for calculate_daily_flights to 2025-12-21 00:00:00+00:00, run_after=2025-12-22 00:00:00+00:00
[2025-12-21T20:25:32.932+0000] {processor.py:208} INFO - Processing /opt/airflow/dags/collect_data.py took 0.133 seconds
[2025-12-21T20:26:03.019+0000] {processor.py:186} INFO - Started process (PID=404) to work on /opt/airflow/dags/collect_data.py
[2025-12-21T20:26:03.024+0000] {processor.py:914} INFO - Processing file /opt/airflow/dags/collect_data.py for tasks to queue
[2025-12-21T20:26:03.029+0000] {logging_mixin.py:190} INFO - [2025-12-21T20:26:03.028+0000] {dagbag.py:588} INFO - Filling up the DagBag from /opt/airflow/dags/collect_data.py
[2025-12-21T20:26:03.050+0000] {processor.py:925} INFO - DAG(s) 'calculate_daily_flights' retrieved from /opt/airflow/dags/collect_data.py
[2025-12-21T20:26:03.074+0000] {logging_mixin.py:190} INFO - [2025-12-21T20:26:03.074+0000] {dag.py:3239} INFO - Sync 1 DAGs
[2025-12-21T20:26:03.100+0000] {logging_mixin.py:190} INFO - [2025-12-21T20:26:03.100+0000] {dag.py:4180} INFO - Setting next_dagrun for calculate_daily_flights to 2025-12-21 00:00:00+00:00, run_after=2025-12-22 00:00:00+00:00
[2025-12-21T20:26:03.127+0000] {processor.py:208} INFO - Processing /opt/airflow/dags/collect_data.py took 0.118 seconds
[2025-12-21T20:26:33.325+0000] {processor.py:186} INFO - Started process (PID=470) to work on /opt/airflow/dags/collect_data.py
[2025-12-21T20:26:33.327+0000] {processor.py:914} INFO - Processing file /opt/airflow/dags/collect_data.py for tasks to queue
[2025-12-21T20:26:33.332+0000] {logging_mixin.py:190} INFO - [2025-12-21T20:26:33.331+0000] {dagbag.py:588} INFO - Filling up the DagBag from /opt/airflow/dags/collect_data.py
[2025-12-21T20:26:33.355+0000] {processor.py:925} INFO - DAG(s) 'calculate_daily_flights' retrieved from /opt/airflow/dags/collect_data.py
[2025-12-21T20:26:33.386+0000] {logging_mixin.py:190} INFO - [2025-12-21T20:26:33.386+0000] {dag.py:3239} INFO - Sync 1 DAGs
[2025-12-21T20:26:33.425+0000] {logging_mixin.py:190} INFO - [2025-12-21T20:26:33.425+0000] {dag.py:4180} INFO - Setting next_dagrun for calculate_daily_flights to 2025-12-21 00:00:00+00:00, run_after=2025-12-22 00:00:00+00:00
[2025-12-21T20:26:33.455+0000] {processor.py:208} INFO - Processing /opt/airflow/dags/collect_data.py took 0.141 seconds
[2025-12-21T20:27:03.862+0000] {processor.py:186} INFO - Started process (PID=536) to work on /opt/airflow/dags/collect_data.py
[2025-12-21T20:27:03.865+0000] {processor.py:914} INFO - Processing file /opt/airflow/dags/collect_data.py for tasks to queue
[2025-12-21T20:27:03.870+0000] {logging_mixin.py:190} INFO - [2025-12-21T20:27:03.869+0000] {dagbag.py:588} INFO - Filling up the DagBag from /opt/airflow/dags/collect_data.py
[2025-12-21T20:27:03.890+0000] {processor.py:925} INFO - DAG(s) 'calculate_daily_flights' retrieved from /opt/airflow/dags/collect_data.py
[2025-12-21T20:27:03.912+0000] {logging_mixin.py:190} INFO - [2025-12-21T20:27:03.912+0000] {dag.py:3239} INFO - Sync 1 DAGs
[2025-12-21T20:27:03.935+0000] {logging_mixin.py:190} INFO - [2025-12-21T20:27:03.935+0000] {dag.py:4180} INFO - Setting next_dagrun for calculate_daily_flights to 2025-12-21 00:00:00+00:00, run_after=2025-12-22 00:00:00+00:00
[2025-12-21T20:27:03.992+0000] {processor.py:208} INFO - Processing /opt/airflow/dags/collect_data.py took 0.139 seconds
[2025-12-21T20:27:34.668+0000] {processor.py:186} INFO - Started process (PID=602) to work on /opt/airflow/dags/collect_data.py
[2025-12-21T20:27:34.670+0000] {processor.py:914} INFO - Processing file /opt/airflow/dags/collect_data.py for tasks to queue
[2025-12-21T20:27:34.678+0000] {logging_mixin.py:190} INFO - [2025-12-21T20:27:34.678+0000] {dagbag.py:588} INFO - Filling up the DagBag from /opt/airflow/dags/collect_data.py
[2025-12-21T20:27:34.703+0000] {processor.py:925} INFO - DAG(s) 'calculate_daily_flights' retrieved from /opt/airflow/dags/collect_data.py
[2025-12-21T20:27:34.736+0000] {logging_mixin.py:190} INFO - [2025-12-21T20:27:34.735+0000] {dag.py:3239} INFO - Sync 1 DAGs
[2025-12-21T20:27:34.769+0000] {logging_mixin.py:190} INFO - [2025-12-21T20:27:34.769+0000] {dag.py:4180} INFO - Setting next_dagrun for calculate_daily_flights to 2025-12-21 00:00:00+00:00, run_after=2025-12-22 00:00:00+00:00
[2025-12-21T20:27:34.827+0000] {processor.py:208} INFO - Processing /opt/airflow/dags/collect_data.py took 0.164 seconds
[2025-12-21T20:28:05.789+0000] {processor.py:186} INFO - Started process (PID=668) to work on /opt/airflow/dags/collect_data.py
[2025-12-21T20:28:05.791+0000] {processor.py:914} INFO - Processing file /opt/airflow/dags/collect_data.py for tasks to queue
[2025-12-21T20:28:05.797+0000] {logging_mixin.py:190} INFO - [2025-12-21T20:28:05.796+0000] {dagbag.py:588} INFO - Filling up the DagBag from /opt/airflow/dags/collect_data.py
[2025-12-21T20:28:05.817+0000] {processor.py:925} INFO - DAG(s) 'calculate_daily_flights' retrieved from /opt/airflow/dags/collect_data.py
[2025-12-21T20:28:05.849+0000] {logging_mixin.py:190} INFO - [2025-12-21T20:28:05.849+0000] {dag.py:3239} INFO - Sync 1 DAGs
[2025-12-21T20:28:05.878+0000] {logging_mixin.py:190} INFO - [2025-12-21T20:28:05.878+0000] {dag.py:4180} INFO - Setting next_dagrun for calculate_daily_flights to 2025-12-21 00:00:00+00:00, run_after=2025-12-22 00:00:00+00:00
[2025-12-21T20:28:05.929+0000] {processor.py:208} INFO - Processing /opt/airflow/dags/collect_data.py took 0.153 seconds
[2025-12-21T20:28:36.780+0000] {processor.py:186} INFO - Started process (PID=734) to work on /opt/airflow/dags/collect_data.py
[2025-12-21T20:28:36.782+0000] {processor.py:914} INFO - Processing file /opt/airflow/dags/collect_data.py for tasks to queue
[2025-12-21T20:28:36.789+0000] {logging_mixin.py:190} INFO - [2025-12-21T20:28:36.788+0000] {dagbag.py:588} INFO - Filling up the DagBag from /opt/airflow/dags/collect_data.py
[2025-12-21T20:28:36.807+0000] {processor.py:925} INFO - DAG(s) 'calculate_daily_flights' retrieved from /opt/airflow/dags/collect_data.py
[2025-12-21T20:28:36.840+0000] {logging_mixin.py:190} INFO - [2025-12-21T20:28:36.840+0000] {dag.py:3239} INFO - Sync 1 DAGs
[2025-12-21T20:28:36.876+0000] {logging_mixin.py:190} INFO - [2025-12-21T20:28:36.876+0000] {dag.py:4180} INFO - Setting next_dagrun for calculate_daily_flights to 2025-12-21 00:00:00+00:00, run_after=2025-12-22 00:00:00+00:00
[2025-12-21T20:28:36.917+0000] {processor.py:208} INFO - Processing /opt/airflow/dags/collect_data.py took 0.148 seconds
[2025-12-21T20:29:07.169+0000] {processor.py:186} INFO - Started process (PID=800) to work on /opt/airflow/dags/collect_data.py
[2025-12-21T20:29:07.170+0000] {processor.py:914} INFO - Processing file /opt/airflow/dags/collect_data.py for tasks to queue
[2025-12-21T20:29:07.175+0000] {logging_mixin.py:190} INFO - [2025-12-21T20:29:07.175+0000] {dagbag.py:588} INFO - Filling up the DagBag from /opt/airflow/dags/collect_data.py
[2025-12-21T20:29:07.194+0000] {processor.py:925} INFO - DAG(s) 'calculate_daily_flights' retrieved from /opt/airflow/dags/collect_data.py
[2025-12-21T20:29:07.219+0000] {logging_mixin.py:190} INFO - [2025-12-21T20:29:07.219+0000] {dag.py:3239} INFO - Sync 1 DAGs
[2025-12-21T20:29:07.248+0000] {logging_mixin.py:190} INFO - [2025-12-21T20:29:07.247+0000] {dag.py:4180} INFO - Setting next_dagrun for calculate_daily_flights to 2025-12-21 00:00:00+00:00, run_after=2025-12-22 00:00:00+00:00
[2025-12-21T20:29:07.279+0000] {processor.py:208} INFO - Processing /opt/airflow/dags/collect_data.py took 0.122 seconds
[2025-12-21T20:29:37.795+0000] {processor.py:186} INFO - Started process (PID=866) to work on /opt/airflow/dags/collect_data.py
[2025-12-21T20:29:37.796+0000] {processor.py:914} INFO - Processing file /opt/airflow/dags/collect_data.py for tasks to queue
[2025-12-21T20:29:37.799+0000] {logging_mixin.py:190} INFO - [2025-12-21T20:29:37.798+0000] {dagbag.py:588} INFO - Filling up the DagBag from /opt/airflow/dags/collect_data.py
[2025-12-21T20:29:37.810+0000] {processor.py:925} INFO - DAG(s) 'calculate_daily_flights' retrieved from /opt/airflow/dags/collect_data.py
[2025-12-21T20:29:37.842+0000] {logging_mixin.py:190} INFO - [2025-12-21T20:29:37.842+0000] {dag.py:3239} INFO - Sync 1 DAGs
[2025-12-21T20:29:37.903+0000] {logging_mixin.py:190} INFO - [2025-12-21T20:29:37.902+0000] {dag.py:4180} INFO - Setting next_dagrun for calculate_daily_flights to 2025-12-21 00:00:00+00:00, run_after=2025-12-22 00:00:00+00:00
[2025-12-21T20:29:37.928+0000] {processor.py:208} INFO - Processing /opt/airflow/dags/collect_data.py took 0.139 seconds
[2025-12-21T20:30:08.105+0000] {processor.py:186} INFO - Started process (PID=932) to work on /opt/airflow/dags/collect_data.py
[2025-12-21T20:30:08.106+0000] {processor.py:914} INFO - Processing file /opt/airflow/dags/collect_data.py for tasks to queue
[2025-12-21T20:30:08.110+0000] {logging_mixin.py:190} INFO - [2025-12-21T20:30:08.110+0000] {dagbag.py:588} INFO - Filling up the DagBag from /opt/airflow/dags/collect_data.py
[2025-12-21T20:30:08.123+0000] {processor.py:925} INFO - DAG(s) 'calculate_daily_flights' retrieved from /opt/airflow/dags/collect_data.py
[2025-12-21T20:30:08.144+0000] {logging_mixin.py:190} INFO - [2025-12-21T20:30:08.144+0000] {dag.py:3239} INFO - Sync 1 DAGs
[2025-12-21T20:30:08.167+0000] {logging_mixin.py:190} INFO - [2025-12-21T20:30:08.167+0000] {dag.py:4180} INFO - Setting next_dagrun for calculate_daily_flights to 2025-12-21 00:00:00+00:00, run_after=2025-12-22 00:00:00+00:00
[2025-12-21T20:30:08.190+0000] {processor.py:208} INFO - Processing /opt/airflow/dags/collect_data.py took 0.096 seconds
[2025-12-21T20:30:38.273+0000] {processor.py:186} INFO - Started process (PID=998) to work on /opt/airflow/dags/collect_data.py
[2025-12-21T20:30:38.275+0000] {processor.py:914} INFO - Processing file /opt/airflow/dags/collect_data.py for tasks to queue
[2025-12-21T20:30:38.281+0000] {logging_mixin.py:190} INFO - [2025-12-21T20:30:38.281+0000] {dagbag.py:588} INFO - Filling up the DagBag from /opt/airflow/dags/collect_data.py
[2025-12-21T20:30:38.305+0000] {processor.py:925} INFO - DAG(s) 'calculate_daily_flights' retrieved from /opt/airflow/dags/collect_data.py
[2025-12-21T20:30:38.338+0000] {logging_mixin.py:190} INFO - [2025-12-21T20:30:38.338+0000] {dag.py:3239} INFO - Sync 1 DAGs
[2025-12-21T20:30:38.360+0000] {logging_mixin.py:190} INFO - [2025-12-21T20:30:38.360+0000] {dag.py:4180} INFO - Setting next_dagrun for calculate_daily_flights to 2025-12-21 00:00:00+00:00, run_after=2025-12-22 00:00:00+00:00
[2025-12-21T20:30:38.383+0000] {processor.py:208} INFO - Processing /opt/airflow/dags/collect_data.py took 0.122 seconds
[2025-12-21T20:31:08.735+0000] {processor.py:186} INFO - Started process (PID=1064) to work on /opt/airflow/dags/collect_data.py
[2025-12-21T20:31:08.737+0000] {processor.py:914} INFO - Processing file /opt/airflow/dags/collect_data.py for tasks to queue
[2025-12-21T20:31:08.744+0000] {logging_mixin.py:190} INFO - [2025-12-21T20:31:08.743+0000] {dagbag.py:588} INFO - Filling up the DagBag from /opt/airflow/dags/collect_data.py
[2025-12-21T20:31:08.759+0000] {processor.py:925} INFO - DAG(s) 'calculate_daily_flights' retrieved from /opt/airflow/dags/collect_data.py
[2025-12-21T20:31:08.786+0000] {logging_mixin.py:190} INFO - [2025-12-21T20:31:08.785+0000] {dag.py:3239} INFO - Sync 1 DAGs
[2025-12-21T20:31:08.814+0000] {logging_mixin.py:190} INFO - [2025-12-21T20:31:08.814+0000] {dag.py:4180} INFO - Setting next_dagrun for calculate_daily_flights to 2025-12-21 00:00:00+00:00, run_after=2025-12-22 00:00:00+00:00
[2025-12-21T20:31:08.841+0000] {processor.py:208} INFO - Processing /opt/airflow/dags/collect_data.py took 0.118 seconds
[2025-12-21T20:31:39.006+0000] {processor.py:186} INFO - Started process (PID=1130) to work on /opt/airflow/dags/collect_data.py
[2025-12-21T20:31:39.007+0000] {processor.py:914} INFO - Processing file /opt/airflow/dags/collect_data.py for tasks to queue
[2025-12-21T20:31:39.011+0000] {logging_mixin.py:190} INFO - [2025-12-21T20:31:39.011+0000] {dagbag.py:588} INFO - Filling up the DagBag from /opt/airflow/dags/collect_data.py
[2025-12-21T20:31:39.032+0000] {processor.py:925} INFO - DAG(s) 'calculate_daily_flights' retrieved from /opt/airflow/dags/collect_data.py
[2025-12-21T20:31:39.058+0000] {logging_mixin.py:190} INFO - [2025-12-21T20:31:39.058+0000] {dag.py:3239} INFO - Sync 1 DAGs
[2025-12-21T20:31:39.085+0000] {logging_mixin.py:190} INFO - [2025-12-21T20:31:39.084+0000] {dag.py:4180} INFO - Setting next_dagrun for calculate_daily_flights to 2025-12-21 00:00:00+00:00, run_after=2025-12-22 00:00:00+00:00
[2025-12-21T20:31:39.108+0000] {processor.py:208} INFO - Processing /opt/airflow/dags/collect_data.py took 0.109 seconds
[2025-12-21T20:32:09.948+0000] {processor.py:186} INFO - Started process (PID=1196) to work on /opt/airflow/dags/collect_data.py
[2025-12-21T20:32:09.950+0000] {processor.py:914} INFO - Processing file /opt/airflow/dags/collect_data.py for tasks to queue
[2025-12-21T20:32:09.955+0000] {logging_mixin.py:190} INFO - [2025-12-21T20:32:09.954+0000] {dagbag.py:588} INFO - Filling up the DagBag from /opt/airflow/dags/collect_data.py
[2025-12-21T20:32:09.968+0000] {processor.py:925} INFO - DAG(s) 'calculate_daily_flights' retrieved from /opt/airflow/dags/collect_data.py
[2025-12-21T20:32:09.995+0000] {logging_mixin.py:190} INFO - [2025-12-21T20:32:09.994+0000] {dag.py:3239} INFO - Sync 1 DAGs
[2025-12-21T20:32:10.032+0000] {logging_mixin.py:190} INFO - [2025-12-21T20:32:10.032+0000] {dag.py:4180} INFO - Setting next_dagrun for calculate_daily_flights to 2025-12-21 00:00:00+00:00, run_after=2025-12-22 00:00:00+00:00
[2025-12-21T20:32:10.061+0000] {processor.py:208} INFO - Processing /opt/airflow/dags/collect_data.py took 0.119 seconds
[2025-12-21T20:32:40.538+0000] {processor.py:186} INFO - Started process (PID=1262) to work on /opt/airflow/dags/collect_data.py
[2025-12-21T20:32:40.540+0000] {processor.py:914} INFO - Processing file /opt/airflow/dags/collect_data.py for tasks to queue
[2025-12-21T20:32:40.547+0000] {logging_mixin.py:190} INFO - [2025-12-21T20:32:40.546+0000] {dagbag.py:588} INFO - Filling up the DagBag from /opt/airflow/dags/collect_data.py
[2025-12-21T20:32:40.561+0000] {processor.py:925} INFO - DAG(s) 'calculate_daily_flights' retrieved from /opt/airflow/dags/collect_data.py
[2025-12-21T20:32:40.587+0000] {logging_mixin.py:190} INFO - [2025-12-21T20:32:40.587+0000] {dag.py:3239} INFO - Sync 1 DAGs
[2025-12-21T20:32:40.619+0000] {logging_mixin.py:190} INFO - [2025-12-21T20:32:40.618+0000] {dag.py:4180} INFO - Setting next_dagrun for calculate_daily_flights to 2025-12-21 00:00:00+00:00, run_after=2025-12-22 00:00:00+00:00
[2025-12-21T20:32:40.648+0000] {processor.py:208} INFO - Processing /opt/airflow/dags/collect_data.py took 0.125 seconds
[2025-12-21T20:33:10.736+0000] {processor.py:186} INFO - Started process (PID=1328) to work on /opt/airflow/dags/collect_data.py
[2025-12-21T20:33:10.738+0000] {processor.py:914} INFO - Processing file /opt/airflow/dags/collect_data.py for tasks to queue
[2025-12-21T20:33:10.743+0000] {logging_mixin.py:190} INFO - [2025-12-21T20:33:10.743+0000] {dagbag.py:588} INFO - Filling up the DagBag from /opt/airflow/dags/collect_data.py
[2025-12-21T20:33:10.754+0000] {processor.py:925} INFO - DAG(s) 'calculate_daily_flights' retrieved from /opt/airflow/dags/collect_data.py
[2025-12-21T20:33:10.777+0000] {logging_mixin.py:190} INFO - [2025-12-21T20:33:10.777+0000] {dag.py:3239} INFO - Sync 1 DAGs
[2025-12-21T20:33:10.803+0000] {logging_mixin.py:190} INFO - [2025-12-21T20:33:10.802+0000] {dag.py:4180} INFO - Setting next_dagrun for calculate_daily_flights to 2025-12-21 00:00:00+00:00, run_after=2025-12-22 00:00:00+00:00
[2025-12-21T20:33:10.828+0000] {processor.py:208} INFO - Processing /opt/airflow/dags/collect_data.py took 0.103 seconds
[2025-12-21T20:33:41.300+0000] {processor.py:186} INFO - Started process (PID=1394) to work on /opt/airflow/dags/collect_data.py
[2025-12-21T20:33:41.302+0000] {processor.py:914} INFO - Processing file /opt/airflow/dags/collect_data.py for tasks to queue
[2025-12-21T20:33:41.304+0000] {logging_mixin.py:190} INFO - [2025-12-21T20:33:41.304+0000] {dagbag.py:588} INFO - Filling up the DagBag from /opt/airflow/dags/collect_data.py
[2025-12-21T20:33:41.317+0000] {processor.py:925} INFO - DAG(s) 'calculate_daily_flights' retrieved from /opt/airflow/dags/collect_data.py
[2025-12-21T20:33:41.339+0000] {logging_mixin.py:190} INFO - [2025-12-21T20:33:41.338+0000] {dag.py:3239} INFO - Sync 1 DAGs
[2025-12-21T20:33:41.363+0000] {logging_mixin.py:190} INFO - [2025-12-21T20:33:41.363+0000] {dag.py:4180} INFO - Setting next_dagrun for calculate_daily_flights to 2025-12-21 00:00:00+00:00, run_after=2025-12-22 00:00:00+00:00
[2025-12-21T20:33:41.387+0000] {processor.py:208} INFO - Processing /opt/airflow/dags/collect_data.py took 0.103 seconds
[2025-12-21T20:34:12.407+0000] {processor.py:186} INFO - Started process (PID=1460) to work on /opt/airflow/dags/collect_data.py
[2025-12-21T20:34:12.409+0000] {processor.py:914} INFO - Processing file /opt/airflow/dags/collect_data.py for tasks to queue
[2025-12-21T20:34:12.414+0000] {logging_mixin.py:190} INFO - [2025-12-21T20:34:12.413+0000] {dagbag.py:588} INFO - Filling up the DagBag from /opt/airflow/dags/collect_data.py
[2025-12-21T20:34:12.427+0000] {processor.py:925} INFO - DAG(s) 'calculate_daily_flights' retrieved from /opt/airflow/dags/collect_data.py
[2025-12-21T20:34:12.456+0000] {logging_mixin.py:190} INFO - [2025-12-21T20:34:12.456+0000] {dag.py:3239} INFO - Sync 1 DAGs
[2025-12-21T20:34:12.490+0000] {logging_mixin.py:190} INFO - [2025-12-21T20:34:12.489+0000] {dag.py:4180} INFO - Setting next_dagrun for calculate_daily_flights to 2025-12-21 00:00:00+00:00, run_after=2025-12-22 00:00:00+00:00
[2025-12-21T20:34:12.515+0000] {processor.py:208} INFO - Processing /opt/airflow/dags/collect_data.py took 0.119 seconds
[2025-12-21T20:34:42.986+0000] {processor.py:186} INFO - Started process (PID=1526) to work on /opt/airflow/dags/collect_data.py
[2025-12-21T20:34:42.988+0000] {processor.py:914} INFO - Processing file /opt/airflow/dags/collect_data.py for tasks to queue
[2025-12-21T20:34:42.994+0000] {logging_mixin.py:190} INFO - [2025-12-21T20:34:42.993+0000] {dagbag.py:588} INFO - Filling up the DagBag from /opt/airflow/dags/collect_data.py
[2025-12-21T20:34:43.015+0000] {processor.py:925} INFO - DAG(s) 'calculate_daily_flights' retrieved from /opt/airflow/dags/collect_data.py
[2025-12-21T20:34:43.044+0000] {logging_mixin.py:190} INFO - [2025-12-21T20:34:43.044+0000] {dag.py:3239} INFO - Sync 1 DAGs
[2025-12-21T20:34:43.072+0000] {logging_mixin.py:190} INFO - [2025-12-21T20:34:43.072+0000] {dag.py:4180} INFO - Setting next_dagrun for calculate_daily_flights to 2025-12-21 00:00:00+00:00, run_after=2025-12-22 00:00:00+00:00
[2025-12-21T20:34:43.098+0000] {processor.py:208} INFO - Processing /opt/airflow/dags/collect_data.py took 0.125 seconds
[2025-12-21T20:35:13.701+0000] {processor.py:186} INFO - Started process (PID=1592) to work on /opt/airflow/dags/collect_data.py
[2025-12-21T20:35:13.703+0000] {processor.py:914} INFO - Processing file /opt/airflow/dags/collect_data.py for tasks to queue
[2025-12-21T20:35:13.708+0000] {logging_mixin.py:190} INFO - [2025-12-21T20:35:13.708+0000] {dagbag.py:588} INFO - Filling up the DagBag from /opt/airflow/dags/collect_data.py
[2025-12-21T20:35:13.723+0000] {processor.py:925} INFO - DAG(s) 'calculate_daily_flights' retrieved from /opt/airflow/dags/collect_data.py
[2025-12-21T20:35:13.756+0000] {logging_mixin.py:190} INFO - [2025-12-21T20:35:13.756+0000] {dag.py:3239} INFO - Sync 1 DAGs
[2025-12-21T20:35:13.792+0000] {logging_mixin.py:190} INFO - [2025-12-21T20:35:13.791+0000] {dag.py:4180} INFO - Setting next_dagrun for calculate_daily_flights to 2025-12-21 00:00:00+00:00, run_after=2025-12-22 00:00:00+00:00
[2025-12-21T20:35:13.814+0000] {processor.py:208} INFO - Processing /opt/airflow/dags/collect_data.py took 0.125 seconds
[2025-12-21T20:35:43.954+0000] {processor.py:186} INFO - Started process (PID=1657) to work on /opt/airflow/dags/collect_data.py
[2025-12-21T20:35:43.956+0000] {processor.py:914} INFO - Processing file /opt/airflow/dags/collect_data.py for tasks to queue
[2025-12-21T20:35:43.958+0000] {logging_mixin.py:190} INFO - [2025-12-21T20:35:43.958+0000] {dagbag.py:588} INFO - Filling up the DagBag from /opt/airflow/dags/collect_data.py
[2025-12-21T20:35:43.975+0000] {processor.py:925} INFO - DAG(s) 'calculate_daily_flights' retrieved from /opt/airflow/dags/collect_data.py
[2025-12-21T20:35:44.005+0000] {logging_mixin.py:190} INFO - [2025-12-21T20:35:44.004+0000] {dag.py:3239} INFO - Sync 1 DAGs
[2025-12-21T20:35:44.046+0000] {logging_mixin.py:190} INFO - [2025-12-21T20:35:44.046+0000] {dag.py:4180} INFO - Setting next_dagrun for calculate_daily_flights to 2025-12-21 00:00:00+00:00, run_after=2025-12-22 00:00:00+00:00
[2025-12-21T20:35:44.071+0000] {processor.py:208} INFO - Processing /opt/airflow/dags/collect_data.py took 0.128 seconds
[2025-12-21T20:36:14.299+0000] {processor.py:186} INFO - Started process (PID=1723) to work on /opt/airflow/dags/collect_data.py
[2025-12-21T20:36:14.301+0000] {processor.py:914} INFO - Processing file /opt/airflow/dags/collect_data.py for tasks to queue
[2025-12-21T20:36:14.305+0000] {logging_mixin.py:190} INFO - [2025-12-21T20:36:14.304+0000] {dagbag.py:588} INFO - Filling up the DagBag from /opt/airflow/dags/collect_data.py
[2025-12-21T20:36:14.323+0000] {processor.py:925} INFO - DAG(s) 'calculate_daily_flights' retrieved from /opt/airflow/dags/collect_data.py
[2025-12-21T20:36:14.345+0000] {logging_mixin.py:190} INFO - [2025-12-21T20:36:14.345+0000] {dag.py:3239} INFO - Sync 1 DAGs
[2025-12-21T20:36:14.370+0000] {logging_mixin.py:190} INFO - [2025-12-21T20:36:14.370+0000] {dag.py:4180} INFO - Setting next_dagrun for calculate_daily_flights to 2025-12-21 00:00:00+00:00, run_after=2025-12-22 00:00:00+00:00
[2025-12-21T20:36:14.398+0000] {processor.py:208} INFO - Processing /opt/airflow/dags/collect_data.py took 0.110 seconds
[2025-12-21T20:36:45.220+0000] {processor.py:186} INFO - Started process (PID=1789) to work on /opt/airflow/dags/collect_data.py
[2025-12-21T20:36:45.222+0000] {processor.py:914} INFO - Processing file /opt/airflow/dags/collect_data.py for tasks to queue
[2025-12-21T20:36:45.224+0000] {logging_mixin.py:190} INFO - [2025-12-21T20:36:45.224+0000] {dagbag.py:588} INFO - Filling up the DagBag from /opt/airflow/dags/collect_data.py
[2025-12-21T20:36:45.234+0000] {processor.py:925} INFO - DAG(s) 'calculate_daily_flights' retrieved from /opt/airflow/dags/collect_data.py
[2025-12-21T20:36:45.270+0000] {logging_mixin.py:190} INFO - [2025-12-21T20:36:45.270+0000] {dag.py:3239} INFO - Sync 1 DAGs
[2025-12-21T20:36:45.309+0000] {logging_mixin.py:190} INFO - [2025-12-21T20:36:45.308+0000] {dag.py:4180} INFO - Setting next_dagrun for calculate_daily_flights to 2025-12-21 00:00:00+00:00, run_after=2025-12-22 00:00:00+00:00
[2025-12-21T20:36:45.339+0000] {processor.py:208} INFO - Processing /opt/airflow/dags/collect_data.py took 0.128 seconds
[2025-12-21T20:37:15.802+0000] {processor.py:186} INFO - Started process (PID=1855) to work on /opt/airflow/dags/collect_data.py
[2025-12-21T20:37:15.804+0000] {processor.py:914} INFO - Processing file /opt/airflow/dags/collect_data.py for tasks to queue
[2025-12-21T20:37:15.809+0000] {logging_mixin.py:190} INFO - [2025-12-21T20:37:15.808+0000] {dagbag.py:588} INFO - Filling up the DagBag from /opt/airflow/dags/collect_data.py
[2025-12-21T20:37:15.831+0000] {processor.py:925} INFO - DAG(s) 'calculate_daily_flights' retrieved from /opt/airflow/dags/collect_data.py
[2025-12-21T20:37:15.865+0000] {logging_mixin.py:190} INFO - [2025-12-21T20:37:15.864+0000] {dag.py:3239} INFO - Sync 1 DAGs
[2025-12-21T20:37:15.897+0000] {logging_mixin.py:190} INFO - [2025-12-21T20:37:15.897+0000] {dag.py:4180} INFO - Setting next_dagrun for calculate_daily_flights to 2025-12-21 00:00:00+00:00, run_after=2025-12-22 00:00:00+00:00
[2025-12-21T20:37:15.922+0000] {processor.py:208} INFO - Processing /opt/airflow/dags/collect_data.py took 0.132 seconds
[2025-12-21T20:37:45.980+0000] {processor.py:186} INFO - Started process (PID=1921) to work on /opt/airflow/dags/collect_data.py
[2025-12-21T20:37:45.981+0000] {processor.py:914} INFO - Processing file /opt/airflow/dags/collect_data.py for tasks to queue
[2025-12-21T20:37:45.987+0000] {logging_mixin.py:190} INFO - [2025-12-21T20:37:45.986+0000] {dagbag.py:588} INFO - Filling up the DagBag from /opt/airflow/dags/collect_data.py
[2025-12-21T20:37:46.009+0000] {processor.py:925} INFO - DAG(s) 'calculate_daily_flights' retrieved from /opt/airflow/dags/collect_data.py
[2025-12-21T20:37:46.041+0000] {logging_mixin.py:190} INFO - [2025-12-21T20:37:46.041+0000] {dag.py:3239} INFO - Sync 1 DAGs
[2025-12-21T20:37:46.066+0000] {logging_mixin.py:190} INFO - [2025-12-21T20:37:46.066+0000] {dag.py:4180} INFO - Setting next_dagrun for calculate_daily_flights to 2025-12-21 00:00:00+00:00, run_after=2025-12-22 00:00:00+00:00
[2025-12-21T20:37:46.090+0000] {processor.py:208} INFO - Processing /opt/airflow/dags/collect_data.py took 0.122 seconds
[2025-12-21T20:38:16.241+0000] {processor.py:186} INFO - Started process (PID=1987) to work on /opt/airflow/dags/collect_data.py
[2025-12-21T20:38:16.243+0000] {processor.py:914} INFO - Processing file /opt/airflow/dags/collect_data.py for tasks to queue
[2025-12-21T20:38:16.247+0000] {logging_mixin.py:190} INFO - [2025-12-21T20:38:16.246+0000] {dagbag.py:588} INFO - Filling up the DagBag from /opt/airflow/dags/collect_data.py
[2025-12-21T20:38:16.264+0000] {processor.py:925} INFO - DAG(s) 'calculate_daily_flights' retrieved from /opt/airflow/dags/collect_data.py
[2025-12-21T20:38:16.293+0000] {logging_mixin.py:190} INFO - [2025-12-21T20:38:16.293+0000] {dag.py:3239} INFO - Sync 1 DAGs
[2025-12-21T20:38:16.320+0000] {logging_mixin.py:190} INFO - [2025-12-21T20:38:16.320+0000] {dag.py:4180} INFO - Setting next_dagrun for calculate_daily_flights to 2025-12-21 00:00:00+00:00, run_after=2025-12-22 00:00:00+00:00
[2025-12-21T20:38:16.345+0000] {processor.py:208} INFO - Processing /opt/airflow/dags/collect_data.py took 0.113 seconds
[2025-12-21T20:38:46.889+0000] {processor.py:186} INFO - Started process (PID=2053) to work on /opt/airflow/dags/collect_data.py
[2025-12-21T20:38:46.891+0000] {processor.py:914} INFO - Processing file /opt/airflow/dags/collect_data.py for tasks to queue
[2025-12-21T20:38:46.896+0000] {logging_mixin.py:190} INFO - [2025-12-21T20:38:46.896+0000] {dagbag.py:588} INFO - Filling up the DagBag from /opt/airflow/dags/collect_data.py
[2025-12-21T20:38:46.922+0000] {processor.py:925} INFO - DAG(s) 'calculate_daily_flights' retrieved from /opt/airflow/dags/collect_data.py
[2025-12-21T20:38:46.953+0000] {logging_mixin.py:190} INFO - [2025-12-21T20:38:46.952+0000] {dag.py:3239} INFO - Sync 1 DAGs
[2025-12-21T20:38:46.987+0000] {logging_mixin.py:190} INFO - [2025-12-21T20:38:46.987+0000] {dag.py:4180} INFO - Setting next_dagrun for calculate_daily_flights to 2025-12-21 00:00:00+00:00, run_after=2025-12-22 00:00:00+00:00
[2025-12-21T20:38:47.018+0000] {processor.py:208} INFO - Processing /opt/airflow/dags/collect_data.py took 0.140 seconds
[2025-12-21T20:39:17.295+0000] {processor.py:186} INFO - Started process (PID=2120) to work on /opt/airflow/dags/collect_data.py
[2025-12-21T20:39:17.296+0000] {processor.py:914} INFO - Processing file /opt/airflow/dags/collect_data.py for tasks to queue
[2025-12-21T20:39:17.300+0000] {logging_mixin.py:190} INFO - [2025-12-21T20:39:17.300+0000] {dagbag.py:588} INFO - Filling up the DagBag from /opt/airflow/dags/collect_data.py
[2025-12-21T20:39:17.316+0000] {processor.py:925} INFO - DAG(s) 'calculate_daily_flights' retrieved from /opt/airflow/dags/collect_data.py
[2025-12-21T20:39:17.342+0000] {logging_mixin.py:190} INFO - [2025-12-21T20:39:17.342+0000] {dag.py:3239} INFO - Sync 1 DAGs
[2025-12-21T20:39:17.373+0000] {logging_mixin.py:190} INFO - [2025-12-21T20:39:17.373+0000] {dag.py:4180} INFO - Setting next_dagrun for calculate_daily_flights to 2025-12-21 00:00:00+00:00, run_after=2025-12-22 00:00:00+00:00
[2025-12-21T20:39:17.399+0000] {processor.py:208} INFO - Processing /opt/airflow/dags/collect_data.py took 0.112 seconds
[2025-12-21T20:39:47.674+0000] {processor.py:186} INFO - Started process (PID=2185) to work on /opt/airflow/dags/collect_data.py
[2025-12-21T20:39:47.675+0000] {processor.py:914} INFO - Processing file /opt/airflow/dags/collect_data.py for tasks to queue
[2025-12-21T20:39:47.682+0000] {logging_mixin.py:190} INFO - [2025-12-21T20:39:47.681+0000] {dagbag.py:588} INFO - Filling up the DagBag from /opt/airflow/dags/collect_data.py
[2025-12-21T20:39:47.702+0000] {processor.py:925} INFO - DAG(s) 'calculate_daily_flights' retrieved from /opt/airflow/dags/collect_data.py
[2025-12-21T20:39:47.727+0000] {logging_mixin.py:190} INFO - [2025-12-21T20:39:47.726+0000] {dag.py:3239} INFO - Sync 1 DAGs
[2025-12-21T20:39:47.767+0000] {logging_mixin.py:190} INFO - [2025-12-21T20:39:47.767+0000] {dag.py:4180} INFO - Setting next_dagrun for calculate_daily_flights to 2025-12-21 00:00:00+00:00, run_after=2025-12-22 00:00:00+00:00
[2025-12-21T20:39:47.799+0000] {processor.py:208} INFO - Processing /opt/airflow/dags/collect_data.py took 0.137 seconds
[2025-12-21T20:40:24.485+0000] {processor.py:186} INFO - Started process (PID=2235) to work on /opt/airflow/dags/collect_data.py
[2025-12-21T20:40:24.515+0000] {processor.py:914} INFO - Processing file /opt/airflow/dags/collect_data.py for tasks to queue
[2025-12-21T20:40:24.712+0000] {logging_mixin.py:190} INFO - [2025-12-21T20:40:24.605+0000] {dagbag.py:588} INFO - Filling up the DagBag from /opt/airflow/dags/collect_data.py
[2025-12-21T20:40:55.486+0000] {processor.py:925} INFO - DAG(s) 'calculate_daily_flights' retrieved from /opt/airflow/dags/collect_data.py
[2025-12-21T20:43:20.793+0000] {processor.py:186} INFO - Started process (PID=2311) to work on /opt/airflow/dags/collect_data.py
[2025-12-21T20:43:20.794+0000] {processor.py:914} INFO - Processing file /opt/airflow/dags/collect_data.py for tasks to queue
[2025-12-21T20:43:20.796+0000] {logging_mixin.py:190} INFO - [2025-12-21T20:43:20.795+0000] {dagbag.py:588} INFO - Filling up the DagBag from /opt/airflow/dags/collect_data.py
[2025-12-21T20:43:20.809+0000] {processor.py:925} INFO - DAG(s) 'calculate_daily_flights' retrieved from /opt/airflow/dags/collect_data.py
[2025-12-21T20:43:20.947+0000] {logging_mixin.py:190} INFO - [2025-12-21T20:43:20.946+0000] {dag.py:3239} INFO - Sync 1 DAGs
[2025-12-21T20:43:20.979+0000] {logging_mixin.py:190} INFO - [2025-12-21T20:43:20.978+0000] {dag.py:4180} INFO - Setting next_dagrun for calculate_daily_flights to 2025-12-21 00:00:00+00:00, run_after=2025-12-22 00:00:00+00:00
[2025-12-21T20:43:21.005+0000] {processor.py:208} INFO - Processing /opt/airflow/dags/collect_data.py took 0.222 seconds
[2025-12-21T20:43:51.196+0000] {processor.py:186} INFO - Started process (PID=2368) to work on /opt/airflow/dags/collect_data.py
[2025-12-21T20:43:51.197+0000] {processor.py:914} INFO - Processing file /opt/airflow/dags/collect_data.py for tasks to queue
[2025-12-21T20:43:51.199+0000] {logging_mixin.py:190} INFO - [2025-12-21T20:43:51.199+0000] {dagbag.py:588} INFO - Filling up the DagBag from /opt/airflow/dags/collect_data.py
[2025-12-21T20:43:51.217+0000] {processor.py:925} INFO - DAG(s) 'calculate_daily_flights' retrieved from /opt/airflow/dags/collect_data.py
[2025-12-21T20:43:51.247+0000] {logging_mixin.py:190} INFO - [2025-12-21T20:43:51.246+0000] {dag.py:3239} INFO - Sync 1 DAGs
[2025-12-21T20:43:51.286+0000] {logging_mixin.py:190} INFO - [2025-12-21T20:43:51.285+0000] {dag.py:4180} INFO - Setting next_dagrun for calculate_daily_flights to 2025-12-21 00:00:00+00:00, run_after=2025-12-22 00:00:00+00:00
[2025-12-21T20:43:51.325+0000] {processor.py:208} INFO - Processing /opt/airflow/dags/collect_data.py took 0.135 seconds
[2025-12-21T20:44:21.774+0000] {processor.py:186} INFO - Started process (PID=2432) to work on /opt/airflow/dags/collect_data.py
[2025-12-21T20:44:21.776+0000] {processor.py:914} INFO - Processing file /opt/airflow/dags/collect_data.py for tasks to queue
[2025-12-21T20:44:21.778+0000] {logging_mixin.py:190} INFO - [2025-12-21T20:44:21.777+0000] {dagbag.py:588} INFO - Filling up the DagBag from /opt/airflow/dags/collect_data.py
[2025-12-21T20:44:21.791+0000] {processor.py:925} INFO - DAG(s) 'calculate_daily_flights' retrieved from /opt/airflow/dags/collect_data.py
[2025-12-21T20:44:21.823+0000] {logging_mixin.py:190} INFO - [2025-12-21T20:44:21.823+0000] {dag.py:3239} INFO - Sync 1 DAGs
[2025-12-21T20:44:21.859+0000] {logging_mixin.py:190} INFO - [2025-12-21T20:44:21.859+0000] {dag.py:4180} INFO - Setting next_dagrun for calculate_daily_flights to 2025-12-21 00:00:00+00:00, run_after=2025-12-22 00:00:00+00:00
[2025-12-21T20:44:21.893+0000] {processor.py:208} INFO - Processing /opt/airflow/dags/collect_data.py took 0.129 seconds
[2025-12-21T20:44:52.484+0000] {processor.py:186} INFO - Started process (PID=2498) to work on /opt/airflow/dags/collect_data.py
[2025-12-21T20:44:52.485+0000] {processor.py:914} INFO - Processing file /opt/airflow/dags/collect_data.py for tasks to queue
[2025-12-21T20:44:52.487+0000] {logging_mixin.py:190} INFO - [2025-12-21T20:44:52.487+0000] {dagbag.py:588} INFO - Filling up the DagBag from /opt/airflow/dags/collect_data.py
[2025-12-21T20:44:52.503+0000] {processor.py:925} INFO - DAG(s) 'calculate_daily_flights' retrieved from /opt/airflow/dags/collect_data.py
[2025-12-21T20:44:52.526+0000] {logging_mixin.py:190} INFO - [2025-12-21T20:44:52.526+0000] {dag.py:3239} INFO - Sync 1 DAGs
[2025-12-21T20:44:52.553+0000] {logging_mixin.py:190} INFO - [2025-12-21T20:44:52.552+0000] {dag.py:4180} INFO - Setting next_dagrun for calculate_daily_flights to 2025-12-21 00:00:00+00:00, run_after=2025-12-22 00:00:00+00:00
[2025-12-21T20:44:52.580+0000] {processor.py:208} INFO - Processing /opt/airflow/dags/collect_data.py took 0.106 seconds
[2025-12-21T20:45:22.710+0000] {processor.py:186} INFO - Started process (PID=2561) to work on /opt/airflow/dags/collect_data.py
[2025-12-21T20:45:22.711+0000] {processor.py:914} INFO - Processing file /opt/airflow/dags/collect_data.py for tasks to queue
[2025-12-21T20:45:22.713+0000] {logging_mixin.py:190} INFO - [2025-12-21T20:45:22.712+0000] {dagbag.py:588} INFO - Filling up the DagBag from /opt/airflow/dags/collect_data.py
[2025-12-21T20:45:22.732+0000] {processor.py:925} INFO - DAG(s) 'calculate_daily_flights' retrieved from /opt/airflow/dags/collect_data.py
[2025-12-21T20:45:22.753+0000] {logging_mixin.py:190} INFO - [2025-12-21T20:45:22.753+0000] {dag.py:3239} INFO - Sync 1 DAGs
[2025-12-21T20:45:22.778+0000] {logging_mixin.py:190} INFO - [2025-12-21T20:45:22.778+0000] {dag.py:4180} INFO - Setting next_dagrun for calculate_daily_flights to 2025-12-21 00:00:00+00:00, run_after=2025-12-22 00:00:00+00:00
[2025-12-21T20:45:22.804+0000] {processor.py:208} INFO - Processing /opt/airflow/dags/collect_data.py took 0.099 seconds
[2025-12-21T20:45:53.003+0000] {processor.py:186} INFO - Started process (PID=2622) to work on /opt/airflow/dags/collect_data.py
[2025-12-21T20:45:53.004+0000] {processor.py:914} INFO - Processing file /opt/airflow/dags/collect_data.py for tasks to queue
[2025-12-21T20:45:53.008+0000] {logging_mixin.py:190} INFO - [2025-12-21T20:45:53.007+0000] {dagbag.py:588} INFO - Filling up the DagBag from /opt/airflow/dags/collect_data.py
[2025-12-21T20:45:53.034+0000] {processor.py:925} INFO - DAG(s) 'calculate_daily_flights' retrieved from /opt/airflow/dags/collect_data.py
[2025-12-21T20:45:53.060+0000] {logging_mixin.py:190} INFO - [2025-12-21T20:45:53.059+0000] {dag.py:3239} INFO - Sync 1 DAGs
[2025-12-21T20:45:53.094+0000] {logging_mixin.py:190} INFO - [2025-12-21T20:45:53.093+0000] {dag.py:4180} INFO - Setting next_dagrun for calculate_daily_flights to 2025-12-21 00:00:00+00:00, run_after=2025-12-22 00:00:00+00:00
[2025-12-21T20:45:53.129+0000] {processor.py:208} INFO - Processing /opt/airflow/dags/collect_data.py took 0.138 seconds
[2025-12-21T20:46:23.780+0000] {processor.py:186} INFO - Started process (PID=2688) to work on /opt/airflow/dags/collect_data.py
[2025-12-21T20:46:23.781+0000] {processor.py:914} INFO - Processing file /opt/airflow/dags/collect_data.py for tasks to queue
[2025-12-21T20:46:23.783+0000] {logging_mixin.py:190} INFO - [2025-12-21T20:46:23.782+0000] {dagbag.py:588} INFO - Filling up the DagBag from /opt/airflow/dags/collect_data.py
[2025-12-21T20:46:23.801+0000] {processor.py:925} INFO - DAG(s) 'calculate_daily_flights' retrieved from /opt/airflow/dags/collect_data.py
[2025-12-21T20:46:23.837+0000] {logging_mixin.py:190} INFO - [2025-12-21T20:46:23.837+0000] {dag.py:3239} INFO - Sync 1 DAGs
[2025-12-21T20:46:23.882+0000] {logging_mixin.py:190} INFO - [2025-12-21T20:46:23.881+0000] {dag.py:4180} INFO - Setting next_dagrun for calculate_daily_flights to 2025-12-21 00:00:00+00:00, run_after=2025-12-22 00:00:00+00:00
[2025-12-21T20:46:23.908+0000] {processor.py:208} INFO - Processing /opt/airflow/dags/collect_data.py took 0.134 seconds
[2025-12-21T20:46:54.610+0000] {processor.py:186} INFO - Started process (PID=2754) to work on /opt/airflow/dags/collect_data.py
[2025-12-21T20:46:54.611+0000] {processor.py:914} INFO - Processing file /opt/airflow/dags/collect_data.py for tasks to queue
[2025-12-21T20:46:54.613+0000] {logging_mixin.py:190} INFO - [2025-12-21T20:46:54.612+0000] {dagbag.py:588} INFO - Filling up the DagBag from /opt/airflow/dags/collect_data.py
[2025-12-21T20:46:54.625+0000] {processor.py:925} INFO - DAG(s) 'calculate_daily_flights' retrieved from /opt/airflow/dags/collect_data.py
[2025-12-21T20:46:54.655+0000] {logging_mixin.py:190} INFO - [2025-12-21T20:46:54.655+0000] {dag.py:3239} INFO - Sync 1 DAGs
[2025-12-21T20:46:54.690+0000] {logging_mixin.py:190} INFO - [2025-12-21T20:46:54.689+0000] {dag.py:4180} INFO - Setting next_dagrun for calculate_daily_flights to 2025-12-21 00:00:00+00:00, run_after=2025-12-22 00:00:00+00:00
[2025-12-21T20:46:54.717+0000] {processor.py:208} INFO - Processing /opt/airflow/dags/collect_data.py took 0.113 seconds
[2025-12-21T20:47:25.424+0000] {processor.py:186} INFO - Started process (PID=2820) to work on /opt/airflow/dags/collect_data.py
[2025-12-21T20:47:25.426+0000] {processor.py:914} INFO - Processing file /opt/airflow/dags/collect_data.py for tasks to queue
[2025-12-21T20:47:25.428+0000] {logging_mixin.py:190} INFO - [2025-12-21T20:47:25.427+0000] {dagbag.py:588} INFO - Filling up the DagBag from /opt/airflow/dags/collect_data.py
[2025-12-21T20:47:25.442+0000] {processor.py:925} INFO - DAG(s) 'calculate_daily_flights' retrieved from /opt/airflow/dags/collect_data.py
[2025-12-21T20:47:25.477+0000] {logging_mixin.py:190} INFO - [2025-12-21T20:47:25.477+0000] {dag.py:3239} INFO - Sync 1 DAGs
[2025-12-21T20:47:25.504+0000] {logging_mixin.py:190} INFO - [2025-12-21T20:47:25.504+0000] {dag.py:4180} INFO - Setting next_dagrun for calculate_daily_flights to 2025-12-21 00:00:00+00:00, run_after=2025-12-22 00:00:00+00:00
[2025-12-21T20:47:25.535+0000] {processor.py:208} INFO - Processing /opt/airflow/dags/collect_data.py took 0.124 seconds
[2025-12-21T20:47:55.736+0000] {processor.py:186} INFO - Started process (PID=2886) to work on /opt/airflow/dags/collect_data.py
[2025-12-21T20:47:55.739+0000] {processor.py:914} INFO - Processing file /opt/airflow/dags/collect_data.py for tasks to queue
[2025-12-21T20:47:55.743+0000] {logging_mixin.py:190} INFO - [2025-12-21T20:47:55.742+0000] {dagbag.py:588} INFO - Filling up the DagBag from /opt/airflow/dags/collect_data.py
[2025-12-21T20:47:55.774+0000] {processor.py:925} INFO - DAG(s) 'calculate_daily_flights' retrieved from /opt/airflow/dags/collect_data.py
[2025-12-21T20:47:55.804+0000] {logging_mixin.py:190} INFO - [2025-12-21T20:47:55.803+0000] {dag.py:3239} INFO - Sync 1 DAGs
[2025-12-21T20:47:55.834+0000] {logging_mixin.py:190} INFO - [2025-12-21T20:47:55.834+0000] {dag.py:4180} INFO - Setting next_dagrun for calculate_daily_flights to 2025-12-21 00:00:00+00:00, run_after=2025-12-22 00:00:00+00:00
