[2025-12-21T20:23:29.963+0000] {processor.py:186} INFO - Started process (PID=69) to work on /opt/airflow/dags/init_data.py
[2025-12-21T20:23:29.964+0000] {processor.py:914} INFO - Processing file /opt/airflow/dags/init_data.py for tasks to queue
[2025-12-21T20:23:29.966+0000] {logging_mixin.py:190} INFO - [2025-12-21T20:23:29.966+0000] {dagbag.py:588} INFO - Filling up the DagBag from /opt/airflow/dags/init_data.py
[2025-12-21T20:23:30.031+0000] {processor.py:925} INFO - DAG(s) 'init_airline_data' retrieved from /opt/airflow/dags/init_data.py
[2025-12-21T20:23:30.634+0000] {logging_mixin.py:190} INFO - [2025-12-21T20:23:30.632+0000] {override.py:1912} INFO - Created Permission View: can delete on DAG:init_airline_data
[2025-12-21T20:23:30.653+0000] {logging_mixin.py:190} INFO - [2025-12-21T20:23:30.652+0000] {override.py:1912} INFO - Created Permission View: can edit on DAG:init_airline_data
[2025-12-21T20:23:30.664+0000] {logging_mixin.py:190} INFO - [2025-12-21T20:23:30.664+0000] {override.py:1912} INFO - Created Permission View: can read on DAG:init_airline_data
[2025-12-21T20:23:30.692+0000] {logging_mixin.py:190} INFO - [2025-12-21T20:23:30.691+0000] {override.py:1912} INFO - Created Permission View: can delete on DAG Run:init_airline_data
[2025-12-21T20:23:30.708+0000] {logging_mixin.py:190} INFO - [2025-12-21T20:23:30.708+0000] {override.py:1912} INFO - Created Permission View: can create on DAG Run:init_airline_data
[2025-12-21T20:23:30.723+0000] {logging_mixin.py:190} INFO - [2025-12-21T20:23:30.723+0000] {override.py:1912} INFO - Created Permission View: menu access on DAG Run:init_airline_data
[2025-12-21T20:23:30.736+0000] {logging_mixin.py:190} INFO - [2025-12-21T20:23:30.736+0000] {override.py:1912} INFO - Created Permission View: can read on DAG Run:init_airline_data
[2025-12-21T20:23:30.737+0000] {logging_mixin.py:190} INFO - [2025-12-21T20:23:30.737+0000] {dag.py:3239} INFO - Sync 1 DAGs
[2025-12-21T20:23:30.752+0000] {logging_mixin.py:190} INFO - [2025-12-21T20:23:30.752+0000] {dag.py:3262} INFO - Creating ORM DAG for init_airline_data
[2025-12-21T20:23:30.764+0000] {logging_mixin.py:190} INFO - [2025-12-21T20:23:30.764+0000] {dag.py:4180} INFO - Setting next_dagrun for init_airline_data to 2023-01-01 00:00:00+00:00, run_after=2023-01-01 00:00:00+00:00
[2025-12-21T20:23:30.805+0000] {processor.py:208} INFO - Processing /opt/airflow/dags/init_data.py took 0.856 seconds
[2025-12-21T20:24:01.458+0000] {processor.py:186} INFO - Started process (PID=141) to work on /opt/airflow/dags/init_data.py
[2025-12-21T20:24:01.459+0000] {processor.py:914} INFO - Processing file /opt/airflow/dags/init_data.py for tasks to queue
[2025-12-21T20:24:01.463+0000] {logging_mixin.py:190} INFO - [2025-12-21T20:24:01.462+0000] {dagbag.py:588} INFO - Filling up the DagBag from /opt/airflow/dags/init_data.py
[2025-12-21T20:24:01.477+0000] {processor.py:925} INFO - DAG(s) 'init_airline_data' retrieved from /opt/airflow/dags/init_data.py
[2025-12-21T20:24:01.522+0000] {logging_mixin.py:190} INFO - [2025-12-21T20:24:01.521+0000] {dag.py:3239} INFO - Sync 1 DAGs
[2025-12-21T20:24:01.545+0000] {logging_mixin.py:190} INFO - [2025-12-21T20:24:01.545+0000] {dag.py:4180} INFO - Setting next_dagrun for init_airline_data to 2023-01-01 00:00:00+00:00, run_after=2023-01-01 00:00:00+00:00
[2025-12-21T20:24:01.573+0000] {processor.py:208} INFO - Processing /opt/airflow/dags/init_data.py took 0.125 seconds
[2025-12-21T20:24:31.640+0000] {processor.py:186} INFO - Started process (PID=207) to work on /opt/airflow/dags/init_data.py
[2025-12-21T20:24:31.642+0000] {processor.py:914} INFO - Processing file /opt/airflow/dags/init_data.py for tasks to queue
[2025-12-21T20:24:31.647+0000] {logging_mixin.py:190} INFO - [2025-12-21T20:24:31.647+0000] {dagbag.py:588} INFO - Filling up the DagBag from /opt/airflow/dags/init_data.py
[2025-12-21T20:24:31.671+0000] {processor.py:925} INFO - DAG(s) 'init_airline_data' retrieved from /opt/airflow/dags/init_data.py
[2025-12-21T20:24:31.734+0000] {logging_mixin.py:190} INFO - [2025-12-21T20:24:31.734+0000] {dag.py:3239} INFO - Sync 1 DAGs
[2025-12-21T20:24:31.769+0000] {logging_mixin.py:190} INFO - [2025-12-21T20:24:31.768+0000] {dag.py:4180} INFO - Setting next_dagrun for init_airline_data to 2023-01-01 00:00:00+00:00, run_after=2023-01-01 00:00:00+00:00
[2025-12-21T20:24:31.802+0000] {processor.py:208} INFO - Processing /opt/airflow/dags/init_data.py took 0.173 seconds
[2025-12-21T20:25:02.465+0000] {processor.py:186} INFO - Started process (PID=273) to work on /opt/airflow/dags/init_data.py
[2025-12-21T20:25:02.466+0000] {processor.py:914} INFO - Processing file /opt/airflow/dags/init_data.py for tasks to queue
[2025-12-21T20:25:02.471+0000] {logging_mixin.py:190} INFO - [2025-12-21T20:25:02.471+0000] {dagbag.py:588} INFO - Filling up the DagBag from /opt/airflow/dags/init_data.py
[2025-12-21T20:25:02.486+0000] {processor.py:925} INFO - DAG(s) 'init_airline_data' retrieved from /opt/airflow/dags/init_data.py
[2025-12-21T20:25:02.543+0000] {logging_mixin.py:190} INFO - [2025-12-21T20:25:02.542+0000] {dag.py:3239} INFO - Sync 1 DAGs
[2025-12-21T20:25:02.568+0000] {logging_mixin.py:190} INFO - [2025-12-21T20:25:02.567+0000] {dag.py:4180} INFO - Setting next_dagrun for init_airline_data to 2023-01-01 00:00:00+00:00, run_after=2023-01-01 00:00:00+00:00
[2025-12-21T20:25:02.591+0000] {processor.py:208} INFO - Processing /opt/airflow/dags/init_data.py took 0.131 seconds
[2025-12-21T20:25:32.818+0000] {processor.py:186} INFO - Started process (PID=339) to work on /opt/airflow/dags/init_data.py
[2025-12-21T20:25:32.820+0000] {processor.py:914} INFO - Processing file /opt/airflow/dags/init_data.py for tasks to queue
[2025-12-21T20:25:32.825+0000] {logging_mixin.py:190} INFO - [2025-12-21T20:25:32.824+0000] {dagbag.py:588} INFO - Filling up the DagBag from /opt/airflow/dags/init_data.py
[2025-12-21T20:25:32.855+0000] {processor.py:925} INFO - DAG(s) 'init_airline_data' retrieved from /opt/airflow/dags/init_data.py
[2025-12-21T20:25:32.915+0000] {logging_mixin.py:190} INFO - [2025-12-21T20:25:32.915+0000] {dag.py:3239} INFO - Sync 1 DAGs
[2025-12-21T20:25:32.938+0000] {logging_mixin.py:190} INFO - [2025-12-21T20:25:32.938+0000] {dag.py:4180} INFO - Setting next_dagrun for init_airline_data to 2023-01-01 00:00:00+00:00, run_after=2023-01-01 00:00:00+00:00
[2025-12-21T20:25:32.964+0000] {processor.py:208} INFO - Processing /opt/airflow/dags/init_data.py took 0.154 seconds
[2025-12-21T20:26:03.039+0000] {processor.py:186} INFO - Started process (PID=405) to work on /opt/airflow/dags/init_data.py
[2025-12-21T20:26:03.041+0000] {processor.py:914} INFO - Processing file /opt/airflow/dags/init_data.py for tasks to queue
[2025-12-21T20:26:03.045+0000] {logging_mixin.py:190} INFO - [2025-12-21T20:26:03.045+0000] {dagbag.py:588} INFO - Filling up the DagBag from /opt/airflow/dags/init_data.py
[2025-12-21T20:26:03.062+0000] {processor.py:925} INFO - DAG(s) 'init_airline_data' retrieved from /opt/airflow/dags/init_data.py
[2025-12-21T20:26:03.101+0000] {logging_mixin.py:190} INFO - [2025-12-21T20:26:03.100+0000] {dag.py:3239} INFO - Sync 1 DAGs
[2025-12-21T20:26:03.129+0000] {logging_mixin.py:190} INFO - [2025-12-21T20:26:03.129+0000] {dag.py:4180} INFO - Setting next_dagrun for init_airline_data to 2023-01-01 00:00:00+00:00, run_after=2023-01-01 00:00:00+00:00
[2025-12-21T20:26:03.155+0000] {processor.py:208} INFO - Processing /opt/airflow/dags/init_data.py took 0.128 seconds
[2025-12-21T20:26:33.342+0000] {processor.py:186} INFO - Started process (PID=471) to work on /opt/airflow/dags/init_data.py
[2025-12-21T20:26:33.344+0000] {processor.py:914} INFO - Processing file /opt/airflow/dags/init_data.py for tasks to queue
[2025-12-21T20:26:33.349+0000] {logging_mixin.py:190} INFO - [2025-12-21T20:26:33.348+0000] {dagbag.py:588} INFO - Filling up the DagBag from /opt/airflow/dags/init_data.py
[2025-12-21T20:26:33.364+0000] {processor.py:925} INFO - DAG(s) 'init_airline_data' retrieved from /opt/airflow/dags/init_data.py
[2025-12-21T20:26:33.412+0000] {logging_mixin.py:190} INFO - [2025-12-21T20:26:33.412+0000] {dag.py:3239} INFO - Sync 1 DAGs
[2025-12-21T20:26:33.459+0000] {logging_mixin.py:190} INFO - [2025-12-21T20:26:33.458+0000] {dag.py:4180} INFO - Setting next_dagrun for init_airline_data to 2023-01-01 00:00:00+00:00, run_after=2023-01-01 00:00:00+00:00
[2025-12-21T20:26:33.486+0000] {processor.py:208} INFO - Processing /opt/airflow/dags/init_data.py took 0.157 seconds
[2025-12-21T20:27:03.877+0000] {processor.py:186} INFO - Started process (PID=537) to work on /opt/airflow/dags/init_data.py
[2025-12-21T20:27:03.879+0000] {processor.py:914} INFO - Processing file /opt/airflow/dags/init_data.py for tasks to queue
[2025-12-21T20:27:03.884+0000] {logging_mixin.py:190} INFO - [2025-12-21T20:27:03.884+0000] {dagbag.py:588} INFO - Filling up the DagBag from /opt/airflow/dags/init_data.py
[2025-12-21T20:27:03.906+0000] {processor.py:925} INFO - DAG(s) 'init_airline_data' retrieved from /opt/airflow/dags/init_data.py
[2025-12-21T20:27:03.971+0000] {logging_mixin.py:190} INFO - [2025-12-21T20:27:03.970+0000] {dag.py:3239} INFO - Sync 1 DAGs
[2025-12-21T20:27:04.007+0000] {logging_mixin.py:190} INFO - [2025-12-21T20:27:04.007+0000] {dag.py:4180} INFO - Setting next_dagrun for init_airline_data to 2023-01-01 00:00:00+00:00, run_after=2023-01-01 00:00:00+00:00
[2025-12-21T20:27:04.035+0000] {processor.py:208} INFO - Processing /opt/airflow/dags/init_data.py took 0.169 seconds
[2025-12-21T20:27:34.695+0000] {processor.py:186} INFO - Started process (PID=603) to work on /opt/airflow/dags/init_data.py
[2025-12-21T20:27:34.697+0000] {processor.py:914} INFO - Processing file /opt/airflow/dags/init_data.py for tasks to queue
[2025-12-21T20:27:34.701+0000] {logging_mixin.py:190} INFO - [2025-12-21T20:27:34.701+0000] {dagbag.py:588} INFO - Filling up the DagBag from /opt/airflow/dags/init_data.py
[2025-12-21T20:27:34.730+0000] {processor.py:925} INFO - DAG(s) 'init_airline_data' retrieved from /opt/airflow/dags/init_data.py
[2025-12-21T20:27:34.793+0000] {logging_mixin.py:190} INFO - [2025-12-21T20:27:34.793+0000] {dag.py:3239} INFO - Sync 1 DAGs
[2025-12-21T20:27:34.819+0000] {logging_mixin.py:190} INFO - [2025-12-21T20:27:34.818+0000] {dag.py:4180} INFO - Setting next_dagrun for init_airline_data to 2023-01-01 00:00:00+00:00, run_after=2023-01-01 00:00:00+00:00
[2025-12-21T20:27:34.843+0000] {processor.py:208} INFO - Processing /opt/airflow/dags/init_data.py took 0.159 seconds
[2025-12-21T20:28:05.803+0000] {processor.py:186} INFO - Started process (PID=669) to work on /opt/airflow/dags/init_data.py
[2025-12-21T20:28:05.806+0000] {processor.py:914} INFO - Processing file /opt/airflow/dags/init_data.py for tasks to queue
[2025-12-21T20:28:05.811+0000] {logging_mixin.py:190} INFO - [2025-12-21T20:28:05.811+0000] {dagbag.py:588} INFO - Filling up the DagBag from /opt/airflow/dags/init_data.py
[2025-12-21T20:28:05.828+0000] {processor.py:925} INFO - DAG(s) 'init_airline_data' retrieved from /opt/airflow/dags/init_data.py
[2025-12-21T20:28:05.879+0000] {logging_mixin.py:190} INFO - [2025-12-21T20:28:05.878+0000] {dag.py:3239} INFO - Sync 1 DAGs
[2025-12-21T20:28:05.908+0000] {logging_mixin.py:190} INFO - [2025-12-21T20:28:05.907+0000] {dag.py:4180} INFO - Setting next_dagrun for init_airline_data to 2023-01-01 00:00:00+00:00, run_after=2023-01-01 00:00:00+00:00
[2025-12-21T20:28:05.933+0000] {processor.py:208} INFO - Processing /opt/airflow/dags/init_data.py took 0.142 seconds
[2025-12-21T20:28:36.804+0000] {processor.py:186} INFO - Started process (PID=735) to work on /opt/airflow/dags/init_data.py
[2025-12-21T20:28:36.806+0000] {processor.py:914} INFO - Processing file /opt/airflow/dags/init_data.py for tasks to queue
[2025-12-21T20:28:36.810+0000] {logging_mixin.py:190} INFO - [2025-12-21T20:28:36.809+0000] {dagbag.py:588} INFO - Filling up the DagBag from /opt/airflow/dags/init_data.py
[2025-12-21T20:28:36.823+0000] {processor.py:925} INFO - DAG(s) 'init_airline_data' retrieved from /opt/airflow/dags/init_data.py
[2025-12-21T20:28:36.867+0000] {logging_mixin.py:190} INFO - [2025-12-21T20:28:36.866+0000] {dag.py:3239} INFO - Sync 1 DAGs
[2025-12-21T20:28:36.901+0000] {logging_mixin.py:190} INFO - [2025-12-21T20:28:36.901+0000] {dag.py:4180} INFO - Setting next_dagrun for init_airline_data to 2023-01-01 00:00:00+00:00, run_after=2023-01-01 00:00:00+00:00
[2025-12-21T20:28:36.931+0000] {processor.py:208} INFO - Processing /opt/airflow/dags/init_data.py took 0.138 seconds
[2025-12-21T20:29:07.181+0000] {processor.py:186} INFO - Started process (PID=801) to work on /opt/airflow/dags/init_data.py
[2025-12-21T20:29:07.183+0000] {processor.py:914} INFO - Processing file /opt/airflow/dags/init_data.py for tasks to queue
[2025-12-21T20:29:07.187+0000] {logging_mixin.py:190} INFO - [2025-12-21T20:29:07.186+0000] {dagbag.py:588} INFO - Filling up the DagBag from /opt/airflow/dags/init_data.py
[2025-12-21T20:29:07.215+0000] {processor.py:925} INFO - DAG(s) 'init_airline_data' retrieved from /opt/airflow/dags/init_data.py
[2025-12-21T20:29:07.288+0000] {logging_mixin.py:190} INFO - [2025-12-21T20:29:07.287+0000] {dag.py:3239} INFO - Sync 1 DAGs
[2025-12-21T20:29:07.318+0000] {logging_mixin.py:190} INFO - [2025-12-21T20:29:07.317+0000] {dag.py:4180} INFO - Setting next_dagrun for init_airline_data to 2023-01-01 00:00:00+00:00, run_after=2023-01-01 00:00:00+00:00
[2025-12-21T20:29:07.353+0000] {processor.py:208} INFO - Processing /opt/airflow/dags/init_data.py took 0.181 seconds
[2025-12-21T20:29:37.810+0000] {processor.py:186} INFO - Started process (PID=867) to work on /opt/airflow/dags/init_data.py
[2025-12-21T20:29:37.812+0000] {processor.py:914} INFO - Processing file /opt/airflow/dags/init_data.py for tasks to queue
[2025-12-21T20:29:37.816+0000] {logging_mixin.py:190} INFO - [2025-12-21T20:29:37.815+0000] {dagbag.py:588} INFO - Filling up the DagBag from /opt/airflow/dags/init_data.py
[2025-12-21T20:29:37.832+0000] {processor.py:925} INFO - DAG(s) 'init_airline_data' retrieved from /opt/airflow/dags/init_data.py
[2025-12-21T20:29:37.887+0000] {logging_mixin.py:190} INFO - [2025-12-21T20:29:37.886+0000] {dag.py:3239} INFO - Sync 1 DAGs
[2025-12-21T20:29:37.933+0000] {logging_mixin.py:190} INFO - [2025-12-21T20:29:37.933+0000] {dag.py:4180} INFO - Setting next_dagrun for init_airline_data to 2023-01-01 00:00:00+00:00, run_after=2023-01-01 00:00:00+00:00
[2025-12-21T20:29:37.966+0000] {processor.py:208} INFO - Processing /opt/airflow/dags/init_data.py took 0.166 seconds
[2025-12-21T20:30:08.109+0000] {processor.py:186} INFO - Started process (PID=933) to work on /opt/airflow/dags/init_data.py
[2025-12-21T20:30:08.110+0000] {processor.py:914} INFO - Processing file /opt/airflow/dags/init_data.py for tasks to queue
[2025-12-21T20:30:08.113+0000] {logging_mixin.py:190} INFO - [2025-12-21T20:30:08.113+0000] {dagbag.py:588} INFO - Filling up the DagBag from /opt/airflow/dags/init_data.py
[2025-12-21T20:30:08.129+0000] {processor.py:925} INFO - DAG(s) 'init_airline_data' retrieved from /opt/airflow/dags/init_data.py
[2025-12-21T20:30:08.198+0000] {logging_mixin.py:190} INFO - [2025-12-21T20:30:08.198+0000] {dag.py:3239} INFO - Sync 1 DAGs
[2025-12-21T20:30:08.224+0000] {logging_mixin.py:190} INFO - [2025-12-21T20:30:08.223+0000] {dag.py:4180} INFO - Setting next_dagrun for init_airline_data to 2023-01-01 00:00:00+00:00, run_after=2023-01-01 00:00:00+00:00
[2025-12-21T20:30:08.251+0000] {processor.py:208} INFO - Processing /opt/airflow/dags/init_data.py took 0.148 seconds
[2025-12-21T20:30:38.419+0000] {processor.py:186} INFO - Started process (PID=999) to work on /opt/airflow/dags/init_data.py
[2025-12-21T20:30:38.421+0000] {processor.py:914} INFO - Processing file /opt/airflow/dags/init_data.py for tasks to queue
[2025-12-21T20:30:38.423+0000] {logging_mixin.py:190} INFO - [2025-12-21T20:30:38.423+0000] {dagbag.py:588} INFO - Filling up the DagBag from /opt/airflow/dags/init_data.py
[2025-12-21T20:30:38.441+0000] {processor.py:925} INFO - DAG(s) 'init_airline_data' retrieved from /opt/airflow/dags/init_data.py
[2025-12-21T20:30:38.504+0000] {logging_mixin.py:190} INFO - [2025-12-21T20:30:38.503+0000] {dag.py:3239} INFO - Sync 1 DAGs
[2025-12-21T20:30:38.532+0000] {logging_mixin.py:190} INFO - [2025-12-21T20:30:38.532+0000] {dag.py:4180} INFO - Setting next_dagrun for init_airline_data to 2023-01-01 00:00:00+00:00, run_after=2023-01-01 00:00:00+00:00
[2025-12-21T20:30:38.556+0000] {processor.py:208} INFO - Processing /opt/airflow/dags/init_data.py took 0.149 seconds
[2025-12-21T20:31:08.755+0000] {processor.py:186} INFO - Started process (PID=1065) to work on /opt/airflow/dags/init_data.py
[2025-12-21T20:31:08.759+0000] {processor.py:914} INFO - Processing file /opt/airflow/dags/init_data.py for tasks to queue
[2025-12-21T20:31:08.763+0000] {logging_mixin.py:190} INFO - [2025-12-21T20:31:08.762+0000] {dagbag.py:588} INFO - Filling up the DagBag from /opt/airflow/dags/init_data.py
[2025-12-21T20:31:08.777+0000] {processor.py:925} INFO - DAG(s) 'init_airline_data' retrieved from /opt/airflow/dags/init_data.py
[2025-12-21T20:31:08.840+0000] {logging_mixin.py:190} INFO - [2025-12-21T20:31:08.840+0000] {dag.py:3239} INFO - Sync 1 DAGs
[2025-12-21T20:31:08.870+0000] {logging_mixin.py:190} INFO - [2025-12-21T20:31:08.869+0000] {dag.py:4180} INFO - Setting next_dagrun for init_airline_data to 2023-01-01 00:00:00+00:00, run_after=2023-01-01 00:00:00+00:00
[2025-12-21T20:31:08.900+0000] {processor.py:208} INFO - Processing /opt/airflow/dags/init_data.py took 0.159 seconds
[2025-12-21T20:31:39.029+0000] {processor.py:186} INFO - Started process (PID=1131) to work on /opt/airflow/dags/init_data.py
[2025-12-21T20:31:39.030+0000] {processor.py:914} INFO - Processing file /opt/airflow/dags/init_data.py for tasks to queue
[2025-12-21T20:31:39.036+0000] {logging_mixin.py:190} INFO - [2025-12-21T20:31:39.035+0000] {dagbag.py:588} INFO - Filling up the DagBag from /opt/airflow/dags/init_data.py
[2025-12-21T20:31:39.051+0000] {processor.py:925} INFO - DAG(s) 'init_airline_data' retrieved from /opt/airflow/dags/init_data.py
[2025-12-21T20:31:39.125+0000] {logging_mixin.py:190} INFO - [2025-12-21T20:31:39.125+0000] {dag.py:3239} INFO - Sync 1 DAGs
[2025-12-21T20:31:39.149+0000] {logging_mixin.py:190} INFO - [2025-12-21T20:31:39.148+0000] {dag.py:4180} INFO - Setting next_dagrun for init_airline_data to 2023-01-01 00:00:00+00:00, run_after=2023-01-01 00:00:00+00:00
[2025-12-21T20:31:39.184+0000] {processor.py:208} INFO - Processing /opt/airflow/dags/init_data.py took 0.167 seconds
[2025-12-21T20:32:09.967+0000] {processor.py:186} INFO - Started process (PID=1197) to work on /opt/airflow/dags/init_data.py
[2025-12-21T20:32:09.969+0000] {processor.py:914} INFO - Processing file /opt/airflow/dags/init_data.py for tasks to queue
[2025-12-21T20:32:09.971+0000] {logging_mixin.py:190} INFO - [2025-12-21T20:32:09.971+0000] {dagbag.py:588} INFO - Filling up the DagBag from /opt/airflow/dags/init_data.py
[2025-12-21T20:32:09.984+0000] {processor.py:925} INFO - DAG(s) 'init_airline_data' retrieved from /opt/airflow/dags/init_data.py
[2025-12-21T20:32:10.020+0000] {logging_mixin.py:190} INFO - [2025-12-21T20:32:10.019+0000] {dag.py:3239} INFO - Sync 1 DAGs
[2025-12-21T20:32:10.051+0000] {logging_mixin.py:190} INFO - [2025-12-21T20:32:10.050+0000] {dag.py:4180} INFO - Setting next_dagrun for init_airline_data to 2023-01-01 00:00:00+00:00, run_after=2023-01-01 00:00:00+00:00
[2025-12-21T20:32:10.079+0000] {processor.py:208} INFO - Processing /opt/airflow/dags/init_data.py took 0.121 seconds
[2025-12-21T20:32:40.556+0000] {processor.py:186} INFO - Started process (PID=1263) to work on /opt/airflow/dags/init_data.py
[2025-12-21T20:32:40.558+0000] {processor.py:914} INFO - Processing file /opt/airflow/dags/init_data.py for tasks to queue
[2025-12-21T20:32:40.561+0000] {logging_mixin.py:190} INFO - [2025-12-21T20:32:40.560+0000] {dagbag.py:588} INFO - Filling up the DagBag from /opt/airflow/dags/init_data.py
[2025-12-21T20:32:40.584+0000] {processor.py:925} INFO - DAG(s) 'init_airline_data' retrieved from /opt/airflow/dags/init_data.py
[2025-12-21T20:32:40.631+0000] {logging_mixin.py:190} INFO - [2025-12-21T20:32:40.630+0000] {dag.py:3239} INFO - Sync 1 DAGs
[2025-12-21T20:32:40.661+0000] {logging_mixin.py:190} INFO - [2025-12-21T20:32:40.661+0000] {dag.py:4180} INFO - Setting next_dagrun for init_airline_data to 2023-01-01 00:00:00+00:00, run_after=2023-01-01 00:00:00+00:00
[2025-12-21T20:32:40.689+0000] {processor.py:208} INFO - Processing /opt/airflow/dags/init_data.py took 0.147 seconds
[2025-12-21T20:33:10.754+0000] {processor.py:186} INFO - Started process (PID=1329) to work on /opt/airflow/dags/init_data.py
[2025-12-21T20:33:10.756+0000] {processor.py:914} INFO - Processing file /opt/airflow/dags/init_data.py for tasks to queue
[2025-12-21T20:33:10.761+0000] {logging_mixin.py:190} INFO - [2025-12-21T20:33:10.760+0000] {dagbag.py:588} INFO - Filling up the DagBag from /opt/airflow/dags/init_data.py
[2025-12-21T20:33:10.789+0000] {processor.py:925} INFO - DAG(s) 'init_airline_data' retrieved from /opt/airflow/dags/init_data.py
[2025-12-21T20:33:10.855+0000] {logging_mixin.py:190} INFO - [2025-12-21T20:33:10.855+0000] {dag.py:3239} INFO - Sync 1 DAGs
[2025-12-21T20:33:10.889+0000] {logging_mixin.py:190} INFO - [2025-12-21T20:33:10.888+0000] {dag.py:4180} INFO - Setting next_dagrun for init_airline_data to 2023-01-01 00:00:00+00:00, run_after=2023-01-01 00:00:00+00:00
[2025-12-21T20:33:10.915+0000] {processor.py:208} INFO - Processing /opt/airflow/dags/init_data.py took 0.174 seconds
[2025-12-21T20:33:41.320+0000] {processor.py:186} INFO - Started process (PID=1395) to work on /opt/airflow/dags/init_data.py
[2025-12-21T20:33:41.321+0000] {processor.py:914} INFO - Processing file /opt/airflow/dags/init_data.py for tasks to queue
[2025-12-21T20:33:41.324+0000] {logging_mixin.py:190} INFO - [2025-12-21T20:33:41.324+0000] {dagbag.py:588} INFO - Filling up the DagBag from /opt/airflow/dags/init_data.py
[2025-12-21T20:33:41.345+0000] {processor.py:925} INFO - DAG(s) 'init_airline_data' retrieved from /opt/airflow/dags/init_data.py
[2025-12-21T20:33:41.407+0000] {logging_mixin.py:190} INFO - [2025-12-21T20:33:41.407+0000] {dag.py:3239} INFO - Sync 1 DAGs
[2025-12-21T20:33:41.433+0000] {logging_mixin.py:190} INFO - [2025-12-21T20:33:41.433+0000] {dag.py:4180} INFO - Setting next_dagrun for init_airline_data to 2023-01-01 00:00:00+00:00, run_after=2023-01-01 00:00:00+00:00
[2025-12-21T20:33:41.464+0000] {processor.py:208} INFO - Processing /opt/airflow/dags/init_data.py took 0.161 seconds
[2025-12-21T20:34:12.426+0000] {processor.py:186} INFO - Started process (PID=1461) to work on /opt/airflow/dags/init_data.py
[2025-12-21T20:34:12.428+0000] {processor.py:914} INFO - Processing file /opt/airflow/dags/init_data.py for tasks to queue
[2025-12-21T20:34:12.432+0000] {logging_mixin.py:190} INFO - [2025-12-21T20:34:12.431+0000] {dagbag.py:588} INFO - Filling up the DagBag from /opt/airflow/dags/init_data.py
[2025-12-21T20:34:12.449+0000] {processor.py:925} INFO - DAG(s) 'init_airline_data' retrieved from /opt/airflow/dags/init_data.py
[2025-12-21T20:34:12.498+0000] {logging_mixin.py:190} INFO - [2025-12-21T20:34:12.498+0000] {dag.py:3239} INFO - Sync 1 DAGs
[2025-12-21T20:34:12.533+0000] {logging_mixin.py:190} INFO - [2025-12-21T20:34:12.532+0000] {dag.py:4180} INFO - Setting next_dagrun for init_airline_data to 2023-01-01 00:00:00+00:00, run_after=2023-01-01 00:00:00+00:00
[2025-12-21T20:34:12.563+0000] {processor.py:208} INFO - Processing /opt/airflow/dags/init_data.py took 0.145 seconds
[2025-12-21T20:34:43.004+0000] {processor.py:186} INFO - Started process (PID=1527) to work on /opt/airflow/dags/init_data.py
[2025-12-21T20:34:43.006+0000] {processor.py:914} INFO - Processing file /opt/airflow/dags/init_data.py for tasks to queue
[2025-12-21T20:34:43.012+0000] {logging_mixin.py:190} INFO - [2025-12-21T20:34:43.011+0000] {dagbag.py:588} INFO - Filling up the DagBag from /opt/airflow/dags/init_data.py
[2025-12-21T20:34:43.029+0000] {processor.py:925} INFO - DAG(s) 'init_airline_data' retrieved from /opt/airflow/dags/init_data.py
[2025-12-21T20:34:43.098+0000] {logging_mixin.py:190} INFO - [2025-12-21T20:34:43.097+0000] {dag.py:3239} INFO - Sync 1 DAGs
[2025-12-21T20:34:43.126+0000] {logging_mixin.py:190} INFO - [2025-12-21T20:34:43.126+0000] {dag.py:4180} INFO - Setting next_dagrun for init_airline_data to 2023-01-01 00:00:00+00:00, run_after=2023-01-01 00:00:00+00:00
[2025-12-21T20:34:43.159+0000] {processor.py:208} INFO - Processing /opt/airflow/dags/init_data.py took 0.168 seconds
[2025-12-21T20:35:13.719+0000] {processor.py:186} INFO - Started process (PID=1593) to work on /opt/airflow/dags/init_data.py
[2025-12-21T20:35:13.721+0000] {processor.py:914} INFO - Processing file /opt/airflow/dags/init_data.py for tasks to queue
[2025-12-21T20:35:13.725+0000] {logging_mixin.py:190} INFO - [2025-12-21T20:35:13.724+0000] {dagbag.py:588} INFO - Filling up the DagBag from /opt/airflow/dags/init_data.py
[2025-12-21T20:35:13.741+0000] {processor.py:925} INFO - DAG(s) 'init_airline_data' retrieved from /opt/airflow/dags/init_data.py
[2025-12-21T20:35:13.782+0000] {logging_mixin.py:190} INFO - [2025-12-21T20:35:13.782+0000] {dag.py:3239} INFO - Sync 1 DAGs
[2025-12-21T20:35:13.827+0000] {logging_mixin.py:190} INFO - [2025-12-21T20:35:13.827+0000] {dag.py:4180} INFO - Setting next_dagrun for init_airline_data to 2023-01-01 00:00:00+00:00, run_after=2023-01-01 00:00:00+00:00
[2025-12-21T20:35:13.849+0000] {processor.py:208} INFO - Processing /opt/airflow/dags/init_data.py took 0.142 seconds
[2025-12-21T20:35:43.957+0000] {processor.py:186} INFO - Started process (PID=1658) to work on /opt/airflow/dags/init_data.py
[2025-12-21T20:35:43.959+0000] {processor.py:914} INFO - Processing file /opt/airflow/dags/init_data.py for tasks to queue
[2025-12-21T20:35:43.963+0000] {logging_mixin.py:190} INFO - [2025-12-21T20:35:43.963+0000] {dagbag.py:588} INFO - Filling up the DagBag from /opt/airflow/dags/init_data.py
[2025-12-21T20:35:43.992+0000] {processor.py:925} INFO - DAG(s) 'init_airline_data' retrieved from /opt/airflow/dags/init_data.py
[2025-12-21T20:35:44.036+0000] {logging_mixin.py:190} INFO - [2025-12-21T20:35:44.035+0000] {dag.py:3239} INFO - Sync 1 DAGs
[2025-12-21T20:35:44.062+0000] {logging_mixin.py:190} INFO - [2025-12-21T20:35:44.062+0000] {dag.py:4180} INFO - Setting next_dagrun for init_airline_data to 2023-01-01 00:00:00+00:00, run_after=2023-01-01 00:00:00+00:00
[2025-12-21T20:35:44.090+0000] {processor.py:208} INFO - Processing /opt/airflow/dags/init_data.py took 0.139 seconds
[2025-12-21T20:36:14.312+0000] {processor.py:186} INFO - Started process (PID=1724) to work on /opt/airflow/dags/init_data.py
[2025-12-21T20:36:14.313+0000] {processor.py:914} INFO - Processing file /opt/airflow/dags/init_data.py for tasks to queue
[2025-12-21T20:36:14.318+0000] {logging_mixin.py:190} INFO - [2025-12-21T20:36:14.317+0000] {dagbag.py:588} INFO - Filling up the DagBag from /opt/airflow/dags/init_data.py
[2025-12-21T20:36:14.338+0000] {processor.py:925} INFO - DAG(s) 'init_airline_data' retrieved from /opt/airflow/dags/init_data.py
[2025-12-21T20:36:14.381+0000] {logging_mixin.py:190} INFO - [2025-12-21T20:36:14.380+0000] {dag.py:3239} INFO - Sync 1 DAGs
[2025-12-21T20:36:14.405+0000] {logging_mixin.py:190} INFO - [2025-12-21T20:36:14.404+0000] {dag.py:4180} INFO - Setting next_dagrun for init_airline_data to 2023-01-01 00:00:00+00:00, run_after=2023-01-01 00:00:00+00:00
[2025-12-21T20:36:14.428+0000] {processor.py:208} INFO - Processing /opt/airflow/dags/init_data.py took 0.127 seconds
[2025-12-21T20:36:45.234+0000] {processor.py:186} INFO - Started process (PID=1790) to work on /opt/airflow/dags/init_data.py
[2025-12-21T20:36:45.236+0000] {processor.py:914} INFO - Processing file /opt/airflow/dags/init_data.py for tasks to queue
[2025-12-21T20:36:45.240+0000] {logging_mixin.py:190} INFO - [2025-12-21T20:36:45.239+0000] {dagbag.py:588} INFO - Filling up the DagBag from /opt/airflow/dags/init_data.py
[2025-12-21T20:36:45.262+0000] {processor.py:925} INFO - DAG(s) 'init_airline_data' retrieved from /opt/airflow/dags/init_data.py
[2025-12-21T20:36:45.334+0000] {logging_mixin.py:190} INFO - [2025-12-21T20:36:45.334+0000] {dag.py:3239} INFO - Sync 1 DAGs
[2025-12-21T20:36:45.372+0000] {logging_mixin.py:190} INFO - [2025-12-21T20:36:45.371+0000] {dag.py:4180} INFO - Setting next_dagrun for init_airline_data to 2023-01-01 00:00:00+00:00, run_after=2023-01-01 00:00:00+00:00
[2025-12-21T20:36:45.405+0000] {processor.py:208} INFO - Processing /opt/airflow/dags/init_data.py took 0.183 seconds
[2025-12-21T20:37:15.817+0000] {processor.py:186} INFO - Started process (PID=1856) to work on /opt/airflow/dags/init_data.py
[2025-12-21T20:37:15.819+0000] {processor.py:914} INFO - Processing file /opt/airflow/dags/init_data.py for tasks to queue
[2025-12-21T20:37:15.825+0000] {logging_mixin.py:190} INFO - [2025-12-21T20:37:15.824+0000] {dagbag.py:588} INFO - Filling up the DagBag from /opt/airflow/dags/init_data.py
[2025-12-21T20:37:15.844+0000] {processor.py:925} INFO - DAG(s) 'init_airline_data' retrieved from /opt/airflow/dags/init_data.py
[2025-12-21T20:37:15.892+0000] {logging_mixin.py:190} INFO - [2025-12-21T20:37:15.891+0000] {dag.py:3239} INFO - Sync 1 DAGs
[2025-12-21T20:37:15.934+0000] {logging_mixin.py:190} INFO - [2025-12-21T20:37:15.933+0000] {dag.py:4180} INFO - Setting next_dagrun for init_airline_data to 2023-01-01 00:00:00+00:00, run_after=2023-01-01 00:00:00+00:00
[2025-12-21T20:37:15.958+0000] {processor.py:208} INFO - Processing /opt/airflow/dags/init_data.py took 0.153 seconds
[2025-12-21T20:37:46.130+0000] {processor.py:186} INFO - Started process (PID=1922) to work on /opt/airflow/dags/init_data.py
[2025-12-21T20:37:46.133+0000] {processor.py:914} INFO - Processing file /opt/airflow/dags/init_data.py for tasks to queue
[2025-12-21T20:37:46.136+0000] {logging_mixin.py:190} INFO - [2025-12-21T20:37:46.136+0000] {dagbag.py:588} INFO - Filling up the DagBag from /opt/airflow/dags/init_data.py
[2025-12-21T20:37:46.164+0000] {processor.py:925} INFO - DAG(s) 'init_airline_data' retrieved from /opt/airflow/dags/init_data.py
[2025-12-21T20:37:46.209+0000] {logging_mixin.py:190} INFO - [2025-12-21T20:37:46.209+0000] {dag.py:3239} INFO - Sync 1 DAGs
[2025-12-21T20:37:46.240+0000] {logging_mixin.py:190} INFO - [2025-12-21T20:37:46.239+0000] {dag.py:4180} INFO - Setting next_dagrun for init_airline_data to 2023-01-01 00:00:00+00:00, run_after=2023-01-01 00:00:00+00:00
[2025-12-21T20:37:46.270+0000] {processor.py:208} INFO - Processing /opt/airflow/dags/init_data.py took 0.156 seconds
[2025-12-21T20:38:16.372+0000] {processor.py:186} INFO - Started process (PID=1988) to work on /opt/airflow/dags/init_data.py
[2025-12-21T20:38:16.373+0000] {processor.py:914} INFO - Processing file /opt/airflow/dags/init_data.py for tasks to queue
[2025-12-21T20:38:16.376+0000] {logging_mixin.py:190} INFO - [2025-12-21T20:38:16.375+0000] {dagbag.py:588} INFO - Filling up the DagBag from /opt/airflow/dags/init_data.py
[2025-12-21T20:38:16.388+0000] {processor.py:925} INFO - DAG(s) 'init_airline_data' retrieved from /opt/airflow/dags/init_data.py
[2025-12-21T20:38:16.433+0000] {logging_mixin.py:190} INFO - [2025-12-21T20:38:16.432+0000] {dag.py:3239} INFO - Sync 1 DAGs
[2025-12-21T20:38:16.469+0000] {logging_mixin.py:190} INFO - [2025-12-21T20:38:16.469+0000] {dag.py:4180} INFO - Setting next_dagrun for init_airline_data to 2023-01-01 00:00:00+00:00, run_after=2023-01-01 00:00:00+00:00
[2025-12-21T20:38:16.497+0000] {processor.py:208} INFO - Processing /opt/airflow/dags/init_data.py took 0.130 seconds
[2025-12-21T20:38:46.900+0000] {processor.py:186} INFO - Started process (PID=2054) to work on /opt/airflow/dags/init_data.py
[2025-12-21T20:38:46.901+0000] {processor.py:914} INFO - Processing file /opt/airflow/dags/init_data.py for tasks to queue
[2025-12-21T20:38:46.908+0000] {logging_mixin.py:190} INFO - [2025-12-21T20:38:46.906+0000] {dagbag.py:588} INFO - Filling up the DagBag from /opt/airflow/dags/init_data.py
[2025-12-21T20:38:46.926+0000] {processor.py:925} INFO - DAG(s) 'init_airline_data' retrieved from /opt/airflow/dags/init_data.py
[2025-12-21T20:38:46.978+0000] {logging_mixin.py:190} INFO - [2025-12-21T20:38:46.977+0000] {dag.py:3239} INFO - Sync 1 DAGs
[2025-12-21T20:38:47.006+0000] {logging_mixin.py:190} INFO - [2025-12-21T20:38:47.005+0000] {dag.py:4180} INFO - Setting next_dagrun for init_airline_data to 2023-01-01 00:00:00+00:00, run_after=2023-01-01 00:00:00+00:00
[2025-12-21T20:38:47.032+0000] {processor.py:208} INFO - Processing /opt/airflow/dags/init_data.py took 0.140 seconds
[2025-12-21T20:39:17.309+0000] {processor.py:186} INFO - Started process (PID=2121) to work on /opt/airflow/dags/init_data.py
[2025-12-21T20:39:17.311+0000] {processor.py:914} INFO - Processing file /opt/airflow/dags/init_data.py for tasks to queue
[2025-12-21T20:39:17.315+0000] {logging_mixin.py:190} INFO - [2025-12-21T20:39:17.315+0000] {dagbag.py:588} INFO - Filling up the DagBag from /opt/airflow/dags/init_data.py
[2025-12-21T20:39:17.328+0000] {processor.py:925} INFO - DAG(s) 'init_airline_data' retrieved from /opt/airflow/dags/init_data.py
[2025-12-21T20:39:17.391+0000] {logging_mixin.py:190} INFO - [2025-12-21T20:39:17.391+0000] {dag.py:3239} INFO - Sync 1 DAGs
[2025-12-21T20:39:17.423+0000] {logging_mixin.py:190} INFO - [2025-12-21T20:39:17.423+0000] {dag.py:4180} INFO - Setting next_dagrun for init_airline_data to 2023-01-01 00:00:00+00:00, run_after=2023-01-01 00:00:00+00:00
[2025-12-21T20:39:17.457+0000] {processor.py:208} INFO - Processing /opt/airflow/dags/init_data.py took 0.155 seconds
[2025-12-21T20:39:47.688+0000] {processor.py:186} INFO - Started process (PID=2186) to work on /opt/airflow/dags/init_data.py
[2025-12-21T20:39:47.690+0000] {processor.py:914} INFO - Processing file /opt/airflow/dags/init_data.py for tasks to queue
[2025-12-21T20:39:47.696+0000] {logging_mixin.py:190} INFO - [2025-12-21T20:39:47.695+0000] {dagbag.py:588} INFO - Filling up the DagBag from /opt/airflow/dags/init_data.py
[2025-12-21T20:39:47.713+0000] {processor.py:925} INFO - DAG(s) 'init_airline_data' retrieved from /opt/airflow/dags/init_data.py
[2025-12-21T20:39:47.754+0000] {logging_mixin.py:190} INFO - [2025-12-21T20:39:47.753+0000] {dag.py:3239} INFO - Sync 1 DAGs
[2025-12-21T20:39:47.784+0000] {logging_mixin.py:190} INFO - [2025-12-21T20:39:47.784+0000] {dag.py:4180} INFO - Setting next_dagrun for init_airline_data to 2023-01-01 00:00:00+00:00, run_after=2023-01-01 00:00:00+00:00
[2025-12-21T20:39:47.826+0000] {processor.py:208} INFO - Processing /opt/airflow/dags/init_data.py took 0.151 seconds
[2025-12-21T20:40:28.397+0000] {processor.py:186} INFO - Started process (PID=2236) to work on /opt/airflow/dags/init_data.py
[2025-12-21T20:40:28.414+0000] {processor.py:914} INFO - Processing file /opt/airflow/dags/init_data.py for tasks to queue
[2025-12-21T20:40:29.111+0000] {logging_mixin.py:190} INFO - [2025-12-21T20:40:29.023+0000] {dagbag.py:588} INFO - Filling up the DagBag from /opt/airflow/dags/init_data.py
[2025-12-21T20:40:55.483+0000] {processor.py:925} INFO - DAG(s) 'init_airline_data' retrieved from /opt/airflow/dags/init_data.py
[2025-12-21T20:43:13.268+0000] {processor.py:186} INFO - Started process (PID=2264) to work on /opt/airflow/dags/init_data.py
[2025-12-21T20:43:13.272+0000] {processor.py:914} INFO - Processing file /opt/airflow/dags/init_data.py for tasks to queue
[2025-12-21T20:43:13.277+0000] {logging_mixin.py:190} INFO - [2025-12-21T20:43:13.276+0000] {dagbag.py:588} INFO - Filling up the DagBag from /opt/airflow/dags/init_data.py
[2025-12-21T20:43:13.329+0000] {processor.py:925} INFO - DAG(s) 'init_airline_data' retrieved from /opt/airflow/dags/init_data.py
[2025-12-21T20:43:13.367+0000] {logging_mixin.py:190} INFO - [2025-12-21T20:43:13.366+0000] {taskinstance.py:3315} ERROR - {'DAG Id': 'init_airline_data', 'Task Id': 'generate_flight_chunks.generate_chunk_6', 'Run Id': 'scheduled__2023-01-01T00:00:00+00:00', 'Hostname': 'c02cc3ae2ef1', 'External Executor Id': 'd30a9e88-edd4-4618-9051-3847e14fa949'}
[2025-12-21T20:43:13.434+0000] {logging_mixin.py:190} INFO - Task instance in failure state
[2025-12-21T20:43:13.436+0000] {logging_mixin.py:190} INFO - Task start:2025-12-21 20:42:55.632372+00:00 end:2025-12-21 20:43:13.432108+00:00 duration:17.799736
[2025-12-21T20:43:13.437+0000] {logging_mixin.py:190} INFO - Task:<Task(PythonOperator): generate_flight_chunks.generate_chunk_6> dag:<DAG: init_airline_data> dagrun:<DagRun init_airline_data @ 2023-01-01 00:00:00+00:00: scheduled__2023-01-01T00:00:00+00:00, state:running, queued_at: 2025-12-21 20:39:54.700264+00:00. externally triggered: False>
[2025-12-21T20:43:13.440+0000] {logging_mixin.py:190} INFO - Failure caused by {'DAG Id': 'init_airline_data', 'Task Id': 'generate_flight_chunks.generate_chunk_6', 'Run Id': 'scheduled__2023-01-01T00:00:00+00:00', 'Hostname': 'c02cc3ae2ef1', 'External Executor Id': 'd30a9e88-edd4-4618-9051-3847e14fa949'}
[2025-12-21T20:43:13.441+0000] {logging_mixin.py:190} INFO - [2025-12-21T20:43:13.441+0000] {taskinstance.py:1226} INFO - Marking task as UP_FOR_RETRY. dag_id=init_airline_data, task_id=generate_flight_chunks.generate_chunk_6, run_id=scheduled__2023-01-01T00:00:00+00:00, execution_date=20230101T000000, start_date=20251221T204255, end_date=20251221T204313
[2025-12-21T20:43:13.508+0000] {logging_mixin.py:190} INFO - [2025-12-21T20:43:13.507+0000] {processor.py:876} INFO - Executed callback for <TaskInstance: init_airline_data.generate_flight_chunks.generate_chunk_6 scheduled__2023-01-01T00:00:00+00:00 [up_for_retry]> in state up_for_retry
[2025-12-21T20:43:13.972+0000] {logging_mixin.py:190} INFO - [2025-12-21T20:43:13.971+0000] {dag.py:3239} INFO - Sync 1 DAGs
[2025-12-21T20:43:14.022+0000] {logging_mixin.py:190} INFO - [2025-12-21T20:43:14.022+0000] {dag.py:4180} INFO - Setting next_dagrun for init_airline_data to None, run_after=None
[2025-12-21T20:43:14.070+0000] {processor.py:208} INFO - Processing /opt/airflow/dags/init_data.py took 0.815 seconds
[2025-12-21T20:43:23.290+0000] {processor.py:186} INFO - Started process (PID=2317) to work on /opt/airflow/dags/init_data.py
[2025-12-21T20:43:23.292+0000] {processor.py:914} INFO - Processing file /opt/airflow/dags/init_data.py for tasks to queue
[2025-12-21T20:43:23.294+0000] {logging_mixin.py:190} INFO - [2025-12-21T20:43:23.294+0000] {dagbag.py:588} INFO - Filling up the DagBag from /opt/airflow/dags/init_data.py
[2025-12-21T20:43:23.324+0000] {processor.py:925} INFO - DAG(s) 'init_airline_data' retrieved from /opt/airflow/dags/init_data.py
[2025-12-21T20:43:23.368+0000] {logging_mixin.py:190} INFO - [2025-12-21T20:43:23.367+0000] {taskinstance.py:3315} ERROR - {'DAG Id': 'init_airline_data', 'Task Id': 'generate_flight_chunks.generate_chunk_3', 'Run Id': 'scheduled__2023-01-01T00:00:00+00:00', 'Hostname': 'c02cc3ae2ef1', 'External Executor Id': '6adcfdf6-b5bb-4959-a3bf-d7c8125aabdd'}
[2025-12-21T20:43:23.390+0000] {logging_mixin.py:190} INFO - Task instance in failure state
[2025-12-21T20:43:23.391+0000] {logging_mixin.py:190} INFO - Task start:2025-12-21 20:42:55.519737+00:00 end:2025-12-21 20:43:23.390068+00:00 duration:27.870331
[2025-12-21T20:43:23.391+0000] {logging_mixin.py:190} INFO - Task:<Task(PythonOperator): generate_flight_chunks.generate_chunk_3> dag:<DAG: init_airline_data> dagrun:<DagRun init_airline_data @ 2023-01-01 00:00:00+00:00: scheduled__2023-01-01T00:00:00+00:00, state:running, queued_at: 2025-12-21 20:39:54.700264+00:00. externally triggered: False>
[2025-12-21T20:43:23.392+0000] {logging_mixin.py:190} INFO - Failure caused by {'DAG Id': 'init_airline_data', 'Task Id': 'generate_flight_chunks.generate_chunk_3', 'Run Id': 'scheduled__2023-01-01T00:00:00+00:00', 'Hostname': 'c02cc3ae2ef1', 'External Executor Id': '6adcfdf6-b5bb-4959-a3bf-d7c8125aabdd'}
[2025-12-21T20:43:23.392+0000] {logging_mixin.py:190} INFO - [2025-12-21T20:43:23.392+0000] {taskinstance.py:1226} INFO - Marking task as UP_FOR_RETRY. dag_id=init_airline_data, task_id=generate_flight_chunks.generate_chunk_3, run_id=scheduled__2023-01-01T00:00:00+00:00, execution_date=20230101T000000, start_date=20251221T204255, end_date=20251221T204323
[2025-12-21T20:43:23.428+0000] {logging_mixin.py:190} INFO - [2025-12-21T20:43:23.428+0000] {processor.py:876} INFO - Executed callback for <TaskInstance: init_airline_data.generate_flight_chunks.generate_chunk_3 scheduled__2023-01-01T00:00:00+00:00 [up_for_retry]> in state up_for_retry
[2025-12-21T20:43:23.432+0000] {logging_mixin.py:190} INFO - [2025-12-21T20:43:23.432+0000] {dag.py:3239} INFO - Sync 1 DAGs
[2025-12-21T20:43:23.452+0000] {logging_mixin.py:190} INFO - [2025-12-21T20:43:23.451+0000] {dag.py:4180} INFO - Setting next_dagrun for init_airline_data to None, run_after=None
[2025-12-21T20:43:23.472+0000] {processor.py:208} INFO - Processing /opt/airflow/dags/init_data.py took 0.192 seconds
[2025-12-21T20:43:53.612+0000] {processor.py:186} INFO - Started process (PID=2383) to work on /opt/airflow/dags/init_data.py
[2025-12-21T20:43:53.614+0000] {processor.py:914} INFO - Processing file /opt/airflow/dags/init_data.py for tasks to queue
[2025-12-21T20:43:53.617+0000] {logging_mixin.py:190} INFO - [2025-12-21T20:43:53.617+0000] {dagbag.py:588} INFO - Filling up the DagBag from /opt/airflow/dags/init_data.py
[2025-12-21T20:43:53.644+0000] {processor.py:925} INFO - DAG(s) 'init_airline_data' retrieved from /opt/airflow/dags/init_data.py
[2025-12-21T20:43:53.699+0000] {logging_mixin.py:190} INFO - [2025-12-21T20:43:53.698+0000] {dag.py:3239} INFO - Sync 1 DAGs
[2025-12-21T20:43:53.725+0000] {logging_mixin.py:190} INFO - [2025-12-21T20:43:53.725+0000] {dag.py:4180} INFO - Setting next_dagrun for init_airline_data to None, run_after=None
[2025-12-21T20:43:53.750+0000] {processor.py:208} INFO - Processing /opt/airflow/dags/init_data.py took 0.149 seconds
[2025-12-21T20:44:24.559+0000] {processor.py:186} INFO - Started process (PID=2449) to work on /opt/airflow/dags/init_data.py
[2025-12-21T20:44:24.561+0000] {processor.py:914} INFO - Processing file /opt/airflow/dags/init_data.py for tasks to queue
[2025-12-21T20:44:24.564+0000] {logging_mixin.py:190} INFO - [2025-12-21T20:44:24.563+0000] {dagbag.py:588} INFO - Filling up the DagBag from /opt/airflow/dags/init_data.py
[2025-12-21T20:44:24.586+0000] {processor.py:925} INFO - DAG(s) 'init_airline_data' retrieved from /opt/airflow/dags/init_data.py
[2025-12-21T20:44:24.632+0000] {logging_mixin.py:190} INFO - [2025-12-21T20:44:24.631+0000] {dag.py:3239} INFO - Sync 1 DAGs
[2025-12-21T20:44:24.656+0000] {logging_mixin.py:190} INFO - [2025-12-21T20:44:24.655+0000] {dag.py:4180} INFO - Setting next_dagrun for init_airline_data to None, run_after=None
[2025-12-21T20:44:24.681+0000] {processor.py:208} INFO - Processing /opt/airflow/dags/init_data.py took 0.133 seconds
[2025-12-21T20:44:54.897+0000] {processor.py:186} INFO - Started process (PID=2515) to work on /opt/airflow/dags/init_data.py
[2025-12-21T20:44:54.899+0000] {processor.py:914} INFO - Processing file /opt/airflow/dags/init_data.py for tasks to queue
[2025-12-21T20:44:54.901+0000] {logging_mixin.py:190} INFO - [2025-12-21T20:44:54.901+0000] {dagbag.py:588} INFO - Filling up the DagBag from /opt/airflow/dags/init_data.py
[2025-12-21T20:44:54.917+0000] {processor.py:925} INFO - DAG(s) 'init_airline_data' retrieved from /opt/airflow/dags/init_data.py
[2025-12-21T20:44:54.952+0000] {logging_mixin.py:190} INFO - [2025-12-21T20:44:54.952+0000] {dag.py:3239} INFO - Sync 1 DAGs
[2025-12-21T20:44:54.974+0000] {logging_mixin.py:190} INFO - [2025-12-21T20:44:54.974+0000] {dag.py:4180} INFO - Setting next_dagrun for init_airline_data to None, run_after=None
[2025-12-21T20:44:54.998+0000] {processor.py:208} INFO - Processing /opt/airflow/dags/init_data.py took 0.110 seconds
[2025-12-21T20:45:25.140+0000] {processor.py:186} INFO - Started process (PID=2574) to work on /opt/airflow/dags/init_data.py
[2025-12-21T20:45:25.141+0000] {processor.py:914} INFO - Processing file /opt/airflow/dags/init_data.py for tasks to queue
[2025-12-21T20:45:25.143+0000] {logging_mixin.py:190} INFO - [2025-12-21T20:45:25.142+0000] {dagbag.py:588} INFO - Filling up the DagBag from /opt/airflow/dags/init_data.py
[2025-12-21T20:45:25.162+0000] {processor.py:925} INFO - DAG(s) 'init_airline_data' retrieved from /opt/airflow/dags/init_data.py
[2025-12-21T20:45:25.217+0000] {logging_mixin.py:190} INFO - [2025-12-21T20:45:25.216+0000] {dag.py:3239} INFO - Sync 1 DAGs
[2025-12-21T20:45:25.248+0000] {logging_mixin.py:190} INFO - [2025-12-21T20:45:25.248+0000] {dag.py:4180} INFO - Setting next_dagrun for init_airline_data to None, run_after=None
[2025-12-21T20:45:25.280+0000] {processor.py:208} INFO - Processing /opt/airflow/dags/init_data.py took 0.148 seconds
[2025-12-21T20:45:55.423+0000] {processor.py:186} INFO - Started process (PID=2638) to work on /opt/airflow/dags/init_data.py
[2025-12-21T20:45:55.424+0000] {processor.py:914} INFO - Processing file /opt/airflow/dags/init_data.py for tasks to queue
[2025-12-21T20:45:55.430+0000] {logging_mixin.py:190} INFO - [2025-12-21T20:45:55.429+0000] {dagbag.py:588} INFO - Filling up the DagBag from /opt/airflow/dags/init_data.py
[2025-12-21T20:45:55.447+0000] {processor.py:925} INFO - DAG(s) 'init_airline_data' retrieved from /opt/airflow/dags/init_data.py
[2025-12-21T20:45:55.486+0000] {logging_mixin.py:190} INFO - [2025-12-21T20:45:55.486+0000] {dag.py:3239} INFO - Sync 1 DAGs
[2025-12-21T20:45:55.509+0000] {logging_mixin.py:190} INFO - [2025-12-21T20:45:55.509+0000] {dag.py:4180} INFO - Setting next_dagrun for init_airline_data to None, run_after=None
[2025-12-21T20:45:55.533+0000] {processor.py:208} INFO - Processing /opt/airflow/dags/init_data.py took 0.120 seconds
[2025-12-21T20:46:25.838+0000] {processor.py:186} INFO - Started process (PID=2703) to work on /opt/airflow/dags/init_data.py
[2025-12-21T20:46:25.840+0000] {processor.py:914} INFO - Processing file /opt/airflow/dags/init_data.py for tasks to queue
[2025-12-21T20:46:25.844+0000] {logging_mixin.py:190} INFO - [2025-12-21T20:46:25.843+0000] {dagbag.py:588} INFO - Filling up the DagBag from /opt/airflow/dags/init_data.py
[2025-12-21T20:46:25.862+0000] {processor.py:925} INFO - DAG(s) 'init_airline_data' retrieved from /opt/airflow/dags/init_data.py
[2025-12-21T20:46:25.903+0000] {logging_mixin.py:190} INFO - [2025-12-21T20:46:25.903+0000] {dag.py:3239} INFO - Sync 1 DAGs
[2025-12-21T20:46:25.933+0000] {logging_mixin.py:190} INFO - [2025-12-21T20:46:25.933+0000] {dag.py:4180} INFO - Setting next_dagrun for init_airline_data to None, run_after=None
[2025-12-21T20:46:25.969+0000] {processor.py:208} INFO - Processing /opt/airflow/dags/init_data.py took 0.143 seconds
[2025-12-21T20:46:56.096+0000] {processor.py:186} INFO - Started process (PID=2761) to work on /opt/airflow/dags/init_data.py
[2025-12-21T20:46:56.097+0000] {processor.py:914} INFO - Processing file /opt/airflow/dags/init_data.py for tasks to queue
[2025-12-21T20:46:56.099+0000] {logging_mixin.py:190} INFO - [2025-12-21T20:46:56.099+0000] {dagbag.py:588} INFO - Filling up the DagBag from /opt/airflow/dags/init_data.py
[2025-12-21T20:46:56.113+0000] {processor.py:925} INFO - DAG(s) 'init_airline_data' retrieved from /opt/airflow/dags/init_data.py
[2025-12-21T20:46:56.157+0000] {logging_mixin.py:190} INFO - [2025-12-21T20:46:56.157+0000] {dag.py:3239} INFO - Sync 1 DAGs
[2025-12-21T20:46:56.185+0000] {logging_mixin.py:190} INFO - [2025-12-21T20:46:56.185+0000] {dag.py:4180} INFO - Setting next_dagrun for init_airline_data to None, run_after=None
[2025-12-21T20:46:56.212+0000] {processor.py:208} INFO - Processing /opt/airflow/dags/init_data.py took 0.126 seconds
[2025-12-21T20:47:26.592+0000] {processor.py:186} INFO - Started process (PID=2824) to work on /opt/airflow/dags/init_data.py
[2025-12-21T20:47:26.595+0000] {processor.py:914} INFO - Processing file /opt/airflow/dags/init_data.py for tasks to queue
[2025-12-21T20:47:26.596+0000] {logging_mixin.py:190} INFO - [2025-12-21T20:47:26.596+0000] {dagbag.py:588} INFO - Filling up the DagBag from /opt/airflow/dags/init_data.py
[2025-12-21T20:47:26.610+0000] {processor.py:925} INFO - DAG(s) 'init_airline_data' retrieved from /opt/airflow/dags/init_data.py
[2025-12-21T20:47:26.647+0000] {logging_mixin.py:190} INFO - [2025-12-21T20:47:26.646+0000] {dag.py:3239} INFO - Sync 1 DAGs
[2025-12-21T20:47:26.670+0000] {logging_mixin.py:190} INFO - [2025-12-21T20:47:26.670+0000] {dag.py:4180} INFO - Setting next_dagrun for init_airline_data to None, run_after=None
[2025-12-21T20:47:26.697+0000] {processor.py:208} INFO - Processing /opt/airflow/dags/init_data.py took 0.115 seconds
