[2025-12-21T20:23:30.823+0000] {processor.py:186} INFO - Started process (PID=76) to work on /opt/airflow/dags/init_schema.py
[2025-12-21T20:23:30.824+0000] {processor.py:914} INFO - Processing file /opt/airflow/dags/init_schema.py for tasks to queue
[2025-12-21T20:23:30.832+0000] {logging_mixin.py:190} INFO - [2025-12-21T20:23:30.831+0000] {dagbag.py:588} INFO - Filling up the DagBag from /opt/airflow/dags/init_schema.py
[2025-12-21T20:23:30.843+0000] {processor.py:925} INFO - DAG(s) 'init_schema_airline' retrieved from /opt/airflow/dags/init_schema.py
[2025-12-21T20:23:30.962+0000] {logging_mixin.py:190} INFO - [2025-12-21T20:23:30.962+0000] {override.py:1912} INFO - Created Permission View: can delete on DAG:init_schema_airline
[2025-12-21T20:23:30.980+0000] {logging_mixin.py:190} INFO - [2025-12-21T20:23:30.979+0000] {override.py:1912} INFO - Created Permission View: can edit on DAG:init_schema_airline
[2025-12-21T20:23:30.993+0000] {logging_mixin.py:190} INFO - [2025-12-21T20:23:30.993+0000] {override.py:1912} INFO - Created Permission View: can read on DAG:init_schema_airline
[2025-12-21T20:23:31.009+0000] {logging_mixin.py:190} INFO - [2025-12-21T20:23:31.009+0000] {override.py:1912} INFO - Created Permission View: can delete on DAG Run:init_schema_airline
[2025-12-21T20:23:31.029+0000] {logging_mixin.py:190} INFO - [2025-12-21T20:23:31.028+0000] {override.py:1912} INFO - Created Permission View: can create on DAG Run:init_schema_airline
[2025-12-21T20:23:31.042+0000] {logging_mixin.py:190} INFO - [2025-12-21T20:23:31.041+0000] {override.py:1912} INFO - Created Permission View: menu access on DAG Run:init_schema_airline
[2025-12-21T20:23:31.056+0000] {logging_mixin.py:190} INFO - [2025-12-21T20:23:31.056+0000] {override.py:1912} INFO - Created Permission View: can read on DAG Run:init_schema_airline
[2025-12-21T20:23:31.057+0000] {logging_mixin.py:190} INFO - [2025-12-21T20:23:31.057+0000] {dag.py:3239} INFO - Sync 1 DAGs
[2025-12-21T20:23:31.074+0000] {logging_mixin.py:190} INFO - [2025-12-21T20:23:31.074+0000] {dag.py:3262} INFO - Creating ORM DAG for init_schema_airline
[2025-12-21T20:23:31.089+0000] {logging_mixin.py:190} INFO - [2025-12-21T20:23:31.089+0000] {dag.py:4180} INFO - Setting next_dagrun for init_schema_airline to 2023-01-01 00:00:00+00:00, run_after=2023-01-01 00:00:00+00:00
[2025-12-21T20:23:31.115+0000] {processor.py:208} INFO - Processing /opt/airflow/dags/init_schema.py took 0.299 seconds
[2025-12-21T20:24:01.601+0000] {processor.py:186} INFO - Started process (PID=142) to work on /opt/airflow/dags/init_schema.py
[2025-12-21T20:24:01.602+0000] {processor.py:914} INFO - Processing file /opt/airflow/dags/init_schema.py for tasks to queue
[2025-12-21T20:24:01.605+0000] {logging_mixin.py:190} INFO - [2025-12-21T20:24:01.604+0000] {dagbag.py:588} INFO - Filling up the DagBag from /opt/airflow/dags/init_schema.py
[2025-12-21T20:24:01.613+0000] {processor.py:925} INFO - DAG(s) 'init_schema_airline' retrieved from /opt/airflow/dags/init_schema.py
[2025-12-21T20:24:01.634+0000] {logging_mixin.py:190} INFO - [2025-12-21T20:24:01.634+0000] {dag.py:3239} INFO - Sync 1 DAGs
[2025-12-21T20:24:01.659+0000] {logging_mixin.py:190} INFO - [2025-12-21T20:24:01.659+0000] {dag.py:4180} INFO - Setting next_dagrun for init_schema_airline to 2023-01-01 00:00:00+00:00, run_after=2023-01-01 00:00:00+00:00
[2025-12-21T20:24:01.682+0000] {processor.py:208} INFO - Processing /opt/airflow/dags/init_schema.py took 0.086 seconds
[2025-12-21T20:24:31.772+0000] {processor.py:186} INFO - Started process (PID=208) to work on /opt/airflow/dags/init_schema.py
[2025-12-21T20:24:31.774+0000] {processor.py:914} INFO - Processing file /opt/airflow/dags/init_schema.py for tasks to queue
[2025-12-21T20:24:31.777+0000] {logging_mixin.py:190} INFO - [2025-12-21T20:24:31.776+0000] {dagbag.py:588} INFO - Filling up the DagBag from /opt/airflow/dags/init_schema.py
[2025-12-21T20:24:31.790+0000] {processor.py:925} INFO - DAG(s) 'init_schema_airline' retrieved from /opt/airflow/dags/init_schema.py
[2025-12-21T20:24:31.823+0000] {logging_mixin.py:190} INFO - [2025-12-21T20:24:31.822+0000] {dag.py:3239} INFO - Sync 1 DAGs
[2025-12-21T20:24:31.851+0000] {logging_mixin.py:190} INFO - [2025-12-21T20:24:31.851+0000] {dag.py:4180} INFO - Setting next_dagrun for init_schema_airline to 2023-01-01 00:00:00+00:00, run_after=2023-01-01 00:00:00+00:00
[2025-12-21T20:24:31.882+0000] {processor.py:208} INFO - Processing /opt/airflow/dags/init_schema.py took 0.118 seconds
[2025-12-21T20:25:02.585+0000] {processor.py:186} INFO - Started process (PID=274) to work on /opt/airflow/dags/init_schema.py
[2025-12-21T20:25:02.586+0000] {processor.py:914} INFO - Processing file /opt/airflow/dags/init_schema.py for tasks to queue
[2025-12-21T20:25:02.589+0000] {logging_mixin.py:190} INFO - [2025-12-21T20:25:02.589+0000] {dagbag.py:588} INFO - Filling up the DagBag from /opt/airflow/dags/init_schema.py
[2025-12-21T20:25:02.603+0000] {processor.py:925} INFO - DAG(s) 'init_schema_airline' retrieved from /opt/airflow/dags/init_schema.py
[2025-12-21T20:25:02.623+0000] {logging_mixin.py:190} INFO - [2025-12-21T20:25:02.623+0000] {dag.py:3239} INFO - Sync 1 DAGs
[2025-12-21T20:25:02.655+0000] {logging_mixin.py:190} INFO - [2025-12-21T20:25:02.654+0000] {dag.py:4180} INFO - Setting next_dagrun for init_schema_airline to 2023-01-01 00:00:00+00:00, run_after=2023-01-01 00:00:00+00:00
[2025-12-21T20:25:02.682+0000] {processor.py:208} INFO - Processing /opt/airflow/dags/init_schema.py took 0.106 seconds
[2025-12-21T20:25:32.973+0000] {processor.py:186} INFO - Started process (PID=340) to work on /opt/airflow/dags/init_schema.py
[2025-12-21T20:25:32.974+0000] {processor.py:914} INFO - Processing file /opt/airflow/dags/init_schema.py for tasks to queue
[2025-12-21T20:25:32.977+0000] {logging_mixin.py:190} INFO - [2025-12-21T20:25:32.976+0000] {dagbag.py:588} INFO - Filling up the DagBag from /opt/airflow/dags/init_schema.py
[2025-12-21T20:25:32.988+0000] {processor.py:925} INFO - DAG(s) 'init_schema_airline' retrieved from /opt/airflow/dags/init_schema.py
[2025-12-21T20:25:33.010+0000] {logging_mixin.py:190} INFO - [2025-12-21T20:25:33.010+0000] {dag.py:3239} INFO - Sync 1 DAGs
[2025-12-21T20:25:33.034+0000] {logging_mixin.py:190} INFO - [2025-12-21T20:25:33.034+0000] {dag.py:4180} INFO - Setting next_dagrun for init_schema_airline to 2023-01-01 00:00:00+00:00, run_after=2023-01-01 00:00:00+00:00
[2025-12-21T20:25:33.082+0000] {processor.py:208} INFO - Processing /opt/airflow/dags/init_schema.py took 0.119 seconds
[2025-12-21T20:26:03.157+0000] {processor.py:186} INFO - Started process (PID=406) to work on /opt/airflow/dags/init_schema.py
[2025-12-21T20:26:03.158+0000] {processor.py:914} INFO - Processing file /opt/airflow/dags/init_schema.py for tasks to queue
[2025-12-21T20:26:03.162+0000] {logging_mixin.py:190} INFO - [2025-12-21T20:26:03.161+0000] {dagbag.py:588} INFO - Filling up the DagBag from /opt/airflow/dags/init_schema.py
[2025-12-21T20:26:03.170+0000] {processor.py:925} INFO - DAG(s) 'init_schema_airline' retrieved from /opt/airflow/dags/init_schema.py
[2025-12-21T20:26:03.190+0000] {logging_mixin.py:190} INFO - [2025-12-21T20:26:03.190+0000] {dag.py:3239} INFO - Sync 1 DAGs
[2025-12-21T20:26:03.215+0000] {logging_mixin.py:190} INFO - [2025-12-21T20:26:03.215+0000] {dag.py:4180} INFO - Setting next_dagrun for init_schema_airline to 2023-01-01 00:00:00+00:00, run_after=2023-01-01 00:00:00+00:00
[2025-12-21T20:26:03.236+0000] {processor.py:208} INFO - Processing /opt/airflow/dags/init_schema.py took 0.085 seconds
[2025-12-21T20:26:33.485+0000] {processor.py:186} INFO - Started process (PID=472) to work on /opt/airflow/dags/init_schema.py
[2025-12-21T20:26:33.487+0000] {processor.py:914} INFO - Processing file /opt/airflow/dags/init_schema.py for tasks to queue
[2025-12-21T20:26:33.489+0000] {logging_mixin.py:190} INFO - [2025-12-21T20:26:33.489+0000] {dagbag.py:588} INFO - Filling up the DagBag from /opt/airflow/dags/init_schema.py
[2025-12-21T20:26:33.498+0000] {processor.py:925} INFO - DAG(s) 'init_schema_airline' retrieved from /opt/airflow/dags/init_schema.py
[2025-12-21T20:26:33.522+0000] {logging_mixin.py:190} INFO - [2025-12-21T20:26:33.522+0000] {dag.py:3239} INFO - Sync 1 DAGs
[2025-12-21T20:26:33.564+0000] {logging_mixin.py:190} INFO - [2025-12-21T20:26:33.563+0000] {dag.py:4180} INFO - Setting next_dagrun for init_schema_airline to 2023-01-01 00:00:00+00:00, run_after=2023-01-01 00:00:00+00:00
[2025-12-21T20:26:33.591+0000] {processor.py:208} INFO - Processing /opt/airflow/dags/init_schema.py took 0.111 seconds
[2025-12-21T20:27:04.026+0000] {processor.py:186} INFO - Started process (PID=538) to work on /opt/airflow/dags/init_schema.py
[2025-12-21T20:27:04.027+0000] {processor.py:914} INFO - Processing file /opt/airflow/dags/init_schema.py for tasks to queue
[2025-12-21T20:27:04.032+0000] {logging_mixin.py:190} INFO - [2025-12-21T20:27:04.031+0000] {dagbag.py:588} INFO - Filling up the DagBag from /opt/airflow/dags/init_schema.py
[2025-12-21T20:27:04.047+0000] {processor.py:925} INFO - DAG(s) 'init_schema_airline' retrieved from /opt/airflow/dags/init_schema.py
[2025-12-21T20:27:04.067+0000] {logging_mixin.py:190} INFO - [2025-12-21T20:27:04.066+0000] {dag.py:3239} INFO - Sync 1 DAGs
[2025-12-21T20:27:04.090+0000] {logging_mixin.py:190} INFO - [2025-12-21T20:27:04.089+0000] {dag.py:4180} INFO - Setting next_dagrun for init_schema_airline to 2023-01-01 00:00:00+00:00, run_after=2023-01-01 00:00:00+00:00
[2025-12-21T20:27:04.122+0000] {processor.py:208} INFO - Processing /opt/airflow/dags/init_schema.py took 0.102 seconds
[2025-12-21T20:27:34.868+0000] {processor.py:186} INFO - Started process (PID=604) to work on /opt/airflow/dags/init_schema.py
[2025-12-21T20:27:34.869+0000] {processor.py:914} INFO - Processing file /opt/airflow/dags/init_schema.py for tasks to queue
[2025-12-21T20:27:34.872+0000] {logging_mixin.py:190} INFO - [2025-12-21T20:27:34.871+0000] {dagbag.py:588} INFO - Filling up the DagBag from /opt/airflow/dags/init_schema.py
[2025-12-21T20:27:34.883+0000] {processor.py:925} INFO - DAG(s) 'init_schema_airline' retrieved from /opt/airflow/dags/init_schema.py
[2025-12-21T20:27:34.905+0000] {logging_mixin.py:190} INFO - [2025-12-21T20:27:34.905+0000] {dag.py:3239} INFO - Sync 1 DAGs
[2025-12-21T20:27:34.928+0000] {logging_mixin.py:190} INFO - [2025-12-21T20:27:34.927+0000] {dag.py:4180} INFO - Setting next_dagrun for init_schema_airline to 2023-01-01 00:00:00+00:00, run_after=2023-01-01 00:00:00+00:00
[2025-12-21T20:27:34.961+0000] {processor.py:208} INFO - Processing /opt/airflow/dags/init_schema.py took 0.098 seconds
[2025-12-21T20:28:05.973+0000] {processor.py:186} INFO - Started process (PID=670) to work on /opt/airflow/dags/init_schema.py
[2025-12-21T20:28:05.975+0000] {processor.py:914} INFO - Processing file /opt/airflow/dags/init_schema.py for tasks to queue
[2025-12-21T20:28:05.978+0000] {logging_mixin.py:190} INFO - [2025-12-21T20:28:05.978+0000] {dagbag.py:588} INFO - Filling up the DagBag from /opt/airflow/dags/init_schema.py
[2025-12-21T20:28:05.995+0000] {processor.py:925} INFO - DAG(s) 'init_schema_airline' retrieved from /opt/airflow/dags/init_schema.py
[2025-12-21T20:28:06.023+0000] {logging_mixin.py:190} INFO - [2025-12-21T20:28:06.022+0000] {dag.py:3239} INFO - Sync 1 DAGs
[2025-12-21T20:28:06.050+0000] {logging_mixin.py:190} INFO - [2025-12-21T20:28:06.050+0000] {dag.py:4180} INFO - Setting next_dagrun for init_schema_airline to 2023-01-01 00:00:00+00:00, run_after=2023-01-01 00:00:00+00:00
[2025-12-21T20:28:06.099+0000] {processor.py:208} INFO - Processing /opt/airflow/dags/init_schema.py took 0.139 seconds
[2025-12-21T20:28:36.947+0000] {processor.py:186} INFO - Started process (PID=736) to work on /opt/airflow/dags/init_schema.py
[2025-12-21T20:28:36.948+0000] {processor.py:914} INFO - Processing file /opt/airflow/dags/init_schema.py for tasks to queue
[2025-12-21T20:28:36.951+0000] {logging_mixin.py:190} INFO - [2025-12-21T20:28:36.950+0000] {dagbag.py:588} INFO - Filling up the DagBag from /opt/airflow/dags/init_schema.py
[2025-12-21T20:28:36.959+0000] {processor.py:925} INFO - DAG(s) 'init_schema_airline' retrieved from /opt/airflow/dags/init_schema.py
[2025-12-21T20:28:36.980+0000] {logging_mixin.py:190} INFO - [2025-12-21T20:28:36.980+0000] {dag.py:3239} INFO - Sync 1 DAGs
[2025-12-21T20:28:37.003+0000] {logging_mixin.py:190} INFO - [2025-12-21T20:28:37.003+0000] {dag.py:4180} INFO - Setting next_dagrun for init_schema_airline to 2023-01-01 00:00:00+00:00, run_after=2023-01-01 00:00:00+00:00
[2025-12-21T20:28:37.052+0000] {processor.py:208} INFO - Processing /opt/airflow/dags/init_schema.py took 0.110 seconds
[2025-12-21T20:29:07.317+0000] {processor.py:186} INFO - Started process (PID=802) to work on /opt/airflow/dags/init_schema.py
[2025-12-21T20:29:07.318+0000] {processor.py:914} INFO - Processing file /opt/airflow/dags/init_schema.py for tasks to queue
[2025-12-21T20:29:07.322+0000] {logging_mixin.py:190} INFO - [2025-12-21T20:29:07.321+0000] {dagbag.py:588} INFO - Filling up the DagBag from /opt/airflow/dags/init_schema.py
[2025-12-21T20:29:07.333+0000] {processor.py:925} INFO - DAG(s) 'init_schema_airline' retrieved from /opt/airflow/dags/init_schema.py
[2025-12-21T20:29:07.367+0000] {logging_mixin.py:190} INFO - [2025-12-21T20:29:07.367+0000] {dag.py:3239} INFO - Sync 1 DAGs
[2025-12-21T20:29:07.393+0000] {logging_mixin.py:190} INFO - [2025-12-21T20:29:07.393+0000] {dag.py:4180} INFO - Setting next_dagrun for init_schema_airline to 2023-01-01 00:00:00+00:00, run_after=2023-01-01 00:00:00+00:00
[2025-12-21T20:29:07.424+0000] {processor.py:208} INFO - Processing /opt/airflow/dags/init_schema.py took 0.117 seconds
[2025-12-21T20:29:37.970+0000] {processor.py:186} INFO - Started process (PID=868) to work on /opt/airflow/dags/init_schema.py
[2025-12-21T20:29:37.972+0000] {processor.py:914} INFO - Processing file /opt/airflow/dags/init_schema.py for tasks to queue
[2025-12-21T20:29:37.976+0000] {logging_mixin.py:190} INFO - [2025-12-21T20:29:37.976+0000] {dagbag.py:588} INFO - Filling up the DagBag from /opt/airflow/dags/init_schema.py
[2025-12-21T20:29:37.985+0000] {processor.py:925} INFO - DAG(s) 'init_schema_airline' retrieved from /opt/airflow/dags/init_schema.py
[2025-12-21T20:29:38.005+0000] {logging_mixin.py:190} INFO - [2025-12-21T20:29:38.005+0000] {dag.py:3239} INFO - Sync 1 DAGs
[2025-12-21T20:29:38.031+0000] {logging_mixin.py:190} INFO - [2025-12-21T20:29:38.030+0000] {dag.py:4180} INFO - Setting next_dagrun for init_schema_airline to 2023-01-01 00:00:00+00:00, run_after=2023-01-01 00:00:00+00:00
[2025-12-21T20:29:38.054+0000] {processor.py:208} INFO - Processing /opt/airflow/dags/init_schema.py took 0.096 seconds
[2025-12-21T20:30:08.227+0000] {processor.py:186} INFO - Started process (PID=934) to work on /opt/airflow/dags/init_schema.py
[2025-12-21T20:30:08.229+0000] {processor.py:914} INFO - Processing file /opt/airflow/dags/init_schema.py for tasks to queue
[2025-12-21T20:30:08.233+0000] {logging_mixin.py:190} INFO - [2025-12-21T20:30:08.232+0000] {dagbag.py:588} INFO - Filling up the DagBag from /opt/airflow/dags/init_schema.py
[2025-12-21T20:30:08.241+0000] {processor.py:925} INFO - DAG(s) 'init_schema_airline' retrieved from /opt/airflow/dags/init_schema.py
[2025-12-21T20:30:08.263+0000] {logging_mixin.py:190} INFO - [2025-12-21T20:30:08.262+0000] {dag.py:3239} INFO - Sync 1 DAGs
[2025-12-21T20:30:08.286+0000] {logging_mixin.py:190} INFO - [2025-12-21T20:30:08.286+0000] {dag.py:4180} INFO - Setting next_dagrun for init_schema_airline to None, run_after=None
[2025-12-21T20:30:08.311+0000] {processor.py:208} INFO - Processing /opt/airflow/dags/init_schema.py took 0.093 seconds
[2025-12-21T20:30:38.423+0000] {processor.py:186} INFO - Started process (PID=1000) to work on /opt/airflow/dags/init_schema.py
[2025-12-21T20:30:38.424+0000] {processor.py:914} INFO - Processing file /opt/airflow/dags/init_schema.py for tasks to queue
[2025-12-21T20:30:38.428+0000] {logging_mixin.py:190} INFO - [2025-12-21T20:30:38.427+0000] {dagbag.py:588} INFO - Filling up the DagBag from /opt/airflow/dags/init_schema.py
[2025-12-21T20:30:38.442+0000] {processor.py:925} INFO - DAG(s) 'init_schema_airline' retrieved from /opt/airflow/dags/init_schema.py
[2025-12-21T20:30:38.468+0000] {logging_mixin.py:190} INFO - [2025-12-21T20:30:38.468+0000] {dag.py:3239} INFO - Sync 1 DAGs
[2025-12-21T20:30:38.494+0000] {logging_mixin.py:190} INFO - [2025-12-21T20:30:38.494+0000] {dag.py:4180} INFO - Setting next_dagrun for init_schema_airline to None, run_after=None
[2025-12-21T20:30:38.521+0000] {processor.py:208} INFO - Processing /opt/airflow/dags/init_schema.py took 0.109 seconds
[2025-12-21T20:31:08.879+0000] {processor.py:186} INFO - Started process (PID=1066) to work on /opt/airflow/dags/init_schema.py
[2025-12-21T20:31:08.881+0000] {processor.py:914} INFO - Processing file /opt/airflow/dags/init_schema.py for tasks to queue
[2025-12-21T20:31:08.883+0000] {logging_mixin.py:190} INFO - [2025-12-21T20:31:08.883+0000] {dagbag.py:588} INFO - Filling up the DagBag from /opt/airflow/dags/init_schema.py
[2025-12-21T20:31:08.893+0000] {processor.py:925} INFO - DAG(s) 'init_schema_airline' retrieved from /opt/airflow/dags/init_schema.py
[2025-12-21T20:31:08.919+0000] {logging_mixin.py:190} INFO - [2025-12-21T20:31:08.918+0000] {dag.py:3239} INFO - Sync 1 DAGs
[2025-12-21T20:31:08.949+0000] {logging_mixin.py:190} INFO - [2025-12-21T20:31:08.948+0000] {dag.py:4180} INFO - Setting next_dagrun for init_schema_airline to None, run_after=None
[2025-12-21T20:31:08.984+0000] {processor.py:208} INFO - Processing /opt/airflow/dags/init_schema.py took 0.111 seconds
[2025-12-21T20:31:39.137+0000] {processor.py:186} INFO - Started process (PID=1132) to work on /opt/airflow/dags/init_schema.py
[2025-12-21T20:31:39.138+0000] {processor.py:914} INFO - Processing file /opt/airflow/dags/init_schema.py for tasks to queue
[2025-12-21T20:31:39.141+0000] {logging_mixin.py:190} INFO - [2025-12-21T20:31:39.140+0000] {dagbag.py:588} INFO - Filling up the DagBag from /opt/airflow/dags/init_schema.py
[2025-12-21T20:31:39.148+0000] {processor.py:925} INFO - DAG(s) 'init_schema_airline' retrieved from /opt/airflow/dags/init_schema.py
[2025-12-21T20:31:39.173+0000] {logging_mixin.py:190} INFO - [2025-12-21T20:31:39.173+0000] {dag.py:3239} INFO - Sync 1 DAGs
[2025-12-21T20:31:39.205+0000] {logging_mixin.py:190} INFO - [2025-12-21T20:31:39.205+0000] {dag.py:4180} INFO - Setting next_dagrun for init_schema_airline to None, run_after=None
[2025-12-21T20:31:39.231+0000] {processor.py:208} INFO - Processing /opt/airflow/dags/init_schema.py took 0.099 seconds
[2025-12-21T20:32:10.108+0000] {processor.py:186} INFO - Started process (PID=1198) to work on /opt/airflow/dags/init_schema.py
[2025-12-21T20:32:10.110+0000] {processor.py:914} INFO - Processing file /opt/airflow/dags/init_schema.py for tasks to queue
[2025-12-21T20:32:10.113+0000] {logging_mixin.py:190} INFO - [2025-12-21T20:32:10.113+0000] {dagbag.py:588} INFO - Filling up the DagBag from /opt/airflow/dags/init_schema.py
[2025-12-21T20:32:10.122+0000] {processor.py:925} INFO - DAG(s) 'init_schema_airline' retrieved from /opt/airflow/dags/init_schema.py
[2025-12-21T20:32:10.142+0000] {logging_mixin.py:190} INFO - [2025-12-21T20:32:10.141+0000] {dag.py:3239} INFO - Sync 1 DAGs
[2025-12-21T20:32:10.166+0000] {logging_mixin.py:190} INFO - [2025-12-21T20:32:10.166+0000] {dag.py:4180} INFO - Setting next_dagrun for init_schema_airline to None, run_after=None
[2025-12-21T20:32:10.191+0000] {processor.py:208} INFO - Processing /opt/airflow/dags/init_schema.py took 0.097 seconds
[2025-12-21T20:32:40.677+0000] {processor.py:186} INFO - Started process (PID=1264) to work on /opt/airflow/dags/init_schema.py
[2025-12-21T20:32:40.678+0000] {processor.py:914} INFO - Processing file /opt/airflow/dags/init_schema.py for tasks to queue
[2025-12-21T20:32:40.681+0000] {logging_mixin.py:190} INFO - [2025-12-21T20:32:40.680+0000] {dagbag.py:588} INFO - Filling up the DagBag from /opt/airflow/dags/init_schema.py
[2025-12-21T20:32:40.689+0000] {processor.py:925} INFO - DAG(s) 'init_schema_airline' retrieved from /opt/airflow/dags/init_schema.py
[2025-12-21T20:32:40.711+0000] {logging_mixin.py:190} INFO - [2025-12-21T20:32:40.711+0000] {dag.py:3239} INFO - Sync 1 DAGs
[2025-12-21T20:32:40.748+0000] {logging_mixin.py:190} INFO - [2025-12-21T20:32:40.747+0000] {dag.py:4180} INFO - Setting next_dagrun for init_schema_airline to None, run_after=None
[2025-12-21T20:32:40.781+0000] {processor.py:208} INFO - Processing /opt/airflow/dags/init_schema.py took 0.109 seconds
[2025-12-21T20:33:10.861+0000] {processor.py:186} INFO - Started process (PID=1330) to work on /opt/airflow/dags/init_schema.py
[2025-12-21T20:33:10.862+0000] {processor.py:914} INFO - Processing file /opt/airflow/dags/init_schema.py for tasks to queue
[2025-12-21T20:33:10.865+0000] {logging_mixin.py:190} INFO - [2025-12-21T20:33:10.864+0000] {dagbag.py:588} INFO - Filling up the DagBag from /opt/airflow/dags/init_schema.py
[2025-12-21T20:33:10.873+0000] {processor.py:925} INFO - DAG(s) 'init_schema_airline' retrieved from /opt/airflow/dags/init_schema.py
[2025-12-21T20:33:10.898+0000] {logging_mixin.py:190} INFO - [2025-12-21T20:33:10.898+0000] {dag.py:3239} INFO - Sync 1 DAGs
[2025-12-21T20:33:10.934+0000] {logging_mixin.py:190} INFO - [2025-12-21T20:33:10.934+0000] {dag.py:4180} INFO - Setting next_dagrun for init_schema_airline to None, run_after=None
[2025-12-21T20:33:10.961+0000] {processor.py:208} INFO - Processing /opt/airflow/dags/init_schema.py took 0.110 seconds
[2025-12-21T20:33:41.415+0000] {processor.py:186} INFO - Started process (PID=1396) to work on /opt/airflow/dags/init_schema.py
[2025-12-21T20:33:41.416+0000] {processor.py:914} INFO - Processing file /opt/airflow/dags/init_schema.py for tasks to queue
[2025-12-21T20:33:41.419+0000] {logging_mixin.py:190} INFO - [2025-12-21T20:33:41.418+0000] {dagbag.py:588} INFO - Filling up the DagBag from /opt/airflow/dags/init_schema.py
[2025-12-21T20:33:41.433+0000] {processor.py:925} INFO - DAG(s) 'init_schema_airline' retrieved from /opt/airflow/dags/init_schema.py
[2025-12-21T20:33:41.455+0000] {logging_mixin.py:190} INFO - [2025-12-21T20:33:41.455+0000] {dag.py:3239} INFO - Sync 1 DAGs
[2025-12-21T20:33:41.481+0000] {logging_mixin.py:190} INFO - [2025-12-21T20:33:41.480+0000] {dag.py:4180} INFO - Setting next_dagrun for init_schema_airline to None, run_after=None
[2025-12-21T20:33:41.506+0000] {processor.py:208} INFO - Processing /opt/airflow/dags/init_schema.py took 0.098 seconds
[2025-12-21T20:34:12.556+0000] {processor.py:186} INFO - Started process (PID=1462) to work on /opt/airflow/dags/init_schema.py
[2025-12-21T20:34:12.558+0000] {processor.py:914} INFO - Processing file /opt/airflow/dags/init_schema.py for tasks to queue
[2025-12-21T20:34:12.562+0000] {logging_mixin.py:190} INFO - [2025-12-21T20:34:12.562+0000] {dagbag.py:588} INFO - Filling up the DagBag from /opt/airflow/dags/init_schema.py
[2025-12-21T20:34:12.575+0000] {processor.py:925} INFO - DAG(s) 'init_schema_airline' retrieved from /opt/airflow/dags/init_schema.py
[2025-12-21T20:34:12.595+0000] {logging_mixin.py:190} INFO - [2025-12-21T20:34:12.595+0000] {dag.py:3239} INFO - Sync 1 DAGs
[2025-12-21T20:34:12.620+0000] {logging_mixin.py:190} INFO - [2025-12-21T20:34:12.620+0000] {dag.py:4180} INFO - Setting next_dagrun for init_schema_airline to None, run_after=None
[2025-12-21T20:34:12.646+0000] {processor.py:208} INFO - Processing /opt/airflow/dags/init_schema.py took 0.101 seconds
[2025-12-21T20:34:43.132+0000] {processor.py:186} INFO - Started process (PID=1528) to work on /opt/airflow/dags/init_schema.py
[2025-12-21T20:34:43.133+0000] {processor.py:914} INFO - Processing file /opt/airflow/dags/init_schema.py for tasks to queue
[2025-12-21T20:34:43.135+0000] {logging_mixin.py:190} INFO - [2025-12-21T20:34:43.135+0000] {dagbag.py:588} INFO - Filling up the DagBag from /opt/airflow/dags/init_schema.py
[2025-12-21T20:34:43.146+0000] {processor.py:925} INFO - DAG(s) 'init_schema_airline' retrieved from /opt/airflow/dags/init_schema.py
[2025-12-21T20:34:43.169+0000] {logging_mixin.py:190} INFO - [2025-12-21T20:34:43.169+0000] {dag.py:3239} INFO - Sync 1 DAGs
[2025-12-21T20:34:43.193+0000] {logging_mixin.py:190} INFO - [2025-12-21T20:34:43.193+0000] {dag.py:4180} INFO - Setting next_dagrun for init_schema_airline to None, run_after=None
[2025-12-21T20:34:43.228+0000] {processor.py:208} INFO - Processing /opt/airflow/dags/init_schema.py took 0.101 seconds
[2025-12-21T20:35:13.848+0000] {processor.py:186} INFO - Started process (PID=1594) to work on /opt/airflow/dags/init_schema.py
[2025-12-21T20:35:13.850+0000] {processor.py:914} INFO - Processing file /opt/airflow/dags/init_schema.py for tasks to queue
[2025-12-21T20:35:13.852+0000] {logging_mixin.py:190} INFO - [2025-12-21T20:35:13.852+0000] {dagbag.py:588} INFO - Filling up the DagBag from /opt/airflow/dags/init_schema.py
[2025-12-21T20:35:13.861+0000] {processor.py:925} INFO - DAG(s) 'init_schema_airline' retrieved from /opt/airflow/dags/init_schema.py
[2025-12-21T20:35:13.879+0000] {logging_mixin.py:190} INFO - [2025-12-21T20:35:13.878+0000] {dag.py:3239} INFO - Sync 1 DAGs
[2025-12-21T20:35:13.906+0000] {logging_mixin.py:190} INFO - [2025-12-21T20:35:13.905+0000] {dag.py:4180} INFO - Setting next_dagrun for init_schema_airline to None, run_after=None
[2025-12-21T20:35:13.931+0000] {processor.py:208} INFO - Processing /opt/airflow/dags/init_schema.py took 0.091 seconds
[2025-12-21T20:35:44.108+0000] {processor.py:186} INFO - Started process (PID=1659) to work on /opt/airflow/dags/init_schema.py
[2025-12-21T20:35:44.109+0000] {processor.py:914} INFO - Processing file /opt/airflow/dags/init_schema.py for tasks to queue
[2025-12-21T20:35:44.113+0000] {logging_mixin.py:190} INFO - [2025-12-21T20:35:44.112+0000] {dagbag.py:588} INFO - Filling up the DagBag from /opt/airflow/dags/init_schema.py
[2025-12-21T20:35:44.121+0000] {processor.py:925} INFO - DAG(s) 'init_schema_airline' retrieved from /opt/airflow/dags/init_schema.py
[2025-12-21T20:35:44.148+0000] {logging_mixin.py:190} INFO - [2025-12-21T20:35:44.147+0000] {dag.py:3239} INFO - Sync 1 DAGs
[2025-12-21T20:35:44.171+0000] {logging_mixin.py:190} INFO - [2025-12-21T20:35:44.170+0000] {dag.py:4180} INFO - Setting next_dagrun for init_schema_airline to None, run_after=None
[2025-12-21T20:35:44.209+0000] {processor.py:208} INFO - Processing /opt/airflow/dags/init_schema.py took 0.113 seconds
[2025-12-21T20:36:14.431+0000] {processor.py:186} INFO - Started process (PID=1725) to work on /opt/airflow/dags/init_schema.py
[2025-12-21T20:36:14.432+0000] {processor.py:914} INFO - Processing file /opt/airflow/dags/init_schema.py for tasks to queue
[2025-12-21T20:36:14.435+0000] {logging_mixin.py:190} INFO - [2025-12-21T20:36:14.435+0000] {dagbag.py:588} INFO - Filling up the DagBag from /opt/airflow/dags/init_schema.py
[2025-12-21T20:36:14.445+0000] {processor.py:925} INFO - DAG(s) 'init_schema_airline' retrieved from /opt/airflow/dags/init_schema.py
[2025-12-21T20:36:14.466+0000] {logging_mixin.py:190} INFO - [2025-12-21T20:36:14.465+0000] {dag.py:3239} INFO - Sync 1 DAGs
[2025-12-21T20:36:14.492+0000] {logging_mixin.py:190} INFO - [2025-12-21T20:36:14.491+0000] {dag.py:4180} INFO - Setting next_dagrun for init_schema_airline to None, run_after=None
[2025-12-21T20:36:14.517+0000] {processor.py:208} INFO - Processing /opt/airflow/dags/init_schema.py took 0.093 seconds
[2025-12-21T20:36:45.378+0000] {processor.py:186} INFO - Started process (PID=1791) to work on /opt/airflow/dags/init_schema.py
[2025-12-21T20:36:45.379+0000] {processor.py:914} INFO - Processing file /opt/airflow/dags/init_schema.py for tasks to queue
[2025-12-21T20:36:45.382+0000] {logging_mixin.py:190} INFO - [2025-12-21T20:36:45.381+0000] {dagbag.py:588} INFO - Filling up the DagBag from /opt/airflow/dags/init_schema.py
[2025-12-21T20:36:45.396+0000] {processor.py:925} INFO - DAG(s) 'init_schema_airline' retrieved from /opt/airflow/dags/init_schema.py
[2025-12-21T20:36:45.420+0000] {logging_mixin.py:190} INFO - [2025-12-21T20:36:45.420+0000] {dag.py:3239} INFO - Sync 1 DAGs
[2025-12-21T20:36:45.451+0000] {logging_mixin.py:190} INFO - [2025-12-21T20:36:45.451+0000] {dag.py:4180} INFO - Setting next_dagrun for init_schema_airline to None, run_after=None
[2025-12-21T20:36:45.480+0000] {processor.py:208} INFO - Processing /opt/airflow/dags/init_schema.py took 0.110 seconds
[2025-12-21T20:37:15.964+0000] {processor.py:186} INFO - Started process (PID=1857) to work on /opt/airflow/dags/init_schema.py
[2025-12-21T20:37:15.966+0000] {processor.py:914} INFO - Processing file /opt/airflow/dags/init_schema.py for tasks to queue
[2025-12-21T20:37:15.969+0000] {logging_mixin.py:190} INFO - [2025-12-21T20:37:15.968+0000] {dagbag.py:588} INFO - Filling up the DagBag from /opt/airflow/dags/init_schema.py
[2025-12-21T20:37:15.979+0000] {processor.py:925} INFO - DAG(s) 'init_schema_airline' retrieved from /opt/airflow/dags/init_schema.py
[2025-12-21T20:37:16.003+0000] {logging_mixin.py:190} INFO - [2025-12-21T20:37:16.003+0000] {dag.py:3239} INFO - Sync 1 DAGs
[2025-12-21T20:37:16.030+0000] {logging_mixin.py:190} INFO - [2025-12-21T20:37:16.030+0000] {dag.py:4180} INFO - Setting next_dagrun for init_schema_airline to None, run_after=None
[2025-12-21T20:37:16.054+0000] {processor.py:208} INFO - Processing /opt/airflow/dags/init_schema.py took 0.101 seconds
[2025-12-21T20:37:46.138+0000] {processor.py:186} INFO - Started process (PID=1923) to work on /opt/airflow/dags/init_schema.py
[2025-12-21T20:37:46.140+0000] {processor.py:914} INFO - Processing file /opt/airflow/dags/init_schema.py for tasks to queue
[2025-12-21T20:37:46.144+0000] {logging_mixin.py:190} INFO - [2025-12-21T20:37:46.144+0000] {dagbag.py:588} INFO - Filling up the DagBag from /opt/airflow/dags/init_schema.py
[2025-12-21T20:37:46.153+0000] {processor.py:925} INFO - DAG(s) 'init_schema_airline' retrieved from /opt/airflow/dags/init_schema.py
[2025-12-21T20:37:46.171+0000] {logging_mixin.py:190} INFO - [2025-12-21T20:37:46.171+0000] {dag.py:3239} INFO - Sync 1 DAGs
[2025-12-21T20:37:46.204+0000] {logging_mixin.py:190} INFO - [2025-12-21T20:37:46.204+0000] {dag.py:4180} INFO - Setting next_dagrun for init_schema_airline to None, run_after=None
[2025-12-21T20:37:46.239+0000] {processor.py:208} INFO - Processing /opt/airflow/dags/init_schema.py took 0.117 seconds
[2025-12-21T20:38:16.384+0000] {processor.py:186} INFO - Started process (PID=1989) to work on /opt/airflow/dags/init_schema.py
[2025-12-21T20:38:16.385+0000] {processor.py:914} INFO - Processing file /opt/airflow/dags/init_schema.py for tasks to queue
[2025-12-21T20:38:16.388+0000] {logging_mixin.py:190} INFO - [2025-12-21T20:38:16.388+0000] {dagbag.py:588} INFO - Filling up the DagBag from /opt/airflow/dags/init_schema.py
[2025-12-21T20:38:16.399+0000] {processor.py:925} INFO - DAG(s) 'init_schema_airline' retrieved from /opt/airflow/dags/init_schema.py
[2025-12-21T20:38:16.428+0000] {logging_mixin.py:190} INFO - [2025-12-21T20:38:16.427+0000] {dag.py:3239} INFO - Sync 1 DAGs
[2025-12-21T20:38:16.462+0000] {logging_mixin.py:190} INFO - [2025-12-21T20:38:16.461+0000] {dag.py:4180} INFO - Setting next_dagrun for init_schema_airline to None, run_after=None
[2025-12-21T20:38:16.487+0000] {processor.py:208} INFO - Processing /opt/airflow/dags/init_schema.py took 0.113 seconds
[2025-12-21T20:38:47.052+0000] {processor.py:186} INFO - Started process (PID=2055) to work on /opt/airflow/dags/init_schema.py
[2025-12-21T20:38:47.053+0000] {processor.py:914} INFO - Processing file /opt/airflow/dags/init_schema.py for tasks to queue
[2025-12-21T20:38:47.057+0000] {logging_mixin.py:190} INFO - [2025-12-21T20:38:47.056+0000] {dagbag.py:588} INFO - Filling up the DagBag from /opt/airflow/dags/init_schema.py
[2025-12-21T20:38:47.070+0000] {processor.py:925} INFO - DAG(s) 'init_schema_airline' retrieved from /opt/airflow/dags/init_schema.py
[2025-12-21T20:38:47.098+0000] {logging_mixin.py:190} INFO - [2025-12-21T20:38:47.098+0000] {dag.py:3239} INFO - Sync 1 DAGs
[2025-12-21T20:38:47.131+0000] {logging_mixin.py:190} INFO - [2025-12-21T20:38:47.130+0000] {dag.py:4180} INFO - Setting next_dagrun for init_schema_airline to None, run_after=None
[2025-12-21T20:38:47.163+0000] {processor.py:208} INFO - Processing /opt/airflow/dags/init_schema.py took 0.119 seconds
[2025-12-21T20:39:02.858+0000] {processor.py:186} INFO - Started process (PID=2092) to work on /opt/airflow/dags/init_schema.py
[2025-12-21T20:39:02.860+0000] {processor.py:914} INFO - Processing file /opt/airflow/dags/init_schema.py for tasks to queue
[2025-12-21T20:39:02.865+0000] {logging_mixin.py:190} INFO - [2025-12-21T20:39:02.864+0000] {dagbag.py:588} INFO - Filling up the DagBag from /opt/airflow/dags/init_schema.py
[2025-12-21T20:39:02.880+0000] {processor.py:925} INFO - DAG(s) 'init_schema_airline' retrieved from /opt/airflow/dags/init_schema.py
[2025-12-21T20:39:02.901+0000] {logging_mixin.py:190} INFO - [2025-12-21T20:39:02.901+0000] {dag.py:3239} INFO - Sync 1 DAGs
[2025-12-21T20:39:02.935+0000] {logging_mixin.py:190} INFO - [2025-12-21T20:39:02.934+0000] {dag.py:4180} INFO - Setting next_dagrun for init_schema_airline to None, run_after=None
[2025-12-21T20:39:02.962+0000] {processor.py:208} INFO - Processing /opt/airflow/dags/init_schema.py took 0.112 seconds
[2025-12-21T20:39:33.201+0000] {processor.py:186} INFO - Started process (PID=2158) to work on /opt/airflow/dags/init_schema.py
[2025-12-21T20:39:33.203+0000] {processor.py:914} INFO - Processing file /opt/airflow/dags/init_schema.py for tasks to queue
[2025-12-21T20:39:33.208+0000] {logging_mixin.py:190} INFO - [2025-12-21T20:39:33.207+0000] {dagbag.py:588} INFO - Filling up the DagBag from /opt/airflow/dags/init_schema.py
[2025-12-21T20:39:33.223+0000] {processor.py:925} INFO - DAG(s) 'init_schema_airline' retrieved from /opt/airflow/dags/init_schema.py
[2025-12-21T20:39:33.260+0000] {logging_mixin.py:190} INFO - [2025-12-21T20:39:33.260+0000] {dag.py:3239} INFO - Sync 1 DAGs
[2025-12-21T20:39:33.283+0000] {logging_mixin.py:190} INFO - [2025-12-21T20:39:33.282+0000] {dag.py:4180} INFO - Setting next_dagrun for init_schema_airline to None, run_after=None
[2025-12-21T20:39:33.305+0000] {processor.py:208} INFO - Processing /opt/airflow/dags/init_schema.py took 0.115 seconds
[2025-12-21T20:41:48.947+0000] {processor.py:186} INFO - Started process (PID=2243) to work on /opt/airflow/dags/init_schema.py
[2025-12-21T20:41:49.265+0000] {processor.py:914} INFO - Processing file /opt/airflow/dags/init_schema.py for tasks to queue
[2025-12-21T20:41:49.777+0000] {logging_mixin.py:190} INFO - [2025-12-21T20:41:49.427+0000] {dagbag.py:588} INFO - Filling up the DagBag from /opt/airflow/dags/init_schema.py
[2025-12-21T20:43:20.831+0000] {processor.py:186} INFO - Started process (PID=2312) to work on /opt/airflow/dags/init_schema.py
[2025-12-21T20:43:20.832+0000] {processor.py:914} INFO - Processing file /opt/airflow/dags/init_schema.py for tasks to queue
[2025-12-21T20:43:20.834+0000] {logging_mixin.py:190} INFO - [2025-12-21T20:43:20.833+0000] {dagbag.py:588} INFO - Filling up the DagBag from /opt/airflow/dags/init_schema.py
[2025-12-21T20:43:20.842+0000] {processor.py:925} INFO - DAG(s) 'init_schema_airline' retrieved from /opt/airflow/dags/init_schema.py
[2025-12-21T20:43:20.964+0000] {logging_mixin.py:190} INFO - [2025-12-21T20:43:20.964+0000] {dag.py:3239} INFO - Sync 1 DAGs
[2025-12-21T20:43:20.994+0000] {logging_mixin.py:190} INFO - [2025-12-21T20:43:20.994+0000] {dag.py:4180} INFO - Setting next_dagrun for init_schema_airline to None, run_after=None
[2025-12-21T20:43:21.023+0000] {processor.py:208} INFO - Processing /opt/airflow/dags/init_schema.py took 0.199 seconds
[2025-12-21T20:43:51.224+0000] {processor.py:186} INFO - Started process (PID=2369) to work on /opt/airflow/dags/init_schema.py
[2025-12-21T20:43:51.225+0000] {processor.py:914} INFO - Processing file /opt/airflow/dags/init_schema.py for tasks to queue
[2025-12-21T20:43:51.227+0000] {logging_mixin.py:190} INFO - [2025-12-21T20:43:51.226+0000] {dagbag.py:588} INFO - Filling up the DagBag from /opt/airflow/dags/init_schema.py
[2025-12-21T20:43:51.238+0000] {processor.py:925} INFO - DAG(s) 'init_schema_airline' retrieved from /opt/airflow/dags/init_schema.py
[2025-12-21T20:43:51.261+0000] {logging_mixin.py:190} INFO - [2025-12-21T20:43:51.261+0000] {dag.py:3239} INFO - Sync 1 DAGs
[2025-12-21T20:43:51.291+0000] {logging_mixin.py:190} INFO - [2025-12-21T20:43:51.290+0000] {dag.py:4180} INFO - Setting next_dagrun for init_schema_airline to None, run_after=None
[2025-12-21T20:43:51.320+0000] {processor.py:208} INFO - Processing /opt/airflow/dags/init_schema.py took 0.103 seconds
[2025-12-21T20:44:21.786+0000] {processor.py:186} INFO - Started process (PID=2433) to work on /opt/airflow/dags/init_schema.py
[2025-12-21T20:44:21.788+0000] {processor.py:914} INFO - Processing file /opt/airflow/dags/init_schema.py for tasks to queue
[2025-12-21T20:44:21.792+0000] {logging_mixin.py:190} INFO - [2025-12-21T20:44:21.791+0000] {dagbag.py:588} INFO - Filling up the DagBag from /opt/airflow/dags/init_schema.py
[2025-12-21T20:44:21.804+0000] {processor.py:925} INFO - DAG(s) 'init_schema_airline' retrieved from /opt/airflow/dags/init_schema.py
[2025-12-21T20:44:21.843+0000] {logging_mixin.py:190} INFO - [2025-12-21T20:44:21.843+0000] {dag.py:3239} INFO - Sync 1 DAGs
[2025-12-21T20:44:21.889+0000] {logging_mixin.py:190} INFO - [2025-12-21T20:44:21.889+0000] {dag.py:4180} INFO - Setting next_dagrun for init_schema_airline to None, run_after=None
[2025-12-21T20:44:21.916+0000] {processor.py:208} INFO - Processing /opt/airflow/dags/init_schema.py took 0.144 seconds
[2025-12-21T20:44:52.486+0000] {processor.py:186} INFO - Started process (PID=2499) to work on /opt/airflow/dags/init_schema.py
[2025-12-21T20:44:52.488+0000] {processor.py:914} INFO - Processing file /opt/airflow/dags/init_schema.py for tasks to queue
[2025-12-21T20:44:52.490+0000] {logging_mixin.py:190} INFO - [2025-12-21T20:44:52.489+0000] {dagbag.py:588} INFO - Filling up the DagBag from /opt/airflow/dags/init_schema.py
[2025-12-21T20:44:52.501+0000] {processor.py:925} INFO - DAG(s) 'init_schema_airline' retrieved from /opt/airflow/dags/init_schema.py
[2025-12-21T20:44:52.529+0000] {logging_mixin.py:190} INFO - [2025-12-21T20:44:52.529+0000] {dag.py:3239} INFO - Sync 1 DAGs
[2025-12-21T20:44:52.572+0000] {logging_mixin.py:190} INFO - [2025-12-21T20:44:52.571+0000] {dag.py:4180} INFO - Setting next_dagrun for init_schema_airline to None, run_after=None
[2025-12-21T20:44:52.600+0000] {processor.py:208} INFO - Processing /opt/airflow/dags/init_schema.py took 0.121 seconds
[2025-12-21T20:45:22.833+0000] {processor.py:186} INFO - Started process (PID=2562) to work on /opt/airflow/dags/init_schema.py
[2025-12-21T20:45:22.834+0000] {processor.py:914} INFO - Processing file /opt/airflow/dags/init_schema.py for tasks to queue
[2025-12-21T20:45:22.836+0000] {logging_mixin.py:190} INFO - [2025-12-21T20:45:22.835+0000] {dagbag.py:588} INFO - Filling up the DagBag from /opt/airflow/dags/init_schema.py
[2025-12-21T20:45:22.844+0000] {processor.py:925} INFO - DAG(s) 'init_schema_airline' retrieved from /opt/airflow/dags/init_schema.py
[2025-12-21T20:45:22.863+0000] {logging_mixin.py:190} INFO - [2025-12-21T20:45:22.863+0000] {dag.py:3239} INFO - Sync 1 DAGs
[2025-12-21T20:45:22.886+0000] {logging_mixin.py:190} INFO - [2025-12-21T20:45:22.885+0000] {dag.py:4180} INFO - Setting next_dagrun for init_schema_airline to None, run_after=None
[2025-12-21T20:45:22.919+0000] {processor.py:208} INFO - Processing /opt/airflow/dags/init_schema.py took 0.091 seconds
[2025-12-21T20:45:53.016+0000] {processor.py:186} INFO - Started process (PID=2623) to work on /opt/airflow/dags/init_schema.py
[2025-12-21T20:45:53.018+0000] {processor.py:914} INFO - Processing file /opt/airflow/dags/init_schema.py for tasks to queue
[2025-12-21T20:45:53.022+0000] {logging_mixin.py:190} INFO - [2025-12-21T20:45:53.021+0000] {dagbag.py:588} INFO - Filling up the DagBag from /opt/airflow/dags/init_schema.py
[2025-12-21T20:45:53.038+0000] {processor.py:925} INFO - DAG(s) 'init_schema_airline' retrieved from /opt/airflow/dags/init_schema.py
[2025-12-21T20:45:53.064+0000] {logging_mixin.py:190} INFO - [2025-12-21T20:45:53.064+0000] {dag.py:3239} INFO - Sync 1 DAGs
[2025-12-21T20:45:53.099+0000] {logging_mixin.py:190} INFO - [2025-12-21T20:45:53.098+0000] {dag.py:4180} INFO - Setting next_dagrun for init_schema_airline to None, run_after=None
[2025-12-21T20:45:53.122+0000] {processor.py:208} INFO - Processing /opt/airflow/dags/init_schema.py took 0.119 seconds
[2025-12-21T20:46:23.800+0000] {processor.py:186} INFO - Started process (PID=2689) to work on /opt/airflow/dags/init_schema.py
[2025-12-21T20:46:23.803+0000] {processor.py:914} INFO - Processing file /opt/airflow/dags/init_schema.py for tasks to queue
[2025-12-21T20:46:23.806+0000] {logging_mixin.py:190} INFO - [2025-12-21T20:46:23.805+0000] {dagbag.py:588} INFO - Filling up the DagBag from /opt/airflow/dags/init_schema.py
[2025-12-21T20:46:23.820+0000] {processor.py:925} INFO - DAG(s) 'init_schema_airline' retrieved from /opt/airflow/dags/init_schema.py
[2025-12-21T20:46:23.842+0000] {logging_mixin.py:190} INFO - [2025-12-21T20:46:23.842+0000] {dag.py:3239} INFO - Sync 1 DAGs
[2025-12-21T20:46:23.866+0000] {logging_mixin.py:190} INFO - [2025-12-21T20:46:23.866+0000] {dag.py:4180} INFO - Setting next_dagrun for init_schema_airline to None, run_after=None
[2025-12-21T20:46:23.898+0000] {processor.py:208} INFO - Processing /opt/airflow/dags/init_schema.py took 0.110 seconds
[2025-12-21T20:46:54.626+0000] {processor.py:186} INFO - Started process (PID=2755) to work on /opt/airflow/dags/init_schema.py
[2025-12-21T20:46:54.627+0000] {processor.py:914} INFO - Processing file /opt/airflow/dags/init_schema.py for tasks to queue
[2025-12-21T20:46:54.629+0000] {logging_mixin.py:190} INFO - [2025-12-21T20:46:54.628+0000] {dagbag.py:588} INFO - Filling up the DagBag from /opt/airflow/dags/init_schema.py
[2025-12-21T20:46:54.642+0000] {processor.py:925} INFO - DAG(s) 'init_schema_airline' retrieved from /opt/airflow/dags/init_schema.py
[2025-12-21T20:46:54.665+0000] {logging_mixin.py:190} INFO - [2025-12-21T20:46:54.664+0000] {dag.py:3239} INFO - Sync 1 DAGs
[2025-12-21T20:46:54.689+0000] {logging_mixin.py:190} INFO - [2025-12-21T20:46:54.689+0000] {dag.py:4180} INFO - Setting next_dagrun for init_schema_airline to None, run_after=None
[2025-12-21T20:46:54.724+0000] {processor.py:208} INFO - Processing /opt/airflow/dags/init_schema.py took 0.107 seconds
[2025-12-21T20:47:25.419+0000] {processor.py:186} INFO - Started process (PID=2821) to work on /opt/airflow/dags/init_schema.py
[2025-12-21T20:47:25.421+0000] {processor.py:914} INFO - Processing file /opt/airflow/dags/init_schema.py for tasks to queue
[2025-12-21T20:47:25.423+0000] {logging_mixin.py:190} INFO - [2025-12-21T20:47:25.422+0000] {dagbag.py:588} INFO - Filling up the DagBag from /opt/airflow/dags/init_schema.py
[2025-12-21T20:47:25.436+0000] {processor.py:925} INFO - DAG(s) 'init_schema_airline' retrieved from /opt/airflow/dags/init_schema.py
[2025-12-21T20:47:25.457+0000] {logging_mixin.py:190} INFO - [2025-12-21T20:47:25.457+0000] {dag.py:3239} INFO - Sync 1 DAGs
[2025-12-21T20:47:25.488+0000] {logging_mixin.py:190} INFO - [2025-12-21T20:47:25.487+0000] {dag.py:4180} INFO - Setting next_dagrun for init_schema_airline to None, run_after=None
[2025-12-21T20:47:25.519+0000] {processor.py:208} INFO - Processing /opt/airflow/dags/init_schema.py took 0.106 seconds
[2025-12-21T20:47:55.748+0000] {processor.py:186} INFO - Started process (PID=2887) to work on /opt/airflow/dags/init_schema.py
[2025-12-21T20:47:55.750+0000] {processor.py:914} INFO - Processing file /opt/airflow/dags/init_schema.py for tasks to queue
[2025-12-21T20:47:55.753+0000] {logging_mixin.py:190} INFO - [2025-12-21T20:47:55.752+0000] {dagbag.py:588} INFO - Filling up the DagBag from /opt/airflow/dags/init_schema.py
[2025-12-21T20:47:55.771+0000] {processor.py:925} INFO - DAG(s) 'init_schema_airline' retrieved from /opt/airflow/dags/init_schema.py
[2025-12-21T20:47:55.800+0000] {logging_mixin.py:190} INFO - [2025-12-21T20:47:55.800+0000] {dag.py:3239} INFO - Sync 1 DAGs
[2025-12-21T20:47:55.839+0000] {logging_mixin.py:190} INFO - [2025-12-21T20:47:55.839+0000] {dag.py:4180} INFO - Setting next_dagrun for init_schema_airline to None, run_after=None
