[2025-12-21T20:39:15.236+0000] {local_task_job_runner.py:123} INFO - ::group::Pre task execution logs
[2025-12-21T20:39:15.400+0000] {taskinstance.py:2614} INFO - Dependencies all met for dep_context=non-requeueable deps ti=<TaskInstance: init_schema_airline.create_transfers_table manual__2025-12-21T20:39:12.825416+00:00 [queued]>
[2025-12-21T20:39:15.411+0000] {taskinstance.py:2614} INFO - Dependencies all met for dep_context=requeueable deps ti=<TaskInstance: init_schema_airline.create_transfers_table manual__2025-12-21T20:39:12.825416+00:00 [queued]>
[2025-12-21T20:39:15.412+0000] {taskinstance.py:2867} INFO - Starting attempt 1 of 1
[2025-12-21T20:39:15.432+0000] {taskinstance.py:2890} INFO - Executing <Task(PostgresOperator): create_transfers_table> on 2025-12-21 20:39:12.825416+00:00
[2025-12-21T20:39:15.438+0000] {warnings.py:112} WARNING - /home/***/.local/lib/python3.12/site-packages/***/task/task_runner/standard_task_runner.py:70: DeprecationWarning: This process (pid=285) is multi-threaded, use of fork() may lead to deadlocks in the child.
  pid = os.fork()

[2025-12-21T20:39:15.441+0000] {standard_task_runner.py:72} INFO - Started process 287 to run task
[2025-12-21T20:39:15.441+0000] {standard_task_runner.py:104} INFO - Running: ['***', 'tasks', 'run', 'init_schema_airline', 'create_transfers_table', 'manual__2025-12-21T20:39:12.825416+00:00', '--job-id', '6', '--raw', '--subdir', 'DAGS_FOLDER/init_schema.py', '--cfg-path', '/tmp/tmp3my0wdly']
[2025-12-21T20:39:15.442+0000] {standard_task_runner.py:105} INFO - Job 6: Subtask create_transfers_table
[2025-12-21T20:39:15.503+0000] {task_command.py:467} INFO - Running <TaskInstance: init_schema_airline.create_transfers_table manual__2025-12-21T20:39:12.825416+00:00 [running]> on host c02cc3ae2ef1
[2025-12-21T20:39:15.609+0000] {taskinstance.py:3134} INFO - Exporting env vars: AIRFLOW_CTX_DAG_OWNER='***' AIRFLOW_CTX_DAG_ID='init_schema_airline' AIRFLOW_CTX_TASK_ID='create_transfers_table' AIRFLOW_CTX_EXECUTION_DATE='2025-12-21T20:39:12.825416+00:00' AIRFLOW_CTX_TRY_NUMBER='1' AIRFLOW_CTX_DAG_RUN_ID='manual__2025-12-21T20:39:12.825416+00:00'
[2025-12-21T20:39:15.611+0000] {logging_mixin.py:190} INFO - Task instance is in running state
[2025-12-21T20:39:15.612+0000] {logging_mixin.py:190} INFO -  Previous state of the Task instance: queued
[2025-12-21T20:39:15.613+0000] {logging_mixin.py:190} INFO - Current task name:create_transfers_table state:running start_date:2025-12-21 20:39:15.400917+00:00
[2025-12-21T20:39:15.613+0000] {logging_mixin.py:190} INFO - Dag name:init_schema_airline and current dag run status:running
[2025-12-21T20:39:15.614+0000] {taskinstance.py:732} INFO - ::endgroup::
[2025-12-21T20:39:15.615+0000] {sql.py:295} INFO - Executing: 
        -- Создаём схему для логистических данных
        CREATE SCHEMA IF NOT EXISTS logistic;
        
        -- Создаём таблицу рейсов
        -- Важно: поле "from" является зарезервированным словом SQL, поэтому берётся в кавычки
        CREATE TABLE IF NOT EXISTS logistic.transfers (
            id BIGINT PRIMARY KEY,
            "from" TEXT NOT NULL,    -- Аэропорт отправления
            "to" TEXT NOT NULL,      -- Аэропорт прибытия
            departure_date DATE NOT NULL,  -- Дата отправления
            arriving_date DATE NOT NULL    -- Дата прибытия
        );
        
[2025-12-21T20:39:15.629+0000] {base.py:84} INFO - Retrieving connection '***_db'
[2025-12-21T20:39:15.643+0000] {base.py:84} INFO - Retrieving connection '***_db'
[2025-12-21T20:39:15.644+0000] {sql.py:186} WARNING - This setter is for backward compatibility and should not be used.
Since the introduction of connection property, the providers listed below breaks due to assigning value to self.connection in their __init__ method.
* apache-***-providers-mysql<5.7.1
* apache-***-providers-elasticsearch<5.5.1
* apache-***-providers-postgres<5.13.0
[2025-12-21T20:39:15.650+0000] {sql.py:511} INFO - Running statement: 
        -- Создаём схему для логистических данных
        CREATE SCHEMA IF NOT EXISTS logistic;
        
        -- Создаём таблицу рейсов
        -- Важно: поле "from" является зарезервированным словом SQL, поэтому берётся в кавычки
        CREATE TABLE IF NOT EXISTS logistic.transfers (
            id BIGINT PRIMARY KEY,
            "from" TEXT NOT NULL,    -- Аэропорт отправления
            "to" TEXT NOT NULL,      -- Аэропорт прибытия
            departure_date DATE NOT NULL,  -- Дата отправления
            arriving_date DATE NOT NULL    -- Дата прибытия
        );
        , parameters: None
[2025-12-21T20:39:15.685+0000] {warnings.py:112} WARNING - /home/***/.local/lib/python3.12/site-packages/***/providers/common/sql/hooks/sql.py:470: DeprecationWarning: Import of fetch_all_handler from the '***.providers.common.sql.hooks' module is deprecated and will
be removed in the future. Please import it from '***.providers.common.sql.hooks.handlers'.
  result = self._make_common_data_structure(handler(cur))

[2025-12-21T20:39:15.691+0000] {warnings.py:112} WARNING - /home/***/.local/lib/python3.12/site-packages/***/providers/common/sql/hooks/sql.py:471: DeprecationWarning: Import of return_single_query_results from the '***.providers.common.sql.hooks' module is deprecated and will
be removed in the future. Please import it from '***.providers.common.sql.hooks.handlers'.
  if return_single_query_results(sql, return_last, split_statements):

[2025-12-21T20:39:15.698+0000] {warnings.py:112} WARNING - /home/***/.local/lib/python3.12/site-packages/***/providers/common/sql/hooks/sql.py:486: DeprecationWarning: Import of return_single_query_results from the '***.providers.common.sql.hooks' module is deprecated and will
be removed in the future. Please import it from '***.providers.common.sql.hooks.handlers'.
  if return_single_query_results(sql, return_last, split_statements):

[2025-12-21T20:39:15.700+0000] {warnings.py:112} WARNING - /home/***/.local/lib/python3.12/site-packages/***/providers/common/sql/operators/sql.py:311: DeprecationWarning: Import of return_single_query_results from the '***.providers.common.sql.hooks' module is deprecated and will
be removed in the future. Please import it from '***.providers.common.sql.hooks.handlers'.
  if return_single_query_results(self.sql, self.return_last, self.split_statements):

[2025-12-21T20:39:15.719+0000] {taskinstance.py:341} INFO - ::group::Post task execution logs
[2025-12-21T20:39:15.721+0000] {taskinstance.py:353} INFO - Marking task as SUCCESS. dag_id=init_schema_airline, task_id=create_transfers_table, run_id=manual__2025-12-21T20:39:12.825416+00:00, execution_date=20251221T203912, start_date=20251221T203915, end_date=20251221T203915
[2025-12-21T20:39:15.759+0000] {logging_mixin.py:190} INFO - Task instance in success state
[2025-12-21T20:39:15.760+0000] {logging_mixin.py:190} INFO -  Previous state of the Task instance: running
[2025-12-21T20:39:15.760+0000] {logging_mixin.py:190} INFO - Dag name:init_schema_airline queued_at:2025-12-21 20:39:12.849446+00:00
[2025-12-21T20:39:15.761+0000] {logging_mixin.py:190} INFO - Task hostname:c02cc3ae2ef1 operator:PostgresOperator
[2025-12-21T20:39:15.789+0000] {local_task_job_runner.py:266} INFO - Task exited with return code 0
[2025-12-21T20:39:15.819+0000] {taskinstance.py:3901} INFO - 1 downstream tasks scheduled from follow-on schedule check
[2025-12-21T20:39:15.825+0000] {local_task_job_runner.py:245} INFO - ::endgroup::
